#
# A fatal error has been detected by the Java Runtime Environment:
#
#  SIGBUS (0xa) at pc=0x00007ff80e56d6e3, pid=64324, tid=259
#
# JRE version: OpenJDK Runtime Environment Temurin-17.0.3+7 (17.0.3+7) (build 17.0.3+7)
# Java VM: OpenJDK 64-Bit Server VM Temurin-17.0.3+7 (17.0.3+7, mixed mode, sharing, tiered, compressed oops, compressed class ptrs, g1 gc, bsd-amd64)
# Problematic frame:
# C  [CoreGraphics+0xc6e3]  ERROR_CGDataProvider_BufferIsNotReadable+0x23
#
# No core dump will be written. Core dumps have been disabled. To enable core dumping, try "ulimit -c unlimited" before starting Java again
#
# If you would like to submit a bug report, please visit:
#   https://github.com/adoptium/adoptium-support/issues
# The crash happened outside the Java Virtual Machine in native code.
# See problematic frame for where to report the bug.
#

---------------  S U M M A R Y ------------

Command Line: -Dfile.encoding=UTF-8 -Duser.country=HK -Duser.language=zh -Duser.variant --module-path=/Users/leowong/IdeaProjects/SpaceX-Invader/build/libs/SpaceX-Invader-1.0-SNAPSHOT.jar:/Users/leowong/IdeaProjects/SpaceX-Invader/build/classes/java/main:/Users/leowong/.gradle/caches/modules-2/files-2.1/org.openjfx/javafx-fxml/17.0.2/9c41e4ab330cfae0c3b3dad0967df939f5ef898/javafx-fxml-17.0.2-mac.jar:/Users/leowong/.gradle/caches/modules-2/files-2.1/org.openjfx/javafx-controls/17.0.2/398f6e8c33d1edade15d7a5fddd32ed522130859/javafx-controls-17.0.2-mac.jar:/Users/leowong/.gradle/caches/modules-2/files-2.1/org.openjfx/javafx-controls/17.0.2/f52640ea07a0d7fe2ac8b9f945ec58fa22ac1afd/javafx-controls-17.0.2.jar:/Users/leowong/.gradle/caches/modules-2/files-2.1/org.openjfx/javafx-media/17.0.2/262deafe877eb703ef7391b16f71296f6743fcfd/javafx-media-17.0.2-mac.jar:/Users/leowong/.gradle/caches/modules-2/files-2.1/org.openjfx/javafx-graphics/17.0.2/d9083118587a9d6df8a530bdc7986bb6baa57a64/javafx-graphics-17.0.2-mac.jar:/Users/leowong/.gradle/caches/modules-2/files-2.1/org.openjfx/javafx-graphics/17.0.2/1eb7ce07e07ccc2fcb26103f07535e72069519d6/javafx-graphics-17.0.2.jar:/Users/leowong/.gradle/caches/modules-2/files-2.1/org.openjfx/javafx-base/17.0.2/b0f45ac4f08692d900dea7944663b5480d38b2cd/javafx-base-17.0.2-mac.jar:/Users/leowong/.gradle/caches/modules-2/files-2.1/org.openjfx/javafx-base/17.0.2/ca46f15a306175ac1513211e1d190a5baacd77cc/javafx-base-17.0.2.jar:/Users/leowong/.gradle/caches/modules-2/files-2.1/org.kordamp.bootstrapfx/bootstrapfx-core/0.4.0/8d019b30266c00770cf29921d1008ad7feed0ed6/bootstrapfx-core-0.4.0.jar:/Users/leowong/.gradle/caches/modules-2/files-2.1/com.github.almasb/fxgl/17.2/35db6ae960eec2dcfd19262d3b7f9c42f0e95bc3/fxgl-17.2.jar:/Users/leowong/.gradle/caches/modules-2/files-2.1/com.github.almasb/fxgl-io/17.2/aa1cb154ec24f8868c834570ea53faa2902dcd89/fxgl-io-17.2.jar:/Users/leowong/.gradle/caches/modules-2/files-2.1/com.github.almasb/fxgl-entity/17.2/3692459cbcd9d787c1124071f7beefef05f70c6e/fxgl-entity-17.2.jar:/Users/leowong/.gradle/caches/modul-Djdk.module.main=spacexinvader spacexinvader/com.ood.spacexinvader.GameStart

Host: "MacBookPro16,2" x86_64 2000 MHz, 8 cores, 16G, Darwin 22.2.0, macOS 10.16 (22C65)
Time: Fri Mar  3 15:33:03 2023 CST elapsed time: 6.739622 seconds (0d 0h 0m 6s)

---------------  T H R E A D  ---------------

Current thread (0x00007fd0b193b000):  JavaThread "JavaFX Application Thread" [_thread_in_native, id=259, stack(0x00007ff7ba382000,0x00007ff7bab82000)]

Stack: [0x00007ff7ba382000,0x00007ff7bab82000],  sp=0x00007ff7bab7b9c0,  free space=8166k
Native frames: (J=compiled Java code, j=interpreted, Vv=VM code, C=native code)
C  [CoreGraphics+0xc6e3]  ERROR_CGDataProvider_BufferIsNotReadable+0x23
C  [CoreGraphics+0xc57f]  CGDataProviderRetainBytePtr+0x111
C  [CoreGraphics+0x207044]  CGDataProviderCreateProtectedCopy+0x13
C  [CoreGraphics+0x1b961b]  CGImageCreateCopyWithProtectedDataProvider+0x3e
C  [CoreGraphics+0x37e73]  CGContextDrawImageWithOptions+0x111
C  [SkyLight+0x21832e]  SLSRegisterCursorWithImages+0x386
C  [AppKit+0x1cf8fd]  -[NSCursor _reallySet]+0x240
C  [AppKit+0x1cf671]  -[NSCursor set]+0xb2
C  [libglass.dylib+0x516f]  Java_com_sun_glass_ui_mac_MacCursor__1setCustom+0x11f
j  com.sun.glass.ui.mac.MacCursor._setCustom(J)V+0 javafx.graphics
j  com.sun.glass.ui.mac.MacCursor.set()V+60 javafx.graphics
j  com.sun.glass.ui.mac.MacWindow._setCursor(JLcom/sun/glass/ui/Cursor;)V+4 javafx.graphics
j  com.sun.glass.ui.Window.setCursor(Lcom/sun/glass/ui/Cursor;)V+9 javafx.graphics
j  com.sun.javafx.tk.quantum.ViewScene.lambda$setCursor$1(Ljava/lang/Object;)V+34 javafx.graphics
j  com.sun.javafx.tk.quantum.ViewScene$$Lambda$243+0x0000000800d95d48.run()V+8 javafx.graphics
j  com.sun.glass.ui.InvokeLaterDispatcher$Future.run()V+4 javafx.graphics
v  ~StubRoutines::call_stub
V  [libjvm.dylib+0x51b076]  JavaCalls::call_helper(JavaValue*, methodHandle const&, JavaCallArguments*, JavaThread*)+0x2b6
V  [libjvm.dylib+0x5761e5]  jni_invoke_nonstatic(JNIEnv_*, JavaValue*, _jobject*, JNICallType, _jmethodID*, JNI_ArgumentPusher*, JavaThread*)+0x2d5
V  [libjvm.dylib+0x57a740]  jni_CallVoidMethod+0x1a0
C  [libglass.dylib+0x8251]  -[GlassRunnable run]+0x61
C  [Foundation+0x7f420]  __NSThreadPerformPerform+0xb1
C  [CoreFoundation+0x7fb98]  __CFRUNLOOP_IS_CALLING_OUT_TO_A_SOURCE0_PERFORM_FUNCTION__+0x11
C  [CoreFoundation+0x7fb47]  __CFRunLoopDoSource0+0x9d
C  [CoreFoundation+0x7f921]  __CFRunLoopDoSources0+0xd4
C  [CoreFoundation+0x7e59b]  __CFRunLoopRun+0x3a1
C  [CoreFoundation+0x7db80]  CFRunLoopRunSpecific+0x230
C  [HIToolbox+0x2f766]  RunCurrentEventLoopInMode+0x124
C  [HIToolbox+0x2f576]  ReceiveNextEventCommon+0x2a7
C  [HIToolbox+0x2f2b3]  _BlockUntilNextEventMatchingListInModeWithFilter+0x46
C  [AppKit+0x3df33]  _DPSNextEvent+0x38d
C  [AppKit+0x3cdb4]  -[NSApplication(NSEvent) _nextEventMatchingEventMask:untilDate:inMode:dequeue:]+0x4c3
C  [AppKit+0x2f3f7]  -[NSApplication run]+0x24a
C  [libglass.dylib+0xa265]  -[GlassApplication runLoop:]+0x795
C  [Foundation+0x7f420]  __NSThreadPerformPerform+0xb1
C  [CoreFoundation+0x7fb98]  __CFRUNLOOP_IS_CALLING_OUT_TO_A_SOURCE0_PERFORM_FUNCTION__+0x11
C  [CoreFoundation+0x7fb47]  __CFRunLoopDoSource0+0x9d
C  [CoreFoundation+0x7f921]  __CFRunLoopDoSources0+0xd4
C  [CoreFoundation+0x7e59b]  __CFRunLoopRun+0x3a1
C  [CoreFoundation+0x7db80]  CFRunLoopRunSpecific+0x230
C  [libjli.dylib+0x6e82]  CreateExecutionEnvironment+0x192
C  [libjli.dylib+0x26a8]  JLI_Launch+0x5d8
C  [java+0xc0e]  main+0x19e
C  [dyld+0x6310]  start+0x980

Java frames: (J=compiled Java code, j=interpreted, Vv=VM code)
j  com.sun.glass.ui.mac.MacCursor._setCustom(J)V+0 javafx.graphics
j  com.sun.glass.ui.mac.MacCursor.set()V+60 javafx.graphics
j  com.sun.glass.ui.mac.MacWindow._setCursor(JLcom/sun/glass/ui/Cursor;)V+4 javafx.graphics
j  com.sun.glass.ui.Window.setCursor(Lcom/sun/glass/ui/Cursor;)V+9 javafx.graphics
j  com.sun.javafx.tk.quantum.ViewScene.lambda$setCursor$1(Ljava/lang/Object;)V+34 javafx.graphics
j  com.sun.javafx.tk.quantum.ViewScene$$Lambda$243+0x0000000800d95d48.run()V+8 javafx.graphics
j  com.sun.glass.ui.InvokeLaterDispatcher$Future.run()V+4 javafx.graphics
v  ~StubRoutines::call_stub

siginfo: si_signo: 10 (SIGBUS), si_code: 2 (BUS_ADRERR), si_addr: 0x000000070fd3f840

Register to memory mapping:

RAX=0x000000070fd3f840 is an unallocated location in the heap
RBX=0x00007fd0b0240a20 points into unknown readable memory: 0x011dfff84cdc63f1 | f1 63 dc 4c f8 ff 1d 01
RCX=0x00000000000120a8 is an unknown value
RDX=0x0000000000000008 is an unknown value
RSP=0x00007ff7bab7b9c0 is pointing into the stack for thread: 0x00007fd0b193b000
RBP=0x00007ff7bab7b9d0 is pointing into the stack for thread: 0x00007fd0b193b000
RSI=0x0 is NULL
RDI=0x000000070fd3f840 is an unallocated location in the heap
R8 =0x0000000000d79562 is an unknown value
R9 =0x00000000000020a8 is an unknown value
R10=0x00007fd0b0240af0 points into unknown readable memory: 0x0000000000000002 | 02 00 00 00 00 00 00 00
R11=0x00006000036ff218 points into unknown readable memory: 0x00000000a4416040 | 40 60 41 a4 00 00 00 00
R12=0x00007fd0b0240a20 points into unknown readable memory: 0x011dfff84cdc63f1 | f1 63 dc 4c f8 ff 1d 01
R13=0x00006000001d1740 points into unknown readable memory: 0x011dfff84cdc63f1 | f1 63 dc 4c f8 ff 1d 01
R14=0x00007fd0b0240ad0 points into unknown readable memory: 0x000000004d555458 | 58 54 55 4d 00 00 00 00
R15=0x0 is NULL


Registers:
RAX=0x000000070fd3f840, RBX=0x00007fd0b0240a20, RCX=0x00000000000120a8, RDX=0x0000000000000008
RSP=0x00007ff7bab7b9c0, RBP=0x00007ff7bab7b9d0, RSI=0x0000000000000000, RDI=0x000000070fd3f840
R8 =0x0000000000d79562, R9 =0x00000000000020a8, R10=0x00007fd0b0240af0, R11=0x00006000036ff218
R12=0x00007fd0b0240a20, R13=0x00006000001d1740, R14=0x00007fd0b0240ad0, R15=0x0000000000000000
RIP=0x00007ff80e56d6e3, EFLAGS=0x0000000000010246, ERR=0x0000000000000004
  TRAPNO=0x000000000000000e

Top of Stack: (sp=0x00007ff7bab7b9c0)
0x00007ff7bab7b9c0:   000000070fd3f840 00007fd0b0240a20
0x00007ff7bab7b9d0:   00007ff7bab7ba00 00007ff80e56d57f
0x00007ff7bab7b9e0:   0000000000000000 00007fd0b0240b40
0x00007ff7bab7b9f0:   00007fd0b0240b40 0000000000000000
0x00007ff7bab7ba00:   00007ff7bab7ba30 00007ff80e768044
0x00007ff7bab7ba10:   00007fd0b0240b40 00006000001d1740
0x00007ff7bab7ba20:   00007fd0b0240b40 0000000000000000
0x00007ff7bab7ba30:   00007ff7bab7ba50 00007ff80e71a61b
0x00007ff7bab7ba40:   00007ff7bab7bb90 00007fd0b0240b40
0x00007ff7bab7ba50:   00007ff7bab7bb80 00007ff80e598e73
0x00007ff7bab7ba60:   0000000000000000 0000000000000000
0x00007ff7bab7ba70:   4049800000000000 4048800000000000
0x00007ff7bab7ba80:   00007fd000000000 000000010541001c
0x00007ff7bab7ba90:   00007fd0af75cc00 000000000000000f
0x00007ff7bab7baa0:   0000600000de7590 00006000006ca5b0
0x00007ff7bab7bab0:   00006000006ca5b0 00006000006ca5b0
0x00007ff7bab7bac0:   00007ff7bab7bb20 00007ff80e5b96d5
0x00007ff7bab7bad0:   4e5c10ce045a00d4 00006000006ca370
0x00007ff7bab7bae0:   00006000001d1740 0000000000000033
0x00007ff7bab7baf0:   00007ff8092ee6c3 00006000001d1740
0x00007ff7bab7bb00:   00006000001d1740 0000000000000033
0x00007ff7bab7bb10:   00006000006ca5b0 00007fd0af734e10
0x00007ff7bab7bb20:   00007ff7bab7bb80 00007ff80e5b93e8
0x00007ff7bab7bb30:   0000000000000020 00000000000000cc
0x00007ff7bab7bb40:   0000600001729040 00006000001d1680
0x00007ff7bab7bb50:   4e5c10ce045a00d4 0000000000000031
0x00007ff7bab7bb60:   00006000001d1740 0000000000000033
0x00007ff7bab7bb70:   0000000000000000 00007ff7bab7bd0c
0x00007ff7bab7bb80:   00007ff7bab7c620 00007ff80e38f32e
0x00007ff7bab7bb90:   0000000000000000 0000000000000000
0x00007ff7bab7bba0:   4049800000000000 4048800000000000
0x00007ff7bab7bbb0:   401c000000000000 0000000000000000 

Instructions: (pc=0x00007ff80e56d6e3)
0x00007ff80e56d5e3:   00 75 0e 48 8d 35 c9 2c 6e 00 eb 0c 45 31 f6 eb
0x00007ff80e56d5f3:   1f 48 8d 35 dd 2c 6e 00 bf 03 00 00 00 48 89 da
0x00007ff80e56d603:   31 c0 e8 19 4c 49 00 e8 d5 24 44 00 84 c0 75 0e
0x00007ff80e56d613:   44 89 f0 48 83 c4 08 5b 41 5e 41 5f 5d c3 e8 e7
0x00007ff80e56d623:   a4 4f 00 eb eb 48 8d 3d e1 bb e0 3c 48 8d 35 ea
0x00007ff80e56d633:   d7 31 3e e8 17 f6 4f 00 eb 8f 90 90 90 90 90 90
0x00007ff80e56d643:   90 90 90 90 90 90 90 55 48 89 e5 5d e9 70 ed 4f
0x00007ff80e56d653:   00 90 90 90 90 90 90 90 90 90 55 48 89 e5 53 50
0x00007ff80e56d663:   48 89 fb 48 83 3d c2 7f 89 3e ff 75 33 80 3d b1
0x00007ff80e56d673:   bb e0 3c 00 74 21 48 85 db 74 1c 48 8b bb 10 01
0x00007ff80e56d683:   00 00 48 85 ff 74 10 be 00 01 00 08 48 83 c4 08
0x00007ff80e56d693:   5b 5d e9 70 ef 4f 00 31 c0 48 83 c4 08 5b 5d c3
0x00007ff80e56d6a3:   48 8d 3d 86 7f 89 3e 48 8d 35 ef d7 31 3e e8 9c
0x00007ff80e56d6b3:   f5 4f 00 eb b8 0f 1f 84 00 00 00 00 00 55 48 89
0x00007ff80e56d6c3:   e5 48 83 ec 10 48 89 7d f0 c6 45 ff 00 e8 21 00
0x00007ff80e56d6d3:   00 00 24 01 0f b6 c0 83 f8 01 75 09 48 8b 45 f0
0x00007ff80e56d6e3:   8a 00 88 45 ff 48 83 c4 10 5d c3 66 90 90 90 90
0x00007ff80e56d6f3:   90 90 90 55 48 89 e5 48 83 3d 3e 7f 89 3e ff 75
0x00007ff80e56d703:   08 8a 05 2e 7f 89 3e 5d c3 48 8d 3d 2d 7f 89 3e
0x00007ff80e56d713:   48 8d 35 c6 d7 31 3e e8 33 f5 4f 00 eb e3 55 48
0x00007ff80e56d723:   89 e5 48 bf 01 00 00 00 02 0d 0a 00 e8 66 f5 4f
0x00007ff80e56d733:   00 88 05 fe 7e 89 3e 5d c3 90 90 90 90 55 48 89
0x00007ff80e56d743:   e5 48 83 ec 20 48 89 7d e8 48 89 75 f0 c6 45 ff
0x00007ff80e56d753:   00 e8 9d ff ff ff 24 01 0f b6 c0 83 f8 01 75 0e
0x00007ff80e56d763:   48 8b 45 e8 48 8b 4d f0 8a 04 08 88 45 ff 48 83
0x00007ff80e56d773:   c4 20 5d c3 90 90 90 90 90 90 90 90 90 90 90 90
0x00007ff80e56d783:   90 48 85 ff 74 12 55 48 89 e5 48 8d 05 d1 c1 04
0x00007ff80e56d793:   00 48 39 47 50 5d 74 03 31 c0 c3 b0 01 c3 90 90
0x00007ff80e56d7a3:   90 90 90 48 85 ff 74 12 55 48 89 e5 48 8d 05 94
0x00007ff80e56d7b3:   fe ff ff 48 39 47 50 5d 74 03 31 c0 c3 b0 01 c3
0x00007ff80e56d7c3:   90 90 90 90 55 48 89 e5 41 56 53 48 85 ff 74 61
0x00007ff80e56d7d3:   48 89 fb 48 83 7f 50 00 74 57 48 83 bb 00 01 00 


Stack slot to memory mapping:
stack at sp + 0 slots: 0x000000070fd3f840 is an unallocated location in the heap
stack at sp + 1 slots: 0x00007fd0b0240a20 points into unknown readable memory: 0x011dfff84cdc63f1 | f1 63 dc 4c f8 ff 1d 01
stack at sp + 2 slots: 0x00007ff7bab7ba00 is pointing into the stack for thread: 0x00007fd0b193b000
stack at sp + 3 slots: 0x00007ff80e56d57f: CGDataProviderRetainBytePtr+0x111 in /System/Library/Frameworks/CoreGraphics.framework/Versions/A/CoreGraphics at 0x00007ff80e561000
stack at sp + 4 slots: 0x0 is NULL
stack at sp + 5 slots: 0x00007fd0b0240b40 points into unknown readable memory: 0x011dfff84cdc63f1 | f1 63 dc 4c f8 ff 1d 01
stack at sp + 6 slots: 0x00007fd0b0240b40 points into unknown readable memory: 0x011dfff84cdc63f1 | f1 63 dc 4c f8 ff 1d 01
stack at sp + 7 slots: 0x0 is NULL


---------------  P R O C E S S  ---------------

Threads class SMR info:
_java_thread_list=0x00006000035d2100, length=24, elements={
0x00007fd0b1813a00, 0x00007fd0af822c00, 0x00007fd0b480ba00, 0x00007fd0b480c000,
0x00007fd0b18c5e00, 0x00007fd0b18c6400, 0x00007fd0b18c4800, 0x00007fd0b18c4e00,
0x00007fd0b18c1000, 0x00007fd0b480b200, 0x00007fd0b0813000, 0x00007fd0af81d800,
0x00007fd0b3875600, 0x00007fd0af958c00, 0x00007fd0b193b000, 0x00007fd0b0a46e00,
0x00007fd0b2137000, 0x00007fd0b0a9fa00, 0x00007fd0b10ed600, 0x00007fd0b4ab9200,
0x00007fd0afafaa00, 0x00007fd0af9b1600, 0x00007fd0b0d85000, 0x00007fd0b3a10400
}

Java Threads: ( => current thread )
  0x00007fd0b1813a00 JavaThread "main" [_thread_blocked, id=6403, stack(0x0000700002eea000,0x0000700002fea000)]
  0x00007fd0af822c00 JavaThread "Reference Handler" daemon [_thread_blocked, id=19203, stack(0x00007000035ff000,0x00007000036ff000)]
  0x00007fd0b480ba00 JavaThread "Finalizer" daemon [_thread_blocked, id=18435, stack(0x0000700003702000,0x0000700003802000)]
  0x00007fd0b480c000 JavaThread "Signal Dispatcher" daemon [_thread_blocked, id=23043, stack(0x000070000390b000,0x0000700003a0b000)]
  0x00007fd0b18c5e00 JavaThread "Service Thread" daemon [_thread_blocked, id=31235, stack(0x0000700003a0e000,0x0000700003b0e000)]
  0x00007fd0b18c6400 JavaThread "Monitor Deflation Thread" daemon [_thread_blocked, id=23555, stack(0x0000700003b11000,0x0000700003c11000)]
  0x00007fd0b18c4800 JavaThread "C2 CompilerThread0" daemon [_thread_blocked, id=30723, stack(0x0000700003c14000,0x0000700003d14000)]
  0x00007fd0b18c4e00 JavaThread "C1 CompilerThread0" daemon [_thread_blocked, id=30467, stack(0x0000700003d17000,0x0000700003e17000)]
  0x00007fd0b18c1000 JavaThread "Sweeper thread" daemon [_thread_blocked, id=24579, stack(0x0000700003e1a000,0x0000700003f1a000)]
  0x00007fd0b480b200 JavaThread "Common-Cleaner" daemon [_thread_blocked, id=25091, stack(0x0000700003f1d000,0x000070000401d000)]
  0x00007fd0b0813000 JavaThread "Notification Thread" daemon [_thread_blocked, id=29955, stack(0x0000700004020000,0x0000700004120000)]
  0x00007fd0af81d800 JavaThread "JavaFX-Launcher" [_thread_blocked, id=29443, stack(0x0000700004226000,0x0000700004326000)]
  0x00007fd0b3875600 JavaThread "QuantumRenderer-0" daemon [_thread_blocked, id=26115, stack(0x0000700004329000,0x0000700004429000)]
  0x00007fd0af958c00 JavaThread "InvokeLaterDispatcher" daemon [_thread_blocked, id=34827, stack(0x000070000442c000,0x000070000452c000)]
=>0x00007fd0b193b000 JavaThread "JavaFX Application Thread" [_thread_in_native, id=259, stack(0x00007ff7ba382000,0x00007ff7bab82000)]
  0x00007fd0b0a46e00 JavaThread "FXGL Background Thread 1" daemon [_thread_blocked, id=80391, stack(0x0000700004cca000,0x0000700004dca000)]
  0x00007fd0b2137000 JavaThread "Prism Font Disposer" daemon [_thread_blocked, id=75531, stack(0x0000700004a3e000,0x0000700004b3e000)]
  0x00007fd0b0a9fa00 JavaThread "FXGL Background Thread 2" daemon [_thread_blocked, id=75807, stack(0x0000700004dcd000,0x0000700004ecd000)]
  0x00007fd0b10ed600 JavaThread "FXGL Background Thread 3" daemon [_thread_blocked, id=53527, stack(0x0000700004ed0000,0x0000700004fd0000)]
  0x00007fd0b4ab9200 JavaThread "FXGL Background Thread 4" daemon [_thread_blocked, id=83531, stack(0x0000700005056000,0x0000700005156000)]
  0x00007fd0afafaa00 JavaThread "PulseTimer-CVDisplayLink thread" daemon [_thread_in_native, id=89347, stack(0x000070000535f000,0x00007000053df000)]
  0x00007fd0af9b1600 JavaThread "Cleaner-0" daemon [_thread_blocked, id=130827, stack(0x00007000058f1000,0x00007000059f1000)]
  0x00007fd0b0d85000 JavaThread "Keep-Alive-SocketCleaner" daemon [_thread_blocked, id=2095, stack(0x0000700005af7000,0x0000700005bf7000)]
  0x00007fd0b3a10400 JavaThread "Keep-Alive-Timer" daemon [_thread_blocked, id=92943, stack(0x0000700005bfa000,0x0000700005cfa000)]

Other Threads:
  0x00007fd0b0504fd0 VMThread "VM Thread" [stack: 0x00007000034fc000,0x00007000035fc000] [id=17923]
  0x00007fd0b000fb40 WatcherThread [stack: 0x0000700004123000,0x0000700004223000] [id=25603]
  0x00007fd0b0306b50 GCTaskThread "GC Thread#0" [stack: 0x0000700002fed000,0x00007000030ed000] [id=13059]
  0x00007fd0b00170d0 GCTaskThread "GC Thread#1" [stack: 0x000070000452f000,0x000070000462f000] [id=40451]
  0x00007fd0b0017540 GCTaskThread "GC Thread#2" [stack: 0x0000700004632000,0x0000700004732000] [id=35331]
  0x00007fd0b0519610 GCTaskThread "GC Thread#3" [stack: 0x0000700004735000,0x0000700004835000] [id=35587]
  0x00007fd0b0017da0 GCTaskThread "GC Thread#4" [stack: 0x0000700004838000,0x0000700004938000] [id=36099]
  0x00007fd0b0018600 GCTaskThread "GC Thread#5" [stack: 0x000070000493b000,0x0000700004a3b000] [id=36355]
  0x00007fd0b0550910 GCTaskThread "GC Thread#6" [stack: 0x00007000053e2000,0x00007000054e2000] [id=91399]
  0x00007fd0af725720 GCTaskThread "GC Thread#7" [stack: 0x00007000054e5000,0x00007000055e5000] [id=128003]
  0x00007fd0af704600 ConcurrentGCThread "G1 Main Marker" [stack: 0x00007000030f0000,0x00007000031f0000] [id=14595]
  0x00007fd0af704e80 ConcurrentGCThread "G1 Conc#0" [stack: 0x00007000031f3000,0x00007000032f3000] [id=14083]
  0x00007fd0b031c970 ConcurrentGCThread "G1 Conc#1" [stack: 0x00007000059f4000,0x0000700005af4000] [id=125443]
  0x00007fd0b0207ba0 ConcurrentGCThread "G1 Refine#0" [stack: 0x00007000032f6000,0x00007000033f6000] [id=21507]
  0x00007fd0b023c4f0 ConcurrentGCThread "G1 Refine#1" [stack: 0x00007000055e8000,0x00007000056e8000] [id=127235]
  0x00007fd0b023cb00 ConcurrentGCThread "G1 Refine#2" [stack: 0x00007000056eb000,0x00007000057eb000] [id=126723]
  0x00007fd0b0718b20 ConcurrentGCThread "G1 Refine#3" [stack: 0x00007000057ee000,0x00007000058ee000] [id=92163]
  0x00007fd0af7056e0 ConcurrentGCThread "G1 Service" [stack: 0x00007000033f9000,0x00007000034f9000] [id=21251]

Threads with active compile tasks:

VM state: not at safepoint (normal execution)

VM Mutex/Monitor currently owned by a thread: None

Heap address: 0x0000000700000000, size: 4096 MB, Compressed Oops mode: Zero based, Oop shift amount: 3

CDS archive(s) mapped at: [0x0000000800000000-0x0000000800bd2000-0x0000000800bd2000), size 12394496, SharedBaseAddress: 0x0000000800000000, ArchiveRelocationMode: 0.
Compressed class space mapped at: 0x0000000800c00000-0x0000000840c00000, reserved size: 1073741824
Narrow klass base: 0x0000000800000000, Narrow klass shift: 0, Narrow klass range: 0x100000000

GC Precious Log:
 CPUs: 8 total, 8 available
 Memory: 16384M
 Large Page Support: Disabled
 NUMA Support: Disabled
 Compressed Oops: Enabled (Zero based)
 Heap Region Size: 2M
 Heap Min Capacity: 8M
 Heap Initial Capacity: 256M
 Heap Max Capacity: 4G
 Pre-touch: Disabled
 Parallel Workers: 8
 Concurrent Workers: 2
 Concurrent Refinement Workers: 8
 Periodic GC: Disabled

Heap:
 garbage-first heap   total 69632K, used 31530K [0x0000000700000000, 0x0000000800000000)
  region size 2048K, 14 young (28672K), 5 survivors (10240K)
 Metaspace       used 25313K, committed 25664K, reserved 1073152K
  class space    used 3273K, committed 3456K, reserved 1048576K

Heap Regions: E=young(eden), S=young(survivor), O=old, HS=humongous(starts), HC=humongous(continues), CS=collection set, F=free, OA=open archive, CA=closed archive, TAMS=top-at-mark-start (previous, next)
|   0|0x0000000700000000, 0x000000070016ca00, 0x0000000700200000| 71%| O|  |TAMS 0x000000070016ca00, 0x0000000700000000| Complete 
|   1|0x0000000700200000, 0x0000000700400000, 0x0000000700400000|100%|HS|  |TAMS 0x0000000700400000, 0x0000000700200000| Complete 
|   2|0x0000000700400000, 0x0000000700400000, 0x0000000700600000|  0%| F|  |TAMS 0x0000000700400000, 0x0000000700400000| Untracked 
|   3|0x0000000700600000, 0x0000000700600000, 0x0000000700800000|  0%| F|  |TAMS 0x0000000700600000, 0x0000000700600000| Untracked 
|   4|0x0000000700800000, 0x0000000700800000, 0x0000000700a00000|  0%| F|  |TAMS 0x0000000700800000, 0x0000000700800000| Untracked 
|   5|0x0000000700a00000, 0x0000000700a00000, 0x0000000700c00000|  0%| F|  |TAMS 0x0000000700a00000, 0x0000000700a00000| Untracked 
|   6|0x0000000700c00000, 0x0000000700c00000, 0x0000000700e00000|  0%| F|  |TAMS 0x0000000700c00000, 0x0000000700c00000| Untracked 
|   7|0x0000000700e00000, 0x0000000700e00000, 0x0000000701000000|  0%| F|  |TAMS 0x0000000700e00000, 0x0000000700e00000| Untracked 
|   8|0x0000000701000000, 0x0000000701000000, 0x0000000701200000|  0%| F|  |TAMS 0x0000000701000000, 0x0000000701000000| Untracked 
|   9|0x0000000701200000, 0x0000000701200000, 0x0000000701400000|  0%| F|  |TAMS 0x0000000701200000, 0x0000000701200000| Untracked 
|  10|0x0000000701400000, 0x0000000701400000, 0x0000000701600000|  0%| F|  |TAMS 0x0000000701400000, 0x0000000701400000| Untracked 
|  11|0x0000000701600000, 0x0000000701600000, 0x0000000701800000|  0%| F|  |TAMS 0x0000000701600000, 0x0000000701600000| Untracked 
|  12|0x0000000701800000, 0x0000000701800000, 0x0000000701a00000|  0%| F|  |TAMS 0x0000000701800000, 0x0000000701800000| Untracked 
|  13|0x0000000701a00000, 0x0000000701a00000, 0x0000000701c00000|  0%| F|  |TAMS 0x0000000701a00000, 0x0000000701a00000| Untracked 
|  14|0x0000000701c00000, 0x0000000701c00000, 0x0000000701e00000|  0%| F|  |TAMS 0x0000000701c00000, 0x0000000701c00000| Untracked 
|  15|0x0000000701e00000, 0x0000000701e00000, 0x0000000702000000|  0%| F|  |TAMS 0x0000000701e00000, 0x0000000701e00000| Untracked 
|  16|0x0000000702000000, 0x0000000702000000, 0x0000000702200000|  0%| F|  |TAMS 0x0000000702000000, 0x0000000702000000| Untracked 
|  17|0x0000000702200000, 0x0000000702200000, 0x0000000702400000|  0%| F|  |TAMS 0x0000000702200000, 0x0000000702200000| Untracked 
|  18|0x0000000702400000, 0x00000007025b8070, 0x0000000702600000| 85%| E|  |TAMS 0x0000000702400000, 0x0000000702400000| Complete 
|  19|0x0000000702600000, 0x0000000702800000, 0x0000000702800000|100%| E|CS|TAMS 0x0000000702600000, 0x0000000702600000| Complete 
|  20|0x0000000702800000, 0x0000000702a00000, 0x0000000702a00000|100%| E|CS|TAMS 0x0000000702800000, 0x0000000702800000| Complete 
|  21|0x0000000702a00000, 0x0000000702c00000, 0x0000000702c00000|100%| E|CS|TAMS 0x0000000702a00000, 0x0000000702a00000| Complete 
|  22|0x0000000702c00000, 0x0000000702e00000, 0x0000000702e00000|100%| E|CS|TAMS 0x0000000702c00000, 0x0000000702c00000| Complete 
|  23|0x0000000702e00000, 0x0000000703000000, 0x0000000703000000|100%| E|CS|TAMS 0x0000000702e00000, 0x0000000702e00000| Complete 
|  24|0x0000000703000000, 0x0000000703200000, 0x0000000703200000|100%| E|CS|TAMS 0x0000000703000000, 0x0000000703000000| Complete 
|  25|0x0000000703200000, 0x0000000703400000, 0x0000000703400000|100%| E|CS|TAMS 0x0000000703200000, 0x0000000703200000| Complete 
| 119|0x000000070ee00000, 0x000000070ef690d0, 0x000000070f000000| 70%| S|CS|TAMS 0x000000070ee00000, 0x000000070ee00000| Complete 
| 120|0x000000070f000000, 0x000000070f200000, 0x000000070f200000|100%| S|CS|TAMS 0x000000070f000000, 0x000000070f000000| Complete 
| 121|0x000000070f200000, 0x000000070f400000, 0x000000070f400000|100%| S|CS|TAMS 0x000000070f200000, 0x000000070f200000| Complete 
| 122|0x000000070f400000, 0x000000070f600000, 0x000000070f600000|100%| S|CS|TAMS 0x000000070f400000, 0x000000070f400000| Complete 
| 123|0x000000070f600000, 0x000000070f800000, 0x000000070f800000|100%| S|CS|TAMS 0x000000070f600000, 0x000000070f600000| Complete 
| 127|0x000000070fe00000, 0x0000000710000000, 0x0000000710000000|100%| E|CS|TAMS 0x000000070fe00000, 0x000000070fe00000| Complete 
|2046|0x00000007ffc00000, 0x00000007ffd76000, 0x00000007ffe00000| 73%|OA|  |TAMS 0x00000007ffd76000, 0x00000007ffc00000| Untracked 
|2047|0x00000007ffe00000, 0x00000007ffe7f000, 0x0000000800000000| 24%|CA|  |TAMS 0x00000007ffe7f000, 0x00000007ffe00000| Untracked 

Card table byte_map: [0x000000011e0f5000,0x000000011e8f5000] _byte_map_base: 0x000000011a8f5000

Marking Bits (Prev, Next): (CMBitMap*) 0x00007fd0af80a050, (CMBitMap*) 0x00007fd0af80a010
 Prev Bits: [0x00000001230f5000, 0x00000001270f5000)
 Next Bits: [0x000000011f0f5000, 0x00000001230f5000)

Polling page: 0x00000001053c6000

Metaspace:

Usage:
  Non-class:     21.52 MB used.
      Class:      3.20 MB used.
       Both:     24.72 MB used.

Virtual space:
  Non-class space:       24.00 MB reserved,      21.69 MB ( 90%) committed,  3 nodes.
      Class space:        1.00 GB reserved,       3.38 MB ( <1%) committed,  1 nodes.
             Both:        1.02 GB reserved,      25.06 MB (  2%) committed. 

Chunk freelists:
   Non-Class:  1.95 MB
       Class:  557.00 KB
        Both:  2.50 MB

MaxMetaspaceSize: unlimited
CompressedClassSpaceSize: 1.00 GB
Initial GC threshold: 21.00 MB
Current GC threshold: 35.62 MB
CDS: on
MetaspaceReclaimPolicy: balanced
 - commit_granule_bytes: 65536.
 - commit_granule_words: 8192.
 - virtual_space_node_default_size: 1048576.
 - enlarge_chunks_in_place: 1.
 - new_chunks_are_fully_committed: 0.
 - uncommit_free_chunks: 1.
 - use_allocation_guard: 0.
 - handle_deallocations: 1.


Internal statistics:

num_allocs_failed_limit: 8.
num_arena_births: 348.
num_arena_deaths: 0.
num_vsnodes_births: 4.
num_vsnodes_deaths: 0.
num_space_committed: 401.
num_space_uncommitted: 0.
num_chunks_returned_to_freelist: 8.
num_chunks_taken_from_freelist: 1032.
num_chunk_merges: 0.
num_chunk_splits: 748.
num_chunks_enlarged: 577.
num_purges: 0.
num_inconsistent_stats: 0.

CodeHeap 'non-profiled nmethods': size=120028Kb used=1650Kb max_used=1650Kb free=118377Kb
 bounds [0x0000000116bbe000, 0x0000000116e2e000, 0x000000011e0f5000]
CodeHeap 'profiled nmethods': size=120028Kb used=6722Kb max_used=6722Kb free=113305Kb
 bounds [0x000000010f687000, 0x000000010fd27000, 0x0000000116bbe000]
CodeHeap 'non-nmethods': size=5704Kb used=1515Kb max_used=1576Kb free=4188Kb
 bounds [0x000000010f0f5000, 0x000000010f365000, 0x000000010f687000]
 total_blobs=4460 nmethods=3566 adapters=806
 compilation: enabled
              stopped_count=0, restarted_count=0
 full_count=0

Compilation events (20 events):
Event: 6.721 Thread 0x00007fd0b18c4e00 3554   !   3       javafx.css.CssParser::parse (705 bytes)
Event: 6.723 Thread 0x00007fd0b18c4800 nmethod 3549 0x0000000116d59490 code [0x0000000116d59620, 0x0000000116d59738]
Event: 6.723 Thread 0x00007fd0b18c4800 3548       4       com.sun.javafx.logging.PlatformLogger::getSystemLoggerLevel (92 bytes)
Event: 6.723 Thread 0x00007fd0b18c4800 nmethod 3548 0x0000000116d59890 code [0x0000000116d59a20, 0x0000000116d59af8]
Event: 6.723 Thread 0x00007fd0b18c4800 3564       4       java.lang.ref.Reference::refersToImpl (6 bytes)
Event: 6.724 Thread 0x00007fd0b18c4800 nmethod 3564 0x0000000116d59c10 code [0x0000000116d59d80, 0x0000000116d59e18]
Event: 6.724 Thread 0x00007fd0b18c4e00 nmethod 3554 0x000000010fd10610 code [0x000000010fd10c40, 0x000000010fd13690]
Event: 6.724 Thread 0x00007fd0b18c4e00 3562       3       javafx.scene.paint.Color::getRed (6 bytes)
Event: 6.724 Thread 0x00007fd0b18c4e00 nmethod 3562 0x000000010fd14410 code [0x000000010fd145a0, 0x000000010fd146b0]
Event: 6.725 Thread 0x00007fd0b18c4e00 3563       3       javafx.scene.paint.Color::getGreen (6 bytes)
Event: 6.725 Thread 0x00007fd0b18c4e00 nmethod 3563 0x000000010fd14790 code [0x000000010fd14920, 0x000000010fd14a30]
Event: 6.725 Thread 0x00007fd0b18c4e00 3551       3       javafx.collections.ListChangeBuilder$SubChange::<init> (32 bytes)
Event: 6.725 Thread 0x00007fd0b18c4e00 nmethod 3551 0x000000010fd14b10 code [0x000000010fd14cc0, 0x000000010fd14ef0]
Event: 6.725 Thread 0x00007fd0b18c4e00 3555       3       javafx.collections.ModifiableObservableListBase::subList (15 bytes)
Event: 6.725 Thread 0x00007fd0b18c4e00 nmethod 3555 0x000000010fd14f90 code [0x000000010fd15160, 0x000000010fd154a0]
Event: 6.725 Thread 0x00007fd0b18c4e00 3556       3       java.util.AbstractList::subList (40 bytes)
Event: 6.726 Thread 0x00007fd0b18c4e00 nmethod 3556 0x000000010fd15610 code [0x000000010fd15820, 0x000000010fd15f60]
Event: 6.726 Thread 0x00007fd0b18c4e00 3552       3       javafx.collections.ListChangeBuilder::insertAdd (190 bytes)
Event: 6.727 Thread 0x00007fd0b18c4e00 nmethod 3552 0x000000010fd16190 code [0x000000010fd16420, 0x000000010fd17330]
Event: 6.727 Thread 0x00007fd0b18c4e00 3559       3       java.util.HashMap$TreeNode::<init> (10 bytes)

GC Heap History (6 events):
Event: 0.843 GC heap before
{Heap before GC invocations=0 (full 0):
 garbage-first heap   total 266240K, used 22484K [0x0000000700000000, 0x0000000800000000)
  region size 2048K, 11 young (22528K), 0 survivors (0K)
 Metaspace       used 5377K, committed 5504K, reserved 1056768K
  class space    used 507K, committed 576K, reserved 1048576K
}
Event: 0.848 GC heap after
{Heap after GC invocations=1 (full 0):
 garbage-first heap   total 266240K, used 4975K [0x0000000700000000, 0x0000000800000000)
  region size 2048K, 2 young (4096K), 2 survivors (4096K)
 Metaspace       used 5377K, committed 5504K, reserved 1056768K
  class space    used 507K, committed 576K, reserved 1048576K
}
Event: 2.753 GC heap before
{Heap before GC invocations=1 (full 0):
 garbage-first heap   total 266240K, used 56175K [0x0000000700000000, 0x0000000800000000)
  region size 2048K, 27 young (55296K), 2 survivors (4096K)
 Metaspace       used 18158K, committed 18560K, reserved 1064960K
  class space    used 2440K, committed 2624K, reserved 1048576K
}
Event: 2.762 GC heap after
{Heap after GC invocations=2 (full 0):
 garbage-first heap   total 266240K, used 11654K [0x0000000700000000, 0x0000000800000000)
  region size 2048K, 4 young (8192K), 4 survivors (8192K)
 Metaspace       used 18158K, committed 18560K, reserved 1064960K
  class space    used 2440K, committed 2624K, reserved 1048576K
}
Event: 2.900 GC heap before
{Heap before GC invocations=2 (full 0):
 garbage-first heap   total 266240K, used 19846K [0x0000000700000000, 0x0000000800000000)
  region size 2048K, 8 young (16384K), 4 survivors (8192K)
 Metaspace       used 21328K, committed 21632K, reserved 1073152K
  class space    used 2838K, committed 3008K, reserved 1048576K
}
Event: 2.907 GC heap after
{Heap after GC invocations=3 (full 0):
 garbage-first heap   total 266240K, used 15146K [0x0000000700000000, 0x0000000800000000)
  region size 2048K, 5 young (10240K), 5 survivors (10240K)
 Metaspace       used 21328K, committed 21632K, reserved 1073152K
  class space    used 2838K, committed 3008K, reserved 1048576K
}

Deoptimization events (20 events):
Event: 5.004 Thread 0x00007fd0b3875600 DEOPT PACKING pc=0x000000010fb97000 sp=0x0000700004426a90
Event: 5.004 Thread 0x00007fd0b3875600 DEOPT UNPACKING pc=0x000000010f14782f sp=0x0000700004425ee8 mode 0
Event: 5.005 Thread 0x00007fd0b3875600 DEOPT PACKING pc=0x000000010fb97000 sp=0x0000700004426a90
Event: 5.005 Thread 0x00007fd0b3875600 DEOPT UNPACKING pc=0x000000010f14782f sp=0x0000700004425ee8 mode 0
Event: 5.138 Thread 0x00007fd0b3875600 DEOPT PACKING pc=0x000000010fb02d85 sp=0x0000700004426b60
Event: 5.138 Thread 0x00007fd0b3875600 DEOPT UNPACKING pc=0x000000010f14782f sp=0x0000700004426020 mode 0
Event: 5.277 Thread 0x00007fd0b193b000 Uncommon trap: trap_request=0xffffff45 fr.pc=0x0000000116d4a0f8 relative=0x00000000000000b8
Event: 5.277 Thread 0x00007fd0b193b000 Uncommon trap: reason=unstable_if action=reinterpret pc=0x0000000116d4a0f8 method=java.lang.StrictMath.floorOrCeil(DDDD)D @ 38 c2
Event: 5.277 Thread 0x00007fd0b193b000 DEOPT PACKING pc=0x0000000116d4a0f8 sp=0x00007ff7bab7b690
Event: 5.277 Thread 0x00007fd0b193b000 DEOPT UNPACKING pc=0x000000010f147099 sp=0x00007ff7bab7b5d0 mode 2
Event: 5.280 Thread 0x00007fd0b193b000 Uncommon trap: trap_request=0xffffffc6 fr.pc=0x0000000116d4173c relative=0x000000000000007c
Event: 5.280 Thread 0x00007fd0b193b000 Uncommon trap: reason=bimorphic_or_optimized_type_check action=maybe_recompile pc=0x0000000116d4173c method=javafx.scene.Node.updateLocalToParentTransform()V @ 11 c2
Event: 5.280 Thread 0x00007fd0b193b000 DEOPT PACKING pc=0x0000000116d4173c sp=0x00007ff7bab7c2c0
Event: 5.280 Thread 0x00007fd0b193b000 DEOPT UNPACKING pc=0x000000010f147099 sp=0x00007ff7bab7c260 mode 2
Event: 5.309 Thread 0x00007fd0b3875600 DEOPT PACKING pc=0x000000010fa9d155 sp=0x0000700004426270
Event: 5.309 Thread 0x00007fd0b3875600 DEOPT UNPACKING pc=0x000000010f14782f sp=0x0000700004425730 mode 0
Event: 6.708 Thread 0x00007fd0b193b000 DEOPT PACKING pc=0x000000010fa9d155 sp=0x00007ff7bab7a790
Event: 6.708 Thread 0x00007fd0b193b000 DEOPT UNPACKING pc=0x000000010f14782f sp=0x00007ff7bab79c50 mode 0
Event: 6.708 Thread 0x00007fd0b193b000 DEOPT PACKING pc=0x000000010fa21f3c sp=0x00007ff7bab7a780
Event: 6.708 Thread 0x00007fd0b193b000 DEOPT UNPACKING pc=0x000000010f14782f sp=0x00007ff7bab79c40 mode 0

Classes unloaded (0 events):
No events

Classes redefined (0 events):
No events

Internal exceptions (20 events):
Event: 2.565 Thread 0x00007fd0b0a9fa00 Exception <a 'java/lang/NoSuchMethodError'{0x000000070d27a3d0}: 'java.lang.Object java.lang.invoke.DirectMethodHandle$Holder.invokeInterface(java.lang.Object, java.lang.Object)'> (0x000000070d27a3d0) 
thrown [src/hotspot/share/interpreter/linkResolver.cpp, line 766]
Event: 2.566 Thread 0x00007fd0b0a9fa00 Exception <a 'java/lang/IncompatibleClassChangeError'{0x000000070d27dbc8}: Found class java.lang.Object, but interface was expected> (0x000000070d27dbc8) 
thrown [src/hotspot/share/interpreter/linkResolver.cpp, line 833]
Event: 2.773 Thread 0x00007fd0b193b000 Exception <a 'java/lang/NoSuchMethodError'{0x000000070fe59ea0}: 'long java.lang.invoke.DirectMethodHandle$Holder.invokeStatic(java.lang.Object, java.lang.Object, java.lang.Object)'> (0x000000070fe59ea0) 
thrown [src/hotspot/share/interpreter/linkResolver.cpp, line 766]
Event: 2.774 Thread 0x00007fd0b193b000 Exception <a 'java/lang/NoSuchMethodError'{0x000000070fe5d648}: 'long java.lang.invoke.DirectMethodHandle$Holder.invokeStaticInit(java.lang.Object, java.lang.Object, java.lang.Object)'> (0x000000070fe5d648) 
thrown [src/hotspot/share/interpreter/linkResolver.cpp, line 766]
Event: 2.776 Thread 0x00007fd0b193b000 Exception <a 'java/lang/NoSuchMethodError'{0x000000070fe755c8}: 'java.lang.Object java.lang.invoke.DirectMethodHandle$Holder.newInvokeSpecial(java.lang.Object, java.lang.Object, long)'> (0x000000070fe755c8) 
thrown [src/hotspot/share/interpreter/linkResolver.cpp, line 766]
Event: 2.776 Thread 0x00007fd0b193b000 Exception <a 'java/lang/NoSuchMethodError'{0x000000070fe78e90}: 'java.lang.Object java.lang.invoke.Invokers$Holder.linkToTargetMethod(java.lang.Object, long, java.lang.Object)'> (0x000000070fe78e90) 
thrown [src/hotspot/share/interpreter/linkResolver.cpp, line 766]
Event: 2.797 Thread 0x00007fd0b193b000 Exception <a 'java/lang/NoSuchMethodError'{0x000000070fc27748}: 'void java.lang.invoke.DirectMethodHandle$Holder.invokeSpecial(java.lang.Object, java.lang.Object, java.lang.Object, java.lang.Object, java.lang.Object)'> (0x000000070fc27748) 
thrown [src/hotspot/share/interpreter/linkResolver.cpp, line 766]
Event: 2.799 Thread 0x00007fd0b193b000 Exception <a 'java/lang/NoSuchMethodError'{0x000000070fc37b60}: 'java.lang.Object java.lang.invoke.DirectMethodHandle$Holder.invokeInterface(java.lang.Object, java.lang.Object, java.lang.Object)'> (0x000000070fc37b60) 
thrown [src/hotspot/share/interpreter/linkResolver.cpp, line 766]
Event: 2.799 Thread 0x00007fd0b193b000 Exception <a 'java/lang/IncompatibleClassChangeError'{0x000000070fc3b228}: Found class java.lang.Object, but interface was expected> (0x000000070fc3b228) 
thrown [src/hotspot/share/interpreter/linkResolver.cpp, line 833]
Event: 2.832 Thread 0x00007fd0b0a9fa00 Exception <a 'java/lang/ClassNotFoundException'{0x000000070ff80678}: jdk/net/ExtendedSocketOptions> (0x000000070ff80678) 
thrown [src/hotspot/share/classfile/systemDictionary.cpp, line 256]
Event: 3.052 Thread 0x00007fd0b0a9fa00 Implicit null exception at 0x0000000116c753ac to 0x0000000116c75571
Event: 3.757 Thread 0x00007fd0b193b000 Exception <a 'java/lang/NoSuchMethodError'{0x0000000702d14940}: 'java.lang.Object java.lang.invoke.DirectMethodHandle$Holder.newInvokeSpecial(java.lang.Object, java.lang.Object, int, int, int, int, int, java.lang.Object)'> (0x0000000702d14940) 
thrown [src/hotspot/share/interpreter/linkResolver.cpp, line 766]
Event: 3.758 Thread 0x00007fd0b193b000 Exception <a 'java/lang/NoSuchMethodError'{0x0000000702d27920}: 'java.lang.Object java.lang.invoke.DirectMethodHandle$Holder.newInvokeSpecial(java.lang.Object, java.lang.Object, java.lang.Object, int, int, int, int, int)'> (0x0000000702d27920) 
thrown [src/hotspot/share/interpreter/linkResolver.cpp, line 766]
Event: 3.759 Thread 0x00007fd0b193b000 Exception <a 'java/lang/NoSuchMethodError'{0x0000000702d2f180}: 'java.lang.Object java.lang.invoke.Invokers$Holder.linkToTargetMethod(java.lang.Object, java.lang.Object, int, int, int, int, int, java.lang.Object)'> (0x0000000702d2f180) 
thrown [src/hotspot/share/interpreter/linkResolver.cpp, line 766]
Event: 3.957 Thread 0x00007fd0b193b000 Exception <a 'java/lang/ClassNotFoundException'{0x0000000702dfca38}: com/sun/javafx/scene/control/skin/resources/controls> (0x0000000702dfca38) 
thrown [src/hotspot/share/prims/jni.cpp, line 535]
Event: 3.959 Thread 0x00007fd0b193b000 Exception <a 'java/lang/ClassNotFoundException'{0x0000000702a9cf78}: com/sun/javafx/scene/control/skin/resources/controls_zh> (0x0000000702a9cf78) 
thrown [src/hotspot/share/prims/jni.cpp, line 535]
Event: 3.959 Thread 0x00007fd0b193b000 Exception <a 'java/lang/ClassNotFoundException'{0x0000000702a9e650}: com/sun/javafx/scene/control/skin/resources/controls_zh_HK> (0x0000000702a9e650) 
thrown [src/hotspot/share/prims/jni.cpp, line 535]
Event: 3.959 Thread 0x00007fd0b193b000 Exception <a 'java/lang/ClassNotFoundException'{0x0000000702a9fd30}: com/sun/javafx/scene/control/skin/resources/controls_zh_Hant> (0x0000000702a9fd30) 
thrown [src/hotspot/share/prims/jni.cpp, line 535]
Event: 3.959 Thread 0x00007fd0b193b000 Exception <a 'java/lang/ClassNotFoundException'{0x0000000702aa1410}: com/sun/javafx/scene/control/skin/resources/controls_zh_Hant_HK> (0x0000000702aa1410) 
thrown [src/hotspot/share/prims/jni.cpp, line 535]
Event: 5.291 Thread 0x00007fd0b3875600 Exception <a 'java/lang/NoSuchMethodError'{0x0000000702631f88}: 'java.lang.Object java.lang.invoke.DirectMethodHandle$Holder.invokeStaticInit(java.lang.Object, int)'> (0x0000000702631f88) 
thrown [src/hotspot/share/interpreter/linkResolver.cpp, line 766]

VM Operations (20 events):
Event: 3.162 Executing VM operation: HandshakeAllThreads
Event: 3.162 Executing VM operation: HandshakeAllThreads done
Event: 3.372 Executing VM operation: ICBufferFull
Event: 3.373 Executing VM operation: ICBufferFull done
Event: 3.943 Executing VM operation: ICBufferFull
Event: 3.943 Executing VM operation: ICBufferFull done
Event: 4.546 Executing VM operation: ICBufferFull
Event: 4.546 Executing VM operation: ICBufferFull done
Event: 5.275 Executing VM operation: ICBufferFull
Event: 5.275 Executing VM operation: ICBufferFull done
Event: 5.529 Executing VM operation: ICBufferFull
Event: 5.529 Executing VM operation: ICBufferFull done
Event: 5.534 Executing VM operation: ICBufferFull
Event: 5.534 Executing VM operation: ICBufferFull done
Event: 5.538 Executing VM operation: ICBufferFull
Event: 5.538 Executing VM operation: ICBufferFull done
Event: 5.542 Executing VM operation: ICBufferFull
Event: 5.542 Executing VM operation: ICBufferFull done
Event: 6.545 Executing VM operation: Cleanup
Event: 6.546 Executing VM operation: Cleanup done

Events (20 events):
Event: 3.979 loading class java/lang/annotation/Repeatable
Event: 3.979 loading class java/lang/annotation/Repeatable done
Event: 3.979 loading class java/lang/annotation/ElementType
Event: 3.979 loading class java/lang/annotation/ElementType done
Event: 3.979 loading class java/lang/annotation/Documented
Event: 3.979 loading class java/lang/annotation/Documented done
Event: 4.144 Protecting memory [0x000070000525c000,0x0000700005260000] with protection modes 3
Event: 4.144 Thread 0x00007fd0b38ea200 Thread exited: 0x00007fd0b38ea200
Event: 4.274 Protecting memory [0x0000700005159000,0x000070000515d000] with protection modes 3
Event: 4.274 Thread 0x00007fd0b38f6e00 Thread exited: 0x00007fd0b38f6e00
Event: 4.549 loading class java/lang/FdLibm$Hypot
Event: 4.549 loading class java/lang/FdLibm$Hypot done
Event: 4.549 loading class java/lang/FdLibm
Event: 4.549 loading class java/lang/FdLibm done
Event: 4.555 loading class java/lang/FdLibm$Cbrt
Event: 4.555 loading class java/lang/FdLibm$Cbrt done
Event: 4.695 Thread 0x00007fd0b2349c00 Thread added: 0x00007fd0b2349c00
Event: 4.695 Protecting memory [0x0000700005159000,0x000070000515d000] with protection modes 0
Event: 5.087 Protecting memory [0x0000700005159000,0x000070000515d000] with protection modes 3
Event: 5.087 Thread 0x00007fd0b2349c00 Thread exited: 0x00007fd0b2349c00


Dynamic libraries:
0x000000010541b000 	/Library/Java/JavaVirtualMachines/temurin-17.jdk/Contents/Home/lib/libjli.dylib
0x00007ff81503e000 	/usr/lib/libz.1.dylib
0x00007ff815122000 	/usr/lib/libSystem.B.dylib
0x00007ff81511d000 	/usr/lib/system/libcache.dylib
0x00007ff8150d8000 	/usr/lib/system/libcommonCrypto.dylib
0x00007ff815101000 	/usr/lib/system/libcompiler_rt.dylib
0x00007ff8150f7000 	/usr/lib/system/libcopyfile.dylib
0x00007ff80923c000 	/usr/lib/system/libcorecrypto.dylib
0x00007ff809300000 	/usr/lib/system/libdispatch.dylib
0x00007ff809488000 	/usr/lib/system/libdyld.dylib
0x00007ff815113000 	/usr/lib/system/libkeymgr.dylib
0x00007ff8150b7000 	/usr/lib/system/libmacho.dylib
0x00007ff8146a1000 	/usr/lib/system/libquarantine.dylib
0x00007ff815111000 	/usr/lib/system/libremovefile.dylib
0x00007ff80e145000 	/usr/lib/system/libsystem_asl.dylib
0x00007ff8091de000 	/usr/lib/system/libsystem_blocks.dylib
0x00007ff80934a000 	/usr/lib/system/libsystem_c.dylib
0x00007ff815109000 	/usr/lib/system/libsystem_collections.dylib
0x00007ff813930000 	/usr/lib/system/libsystem_configuration.dylib
0x00007ff8129a5000 	/usr/lib/system/libsystem_containermanager.dylib
0x00007ff814d7f000 	/usr/lib/system/libsystem_coreservices.dylib
0x00007ff80c1c6000 	/usr/lib/system/libsystem_darwin.dylib
0x00007ff815114000 	/usr/lib/system/libsystem_dnssd.dylib
0x00007ff809347000 	/usr/lib/system/libsystem_featureflags.dylib
0x00007ff8094b3000 	/usr/lib/system/libsystem_info.dylib
0x00007ff815051000 	/usr/lib/system/libsystem_m.dylib
0x00007ff8092d3000 	/usr/lib/system/libsystem_malloc.dylib
0x00007ff80e0d4000 	/usr/lib/system/libsystem_networkextension.dylib
0x00007ff80c60b000 	/usr/lib/system/libsystem_notify.dylib
0x00007ff813934000 	/usr/lib/system/libsystem_sandbox.dylib
0x00007ff81510e000 	/usr/lib/system/libsystem_secinit.dylib
0x00007ff809442000 	/usr/lib/system/libsystem_kernel.dylib
0x00007ff8094a9000 	/usr/lib/system/libsystem_platform.dylib
0x00007ff80947c000 	/usr/lib/system/libsystem_pthread.dylib
0x00007ff80fa9d000 	/usr/lib/system/libsystem_symptoms.dylib
0x00007ff809222000 	/usr/lib/system/libsystem_trace.dylib
0x00007ff8150e4000 	/usr/lib/system/libunwind.dylib
0x00007ff8091e2000 	/usr/lib/system/libxpc.dylib
0x00007ff80942c000 	/usr/lib/libc++abi.dylib
0x00007ff80910d000 	/usr/lib/libobjc.A.dylib
0x00007ff8150ef000 	/usr/lib/liboah.dylib
0x00007ff8093d3000 	/usr/lib/libc++.1.dylib
0x00007ff8214a6000 	/System/Library/Frameworks/Cocoa.framework/Versions/A/Cocoa
0x00007ff80c66a000 	/System/Library/Frameworks/AppKit.framework/Versions/C/AppKit
0x00007ff80f223000 	/System/Library/Frameworks/CoreData.framework/Versions/A/CoreData
0x00007ff80a357000 	/System/Library/Frameworks/Foundation.framework/Versions/C/Foundation
0x00007ff80d672000 	/System/Library/PrivateFrameworks/UIFoundation.framework/Versions/A/UIFoundation
0x00007ffb0ad7e000 	/System/Library/PrivateFrameworks/CollectionViewCore.framework/Versions/A/CollectionViewCore
0x00007ff81b4a5000 	/System/Library/PrivateFrameworks/RemoteViewServices.framework/Versions/A/RemoteViewServices
0x00007ff81317d000 	/System/Library/PrivateFrameworks/XCTTargetBootstrap.framework/Versions/A/XCTTargetBootstrap
0x00007ff816f91000 	/System/Library/PrivateFrameworks/InternationalSupport.framework/Versions/A/InternationalSupport
0x00007ff81701a000 	/System/Library/PrivateFrameworks/UserActivity.framework/Versions/A/UserActivity
0x00007ffb20fe4000 	/System/Library/PrivateFrameworks/WindowManagement.framework/Versions/A/WindowManagement
0x00007ff80a043000 	/System/Library/Frameworks/SystemConfiguration.framework/Versions/A/SystemConfiguration
0x00007ff81638a000 	/usr/lib/libspindump.dylib
0x00007ff80d840000 	/System/Library/Frameworks/UniformTypeIdentifiers.framework/Versions/A/UniformTypeIdentifiers
0x00007ff81165d000 	/usr/lib/libapp_launch_measurement.dylib
0x00007ff8107e4000 	/System/Library/PrivateFrameworks/CoreAnalytics.framework/Versions/A/CoreAnalytics
0x00007ff811660000 	/System/Library/PrivateFrameworks/CoreAutoLayout.framework/Versions/A/CoreAutoLayout
0x00007ff8129f1000 	/System/Library/Frameworks/Metal.framework/Versions/A/Metal
0x00007ff81393f000 	/usr/lib/liblangid.dylib
0x00007ff813182000 	/System/Library/PrivateFrameworks/CoreSVG.framework/Versions/A/CoreSVG
0x00007ff80e177000 	/System/Library/PrivateFrameworks/SkyLight.framework/Versions/A/SkyLight
0x00007ff80e561000 	/System/Library/Frameworks/CoreGraphics.framework/Versions/A/CoreGraphics
0x00007ff81bb77000 	/System/Library/Frameworks/Accelerate.framework/Versions/A/Accelerate
0x00007ff815dff000 	/System/Library/PrivateFrameworks/IconServices.framework/Versions/A/IconServices
0x00007ff8129d4000 	/System/Library/Frameworks/IOSurface.framework/Versions/A/IOSurface
0x00007ff81080e000 	/usr/lib/libDiagnosticMessagesClient.dylib
0x00007ff81f0bf000 	/System/Library/Frameworks/ApplicationServices.framework/Versions/A/ApplicationServices
0x00007ff813169000 	/System/Library/PrivateFrameworks/DFRFoundation.framework/Versions/A/DFRFoundation
0x00007ff80bf32000 	/usr/lib/libicucore.A.dylib
0x00007ff817e33000 	/System/Library/Frameworks/AudioToolbox.framework/Versions/A/AudioToolbox
0x00007ff816f9c000 	/System/Library/PrivateFrameworks/DataDetectorsCore.framework/Versions/A/DataDetectorsCore
0x00007ff90e5ff000 	/System/Library/PrivateFrameworks/TextInput.framework/Versions/A/TextInput
0x00007ff80e0ec000 	/usr/lib/libMobileGestalt.dylib
0x00007ff812e71000 	/System/Library/Frameworks/Carbon.framework/Versions/A/Frameworks/HIToolbox.framework/Versions/A/HIToolbox
0x00007ff810fff000 	/System/Library/Frameworks/QuartzCore.framework/Versions/A/QuartzCore
0x00007ff80bbb1000 	/System/Library/Frameworks/Security.framework/Versions/A/Security
0x00007ff81b4dd000 	/System/Library/Frameworks/Carbon.framework/Versions/A/Frameworks/SpeechRecognition.framework/Versions/A/SpeechRecognition
0x00007ff81139d000 	/System/Library/PrivateFrameworks/CoreUI.framework/Versions/A/CoreUI
0x00007ff80b493000 	/System/Library/Frameworks/CoreAudio.framework/Versions/A/CoreAudio
0x00007ff8108e8000 	/System/Library/Frameworks/DiskArbitration.framework/Versions/A/DiskArbitration
0x00007ff8167ab000 	/System/Library/PrivateFrameworks/MultitouchSupport.framework/Versions/A/MultitouchSupport
0x00007ff80e0eb000 	/usr/lib/libenergytrace.dylib
0x00007ff80c54c000 	/System/Library/Frameworks/IOKit.framework/Versions/A/IOKit
0x00007ff81b8d6000 	/System/Library/Frameworks/CoreServices.framework/Versions/A/CoreServices
0x00007ff8115f5000 	/System/Library/PrivateFrameworks/PerformanceAnalysis.framework/Versions/A/PerformanceAnalysis
0x00007ffa1eb2b000 	/System/Library/Frameworks/OpenGL.framework/Versions/A/OpenGL
0x00007ff8116a8000 	/usr/lib/libxml2.2.dylib
0x00007ff8145b4000 	/System/Library/PrivateFrameworks/MobileKeyBag.framework/Versions/A/MobileKeyBag
0x00007ff80ec85000 	/System/Library/Frameworks/ColorSync.framework/Versions/A/ColorSync
0x00007ff8094de000 	/System/Library/Frameworks/CoreFoundation.framework/Versions/A/CoreFoundation
0x00007ff81351c000 	/System/Library/Frameworks/CoreImage.framework/Versions/A/CoreImage
0x00007ff80b2a4000 	/System/Library/Frameworks/CoreText.framework/Versions/A/CoreText
0x00007ff8131bd000 	/System/Library/Frameworks/ImageIO.framework/Versions/A/ImageIO
0x00007ff815128000 	/System/Library/PrivateFrameworks/SoftLinking.framework/Versions/A/SoftLinking
0x00007ff8153aa000 	/usr/lib/libcompression.dylib
0x00007ff816ec3000 	/System/Library/PrivateFrameworks/TextureIO.framework/Versions/A/TextureIO
0x00007ff815ac8000 	/usr/lib/libate.dylib
0x00007ff815876000 	/usr/lib/liblzma.5.dylib
0x00007ff815124000 	/usr/lib/libfakelink.dylib
0x00007ff80dd2e000 	/System/Library/Frameworks/CFNetwork.framework/Versions/A/CFNetwork
0x00007ff815261000 	/usr/lib/libarchive.2.dylib
0x00007ff81977e000 	/System/Library/Frameworks/Combine.framework/Versions/A/Combine
0x00007ff8178ab000 	/usr/lib/swift/libswiftCore.dylib
0x00007ff90b64b000 	/usr/lib/swift/libswiftCoreFoundation.dylib
0x00007ff909624000 	/usr/lib/swift/libswiftDarwin.dylib
0x00007ff81d0f3000 	/usr/lib/swift/libswiftDispatch.dylib
0x00007ff90b667000 	/usr/lib/swift/libswiftIOKit.dylib
0x00007ff81f4f4000 	/usr/lib/swift/libswiftObjectiveC.dylib
0x00007ff90b65c000 	/usr/lib/swift/libswiftXPC.dylib
0x00007ffb278b9000 	/usr/lib/swift/libswift_Concurrency.dylib
0x00007ffb279f8000 	/usr/lib/swift/libswift_StringProcessing.dylib
0x00007ff81f4f8000 	/usr/lib/swift/libswiftos.dylib
0x00007ff80c4cd000 	/System/Library/PrivateFrameworks/CoreServicesInternal.framework/Versions/A/CoreServicesInternal
0x00007ff8146c8000 	/usr/lib/libbsm.0.dylib
0x00007ff8150bc000 	/usr/lib/system/libkxld.dylib
0x00007ff811629000 	/System/Library/Frameworks/CoreServices.framework/Versions/A/Frameworks/FSEvents.framework/Versions/A/FSEvents
0x00007ff80c1d1000 	/System/Library/Frameworks/CoreServices.framework/Versions/A/Frameworks/CarbonCore.framework/Versions/A/CarbonCore
0x00007ff810851000 	/System/Library/Frameworks/CoreServices.framework/Versions/A/Frameworks/Metadata.framework/Versions/A/Metadata
0x00007ff814d85000 	/System/Library/Frameworks/CoreServices.framework/Versions/A/Frameworks/OSServices.framework/Versions/A/OSServices
0x00007ff8152e9000 	/System/Library/Frameworks/CoreServices.framework/Versions/A/Frameworks/SearchKit.framework/Versions/A/SearchKit
0x00007ff80fa24000 	/System/Library/Frameworks/CoreServices.framework/Versions/A/Frameworks/AE.framework/Versions/A/AE
0x00007ff809978000 	/System/Library/Frameworks/CoreServices.framework/Versions/A/Frameworks/LaunchServices.framework/Versions/A/LaunchServices
0x00007ff815827000 	/System/Library/Frameworks/CoreServices.framework/Versions/A/Frameworks/DictionaryServices.framework/Versions/A/DictionaryServices
0x00007ff811636000 	/System/Library/Frameworks/CoreServices.framework/Versions/A/Frameworks/SharedFileList.framework/Versions/A/SharedFileList
0x00007ff815375000 	/usr/lib/libapple_nghttp2.dylib
0x00007ff80dd2a000 	/usr/lib/libnetwork.dylib
0x00007ff80f69c000 	/usr/lib/libsqlite3.dylib
0x00007ff80faa5000 	/System/Library/Frameworks/Network.framework/Versions/A/Network
0x00007ffb268a8000 	/usr/lib/libCoreEntitlements.dylib
0x00007ffb14239000 	/System/Library/PrivateFrameworks/MessageSecurity.framework/Versions/A/MessageSecurity
0x00007ff80f683000 	/System/Library/PrivateFrameworks/ProtocolBuffer.framework/Versions/A/ProtocolBuffer
0x00007ff814d5f000 	/System/Library/PrivateFrameworks/AppleFSCompression.framework/Versions/A/AppleFSCompression
0x00007ff8146b0000 	/usr/lib/libcoretls.dylib
0x00007ff815890000 	/usr/lib/libcoretls_cfhelpers.dylib
0x00007ff8153a4000 	/usr/lib/libpam.2.dylib
0x00007ff8158fd000 	/usr/lib/libxar.1.dylib
0x00007ff815ddb000 	/usr/lib/libheimdal-asn1.dylib
0x00007ff815129000 	/usr/lib/libpcap.A.dylib
0x00007ff80fa94000 	/usr/lib/libdns_services.dylib
0x00007ff81393b000 	/System/Library/PrivateFrameworks/AppleSystemInfo.framework/Versions/A/AppleSystemInfo
0x00007ff8143bd000 	/System/Library/PrivateFrameworks/IOMobileFramebuffer.framework/Versions/A/IOMobileFramebuffer
0x00007ff814d6f000 	/usr/lib/libbz2.1.0.dylib
0x00007ff8146a4000 	/usr/lib/libCheckFix.dylib
0x00007ff80e15c000 	/System/Library/PrivateFrameworks/TCC.framework/Versions/A/TCC
0x00007ff813941000 	/System/Library/PrivateFrameworks/CoreNLP.framework/Versions/A/CoreNLP
0x00007ff810810000 	/System/Library/PrivateFrameworks/MetadataUtilities.framework/Versions/A/MetadataUtilities
0x00007ff8146d8000 	/usr/lib/libmecab.dylib
0x00007ff80a0c2000 	/usr/lib/libCRFSuite.dylib
0x00007ff814732000 	/usr/lib/libgermantok.dylib
0x00007ff815350000 	/usr/lib/libThaiTokenizer.dylib
0x00007ff8108f0000 	/System/Library/Frameworks/Accelerate.framework/Versions/A/Frameworks/vImage.framework/Versions/A/vImage
0x00007ff81b8a9000 	/System/Library/Frameworks/Accelerate.framework/Versions/A/Frameworks/vecLib.framework/Versions/A/vecLib
0x00007ff81593f000 	/System/Library/Frameworks/Accelerate.framework/Versions/A/Frameworks/vecLib.framework/Versions/A/libvMisc.dylib
0x00007ff8141e2000 	/System/Library/Frameworks/Accelerate.framework/Versions/A/Frameworks/vecLib.framework/Versions/A/libvDSP.dylib
0x00007ff809d34000 	/System/Library/Frameworks/Accelerate.framework/Versions/A/Frameworks/vecLib.framework/Versions/A/libBLAS.dylib
0x00007ff815488000 	/System/Library/Frameworks/Accelerate.framework/Versions/A/Frameworks/vecLib.framework/Versions/A/libLAPACK.dylib
0x00007ff814735000 	/System/Library/Frameworks/Accelerate.framework/Versions/A/Frameworks/vecLib.framework/Versions/A/libLinearAlgebra.dylib
0x00007ff81538d000 	/System/Library/Frameworks/Accelerate.framework/Versions/A/Frameworks/vecLib.framework/Versions/A/libSparseBLAS.dylib
0x00007ff815482000 	/System/Library/Frameworks/Accelerate.framework/Versions/A/Frameworks/vecLib.framework/Versions/A/libQuadrature.dylib
0x00007ff813a2d000 	/System/Library/Frameworks/Accelerate.framework/Versions/A/Frameworks/vecLib.framework/Versions/A/libBNNS.dylib
0x00007ff809fcc000 	/System/Library/Frameworks/Accelerate.framework/Versions/A/Frameworks/vecLib.framework/Versions/A/libSparse.dylib
0x00007ffb13538000 	/System/Library/PrivateFrameworks/MIL.framework/Versions/A/MIL
0x00007ff81515e000 	/usr/lib/libiconv.2.dylib
0x00007ff8150b6000 	/usr/lib/libcharset.1.dylib
0x00007ff81160d000 	/System/Library/Frameworks/OpenDirectory.framework/Versions/A/Frameworks/CFOpenDirectory.framework/Versions/A/CFOpenDirectory
0x00007ff811601000 	/System/Library/Frameworks/OpenDirectory.framework/Versions/A/OpenDirectory
0x00007ff815892000 	/System/Library/PrivateFrameworks/APFS.framework/Versions/A/APFS
0x00007ff8145e7000 	/System/Library/Frameworks/SecurityFoundation.framework/Versions/A/SecurityFoundation
0x00007ff81590b000 	/usr/lib/libutil.dylib
0x00007ffb126d6000 	/System/Library/PrivateFrameworks/InstalledContentLibrary.framework/Versions/A/InstalledContentLibrary
0x00007ff80c510000 	/System/Library/PrivateFrameworks/CoreServicesStore.framework/Versions/A/CoreServicesStore
0x00007ffb0993d000 	/System/Library/PrivateFrameworks/AppleMobileFileIntegrity.framework/Versions/A/AppleMobileFileIntegrity
0x00007ff90b62b000 	/usr/lib/libmis.dylib
0x00007ff919c1e000 	/System/Library/PrivateFrameworks/MobileSystemServices.framework/Versions/A/MobileSystemServices
0x00007ffa13e5f000 	/System/Library/PrivateFrameworks/ConfigProfileHelper.framework/Versions/A/ConfigProfileHelper
0x00007ff815352000 	/System/Library/PrivateFrameworks/AppleSauce.framework/Versions/A/AppleSauce
0x00007ff80ad69000 	/System/Library/PrivateFrameworks/LanguageModeling.framework/Versions/A/LanguageModeling
0x00007ff81590f000 	/usr/lib/libxslt.1.dylib
0x00007ff815250000 	/usr/lib/libcmph.dylib
0x00007ff8143ab000 	/System/Library/PrivateFrameworks/CoreEmoji.framework/Versions/A/CoreEmoji
0x00007ff813a27000 	/System/Library/PrivateFrameworks/LinguisticData.framework/Versions/A/LinguisticData
0x00007ff809f82000 	/System/Library/PrivateFrameworks/Lexicon.framework/Versions/A/Lexicon
0x00007ff814675000 	/System/Library/PrivateFrameworks/BackgroundTaskManagement.framework/Versions/A/BackgroundTaskManagement
0x00007ffb269de000 	/usr/lib/libTLE.dylib
0x00007ffb2793d000 	/usr/lib/swift/libswift_RegexParser.dylib
0x00007ff816671000 	/System/Library/PrivateFrameworks/AppleJPEG.framework/Versions/A/AppleJPEG
0x00007ff815dc0000 	/usr/lib/libexpat.1.dylib
0x00007ff816d1f000 	/System/Library/Frameworks/ImageIO.framework/Versions/A/Resources/libPng.dylib
0x00007ff816d4c000 	/System/Library/Frameworks/ImageIO.framework/Versions/A/Resources/libTIFF.dylib
0x00007ff816e3d000 	/System/Library/Frameworks/ImageIO.framework/Versions/A/Resources/libGIF.dylib
0x00007ff8166bc000 	/System/Library/Frameworks/ImageIO.framework/Versions/A/Resources/libJP2.dylib
0x00007ff816ddd000 	/System/Library/Frameworks/ImageIO.framework/Versions/A/Resources/libJPEG.dylib
0x00007ff816dd4000 	/System/Library/Frameworks/ImageIO.framework/Versions/A/Resources/libRadiance.dylib
0x00007ff812d07000 	/System/Library/PrivateFrameworks/FontServices.framework/libFontParser.dylib
0x00007ff80f9c9000 	/System/Library/PrivateFrameworks/RunningBoardServices.framework/Versions/A/RunningBoardServices
0x00007ff821ae3000 	/System/Library/PrivateFrameworks/IOSurfaceAccelerator.framework/Versions/A/IOSurfaceAccelerator
0x00007ff8167a7000 	/System/Library/PrivateFrameworks/WatchdogClient.framework/Versions/A/WatchdogClient
0x00007ff80aecb000 	/System/Library/Frameworks/CoreDisplay.framework/Versions/A/CoreDisplay
0x00007ff812bf6000 	/System/Library/Frameworks/CoreMedia.framework/Versions/A/CoreMedia
0x00007ff8129e8000 	/System/Library/PrivateFrameworks/IOAccelerator.framework/Versions/A/IOAccelerator
0x00007ff811787000 	/System/Library/Frameworks/CoreVideo.framework/Versions/A/CoreVideo
0x00007ff8153a2000 	/System/Library/Frameworks/MetalPerformanceShaders.framework/Versions/A/MetalPerformanceShaders
0x00007ff8167e4000 	/System/Library/Frameworks/VideoToolbox.framework/Versions/A/VideoToolbox
0x00007ff80f90d000 	/System/Library/PrivateFrameworks/BaseBoard.framework/Versions/A/BaseBoard
0x00007ff816dcd000 	/System/Library/PrivateFrameworks/GPUWrangler.framework/Versions/A/GPUWrangler
0x00007ff816db1000 	/System/Library/PrivateFrameworks/IOPresentment.framework/Versions/A/IOPresentment
0x00007ff816dd7000 	/System/Library/PrivateFrameworks/DSExternalDisplay.framework/Versions/A/DSExternalDisplay
0x00007ffb0ed6a000 	/System/Library/PrivateFrameworks/GPUCompiler.framework/Versions/31001/Libraries/libllvm-flatbuffers.dylib
0x00007ffa1eb1f000 	/System/Library/Frameworks/OpenGL.framework/Versions/A/Libraries/libCoreFSCache.dylib
0x00007ffb0ed66000 	/System/Library/PrivateFrameworks/GPUCompiler.framework/Versions/31001/Libraries/libGPUCompilerUtils.dylib
0x00007ff816e43000 	/System/Library/PrivateFrameworks/CMCaptureCore.framework/Versions/A/CMCaptureCore
0x00007ffa23afe000 	/System/Library/Frameworks/ExtensionFoundation.framework/Versions/A/ExtensionFoundation
0x00007ff81d86f000 	/System/Library/PrivateFrameworks/CoreTime.framework/Versions/A/CoreTime
0x00007ff816374000 	/System/Library/PrivateFrameworks/AppServerSupport.framework/Versions/A/AppServerSupport
0x00007ff8186fe000 	/System/Library/PrivateFrameworks/perfdata.framework/Versions/A/perfdata
0x00007ff80aff7000 	/System/Library/PrivateFrameworks/AudioToolboxCore.framework/Versions/A/AudioToolboxCore
0x00007ff812bd0000 	/System/Library/PrivateFrameworks/caulk.framework/Versions/A/caulk
0x00007ff817fcb000 	/usr/lib/libAudioStatistics.dylib
0x00007ff90aac7000 	/System/Library/PrivateFrameworks/SystemPolicy.framework/Versions/A/SystemPolicy
0x00007ff818269000 	/usr/lib/libSMC.dylib
0x00007ff82134b000 	/System/Library/Frameworks/CoreMIDI.framework/Versions/A/CoreMIDI
0x00007ff816ced000 	/usr/lib/libAudioToolboxUtility.dylib
0x00007ff82686e000 	/System/Library/PrivateFrameworks/OSAServicesClient.framework/Versions/A/OSAServicesClient
0x00007ff81870b000 	/usr/lib/libperfcheck.dylib
0x00007ff815ca4000 	/System/Library/PrivateFrameworks/PlugInKit.framework/Versions/A/PlugInKit
0x00007ff8145da000 	/System/Library/PrivateFrameworks/AssertionServices.framework/Versions/A/AssertionServices
0x00007ffa1eb7a000 	/System/Library/Frameworks/OpenGL.framework/Versions/A/Libraries/libGLU.dylib
0x00007ffa1eb3e000 	/System/Library/Frameworks/OpenGL.framework/Versions/A/Libraries/libGFXShared.dylib
0x00007ffa1ed47000 	/System/Library/Frameworks/OpenGL.framework/Versions/A/Libraries/libGL.dylib
0x00007ffa1eb47000 	/System/Library/Frameworks/OpenGL.framework/Versions/A/Libraries/libGLImage.dylib
0x00007ffa1eb3b000 	/System/Library/Frameworks/OpenGL.framework/Versions/A/Libraries/libCVMSPluginSupport.dylib
0x00007ffb269bd000 	/usr/lib/libRosetta.dylib
0x00007ffa1eb26000 	/System/Library/Frameworks/OpenGL.framework/Versions/A/Libraries/libCoreVMClient.dylib
0x00007ff8138b4000 	/System/Library/Frameworks/MetalPerformanceShaders.framework/Versions/A/Frameworks/MPSCore.framework/Versions/A/MPSCore
0x00007ff814cc9000 	/System/Library/Frameworks/MetalPerformanceShaders.framework/Versions/A/Frameworks/MPSImage.framework/Versions/A/MPSImage
0x00007ff81474b000 	/System/Library/Frameworks/MetalPerformanceShaders.framework/Versions/A/Frameworks/MPSNeuralNetwork.framework/Versions/A/MPSNeuralNetwork
0x00007ff814bbe000 	/System/Library/Frameworks/MetalPerformanceShaders.framework/Versions/A/Frameworks/MPSMatrix.framework/Versions/A/MPSMatrix
0x00007ff814979000 	/System/Library/Frameworks/MetalPerformanceShaders.framework/Versions/A/Frameworks/MPSRayIntersector.framework/Versions/A/MPSRayIntersector
0x00007ff814bf8000 	/System/Library/Frameworks/MetalPerformanceShaders.framework/Versions/A/Frameworks/MPSNDArray.framework/Versions/A/MPSNDArray
0x00007ffa24e69000 	/System/Library/Frameworks/MetalPerformanceShaders.framework/Versions/A/Frameworks/MPSFunctions.framework/Versions/A/MPSFunctions
0x00007ff809bf5000 	/System/Library/PrivateFrameworks/MetalTools.framework/Versions/A/MetalTools
0x00007ff81393a000 	/System/Library/PrivateFrameworks/AggregateDictionary.framework/Versions/A/AggregateDictionary
0x00007ff815b5f000 	/usr/lib/libIOReport.dylib
0x00007ffa2012a000 	/System/Library/Frameworks/OpenCL.framework/Versions/A/OpenCL
0x00007ff815f06000 	/System/Library/PrivateFrameworks/GraphVisualizer.framework/Versions/A/GraphVisualizer
0x00007ffb0ec6b000 	/System/Library/PrivateFrameworks/FontServices.framework/Versions/A/FontServices
0x00007ff81632f000 	/System/Library/PrivateFrameworks/OTSVG.framework/Versions/A/OTSVG
0x00007ff811351000 	/System/Library/Frameworks/ApplicationServices.framework/Versions/A/Frameworks/ATS.framework/Versions/A/Resources/libFontRegistry.dylib
0x00007ff81637e000 	/System/Library/PrivateFrameworks/FontServices.framework/libhvf.dylib
0x00007ffb0ec6c000 	/System/Library/PrivateFrameworks/FontServices.framework/libXTFontStaticRegistryData.dylib
0x00007ffb1fe9d000 	/System/Library/PrivateFrameworks/VideoToolboxParavirtualizationSupport.framework/Versions/A/VideoToolboxParavirtualizationSupport
0x00007ff815d70000 	/System/Library/PrivateFrameworks/AppleVA.framework/Versions/A/AppleVA
0x00007ff81800b000 	/System/Library/Frameworks/ApplicationServices.framework/Versions/A/Frameworks/ATS.framework/Versions/A/ATS
0x00007ff80ed75000 	/System/Library/Frameworks/ApplicationServices.framework/Versions/A/Frameworks/HIServices.framework/Versions/A/HIServices
0x00007ff816e4f000 	/System/Library/Frameworks/ApplicationServices.framework/Versions/A/Frameworks/PrintCore.framework/Versions/A/PrintCore
0x00007ff8183be000 	/System/Library/Frameworks/ApplicationServices.framework/Versions/A/Frameworks/QD.framework/Versions/A/QD
0x00007ff8183b6000 	/System/Library/Frameworks/ApplicationServices.framework/Versions/A/Frameworks/ColorSyncLegacy.framework/Versions/A/ColorSyncLegacy
0x00007ff817fdf000 	/System/Library/Frameworks/ApplicationServices.framework/Versions/A/Frameworks/SpeechSynthesis.framework/Versions/A/SpeechSynthesis
0x00007ff816e0d000 	/System/Library/Frameworks/ApplicationServices.framework/Versions/A/Frameworks/ATSUI.framework/Versions/A/ATSUI
0x00007ff818349000 	/usr/lib/libcups.2.dylib
0x00007ff81871a000 	/System/Library/Frameworks/Kerberos.framework/Versions/A/Kerberos
0x00007ff818729000 	/System/Library/Frameworks/GSS.framework/Versions/A/GSS
0x00007ff818079000 	/usr/lib/libresolv.9.dylib
0x00007ff81638f000 	/System/Library/PrivateFrameworks/Heimdal.framework/Versions/A/Heimdal
0x00007ff81f477000 	/System/Library/Frameworks/Kerberos.framework/Versions/A/Libraries/libHeimdalProxy.dylib
0x00007ff818774000 	/System/Library/PrivateFrameworks/CommonAuth.framework/Versions/A/CommonAuth
0x00007ffa22dd4000 	/System/Library/Frameworks/AVFAudio.framework/Versions/A/AVFAudio
0x00007ff8268b7000 	/System/Library/PrivateFrameworks/AXCoreUtilities.framework/Versions/A/AXCoreUtilities
0x00007ff817f5b000 	/System/Library/PrivateFrameworks/AudioSession.framework/Versions/A/AudioSession
0x00007ff819555000 	/System/Library/Frameworks/IOBluetooth.framework/Versions/A/IOBluetooth
0x00007ff815e76000 	/System/Library/PrivateFrameworks/MediaExperience.framework/Versions/A/MediaExperience
0x00007ff817e02000 	/System/Library/PrivateFrameworks/AudioSession.framework/libSessionUtility.dylib
0x00007ff8183ca000 	/System/Library/PrivateFrameworks/AudioResourceArbitration.framework/Versions/A/AudioResourceArbitration
0x00007ff81c4ae000 	/System/Library/PrivateFrameworks/PowerLog.framework/Versions/A/PowerLog
0x00007ff81c3f0000 	/System/Library/Frameworks/CoreBluetooth.framework/Versions/A/CoreBluetooth
0x00007ff81f478000 	/System/Library/Frameworks/AudioUnit.framework/Versions/A/AudioUnit
0x00007ff814444000 	/System/Library/PrivateFrameworks/CoreUtils.framework/Versions/A/CoreUtils
0x00007ffb0d81c000 	/System/Library/PrivateFrameworks/CoreUtilsExtras.framework/Versions/A/CoreUtilsExtras
0x00007ffb1256d000 	/System/Library/PrivateFrameworks/IO80211.framework/Versions/A/IO80211
0x00007ff815de4000 	/System/Library/PrivateFrameworks/IconFoundation.framework/Versions/A/IconFoundation
0x00007ff81b4cd000 	/System/Library/PrivateFrameworks/SpeechRecognitionCore.framework/Versions/A/SpeechRecognitionCore
0x000000010656d000 	/Library/Java/JavaVirtualMachines/temurin-17.jdk/Contents/Home/lib/server/libjvm.dylib
0x00000001053d2000 	/Library/Java/JavaVirtualMachines/temurin-17.jdk/Contents/Home/lib/libjimage.dylib
0x00000001054ab000 	/Library/Java/JavaVirtualMachines/temurin-17.jdk/Contents/Home/lib/libjava.dylib
0x0000000105495000 	/Library/Java/JavaVirtualMachines/temurin-17.jdk/Contents/Home/lib/libnio.dylib
0x0000000105f4b000 	/Library/Java/JavaVirtualMachines/temurin-17.jdk/Contents/Home/lib/libnet.dylib
0x0000000105f31000 	/Library/Java/JavaVirtualMachines/temurin-17.jdk/Contents/Home/lib/libzip.dylib
0x0000000105f65000 	/Users/leowong/.openjfx/cache/17.0.2-ea/libprism_es2.dylib
0x00007ffa1ed52000 	/System/Library/Frameworks/OpenGL.framework/Versions/A/Resources/GLEngine.bundle/GLEngine
0x00007ffa1ebb8000 	/System/Library/Frameworks/OpenGL.framework/Versions/A/Libraries/libGLProgrammability.dylib
0x00007ffa18d9c000 	/System/Library/Extensions/AppleIntelICLGraphicsGLDriver.bundle/Contents/MacOS/AppleIntelICLGraphicsGLDriver
0x00007ff916b66000 	/System/Library/PrivateFrameworks/GPUSupport.framework/Versions/A/Libraries/libGPUSupportMercury.dylib
0x00007ffa1eedc000 	/System/Library/Frameworks/OpenGL.framework/Versions/A/Resources/GLRendererFloat.bundle/GLRendererFloat
0x00000001290f5000 	/Users/leowong/.openjfx/cache/17.0.2-ea/libglass.dylib
0x00007ff81caa0000 	/System/Library/Frameworks/FileProvider.framework/Versions/A/FileProvider
0x00007ff80f878000 	/System/Library/Frameworks/Accounts.framework/Versions/A/Accounts
0x00007ff811816000 	/System/Library/PrivateFrameworks/UserManagement.framework/Versions/A/UserManagement
0x00007ff81cc2b000 	/System/Library/PrivateFrameworks/GenerationalStorage.framework/Versions/A/GenerationalStorage
0x00007ff81d79e000 	/System/Library/PrivateFrameworks/CoreSymbolication.framework/Versions/A/CoreSymbolication
0x00007ff81c4a3000 	/System/Library/PrivateFrameworks/SymptomDiagnosticReporter.framework/Versions/A/SymptomDiagnosticReporter
0x00007ff80d856000 	/System/Library/PrivateFrameworks/DesktopServicesPriv.framework/Versions/A/DesktopServicesPriv
0x00007ff80c61a000 	/usr/lib/libsandbox.1.dylib
0x00007ff81d763000 	/System/Library/PrivateFrameworks/DebugSymbols.framework/Versions/A/DebugSymbols
0x00007ff8183ab000 	/System/Library/PrivateFrameworks/NetAuth.framework/Versions/A/NetAuth
0x00007ff8193d8000 	/System/Library/PrivateFrameworks/Sharing.framework/Versions/A/Sharing
0x00007ff8117dc000 	/System/Library/PrivateFrameworks/login.framework/Versions/A/Frameworks/loginsupport.framework/Versions/A/loginsupport
0x00007ff81e99c000 	/System/Library/PrivateFrameworks/Apple80211.framework/Versions/A/Apple80211
0x00007ff814db2000 	/System/Library/PrivateFrameworks/AuthKit.framework/Versions/A/AuthKit
0x00007ff8143ca000 	/System/Library/Frameworks/CoreWLAN.framework/Versions/A/CoreWLAN
0x00007ff81e9a0000 	/System/Library/PrivateFrameworks/CoreWiFi.framework/Versions/A/CoreWiFi
0x00007ffa0de53000 	/System/Library/PrivateFrameworks/WiFiPeerToPeer.framework/Versions/A/WiFiPeerToPeer
0x00007ff81d30e000 	/System/Library/PrivateFrameworks/FrontBoardServices.framework/Versions/A/FrontBoardServices
0x00007ff81d3a6000 	/System/Library/PrivateFrameworks/BoardServices.framework/Versions/A/BoardServices
0x00007ff81eaff000 	/System/Library/PrivateFrameworks/BackBoardServices.framework/Versions/A/BackBoardServices
0x00007ff814f20000 	/System/Library/Frameworks/UserNotifications.framework/Versions/A/UserNotifications
0x00007ff818869000 	/System/Library/PrivateFrameworks/CorePhoneNumbers.framework/Versions/A/CorePhoneNumbers
0x00007ff8180a6000 	/System/Library/PrivateFrameworks/MultiverseSupport.framework/Versions/A/MultiverseSupport
0x00007ff81ed7a000 	/System/Library/PrivateFrameworks/RemoteServiceDiscovery.framework/Versions/A/RemoteServiceDiscovery
0x00007ff81c5c1000 	/System/Library/PrivateFrameworks/DiskManagement.framework/Versions/A/DiskManagement
0x00007ff81c4d5000 	/System/Library/PrivateFrameworks/AppleIDAuthSupport.framework/Versions/A/AppleIDAuthSupport
0x00007ffa2792f000 	/System/Library/PrivateFrameworks/AAAFoundation.framework/Versions/A/AAAFoundation
0x00007ff818842000 	/System/Library/PrivateFrameworks/KeychainCircle.framework/Versions/A/KeychainCircle
0x00007ff81ed8a000 	/System/Library/PrivateFrameworks/RemoteXPC.framework/Versions/A/RemoteXPC
0x00007ff81c58d000 	/System/Library/PrivateFrameworks/MediaKit.framework/Versions/A/MediaKit
0x00007ff81c4e1000 	/System/Library/Frameworks/DiscRecording.framework/Versions/A/DiscRecording
0x00007ff815ce8000 	/usr/lib/libCoreStorage.dylib
0x00007ff81edf5000 	/usr/lib/libcsfde.dylib
0x00007ff819626000 	/System/Library/PrivateFrameworks/ProtectedCloudStorage.framework/Versions/A/ProtectedCloudStorage
0x00007ff81edf1000 	/System/Library/PrivateFrameworks/EFILogin.framework/Versions/A/EFILogin
0x00007ff81cc51000 	/System/Library/PrivateFrameworks/OctagonTrust.framework/Versions/A/OctagonTrust
0x00007ff815ce0000 	/usr/lib/libMatch.1.dylib
0x00007ff91029b000 	/System/Library/Frameworks/Accelerate.framework/Versions/A/Frameworks/vImage.framework/Versions/A/Libraries/libCGInterfaces.dylib
0x0000000129361000 	/usr/lib/libobjc-trampolines.dylib
0x00007ffb26779000 	/usr/lib/libAccessibilityBaseImplementations.dylib
0x00007ff8114f5000 	/System/Library/PrivateFrameworks/ViewBridge.framework/Versions/A/ViewBridge
0x00007ff816446000 	/System/Library/PrivateFrameworks/login.framework/Versions/A/login
0x000000012fd20000 	/Users/leowong/.openjfx/cache/17.0.2-ea/libjavafx_font.dylib
0x000000013271b000 	/System/Library/Frameworks/FileProvider.framework/OverrideBundles/CloudDocsFileProvider.bundle/Contents/MacOS/CloudDocsFileProvider
0x00007ff811af8000 	/System/Library/PrivateFrameworks/CloudDocs.framework/Versions/A/CloudDocs
0x00007ff81f180000 	/System/Library/PrivateFrameworks/AppleAccount.framework/Versions/A/AppleAccount
0x00007ff81183f000 	/System/Library/Frameworks/CloudKit.framework/Versions/A/CloudKit
0x00007ff81960d000 	/System/Library/PrivateFrameworks/AppContainer.framework/Versions/A/AppContainer
0x00007ff819011000 	/System/Library/PrivateFrameworks/IDS.framework/Versions/A/IDS
0x00007ff81f2eb000 	/System/Library/PrivateFrameworks/AppleIDSSOAuthentication.framework/Versions/A/AppleIDSSOAuthentication
0x00007ff8117df000 	/System/Library/PrivateFrameworks/ApplePushService.framework/Versions/A/ApplePushService
0x00007ff81ee7a000 	/System/Library/PrivateFrameworks/AppSupport.framework/Versions/A/AppSupport
0x00007ff817d5a000 	/System/Library/PrivateFrameworks/IMFoundation.framework/Versions/A/IMFoundation
0x00007ff82600a000 	/System/Library/PrivateFrameworks/Marco.framework/Versions/A/Marco
0x00007ff8191a1000 	/System/Library/PrivateFrameworks/IDSFoundation.framework/Versions/A/IDSFoundation
0x00007ff80f8f5000 	/System/Library/PrivateFrameworks/CommonUtilities.framework/Versions/A/CommonUtilities
0x00007ff90b20a000 	/System/Library/PrivateFrameworks/FTServices.framework/Versions/A/FTServices
0x00007ff822fb8000 	/System/Library/PrivateFrameworks/Engram.framework/Versions/A/Engram
0x00007ff822f5b000 	/usr/lib/libtidy.A.dylib
0x00007ff816605000 	/System/Library/PrivateFrameworks/Bom.framework/Versions/A/Bom
0x00007ff8180b6000 	/usr/lib/libParallelCompression.dylib
0x00007ff815b68000 	/System/Library/PrivateFrameworks/CrashReporterSupport.framework/Versions/A/CrashReporterSupport
0x00007ff916893000 	/System/Library/PrivateFrameworks/FTAWD.framework/Versions/A/FTAWD
0x00007ff918e77000 	/System/Library/PrivateFrameworks/OSAnalytics.framework/Versions/A/OSAnalytics
0x00007ff924b50000 	/System/Library/PrivateFrameworks/Symbolication.framework/Versions/A/Symbolication
0x00007ff90b5fd000 	/System/Library/PrivateFrameworks/MallocStackLogging.framework/Versions/A/MallocStackLogging
0x00007ffa26cfb000 	/System/Library/Frameworks/SharedWithYouCore.framework/Versions/A/SharedWithYouCore
0x00007ffb26892000 	/usr/lib/libBASupport.dylib
0x00007ff90a8c7000 	/System/Library/Frameworks/AVFoundation.framework/Versions/A/AVFoundation
0x00007ff81f528000 	/System/Library/PrivateFrameworks/C2.framework/Versions/A/C2
0x00007ff8128e2000 	/System/Library/Frameworks/CoreLocation.framework/Versions/A/CoreLocation
0x00007ffb0a727000 	/System/Library/PrivateFrameworks/CloudKitDistributedSync.framework/Versions/A/CloudKitDistributedSync
0x00007ff81f520000 	/System/Library/Frameworks/PushKit.framework/Versions/A/PushKit
0x00007ffa2386a000 	/System/Library/Frameworks/CoreTransferable.framework/Versions/A/CoreTransferable
0x00007ffa09cb6000 	/System/Library/Frameworks/CryptoKit.framework/Versions/A/CryptoKit
0x00007ffa0ddd6000 	/System/Library/PrivateFrameworks/FeatureFlags.framework/Versions/A/FeatureFlags
0x00007ff92200b000 	/usr/lib/swift/libswiftAVFoundation.dylib
0x00007ff90b642000 	/usr/lib/swift/libswiftCoreAudio.dylib
0x00007ff9102ba000 	/usr/lib/swift/libswiftCoreLocation.dylib
0x00007ff9102bd000 	/usr/lib/swift/libswiftCoreMIDI.dylib
0x00007ff920b58000 	/usr/lib/swift/libswiftCoreMedia.dylib
0x00007ff9162e6000 	/usr/lib/swift/libswiftMetal.dylib
0x00007ff9197fb000 	/usr/lib/swift/libswiftQuartzCore.dylib
0x00007ff91d727000 	/usr/lib/swift/libswiftUniformTypeIdentifiers.dylib
0x00007ff90e561000 	/usr/lib/swift/libswiftsimd.dylib
0x00007ff81d108000 	/System/Library/PrivateFrameworks/AVFCore.framework/Versions/A/AVFCore
0x00007ff8246f0000 	/System/Library/PrivateFrameworks/AVFCapture.framework/Versions/A/AVFCapture
0x00007ff9092e3000 	/System/Library/PrivateFrameworks/AirPlaySync.framework/Versions/A/AirPlaySync
0x00007ff817086000 	/System/Library/Frameworks/MediaToolbox.framework/Versions/A/MediaToolbox
0x00007ff81ca70000 	/System/Library/PrivateFrameworks/CoreAVCHD.framework/Versions/A/CoreAVCHD
0x00007ff81bbbf000 	/System/Library/Frameworks/MediaAccessibility.framework/Versions/A/MediaAccessibility
0x00007ff81ca6c000 	/System/Library/PrivateFrameworks/Mangrove.framework/Versions/A/Mangrove
0x00007ffb0a3cb000 	/System/Library/PrivateFrameworks/CMPhoto.framework/Versions/A/CMPhoto
0x00007ff81d637000 	/System/Library/PrivateFrameworks/AppleVPA.framework/Versions/A/AppleVPA
0x00007ff81c6b1000 	/System/Library/PrivateFrameworks/CoreAUC.framework/Versions/A/CoreAUC
0x00007ffb0a39d000 	/System/Library/PrivateFrameworks/CMImaging.framework/Versions/A/CMImaging
0x00007ff82486f000 	/System/Library/PrivateFrameworks/Quagga.framework/Versions/A/Quagga
0x00007ff824941000 	/System/Library/PrivateFrameworks/CMCapture.framework/Versions/A/CMCapture
0x00007ff818175000 	/System/Library/Frameworks/CoreMediaIO.framework/Versions/A/CoreMediaIO
0x00007ff90b58b000 	/System/Library/PrivateFrameworks/LoggingSupport.framework/Versions/A/LoggingSupport
0x00007ff821057000 	/System/Library/PrivateFrameworks/RTCReporting.framework/Versions/A/RTCReporting
0x00007ff81987e000 	/System/Library/PrivateFrameworks/GeoServices.framework/Versions/A/GeoServices
0x00007ff817dce000 	/System/Library/PrivateFrameworks/LocationSupport.framework/Versions/A/LocationSupport
0x00007ffb0f857000 	/System/Library/PrivateFrameworks/GeoServicesCore.framework/Versions/A/GeoServicesCore
0x00007ff8268ae000 	/System/Library/PrivateFrameworks/PhoneNumbers.framework/Versions/A/PhoneNumbers
0x00007ffa09ab3000 	/usr/lib/swift/libswiftNetwork.dylib
0x00007ff81f472000 	/System/Library/PrivateFrameworks/CryptoKitCBridging.framework/Versions/A/CryptoKitCBridging
0x00007ff81d44c000 	/System/Library/Frameworks/CryptoTokenKit.framework/Versions/A/CryptoTokenKit
0x00007ff920b56000 	/usr/lib/swift/libswiftCryptoTokenKit.dylib
0x00007ff81d4a7000 	/System/Library/Frameworks/LocalAuthentication.framework/Versions/A/LocalAuthentication
0x00007ff81d4ec000 	/System/Library/Frameworks/LocalAuthentication.framework/Support/SharedUtils.framework/Versions/A/SharedUtils
0x00007ff90961d000 	/usr/lib/swift/libswiftCoreGraphics.dylib
0x00007ff819622000 	/System/Library/PrivateFrameworks/SecCodeWrapper.framework/Versions/A/SecCodeWrapper
0x00000001326e9000 	/System/Library/Frameworks/FileProvider.framework/OverrideBundles/FileProviderOverride.bundle/Contents/MacOS/FileProviderOverride
0x00000001327ba000 	/System/Library/Frameworks/FileProvider.framework/OverrideBundles/FinderSyncCollaborationFileProviderOverride.bundle/Contents/MacOS/FinderSyncCollaborationFileProviderOverride
0x00007ff91d603000 	/System/Library/PrivateFrameworks/FinderSyncPriv.framework/Versions/A/FinderSyncPriv
0x00007ff90910d000 	/usr/lib/libFosl_dynamic.dylib
0x00007ff90f73f000 	/usr/lib/libncurses.5.4.dylib
0x00007ffa19cf4000 	/System/Library/Extensions/AppleIntelICLGraphicsMTLDriver.bundle/Contents/MacOS/AppleIntelICLGraphicsMTLDriver
0x00007ff90b63e000 	/System/Library/PrivateFrameworks/GPURawCounter.framework/Versions/A/GPURawCounter
0x00007ff81bbf3000 	/System/Library/PrivateFrameworks/SystemAdministration.framework/Versions/A/SystemAdministration
0x00007ff81b499000 	/System/Library/Frameworks/DirectoryService.framework/Versions/A/DirectoryService
0x00007ff81ec92000 	/System/Library/PrivateFrameworks/DiskImages.framework/Versions/A/DiskImages
0x00007ff814697000 	/System/Library/Frameworks/ServiceManagement.framework/Versions/A/ServiceManagement
0x00007ff81ee72000 	/System/Library/PrivateFrameworks/LoginUIKit.framework/Versions/A/Frameworks/LoginUICore.framework/Versions/A/LoginUICore
0x00007ff816601000 	/usr/lib/libodfde.dylib
0x00007ff81ee01000 	/usr/lib/libcurl.4.dylib
0x00007ffb26e59000 	/usr/lib/libcrypto.46.dylib
0x00007ffb274f8000 	/usr/lib/libssl.48.dylib
0x00007ff81eb20000 	/System/Library/Frameworks/LDAP.framework/Versions/A/LDAP
0x00007ff81eb5c000 	/System/Library/PrivateFrameworks/TrustEvaluationAgent.framework/Versions/A/TrustEvaluationAgent
0x00007ff818092000 	/usr/lib/libsasl2.2.dylib


VM Arguments:
jvm_args: -Dfile.encoding=UTF-8 -Duser.country=HK -Duser.language=zh -Duser.variant --module-path=/Users/leowong/IdeaProjects/SpaceX-Invader/build/libs/SpaceX-Invader-1.0-SNAPSHOT.jar:/Users/leowong/IdeaProjects/SpaceX-Invader/build/classes/java/main:/Users/leowong/.gradle/caches/modules-2/files-2.1/org.openjfx/javafx-fxml/17.0.2/9c41e4ab330cfae0c3b3dad0967df939f5ef898/javafx-fxml-17.0.2-mac.jar:/Users/leowong/.gradle/caches/modules-2/files-2.1/org.openjfx/javafx-controls/17.0.2/398f6e8c33d1edade15d7a5fddd32ed522130859/javafx-controls-17.0.2-mac.jar:/Users/leowong/.gradle/caches/modules-2/files-2.1/org.openjfx/javafx-controls/17.0.2/f52640ea07a0d7fe2ac8b9f945ec58fa22ac1afd/javafx-controls-17.0.2.jar:/Users/leowong/.gradle/caches/modules-2/files-2.1/org.openjfx/javafx-media/17.0.2/262deafe877eb703ef7391b16f71296f6743fcfd/javafx-media-17.0.2-mac.jar:/Users/leowong/.gradle/caches/modules-2/files-2.1/org.openjfx/javafx-graphics/17.0.2/d9083118587a9d6df8a530bdc7986bb6baa57a64/javafx-graphics-17.0.2-mac.jar:/Users/leowong/.gradle/caches/modules-2/files-2.1/org.openjfx/javafx-graphics/17.0.2/1eb7ce07e07ccc2fcb26103f07535e72069519d6/javafx-graphics-17.0.2.jar:/Users/leowong/.gradle/caches/modules-2/files-2.1/org.openjfx/javafx-base/17.0.2/b0f45ac4f08692d900dea7944663b5480d38b2cd/javafx-base-17.0.2-mac.jar:/Users/leowong/.gradle/caches/modules-2/files-2.1/org.openjfx/javafx-base/17.0.2/ca46f15a306175ac1513211e1d190a5baacd77cc/javafx-base-17.0.2.jar:/Users/leowong/.gradle/caches/modules-2/files-2.1/org.kordamp.bootstrapfx/bootstrapfx-core/0.4.0/8d019b30266c00770cf29921d1008ad7feed0ed6/bootstrapfx-core-0.4.0.jar:/Users/leowong/.gradle/caches/modules-2/files-2.1/com.github.almasb/fxgl/17.2/35db6ae960eec2dcfd19262d3b7f9c42f0e95bc3/fxgl-17.2.jar:/Users/leowong/.gradle/caches/modules-2/files-2.1/com.github.almasb/fxgl-io/17.2/aa1cb154ec24f8868c834570ea53faa2902dcd89/fxgl-io-17.2.jar:/Users/leowong/.gradle/caches/modules-2/files-2.1/com.github.almasb/fxgl-entity/17.2/3692459cbcd9d787c1124071f7beefef05f70c6e/fxgl-entity-17.2.jar:/Users/leowong/.gradle/caches/modul-Djdk.module.main=spacexinvader 
java_command: spacexinvader/com.ood.spacexinvader.GameStart
java_class_path (initial): /Users/leowong/IdeaProjects/SpaceX-Invader/build/resources/main:/Users/leowong/.gradle/caches/modules-2/files-2.1/org.jetbrains/annotations/13.0/919f0dfe192fb4e063e7dacadee7f8bb9a2672a9/annotations-13.0.jar:/Users/leowong/.gradle/caches/modules-2/files-2.1/org.jetbrains.kotlin/kotlin-stdlib-common/1.6.0/7857e365f925cfa060f941c1357cda1f8790502c/kotlin-stdlib-common-1.6.0.jar
Launcher Type: SUN_STANDARD

[Global flags]
     intx CICompilerCount                          = 4                                         {product} {ergonomic}
     uint ConcGCThreads                            = 2                                         {product} {ergonomic}
     uint G1ConcRefinementThreads                  = 8                                         {product} {ergonomic}
   size_t G1HeapRegionSize                         = 2097152                                   {product} {ergonomic}
    uintx GCDrainStackTargetSize                   = 64                                        {product} {ergonomic}
   size_t InitialHeapSize                          = 268435456                                 {product} {ergonomic}
   size_t MarkStackSize                            = 4194304                                   {product} {ergonomic}
   size_t MaxHeapSize                              = 4294967296                                {product} {ergonomic}
   size_t MaxNewSize                               = 2575302656                                {product} {ergonomic}
   size_t MinHeapDeltaBytes                        = 2097152                                   {product} {ergonomic}
   size_t MinHeapSize                              = 8388608                                   {product} {ergonomic}
    uintx NonNMethodCodeHeapSize                   = 5839372                                {pd product} {ergonomic}
    uintx NonProfiledCodeHeapSize                  = 122909434                              {pd product} {ergonomic}
    uintx ProfiledCodeHeapSize                     = 122909434                              {pd product} {ergonomic}
    uintx ReservedCodeCacheSize                    = 251658240                              {pd product} {ergonomic}
     bool SegmentedCodeCache                       = true                                      {product} {ergonomic}
   size_t SoftMaxHeapSize                          = 4294967296                             {manageable} {ergonomic}
     bool UseCompressedClassPointers               = true                           {product lp64_product} {ergonomic}
     bool UseCompressedOops                        = true                           {product lp64_product} {ergonomic}
     bool UseG1GC                                  = true                                      {product} {ergonomic}
     bool UseNUMA                                  = false                                     {product} {ergonomic}
     bool UseNUMAInterleaving                      = false                                     {product} {ergonomic}

Logging:
Log output configuration:
 #0: stdout all=warning uptime,level,tags
 #1: stderr all=off uptime,level,tags

Environment Variables:
PATH=/Users/leowong/opt/anaconda3/bin:/Users/leowong/opt/anaconda3/condabin:/usr/local/bin:/System/Cryptexes/App/usr/bin:/usr/bin:/bin:/usr/sbin:/sbin:/usr/local/share/dotnet:~/.dotnet/tools:/Library/Apple/usr/bin:/Library/Frameworks/Mono.framework/Versions/Current/Commands
SHELL=/bin/zsh
LC_CTYPE=zh_HK.UTF-8

Signal Handlers:
   SIGSEGV: crash_handler in libjvm.dylib, mask=11100110000111110111111111111111, flags=SA_RESTART|SA_SIGINFO
    SIGBUS: crash_handler in libjvm.dylib, mask=11100110000111110111111111111111, flags=SA_RESTART|SA_SIGINFO
    SIGFPE: crash_handler in libjvm.dylib, mask=11100110000111110111111111111111, flags=SA_RESTART|SA_SIGINFO
   SIGPIPE: javaSignalHandler in libjvm.dylib, mask=11100110000111110111111111111111, flags=SA_RESTART|SA_SIGINFO
   SIGXFSZ: javaSignalHandler in libjvm.dylib, mask=11100110000111110111111111111111, flags=SA_RESTART|SA_SIGINFO
    SIGILL: crash_handler in libjvm.dylib, mask=11100110000111110111111111111111, flags=SA_RESTART|SA_SIGINFO
   SIGUSR2: SR_handler in libjvm.dylib, mask=00100000000000000000000000000000, flags=SA_RESTART|SA_SIGINFO
    SIGHUP: UserHandler in libjvm.dylib, mask=11100110000111110111111111111111, flags=SA_RESTART|SA_SIGINFO
    SIGINT: UserHandler in libjvm.dylib, mask=11100110000111110111111111111111, flags=SA_RESTART|SA_SIGINFO
   SIGTERM: UserHandler in libjvm.dylib, mask=11100110000111110111111111111111, flags=SA_RESTART|SA_SIGINFO
   SIGQUIT: UserHandler in libjvm.dylib, mask=11100110000111110111111111111111, flags=SA_RESTART|SA_SIGINFO
  *** Handler was modified!
  *** Expected: javaSignalHandler in libjvm.dylib, mask=11100110100111111111111111111111, flags=SA_RESTART|SA_SIGINFO
   SIGTRAP: crash_handler in libjvm.dylib, mask=11100110000111110111111111111111, flags=SA_RESTART|SA_SIGINFO


---------------  S Y S T E M  ---------------

OS:
uname: Darwin 22.2.0 Darwin Kernel Version 22.2.0: Fri Nov 11 02:08:47 PST 2022; root:xnu-8792.61.2~4/RELEASE_X86_64 x86_64
OS uptime: 55 days 16:26 hours
rlimit (soft/hard): STACK 8192k/65532k , CORE 0k/infinity , NPROC 2784/4176 , NOFILE 10240/infinity , AS infinity/infinity , CPU infinity/infinity , DATA infinity/infinity , FSIZE infinity/infinity , MEMLOCK infinity/infinity , RSS infinity/infinity
load average: 2.92 4.46 4.21

CPU: total 8 (initial active 8) (4 cores per cpu, 2 threads per core) family 6 model 126 stepping 5 microcode 0xb6, cx8, cmov, fxsr, ht, mmx, 3dnowpref, sse, sse2, sse3, ssse3, sse4.1, sse4.2, popcnt, lzcnt, tsc, tscinvbit, avx, avx2, aes, erms, clmul, bmi1, bmi2, adx, sha, fma, vzeroupper, clflush, clflushopt

Memory: 4k page, physical 16777216k(1224472k free), swap 8388608k(401664k free)

vm_info: OpenJDK 64-Bit Server VM (17.0.3+7) for bsd-amd64 JRE (17.0.3+7), built on Apr 19 2022 22:49:40 by "jenkins" with clang 4.2.1 Compatible Apple LLVM 10.0.1 (clang-1001.0.46.4)

END.
