#
# A fatal error has been detected by the Java Runtime Environment:
#
#  SIGBUS (0xa) at pc=0x00007ff80e56d6e3, pid=99039, tid=259
#
# JRE version: OpenJDK Runtime Environment Temurin-17.0.3+7 (17.0.3+7) (build 17.0.3+7)
# Java VM: OpenJDK 64-Bit Server VM Temurin-17.0.3+7 (17.0.3+7, mixed mode, tiered, compressed oops, compressed class ptrs, g1 gc, bsd-amd64)
# Problematic frame:
# C  [CoreGraphics+0xc6e3]  ERROR_CGDataProvider_BufferIsNotReadable+0x23
#
# No core dump will be written. Core dumps have been disabled. To enable core dumping, try "ulimit -c unlimited" before starting Java again
#
# If you would like to submit a bug report, please visit:
#   https://github.com/adoptium/adoptium-support/issues
# The crash happened outside the Java Virtual Machine in native code.
# See problematic frame for where to report the bug.
#

---------------  S U M M A R Y ------------

Command Line: --add-modules=javafx.controls,javafx.fxml,javafx.graphics,javafx.media --module-path=/Users/leowong/IdeaProjects/SpaceX-Invader/build/libs/SpaceX-Invader-1.0.jar:/Users/leowong/.gradle/caches/modules-2/files-2.1/com.github.almasb/fxgl/17.2/35db6ae960eec2dcfd19262d3b7f9c42f0e95bc3/fxgl-17.2.jar:/Users/leowong/.gradle/caches/modules-2/files-2.1/com.gluonhq.attach/lifecycle/4.0.13/67db85de9611371b03e3eb3f25454415801a5744/lifecycle-4.0.13.jar:/Users/leowong/.gradle/caches/modules-2/files-2.1/com.github.almasb/fxgl-io/17.2/aa1cb154ec24f8868c834570ea53faa2902dcd89/fxgl-io-17.2.jar:/Users/leowong/.gradle/caches/modules-2/files-2.1/com.github.almasb/fxgl-entity/17.2/3692459cbcd9d787c1124071f7beefef05f70c6e/fxgl-entity-17.2.jar:/Users/leowong/.gradle/caches/modules-2/files-2.1/com.github.almasb/fxgl-gameplay/17.2/c896d7d4bc2ee0b6139643e7007ad9a7e543905d/fxgl-gameplay-17.2.jar:/Users/leowong/.gradle/caches/modules-2/files-2.1/com.github.almasb/fxgl-scene/17.2/a17ea10194e806c1557913eb51b0de0c10ad3561/fxgl-scene-17.2.jar:/Users/leowong/.gradle/caches/modules-2/files-2.1/com.github.almasb/fxgl-core/17.2/f68d59106d2d4d411d980777d035219ddb4c8f24/fxgl-core-17.2.jar:/Users/leowong/.gradle/caches/modules-2/files-2.1/com.gluonhq.attach/audio/4.0.13/5f799f84ebfa1749e9a0d5d1c98258a6fa6d8252/audio-4.0.13.jar:/Users/leowong/.gradle/caches/modules-2/files-2.1/com.gluonhq.attach/storage/4.0.13/c16d015d2cd2f7582fb37aebb0ad21a742f22ff3/storage-4.0.13.jar:/Users/leowong/.gradle/caches/modules-2/files-2.1/com.gluonhq.attach/util/4.0.13/afd0eab9711a196fdbf639987fd2e5b09cfad237/util-4.0.13.jar:/Users/leowong/.gradle/caches/modules-2/files-2.1/com.fasterxml.jackson.core/jackson-annotations/2.12.1/aa079f822ddce5548018286d19ccb15c2fc202d7/jackson-annotations-2.12.1.jar:/Users/leowong/.gradle/caches/modules-2/files-2.1/com.fasterxml.jackson.core/jackson-core/2.12.1/7c5493930e439be6fcec80a9afd6516b8e5e8760/jackson-core-2.12.1.jar:/Users/leowong/.gradle/caches/modules-2/files-2.1/com.fasterxml.jackson.core/jackson-databind/2.12.1/8a97e00e429c42f74757b0a8cd1d39dddd41524f/--patch-module=spacexinvader.main=/Users/leowong/IdeaProjects/SpaceX-Invader/build/resources/main -Dfile.encoding=UTF-8 -Duser.country=HK -Duser.language=zh -Duser.variant -Djdk.module.main=spacexinvader.main spacexinvader.main/com.ood.spacexinvader.GameStart

Host: "MacBookPro16,2" x86_64 2000 MHz, 8 cores, 16G, Darwin 22.2.0, macOS 10.16 (22C65)
Time: Thu Mar  9 12:06:04 2023 CST elapsed time: 18.720516 seconds (0d 0h 0m 18s)

---------------  T H R E A D  ---------------

Current thread (0x00007ff00db02e00):  JavaThread "JavaFX Application Thread" [_thread_in_native, id=259, stack(0x00007ff7be60a000,0x00007ff7bee0a000)]

Stack: [0x00007ff7be60a000,0x00007ff7bee0a000],  sp=0x00007ff7bee03c40,  free space=8167k
Native frames: (J=compiled Java code, j=interpreted, Vv=VM code, C=native code)
C  [CoreGraphics+0xc6e3]  ERROR_CGDataProvider_BufferIsNotReadable+0x23
C  [CoreGraphics+0xc57f]  CGDataProviderRetainBytePtr+0x111
C  [CoreGraphics+0x207044]  CGDataProviderCreateProtectedCopy+0x13
C  [CoreGraphics+0x1b961b]  CGImageCreateCopyWithProtectedDataProvider+0x3e
C  [CoreGraphics+0x37e73]  CGContextDrawImageWithOptions+0x111
C  [SkyLight+0x21832e]  SLSRegisterCursorWithImages+0x386
C  [AppKit+0x1cf8fd]  -[NSCursor _reallySet]+0x240
C  [AppKit+0x1cf671]  -[NSCursor set]+0xb2
C  [libglass.dylib+0x81ff]  Java_com_sun_glass_ui_mac_MacCursor__1setCustom+0x11f
j  com.sun.glass.ui.mac.MacCursor._setCustom(J)V+0 javafx.graphics@18
j  com.sun.glass.ui.mac.MacCursor.set()V+60 javafx.graphics@18
j  com.sun.glass.ui.mac.MacWindow._setCursor(JLcom/sun/glass/ui/Cursor;)V+4 javafx.graphics@18
j  com.sun.glass.ui.Window.setCursor(Lcom/sun/glass/ui/Cursor;)V+9 javafx.graphics@18
j  com.sun.javafx.tk.quantum.ViewScene.lambda$setCursor$1(Ljava/lang/Object;)V+34 javafx.graphics@18
j  com.sun.javafx.tk.quantum.ViewScene$$Lambda$195+0x00000007c0237230.run()V+8 javafx.graphics@18
J 4041 c1 com.sun.glass.ui.InvokeLaterDispatcher$Future.run()V javafx.graphics@18 (91 bytes) @ 0x000000010bb6378c [0x000000010bb63680+0x000000000000010c]
v  ~StubRoutines::call_stub
V  [libjvm.dylib+0x51b076]  JavaCalls::call_helper(JavaValue*, methodHandle const&, JavaCallArguments*, JavaThread*)+0x2b6
V  [libjvm.dylib+0x5761e5]  jni_invoke_nonstatic(JNIEnv_*, JavaValue*, _jobject*, JNICallType, _jmethodID*, JNI_ArgumentPusher*, JavaThread*)+0x2d5
V  [libjvm.dylib+0x57a740]  jni_CallVoidMethod+0x1a0
C  [libglass.dylib+0xb2e1]  JNI_OnLoad+0xb1
C  [Foundation+0x7f420]  __NSThreadPerformPerform+0xb1
C  [CoreFoundation+0x7fb98]  __CFRUNLOOP_IS_CALLING_OUT_TO_A_SOURCE0_PERFORM_FUNCTION__+0x11
C  [CoreFoundation+0x7fb47]  __CFRunLoopDoSource0+0x9d
C  [CoreFoundation+0x7f921]  __CFRunLoopDoSources0+0xd4
C  [CoreFoundation+0x7e59b]  __CFRunLoopRun+0x3a1
C  [CoreFoundation+0x7db80]  CFRunLoopRunSpecific+0x230
C  [HIToolbox+0x2f766]  RunCurrentEventLoopInMode+0x124
C  [HIToolbox+0x2f576]  ReceiveNextEventCommon+0x2a7
C  [HIToolbox+0x2f2b3]  _BlockUntilNextEventMatchingListInModeWithFilter+0x46
C  [AppKit+0x3df33]  _DPSNextEvent+0x38d
C  [AppKit+0x3cdb4]  -[NSApplication(NSEvent) _nextEventMatchingEventMask:untilDate:inMode:dequeue:]+0x4c3
C  [AppKit+0x2f3f7]  -[NSApplication run]+0x24a
C  [libglass.dylib+0xd2c4]  JNI_OnLoad+0x2094
C  [Foundation+0x7f420]  __NSThreadPerformPerform+0xb1
C  [CoreFoundation+0x7fb98]  __CFRUNLOOP_IS_CALLING_OUT_TO_A_SOURCE0_PERFORM_FUNCTION__+0x11
C  [CoreFoundation+0x7fb47]  __CFRunLoopDoSource0+0x9d
C  [CoreFoundation+0x7f921]  __CFRunLoopDoSources0+0xd4
C  [CoreFoundation+0x7e59b]  __CFRunLoopRun+0x3a1
C  [CoreFoundation+0x7db80]  CFRunLoopRunSpecific+0x230
C  [libjli.dylib+0x6e82]  CreateExecutionEnvironment+0x192
C  [libjli.dylib+0x26a8]  JLI_Launch+0x5d8
C  [java+0xc0e]  main+0x19e
C  [dyld+0x6310]  start+0x980

Java frames: (J=compiled Java code, j=interpreted, Vv=VM code)
j  com.sun.glass.ui.mac.MacCursor._setCustom(J)V+0 javafx.graphics@18
j  com.sun.glass.ui.mac.MacCursor.set()V+60 javafx.graphics@18
j  com.sun.glass.ui.mac.MacWindow._setCursor(JLcom/sun/glass/ui/Cursor;)V+4 javafx.graphics@18
j  com.sun.glass.ui.Window.setCursor(Lcom/sun/glass/ui/Cursor;)V+9 javafx.graphics@18
j  com.sun.javafx.tk.quantum.ViewScene.lambda$setCursor$1(Ljava/lang/Object;)V+34 javafx.graphics@18
j  com.sun.javafx.tk.quantum.ViewScene$$Lambda$195+0x00000007c0237230.run()V+8 javafx.graphics@18
J 4041 c1 com.sun.glass.ui.InvokeLaterDispatcher$Future.run()V javafx.graphics@18 (91 bytes) @ 0x000000010bb6378c [0x000000010bb63680+0x000000000000010c]
v  ~StubRoutines::call_stub

siginfo: si_signo: 10 (SIGBUS), si_code: 2 (BUS_ADRERR), si_addr: 0x00000006cd6e8c20

Register to memory mapping:

RAX=0x00000006cd6e8c20 is an unallocated location in the heap
RBX=0x00007ff00af588a0 points into unknown readable memory: 0x011dfff84cdc63f1 | f1 63 dc 4c f8 ff 1d 01
RCX=0x00000000000120a8 is an unknown value
RDX=0x0000000000000008 is an unknown value
RSP=0x00007ff7bee03c40 is pointing into the stack for thread: 0x00007ff00db02e00
RBP=0x00007ff7bee03c50 is pointing into the stack for thread: 0x00007ff00db02e00
RSI=0x0 is NULL
RDI=0x00000006cd6e8c20 is an unallocated location in the heap
R8 =0x0000000000fc0ff0 is an unknown value
R9 =0x00000000000020a8 is an unknown value
R10=0x00007ff00af58970 points into unknown readable memory: 0x0000000000000002 | 02 00 00 00 00 00 00 00
R11=0x0000600000fca0fc points into unknown readable memory: 1b 98 e2 f1
R12=0x00007ff00af588a0 points into unknown readable memory: 0x011dfff84cdc63f1 | f1 63 dc 4c f8 ff 1d 01
R13=0x00006000038e4b40 points into unknown readable memory: 0x011dfff84cdc63f1 | f1 63 dc 4c f8 ff 1d 01
R14=0x00007ff00af58950 points into unknown readable memory: 0x000000004d555458 | 58 54 55 4d 00 00 00 00
R15=0x0 is NULL


Registers:
RAX=0x00000006cd6e8c20, RBX=0x00007ff00af588a0, RCX=0x00000000000120a8, RDX=0x0000000000000008
RSP=0x00007ff7bee03c40, RBP=0x00007ff7bee03c50, RSI=0x0000000000000000, RDI=0x00000006cd6e8c20
R8 =0x0000000000fc0ff0, R9 =0x00000000000020a8, R10=0x00007ff00af58970, R11=0x0000600000fca0fc
R12=0x00007ff00af588a0, R13=0x00006000038e4b40, R14=0x00007ff00af58950, R15=0x0000000000000000
RIP=0x00007ff80e56d6e3, EFLAGS=0x0000000000010246, ERR=0x0000000000000004
  TRAPNO=0x000000000000000e

Top of Stack: (sp=0x00007ff7bee03c40)
0x00007ff7bee03c40:   00000006cd6e8c20 00007ff00af588a0
0x00007ff7bee03c50:   00007ff7bee03c80 00007ff80e56d57f
0x00007ff7bee03c60:   0000000000000000 00007ff00af589c0
0x00007ff7bee03c70:   00007ff00af589c0 0000000000000000
0x00007ff7bee03c80:   00007ff7bee03cb0 00007ff80e768044
0x00007ff7bee03c90:   00007ff00af589c0 00006000038e4b40
0x00007ff7bee03ca0:   00007ff00af589c0 0000000000000000
0x00007ff7bee03cb0:   00007ff7bee03cd0 00007ff80e71a61b
0x00007ff7bee03cc0:   00007ff7bee03e10 00007ff00af589c0
0x00007ff7bee03cd0:   00007ff7bee03e00 00007ff80e598e73
0x00007ff7bee03ce0:   0000000000000000 0000000000000000
0x00007ff7bee03cf0:   4049800000000000 4048800000000000
0x00007ff7bee03d00:   00007ff000000000 000000010118001c
0x00007ff7bee03d10:   00007ff00babb990 000000000000000f
0x00007ff7bee03d20:   00006000034e10d0 0000600003f80fc0
0x00007ff7bee03d30:   0000600003f80fc0 0000600003f80fc0
0x00007ff7bee03d40:   00007ff7bee03da0 00007ff80e5b96d5
0x00007ff7bee03d50:   2191f29243e8007d 0000600003f80ea0
0x00007ff7bee03d60:   00006000038e4b40 0000000000000033
0x00007ff7bee03d70:   00007ff8092ee6c3 00006000038e4b40
0x00007ff7bee03d80:   00006000038e4b40 0000000000000033
0x00007ff7bee03d90:   0000600003f80fc0 00007ff00baa6f00
0x00007ff7bee03da0:   00007ff7bee03e00 00007ff80e5b93e8
0x00007ff7bee03db0:   0000000000000020 00000000000000cc
0x00007ff7bee03dc0:   0000600002e30370 00006000038e4fc0
0x00007ff7bee03dd0:   2191f29243e8007d 0000000000000031
0x00007ff7bee03de0:   00006000038e4b40 0000000000000033
0x00007ff7bee03df0:   0000000000000000 00007ff7bee03f8c
0x00007ff7bee03e00:   00007ff7bee048a0 00007ff80e38f32e
0x00007ff7bee03e10:   0000000000000000 0000000000000000
0x00007ff7bee03e20:   4049800000000000 4048800000000000
0x00007ff7bee03e30:   401c000000000000 0000000000000000 

Instructions: (pc=0x00007ff80e56d6e3)
0x00007ff80e56d5e3:   00 75 0e 48 8d 35 c9 2c 6e 00 eb 0c 45 31 f6 eb
0x00007ff80e56d5f3:   1f 48 8d 35 dd 2c 6e 00 bf 03 00 00 00 48 89 da
0x00007ff80e56d603:   31 c0 e8 19 4c 49 00 e8 d5 24 44 00 84 c0 75 0e
0x00007ff80e56d613:   44 89 f0 48 83 c4 08 5b 41 5e 41 5f 5d c3 e8 e7
0x00007ff80e56d623:   a4 4f 00 eb eb 48 8d 3d e1 bb e0 3c 48 8d 35 ea
0x00007ff80e56d633:   d7 31 3e e8 17 f6 4f 00 eb 8f 90 90 90 90 90 90
0x00007ff80e56d643:   90 90 90 90 90 90 90 55 48 89 e5 5d e9 70 ed 4f
0x00007ff80e56d653:   00 90 90 90 90 90 90 90 90 90 55 48 89 e5 53 50
0x00007ff80e56d663:   48 89 fb 48 83 3d c2 7f 89 3e ff 75 33 80 3d b1
0x00007ff80e56d673:   bb e0 3c 00 74 21 48 85 db 74 1c 48 8b bb 10 01
0x00007ff80e56d683:   00 00 48 85 ff 74 10 be 00 01 00 08 48 83 c4 08
0x00007ff80e56d693:   5b 5d e9 70 ef 4f 00 31 c0 48 83 c4 08 5b 5d c3
0x00007ff80e56d6a3:   48 8d 3d 86 7f 89 3e 48 8d 35 ef d7 31 3e e8 9c
0x00007ff80e56d6b3:   f5 4f 00 eb b8 0f 1f 84 00 00 00 00 00 55 48 89
0x00007ff80e56d6c3:   e5 48 83 ec 10 48 89 7d f0 c6 45 ff 00 e8 21 00
0x00007ff80e56d6d3:   00 00 24 01 0f b6 c0 83 f8 01 75 09 48 8b 45 f0
0x00007ff80e56d6e3:   8a 00 88 45 ff 48 83 c4 10 5d c3 66 90 90 90 90
0x00007ff80e56d6f3:   90 90 90 55 48 89 e5 48 83 3d 3e 7f 89 3e ff 75
0x00007ff80e56d703:   08 8a 05 2e 7f 89 3e 5d c3 48 8d 3d 2d 7f 89 3e
0x00007ff80e56d713:   48 8d 35 c6 d7 31 3e e8 33 f5 4f 00 eb e3 55 48
0x00007ff80e56d723:   89 e5 48 bf 01 00 00 00 02 0d 0a 00 e8 66 f5 4f
0x00007ff80e56d733:   00 88 05 fe 7e 89 3e 5d c3 90 90 90 90 55 48 89
0x00007ff80e56d743:   e5 48 83 ec 20 48 89 7d e8 48 89 75 f0 c6 45 ff
0x00007ff80e56d753:   00 e8 9d ff ff ff 24 01 0f b6 c0 83 f8 01 75 0e
0x00007ff80e56d763:   48 8b 45 e8 48 8b 4d f0 8a 04 08 88 45 ff 48 83
0x00007ff80e56d773:   c4 20 5d c3 90 90 90 90 90 90 90 90 90 90 90 90
0x00007ff80e56d783:   90 48 85 ff 74 12 55 48 89 e5 48 8d 05 d1 c1 04
0x00007ff80e56d793:   00 48 39 47 50 5d 74 03 31 c0 c3 b0 01 c3 90 90
0x00007ff80e56d7a3:   90 90 90 48 85 ff 74 12 55 48 89 e5 48 8d 05 94
0x00007ff80e56d7b3:   fe ff ff 48 39 47 50 5d 74 03 31 c0 c3 b0 01 c3
0x00007ff80e56d7c3:   90 90 90 90 55 48 89 e5 41 56 53 48 85 ff 74 61
0x00007ff80e56d7d3:   48 89 fb 48 83 7f 50 00 74 57 48 83 bb 00 01 00 


Stack slot to memory mapping:
stack at sp + 0 slots: 0x00000006cd6e8c20 is an unallocated location in the heap
stack at sp + 1 slots: 0x00007ff00af588a0 points into unknown readable memory: 0x011dfff84cdc63f1 | f1 63 dc 4c f8 ff 1d 01
stack at sp + 2 slots: 0x00007ff7bee03c80 is pointing into the stack for thread: 0x00007ff00db02e00
stack at sp + 3 slots: 0x00007ff80e56d57f: CGDataProviderRetainBytePtr+0x111 in /System/Library/Frameworks/CoreGraphics.framework/Versions/A/CoreGraphics at 0x00007ff80e561000
stack at sp + 4 slots: 0x0 is NULL
stack at sp + 5 slots: 0x00007ff00af589c0 points into unknown readable memory: 0x011dfff84cdc63f1 | f1 63 dc 4c f8 ff 1d 01
stack at sp + 6 slots: 0x00007ff00af589c0 points into unknown readable memory: 0x011dfff84cdc63f1 | f1 63 dc 4c f8 ff 1d 01
stack at sp + 7 slots: 0x0 is NULL


---------------  P R O C E S S  ---------------

Threads class SMR info:
_java_thread_list=0x0000600000c409a0, length=31, elements={
0x00007ff00b009200, 0x00007ff00c015c00, 0x00007ff00c018400, 0x00007ff00d82e000,
0x00007ff00b029200, 0x00007ff00c01a000, 0x00007ff00d012200, 0x00007ff00c01a600,
0x00007ff00b029800, 0x00007ff00d848a00, 0x00007ff00b027c00, 0x00007ff00b02c400,
0x00007ff00b00c800, 0x00007ff00db11000, 0x00007ff00db02e00, 0x00007ff00b2f0600,
0x00007ff00d2d7400, 0x00007ff00b306e00, 0x00007ff00b30c000, 0x00007ff00b318400,
0x00007ff00db1b200, 0x00007ff00d2cb600, 0x00007ff00db56200, 0x00007ff00c1da600,
0x00007ff00b0e7200, 0x00007ff00f166600, 0x00007ff00c37b600, 0x00007ff00d16ce00,
0x00007ff00d23c800, 0x00007ff00d9cb000, 0x00007ff00c35c400
}

Java Threads: ( => current thread )
  0x00007ff00b009200 JavaThread "main" [_thread_blocked, id=4611, stack(0x000070000ba88000,0x000070000bb88000)]
  0x00007ff00c015c00 JavaThread "Reference Handler" daemon [_thread_blocked, id=18691, stack(0x000070000c19d000,0x000070000c29d000)]
  0x00007ff00c018400 JavaThread "Finalizer" daemon [_thread_blocked, id=18947, stack(0x000070000c2a0000,0x000070000c3a0000)]
  0x00007ff00d82e000 JavaThread "Signal Dispatcher" daemon [_thread_blocked, id=31235, stack(0x000070000c4a9000,0x000070000c5a9000)]
  0x00007ff00b029200 JavaThread "Service Thread" daemon [_thread_blocked, id=30723, stack(0x000070000c5ac000,0x000070000c6ac000)]
  0x00007ff00c01a000 JavaThread "Monitor Deflation Thread" daemon [_thread_blocked, id=23299, stack(0x000070000c6af000,0x000070000c7af000)]
  0x00007ff00d012200 JavaThread "C2 CompilerThread0" daemon [_thread_in_native, id=23555, stack(0x000070000c7b2000,0x000070000c8b2000)]
  0x00007ff00c01a600 JavaThread "C1 CompilerThread0" daemon [_thread_blocked, id=24067, stack(0x000070000c8b5000,0x000070000c9b5000)]
  0x00007ff00b029800 JavaThread "Sweeper thread" daemon [_thread_blocked, id=24579, stack(0x000070000c9b8000,0x000070000cab8000)]
  0x00007ff00d848a00 JavaThread "Common-Cleaner" daemon [_thread_blocked, id=30211, stack(0x000070000cabb000,0x000070000cbbb000)]
  0x00007ff00b027c00 JavaThread "Notification Thread" daemon [_thread_blocked, id=25347, stack(0x000070000cbbe000,0x000070000ccbe000)]
  0x00007ff00b02c400 JavaThread "JavaFX-Launcher" [_thread_blocked, id=29699, stack(0x000070000cdc4000,0x000070000cec4000)]
  0x00007ff00b00c800 JavaThread "QuantumRenderer-0" daemon [_thread_blocked, id=29443, stack(0x000070000cec7000,0x000070000cfc7000)]
  0x00007ff00db11000 JavaThread "InvokeLaterDispatcher" daemon [_thread_blocked, id=41483, stack(0x000070000cfca000,0x000070000d0ca000)]
=>0x00007ff00db02e00 JavaThread "JavaFX Application Thread" [_thread_in_native, id=259, stack(0x00007ff7be60a000,0x00007ff7bee0a000)]
  0x00007ff00b2f0600 JavaThread "FXGL Background Thread 1" daemon [_thread_blocked, id=70663, stack(0x000070000d868000,0x000070000d968000)]
  0x00007ff00d2d7400 JavaThread "Prism Font Disposer" daemon [_thread_blocked, id=76691, stack(0x000070000d9ee000,0x000070000daee000)]
  0x00007ff00b306e00 JavaThread "FXGL Background Thread 2" daemon [_thread_blocked, id=56847, stack(0x000070000d5dc000,0x000070000d6dc000)]
  0x00007ff00b30c000 JavaThread "FXGL Background Thread 3" daemon [_thread_blocked, id=130051, stack(0x000070000ddfa000,0x000070000defa000)]
  0x00007ff00b318400 JavaThread "FXGL Background Thread 4" daemon [_thread_blocked, id=129539, stack(0x000070000defd000,0x000070000dffd000)]
  0x00007ff00db1b200 JavaThread "PulseTimer-CVDisplayLink thread" daemon [_thread_in_native, id=129027, stack(0x000070000e000000,0x000070000e080000)]
  0x00007ff00d2cb600 JavaThread "Cleaner-0" daemon [_thread_blocked, id=88331, stack(0x000070000e083000,0x000070000e183000)]
  0x00007ff00db56200 JavaThread "Media Resource Disposer" daemon [_thread_blocked, id=19207, stack(0x000070000e38c000,0x000070000e48c000)]
  0x00007ff00c1da600 JavaThread "Thread-5" daemon [_thread_blocked, id=32263, stack(0x000070000e48f000,0x000070000e58f000)]
  0x00007ff00b0e7200 JavaThread "JFXMedia Player EventQueueThread" daemon [_thread_blocked, id=146499, stack(0x000070000f7e3000,0x000070000f8e3000)]
  0x00007ff00f166600 JavaThread "JFXMedia Player EventQueueThread" daemon [_thread_blocked, id=159819, stack(0x000070000f8e6000,0x000070000f9e6000)]
  0x00007ff00c37b600 JavaThread "JFXMedia Player EventQueueThread" daemon [_thread_blocked, id=91403, stack(0x000070000e592000,0x000070000e692000)]
  0x00007ff00d16ce00 JavaThread "JFXMedia Player EventQueueThread" daemon [_thread_blocked, id=136995, stack(0x000070000e8a1000,0x000070000e9a1000)]
  0x00007ff00d23c800 JavaThread "JFXMedia Player EventQueueThread" daemon [_thread_blocked, id=138547, stack(0x000070000eaaa000,0x000070000ebaa000)]
  0x00007ff00d9cb000 JavaThread "JFXMedia Player EventQueueThread" daemon [_thread_blocked, id=168271, stack(0x000070000ecb3000,0x000070000edb3000)]
  0x00007ff00c35c400 JavaThread "JFXMedia Player EventQueueThread" daemon [_thread_blocked, id=139035, stack(0x000070000ee39000,0x000070000ef39000)]

Other Threads:
  0x00007ff00b8058c0 VMThread "VM Thread" [stack: 0x000070000c09a000,0x000070000c19a000] [id=18435]
  0x00007ff010004800 WatcherThread [stack: 0x000070000ccc1000,0x000070000cdc1000] [id=25859]
  0x00007ff00b904280 GCTaskThread "GC Thread#0" [stack: 0x000070000bb8b000,0x000070000bc8b000] [id=13827]
  0x00007ff00ba31b60 GCTaskThread "GC Thread#1" [stack: 0x000070000d0cd000,0x000070000d1cd000] [id=40963]
  0x00007ff00ba323c0 GCTaskThread "GC Thread#2" [stack: 0x000070000d1d0000,0x000070000d2d0000] [id=40707]
  0x00007ff00bb13960 GCTaskThread "GC Thread#3" [stack: 0x000070000d2d3000,0x000070000d3d3000] [id=36099]
  0x00007ff00af15130 GCTaskThread "GC Thread#4" [stack: 0x000070000d3d6000,0x000070000d4d6000] [id=36355]
  0x00007ff00b819c40 GCTaskThread "GC Thread#5" [stack: 0x000070000d4d9000,0x000070000d5d9000] [id=36611]
  0x00007ff00bb31650 GCTaskThread "GC Thread#6" [stack: 0x000070000daf1000,0x000070000dbf1000] [id=87299]
  0x00007ff00af3ccd0 GCTaskThread "GC Thread#7" [stack: 0x000070000dbf4000,0x000070000dcf4000] [id=87811]
  0x00007ff00e5042b0 ConcurrentGCThread "G1 Main Marker" [stack: 0x000070000bc8e000,0x000070000bd8e000] [id=12291]
  0x00007ff00e604080 ConcurrentGCThread "G1 Conc#0" [stack: 0x000070000bd91000,0x000070000be91000] [id=13315]
  0x00007ff00b83a090 ConcurrentGCThread "G1 Conc#1" [stack: 0x000070000dcf7000,0x000070000ddf7000] [id=130563]
  0x00007ff00bb06c20 ConcurrentGCThread "G1 Refine#0" [stack: 0x000070000be94000,0x000070000bf94000] [id=21507]
  0x00007ff00b8042d0 ConcurrentGCThread "G1 Service" [stack: 0x000070000bf97000,0x000070000c097000] [id=16643]

Threads with active compile tasks:
C2 CompilerThread0    18742 4958       4       com.almasb.fxgl.entity.components.TransformComponent::getY (22 bytes)

VM state: not at safepoint (normal execution)

VM Mutex/Monitor currently owned by a thread: None

Heap address: 0x00000006c0000000, size: 4096 MB, Compressed Oops mode: Zero based, Oop shift amount: 3

CDS archive(s) not mapped
Compressed class space mapped at: 0x00000007c0000000-0x0000000800000000, reserved size: 1073741824
Narrow klass base: 0x0000000000000000, Narrow klass shift: 3, Narrow klass range: 0x800000000

GC Precious Log:
 CPUs: 8 total, 8 available
 Memory: 16384M
 Large Page Support: Disabled
 NUMA Support: Disabled
 Compressed Oops: Enabled (Zero based)
 Heap Region Size: 2M
 Heap Min Capacity: 8M
 Heap Initial Capacity: 256M
 Heap Max Capacity: 4G
 Pre-touch: Disabled
 Parallel Workers: 8
 Concurrent Workers: 2
 Concurrent Refinement Workers: 8
 Periodic GC: Disabled

Heap:
 garbage-first heap   total 81920K, used 38875K [0x00000006c0000000, 0x00000007c0000000)
  region size 2048K, 12 young (24576K), 2 survivors (4096K)
 Metaspace       used 35882K, committed 36224K, reserved 1081344K
  class space    used 4196K, committed 4352K, reserved 1048576K

Heap Regions: E=young(eden), S=young(survivor), O=old, HS=humongous(starts), HC=humongous(continues), CS=collection set, F=free, OA=open archive, CA=closed archive, TAMS=top-at-mark-start (previous, next)
|   0|0x00000006c0000000, 0x00000006c0200000, 0x00000006c0200000|100%|HS|  |TAMS 0x00000006c0200000, 0x00000006c0000000| Complete 
|   1|0x00000006c0200000, 0x00000006c0400000, 0x00000006c0400000|100%|HS|  |TAMS 0x00000006c0400000, 0x00000006c0200000| Complete 
|   2|0x00000006c0400000, 0x00000006c0600000, 0x00000006c0600000|100%|HC|  |TAMS 0x00000006c0600000, 0x00000006c0400000| Complete 
|   3|0x00000006c0600000, 0x00000006c0800000, 0x00000006c0800000|100%| O|  |TAMS 0x00000006c0800000, 0x00000006c0600000| Untracked 
|   4|0x00000006c0800000, 0x00000006c0a00000, 0x00000006c0a00000|100%| O|  |TAMS 0x00000006c0a00000, 0x00000006c0800000| Untracked 
|   5|0x00000006c0a00000, 0x00000006c0c00000, 0x00000006c0c00000|100%| O|  |TAMS 0x00000006c0c00000, 0x00000006c0a00000| Untracked 
|   6|0x00000006c0c00000, 0x00000006c0e00000, 0x00000006c0e00000|100%| O|  |TAMS 0x00000006c0e00000, 0x00000006c0c00000| Untracked 
|   7|0x00000006c0e00000, 0x00000006c0e6f000, 0x00000006c1000000| 21%| O|  |TAMS 0x00000006c0e6f000, 0x00000006c0e00000| Untracked 
|   8|0x00000006c1000000, 0x00000006c1200000, 0x00000006c1200000|100%| O|  |TAMS 0x00000006c1200000, 0x00000006c1000000| Untracked 
|   9|0x00000006c1200000, 0x00000006c1200000, 0x00000006c1400000|  0%| F|  |TAMS 0x00000006c1200000, 0x00000006c1200000| Untracked 
|  10|0x00000006c1400000, 0x00000006c1400000, 0x00000006c1600000|  0%| F|  |TAMS 0x00000006c1400000, 0x00000006c1400000| Untracked 
|  11|0x00000006c1600000, 0x00000006c1600000, 0x00000006c1800000|  0%| F|  |TAMS 0x00000006c1600000, 0x00000006c1600000| Untracked 
|  12|0x00000006c1800000, 0x00000006c1800000, 0x00000006c1a00000|  0%| F|  |TAMS 0x00000006c1800000, 0x00000006c1800000| Untracked 
|  13|0x00000006c1a00000, 0x00000006c1a00000, 0x00000006c1c00000|  0%| F|  |TAMS 0x00000006c1a00000, 0x00000006c1a00000| Untracked 
|  14|0x00000006c1c00000, 0x00000006c1c00000, 0x00000006c1e00000|  0%| F|  |TAMS 0x00000006c1c00000, 0x00000006c1c00000| Untracked 
|  15|0x00000006c1e00000, 0x00000006c1e00000, 0x00000006c2000000|  0%| F|  |TAMS 0x00000006c1e00000, 0x00000006c1e00000| Untracked 
|  16|0x00000006c2000000, 0x00000006c2000000, 0x00000006c2200000|  0%| F|  |TAMS 0x00000006c2000000, 0x00000006c2000000| Untracked 
|  17|0x00000006c2200000, 0x00000006c2200000, 0x00000006c2400000|  0%| F|  |TAMS 0x00000006c2200000, 0x00000006c2200000| Untracked 
|  18|0x00000006c2400000, 0x00000006c2400000, 0x00000006c2600000|  0%| F|  |TAMS 0x00000006c2400000, 0x00000006c2400000| Untracked 
|  19|0x00000006c2600000, 0x00000006c2600000, 0x00000006c2800000|  0%| F|  |TAMS 0x00000006c2600000, 0x00000006c2600000| Untracked 
|  20|0x00000006c2800000, 0x00000006c2800000, 0x00000006c2a00000|  0%| F|  |TAMS 0x00000006c2800000, 0x00000006c2800000| Untracked 
|  21|0x00000006c2a00000, 0x00000006c2a00000, 0x00000006c2c00000|  0%| F|  |TAMS 0x00000006c2a00000, 0x00000006c2a00000| Untracked 
|  22|0x00000006c2c00000, 0x00000006c2c00000, 0x00000006c2e00000|  0%| F|  |TAMS 0x00000006c2c00000, 0x00000006c2c00000| Untracked 
|  23|0x00000006c2e00000, 0x00000006c2e00000, 0x00000006c3000000|  0%| F|  |TAMS 0x00000006c2e00000, 0x00000006c2e00000| Untracked 
|  24|0x00000006c3000000, 0x00000006c3000000, 0x00000006c3200000|  0%| F|  |TAMS 0x00000006c3000000, 0x00000006c3000000| Untracked 
|  25|0x00000006c3200000, 0x00000006c3200000, 0x00000006c3400000|  0%| F|  |TAMS 0x00000006c3200000, 0x00000006c3200000| Untracked 
|  26|0x00000006c3400000, 0x00000006c3400000, 0x00000006c3600000|  0%| F|  |TAMS 0x00000006c3400000, 0x00000006c3400000| Untracked 
|  27|0x00000006c3600000, 0x00000006c3600000, 0x00000006c3800000|  0%| F|  |TAMS 0x00000006c3600000, 0x00000006c3600000| Untracked 
|  28|0x00000006c3800000, 0x00000006c399d528, 0x00000006c3a00000| 80%| E|  |TAMS 0x00000006c3800000, 0x00000006c3800000| Complete 
|  29|0x00000006c3a00000, 0x00000006c3c00000, 0x00000006c3c00000|100%| E|CS|TAMS 0x00000006c3a00000, 0x00000006c3a00000| Complete 
|  30|0x00000006c3c00000, 0x00000006c3e00000, 0x00000006c3e00000|100%| E|CS|TAMS 0x00000006c3c00000, 0x00000006c3c00000| Complete 
|  31|0x00000006c3e00000, 0x00000006c4000000, 0x00000006c4000000|100%| E|CS|TAMS 0x00000006c3e00000, 0x00000006c3e00000| Complete 
|  32|0x00000006c4000000, 0x00000006c4200000, 0x00000006c4200000|100%| E|CS|TAMS 0x00000006c4000000, 0x00000006c4000000| Complete 
|  33|0x00000006c4200000, 0x00000006c4400000, 0x00000006c4400000|100%| E|CS|TAMS 0x00000006c4200000, 0x00000006c4200000| Complete 
|  34|0x00000006c4400000, 0x00000006c4600000, 0x00000006c4600000|100%| E|CS|TAMS 0x00000006c4400000, 0x00000006c4400000| Complete 
|  35|0x00000006c4600000, 0x00000006c4800000, 0x00000006c4800000|100%| E|CS|TAMS 0x00000006c4600000, 0x00000006c4600000| Complete 
|  36|0x00000006c4800000, 0x00000006c4a00000, 0x00000006c4a00000|100%| E|CS|TAMS 0x00000006c4800000, 0x00000006c4800000| Complete 
|  43|0x00000006c5600000, 0x00000006c5787c38, 0x00000006c5800000| 76%| S|CS|TAMS 0x00000006c5600000, 0x00000006c5600000| Complete 
|  44|0x00000006c5800000, 0x00000006c5a00000, 0x00000006c5a00000|100%| S|CS|TAMS 0x00000006c5800000, 0x00000006c5800000| Complete 
| 127|0x00000006cfe00000, 0x00000006d0000000, 0x00000006d0000000|100%| E|CS|TAMS 0x00000006cfe00000, 0x00000006cfe00000| Complete 

Card table byte_map: [0x0000000119e6d000,0x000000011a66d000] _byte_map_base: 0x000000011686d000

Marking Bits (Prev, Next): (CMBitMap*) 0x00007ff00e808210, (CMBitMap*) 0x00007ff00e808250
 Prev Bits: [0x000000011ae6d000, 0x000000011ee6d000)
 Next Bits: [0x000000011ee6d000, 0x0000000122e6d000)

Polling page: 0x000000010113e000

Metaspace:

Usage:
  Non-class:     30.94 MB used.
      Class:      4.10 MB used.
       Both:     35.04 MB used.

Virtual space:
  Non-class space:       32.00 MB reserved,      31.12 MB ( 97%) committed,  4 nodes.
      Class space:        1.00 GB reserved,       4.25 MB ( <1%) committed,  1 nodes.
             Both:        1.03 GB reserved,      35.38 MB (  3%) committed. 

Chunk freelists:
   Non-Class:  672.00 KB
       Class:  3.76 MB
        Both:  4.41 MB

MaxMetaspaceSize: unlimited
CompressedClassSpaceSize: 1.00 GB
Initial GC threshold: 21.00 MB
Current GC threshold: 59.00 MB
CDS: off
MetaspaceReclaimPolicy: balanced
 - commit_granule_bytes: 65536.
 - commit_granule_words: 8192.
 - virtual_space_node_default_size: 1048576.
 - enlarge_chunks_in_place: 1.
 - new_chunks_are_fully_committed: 0.
 - uncommit_free_chunks: 1.
 - use_allocation_guard: 0.
 - handle_deallocations: 1.


Internal statistics:

num_allocs_failed_limit: 6.
num_arena_births: 332.
num_arena_deaths: 0.
num_vsnodes_births: 5.
num_vsnodes_deaths: 0.
num_space_committed: 566.
num_space_uncommitted: 0.
num_chunks_returned_to_freelist: 6.
num_chunks_taken_from_freelist: 1105.
num_chunk_merges: 6.
num_chunk_splits: 773.
num_chunks_enlarged: 592.
num_purges: 0.
num_inconsistent_stats: 0.

CodeHeap 'non-profiled nmethods': size=120028Kb used=2299Kb max_used=2299Kb free=117728Kb
 bounds [0x0000000112936000, 0x0000000112ba6000, 0x0000000119e6d000]
CodeHeap 'profiled nmethods': size=120028Kb used=10062Kb max_used=10062Kb free=109965Kb
 bounds [0x000000010b3ff000, 0x000000010bddf000, 0x0000000112936000]
CodeHeap 'non-nmethods': size=5704Kb used=1525Kb max_used=1552Kb free=4178Kb
 bounds [0x000000010ae6d000, 0x000000010b0dd000, 0x000000010b3ff000]
 total_blobs=5862 nmethods=4953 adapters=822
 compilation: enabled
              stopped_count=0, restarted_count=0
 full_count=0

Compilation events (20 events):
Event: 18.704 Thread 0x00007ff00c01a600 nmethod 4920 0x000000010bdb2610 code [0x000000010bdb27a0, 0x000000010bdb28b0]
Event: 18.704 Thread 0x00007ff00c01a600 4921       3       javafx.scene.paint.Color::getGreen (6 bytes)
Event: 18.704 Thread 0x00007ff00c01a600 nmethod 4921 0x000000010bdb2990 code [0x000000010bdb2b20, 0x000000010bdb2c30]
Event: 18.704 Thread 0x00007ff00c01a600 4928       3       javafx.scene.Node::getTransformedBounds (248 bytes)
Event: 18.705 Thread 0x00007ff00c01a600 nmethod 4928 0x000000010bdb2d10 code [0x000000010bdb30e0, 0x000000010bdb4fa0]
Event: 18.705 Thread 0x00007ff00c01a600 4927       3       javafx.scene.Node$TreeVisiblePropertyReadOnly::get (13 bytes)
Event: 18.705 Thread 0x00007ff00c01a600 nmethod 4927 0x000000010bdb5a90 code [0x000000010bdb5c20, 0x000000010bdb5d30]
Event: 18.705 Thread 0x00007ff00c01a600 4929       3       javafx.collections.FXCollections$UnmodifiableObservableListImpl::lambda$new$0 (14 bytes)
Event: 18.705 Thread 0x00007ff00d012200 nmethod 4903% 0x0000000112b6eb10 code [0x0000000112b6eca0, 0x0000000112b6f138]
Event: 18.705 Thread 0x00007ff00d012200 4914       4       com.sun.javafx.scene.NodeHelper::notifyLayoutBoundsChangedImpl (10 bytes)
Event: 18.705 Thread 0x00007ff00c01a600 nmethod 4929 0x000000010bdb5e10 code [0x000000010bdb6000, 0x000000010bdb6630]
Event: 18.705 Thread 0x00007ff00c01a600 4922       3       javafx.scene.paint.Color::getBlue (6 bytes)
Event: 18.705 Thread 0x00007ff00c01a600 nmethod 4922 0x000000010bdb6890 code [0x000000010bdb6a20, 0x000000010bdb6b30]
Event: 18.706 Thread 0x00007ff00c01a600 4924       3       javafx.scene.paint.Color::getOpacity (6 bytes)
Event: 18.706 Thread 0x00007ff00c01a600 nmethod 4924 0x000000010bdb6c10 code [0x000000010bdb6da0, 0x000000010bdb6eb0]
Event: 18.706 Thread 0x00007ff00c01a600 4930       1       com.sun.prism.impl.BaseTexture::getMaxContentWidth (5 bytes)
Event: 18.706 Thread 0x00007ff00c01a600 nmethod 4930 0x0000000112b6f290 code [0x0000000112b6f420, 0x0000000112b6f4f0]
Event: 18.706 Thread 0x00007ff00c01a600 4931       1       com.sun.prism.impl.BaseTexture::getMaxContentHeight (5 bytes)
Event: 18.706 Thread 0x00007ff00c01a600 nmethod 4931 0x0000000112b6f590 code [0x0000000112b6f720, 0x0000000112b6f7f0]
Event: 18.706 Thread 0x00007ff00c01a600 4933       3       com.almasb.fxgl.entity.component.Component::<init> (17 bytes)

GC Heap History (20 events):
Event: 10.144 GC heap before
{Heap before GC invocations=7 (full 0):
 garbage-first heap   total 149504K, used 104362K [0x00000006c0000000, 0x00000007c0000000)
  region size 2048K, 43 young (88064K), 1 survivors (2048K)
 Metaspace       used 34998K, committed 35392K, reserved 1081344K
  class space    used 4144K, committed 4352K, reserved 1048576K
}
Event: 10.149 GC heap after
{Heap after GC invocations=8 (full 0):
 garbage-first heap   total 149504K, used 20396K [0x00000006c0000000, 0x00000007c0000000)
  region size 2048K, 2 young (4096K), 2 survivors (4096K)
 Metaspace       used 34998K, committed 35392K, reserved 1081344K
  class space    used 4144K, committed 4352K, reserved 1048576K
}
Event: 10.968 GC heap before
{Heap before GC invocations=8 (full 0):
 garbage-first heap   total 149504K, used 104364K [0x00000006c0000000, 0x00000007c0000000)
  region size 2048K, 43 young (88064K), 2 survivors (4096K)
 Metaspace       used 35055K, committed 35392K, reserved 1081344K
  class space    used 4144K, committed 4352K, reserved 1048576K
}
Event: 10.972 GC heap after
{Heap after GC invocations=9 (full 0):
 garbage-first heap   total 149504K, used 20371K [0x00000006c0000000, 0x00000007c0000000)
  region size 2048K, 2 young (4096K), 2 survivors (4096K)
 Metaspace       used 35055K, committed 35392K, reserved 1081344K
  class space    used 4144K, committed 4352K, reserved 1048576K
}
Event: 11.852 GC heap before
{Heap before GC invocations=9 (full 0):
 garbage-first heap   total 149504K, used 104339K [0x00000006c0000000, 0x00000007c0000000)
  region size 2048K, 43 young (88064K), 2 survivors (4096K)
 Metaspace       used 35150K, committed 35520K, reserved 1081344K
  class space    used 4144K, committed 4352K, reserved 1048576K
}
Event: 11.858 GC heap after
{Heap after GC invocations=10 (full 0):
 garbage-first heap   total 149504K, used 20481K [0x00000006c0000000, 0x00000007c0000000)
  region size 2048K, 2 young (4096K), 2 survivors (4096K)
 Metaspace       used 35150K, committed 35520K, reserved 1081344K
  class space    used 4144K, committed 4352K, reserved 1048576K
}
Event: 12.676 GC heap before
{Heap before GC invocations=10 (full 0):
 garbage-first heap   total 149504K, used 104449K [0x00000006c0000000, 0x00000007c0000000)
  region size 2048K, 43 young (88064K), 2 survivors (4096K)
 Metaspace       used 35225K, committed 35584K, reserved 1081344K
  class space    used 4144K, committed 4352K, reserved 1048576K
}
Event: 12.682 GC heap after
{Heap after GC invocations=11 (full 0):
 garbage-first heap   total 149504K, used 20360K [0x00000006c0000000, 0x00000007c0000000)
  region size 2048K, 2 young (4096K), 2 survivors (4096K)
 Metaspace       used 35225K, committed 35584K, reserved 1081344K
  class space    used 4144K, committed 4352K, reserved 1048576K
}
Event: 13.557 GC heap before
{Heap before GC invocations=11 (full 0):
 garbage-first heap   total 149504K, used 104328K [0x00000006c0000000, 0x00000007c0000000)
  region size 2048K, 43 young (88064K), 2 survivors (4096K)
 Metaspace       used 35298K, committed 35648K, reserved 1081344K
  class space    used 4144K, committed 4352K, reserved 1048576K
}
Event: 13.560 GC heap after
{Heap after GC invocations=12 (full 0):
 garbage-first heap   total 149504K, used 20398K [0x00000006c0000000, 0x00000007c0000000)
  region size 2048K, 2 young (4096K), 2 survivors (4096K)
 Metaspace       used 35298K, committed 35648K, reserved 1081344K
  class space    used 4144K, committed 4352K, reserved 1048576K
}
Event: 14.474 GC heap before
{Heap before GC invocations=12 (full 0):
 garbage-first heap   total 149504K, used 104366K [0x00000006c0000000, 0x00000007c0000000)
  region size 2048K, 43 young (88064K), 2 survivors (4096K)
 Metaspace       used 35411K, committed 35776K, reserved 1081344K
  class space    used 4147K, committed 4352K, reserved 1048576K
}
Event: 14.477 GC heap after
{Heap after GC invocations=13 (full 0):
 garbage-first heap   total 149504K, used 20269K [0x00000006c0000000, 0x00000007c0000000)
  region size 2048K, 2 young (4096K), 2 survivors (4096K)
 Metaspace       used 35411K, committed 35776K, reserved 1081344K
  class space    used 4147K, committed 4352K, reserved 1048576K
}
Event: 15.470 GC heap before
{Heap before GC invocations=13 (full 0):
 garbage-first heap   total 149504K, used 104237K [0x00000006c0000000, 0x00000007c0000000)
  region size 2048K, 43 young (88064K), 2 survivors (4096K)
 Metaspace       used 35451K, committed 35776K, reserved 1081344K
  class space    used 4147K, committed 4352K, reserved 1048576K
}
Event: 15.475 GC heap after
{Heap after GC invocations=14 (full 0):
 garbage-first heap   total 149504K, used 20281K [0x00000006c0000000, 0x00000007c0000000)
  region size 2048K, 2 young (4096K), 2 survivors (4096K)
 Metaspace       used 35451K, committed 35776K, reserved 1081344K
  class space    used 4147K, committed 4352K, reserved 1048576K
}
Event: 16.380 GC heap before
{Heap before GC invocations=14 (full 0):
 garbage-first heap   total 149504K, used 104249K [0x00000006c0000000, 0x00000007c0000000)
  region size 2048K, 43 young (88064K), 2 survivors (4096K)
 Metaspace       used 35498K, committed 35840K, reserved 1081344K
  class space    used 4148K, committed 4352K, reserved 1048576K
}
Event: 16.386 GC heap after
{Heap after GC invocations=15 (full 0):
 garbage-first heap   total 149504K, used 20278K [0x00000006c0000000, 0x00000007c0000000)
  region size 2048K, 2 young (4096K), 2 survivors (4096K)
 Metaspace       used 35498K, committed 35840K, reserved 1081344K
  class space    used 4148K, committed 4352K, reserved 1048576K
}
Event: 17.261 GC heap before
{Heap before GC invocations=15 (full 0):
 garbage-first heap   total 149504K, used 104246K [0x00000006c0000000, 0x00000007c0000000)
  region size 2048K, 43 young (88064K), 2 survivors (4096K)
 Metaspace       used 35551K, committed 35904K, reserved 1081344K
  class space    used 4148K, committed 4352K, reserved 1048576K
}
Event: 17.264 GC heap after
{Heap after GC invocations=16 (full 0):
 garbage-first heap   total 149504K, used 20276K [0x00000006c0000000, 0x00000007c0000000)
  region size 2048K, 2 young (4096K), 2 survivors (4096K)
 Metaspace       used 35551K, committed 35904K, reserved 1081344K
  class space    used 4148K, committed 4352K, reserved 1048576K
}
Event: 18.272 GC heap before
{Heap before GC invocations=16 (full 0):
 garbage-first heap   total 149504K, used 75572K [0x00000006c0000000, 0x00000007c0000000)
  region size 2048K, 30 young (61440K), 2 survivors (4096K)
 Metaspace       used 35845K, committed 36096K, reserved 1081344K
  class space    used 4196K, committed 4352K, reserved 1048576K
}
Event: 18.277 GC heap after
{Heap after GC invocations=17 (full 0):
 garbage-first heap   total 149504K, used 20443K [0x00000006c0000000, 0x00000007c0000000)
  region size 2048K, 2 young (4096K), 2 survivors (4096K)
 Metaspace       used 35845K, committed 36096K, reserved 1081344K
  class space    used 4196K, committed 4352K, reserved 1048576K
}

Deoptimization events (20 events):
Event: 18.699 Thread 0x00007ff00db02e00 Uncommon trap: trap_request=0xffffffde fr.pc=0x0000000112ac9658 relative=0x0000000000000478
Event: 18.699 Thread 0x00007ff00db02e00 Uncommon trap: reason=class_check action=maybe_recompile pc=0x0000000112ac9658 method=com.sun.javafx.binding.ExpressionHelper$Generic.fireValueChangedEvent()V @ 91 c2
Event: 18.699 Thread 0x00007ff00db02e00 DEOPT PACKING pc=0x0000000112ac9658 sp=0x00007ff7bee03190
Event: 18.699 Thread 0x00007ff00db02e00 DEOPT UNPACKING pc=0x000000010aebf099 sp=0x00007ff7bee03118 mode 2
Event: 18.699 Thread 0x00007ff00db02e00 Uncommon trap: trap_request=0xffffff45 fr.pc=0x0000000112b65db8 relative=0x00000000000003d8
Event: 18.699 Thread 0x00007ff00db02e00 Uncommon trap: reason=unstable_if action=reinterpret pc=0x0000000112b65db8 method=java.security.AccessControlContext.optimize()Ljava/security/AccessControlContext; @ 221 c2
Event: 18.699 Thread 0x00007ff00db02e00 DEOPT PACKING pc=0x0000000112b65db8 sp=0x00007ff7bee02940
Event: 18.699 Thread 0x00007ff00db02e00 DEOPT UNPACKING pc=0x000000010aebf099 sp=0x00007ff7bee02868 mode 2
Event: 18.701 Thread 0x00007ff00db02e00 Uncommon trap: trap_request=0xffffff45 fr.pc=0x0000000112b29d9c relative=0x0000000000000cfc
Event: 18.701 Thread 0x00007ff00db02e00 Uncommon trap: reason=unstable_if action=reinterpret pc=0x0000000112b29d9c method=javafx.scene.Parent.doComputeGeomBounds(Lcom/sun/javafx/geom/BaseBounds;Lcom/sun/javafx/geom/transform/BaseTransform;)Lcom/sun/javafx/geom/BaseBounds; @ 9 c2
Event: 18.701 Thread 0x00007ff00db02e00 DEOPT PACKING pc=0x0000000112b29d9c sp=0x00007ff7bee03110
Event: 18.701 Thread 0x00007ff00db02e00 DEOPT UNPACKING pc=0x000000010aebf099 sp=0x00007ff7bee03068 mode 2
Event: 18.703 Thread 0x00007ff00db02e00 Uncommon trap: trap_request=0xffffffde fr.pc=0x0000000112b2ed90 relative=0x00000000000000f0
Event: 18.703 Thread 0x00007ff00db02e00 Uncommon trap: reason=class_check action=maybe_recompile pc=0x0000000112b2ed90 method=javafx.beans.binding.Bindings$16.computeValue()D @ 4 c2
Event: 18.703 Thread 0x00007ff00db02e00 DEOPT PACKING pc=0x0000000112b2ed90 sp=0x00007ff7bee040f0
Event: 18.703 Thread 0x00007ff00db02e00 DEOPT UNPACKING pc=0x000000010aebf099 sp=0x00007ff7bee040a8 mode 2
Event: 18.703 Thread 0x00007ff00db02e00 Uncommon trap: trap_request=0xffffffde fr.pc=0x0000000112b2ed90 relative=0x00000000000000f0
Event: 18.703 Thread 0x00007ff00db02e00 Uncommon trap: reason=class_check action=maybe_recompile pc=0x0000000112b2ed90 method=javafx.beans.binding.Bindings$16.computeValue()D @ 4 c2
Event: 18.703 Thread 0x00007ff00db02e00 DEOPT PACKING pc=0x0000000112b2ed90 sp=0x00007ff7bee041b0
Event: 18.703 Thread 0x00007ff00db02e00 DEOPT UNPACKING pc=0x000000010aebf099 sp=0x00007ff7bee04168 mode 2

Classes unloaded (0 events):
No events

Classes redefined (0 events):
No events

Internal exceptions (20 events):
Event: 3.613 Thread 0x00007ff00db02e00 Exception <a 'java/lang/NoSuchMethodError'{0x00000006c1970568}: 'java.lang.Object java.lang.invoke.DirectMethodHandle$Holder.invokeInterface(java.lang.Object, java.lang.Object, java.lang.Object)'> (0x00000006c1970568) 
thrown [src/hotspot/share/interpreter/linkResolver.cpp, line 766]
Event: 3.614 Thread 0x00007ff00db02e00 Exception <a 'java/lang/IncompatibleClassChangeError'{0x00000006c1973c30}: Found class java.lang.Object, but interface was expected> (0x00000006c1973c30) 
thrown [src/hotspot/share/interpreter/linkResolver.cpp, line 833]
Event: 3.677 Thread 0x00007ff00b306e00 Exception <a 'java/lang/ClassNotFoundException'{0x00000006cfe06348}: jdk/net/ExtendedSocketOptions> (0x00000006cfe06348) 
thrown [src/hotspot/share/classfile/systemDictionary.cpp, line 256]
Event: 3.812 Thread 0x00007ff00b306e00 Implicit null exception at 0x00000001129e0a2c to 0x00000001129e0bf1
Event: 5.423 Thread 0x00007ff00b306e00 Exception <a 'sun/nio/fs/UnixException'{0x00000006cffa6ef8}> (0x00000006cffa6ef8) 
thrown [src/hotspot/share/prims/jni.cpp, line 516]
Event: 5.430 Thread 0x00007ff00b306e00 Exception <a 'java/io/FileNotFoundException'{0x00000006cd60bc00}> (0x00000006cd60bc00) 
thrown [src/hotspot/share/prims/jni.cpp, line 516]
Event: 5.435 Thread 0x00007ff00db02e00 Exception <a 'java/lang/ClassNotFoundException'{0x00000006cd9c8b40}: com/sun/javafx/scene/control/skin/resources/controls> (0x00000006cd9c8b40) 
thrown [src/hotspot/share/prims/jni.cpp, line 535]
Event: 5.436 Thread 0x00007ff00db02e00 Exception <a 'java/lang/ClassNotFoundException'{0x00000006cd9d6ad8}: com/sun/javafx/scene/control/skin/resources/controls_zh> (0x00000006cd9d6ad8) 
thrown [src/hotspot/share/prims/jni.cpp, line 535]
Event: 5.436 Thread 0x00007ff00db02e00 Exception <a 'java/lang/ClassNotFoundException'{0x00000006cd9d7a68}: com/sun/javafx/scene/control/skin/resources/controls_zh_HK> (0x00000006cd9d7a68) 
thrown [src/hotspot/share/prims/jni.cpp, line 535]
Event: 5.436 Thread 0x00007ff00db02e00 Exception <a 'java/lang/ClassNotFoundException'{0x00000006cd9d8a00}: com/sun/javafx/scene/control/skin/resources/controls_zh_Hant> (0x00000006cd9d8a00) 
thrown [src/hotspot/share/prims/jni.cpp, line 535]
Event: 5.436 Thread 0x00007ff00db02e00 Exception <a 'java/lang/ClassNotFoundException'{0x00000006cd9d9998}: com/sun/javafx/scene/control/skin/resources/controls_zh_Hant_HK> (0x00000006cd9d9998) 
thrown [src/hotspot/share/prims/jni.cpp, line 535]
Event: 5.490 Thread 0x00007ff00b306e00 Exception <a 'java/io/FileNotFoundException'{0x00000006cd50a8b8}> (0x00000006cd50a8b8) 
thrown [src/hotspot/share/prims/jni.cpp, line 516]
Event: 6.547 Thread 0x00007ff00db02e00 Exception <a 'java/lang/UnsatisfiedLinkError'{0x00000006c8420768}: 'boolean com.sun.media.jfxmediaimpl.NativeAudioClip.nacInit()'> (0x00000006c8420768) 
thrown [src/hotspot/share/prims/nativeLookup.cpp, line 543]
Event: 6.550 Thread 0x00007ff00db02e00 Exception <a 'java/lang/UnsatisfiedLinkError'{0x00000006c8425858}: 'void com.sun.media.jfxmedia.logging.Logger.nativeSetNativeLevel(int)'> (0x00000006c8425858) 
thrown [src/hotspot/share/prims/nativeLookup.cpp, line 543]
Event: 9.129 Thread 0x00007ff00c1da600 Exception <a 'sun/nio/fs/UnixException'{0x00000006c82ad0e0}> (0x00000006c82ad0e0) 
thrown [src/hotspot/share/prims/jni.cpp, line 516]
Event: 9.129 Thread 0x00007ff00c1da600 Exception <a 'sun/nio/fs/UnixException'{0x00000006c82ae330}> (0x00000006c82ae330) 
thrown [src/hotspot/share/prims/jni.cpp, line 516]
Event: 9.130 Thread 0x00007ff00c1da600 Exception <a 'sun/nio/fs/UnixException'{0x00000006c82af7d0}> (0x00000006c82af7d0) 
thrown [src/hotspot/share/prims/jni.cpp, line 516]
Event: 9.130 Thread 0x00007ff00c1da600 Exception <a 'sun/nio/fs/UnixException'{0x00000006c82b0a28}> (0x00000006c82b0a28) 
thrown [src/hotspot/share/prims/jni.cpp, line 516]
Event: 9.131 Thread 0x00007ff00c1da600 Exception <a 'sun/nio/fs/UnixException'{0x00000006c82b1ca0}> (0x00000006c82b1ca0) 
thrown [src/hotspot/share/prims/jni.cpp, line 516]
Event: 17.339 Thread 0x00007ff00b00c800 Exception <a 'java/lang/NoSuchMethodError'{0x00000006cfe080a8}: 'java.lang.Object java.lang.invoke.DirectMethodHandle$Holder.invokeStaticInit(java.lang.Object, int)'> (0x00000006cfe080a8) 
thrown [src/hotspot/share/interpreter/linkResolver.cpp, line 766]

VM Operations (20 events):
Event: 12.676 Executing VM operation: G1CollectForAllocation
Event: 12.682 Executing VM operation: G1CollectForAllocation done
Event: 13.557 Executing VM operation: G1CollectForAllocation
Event: 13.561 Executing VM operation: G1CollectForAllocation done
Event: 14.474 Executing VM operation: G1CollectForAllocation
Event: 14.477 Executing VM operation: G1CollectForAllocation done
Event: 15.470 Executing VM operation: G1CollectForAllocation
Event: 15.475 Executing VM operation: G1CollectForAllocation done
Event: 16.379 Executing VM operation: G1CollectForAllocation
Event: 16.386 Executing VM operation: G1CollectForAllocation done
Event: 17.261 Executing VM operation: G1CollectForAllocation
Event: 17.264 Executing VM operation: G1CollectForAllocation done
Event: 18.266 Executing VM operation: ICBufferFull
Event: 18.266 Executing VM operation: ICBufferFull done
Event: 18.271 Executing VM operation: CollectForMetadataAllocation
Event: 18.278 Executing VM operation: CollectForMetadataAllocation done
Event: 18.292 Executing VM operation: G1Concurrent
Event: 18.294 Executing VM operation: G1Concurrent done
Event: 18.299 Executing VM operation: G1Concurrent
Event: 18.299 Executing VM operation: G1Concurrent done

Events (20 events):
Event: 18.689 Protecting memory [0x000070000ea27000,0x000070000ea2b000] with protection modes 3
Event: 18.689 Thread 0x00007ff00d193200 Thread exited: 0x00007ff00d193200
Event: 18.689 Protecting memory [0x000070000f6e0000,0x000070000f6e4000] with protection modes 3
Event: 18.689 Thread 0x00007ff00c35be00 Thread exited: 0x00007ff00c35be00
Event: 18.700 Protecting memory [0x000070000ec30000,0x000070000ec34000] with protection modes 0
Event: 18.700 Protecting memory [0x000070000f042000,0x000070000f046000] with protection modes 0
Event: 18.700 Thread 0x00007ff010827800 Thread added: 0x00007ff010827800
Event: 18.700 Thread 0x00007ff00e855000 Thread added: 0x00007ff00e855000
Event: 18.700 Protecting memory [0x000070000ec30000,0x000070000ec34000] with protection modes 3
Event: 18.700 Protecting memory [0x000070000f042000,0x000070000f046000] with protection modes 3
Event: 18.700 Thread 0x00007ff010827800 Thread exited: 0x00007ff010827800
Event: 18.700 Thread 0x00007ff00e855000 Thread exited: 0x00007ff00e855000
Event: 18.700 Protecting memory [0x000070000f042000,0x000070000f046000] with protection modes 0
Event: 18.700 Thread 0x00007ff00e855000 Thread added: 0x00007ff00e855000
Event: 18.700 Protecting memory [0x000070000ec30000,0x000070000ec34000] with protection modes 0
Event: 18.700 Protecting memory [0x000070000f042000,0x000070000f046000] with protection modes 3
Event: 18.700 Thread 0x00007ff00f1e8200 Thread added: 0x00007ff00f1e8200
Event: 18.701 Thread 0x00007ff00e855000 Thread exited: 0x00007ff00e855000
Event: 18.701 Protecting memory [0x000070000ec30000,0x000070000ec34000] with protection modes 3
Event: 18.701 Thread 0x00007ff00f1e8200 Thread exited: 0x00007ff00f1e8200


Dynamic libraries:
0x0000000101193000 	/Library/Java/JavaVirtualMachines/temurin-17.jdk/Contents/Home/lib/libjli.dylib
0x00007ff81503e000 	/usr/lib/libz.1.dylib
0x00007ff815122000 	/usr/lib/libSystem.B.dylib
0x00007ff81511d000 	/usr/lib/system/libcache.dylib
0x00007ff8150d8000 	/usr/lib/system/libcommonCrypto.dylib
0x00007ff815101000 	/usr/lib/system/libcompiler_rt.dylib
0x00007ff8150f7000 	/usr/lib/system/libcopyfile.dylib
0x00007ff80923c000 	/usr/lib/system/libcorecrypto.dylib
0x00007ff809300000 	/usr/lib/system/libdispatch.dylib
0x00007ff809488000 	/usr/lib/system/libdyld.dylib
0x00007ff815113000 	/usr/lib/system/libkeymgr.dylib
0x00007ff8150b7000 	/usr/lib/system/libmacho.dylib
0x00007ff8146a1000 	/usr/lib/system/libquarantine.dylib
0x00007ff815111000 	/usr/lib/system/libremovefile.dylib
0x00007ff80e145000 	/usr/lib/system/libsystem_asl.dylib
0x00007ff8091de000 	/usr/lib/system/libsystem_blocks.dylib
0x00007ff80934a000 	/usr/lib/system/libsystem_c.dylib
0x00007ff815109000 	/usr/lib/system/libsystem_collections.dylib
0x00007ff813930000 	/usr/lib/system/libsystem_configuration.dylib
0x00007ff8129a5000 	/usr/lib/system/libsystem_containermanager.dylib
0x00007ff814d7f000 	/usr/lib/system/libsystem_coreservices.dylib
0x00007ff80c1c6000 	/usr/lib/system/libsystem_darwin.dylib
0x00007ff815114000 	/usr/lib/system/libsystem_dnssd.dylib
0x00007ff809347000 	/usr/lib/system/libsystem_featureflags.dylib
0x00007ff8094b3000 	/usr/lib/system/libsystem_info.dylib
0x00007ff815051000 	/usr/lib/system/libsystem_m.dylib
0x00007ff8092d3000 	/usr/lib/system/libsystem_malloc.dylib
0x00007ff80e0d4000 	/usr/lib/system/libsystem_networkextension.dylib
0x00007ff80c60b000 	/usr/lib/system/libsystem_notify.dylib
0x00007ff813934000 	/usr/lib/system/libsystem_sandbox.dylib
0x00007ff81510e000 	/usr/lib/system/libsystem_secinit.dylib
0x00007ff809442000 	/usr/lib/system/libsystem_kernel.dylib
0x00007ff8094a9000 	/usr/lib/system/libsystem_platform.dylib
0x00007ff80947c000 	/usr/lib/system/libsystem_pthread.dylib
0x00007ff80fa9d000 	/usr/lib/system/libsystem_symptoms.dylib
0x00007ff809222000 	/usr/lib/system/libsystem_trace.dylib
0x00007ff8150e4000 	/usr/lib/system/libunwind.dylib
0x00007ff8091e2000 	/usr/lib/system/libxpc.dylib
0x00007ff80942c000 	/usr/lib/libc++abi.dylib
0x00007ff80910d000 	/usr/lib/libobjc.A.dylib
0x00007ff8150ef000 	/usr/lib/liboah.dylib
0x00007ff8093d3000 	/usr/lib/libc++.1.dylib
0x00007ff8214a6000 	/System/Library/Frameworks/Cocoa.framework/Versions/A/Cocoa
0x00007ff80c66a000 	/System/Library/Frameworks/AppKit.framework/Versions/C/AppKit
0x00007ff80f223000 	/System/Library/Frameworks/CoreData.framework/Versions/A/CoreData
0x00007ff80a357000 	/System/Library/Frameworks/Foundation.framework/Versions/C/Foundation
0x00007ff80d672000 	/System/Library/PrivateFrameworks/UIFoundation.framework/Versions/A/UIFoundation
0x00007ffb0ad7e000 	/System/Library/PrivateFrameworks/CollectionViewCore.framework/Versions/A/CollectionViewCore
0x00007ff81b4a5000 	/System/Library/PrivateFrameworks/RemoteViewServices.framework/Versions/A/RemoteViewServices
0x00007ff81317d000 	/System/Library/PrivateFrameworks/XCTTargetBootstrap.framework/Versions/A/XCTTargetBootstrap
0x00007ff816f91000 	/System/Library/PrivateFrameworks/InternationalSupport.framework/Versions/A/InternationalSupport
0x00007ff81701a000 	/System/Library/PrivateFrameworks/UserActivity.framework/Versions/A/UserActivity
0x00007ffb20fe4000 	/System/Library/PrivateFrameworks/WindowManagement.framework/Versions/A/WindowManagement
0x00007ff80a043000 	/System/Library/Frameworks/SystemConfiguration.framework/Versions/A/SystemConfiguration
0x00007ff81638a000 	/usr/lib/libspindump.dylib
0x00007ff80d840000 	/System/Library/Frameworks/UniformTypeIdentifiers.framework/Versions/A/UniformTypeIdentifiers
0x00007ff81165d000 	/usr/lib/libapp_launch_measurement.dylib
0x00007ff8107e4000 	/System/Library/PrivateFrameworks/CoreAnalytics.framework/Versions/A/CoreAnalytics
0x00007ff811660000 	/System/Library/PrivateFrameworks/CoreAutoLayout.framework/Versions/A/CoreAutoLayout
0x00007ff8129f1000 	/System/Library/Frameworks/Metal.framework/Versions/A/Metal
0x00007ff81393f000 	/usr/lib/liblangid.dylib
0x00007ff813182000 	/System/Library/PrivateFrameworks/CoreSVG.framework/Versions/A/CoreSVG
0x00007ff80e177000 	/System/Library/PrivateFrameworks/SkyLight.framework/Versions/A/SkyLight
0x00007ff80e561000 	/System/Library/Frameworks/CoreGraphics.framework/Versions/A/CoreGraphics
0x00007ff81bb77000 	/System/Library/Frameworks/Accelerate.framework/Versions/A/Accelerate
0x00007ff815dff000 	/System/Library/PrivateFrameworks/IconServices.framework/Versions/A/IconServices
0x00007ff8129d4000 	/System/Library/Frameworks/IOSurface.framework/Versions/A/IOSurface
0x00007ff81080e000 	/usr/lib/libDiagnosticMessagesClient.dylib
0x00007ff81f0bf000 	/System/Library/Frameworks/ApplicationServices.framework/Versions/A/ApplicationServices
0x00007ff813169000 	/System/Library/PrivateFrameworks/DFRFoundation.framework/Versions/A/DFRFoundation
0x00007ff80bf32000 	/usr/lib/libicucore.A.dylib
0x00007ff817e33000 	/System/Library/Frameworks/AudioToolbox.framework/Versions/A/AudioToolbox
0x00007ff816f9c000 	/System/Library/PrivateFrameworks/DataDetectorsCore.framework/Versions/A/DataDetectorsCore
0x00007ff90e5ff000 	/System/Library/PrivateFrameworks/TextInput.framework/Versions/A/TextInput
0x00007ff80e0ec000 	/usr/lib/libMobileGestalt.dylib
0x00007ff812e71000 	/System/Library/Frameworks/Carbon.framework/Versions/A/Frameworks/HIToolbox.framework/Versions/A/HIToolbox
0x00007ff810fff000 	/System/Library/Frameworks/QuartzCore.framework/Versions/A/QuartzCore
0x00007ff80bbb1000 	/System/Library/Frameworks/Security.framework/Versions/A/Security
0x00007ff81b4dd000 	/System/Library/Frameworks/Carbon.framework/Versions/A/Frameworks/SpeechRecognition.framework/Versions/A/SpeechRecognition
0x00007ff81139d000 	/System/Library/PrivateFrameworks/CoreUI.framework/Versions/A/CoreUI
0x00007ff80b493000 	/System/Library/Frameworks/CoreAudio.framework/Versions/A/CoreAudio
0x00007ff8108e8000 	/System/Library/Frameworks/DiskArbitration.framework/Versions/A/DiskArbitration
0x00007ff8167ab000 	/System/Library/PrivateFrameworks/MultitouchSupport.framework/Versions/A/MultitouchSupport
0x00007ff80e0eb000 	/usr/lib/libenergytrace.dylib
0x00007ff80c54c000 	/System/Library/Frameworks/IOKit.framework/Versions/A/IOKit
0x00007ff81b8d6000 	/System/Library/Frameworks/CoreServices.framework/Versions/A/CoreServices
0x00007ff8115f5000 	/System/Library/PrivateFrameworks/PerformanceAnalysis.framework/Versions/A/PerformanceAnalysis
0x00007ffa1eb2b000 	/System/Library/Frameworks/OpenGL.framework/Versions/A/OpenGL
0x00007ff8116a8000 	/usr/lib/libxml2.2.dylib
0x00007ff8145b4000 	/System/Library/PrivateFrameworks/MobileKeyBag.framework/Versions/A/MobileKeyBag
0x00007ff80ec85000 	/System/Library/Frameworks/ColorSync.framework/Versions/A/ColorSync
0x00007ff8094de000 	/System/Library/Frameworks/CoreFoundation.framework/Versions/A/CoreFoundation
0x00007ff81351c000 	/System/Library/Frameworks/CoreImage.framework/Versions/A/CoreImage
0x00007ff80b2a4000 	/System/Library/Frameworks/CoreText.framework/Versions/A/CoreText
0x00007ff8131bd000 	/System/Library/Frameworks/ImageIO.framework/Versions/A/ImageIO
0x00007ff815128000 	/System/Library/PrivateFrameworks/SoftLinking.framework/Versions/A/SoftLinking
0x00007ff8153aa000 	/usr/lib/libcompression.dylib
0x00007ff816ec3000 	/System/Library/PrivateFrameworks/TextureIO.framework/Versions/A/TextureIO
0x00007ff815ac8000 	/usr/lib/libate.dylib
0x00007ff815876000 	/usr/lib/liblzma.5.dylib
0x00007ff815124000 	/usr/lib/libfakelink.dylib
0x00007ff80dd2e000 	/System/Library/Frameworks/CFNetwork.framework/Versions/A/CFNetwork
0x00007ff815261000 	/usr/lib/libarchive.2.dylib
0x00007ff81977e000 	/System/Library/Frameworks/Combine.framework/Versions/A/Combine
0x00007ff8178ab000 	/usr/lib/swift/libswiftCore.dylib
0x00007ff90b64b000 	/usr/lib/swift/libswiftCoreFoundation.dylib
0x00007ff909624000 	/usr/lib/swift/libswiftDarwin.dylib
0x00007ff81d0f3000 	/usr/lib/swift/libswiftDispatch.dylib
0x00007ff90b667000 	/usr/lib/swift/libswiftIOKit.dylib
0x00007ff81f4f4000 	/usr/lib/swift/libswiftObjectiveC.dylib
0x00007ff90b65c000 	/usr/lib/swift/libswiftXPC.dylib
0x00007ffb278b9000 	/usr/lib/swift/libswift_Concurrency.dylib
0x00007ffb279f8000 	/usr/lib/swift/libswift_StringProcessing.dylib
0x00007ff81f4f8000 	/usr/lib/swift/libswiftos.dylib
0x00007ff80c4cd000 	/System/Library/PrivateFrameworks/CoreServicesInternal.framework/Versions/A/CoreServicesInternal
0x00007ff8146c8000 	/usr/lib/libbsm.0.dylib
0x00007ff8150bc000 	/usr/lib/system/libkxld.dylib
0x00007ff811629000 	/System/Library/Frameworks/CoreServices.framework/Versions/A/Frameworks/FSEvents.framework/Versions/A/FSEvents
0x00007ff80c1d1000 	/System/Library/Frameworks/CoreServices.framework/Versions/A/Frameworks/CarbonCore.framework/Versions/A/CarbonCore
0x00007ff810851000 	/System/Library/Frameworks/CoreServices.framework/Versions/A/Frameworks/Metadata.framework/Versions/A/Metadata
0x00007ff814d85000 	/System/Library/Frameworks/CoreServices.framework/Versions/A/Frameworks/OSServices.framework/Versions/A/OSServices
0x00007ff8152e9000 	/System/Library/Frameworks/CoreServices.framework/Versions/A/Frameworks/SearchKit.framework/Versions/A/SearchKit
0x00007ff80fa24000 	/System/Library/Frameworks/CoreServices.framework/Versions/A/Frameworks/AE.framework/Versions/A/AE
0x00007ff809978000 	/System/Library/Frameworks/CoreServices.framework/Versions/A/Frameworks/LaunchServices.framework/Versions/A/LaunchServices
0x00007ff815827000 	/System/Library/Frameworks/CoreServices.framework/Versions/A/Frameworks/DictionaryServices.framework/Versions/A/DictionaryServices
0x00007ff811636000 	/System/Library/Frameworks/CoreServices.framework/Versions/A/Frameworks/SharedFileList.framework/Versions/A/SharedFileList
0x00007ff815375000 	/usr/lib/libapple_nghttp2.dylib
0x00007ff80dd2a000 	/usr/lib/libnetwork.dylib
0x00007ff80f69c000 	/usr/lib/libsqlite3.dylib
0x00007ff80faa5000 	/System/Library/Frameworks/Network.framework/Versions/A/Network
0x00007ffb268a8000 	/usr/lib/libCoreEntitlements.dylib
0x00007ffb14239000 	/System/Library/PrivateFrameworks/MessageSecurity.framework/Versions/A/MessageSecurity
0x00007ff80f683000 	/System/Library/PrivateFrameworks/ProtocolBuffer.framework/Versions/A/ProtocolBuffer
0x00007ff814d5f000 	/System/Library/PrivateFrameworks/AppleFSCompression.framework/Versions/A/AppleFSCompression
0x00007ff8146b0000 	/usr/lib/libcoretls.dylib
0x00007ff815890000 	/usr/lib/libcoretls_cfhelpers.dylib
0x00007ff8153a4000 	/usr/lib/libpam.2.dylib
0x00007ff8158fd000 	/usr/lib/libxar.1.dylib
0x00007ff815ddb000 	/usr/lib/libheimdal-asn1.dylib
0x00007ff815129000 	/usr/lib/libpcap.A.dylib
0x00007ff80fa94000 	/usr/lib/libdns_services.dylib
0x00007ff81393b000 	/System/Library/PrivateFrameworks/AppleSystemInfo.framework/Versions/A/AppleSystemInfo
0x00007ff8143bd000 	/System/Library/PrivateFrameworks/IOMobileFramebuffer.framework/Versions/A/IOMobileFramebuffer
0x00007ff814d6f000 	/usr/lib/libbz2.1.0.dylib
0x00007ff8146a4000 	/usr/lib/libCheckFix.dylib
0x00007ff80e15c000 	/System/Library/PrivateFrameworks/TCC.framework/Versions/A/TCC
0x00007ff813941000 	/System/Library/PrivateFrameworks/CoreNLP.framework/Versions/A/CoreNLP
0x00007ff810810000 	/System/Library/PrivateFrameworks/MetadataUtilities.framework/Versions/A/MetadataUtilities
0x00007ff8146d8000 	/usr/lib/libmecab.dylib
0x00007ff80a0c2000 	/usr/lib/libCRFSuite.dylib
0x00007ff814732000 	/usr/lib/libgermantok.dylib
0x00007ff815350000 	/usr/lib/libThaiTokenizer.dylib
0x00007ff8108f0000 	/System/Library/Frameworks/Accelerate.framework/Versions/A/Frameworks/vImage.framework/Versions/A/vImage
0x00007ff81b8a9000 	/System/Library/Frameworks/Accelerate.framework/Versions/A/Frameworks/vecLib.framework/Versions/A/vecLib
0x00007ff81593f000 	/System/Library/Frameworks/Accelerate.framework/Versions/A/Frameworks/vecLib.framework/Versions/A/libvMisc.dylib
0x00007ff8141e2000 	/System/Library/Frameworks/Accelerate.framework/Versions/A/Frameworks/vecLib.framework/Versions/A/libvDSP.dylib
0x00007ff809d34000 	/System/Library/Frameworks/Accelerate.framework/Versions/A/Frameworks/vecLib.framework/Versions/A/libBLAS.dylib
0x00007ff815488000 	/System/Library/Frameworks/Accelerate.framework/Versions/A/Frameworks/vecLib.framework/Versions/A/libLAPACK.dylib
0x00007ff814735000 	/System/Library/Frameworks/Accelerate.framework/Versions/A/Frameworks/vecLib.framework/Versions/A/libLinearAlgebra.dylib
0x00007ff81538d000 	/System/Library/Frameworks/Accelerate.framework/Versions/A/Frameworks/vecLib.framework/Versions/A/libSparseBLAS.dylib
0x00007ff815482000 	/System/Library/Frameworks/Accelerate.framework/Versions/A/Frameworks/vecLib.framework/Versions/A/libQuadrature.dylib
0x00007ff813a2d000 	/System/Library/Frameworks/Accelerate.framework/Versions/A/Frameworks/vecLib.framework/Versions/A/libBNNS.dylib
0x00007ff809fcc000 	/System/Library/Frameworks/Accelerate.framework/Versions/A/Frameworks/vecLib.framework/Versions/A/libSparse.dylib
0x00007ffb13538000 	/System/Library/PrivateFrameworks/MIL.framework/Versions/A/MIL
0x00007ff81515e000 	/usr/lib/libiconv.2.dylib
0x00007ff8150b6000 	/usr/lib/libcharset.1.dylib
0x00007ff81160d000 	/System/Library/Frameworks/OpenDirectory.framework/Versions/A/Frameworks/CFOpenDirectory.framework/Versions/A/CFOpenDirectory
0x00007ff811601000 	/System/Library/Frameworks/OpenDirectory.framework/Versions/A/OpenDirectory
0x00007ff815892000 	/System/Library/PrivateFrameworks/APFS.framework/Versions/A/APFS
0x00007ff8145e7000 	/System/Library/Frameworks/SecurityFoundation.framework/Versions/A/SecurityFoundation
0x00007ff81590b000 	/usr/lib/libutil.dylib
0x00007ffb126d6000 	/System/Library/PrivateFrameworks/InstalledContentLibrary.framework/Versions/A/InstalledContentLibrary
0x00007ff80c510000 	/System/Library/PrivateFrameworks/CoreServicesStore.framework/Versions/A/CoreServicesStore
0x00007ffb0993d000 	/System/Library/PrivateFrameworks/AppleMobileFileIntegrity.framework/Versions/A/AppleMobileFileIntegrity
0x00007ff90b62b000 	/usr/lib/libmis.dylib
0x00007ff919c1e000 	/System/Library/PrivateFrameworks/MobileSystemServices.framework/Versions/A/MobileSystemServices
0x00007ffa13e5f000 	/System/Library/PrivateFrameworks/ConfigProfileHelper.framework/Versions/A/ConfigProfileHelper
0x00007ff815352000 	/System/Library/PrivateFrameworks/AppleSauce.framework/Versions/A/AppleSauce
0x00007ff80ad69000 	/System/Library/PrivateFrameworks/LanguageModeling.framework/Versions/A/LanguageModeling
0x00007ff81590f000 	/usr/lib/libxslt.1.dylib
0x00007ff815250000 	/usr/lib/libcmph.dylib
0x00007ff8143ab000 	/System/Library/PrivateFrameworks/CoreEmoji.framework/Versions/A/CoreEmoji
0x00007ff813a27000 	/System/Library/PrivateFrameworks/LinguisticData.framework/Versions/A/LinguisticData
0x00007ff809f82000 	/System/Library/PrivateFrameworks/Lexicon.framework/Versions/A/Lexicon
0x00007ff814675000 	/System/Library/PrivateFrameworks/BackgroundTaskManagement.framework/Versions/A/BackgroundTaskManagement
0x00007ffb269de000 	/usr/lib/libTLE.dylib
0x00007ffb2793d000 	/usr/lib/swift/libswift_RegexParser.dylib
0x00007ff816671000 	/System/Library/PrivateFrameworks/AppleJPEG.framework/Versions/A/AppleJPEG
0x00007ff815dc0000 	/usr/lib/libexpat.1.dylib
0x00007ff816d1f000 	/System/Library/Frameworks/ImageIO.framework/Versions/A/Resources/libPng.dylib
0x00007ff816d4c000 	/System/Library/Frameworks/ImageIO.framework/Versions/A/Resources/libTIFF.dylib
0x00007ff816e3d000 	/System/Library/Frameworks/ImageIO.framework/Versions/A/Resources/libGIF.dylib
0x00007ff8166bc000 	/System/Library/Frameworks/ImageIO.framework/Versions/A/Resources/libJP2.dylib
0x00007ff816ddd000 	/System/Library/Frameworks/ImageIO.framework/Versions/A/Resources/libJPEG.dylib
0x00007ff816dd4000 	/System/Library/Frameworks/ImageIO.framework/Versions/A/Resources/libRadiance.dylib
0x00007ff812d07000 	/System/Library/PrivateFrameworks/FontServices.framework/libFontParser.dylib
0x00007ff80f9c9000 	/System/Library/PrivateFrameworks/RunningBoardServices.framework/Versions/A/RunningBoardServices
0x00007ff821ae3000 	/System/Library/PrivateFrameworks/IOSurfaceAccelerator.framework/Versions/A/IOSurfaceAccelerator
0x00007ff8167a7000 	/System/Library/PrivateFrameworks/WatchdogClient.framework/Versions/A/WatchdogClient
0x00007ff80aecb000 	/System/Library/Frameworks/CoreDisplay.framework/Versions/A/CoreDisplay
0x00007ff812bf6000 	/System/Library/Frameworks/CoreMedia.framework/Versions/A/CoreMedia
0x00007ff8129e8000 	/System/Library/PrivateFrameworks/IOAccelerator.framework/Versions/A/IOAccelerator
0x00007ff811787000 	/System/Library/Frameworks/CoreVideo.framework/Versions/A/CoreVideo
0x00007ff8153a2000 	/System/Library/Frameworks/MetalPerformanceShaders.framework/Versions/A/MetalPerformanceShaders
0x00007ff8167e4000 	/System/Library/Frameworks/VideoToolbox.framework/Versions/A/VideoToolbox
0x00007ff80f90d000 	/System/Library/PrivateFrameworks/BaseBoard.framework/Versions/A/BaseBoard
0x00007ff816dcd000 	/System/Library/PrivateFrameworks/GPUWrangler.framework/Versions/A/GPUWrangler
0x00007ff816db1000 	/System/Library/PrivateFrameworks/IOPresentment.framework/Versions/A/IOPresentment
0x00007ff816dd7000 	/System/Library/PrivateFrameworks/DSExternalDisplay.framework/Versions/A/DSExternalDisplay
0x00007ffb0ed6a000 	/System/Library/PrivateFrameworks/GPUCompiler.framework/Versions/31001/Libraries/libllvm-flatbuffers.dylib
0x00007ffa1eb1f000 	/System/Library/Frameworks/OpenGL.framework/Versions/A/Libraries/libCoreFSCache.dylib
0x00007ffb0ed66000 	/System/Library/PrivateFrameworks/GPUCompiler.framework/Versions/31001/Libraries/libGPUCompilerUtils.dylib
0x00007ff816e43000 	/System/Library/PrivateFrameworks/CMCaptureCore.framework/Versions/A/CMCaptureCore
0x00007ffa23afe000 	/System/Library/Frameworks/ExtensionFoundation.framework/Versions/A/ExtensionFoundation
0x00007ff81d86f000 	/System/Library/PrivateFrameworks/CoreTime.framework/Versions/A/CoreTime
0x00007ff816374000 	/System/Library/PrivateFrameworks/AppServerSupport.framework/Versions/A/AppServerSupport
0x00007ff8186fe000 	/System/Library/PrivateFrameworks/perfdata.framework/Versions/A/perfdata
0x00007ff80aff7000 	/System/Library/PrivateFrameworks/AudioToolboxCore.framework/Versions/A/AudioToolboxCore
0x00007ff812bd0000 	/System/Library/PrivateFrameworks/caulk.framework/Versions/A/caulk
0x00007ff817fcb000 	/usr/lib/libAudioStatistics.dylib
0x00007ff90aac7000 	/System/Library/PrivateFrameworks/SystemPolicy.framework/Versions/A/SystemPolicy
0x00007ff818269000 	/usr/lib/libSMC.dylib
0x00007ff82134b000 	/System/Library/Frameworks/CoreMIDI.framework/Versions/A/CoreMIDI
0x00007ff816ced000 	/usr/lib/libAudioToolboxUtility.dylib
0x00007ff82686e000 	/System/Library/PrivateFrameworks/OSAServicesClient.framework/Versions/A/OSAServicesClient
0x00007ff81870b000 	/usr/lib/libperfcheck.dylib
0x00007ff815ca4000 	/System/Library/PrivateFrameworks/PlugInKit.framework/Versions/A/PlugInKit
0x00007ff8145da000 	/System/Library/PrivateFrameworks/AssertionServices.framework/Versions/A/AssertionServices
0x00007ffa1eb7a000 	/System/Library/Frameworks/OpenGL.framework/Versions/A/Libraries/libGLU.dylib
0x00007ffa1eb3e000 	/System/Library/Frameworks/OpenGL.framework/Versions/A/Libraries/libGFXShared.dylib
0x00007ffa1ed47000 	/System/Library/Frameworks/OpenGL.framework/Versions/A/Libraries/libGL.dylib
0x00007ffa1eb47000 	/System/Library/Frameworks/OpenGL.framework/Versions/A/Libraries/libGLImage.dylib
0x00007ffa1eb3b000 	/System/Library/Frameworks/OpenGL.framework/Versions/A/Libraries/libCVMSPluginSupport.dylib
0x00007ffb269bd000 	/usr/lib/libRosetta.dylib
0x00007ffa1eb26000 	/System/Library/Frameworks/OpenGL.framework/Versions/A/Libraries/libCoreVMClient.dylib
0x00007ff8138b4000 	/System/Library/Frameworks/MetalPerformanceShaders.framework/Versions/A/Frameworks/MPSCore.framework/Versions/A/MPSCore
0x00007ff814cc9000 	/System/Library/Frameworks/MetalPerformanceShaders.framework/Versions/A/Frameworks/MPSImage.framework/Versions/A/MPSImage
0x00007ff81474b000 	/System/Library/Frameworks/MetalPerformanceShaders.framework/Versions/A/Frameworks/MPSNeuralNetwork.framework/Versions/A/MPSNeuralNetwork
0x00007ff814bbe000 	/System/Library/Frameworks/MetalPerformanceShaders.framework/Versions/A/Frameworks/MPSMatrix.framework/Versions/A/MPSMatrix
0x00007ff814979000 	/System/Library/Frameworks/MetalPerformanceShaders.framework/Versions/A/Frameworks/MPSRayIntersector.framework/Versions/A/MPSRayIntersector
0x00007ff814bf8000 	/System/Library/Frameworks/MetalPerformanceShaders.framework/Versions/A/Frameworks/MPSNDArray.framework/Versions/A/MPSNDArray
0x00007ffa24e69000 	/System/Library/Frameworks/MetalPerformanceShaders.framework/Versions/A/Frameworks/MPSFunctions.framework/Versions/A/MPSFunctions
0x00007ff809bf5000 	/System/Library/PrivateFrameworks/MetalTools.framework/Versions/A/MetalTools
0x00007ff81393a000 	/System/Library/PrivateFrameworks/AggregateDictionary.framework/Versions/A/AggregateDictionary
0x00007ff815b5f000 	/usr/lib/libIOReport.dylib
0x00007ffa2012a000 	/System/Library/Frameworks/OpenCL.framework/Versions/A/OpenCL
0x00007ff815f06000 	/System/Library/PrivateFrameworks/GraphVisualizer.framework/Versions/A/GraphVisualizer
0x00007ffb0ec6b000 	/System/Library/PrivateFrameworks/FontServices.framework/Versions/A/FontServices
0x00007ff81632f000 	/System/Library/PrivateFrameworks/OTSVG.framework/Versions/A/OTSVG
0x00007ff811351000 	/System/Library/Frameworks/ApplicationServices.framework/Versions/A/Frameworks/ATS.framework/Versions/A/Resources/libFontRegistry.dylib
0x00007ff81637e000 	/System/Library/PrivateFrameworks/FontServices.framework/libhvf.dylib
0x00007ffb0ec6c000 	/System/Library/PrivateFrameworks/FontServices.framework/libXTFontStaticRegistryData.dylib
0x00007ffb1fe9d000 	/System/Library/PrivateFrameworks/VideoToolboxParavirtualizationSupport.framework/Versions/A/VideoToolboxParavirtualizationSupport
0x00007ff815d70000 	/System/Library/PrivateFrameworks/AppleVA.framework/Versions/A/AppleVA
0x00007ff81800b000 	/System/Library/Frameworks/ApplicationServices.framework/Versions/A/Frameworks/ATS.framework/Versions/A/ATS
0x00007ff80ed75000 	/System/Library/Frameworks/ApplicationServices.framework/Versions/A/Frameworks/HIServices.framework/Versions/A/HIServices
0x00007ff816e4f000 	/System/Library/Frameworks/ApplicationServices.framework/Versions/A/Frameworks/PrintCore.framework/Versions/A/PrintCore
0x00007ff8183be000 	/System/Library/Frameworks/ApplicationServices.framework/Versions/A/Frameworks/QD.framework/Versions/A/QD
0x00007ff8183b6000 	/System/Library/Frameworks/ApplicationServices.framework/Versions/A/Frameworks/ColorSyncLegacy.framework/Versions/A/ColorSyncLegacy
0x00007ff817fdf000 	/System/Library/Frameworks/ApplicationServices.framework/Versions/A/Frameworks/SpeechSynthesis.framework/Versions/A/SpeechSynthesis
0x00007ff816e0d000 	/System/Library/Frameworks/ApplicationServices.framework/Versions/A/Frameworks/ATSUI.framework/Versions/A/ATSUI
0x00007ff818349000 	/usr/lib/libcups.2.dylib
0x00007ff81871a000 	/System/Library/Frameworks/Kerberos.framework/Versions/A/Kerberos
0x00007ff818729000 	/System/Library/Frameworks/GSS.framework/Versions/A/GSS
0x00007ff818079000 	/usr/lib/libresolv.9.dylib
0x00007ff81638f000 	/System/Library/PrivateFrameworks/Heimdal.framework/Versions/A/Heimdal
0x00007ff81f477000 	/System/Library/Frameworks/Kerberos.framework/Versions/A/Libraries/libHeimdalProxy.dylib
0x00007ff818774000 	/System/Library/PrivateFrameworks/CommonAuth.framework/Versions/A/CommonAuth
0x00007ffa22dd4000 	/System/Library/Frameworks/AVFAudio.framework/Versions/A/AVFAudio
0x00007ff8268b7000 	/System/Library/PrivateFrameworks/AXCoreUtilities.framework/Versions/A/AXCoreUtilities
0x00007ff817f5b000 	/System/Library/PrivateFrameworks/AudioSession.framework/Versions/A/AudioSession
0x00007ff819555000 	/System/Library/Frameworks/IOBluetooth.framework/Versions/A/IOBluetooth
0x00007ff815e76000 	/System/Library/PrivateFrameworks/MediaExperience.framework/Versions/A/MediaExperience
0x00007ff817e02000 	/System/Library/PrivateFrameworks/AudioSession.framework/libSessionUtility.dylib
0x00007ff8183ca000 	/System/Library/PrivateFrameworks/AudioResourceArbitration.framework/Versions/A/AudioResourceArbitration
0x00007ff81c4ae000 	/System/Library/PrivateFrameworks/PowerLog.framework/Versions/A/PowerLog
0x00007ff81c3f0000 	/System/Library/Frameworks/CoreBluetooth.framework/Versions/A/CoreBluetooth
0x00007ff81f478000 	/System/Library/Frameworks/AudioUnit.framework/Versions/A/AudioUnit
0x00007ff814444000 	/System/Library/PrivateFrameworks/CoreUtils.framework/Versions/A/CoreUtils
0x00007ffb0d81c000 	/System/Library/PrivateFrameworks/CoreUtilsExtras.framework/Versions/A/CoreUtilsExtras
0x00007ffb1256d000 	/System/Library/PrivateFrameworks/IO80211.framework/Versions/A/IO80211
0x00007ff815de4000 	/System/Library/PrivateFrameworks/IconFoundation.framework/Versions/A/IconFoundation
0x00007ff81b4cd000 	/System/Library/PrivateFrameworks/SpeechRecognitionCore.framework/Versions/A/SpeechRecognitionCore
0x00000001022e5000 	/Library/Java/JavaVirtualMachines/temurin-17.jdk/Contents/Home/lib/server/libjvm.dylib
0x000000010114a000 	/Library/Java/JavaVirtualMachines/temurin-17.jdk/Contents/Home/lib/libjimage.dylib
0x0000000101223000 	/Library/Java/JavaVirtualMachines/temurin-17.jdk/Contents/Home/lib/libjava.dylib
0x000000010120d000 	/Library/Java/JavaVirtualMachines/temurin-17.jdk/Contents/Home/lib/libnio.dylib
0x0000000101cc3000 	/Library/Java/JavaVirtualMachines/temurin-17.jdk/Contents/Home/lib/libnet.dylib
0x0000000101ca9000 	/Library/Java/JavaVirtualMachines/temurin-17.jdk/Contents/Home/lib/libzip.dylib
0x0000000101cdd000 	/Users/leowong/.openjfx/cache/18+12/libprism_es2.dylib
0x00007ffa1ed52000 	/System/Library/Frameworks/OpenGL.framework/Versions/A/Resources/GLEngine.bundle/GLEngine
0x00007ffa1ebb8000 	/System/Library/Frameworks/OpenGL.framework/Versions/A/Libraries/libGLProgrammability.dylib
0x00007ffa18d9c000 	/System/Library/Extensions/AppleIntelICLGraphicsGLDriver.bundle/Contents/MacOS/AppleIntelICLGraphicsGLDriver
0x00007ff916b66000 	/System/Library/PrivateFrameworks/GPUSupport.framework/Versions/A/Libraries/libGPUSupportMercury.dylib
0x00007ffa1eedc000 	/System/Library/Frameworks/OpenGL.framework/Versions/A/Resources/GLRendererFloat.bundle/GLRendererFloat
0x0000000102242000 	/Users/leowong/.openjfx/cache/18+12/libglass.dylib
0x00007ff81caa0000 	/System/Library/Frameworks/FileProvider.framework/Versions/A/FileProvider
0x00007ff80f878000 	/System/Library/Frameworks/Accounts.framework/Versions/A/Accounts
0x00007ff811816000 	/System/Library/PrivateFrameworks/UserManagement.framework/Versions/A/UserManagement
0x00007ff81cc2b000 	/System/Library/PrivateFrameworks/GenerationalStorage.framework/Versions/A/GenerationalStorage
0x00007ff81d79e000 	/System/Library/PrivateFrameworks/CoreSymbolication.framework/Versions/A/CoreSymbolication
0x00007ff81c4a3000 	/System/Library/PrivateFrameworks/SymptomDiagnosticReporter.framework/Versions/A/SymptomDiagnosticReporter
0x00007ff80d856000 	/System/Library/PrivateFrameworks/DesktopServicesPriv.framework/Versions/A/DesktopServicesPriv
0x00007ff80c61a000 	/usr/lib/libsandbox.1.dylib
0x00007ff81d763000 	/System/Library/PrivateFrameworks/DebugSymbols.framework/Versions/A/DebugSymbols
0x00007ff8183ab000 	/System/Library/PrivateFrameworks/NetAuth.framework/Versions/A/NetAuth
0x00007ff8193d8000 	/System/Library/PrivateFrameworks/Sharing.framework/Versions/A/Sharing
0x00007ff8117dc000 	/System/Library/PrivateFrameworks/login.framework/Versions/A/Frameworks/loginsupport.framework/Versions/A/loginsupport
0x00007ff81e99c000 	/System/Library/PrivateFrameworks/Apple80211.framework/Versions/A/Apple80211
0x00007ff814db2000 	/System/Library/PrivateFrameworks/AuthKit.framework/Versions/A/AuthKit
0x00007ff8143ca000 	/System/Library/Frameworks/CoreWLAN.framework/Versions/A/CoreWLAN
0x00007ff81e9a0000 	/System/Library/PrivateFrameworks/CoreWiFi.framework/Versions/A/CoreWiFi
0x00007ffa0de53000 	/System/Library/PrivateFrameworks/WiFiPeerToPeer.framework/Versions/A/WiFiPeerToPeer
0x00007ff81d30e000 	/System/Library/PrivateFrameworks/FrontBoardServices.framework/Versions/A/FrontBoardServices
0x00007ff81d3a6000 	/System/Library/PrivateFrameworks/BoardServices.framework/Versions/A/BoardServices
0x00007ff81eaff000 	/System/Library/PrivateFrameworks/BackBoardServices.framework/Versions/A/BackBoardServices
0x00007ff814f20000 	/System/Library/Frameworks/UserNotifications.framework/Versions/A/UserNotifications
0x00007ff818869000 	/System/Library/PrivateFrameworks/CorePhoneNumbers.framework/Versions/A/CorePhoneNumbers
0x00007ff8180a6000 	/System/Library/PrivateFrameworks/MultiverseSupport.framework/Versions/A/MultiverseSupport
0x00007ff81ed7a000 	/System/Library/PrivateFrameworks/RemoteServiceDiscovery.framework/Versions/A/RemoteServiceDiscovery
0x00007ff81c5c1000 	/System/Library/PrivateFrameworks/DiskManagement.framework/Versions/A/DiskManagement
0x00007ff81c4d5000 	/System/Library/PrivateFrameworks/AppleIDAuthSupport.framework/Versions/A/AppleIDAuthSupport
0x00007ffa2792f000 	/System/Library/PrivateFrameworks/AAAFoundation.framework/Versions/A/AAAFoundation
0x00007ff818842000 	/System/Library/PrivateFrameworks/KeychainCircle.framework/Versions/A/KeychainCircle
0x00007ff81ed8a000 	/System/Library/PrivateFrameworks/RemoteXPC.framework/Versions/A/RemoteXPC
0x00007ff81c58d000 	/System/Library/PrivateFrameworks/MediaKit.framework/Versions/A/MediaKit
0x00007ff81c4e1000 	/System/Library/Frameworks/DiscRecording.framework/Versions/A/DiscRecording
0x00007ff815ce8000 	/usr/lib/libCoreStorage.dylib
0x00007ff81edf5000 	/usr/lib/libcsfde.dylib
0x00007ff819626000 	/System/Library/PrivateFrameworks/ProtectedCloudStorage.framework/Versions/A/ProtectedCloudStorage
0x00007ff81edf1000 	/System/Library/PrivateFrameworks/EFILogin.framework/Versions/A/EFILogin
0x00007ff81cc51000 	/System/Library/PrivateFrameworks/OctagonTrust.framework/Versions/A/OctagonTrust
0x00007ff815ce0000 	/usr/lib/libMatch.1.dylib
0x00007ff91029b000 	/System/Library/Frameworks/Accelerate.framework/Versions/A/Frameworks/vImage.framework/Versions/A/Libraries/libCGInterfaces.dylib
0x0000000124fc8000 	/usr/lib/libobjc-trampolines.dylib
0x00007ffb26779000 	/usr/lib/libAccessibilityBaseImplementations.dylib
0x00007ff8114f5000 	/System/Library/PrivateFrameworks/ViewBridge.framework/Versions/A/ViewBridge
0x00007ff816446000 	/System/Library/PrivateFrameworks/login.framework/Versions/A/login
0x00007ff815b68000 	/System/Library/PrivateFrameworks/CrashReporterSupport.framework/Versions/A/CrashReporterSupport
0x00007ff918e77000 	/System/Library/PrivateFrameworks/OSAnalytics.framework/Versions/A/OSAnalytics
0x00007ff924b50000 	/System/Library/PrivateFrameworks/Symbolication.framework/Versions/A/Symbolication
0x00007ff90b5fd000 	/System/Library/PrivateFrameworks/MallocStackLogging.framework/Versions/A/MallocStackLogging
0x000000012c2ae000 	/Users/leowong/.openjfx/cache/18+12/libjavafx_font.dylib
0x000000012ebd7000 	/Users/leowong/.openjfx/cache/18+12/libjavafx_iio.dylib
0x000000012ecce000 	/System/Library/Frameworks/FileProvider.framework/OverrideBundles/CloudDocsFileProvider.bundle/Contents/MacOS/CloudDocsFileProvider
0x00007ff811af8000 	/System/Library/PrivateFrameworks/CloudDocs.framework/Versions/A/CloudDocs
0x00007ff81f180000 	/System/Library/PrivateFrameworks/AppleAccount.framework/Versions/A/AppleAccount
0x00007ff81183f000 	/System/Library/Frameworks/CloudKit.framework/Versions/A/CloudKit
0x00007ff81960d000 	/System/Library/PrivateFrameworks/AppContainer.framework/Versions/A/AppContainer
0x00007ff819011000 	/System/Library/PrivateFrameworks/IDS.framework/Versions/A/IDS
0x00007ff81f2eb000 	/System/Library/PrivateFrameworks/AppleIDSSOAuthentication.framework/Versions/A/AppleIDSSOAuthentication
0x00007ff8117df000 	/System/Library/PrivateFrameworks/ApplePushService.framework/Versions/A/ApplePushService
0x00007ff81ee7a000 	/System/Library/PrivateFrameworks/AppSupport.framework/Versions/A/AppSupport
0x00007ff817d5a000 	/System/Library/PrivateFrameworks/IMFoundation.framework/Versions/A/IMFoundation
0x00007ff82600a000 	/System/Library/PrivateFrameworks/Marco.framework/Versions/A/Marco
0x00007ff8191a1000 	/System/Library/PrivateFrameworks/IDSFoundation.framework/Versions/A/IDSFoundation
0x00007ff80f8f5000 	/System/Library/PrivateFrameworks/CommonUtilities.framework/Versions/A/CommonUtilities
0x00007ff90b20a000 	/System/Library/PrivateFrameworks/FTServices.framework/Versions/A/FTServices
0x00007ff822fb8000 	/System/Library/PrivateFrameworks/Engram.framework/Versions/A/Engram
0x00007ff822f5b000 	/usr/lib/libtidy.A.dylib
0x00007ff816605000 	/System/Library/PrivateFrameworks/Bom.framework/Versions/A/Bom
0x00007ff8180b6000 	/usr/lib/libParallelCompression.dylib
0x00007ff916893000 	/System/Library/PrivateFrameworks/FTAWD.framework/Versions/A/FTAWD
0x00007ffa26cfb000 	/System/Library/Frameworks/SharedWithYouCore.framework/Versions/A/SharedWithYouCore
0x00007ffb26892000 	/usr/lib/libBASupport.dylib
0x00007ff90a8c7000 	/System/Library/Frameworks/AVFoundation.framework/Versions/A/AVFoundation
0x00007ff81f528000 	/System/Library/PrivateFrameworks/C2.framework/Versions/A/C2
0x00007ff8128e2000 	/System/Library/Frameworks/CoreLocation.framework/Versions/A/CoreLocation
0x00007ffb0a727000 	/System/Library/PrivateFrameworks/CloudKitDistributedSync.framework/Versions/A/CloudKitDistributedSync
0x00007ff81f520000 	/System/Library/Frameworks/PushKit.framework/Versions/A/PushKit
0x00007ffa2386a000 	/System/Library/Frameworks/CoreTransferable.framework/Versions/A/CoreTransferable
0x00007ffa09cb6000 	/System/Library/Frameworks/CryptoKit.framework/Versions/A/CryptoKit
0x00007ffa0ddd6000 	/System/Library/PrivateFrameworks/FeatureFlags.framework/Versions/A/FeatureFlags
0x00007ff92200b000 	/usr/lib/swift/libswiftAVFoundation.dylib
0x00007ff90b642000 	/usr/lib/swift/libswiftCoreAudio.dylib
0x00007ff9102ba000 	/usr/lib/swift/libswiftCoreLocation.dylib
0x00007ff9102bd000 	/usr/lib/swift/libswiftCoreMIDI.dylib
0x00007ff920b58000 	/usr/lib/swift/libswiftCoreMedia.dylib
0x00007ff9162e6000 	/usr/lib/swift/libswiftMetal.dylib
0x00007ff9197fb000 	/usr/lib/swift/libswiftQuartzCore.dylib
0x00007ff91d727000 	/usr/lib/swift/libswiftUniformTypeIdentifiers.dylib
0x00007ff90e561000 	/usr/lib/swift/libswiftsimd.dylib
0x00007ff81d108000 	/System/Library/PrivateFrameworks/AVFCore.framework/Versions/A/AVFCore
0x00007ff8246f0000 	/System/Library/PrivateFrameworks/AVFCapture.framework/Versions/A/AVFCapture
0x00007ff9092e3000 	/System/Library/PrivateFrameworks/AirPlaySync.framework/Versions/A/AirPlaySync
0x00007ff817086000 	/System/Library/Frameworks/MediaToolbox.framework/Versions/A/MediaToolbox
0x00007ff81ca70000 	/System/Library/PrivateFrameworks/CoreAVCHD.framework/Versions/A/CoreAVCHD
0x00007ff81bbbf000 	/System/Library/Frameworks/MediaAccessibility.framework/Versions/A/MediaAccessibility
0x00007ff81ca6c000 	/System/Library/PrivateFrameworks/Mangrove.framework/Versions/A/Mangrove
0x00007ffb0a3cb000 	/System/Library/PrivateFrameworks/CMPhoto.framework/Versions/A/CMPhoto
0x00007ff81d637000 	/System/Library/PrivateFrameworks/AppleVPA.framework/Versions/A/AppleVPA
0x00007ff81c6b1000 	/System/Library/PrivateFrameworks/CoreAUC.framework/Versions/A/CoreAUC
0x00007ffb0a39d000 	/System/Library/PrivateFrameworks/CMImaging.framework/Versions/A/CMImaging
0x00007ff82486f000 	/System/Library/PrivateFrameworks/Quagga.framework/Versions/A/Quagga
0x00007ff824941000 	/System/Library/PrivateFrameworks/CMCapture.framework/Versions/A/CMCapture
0x00007ff818175000 	/System/Library/Frameworks/CoreMediaIO.framework/Versions/A/CoreMediaIO
0x00007ff90b58b000 	/System/Library/PrivateFrameworks/LoggingSupport.framework/Versions/A/LoggingSupport
0x00007ff821057000 	/System/Library/PrivateFrameworks/RTCReporting.framework/Versions/A/RTCReporting
0x00007ff81987e000 	/System/Library/PrivateFrameworks/GeoServices.framework/Versions/A/GeoServices
0x00007ff817dce000 	/System/Library/PrivateFrameworks/LocationSupport.framework/Versions/A/LocationSupport
0x00007ffb0f857000 	/System/Library/PrivateFrameworks/GeoServicesCore.framework/Versions/A/GeoServicesCore
0x00007ff8268ae000 	/System/Library/PrivateFrameworks/PhoneNumbers.framework/Versions/A/PhoneNumbers
0x00007ffa09ab3000 	/usr/lib/swift/libswiftNetwork.dylib
0x00007ff81f472000 	/System/Library/PrivateFrameworks/CryptoKitCBridging.framework/Versions/A/CryptoKitCBridging
0x00007ff81d44c000 	/System/Library/Frameworks/CryptoTokenKit.framework/Versions/A/CryptoTokenKit
0x00007ff920b56000 	/usr/lib/swift/libswiftCryptoTokenKit.dylib
0x00007ff81d4a7000 	/System/Library/Frameworks/LocalAuthentication.framework/Versions/A/LocalAuthentication
0x00007ff81d4ec000 	/System/Library/Frameworks/LocalAuthentication.framework/Support/SharedUtils.framework/Versions/A/SharedUtils
0x00007ff90961d000 	/usr/lib/swift/libswiftCoreGraphics.dylib
0x00007ff819622000 	/System/Library/PrivateFrameworks/SecCodeWrapper.framework/Versions/A/SecCodeWrapper
0x000000012ec9c000 	/System/Library/Frameworks/FileProvider.framework/OverrideBundles/FileProviderOverride.bundle/Contents/MacOS/FileProviderOverride
0x000000012ed6d000 	/System/Library/Frameworks/FileProvider.framework/OverrideBundles/FinderSyncCollaborationFileProviderOverride.bundle/Contents/MacOS/FinderSyncCollaborationFileProviderOverride
0x00007ff91d603000 	/System/Library/PrivateFrameworks/FinderSyncPriv.framework/Versions/A/FinderSyncPriv
0x00007ff90910d000 	/usr/lib/libFosl_dynamic.dylib
0x00007ff90f73f000 	/usr/lib/libncurses.5.4.dylib
0x00007ffa19cf4000 	/System/Library/Extensions/AppleIntelICLGraphicsMTLDriver.bundle/Contents/MacOS/AppleIntelICLGraphicsMTLDriver
0x00007ff90b63e000 	/System/Library/PrivateFrameworks/GPURawCounter.framework/Versions/A/GPURawCounter
0x00007ff81bbf3000 	/System/Library/PrivateFrameworks/SystemAdministration.framework/Versions/A/SystemAdministration
0x00007ff81b499000 	/System/Library/Frameworks/DirectoryService.framework/Versions/A/DirectoryService
0x00007ff81ec92000 	/System/Library/PrivateFrameworks/DiskImages.framework/Versions/A/DiskImages
0x00007ff814697000 	/System/Library/Frameworks/ServiceManagement.framework/Versions/A/ServiceManagement
0x00007ff81ee72000 	/System/Library/PrivateFrameworks/LoginUIKit.framework/Versions/A/Frameworks/LoginUICore.framework/Versions/A/LoginUICore
0x00007ff816601000 	/usr/lib/libodfde.dylib
0x00007ff81ee01000 	/usr/lib/libcurl.4.dylib
0x00007ffb26e59000 	/usr/lib/libcrypto.46.dylib
0x00007ffb274f8000 	/usr/lib/libssl.48.dylib
0x00007ff81eb20000 	/System/Library/Frameworks/LDAP.framework/Versions/A/LDAP
0x00007ff81eb5c000 	/System/Library/PrivateFrameworks/TrustEvaluationAgent.framework/Versions/A/TrustEvaluationAgent
0x00007ff818092000 	/usr/lib/libsasl2.2.dylib
0x0000000130760000 	/Users/leowong/.openjfx/cache/18+12/libglib-lite.dylib
0x0000000130a1b000 	/Users/leowong/.openjfx/cache/18+12/libgstreamer-lite.dylib
0x0000000130672000 	/Users/leowong/.openjfx/cache/18+12/libjfxmedia.dylib
0x0000000130656000 	/Users/leowong/.openjfx/cache/18+12/libjfxmedia_avf.dylib
0x00000001306aa000 	/Users/leowong/.openjfx/cache/18+12/libfxplugins.dylib
0x00007ffa2720d000 	/System/Library/Frameworks/VideoDecodeAcceleration.framework/Versions/A/VideoDecodeAcceleration
0x0000000130888000 	/System/Library/Components/CoreAudio.component/Contents/MacOS/CoreAudio


VM Arguments:
jvm_args: --add-modules=javafx.controls,javafx.fxml,javafx.graphics,javafx.media --module-path=/Users/leowong/IdeaProjects/SpaceX-Invader/build/libs/SpaceX-Invader-1.0.jar:/Users/leowong/.gradle/caches/modules-2/files-2.1/com.github.almasb/fxgl/17.2/35db6ae960eec2dcfd19262d3b7f9c42f0e95bc3/fxgl-17.2.jar:/Users/leowong/.gradle/caches/modules-2/files-2.1/com.gluonhq.attach/lifecycle/4.0.13/67db85de9611371b03e3eb3f25454415801a5744/lifecycle-4.0.13.jar:/Users/leowong/.gradle/caches/modules-2/files-2.1/com.github.almasb/fxgl-io/17.2/aa1cb154ec24f8868c834570ea53faa2902dcd89/fxgl-io-17.2.jar:/Users/leowong/.gradle/caches/modules-2/files-2.1/com.github.almasb/fxgl-entity/17.2/3692459cbcd9d787c1124071f7beefef05f70c6e/fxgl-entity-17.2.jar:/Users/leowong/.gradle/caches/modules-2/files-2.1/com.github.almasb/fxgl-gameplay/17.2/c896d7d4bc2ee0b6139643e7007ad9a7e543905d/fxgl-gameplay-17.2.jar:/Users/leowong/.gradle/caches/modules-2/files-2.1/com.github.almasb/fxgl-scene/17.2/a17ea10194e806c1557913eb51b0de0c10ad3561/fxgl-scene-17.2.jar:/Users/leowong/.gradle/caches/modules-2/files-2.1/com.github.almasb/fxgl-core/17.2/f68d59106d2d4d411d980777d035219ddb4c8f24/fxgl-core-17.2.jar:/Users/leowong/.gradle/caches/modules-2/files-2.1/com.gluonhq.attach/audio/4.0.13/5f799f84ebfa1749e9a0d5d1c98258a6fa6d8252/audio-4.0.13.jar:/Users/leowong/.gradle/caches/modules-2/files-2.1/com.gluonhq.attach/storage/4.0.13/c16d015d2cd2f7582fb37aebb0ad21a742f22ff3/storage-4.0.13.jar:/Users/leowong/.gradle/caches/modules-2/files-2.1/com.gluonhq.attach/util/4.0.13/afd0eab9711a196fdbf639987fd2e5b09cfad237/util-4.0.13.jar:/Users/leowong/.gradle/caches/modules-2/files-2.1/com.fasterxml.jackson.core/jackson-annotations/2.12.1/aa079f822ddce5548018286d19ccb15c2fc202d7/jackson-annotations-2.12.1.jar:/Users/leowong/.gradle/caches/modules-2/files-2.1/com.fasterxml.jackson.core/jackson-core/2.12.1/7c5493930e439be6fcec80a9afd6516b8e5e8760/jackson-core-2.12.1.jar:/Users/leowong/.gradle/caches/modules-2/files-2.1/com.fasterxml.jackson.core/jackson-databind/2.12.1/8a97e00e429c42f74757b0a8cd1d39dddd41524f/--patch-module=spacexinvader.main=/Users/leowong/IdeaProjects/SpaceX-Invader/build/resources/main -Dfile.encoding=UTF-8 -Duser.country=HK -Duser.language=zh -Duser.variant -Djdk.module.main=spacexinvader.main 
java_command: spacexinvader.main/com.ood.spacexinvader.GameStart
java_class_path (initial): <not set>
Launcher Type: SUN_STANDARD

[Global flags]
     intx CICompilerCount                          = 4                                         {product} {ergonomic}
     uint ConcGCThreads                            = 2                                         {product} {ergonomic}
     uint G1ConcRefinementThreads                  = 8                                         {product} {ergonomic}
   size_t G1HeapRegionSize                         = 2097152                                   {product} {ergonomic}
    uintx GCDrainStackTargetSize                   = 64                                        {product} {ergonomic}
   size_t InitialHeapSize                          = 268435456                                 {product} {ergonomic}
   size_t MarkStackSize                            = 4194304                                   {product} {ergonomic}
   size_t MaxHeapSize                              = 4294967296                                {product} {ergonomic}
   size_t MaxNewSize                               = 2575302656                                {product} {ergonomic}
   size_t MinHeapDeltaBytes                        = 2097152                                   {product} {ergonomic}
   size_t MinHeapSize                              = 8388608                                   {product} {ergonomic}
    uintx NonNMethodCodeHeapSize                   = 5839372                                {pd product} {ergonomic}
    uintx NonProfiledCodeHeapSize                  = 122909434                              {pd product} {ergonomic}
    uintx ProfiledCodeHeapSize                     = 122909434                              {pd product} {ergonomic}
    uintx ReservedCodeCacheSize                    = 251658240                              {pd product} {ergonomic}
     bool SegmentedCodeCache                       = true                                      {product} {ergonomic}
   size_t SoftMaxHeapSize                          = 4294967296                             {manageable} {ergonomic}
     bool UseCompressedClassPointers               = true                           {product lp64_product} {ergonomic}
     bool UseCompressedOops                        = true                           {product lp64_product} {ergonomic}
     bool UseG1GC                                  = true                                      {product} {ergonomic}
     bool UseNUMA                                  = false                                     {product} {ergonomic}
     bool UseNUMAInterleaving                      = false                                     {product} {ergonomic}

Logging:
Log output configuration:
 #0: stdout all=warning uptime,level,tags
 #1: stderr all=off uptime,level,tags

Environment Variables:
PATH=/Users/leowong/opt/anaconda3/bin:/Users/leowong/opt/anaconda3/condabin:/usr/local/bin:/System/Cryptexes/App/usr/bin:/usr/bin:/bin:/usr/sbin:/sbin:/usr/local/share/dotnet:~/.dotnet/tools:/Library/Apple/usr/bin:/Library/Frameworks/Mono.framework/Versions/Current/Commands
SHELL=/bin/zsh
LC_CTYPE=zh_HK.UTF-8

Signal Handlers:
   SIGSEGV: crash_handler in libjvm.dylib, mask=11100110000111110111111111111111, flags=SA_RESTART|SA_SIGINFO
    SIGBUS: crash_handler in libjvm.dylib, mask=11100110000111110111111111111111, flags=SA_RESTART|SA_SIGINFO
    SIGFPE: crash_handler in libjvm.dylib, mask=11100110000111110111111111111111, flags=SA_RESTART|SA_SIGINFO
   SIGPIPE: javaSignalHandler in libjvm.dylib, mask=11100110000111110111111111111111, flags=SA_RESTART|SA_SIGINFO
   SIGXFSZ: javaSignalHandler in libjvm.dylib, mask=11100110000111110111111111111111, flags=SA_RESTART|SA_SIGINFO
    SIGILL: crash_handler in libjvm.dylib, mask=11100110000111110111111111111111, flags=SA_RESTART|SA_SIGINFO
   SIGUSR2: SR_handler in libjvm.dylib, mask=00100000000000000000000000000000, flags=SA_RESTART|SA_SIGINFO
    SIGHUP: UserHandler in libjvm.dylib, mask=11100110000111110111111111111111, flags=SA_RESTART|SA_SIGINFO
    SIGINT: UserHandler in libjvm.dylib, mask=11100110000111110111111111111111, flags=SA_RESTART|SA_SIGINFO
   SIGTERM: UserHandler in libjvm.dylib, mask=11100110000111110111111111111111, flags=SA_RESTART|SA_SIGINFO
   SIGQUIT: UserHandler in libjvm.dylib, mask=11100110000111110111111111111111, flags=SA_RESTART|SA_SIGINFO
  *** Handler was modified!
  *** Expected: javaSignalHandler in libjvm.dylib, mask=11100110100111111111111111111111, flags=SA_RESTART|SA_SIGINFO
   SIGTRAP: crash_handler in libjvm.dylib, mask=11100110000111110111111111111111, flags=SA_RESTART|SA_SIGINFO


---------------  S Y S T E M  ---------------

OS:
uname: Darwin 22.2.0 Darwin Kernel Version 22.2.0: Fri Nov 11 02:08:47 PST 2022; root:xnu-8792.61.2~4/RELEASE_X86_64 x86_64
OS uptime: 61 days 12:59 hours
rlimit (soft/hard): STACK 8192k/65532k , CORE 0k/infinity , NPROC 2784/4176 , NOFILE 10240/infinity , AS infinity/infinity , CPU infinity/infinity , DATA infinity/infinity , FSIZE infinity/infinity , MEMLOCK infinity/infinity , RSS infinity/infinity
load average: 5.46 4.06 4.29

CPU: total 8 (initial active 8) (4 cores per cpu, 2 threads per core) family 6 model 126 stepping 5 microcode 0xb6, cx8, cmov, fxsr, ht, mmx, 3dnowpref, sse, sse2, sse3, ssse3, sse4.1, sse4.2, popcnt, lzcnt, tsc, tscinvbit, avx, avx2, aes, erms, clmul, bmi1, bmi2, adx, sha, fma, vzeroupper, clflush, clflushopt

Memory: 4k page, physical 16777216k(21080k free), swap 7340032k(741632k free)

vm_info: OpenJDK 64-Bit Server VM (17.0.3+7) for bsd-amd64 JRE (17.0.3+7), built on Apr 19 2022 22:49:40 by "jenkins" with clang 4.2.1 Compatible Apple LLVM 10.0.1 (clang-1001.0.46.4)

END.
