#
# A fatal error has been detected by the Java Runtime Environment:
#
#  SIGBUS (0xa) at pc=0x00007ff8170b06e3, pid=52680, tid=259
#
# JRE version: OpenJDK Runtime Environment Temurin-17.0.3+7 (17.0.3+7) (build 17.0.3+7)
# Java VM: OpenJDK 64-Bit Server VM Temurin-17.0.3+7 (17.0.3+7, mixed mode, sharing, tiered, compressed oops, compressed class ptrs, g1 gc, bsd-amd64)
# Problematic frame:
# C  [CoreGraphics+0xc6e3]  ERROR_CGDataProvider_BufferIsNotReadable+0x23
#
# No core dump will be written. Core dumps have been disabled. To enable core dumping, try "ulimit -c unlimited" before starting Java again
#
# If you would like to submit a bug report, please visit:
#   https://github.com/adoptium/adoptium-support/issues
# The crash happened outside the Java Virtual Machine in native code.
# See problematic frame for where to report the bug.
#

---------------  S U M M A R Y ------------

Command Line: -Dfile.encoding=UTF-8 /Users/leowong/IdeaProjects/SpaceX-Invader/target/SpaceX-Invader-1.0.jar

Host: "MacBookPro16,2" x86_64 2000 MHz, 8 cores, 16G, Darwin 22.2.0, macOS 10.16 (22C65)
Time: Thu Mar 16 00:09:14 2023 CST elapsed time: 9.864769 seconds (0d 0h 0m 9s)

---------------  T H R E A D  ---------------

Current thread (0x00007f8ca1b3ac00):  JavaThread "JavaFX Application Thread" [_thread_in_native, id=259, stack(0x00007ff7b8ef0000,0x00007ff7b96f0000)]

Stack: [0x00007ff7b8ef0000,0x00007ff7b96f0000],  sp=0x00007ff7b96ea9b0,  free space=8170k
Native frames: (J=compiled Java code, j=interpreted, Vv=VM code, C=native code)
C  [CoreGraphics+0xc6e3]  ERROR_CGDataProvider_BufferIsNotReadable+0x23
C  [CoreGraphics+0xc57f]  CGDataProviderRetainBytePtr+0x111
C  [CoreGraphics+0x207044]  CGDataProviderCreateProtectedCopy+0x13
C  [CoreGraphics+0x1b961b]  CGImageCreateCopyWithProtectedDataProvider+0x3e
C  [CoreGraphics+0x37e73]  CGContextDrawImageWithOptions+0x111
C  [SkyLight+0x21832e]  SLSRegisterCursorWithImages+0x386
C  [AppKit+0x1cf8fd]  -[NSCursor _reallySet]+0x240
C  [AppKit+0x1cf671]  -[NSCursor set]+0xb2
C  [libglass.dylib+0x516f]  Java_com_sun_glass_ui_mac_MacCursor__1setCustom+0x11f
j  com.sun.glass.ui.mac.MacCursor._setCustom(J)V+0
j  com.sun.glass.ui.mac.MacCursor.set()V+60
j  com.sun.glass.ui.mac.MacWindow._setCursor(JLcom/sun/glass/ui/Cursor;)V+4
j  com.sun.glass.ui.Window.setCursor(Lcom/sun/glass/ui/Cursor;)V+9
j  com.sun.javafx.tk.quantum.ViewScene.lambda$setCursor$1(Ljava/lang/Object;)V+34
j  com.sun.javafx.tk.quantum.ViewScene$$Lambda$165+0x0000000800dc0890.run()V+8
J 4044 c1 com.sun.glass.ui.InvokeLaterDispatcher$Future.run()V (91 bytes) @ 0x00000001112c3c94 [0x00000001112c3b80+0x0000000000000114]
v  ~StubRoutines::call_stub
V  [libjvm.dylib+0x51b076]  JavaCalls::call_helper(JavaValue*, methodHandle const&, JavaCallArguments*, JavaThread*)+0x2b6
V  [libjvm.dylib+0x5761e5]  jni_invoke_nonstatic(JNIEnv_*, JavaValue*, _jobject*, JNICallType, _jmethodID*, JNI_ArgumentPusher*, JavaThread*)+0x2d5
V  [libjvm.dylib+0x57a740]  jni_CallVoidMethod+0x1a0
C  [libglass.dylib+0x8251]  -[GlassRunnable run]+0x61
C  [Foundation+0x7f420]  __NSThreadPerformPerform+0xb1
C  [CoreFoundation+0x7fb98]  __CFRUNLOOP_IS_CALLING_OUT_TO_A_SOURCE0_PERFORM_FUNCTION__+0x11
C  [CoreFoundation+0x7fb47]  __CFRunLoopDoSource0+0x9d
C  [CoreFoundation+0x7f921]  __CFRunLoopDoSources0+0xd4
C  [CoreFoundation+0x7e59b]  __CFRunLoopRun+0x3a1
C  [CoreFoundation+0x7db80]  CFRunLoopRunSpecific+0x230
C  [HIToolbox+0x2f766]  RunCurrentEventLoopInMode+0x124
C  [HIToolbox+0x2f576]  ReceiveNextEventCommon+0x2a7
C  [HIToolbox+0x2f2b3]  _BlockUntilNextEventMatchingListInModeWithFilter+0x46
C  [AppKit+0x3df33]  _DPSNextEvent+0x38d
C  [AppKit+0x3cdb4]  -[NSApplication(NSEvent) _nextEventMatchingEventMask:untilDate:inMode:dequeue:]+0x4c3
C  [AppKit+0x2f3f7]  -[NSApplication run]+0x24a
C  [libglass.dylib+0xa265]  -[GlassApplication runLoop:]+0x795
C  [Foundation+0x7f420]  __NSThreadPerformPerform+0xb1
C  [CoreFoundation+0x7fb98]  __CFRUNLOOP_IS_CALLING_OUT_TO_A_SOURCE0_PERFORM_FUNCTION__+0x11
C  [CoreFoundation+0x7fb47]  __CFRunLoopDoSource0+0x9d
C  [CoreFoundation+0x7f921]  __CFRunLoopDoSources0+0xd4
C  [CoreFoundation+0x7e59b]  __CFRunLoopRun+0x3a1
C  [CoreFoundation+0x7db80]  CFRunLoopRunSpecific+0x230
C  [libjli.dylib+0x6e82]  CreateExecutionEnvironment+0x192
C  [libjli.dylib+0x26a8]  JLI_Launch+0x5d8
C  [java+0xc0e]  main+0x19e
C  [dyld+0x6310]  start+0x980

Java frames: (J=compiled Java code, j=interpreted, Vv=VM code)
j  com.sun.glass.ui.mac.MacCursor._setCustom(J)V+0
j  com.sun.glass.ui.mac.MacCursor.set()V+60
j  com.sun.glass.ui.mac.MacWindow._setCursor(JLcom/sun/glass/ui/Cursor;)V+4
j  com.sun.glass.ui.Window.setCursor(Lcom/sun/glass/ui/Cursor;)V+9
j  com.sun.javafx.tk.quantum.ViewScene.lambda$setCursor$1(Ljava/lang/Object;)V+34
j  com.sun.javafx.tk.quantum.ViewScene$$Lambda$165+0x0000000800dc0890.run()V+8
J 4044 c1 com.sun.glass.ui.InvokeLaterDispatcher$Future.run()V (91 bytes) @ 0x00000001112c3c94 [0x00000001112c3b80+0x0000000000000114]
v  ~StubRoutines::call_stub

siginfo: si_signo: 10 (SIGBUS), si_code: 2 (BUS_ADRERR), si_addr: 0x000000070f4aefb0

Register to memory mapping:

RAX=0x000000070f4aefb0 is an unallocated location in the heap
RBX=0x00007f8ca0116660 points into unknown readable memory: 0x011dfff8559093f1 | f1 93 90 55 f8 ff 1d 01
RCX=0x00000000000120a8 is an unknown value
RDX=0x0000000000000008 is an unknown value
RSP=0x00007ff7b96ea9b0 is pointing into the stack for thread: 0x00007f8ca1b3ac00
RBP=0x00007ff7b96ea9c0 is pointing into the stack for thread: 0x00007f8ca1b3ac00
RSI=0x0 is NULL
RDI=0x000000070f4aefb0 is an unallocated location in the heap
R8 =0x0000000000247bb0 is an unknown value
R9 =0x00000000000020a8 is an unknown value
R10=0x00007f8ca0116730 points into unknown readable memory: 0x0000000000000002 | 02 00 00 00 00 00 00 00
R11=0x000060000179369c points into unknown readable memory: 11 e8 62 87
R12=0x00007f8ca0116660 points into unknown readable memory: 0x011dfff8559093f1 | f1 93 90 55 f8 ff 1d 01
R13=0x00006000020b7540 points into unknown readable memory: 0x011dfff8559093f1 | f1 93 90 55 f8 ff 1d 01
R14=0x00007f8ca0116710 points into unknown readable memory: 0x000000004d555458 | 58 54 55 4d 00 00 00 00
R15=0x0 is NULL


Registers:
RAX=0x000000070f4aefb0, RBX=0x00007f8ca0116660, RCX=0x00000000000120a8, RDX=0x0000000000000008
RSP=0x00007ff7b96ea9b0, RBP=0x00007ff7b96ea9c0, RSI=0x0000000000000000, RDI=0x000000070f4aefb0
R8 =0x0000000000247bb0, R9 =0x00000000000020a8, R10=0x00007f8ca0116730, R11=0x000060000179369c
R12=0x00007f8ca0116660, R13=0x00006000020b7540, R14=0x00007f8ca0116710, R15=0x0000000000000000
RIP=0x00007ff8170b06e3, EFLAGS=0x0000000000010246, ERR=0x0000000000000004
  TRAPNO=0x000000000000000e

Top of Stack: (sp=0x00007ff7b96ea9b0)
0x00007ff7b96ea9b0:   000000070f4aefb0 00007f8ca0116660
0x00007ff7b96ea9c0:   00007ff7b96ea9f0 00007ff8170b057f
0x00007ff7b96ea9d0:   0000000000000000 00007f8ca0116780
0x00007ff7b96ea9e0:   00007f8ca0116780 0000000000000000
0x00007ff7b96ea9f0:   00007ff7b96eaa20 00007ff8172ab044
0x00007ff7b96eaa00:   00007f8ca0116780 00006000020b7540
0x00007ff7b96eaa10:   00007f8ca0116780 0000000000000000
0x00007ff7b96eaa20:   00007ff7b96eaa40 00007ff81725d61b
0x00007ff7b96eaa30:   00007ff7b96eab80 00007f8ca0116780
0x00007ff7b96eaa40:   00007ff7b96eab70 00007ff8170dbe73
0x00007ff7b96eaa50:   0000000000000000 0000000000000000
0x00007ff7b96eaa60:   4049800000000000 4048800000000000
0x00007ff7b96eaa70:   00007f8c00000000 00000001068a001c
0x00007ff7b96eaa80:   00007f8ca038b2e0 000000000000000f
0x00007ff7b96eaa90:   0000600002c9e6b0 00006000027d8a20
0x00007ff7b96eaaa0:   00006000027d8a20 00006000027d8a20
0x00007ff7b96eaab0:   00007ff7b96eab10 00007ff8170fc6d5
0x00007ff7b96eaac0:   463a81631fac00e3 00006000027d8900
0x00007ff7b96eaad0:   00006000020b7540 0000000000000033
0x00007ff7b96eaae0:   00007ff811e316c3 00006000020b7540
0x00007ff7b96eaaf0:   00006000020b7540 0000000000000033
0x00007ff7b96eab00:   00006000027d8a20 00007f8ca038a120
0x00007ff7b96eab10:   00007ff7b96eab70 00007ff8170fc3e8
0x00007ff7b96eab20:   0000000000000020 00000000000000cc
0x00007ff7b96eab30:   000060000364ead0 00006000020b7600
0x00007ff7b96eab40:   463a81631fac00e3 0000000000000031
0x00007ff7b96eab50:   00006000020b7540 0000000000000033
0x00007ff7b96eab60:   0000000000000000 00007ff7b96eacfc
0x00007ff7b96eab70:   00007ff7b96eb610 00007ff816ed232e
0x00007ff7b96eab80:   0000000000000000 0000000000000000
0x00007ff7b96eab90:   4049800000000000 4048800000000000
0x00007ff7b96eaba0:   401c000000000000 0000000000000000 

Instructions: (pc=0x00007ff8170b06e3)
0x00007ff8170b05e3:   00 75 0e 48 8d 35 c9 2c 6e 00 eb 0c 45 31 f6 eb
0x00007ff8170b05f3:   1f 48 8d 35 dd 2c 6e 00 bf 03 00 00 00 48 89 da
0x00007ff8170b0603:   31 c0 e8 19 4c 49 00 e8 d5 24 44 00 84 c0 75 0e
0x00007ff8170b0613:   44 89 f0 48 83 c4 08 5b 41 5e 41 5f 5d c3 e8 e7
0x00007ff8170b0623:   a4 4f 00 eb eb 48 8d 3d e1 bb e0 3c 48 8d 35 ea
0x00007ff8170b0633:   d7 31 3e e8 17 f6 4f 00 eb 8f 90 90 90 90 90 90
0x00007ff8170b0643:   90 90 90 90 90 90 90 55 48 89 e5 5d e9 70 ed 4f
0x00007ff8170b0653:   00 90 90 90 90 90 90 90 90 90 55 48 89 e5 53 50
0x00007ff8170b0663:   48 89 fb 48 83 3d c2 7f 89 3e ff 75 33 80 3d b1
0x00007ff8170b0673:   bb e0 3c 00 74 21 48 85 db 74 1c 48 8b bb 10 01
0x00007ff8170b0683:   00 00 48 85 ff 74 10 be 00 01 00 08 48 83 c4 08
0x00007ff8170b0693:   5b 5d e9 70 ef 4f 00 31 c0 48 83 c4 08 5b 5d c3
0x00007ff8170b06a3:   48 8d 3d 86 7f 89 3e 48 8d 35 ef d7 31 3e e8 9c
0x00007ff8170b06b3:   f5 4f 00 eb b8 0f 1f 84 00 00 00 00 00 55 48 89
0x00007ff8170b06c3:   e5 48 83 ec 10 48 89 7d f0 c6 45 ff 00 e8 21 00
0x00007ff8170b06d3:   00 00 24 01 0f b6 c0 83 f8 01 75 09 48 8b 45 f0
0x00007ff8170b06e3:   8a 00 88 45 ff 48 83 c4 10 5d c3 66 90 90 90 90
0x00007ff8170b06f3:   90 90 90 55 48 89 e5 48 83 3d 3e 7f 89 3e ff 75
0x00007ff8170b0703:   08 8a 05 2e 7f 89 3e 5d c3 48 8d 3d 2d 7f 89 3e
0x00007ff8170b0713:   48 8d 35 c6 d7 31 3e e8 33 f5 4f 00 eb e3 55 48
0x00007ff8170b0723:   89 e5 48 bf 01 00 00 00 02 0d 0a 00 e8 66 f5 4f
0x00007ff8170b0733:   00 88 05 fe 7e 89 3e 5d c3 90 90 90 90 55 48 89
0x00007ff8170b0743:   e5 48 83 ec 20 48 89 7d e8 48 89 75 f0 c6 45 ff
0x00007ff8170b0753:   00 e8 9d ff ff ff 24 01 0f b6 c0 83 f8 01 75 0e
0x00007ff8170b0763:   48 8b 45 e8 48 8b 4d f0 8a 04 08 88 45 ff 48 83
0x00007ff8170b0773:   c4 20 5d c3 90 90 90 90 90 90 90 90 90 90 90 90
0x00007ff8170b0783:   90 48 85 ff 74 12 55 48 89 e5 48 8d 05 d1 c1 04
0x00007ff8170b0793:   00 48 39 47 50 5d 74 03 31 c0 c3 b0 01 c3 90 90
0x00007ff8170b07a3:   90 90 90 48 85 ff 74 12 55 48 89 e5 48 8d 05 94
0x00007ff8170b07b3:   fe ff ff 48 39 47 50 5d 74 03 31 c0 c3 b0 01 c3
0x00007ff8170b07c3:   90 90 90 90 55 48 89 e5 41 56 53 48 85 ff 74 61
0x00007ff8170b07d3:   48 89 fb 48 83 7f 50 00 74 57 48 83 bb 00 01 00 


Stack slot to memory mapping:
stack at sp + 0 slots: 0x000000070f4aefb0 is an unallocated location in the heap
stack at sp + 1 slots: 0x00007f8ca0116660 points into unknown readable memory: 0x011dfff8559093f1 | f1 93 90 55 f8 ff 1d 01
stack at sp + 2 slots: 0x00007ff7b96ea9f0 is pointing into the stack for thread: 0x00007f8ca1b3ac00
stack at sp + 3 slots: 0x00007ff8170b057f: CGDataProviderRetainBytePtr+0x111 in /System/Library/Frameworks/CoreGraphics.framework/Versions/A/CoreGraphics at 0x00007ff8170a4000
stack at sp + 4 slots: 0x0 is NULL
stack at sp + 5 slots: 0x00007f8ca0116780 points into unknown readable memory: 0x011dfff8559093f1 | f1 93 90 55 f8 ff 1d 01
stack at sp + 6 slots: 0x00007f8ca0116780 points into unknown readable memory: 0x011dfff8559093f1 | f1 93 90 55 f8 ff 1d 01
stack at sp + 7 slots: 0x0 is NULL


---------------  P R O C E S S  ---------------

Threads class SMR info:
_java_thread_list=0x000060000149f880, length=27, elements={
0x00007f8ca2008a00, 0x00007f8c9f816a00, 0x00007f8c9f82e200, 0x00007f8c9f831c00,
0x00007f8c9f82d600, 0x00007f8ca18c2000, 0x00007f8ca18c2600, 0x00007f8c9f82dc00,
0x00007f8ca3814800, 0x00007f8ca0823c00, 0x00007f8ca1012200, 0x00007f8ca197ea00,
0x00007f8ca1014400, 0x00007f8ca1b3b800, 0x00007f8ca1b3ac00, 0x00007f8ca11e5600,
0x00007f8ca481a000, 0x00007f8ca197ce00, 0x00007f8ca120f600, 0x00007f8ca11f7800,
0x00007f8ca3834000, 0x00007f8c9f8bf600, 0x00007f8ca1375a00, 0x00007f8c9f99c200,
0x00007f8ca1333000, 0x00007f8ca20f2400, 0x00007f8ca1c0b800
}

Java Threads: ( => current thread )
  0x00007f8ca2008a00 JavaThread "main" [_thread_blocked, id=4611, stack(0x000070000f206000,0x000070000f306000)]
  0x00007f8c9f816a00 JavaThread "Reference Handler" daemon [_thread_blocked, id=18691, stack(0x000070000f91b000,0x000070000fa1b000)]
  0x00007f8c9f82e200 JavaThread "Finalizer" daemon [_thread_blocked, id=19459, stack(0x000070000fa1e000,0x000070000fb1e000)]
  0x00007f8c9f831c00 JavaThread "Signal Dispatcher" daemon [_thread_blocked, id=31235, stack(0x000070000fc27000,0x000070000fd27000)]
  0x00007f8c9f82d600 JavaThread "Service Thread" daemon [_thread_blocked, id=30723, stack(0x000070000fd2a000,0x000070000fe2a000)]
  0x00007f8ca18c2000 JavaThread "Monitor Deflation Thread" daemon [_thread_blocked, id=30467, stack(0x000070000fe2d000,0x000070000ff2d000)]
  0x00007f8ca18c2600 JavaThread "C2 CompilerThread0" daemon [_thread_blocked, id=30211, stack(0x000070000ff30000,0x0000700010030000)]
  0x00007f8c9f82dc00 JavaThread "C1 CompilerThread0" daemon [_thread_blocked, id=29955, stack(0x0000700010033000,0x0000700010133000)]
  0x00007f8ca3814800 JavaThread "Sweeper thread" daemon [_thread_blocked, id=24067, stack(0x0000700010136000,0x0000700010236000)]
  0x00007f8ca0823c00 JavaThread "Notification Thread" daemon [_thread_blocked, id=24579, stack(0x0000700010239000,0x0000700010339000)]
  0x00007f8ca1012200 JavaThread "Common-Cleaner" daemon [_thread_blocked, id=25091, stack(0x000070001043f000,0x000070001053f000)]
  0x00007f8ca197ea00 JavaThread "JavaFX-Launcher" [_thread_blocked, id=28931, stack(0x0000700010542000,0x0000700010642000)]
  0x00007f8ca1014400 JavaThread "QuantumRenderer-0" daemon [_thread_blocked, id=25603, stack(0x0000700010645000,0x0000700010745000)]
  0x00007f8ca1b3b800 JavaThread "InvokeLaterDispatcher" daemon [_thread_blocked, id=41735, stack(0x0000700010748000,0x0000700010848000)]
=>0x00007f8ca1b3ac00 JavaThread "JavaFX Application Thread" [_thread_in_native, id=259, stack(0x00007ff7b8ef0000,0x00007ff7b96f0000)]
  0x00007f8ca11e5600 JavaThread "FXGL Background Thread 1" daemon [_thread_blocked, id=69895, stack(0x0000700010f63000,0x0000700011063000)]
  0x00007f8ca481a000 JavaThread "Prism Font Disposer" daemon [_thread_blocked, id=75275, stack(0x00007000110e9000,0x00007000111e9000)]
  0x00007f8ca197ce00 JavaThread "FXGL Background Thread 2" daemon [_thread_blocked, id=52495, stack(0x000070001084b000,0x000070001094b000)]
  0x00007f8ca120f600 JavaThread "FXGL Background Thread 3" daemon [_thread_blocked, id=87395, stack(0x00007000111ec000,0x00007000112ec000)]
  0x00007f8ca11f7800 JavaThread "FXGL Background Thread 4" daemon [_thread_blocked, id=87811, stack(0x00007000112ef000,0x00007000113ef000)]
  0x00007f8ca3834000 JavaThread "PulseTimer-CVDisplayLink thread" daemon [_thread_in_native, id=88323, stack(0x00007000113f2000,0x0000700011472000)]
  0x00007f8c9f8bf600 JavaThread "Cleaner-0" daemon [_thread_blocked, id=91395, stack(0x0000700011881000,0x0000700011981000)]
  0x00007f8ca1375a00 JavaThread "Media Resource Disposer" daemon [_thread_blocked, id=91967, stack(0x0000700011b8a000,0x0000700011c8a000)]
  0x00007f8c9f99c200 JavaThread "Thread-5" daemon [_thread_blocked, id=125699, stack(0x0000700011c8d000,0x0000700011d8d000)]
  0x00007f8ca1333000 JavaThread "JFXMedia Player EventQueueThread" daemon [_thread_blocked, id=140091, stack(0x0000700012fe4000,0x00007000130e4000)]
  0x00007f8ca20f2400 JavaThread "JFXMedia Player EventQueueThread" daemon [_thread_blocked, id=162863, stack(0x00007000131ed000,0x00007000132ed000)]
  0x00007f8ca1c0b800 JavaThread "JFXMedia Player EventQueueThread" daemon [_thread_blocked, id=162623, stack(0x00007000133f6000,0x00007000134f6000)]

Other Threads:
  0x00007f8ca0105390 VMThread "VM Thread" [stack: 0x000070000f818000,0x000070000f918000] [id=18435]
  0x00007f8ca030e150 WatcherThread [stack: 0x000070001033c000,0x000070001043c000] [id=29443]
  0x00007f8ca0305e40 GCTaskThread "GC Thread#0" [stack: 0x000070000f309000,0x000070000f409000] [id=12547]
  0x00007f8ca0125390 GCTaskThread "GC Thread#1" [stack: 0x0000700010a54000,0x0000700010b54000] [id=55571]
  0x00007f8ca0330d50 GCTaskThread "GC Thread#2" [stack: 0x0000700010b57000,0x0000700010c57000] [id=82179]
  0x00007f8ca0125890 GCTaskThread "GC Thread#3" [stack: 0x0000700010c5a000,0x0000700010d5a000] [id=81923]
  0x00007f8ca36060f0 GCTaskThread "GC Thread#4" [stack: 0x0000700010d5d000,0x0000700010e5d000] [id=81411]
  0x00007f8ca0507fe0 GCTaskThread "GC Thread#5" [stack: 0x0000700010e60000,0x0000700010f60000] [id=80899]
  0x00007f8c9f7288a0 GCTaskThread "GC Thread#6" [stack: 0x0000700011475000,0x0000700011575000] [id=88835]
  0x00007f8ca0142110 GCTaskThread "GC Thread#7" [stack: 0x0000700011578000,0x0000700011678000] [id=129795]
  0x00007f8c9f704f60 ConcurrentGCThread "G1 Main Marker" [stack: 0x000070000f40c000,0x000070000f50c000] [id=12803]
  0x00007f8ca03062b0 ConcurrentGCThread "G1 Conc#0" [stack: 0x000070000f50f000,0x000070000f60f000] [id=13315]
  0x00007f8c9f73e9b0 ConcurrentGCThread "G1 Conc#1" [stack: 0x000070001177e000,0x000070001187e000] [id=128779]
  0x00007f8ca0308c50 ConcurrentGCThread "G1 Refine#0" [stack: 0x000070000f612000,0x000070000f712000] [id=21507]
  0x00007f8ca360fb50 ConcurrentGCThread "G1 Refine#1" [stack: 0x000070001167b000,0x000070001177b000] [id=89347]
  0x00007f8ca03094e0 ConcurrentGCThread "G1 Service" [stack: 0x000070000f715000,0x000070000f815000] [id=20995]

Threads with active compile tasks:

VM state: not at safepoint (normal execution)

VM Mutex/Monitor currently owned by a thread: None

Heap address: 0x0000000700000000, size: 4096 MB, Compressed Oops mode: Zero based, Oop shift amount: 3

CDS archive(s) mapped at: [0x0000000800000000-0x0000000800bd2000-0x0000000800bd2000), size 12394496, SharedBaseAddress: 0x0000000800000000, ArchiveRelocationMode: 0.
Compressed class space mapped at: 0x0000000800c00000-0x0000000840c00000, reserved size: 1073741824
Narrow klass base: 0x0000000800000000, Narrow klass shift: 0, Narrow klass range: 0x100000000

GC Precious Log:
 CPUs: 8 total, 8 available
 Memory: 16384M
 Large Page Support: Disabled
 NUMA Support: Disabled
 Compressed Oops: Enabled (Zero based)
 Heap Region Size: 2M
 Heap Min Capacity: 8M
 Heap Initial Capacity: 256M
 Heap Max Capacity: 4G
 Pre-touch: Disabled
 Parallel Workers: 8
 Concurrent Workers: 2
 Concurrent Refinement Workers: 8
 Periodic GC: Disabled

Heap:
 garbage-first heap   total 81920K, used 29160K [0x0000000700000000, 0x0000000800000000)
  region size 2048K, 6 young (12288K), 1 survivors (2048K)
 Metaspace       used 26470K, committed 26752K, reserved 1073152K
  class space    used 3390K, committed 3520K, reserved 1048576K

Heap Regions: E=young(eden), S=young(survivor), O=old, HS=humongous(starts), HC=humongous(continues), CS=collection set, F=free, OA=open archive, CA=closed archive, TAMS=top-at-mark-start (previous, next)
|   0|0x0000000700000000, 0x0000000700200000, 0x0000000700200000|100%|HS|  |TAMS 0x0000000700200000, 0x0000000700000000| Complete 
|   1|0x0000000700200000, 0x0000000700400000, 0x0000000700400000|100%|HC|  |TAMS 0x0000000700400000, 0x0000000700200000| Complete 
|   2|0x0000000700400000, 0x0000000700600000, 0x0000000700600000|100%| O|  |TAMS 0x0000000700600000, 0x0000000700400000| Untracked 
|   3|0x0000000700600000, 0x0000000700800000, 0x0000000700800000|100%| O|  |TAMS 0x0000000700800000, 0x0000000700600000| Untracked 
|   4|0x0000000700800000, 0x0000000700800000, 0x0000000700a00000|  0%| F|  |TAMS 0x0000000700800000, 0x0000000700800000| Untracked 
|   5|0x0000000700a00000, 0x0000000700c00000, 0x0000000700c00000|100%|HS|  |TAMS 0x0000000700a00000, 0x0000000700a00000| Complete 
|   6|0x0000000700c00000, 0x0000000700e00000, 0x0000000700e00000|100%| O|  |TAMS 0x0000000700c00000, 0x0000000700c00000| Untracked 
|   7|0x0000000700e00000, 0x0000000701000000, 0x0000000701000000|100%| O|  |TAMS 0x0000000700e00000, 0x0000000700e00000| Untracked 
|   8|0x0000000701000000, 0x0000000701200000, 0x0000000701200000|100%| O|  |TAMS 0x0000000701000000, 0x0000000701000000| Untracked 
|   9|0x0000000701200000, 0x0000000701400000, 0x0000000701400000|100%| O|  |TAMS 0x0000000701200000, 0x0000000701200000| Untracked 
|  10|0x0000000701400000, 0x0000000701437000, 0x0000000701600000| 10%| O|  |TAMS 0x0000000701400000, 0x0000000701400000| Untracked 
|  11|0x0000000701600000, 0x0000000701600000, 0x0000000701800000|  0%| F|  |TAMS 0x0000000701600000, 0x0000000701600000| Untracked 
|  12|0x0000000701800000, 0x0000000701800000, 0x0000000701a00000|  0%| F|  |TAMS 0x0000000701800000, 0x0000000701800000| Untracked 
|  13|0x0000000701a00000, 0x0000000701a00000, 0x0000000701c00000|  0%| F|  |TAMS 0x0000000701a00000, 0x0000000701a00000| Untracked 
|  14|0x0000000701c00000, 0x0000000701c00000, 0x0000000701e00000|  0%| F|  |TAMS 0x0000000701c00000, 0x0000000701c00000| Untracked 
|  15|0x0000000701e00000, 0x0000000701e00000, 0x0000000702000000|  0%| F|  |TAMS 0x0000000701e00000, 0x0000000701e00000| Untracked 
|  16|0x0000000702000000, 0x0000000702000000, 0x0000000702200000|  0%| F|  |TAMS 0x0000000702000000, 0x0000000702000000| Untracked 
|  17|0x0000000702200000, 0x0000000702200000, 0x0000000702400000|  0%| F|  |TAMS 0x0000000702200000, 0x0000000702200000| Untracked 
|  18|0x0000000702400000, 0x000000070244e308, 0x0000000702600000| 15%| S|CS|TAMS 0x0000000702400000, 0x0000000702400000| Complete 
|  19|0x0000000702600000, 0x0000000702600000, 0x0000000702800000|  0%| F|  |TAMS 0x0000000702600000, 0x0000000702600000| Untracked 
|  20|0x0000000702800000, 0x0000000702800000, 0x0000000702a00000|  0%| F|  |TAMS 0x0000000702800000, 0x0000000702800000| Untracked 
|  21|0x0000000702a00000, 0x0000000702a00000, 0x0000000702c00000|  0%| F|  |TAMS 0x0000000702a00000, 0x0000000702a00000| Untracked 
|  22|0x0000000702c00000, 0x0000000702c00000, 0x0000000702e00000|  0%| F|  |TAMS 0x0000000702c00000, 0x0000000702c00000| Untracked 
|  23|0x0000000702e00000, 0x0000000702e00000, 0x0000000703000000|  0%| F|  |TAMS 0x0000000702e00000, 0x0000000702e00000| Untracked 
|  24|0x0000000703000000, 0x0000000703000000, 0x0000000703200000|  0%| F|  |TAMS 0x0000000703000000, 0x0000000703000000| Untracked 
|  25|0x0000000703200000, 0x0000000703200000, 0x0000000703400000|  0%| F|  |TAMS 0x0000000703200000, 0x0000000703200000| Untracked 
|  26|0x0000000703400000, 0x0000000703400000, 0x0000000703600000|  0%| F|  |TAMS 0x0000000703400000, 0x0000000703400000| Untracked 
|  27|0x0000000703600000, 0x0000000703600000, 0x0000000703800000|  0%| F|  |TAMS 0x0000000703600000, 0x0000000703600000| Untracked 
|  28|0x0000000703800000, 0x0000000703800000, 0x0000000703a00000|  0%| F|  |TAMS 0x0000000703800000, 0x0000000703800000| Untracked 
|  29|0x0000000703a00000, 0x0000000703a00000, 0x0000000703c00000|  0%| F|  |TAMS 0x0000000703a00000, 0x0000000703a00000| Untracked 
|  30|0x0000000703c00000, 0x0000000703c00000, 0x0000000703e00000|  0%| F|  |TAMS 0x0000000703c00000, 0x0000000703c00000| Untracked 
|  31|0x0000000703e00000, 0x0000000703e00000, 0x0000000704000000|  0%| F|  |TAMS 0x0000000703e00000, 0x0000000703e00000| Untracked 
|  32|0x0000000704000000, 0x0000000704000000, 0x0000000704200000|  0%| F|  |TAMS 0x0000000704000000, 0x0000000704000000| Untracked 
| 117|0x000000070ea00000, 0x000000070eb459e0, 0x000000070ec00000| 63%| E|  |TAMS 0x000000070ea00000, 0x000000070ea00000| Complete 
| 118|0x000000070ec00000, 0x000000070ee00000, 0x000000070ee00000|100%| E|CS|TAMS 0x000000070ec00000, 0x000000070ec00000| Complete 
| 119|0x000000070ee00000, 0x000000070f000000, 0x000000070f000000|100%| E|CS|TAMS 0x000000070ee00000, 0x000000070ee00000| Complete 
| 120|0x000000070f000000, 0x000000070f200000, 0x000000070f200000|100%| E|CS|TAMS 0x000000070f000000, 0x000000070f000000| Complete 
| 127|0x000000070fe00000, 0x0000000710000000, 0x0000000710000000|100%| E|CS|TAMS 0x000000070fe00000, 0x000000070fe00000| Complete 
|2046|0x00000007ffc00000, 0x00000007ffd76000, 0x00000007ffe00000| 73%|OA|  |TAMS 0x00000007ffd76000, 0x00000007ffc00000| Untracked 
|2047|0x00000007ffe00000, 0x00000007ffe7f000, 0x0000000800000000| 24%|CA|  |TAMS 0x00000007ffe7f000, 0x00000007ffe00000| Untracked 

Card table byte_map: [0x000000011f587000,0x000000011fd87000] _byte_map_base: 0x000000011bd87000

Marking Bits (Prev, Next): (CMBitMap*) 0x00007f8c9f80c050, (CMBitMap*) 0x00007f8c9f80c010
 Prev Bits: [0x0000000124587000, 0x0000000128587000)
 Next Bits: [0x0000000120587000, 0x0000000124587000)

Polling page: 0x0000000106858000

Metaspace:

Usage:
  Non-class:     22.54 MB used.
      Class:      3.31 MB used.
       Both:     25.85 MB used.

Virtual space:
  Non-class space:       24.00 MB reserved,      22.69 MB ( 95%) committed,  3 nodes.
      Class space:        1.00 GB reserved,       3.44 MB ( <1%) committed,  1 nodes.
             Both:        1.02 GB reserved,      26.12 MB (  2%) committed. 

Chunk freelists:
   Non-Class:  608.00 KB
       Class:  471.00 KB
        Both:  1.05 MB

MaxMetaspaceSize: unlimited
CompressedClassSpaceSize: 1.00 GB
Initial GC threshold: 21.00 MB
Current GC threshold: 35.75 MB
CDS: on
MetaspaceReclaimPolicy: balanced
 - commit_granule_bytes: 65536.
 - commit_granule_words: 8192.
 - virtual_space_node_default_size: 1048576.
 - enlarge_chunks_in_place: 1.
 - new_chunks_are_fully_committed: 0.
 - uncommit_free_chunks: 1.
 - use_allocation_guard: 0.
 - handle_deallocations: 1.


Internal statistics:

num_allocs_failed_limit: 5.
num_arena_births: 346.
num_arena_deaths: 0.
num_vsnodes_births: 4.
num_vsnodes_deaths: 0.
num_space_committed: 418.
num_space_uncommitted: 0.
num_chunks_returned_to_freelist: 5.
num_chunks_taken_from_freelist: 1101.
num_chunk_merges: 0.
num_chunk_splits: 766.
num_chunks_enlarged: 581.
num_purges: 0.
num_inconsistent_stats: 0.

CodeHeap 'non-profiled nmethods': size=120028Kb used=2123Kb max_used=2123Kb free=117904Kb
 bounds [0x0000000118050000, 0x00000001182c0000, 0x000000011f587000]
CodeHeap 'profiled nmethods': size=120028Kb used=8569Kb max_used=8569Kb free=111458Kb
 bounds [0x0000000110b19000, 0x0000000111379000, 0x0000000118050000]
CodeHeap 'non-nmethods': size=5704Kb used=1531Kb max_used=1563Kb free=4172Kb
 bounds [0x0000000110587000, 0x00000001107f7000, 0x0000000110b19000]
 total_blobs=5199 nmethods=4292 adapters=819
 compilation: enabled
              stopped_count=0, restarted_count=0
 full_count=0

Compilation events (20 events):
Event: 9.844 Thread 0x00007f8c9f82dc00 4281       3       javafx.scene.Node::invalidatedScenes (209 bytes)
Event: 9.847 Thread 0x00007f8ca18c2600 4287       4       sun.util.logging.internal.LoggingProviderImpl$JULWrapper::isLoggable (12 bytes)
Event: 9.849 Thread 0x00007f8ca18c2600 nmethod 4287 0x0000000118260a10 code [0x0000000118260ba0, 0x0000000118260cb8]
Event: 9.849 Thread 0x00007f8ca18c2600 4288       4       javafx.css.CssLexer$$Lambda$202/0x0000000800dd5f48::recognize (5 bytes)
Event: 9.850 Thread 0x00007f8ca18c2600 nmethod 4288 0x0000000118260e10 code [0x0000000118260f80, 0x0000000118261018]
Event: 9.850 Thread 0x00007f8ca18c2600 4289       4       javafx.css.CssLexer$$Lambda$210/0x0000000800dd74b8::recognize (5 bytes)
Event: 9.850 Thread 0x00007f8ca18c2600 nmethod 4289 0x0000000118261110 code [0x00000001182612a0, 0x0000000118261338]
Event: 9.851 Thread 0x00007f8ca18c2600 4290       4       javafx.css.CssParser::nextToken (53 bytes)
Event: 9.852 Thread 0x00007f8c9f82dc00 nmethod 4281 0x0000000111361c10 code [0x0000000111362360, 0x00000001113678b0]
Event: 9.852 Thread 0x00007f8c9f82dc00 4291       3       jdk.internal.math.FloatingDecimal$ASCIIToBinaryBuffer::doubleValue (1194 bytes)
Event: 9.855 Thread 0x00007f8c9f82dc00 nmethod 4291 0x0000000111369210 code [0x0000000111369760, 0x000000011136bd30]
Event: 9.855 Thread 0x00007f8c9f82dc00 4300       3       com.sun.javafx.scene.NodeHelper::notifyLayoutBoundsChangedImpl (10 bytes)
Event: 9.856 Thread 0x00007f8c9f82dc00 nmethod 4300 0x000000011136cc10 code [0x000000011136cdc0, 0x000000011136cfa0]
Event: 9.856 Thread 0x00007f8c9f82dc00 4301       3       javafx.scene.Parent::markDirtyLayout (62 bytes)
Event: 9.857 Thread 0x00007f8c9f82dc00 nmethod 4301 0x000000011136d110 code [0x000000011136d3c0, 0x000000011136e5a0]
Event: 9.857 Thread 0x00007f8c9f82dc00 4292   !   3       javafx.css.Rule::getUnobservedDeclarationList (197 bytes)
Event: 9.859 Thread 0x00007f8c9f82dc00 nmethod 4292 0x000000011136ea90 code [0x000000011136ed40, 0x000000011136ff80]
Event: 9.859 Thread 0x00007f8c9f82dc00 4294       3       java.time.format.DateTimeFormatterBuilder$NumberPrinterParser::format (365 bytes)
Event: 9.860 Thread 0x00007f8ca18c2600 nmethod 4290 0x0000000118261410 code [0x00000001182615e0, 0x0000000118261a48]
Event: 9.860 Thread 0x00007f8ca18c2600 4299       4       java.lang.StringLatin1::trim (76 bytes)

GC Heap History (16 events):
Event: 1.057 GC heap before
{Heap before GC invocations=0 (full 0):
 garbage-first heap   total 266240K, used 24532K [0x0000000700000000, 0x0000000800000000)
  region size 2048K, 11 young (22528K), 0 survivors (0K)
 Metaspace       used 7972K, committed 8192K, reserved 1064960K
  class space    used 915K, committed 1024K, reserved 1048576K
}
Event: 1.064 GC heap after
{Heap after GC invocations=1 (full 0):
 garbage-first heap   total 266240K, used 5618K [0x0000000700000000, 0x0000000800000000)
  region size 2048K, 2 young (4096K), 2 survivors (4096K)
 Metaspace       used 7972K, committed 8192K, reserved 1064960K
  class space    used 915K, committed 1024K, reserved 1048576K
}
Event: 2.176 GC heap before
{Heap before GC invocations=1 (full 0):
 garbage-first heap   total 266240K, used 34290K [0x0000000700000000, 0x0000000800000000)
  region size 2048K, 15 young (30720K), 2 survivors (4096K)
 Metaspace       used 17277K, committed 17536K, reserved 1064960K
  class space    used 2362K, committed 2496K, reserved 1048576K
}
Event: 2.183 GC heap after
{Heap after GC invocations=2 (full 0):
 garbage-first heap   total 266240K, used 14294K [0x0000000700000000, 0x0000000800000000)
  region size 2048K, 2 young (4096K), 2 survivors (4096K)
 Metaspace       used 17277K, committed 17536K, reserved 1064960K
  class space    used 2362K, committed 2496K, reserved 1048576K
}
Event: 2.373 GC heap before
{Heap before GC invocations=2 (full 0):
 garbage-first heap   total 266240K, used 26582K [0x0000000700000000, 0x0000000800000000)
  region size 2048K, 9 young (18432K), 2 survivors (4096K)
 Metaspace       used 21511K, committed 21888K, reserved 1073152K
  class space    used 2877K, committed 3072K, reserved 1048576K
}
Event: 2.378 GC heap after
{Heap after GC invocations=3 (full 0):
 garbage-first heap   total 266240K, used 16453K [0x0000000700000000, 0x0000000800000000)
  region size 2048K, 4 young (8192K), 4 survivors (8192K)
 Metaspace       used 21511K, committed 21888K, reserved 1073152K
  class space    used 2877K, committed 3072K, reserved 1048576K
}
Event: 5.356 GC heap before
{Heap before GC invocations=4 (full 0):
 garbage-first heap   total 81920K, used 59461K [0x0000000700000000, 0x0000000800000000)
  region size 2048K, 24 young (49152K), 4 survivors (8192K)
 Metaspace       used 25575K, committed 25856K, reserved 1073152K
  class space    used 3316K, committed 3456K, reserved 1048576K
}
Event: 5.366 GC heap after
{Heap after GC invocations=5 (full 0):
 garbage-first heap   total 81920K, used 20959K [0x0000000700000000, 0x0000000800000000)
  region size 2048K, 3 young (6144K), 3 survivors (6144K)
 Metaspace       used 25575K, committed 25856K, reserved 1073152K
  class space    used 3316K, committed 3456K, reserved 1048576K
}
Event: 5.809 GC heap before
{Heap before GC invocations=5 (full 0):
 garbage-first heap   total 81920K, used 23007K [0x0000000700000000, 0x0000000800000000)
  region size 2048K, 4 young (8192K), 3 survivors (6144K)
 Metaspace       used 25632K, committed 25984K, reserved 1073152K
  class space    used 3322K, committed 3456K, reserved 1048576K
}
Event: 5.814 GC heap after
{Heap after GC invocations=6 (full 0):
 garbage-first heap   total 81920K, used 21465K [0x0000000700000000, 0x0000000800000000)
  region size 2048K, 1 young (2048K), 1 survivors (2048K)
 Metaspace       used 25632K, committed 25984K, reserved 1073152K
  class space    used 3322K, committed 3456K, reserved 1048576K
}
Event: 6.610 GC heap before
{Heap before GC invocations=6 (full 0):
 garbage-first heap   total 81920K, used 52185K [0x0000000700000000, 0x0000000800000000)
  region size 2048K, 16 young (32768K), 1 survivors (2048K)
 Metaspace       used 25711K, committed 25984K, reserved 1073152K
  class space    used 3322K, committed 3456K, reserved 1048576K
}
Event: 6.611 GC heap after
{Heap after GC invocations=7 (full 0):
 garbage-first heap   total 81920K, used 20863K [0x0000000700000000, 0x0000000800000000)
  region size 2048K, 1 young (2048K), 1 survivors (2048K)
 Metaspace       used 25711K, committed 25984K, reserved 1073152K
  class space    used 3322K, committed 3456K, reserved 1048576K
}
Event: 7.400 GC heap before
{Heap before GC invocations=7 (full 0):
 garbage-first heap   total 81920K, used 55679K [0x0000000700000000, 0x0000000800000000)
  region size 2048K, 18 young (36864K), 1 survivors (2048K)
 Metaspace       used 25781K, committed 26048K, reserved 1073152K
  class space    used 3322K, committed 3456K, reserved 1048576K
}
Event: 7.401 GC heap after
{Heap after GC invocations=8 (full 0):
 garbage-first heap   total 81920K, used 20813K [0x0000000700000000, 0x0000000800000000)
  region size 2048K, 1 young (2048K), 1 survivors (2048K)
 Metaspace       used 25781K, committed 26048K, reserved 1073152K
  class space    used 3322K, committed 3456K, reserved 1048576K
}
Event: 8.966 GC heap before
{Heap before GC invocations=8 (full 0):
 garbage-first heap   total 81920K, used 57677K [0x0000000700000000, 0x0000000800000000)
  region size 2048K, 19 young (38912K), 1 survivors (2048K)
 Metaspace       used 26079K, committed 26368K, reserved 1073152K
  class space    used 3348K, committed 3456K, reserved 1048576K
}
Event: 8.968 GC heap after
{Heap after GC invocations=9 (full 0):
 garbage-first heap   total 81920K, used 20968K [0x0000000700000000, 0x0000000800000000)
  region size 2048K, 1 young (2048K), 1 survivors (2048K)
 Metaspace       used 26079K, committed 26368K, reserved 1073152K
  class space    used 3348K, committed 3456K, reserved 1048576K
}

Deoptimization events (20 events):
Event: 9.508 Thread 0x00007f8ca1014400 Uncommon trap: trap_request=0xffffff45 fr.pc=0x00000001181cd82c relative=0x000000000000008c
Event: 9.508 Thread 0x00007f8ca1014400 Uncommon trap: reason=unstable_if action=reinterpret pc=0x00000001181cd82c method=java.lang.Math.round(F)I @ 36 c2
Event: 9.508 Thread 0x00007f8ca1014400 DEOPT PACKING pc=0x00000001181cd82c sp=0x0000700010741d70
Event: 9.508 Thread 0x00007f8ca1014400 DEOPT UNPACKING pc=0x00000001105d9099 sp=0x0000700010741d08 mode 2
Event: 9.722 Thread 0x00007f8ca1b3ac00 Uncommon trap: trap_request=0xffffffde fr.pc=0x00000001181f900c relative=0x00000000000004ac
Event: 9.722 Thread 0x00007f8ca1b3ac00 Uncommon trap: reason=class_check action=maybe_recompile pc=0x00000001181f900c method=com.sun.javafx.binding.ExpressionHelper$Generic.fireValueChangedEvent()V @ 91 c2
Event: 9.722 Thread 0x00007f8ca1b3ac00 DEOPT PACKING pc=0x00000001181f900c sp=0x00007ff7b96eae80
Event: 9.722 Thread 0x00007f8ca1b3ac00 DEOPT UNPACKING pc=0x00000001105d9099 sp=0x00007ff7b96eae08 mode 2
Event: 9.842 Thread 0x00007f8ca1b3ac00 Uncommon trap: trap_request=0xffffffde fr.pc=0x00000001181f900c relative=0x00000000000004ac
Event: 9.843 Thread 0x00007f8ca1b3ac00 Uncommon trap: reason=class_check action=maybe_recompile pc=0x00000001181f900c method=com.sun.javafx.binding.ExpressionHelper$Generic.fireValueChangedEvent()V @ 91 c2
Event: 9.843 Thread 0x00007f8ca1b3ac00 DEOPT PACKING pc=0x00000001181f900c sp=0x00007ff7b96e9690
Event: 9.843 Thread 0x00007f8ca1b3ac00 DEOPT UNPACKING pc=0x00000001105d9099 sp=0x00007ff7b96e9618 mode 2
Event: 9.843 Thread 0x00007f8ca1b3ac00 Uncommon trap: trap_request=0xffffffde fr.pc=0x00000001181f900c relative=0x00000000000004ac
Event: 9.843 Thread 0x00007f8ca1b3ac00 Uncommon trap: reason=class_check action=maybe_recompile pc=0x00000001181f900c method=com.sun.javafx.binding.ExpressionHelper$Generic.fireValueChangedEvent()V @ 91 c2
Event: 9.843 Thread 0x00007f8ca1b3ac00 DEOPT PACKING pc=0x00000001181f900c sp=0x00007ff7b96e9690
Event: 9.843 Thread 0x00007f8ca1b3ac00 DEOPT UNPACKING pc=0x00000001105d9099 sp=0x00007ff7b96e9618 mode 2
Event: 9.854 Thread 0x00007f8ca1b3ac00 Uncommon trap: trap_request=0xffffffde fr.pc=0x00000001181f900c relative=0x00000000000004ac
Event: 9.854 Thread 0x00007f8ca1b3ac00 Uncommon trap: reason=class_check action=maybe_recompile pc=0x00000001181f900c method=com.sun.javafx.binding.ExpressionHelper$Generic.fireValueChangedEvent()V @ 91 c2
Event: 9.854 Thread 0x00007f8ca1b3ac00 DEOPT PACKING pc=0x00000001181f900c sp=0x00007ff7b96e98e0
Event: 9.854 Thread 0x00007f8ca1b3ac00 DEOPT UNPACKING pc=0x00000001105d9099 sp=0x00007ff7b96e9868 mode 2

Classes unloaded (0 events):
No events

Classes redefined (0 events):
No events

Internal exceptions (20 events):
Event: 2.005 Thread 0x00007f8ca11e5600 Exception <a 'java/lang/NoSuchMethodError'{0x000000070ed6bb58}: 'java.lang.Object java.lang.invoke.Invokers$Holder.linkToTargetMethod(java.lang.Object, java.lang.Object, double, java.lang.Object)'> (0x000000070ed6bb58) 
thrown [src/hotspot/share/interpreter/linkResolver.cpp, line 766]
Event: 2.075 Thread 0x00007f8ca11e5600 Exception <a 'java/lang/NoSuchMethodError'{0x000000070eb51710}: 'java.lang.Object java.lang.invoke.DirectMethodHandle$Holder.invokeSpecial(java.lang.Object, java.lang.Object, java.lang.Object, int, java.lang.Object)'> (0x000000070eb51710) 
thrown [src/hotspot/share/interpreter/linkResolver.cpp, line 766]
Event: 2.115 Thread 0x00007f8ca11e5600 Exception <a 'java/lang/NoSuchMethodError'{0x000000070e592f18}: 'void java.lang.invoke.DirectMethodHandle$Holder.invokeStatic(java.lang.Object, double)'> (0x000000070e592f18) 
thrown [src/hotspot/share/interpreter/linkResolver.cpp, line 766]
Event: 2.138 Thread 0x00007f8ca11f7800 Exception <a 'java/lang/NoSuchMethodError'{0x000000070e29b8a0}: 'java.lang.Object java.lang.invoke.DirectMethodHandle$Holder.newInvokeSpecial(java.lang.Object, java.lang.Object, java.lang.Object, java.lang.Object, java.lang.Object, java.lang.Object)'> (0x000000070e29b8a0) 
thrown [src/hotspot/share/interpreter/linkResolver.cpp, line 766]
Event: 2.143 Thread 0x00007f8ca197ce00 Exception <a 'java/lang/NoSuchMethodError'{0x000000070e2e9610}: 'int java.lang.invoke.DirectMethodHandle$Holder.invokeStaticInit(java.lang.Object, java.lang.Object, java.lang.Object, java.lang.Object)'> (0x000000070e2e9610) 
thrown [src/hotspot/share/interpreter/linkResolver.cpp, line 766]
Event: 2.144 Thread 0x00007f8ca197ce00 Exception <a 'java/lang/IncompatibleClassChangeError'{0x000000070e2f27f0}: Found class java.lang.Object, but interface was expected> (0x000000070e2f27f0) 
thrown [src/hotspot/share/interpreter/linkResolver.cpp, line 833]
Event: 2.266 Thread 0x00007f8ca1b3ac00 Exception <a 'java/lang/NoSuchMethodError'{0x000000070fec7b88}: 'long java.lang.invoke.DirectMethodHandle$Holder.invokeStatic(java.lang.Object, java.lang.Object, java.lang.Object)'> (0x000000070fec7b88) 
thrown [src/hotspot/share/interpreter/linkResolver.cpp, line 766]
Event: 2.267 Thread 0x00007f8ca1b3ac00 Exception <a 'java/lang/NoSuchMethodError'{0x000000070fecb330}: 'long java.lang.invoke.DirectMethodHandle$Holder.invokeStaticInit(java.lang.Object, java.lang.Object, java.lang.Object)'> (0x000000070fecb330) 
thrown [src/hotspot/share/interpreter/linkResolver.cpp, line 766]
Event: 2.269 Thread 0x00007f8ca1b3ac00 Exception <a 'java/lang/NoSuchMethodError'{0x000000070fee32b0}: 'java.lang.Object java.lang.invoke.DirectMethodHandle$Holder.newInvokeSpecial(java.lang.Object, java.lang.Object, long)'> (0x000000070fee32b0) 
thrown [src/hotspot/share/interpreter/linkResolver.cpp, line 766]
Event: 2.270 Thread 0x00007f8ca1b3ac00 Exception <a 'java/lang/NoSuchMethodError'{0x000000070fee6b78}: 'java.lang.Object java.lang.invoke.Invokers$Holder.linkToTargetMethod(java.lang.Object, long, java.lang.Object)'> (0x000000070fee6b78) 
thrown [src/hotspot/share/interpreter/linkResolver.cpp, line 766]
Event: 2.292 Thread 0x00007f8ca1b3ac00 Exception <a 'java/lang/NoSuchMethodError'{0x000000070f733938}: 'void java.lang.invoke.DirectMethodHandle$Holder.invokeSpecial(java.lang.Object, java.lang.Object, java.lang.Object, java.lang.Object, java.lang.Object)'> (0x000000070f733938) 
thrown [src/hotspot/share/interpreter/linkResolver.cpp, line 766]
Event: 2.294 Thread 0x00007f8ca1b3ac00 Exception <a 'java/lang/NoSuchMethodError'{0x000000070f7423a0}: 'java.lang.Object java.lang.invoke.DirectMethodHandle$Holder.invokeInterface(java.lang.Object, java.lang.Object, java.lang.Object)'> (0x000000070f7423a0) 
thrown [src/hotspot/share/interpreter/linkResolver.cpp, line 766]
Event: 2.294 Thread 0x00007f8ca1b3ac00 Exception <a 'java/lang/IncompatibleClassChangeError'{0x000000070f745d28}: Found class java.lang.Object, but interface was expected> (0x000000070f745d28) 
thrown [src/hotspot/share/interpreter/linkResolver.cpp, line 833]
Event: 2.486 Thread 0x00007f8ca197ce00 Implicit null exception at 0x00000001180ebaac to 0x00000001180ebc71
Event: 4.644 Thread 0x00007f8ca1b3ac00 Exception <a 'java/lang/UnsatisfiedLinkError'{0x0000000703352028}: 'boolean com.sun.media.jfxmediaimpl.NativeAudioClip.nacInit()'> (0x0000000703352028) 
thrown [src/hotspot/share/prims/nativeLookup.cpp, line 543]
Event: 4.649 Thread 0x00007f8ca1b3ac00 Exception <a 'java/lang/UnsatisfiedLinkError'{0x00000007033563c8}: 'void com.sun.media.jfxmedia.logging.Logger.nativeSetNativeLevel(int)'> (0x00000007033563c8) 
thrown [src/hotspot/share/prims/nativeLookup.cpp, line 543]
Event: 8.989 Thread 0x00007f8ca1014400 Exception <a 'java/lang/NoSuchMethodError'{0x000000070ff37a98}: 'java.lang.Object java.lang.invoke.DirectMethodHandle$Holder.invokeStaticInit(java.lang.Object, int)'> (0x000000070ff37a98) 
thrown [src/hotspot/share/interpreter/linkResolver.cpp, line 766]
Event: 9.733 Thread 0x00007f8ca1b3ac00 Exception <a 'java/lang/NoSuchMethodError'{0x000000070ea35ed0}: 'java.lang.Object java.lang.invoke.DirectMethodHandle$Holder.newInvokeSpecial(java.lang.Object, java.lang.Object, int, int, int, int, int, java.lang.Object)'> (0x000000070ea35ed0) 
thrown [src/hotspot/share/interpreter/linkResolver.cpp, line 766]
Event: 9.735 Thread 0x00007f8ca1b3ac00 Exception <a 'java/lang/NoSuchMethodError'{0x000000070ea48eb0}: 'java.lang.Object java.lang.invoke.DirectMethodHandle$Holder.newInvokeSpecial(java.lang.Object, java.lang.Object, java.lang.Object, int, int, int, int, int)'> (0x000000070ea48eb0) 
thrown [src/hotspot/share/interpreter/linkResolver.cpp, line 766]
Event: 9.735 Thread 0x00007f8ca1b3ac00 Exception <a 'java/lang/NoSuchMethodError'{0x000000070ea50710}: 'java.lang.Object java.lang.invoke.Invokers$Holder.linkToTargetMethod(java.lang.Object, java.lang.Object, int, int, int, int, int, java.lang.Object)'> (0x000000070ea50710) 
thrown [src/hotspot/share/interpreter/linkResolver.cpp, line 766]

VM Operations (20 events):
Event: 5.110 Executing VM operation: ICBufferFull
Event: 5.110 Executing VM operation: ICBufferFull done
Event: 5.113 Executing VM operation: ICBufferFull
Event: 5.113 Executing VM operation: ICBufferFull done
Event: 5.356 Executing VM operation: G1CollectForAllocation
Event: 5.366 Executing VM operation: G1CollectForAllocation done
Event: 5.685 Executing VM operation: HandshakeAllThreads
Event: 5.685 Executing VM operation: HandshakeAllThreads done
Event: 5.809 Executing VM operation: G1CollectForAllocation
Event: 5.814 Executing VM operation: G1CollectForAllocation done
Event: 6.610 Executing VM operation: G1CollectForAllocation
Event: 6.611 Executing VM operation: G1CollectForAllocation done
Event: 7.400 Executing VM operation: G1CollectForAllocation
Event: 7.401 Executing VM operation: G1CollectForAllocation done
Event: 8.406 Executing VM operation: Cleanup
Event: 8.406 Executing VM operation: Cleanup done
Event: 8.966 Executing VM operation: G1CollectForAllocation
Event: 8.968 Executing VM operation: G1CollectForAllocation done
Event: 9.843 Executing VM operation: ICBufferFull
Event: 9.843 Executing VM operation: ICBufferFull done

Events (20 events):
Event: 9.699 Protecting memory [0x000070001357c000,0x0000700013580000] with protection modes 3
Event: 9.699 Thread 0x00007f8ca506de00 Thread exited: 0x00007f8ca506de00
Event: 9.699 Protecting memory [0x000070001357c000,0x0000700013580000] with protection modes 0
Event: 9.699 Thread 0x00007f8ca1273000 Thread added: 0x00007f8ca1273000
Event: 9.699 Protecting memory [0x000070001357c000,0x0000700013580000] with protection modes 3
Event: 9.699 Thread 0x00007f8ca1273000 Thread exited: 0x00007f8ca1273000
Event: 9.733 Protecting memory [0x000070001357c000,0x0000700013580000] with protection modes 0
Event: 9.733 Thread 0x00007f8ca1c0ac00 Thread added: 0x00007f8ca1c0ac00
Event: 9.733 Protecting memory [0x000070001357c000,0x0000700013580000] with protection modes 3
Event: 9.733 Thread 0x00007f8ca1c0ac00 Thread exited: 0x00007f8ca1c0ac00
Event: 9.733 Protecting memory [0x000070001357c000,0x0000700013580000] with protection modes 0
Event: 9.733 Thread 0x00007f8ca1c0ac00 Thread added: 0x00007f8ca1c0ac00
Event: 9.733 Protecting memory [0x000070001357c000,0x0000700013580000] with protection modes 3
Event: 9.733 Thread 0x00007f8ca1c0ac00 Thread exited: 0x00007f8ca1c0ac00
Event: 9.756 Protecting memory [0x0000700011d90000,0x0000700011d94000] with protection modes 0
Event: 9.756 Thread 0x00007f8ca3a8b400 Thread added: 0x00007f8ca3a8b400
Event: 9.756 Protecting memory [0x0000700011d90000,0x0000700011d94000] with protection modes 3
Event: 9.756 Thread 0x00007f8ca3a8b400 Thread exited: 0x00007f8ca3a8b400
Event: 9.757 Protecting memory [0x0000700012ddb000,0x0000700012ddf000] with protection modes 3
Event: 9.757 Thread 0x00007f8ca383f200 Thread exited: 0x00007f8ca383f200


Dynamic libraries:
0x00000001068ad000 	/Library/Java/JavaVirtualMachines/temurin-17.jdk/Contents/Home/lib/libjli.dylib
0x00007ff81db81000 	/usr/lib/libz.1.dylib
0x00007ff81dc65000 	/usr/lib/libSystem.B.dylib
0x00007ff81dc60000 	/usr/lib/system/libcache.dylib
0x00007ff81dc1b000 	/usr/lib/system/libcommonCrypto.dylib
0x00007ff81dc44000 	/usr/lib/system/libcompiler_rt.dylib
0x00007ff81dc3a000 	/usr/lib/system/libcopyfile.dylib
0x00007ff811d7f000 	/usr/lib/system/libcorecrypto.dylib
0x00007ff811e43000 	/usr/lib/system/libdispatch.dylib
0x00007ff811fcb000 	/usr/lib/system/libdyld.dylib
0x00007ff81dc56000 	/usr/lib/system/libkeymgr.dylib
0x00007ff81dbfa000 	/usr/lib/system/libmacho.dylib
0x00007ff81d1e4000 	/usr/lib/system/libquarantine.dylib
0x00007ff81dc54000 	/usr/lib/system/libremovefile.dylib
0x00007ff816c88000 	/usr/lib/system/libsystem_asl.dylib
0x00007ff811d21000 	/usr/lib/system/libsystem_blocks.dylib
0x00007ff811e8d000 	/usr/lib/system/libsystem_c.dylib
0x00007ff81dc4c000 	/usr/lib/system/libsystem_collections.dylib
0x00007ff81c473000 	/usr/lib/system/libsystem_configuration.dylib
0x00007ff81b4e8000 	/usr/lib/system/libsystem_containermanager.dylib
0x00007ff81d8c2000 	/usr/lib/system/libsystem_coreservices.dylib
0x00007ff814d09000 	/usr/lib/system/libsystem_darwin.dylib
0x00007ff81dc57000 	/usr/lib/system/libsystem_dnssd.dylib
0x00007ff811e8a000 	/usr/lib/system/libsystem_featureflags.dylib
0x00007ff811ff6000 	/usr/lib/system/libsystem_info.dylib
0x00007ff81db94000 	/usr/lib/system/libsystem_m.dylib
0x00007ff811e16000 	/usr/lib/system/libsystem_malloc.dylib
0x00007ff816c17000 	/usr/lib/system/libsystem_networkextension.dylib
0x00007ff81514e000 	/usr/lib/system/libsystem_notify.dylib
0x00007ff81c477000 	/usr/lib/system/libsystem_sandbox.dylib
0x00007ff81dc51000 	/usr/lib/system/libsystem_secinit.dylib
0x00007ff811f85000 	/usr/lib/system/libsystem_kernel.dylib
0x00007ff811fec000 	/usr/lib/system/libsystem_platform.dylib
0x00007ff811fbf000 	/usr/lib/system/libsystem_pthread.dylib
0x00007ff8185e0000 	/usr/lib/system/libsystem_symptoms.dylib
0x00007ff811d65000 	/usr/lib/system/libsystem_trace.dylib
0x00007ff81dc27000 	/usr/lib/system/libunwind.dylib
0x00007ff811d25000 	/usr/lib/system/libxpc.dylib
0x00007ff811f6f000 	/usr/lib/libc++abi.dylib
0x00007ff811c50000 	/usr/lib/libobjc.A.dylib
0x00007ff81dc32000 	/usr/lib/liboah.dylib
0x00007ff811f16000 	/usr/lib/libc++.1.dylib
0x00007ff829fe9000 	/System/Library/Frameworks/Cocoa.framework/Versions/A/Cocoa
0x00007ff8151ad000 	/System/Library/Frameworks/AppKit.framework/Versions/C/AppKit
0x00007ff817d66000 	/System/Library/Frameworks/CoreData.framework/Versions/A/CoreData
0x00007ff812e9a000 	/System/Library/Frameworks/Foundation.framework/Versions/C/Foundation
0x00007ff8161b5000 	/System/Library/PrivateFrameworks/UIFoundation.framework/Versions/A/UIFoundation
0x00007ffb138c1000 	/System/Library/PrivateFrameworks/CollectionViewCore.framework/Versions/A/CollectionViewCore
0x00007ff823fe8000 	/System/Library/PrivateFrameworks/RemoteViewServices.framework/Versions/A/RemoteViewServices
0x00007ff81bcc0000 	/System/Library/PrivateFrameworks/XCTTargetBootstrap.framework/Versions/A/XCTTargetBootstrap
0x00007ff81fad4000 	/System/Library/PrivateFrameworks/InternationalSupport.framework/Versions/A/InternationalSupport
0x00007ff81fb5d000 	/System/Library/PrivateFrameworks/UserActivity.framework/Versions/A/UserActivity
0x00007ffb29b27000 	/System/Library/PrivateFrameworks/WindowManagement.framework/Versions/A/WindowManagement
0x00007ff812b86000 	/System/Library/Frameworks/SystemConfiguration.framework/Versions/A/SystemConfiguration
0x00007ff81eecd000 	/usr/lib/libspindump.dylib
0x00007ff816383000 	/System/Library/Frameworks/UniformTypeIdentifiers.framework/Versions/A/UniformTypeIdentifiers
0x00007ff81a1a0000 	/usr/lib/libapp_launch_measurement.dylib
0x00007ff819327000 	/System/Library/PrivateFrameworks/CoreAnalytics.framework/Versions/A/CoreAnalytics
0x00007ff81a1a3000 	/System/Library/PrivateFrameworks/CoreAutoLayout.framework/Versions/A/CoreAutoLayout
0x00007ff81b534000 	/System/Library/Frameworks/Metal.framework/Versions/A/Metal
0x00007ff81c482000 	/usr/lib/liblangid.dylib
0x00007ff81bcc5000 	/System/Library/PrivateFrameworks/CoreSVG.framework/Versions/A/CoreSVG
0x00007ff816cba000 	/System/Library/PrivateFrameworks/SkyLight.framework/Versions/A/SkyLight
0x00007ff8170a4000 	/System/Library/Frameworks/CoreGraphics.framework/Versions/A/CoreGraphics
0x00007ff8246ba000 	/System/Library/Frameworks/Accelerate.framework/Versions/A/Accelerate
0x00007ff81e942000 	/System/Library/PrivateFrameworks/IconServices.framework/Versions/A/IconServices
0x00007ff81b517000 	/System/Library/Frameworks/IOSurface.framework/Versions/A/IOSurface
0x00007ff819351000 	/usr/lib/libDiagnosticMessagesClient.dylib
0x00007ff827c02000 	/System/Library/Frameworks/ApplicationServices.framework/Versions/A/ApplicationServices
0x00007ff81bcac000 	/System/Library/PrivateFrameworks/DFRFoundation.framework/Versions/A/DFRFoundation
0x00007ff814a75000 	/usr/lib/libicucore.A.dylib
0x00007ff820976000 	/System/Library/Frameworks/AudioToolbox.framework/Versions/A/AudioToolbox
0x00007ff81fadf000 	/System/Library/PrivateFrameworks/DataDetectorsCore.framework/Versions/A/DataDetectorsCore
0x00007ff917142000 	/System/Library/PrivateFrameworks/TextInput.framework/Versions/A/TextInput
0x00007ff816c2f000 	/usr/lib/libMobileGestalt.dylib
0x00007ff81b9b4000 	/System/Library/Frameworks/Carbon.framework/Versions/A/Frameworks/HIToolbox.framework/Versions/A/HIToolbox
0x00007ff819b42000 	/System/Library/Frameworks/QuartzCore.framework/Versions/A/QuartzCore
0x00007ff8146f4000 	/System/Library/Frameworks/Security.framework/Versions/A/Security
0x00007ff824020000 	/System/Library/Frameworks/Carbon.framework/Versions/A/Frameworks/SpeechRecognition.framework/Versions/A/SpeechRecognition
0x00007ff819ee0000 	/System/Library/PrivateFrameworks/CoreUI.framework/Versions/A/CoreUI
0x00007ff813fd6000 	/System/Library/Frameworks/CoreAudio.framework/Versions/A/CoreAudio
0x00007ff81942b000 	/System/Library/Frameworks/DiskArbitration.framework/Versions/A/DiskArbitration
0x00007ff81f2ee000 	/System/Library/PrivateFrameworks/MultitouchSupport.framework/Versions/A/MultitouchSupport
0x00007ff816c2e000 	/usr/lib/libenergytrace.dylib
0x00007ff81508f000 	/System/Library/Frameworks/IOKit.framework/Versions/A/IOKit
0x00007ff824419000 	/System/Library/Frameworks/CoreServices.framework/Versions/A/CoreServices
0x00007ff81a138000 	/System/Library/PrivateFrameworks/PerformanceAnalysis.framework/Versions/A/PerformanceAnalysis
0x00007ffa2766e000 	/System/Library/Frameworks/OpenGL.framework/Versions/A/OpenGL
0x00007ff81a1eb000 	/usr/lib/libxml2.2.dylib
0x00007ff81d0f7000 	/System/Library/PrivateFrameworks/MobileKeyBag.framework/Versions/A/MobileKeyBag
0x00007ff8177c8000 	/System/Library/Frameworks/ColorSync.framework/Versions/A/ColorSync
0x00007ff812021000 	/System/Library/Frameworks/CoreFoundation.framework/Versions/A/CoreFoundation
0x00007ff81c05f000 	/System/Library/Frameworks/CoreImage.framework/Versions/A/CoreImage
0x00007ff813de7000 	/System/Library/Frameworks/CoreText.framework/Versions/A/CoreText
0x00007ff81bd00000 	/System/Library/Frameworks/ImageIO.framework/Versions/A/ImageIO
0x00007ff81dc6b000 	/System/Library/PrivateFrameworks/SoftLinking.framework/Versions/A/SoftLinking
0x00007ff81deed000 	/usr/lib/libcompression.dylib
0x00007ff81fa06000 	/System/Library/PrivateFrameworks/TextureIO.framework/Versions/A/TextureIO
0x00007ff81e60b000 	/usr/lib/libate.dylib
0x00007ff81e3b9000 	/usr/lib/liblzma.5.dylib
0x00007ff81dc67000 	/usr/lib/libfakelink.dylib
0x00007ff816871000 	/System/Library/Frameworks/CFNetwork.framework/Versions/A/CFNetwork
0x00007ff81dda4000 	/usr/lib/libarchive.2.dylib
0x00007ff8222c1000 	/System/Library/Frameworks/Combine.framework/Versions/A/Combine
0x00007ff8203ee000 	/usr/lib/swift/libswiftCore.dylib
0x00007ff91418e000 	/usr/lib/swift/libswiftCoreFoundation.dylib
0x00007ff912167000 	/usr/lib/swift/libswiftDarwin.dylib
0x00007ff825c36000 	/usr/lib/swift/libswiftDispatch.dylib
0x00007ff9141aa000 	/usr/lib/swift/libswiftIOKit.dylib
0x00007ff828037000 	/usr/lib/swift/libswiftObjectiveC.dylib
0x00007ff91419f000 	/usr/lib/swift/libswiftXPC.dylib
0x00007ffb303fc000 	/usr/lib/swift/libswift_Concurrency.dylib
0x00007ffb3053b000 	/usr/lib/swift/libswift_StringProcessing.dylib
0x00007ff82803b000 	/usr/lib/swift/libswiftos.dylib
0x00007ff815010000 	/System/Library/PrivateFrameworks/CoreServicesInternal.framework/Versions/A/CoreServicesInternal
0x00007ff81d20b000 	/usr/lib/libbsm.0.dylib
0x00007ff81dbff000 	/usr/lib/system/libkxld.dylib
0x00007ff81a16c000 	/System/Library/Frameworks/CoreServices.framework/Versions/A/Frameworks/FSEvents.framework/Versions/A/FSEvents
0x00007ff814d14000 	/System/Library/Frameworks/CoreServices.framework/Versions/A/Frameworks/CarbonCore.framework/Versions/A/CarbonCore
0x00007ff819394000 	/System/Library/Frameworks/CoreServices.framework/Versions/A/Frameworks/Metadata.framework/Versions/A/Metadata
0x00007ff81d8c8000 	/System/Library/Frameworks/CoreServices.framework/Versions/A/Frameworks/OSServices.framework/Versions/A/OSServices
0x00007ff81de2c000 	/System/Library/Frameworks/CoreServices.framework/Versions/A/Frameworks/SearchKit.framework/Versions/A/SearchKit
0x00007ff818567000 	/System/Library/Frameworks/CoreServices.framework/Versions/A/Frameworks/AE.framework/Versions/A/AE
0x00007ff8124bb000 	/System/Library/Frameworks/CoreServices.framework/Versions/A/Frameworks/LaunchServices.framework/Versions/A/LaunchServices
0x00007ff81e36a000 	/System/Library/Frameworks/CoreServices.framework/Versions/A/Frameworks/DictionaryServices.framework/Versions/A/DictionaryServices
0x00007ff81a179000 	/System/Library/Frameworks/CoreServices.framework/Versions/A/Frameworks/SharedFileList.framework/Versions/A/SharedFileList
0x00007ff81deb8000 	/usr/lib/libapple_nghttp2.dylib
0x00007ff81686d000 	/usr/lib/libnetwork.dylib
0x00007ff8181df000 	/usr/lib/libsqlite3.dylib
0x00007ff8185e8000 	/System/Library/Frameworks/Network.framework/Versions/A/Network
0x00007ffb2f3eb000 	/usr/lib/libCoreEntitlements.dylib
0x00007ffb1cd7c000 	/System/Library/PrivateFrameworks/MessageSecurity.framework/Versions/A/MessageSecurity
0x00007ff8181c6000 	/System/Library/PrivateFrameworks/ProtocolBuffer.framework/Versions/A/ProtocolBuffer
0x00007ff81d8a2000 	/System/Library/PrivateFrameworks/AppleFSCompression.framework/Versions/A/AppleFSCompression
0x00007ff81d1f3000 	/usr/lib/libcoretls.dylib
0x00007ff81e3d3000 	/usr/lib/libcoretls_cfhelpers.dylib
0x00007ff81dee7000 	/usr/lib/libpam.2.dylib
0x00007ff81e440000 	/usr/lib/libxar.1.dylib
0x00007ff81e91e000 	/usr/lib/libheimdal-asn1.dylib
0x00007ff81dc6c000 	/usr/lib/libpcap.A.dylib
0x00007ff8185d7000 	/usr/lib/libdns_services.dylib
0x00007ff81c47e000 	/System/Library/PrivateFrameworks/AppleSystemInfo.framework/Versions/A/AppleSystemInfo
0x00007ff81cf00000 	/System/Library/PrivateFrameworks/IOMobileFramebuffer.framework/Versions/A/IOMobileFramebuffer
0x00007ff81d8b2000 	/usr/lib/libbz2.1.0.dylib
0x00007ff81d1e7000 	/usr/lib/libCheckFix.dylib
0x00007ff816c9f000 	/System/Library/PrivateFrameworks/TCC.framework/Versions/A/TCC
0x00007ff81c484000 	/System/Library/PrivateFrameworks/CoreNLP.framework/Versions/A/CoreNLP
0x00007ff819353000 	/System/Library/PrivateFrameworks/MetadataUtilities.framework/Versions/A/MetadataUtilities
0x00007ff81d21b000 	/usr/lib/libmecab.dylib
0x00007ff812c05000 	/usr/lib/libCRFSuite.dylib
0x00007ff81d275000 	/usr/lib/libgermantok.dylib
0x00007ff81de93000 	/usr/lib/libThaiTokenizer.dylib
0x00007ff819433000 	/System/Library/Frameworks/Accelerate.framework/Versions/A/Frameworks/vImage.framework/Versions/A/vImage
0x00007ff8243ec000 	/System/Library/Frameworks/Accelerate.framework/Versions/A/Frameworks/vecLib.framework/Versions/A/vecLib
0x00007ff81e482000 	/System/Library/Frameworks/Accelerate.framework/Versions/A/Frameworks/vecLib.framework/Versions/A/libvMisc.dylib
0x00007ff81cd25000 	/System/Library/Frameworks/Accelerate.framework/Versions/A/Frameworks/vecLib.framework/Versions/A/libvDSP.dylib
0x00007ff812877000 	/System/Library/Frameworks/Accelerate.framework/Versions/A/Frameworks/vecLib.framework/Versions/A/libBLAS.dylib
0x00007ff81dfcb000 	/System/Library/Frameworks/Accelerate.framework/Versions/A/Frameworks/vecLib.framework/Versions/A/libLAPACK.dylib
0x00007ff81d278000 	/System/Library/Frameworks/Accelerate.framework/Versions/A/Frameworks/vecLib.framework/Versions/A/libLinearAlgebra.dylib
0x00007ff81ded0000 	/System/Library/Frameworks/Accelerate.framework/Versions/A/Frameworks/vecLib.framework/Versions/A/libSparseBLAS.dylib
0x00007ff81dfc5000 	/System/Library/Frameworks/Accelerate.framework/Versions/A/Frameworks/vecLib.framework/Versions/A/libQuadrature.dylib
0x00007ff81c570000 	/System/Library/Frameworks/Accelerate.framework/Versions/A/Frameworks/vecLib.framework/Versions/A/libBNNS.dylib
0x00007ff812b0f000 	/System/Library/Frameworks/Accelerate.framework/Versions/A/Frameworks/vecLib.framework/Versions/A/libSparse.dylib
0x00007ffb1c07b000 	/System/Library/PrivateFrameworks/MIL.framework/Versions/A/MIL
0x00007ff81dca1000 	/usr/lib/libiconv.2.dylib
0x00007ff81dbf9000 	/usr/lib/libcharset.1.dylib
0x00007ff81a150000 	/System/Library/Frameworks/OpenDirectory.framework/Versions/A/Frameworks/CFOpenDirectory.framework/Versions/A/CFOpenDirectory
0x00007ff81a144000 	/System/Library/Frameworks/OpenDirectory.framework/Versions/A/OpenDirectory
0x00007ff81e3d5000 	/System/Library/PrivateFrameworks/APFS.framework/Versions/A/APFS
0x00007ff81d12a000 	/System/Library/Frameworks/SecurityFoundation.framework/Versions/A/SecurityFoundation
0x00007ff81e44e000 	/usr/lib/libutil.dylib
0x00007ffb1b219000 	/System/Library/PrivateFrameworks/InstalledContentLibrary.framework/Versions/A/InstalledContentLibrary
0x00007ff815053000 	/System/Library/PrivateFrameworks/CoreServicesStore.framework/Versions/A/CoreServicesStore
0x00007ffb12480000 	/System/Library/PrivateFrameworks/AppleMobileFileIntegrity.framework/Versions/A/AppleMobileFileIntegrity
0x00007ff91416e000 	/usr/lib/libmis.dylib
0x00007ff922761000 	/System/Library/PrivateFrameworks/MobileSystemServices.framework/Versions/A/MobileSystemServices
0x00007ffa1c9a2000 	/System/Library/PrivateFrameworks/ConfigProfileHelper.framework/Versions/A/ConfigProfileHelper
0x00007ff81de95000 	/System/Library/PrivateFrameworks/AppleSauce.framework/Versions/A/AppleSauce
0x00007ff8138ac000 	/System/Library/PrivateFrameworks/LanguageModeling.framework/Versions/A/LanguageModeling
0x00007ff81e452000 	/usr/lib/libxslt.1.dylib
0x00007ff81dd93000 	/usr/lib/libcmph.dylib
0x00007ff81ceee000 	/System/Library/PrivateFrameworks/CoreEmoji.framework/Versions/A/CoreEmoji
0x00007ff81c56a000 	/System/Library/PrivateFrameworks/LinguisticData.framework/Versions/A/LinguisticData
0x00007ff812ac5000 	/System/Library/PrivateFrameworks/Lexicon.framework/Versions/A/Lexicon
0x00007ff81d1b8000 	/System/Library/PrivateFrameworks/BackgroundTaskManagement.framework/Versions/A/BackgroundTaskManagement
0x00007ffb2f521000 	/usr/lib/libTLE.dylib
0x00007ffb30480000 	/usr/lib/swift/libswift_RegexParser.dylib
0x00007ff81f1b4000 	/System/Library/PrivateFrameworks/AppleJPEG.framework/Versions/A/AppleJPEG
0x00007ff81e903000 	/usr/lib/libexpat.1.dylib
0x00007ff81f862000 	/System/Library/Frameworks/ImageIO.framework/Versions/A/Resources/libPng.dylib
0x00007ff81f88f000 	/System/Library/Frameworks/ImageIO.framework/Versions/A/Resources/libTIFF.dylib
0x00007ff81f980000 	/System/Library/Frameworks/ImageIO.framework/Versions/A/Resources/libGIF.dylib
0x00007ff81f1ff000 	/System/Library/Frameworks/ImageIO.framework/Versions/A/Resources/libJP2.dylib
0x00007ff81f920000 	/System/Library/Frameworks/ImageIO.framework/Versions/A/Resources/libJPEG.dylib
0x00007ff81f917000 	/System/Library/Frameworks/ImageIO.framework/Versions/A/Resources/libRadiance.dylib
0x00007ff81b84a000 	/System/Library/PrivateFrameworks/FontServices.framework/libFontParser.dylib
0x00007ff81850c000 	/System/Library/PrivateFrameworks/RunningBoardServices.framework/Versions/A/RunningBoardServices
0x00007ff82a626000 	/System/Library/PrivateFrameworks/IOSurfaceAccelerator.framework/Versions/A/IOSurfaceAccelerator
0x00007ff81f2ea000 	/System/Library/PrivateFrameworks/WatchdogClient.framework/Versions/A/WatchdogClient
0x00007ff813a0e000 	/System/Library/Frameworks/CoreDisplay.framework/Versions/A/CoreDisplay
0x00007ff81b739000 	/System/Library/Frameworks/CoreMedia.framework/Versions/A/CoreMedia
0x00007ff81b52b000 	/System/Library/PrivateFrameworks/IOAccelerator.framework/Versions/A/IOAccelerator
0x00007ff81a2ca000 	/System/Library/Frameworks/CoreVideo.framework/Versions/A/CoreVideo
0x00007ff81dee5000 	/System/Library/Frameworks/MetalPerformanceShaders.framework/Versions/A/MetalPerformanceShaders
0x00007ff81f327000 	/System/Library/Frameworks/VideoToolbox.framework/Versions/A/VideoToolbox
0x00007ff818450000 	/System/Library/PrivateFrameworks/BaseBoard.framework/Versions/A/BaseBoard
0x00007ff81f910000 	/System/Library/PrivateFrameworks/GPUWrangler.framework/Versions/A/GPUWrangler
0x00007ff81f8f4000 	/System/Library/PrivateFrameworks/IOPresentment.framework/Versions/A/IOPresentment
0x00007ff81f91a000 	/System/Library/PrivateFrameworks/DSExternalDisplay.framework/Versions/A/DSExternalDisplay
0x00007ffb178ad000 	/System/Library/PrivateFrameworks/GPUCompiler.framework/Versions/31001/Libraries/libllvm-flatbuffers.dylib
0x00007ffa27662000 	/System/Library/Frameworks/OpenGL.framework/Versions/A/Libraries/libCoreFSCache.dylib
0x00007ffb178a9000 	/System/Library/PrivateFrameworks/GPUCompiler.framework/Versions/31001/Libraries/libGPUCompilerUtils.dylib
0x00007ff81f986000 	/System/Library/PrivateFrameworks/CMCaptureCore.framework/Versions/A/CMCaptureCore
0x00007ffa2c641000 	/System/Library/Frameworks/ExtensionFoundation.framework/Versions/A/ExtensionFoundation
0x00007ff8263b2000 	/System/Library/PrivateFrameworks/CoreTime.framework/Versions/A/CoreTime
0x00007ff81eeb7000 	/System/Library/PrivateFrameworks/AppServerSupport.framework/Versions/A/AppServerSupport
0x00007ff821241000 	/System/Library/PrivateFrameworks/perfdata.framework/Versions/A/perfdata
0x00007ff813b3a000 	/System/Library/PrivateFrameworks/AudioToolboxCore.framework/Versions/A/AudioToolboxCore
0x00007ff81b713000 	/System/Library/PrivateFrameworks/caulk.framework/Versions/A/caulk
0x00007ff820b0e000 	/usr/lib/libAudioStatistics.dylib
0x00007ff91360a000 	/System/Library/PrivateFrameworks/SystemPolicy.framework/Versions/A/SystemPolicy
0x00007ff820dac000 	/usr/lib/libSMC.dylib
0x00007ff829e8e000 	/System/Library/Frameworks/CoreMIDI.framework/Versions/A/CoreMIDI
0x00007ff81f830000 	/usr/lib/libAudioToolboxUtility.dylib
0x00007ff82f3b1000 	/System/Library/PrivateFrameworks/OSAServicesClient.framework/Versions/A/OSAServicesClient
0x00007ff82124e000 	/usr/lib/libperfcheck.dylib
0x00007ff81e7e7000 	/System/Library/PrivateFrameworks/PlugInKit.framework/Versions/A/PlugInKit
0x00007ff81d11d000 	/System/Library/PrivateFrameworks/AssertionServices.framework/Versions/A/AssertionServices
0x00007ffa276bd000 	/System/Library/Frameworks/OpenGL.framework/Versions/A/Libraries/libGLU.dylib
0x00007ffa27681000 	/System/Library/Frameworks/OpenGL.framework/Versions/A/Libraries/libGFXShared.dylib
0x00007ffa2788a000 	/System/Library/Frameworks/OpenGL.framework/Versions/A/Libraries/libGL.dylib
0x00007ffa2768a000 	/System/Library/Frameworks/OpenGL.framework/Versions/A/Libraries/libGLImage.dylib
0x00007ffa2767e000 	/System/Library/Frameworks/OpenGL.framework/Versions/A/Libraries/libCVMSPluginSupport.dylib
0x00007ffb2f500000 	/usr/lib/libRosetta.dylib
0x00007ffa27669000 	/System/Library/Frameworks/OpenGL.framework/Versions/A/Libraries/libCoreVMClient.dylib
0x00007ff81c3f7000 	/System/Library/Frameworks/MetalPerformanceShaders.framework/Versions/A/Frameworks/MPSCore.framework/Versions/A/MPSCore
0x00007ff81d80c000 	/System/Library/Frameworks/MetalPerformanceShaders.framework/Versions/A/Frameworks/MPSImage.framework/Versions/A/MPSImage
0x00007ff81d28e000 	/System/Library/Frameworks/MetalPerformanceShaders.framework/Versions/A/Frameworks/MPSNeuralNetwork.framework/Versions/A/MPSNeuralNetwork
0x00007ff81d701000 	/System/Library/Frameworks/MetalPerformanceShaders.framework/Versions/A/Frameworks/MPSMatrix.framework/Versions/A/MPSMatrix
0x00007ff81d4bc000 	/System/Library/Frameworks/MetalPerformanceShaders.framework/Versions/A/Frameworks/MPSRayIntersector.framework/Versions/A/MPSRayIntersector
0x00007ff81d73b000 	/System/Library/Frameworks/MetalPerformanceShaders.framework/Versions/A/Frameworks/MPSNDArray.framework/Versions/A/MPSNDArray
0x00007ffa2d9ac000 	/System/Library/Frameworks/MetalPerformanceShaders.framework/Versions/A/Frameworks/MPSFunctions.framework/Versions/A/MPSFunctions
0x00007ff812738000 	/System/Library/PrivateFrameworks/MetalTools.framework/Versions/A/MetalTools
0x00007ff81c47d000 	/System/Library/PrivateFrameworks/AggregateDictionary.framework/Versions/A/AggregateDictionary
0x00007ff81e6a2000 	/usr/lib/libIOReport.dylib
0x00007ffa28c6d000 	/System/Library/Frameworks/OpenCL.framework/Versions/A/OpenCL
0x00007ff81ea49000 	/System/Library/PrivateFrameworks/GraphVisualizer.framework/Versions/A/GraphVisualizer
0x00007ffb177ae000 	/System/Library/PrivateFrameworks/FontServices.framework/Versions/A/FontServices
0x00007ff81ee72000 	/System/Library/PrivateFrameworks/OTSVG.framework/Versions/A/OTSVG
0x00007ff819e94000 	/System/Library/Frameworks/ApplicationServices.framework/Versions/A/Frameworks/ATS.framework/Versions/A/Resources/libFontRegistry.dylib
0x00007ff81eec1000 	/System/Library/PrivateFrameworks/FontServices.framework/libhvf.dylib
0x00007ffb177af000 	/System/Library/PrivateFrameworks/FontServices.framework/libXTFontStaticRegistryData.dylib
0x00007ffb289e0000 	/System/Library/PrivateFrameworks/VideoToolboxParavirtualizationSupport.framework/Versions/A/VideoToolboxParavirtualizationSupport
0x00007ff81e8b3000 	/System/Library/PrivateFrameworks/AppleVA.framework/Versions/A/AppleVA
0x00007ff820b4e000 	/System/Library/Frameworks/ApplicationServices.framework/Versions/A/Frameworks/ATS.framework/Versions/A/ATS
0x00007ff8178b8000 	/System/Library/Frameworks/ApplicationServices.framework/Versions/A/Frameworks/HIServices.framework/Versions/A/HIServices
0x00007ff81f992000 	/System/Library/Frameworks/ApplicationServices.framework/Versions/A/Frameworks/PrintCore.framework/Versions/A/PrintCore
0x00007ff820f01000 	/System/Library/Frameworks/ApplicationServices.framework/Versions/A/Frameworks/QD.framework/Versions/A/QD
0x00007ff820ef9000 	/System/Library/Frameworks/ApplicationServices.framework/Versions/A/Frameworks/ColorSyncLegacy.framework/Versions/A/ColorSyncLegacy
0x00007ff820b22000 	/System/Library/Frameworks/ApplicationServices.framework/Versions/A/Frameworks/SpeechSynthesis.framework/Versions/A/SpeechSynthesis
0x00007ff81f950000 	/System/Library/Frameworks/ApplicationServices.framework/Versions/A/Frameworks/ATSUI.framework/Versions/A/ATSUI
0x00007ff820e8c000 	/usr/lib/libcups.2.dylib
0x00007ff82125d000 	/System/Library/Frameworks/Kerberos.framework/Versions/A/Kerberos
0x00007ff82126c000 	/System/Library/Frameworks/GSS.framework/Versions/A/GSS
0x00007ff820bbc000 	/usr/lib/libresolv.9.dylib
0x00007ff81eed2000 	/System/Library/PrivateFrameworks/Heimdal.framework/Versions/A/Heimdal
0x00007ff827fba000 	/System/Library/Frameworks/Kerberos.framework/Versions/A/Libraries/libHeimdalProxy.dylib
0x00007ff8212b7000 	/System/Library/PrivateFrameworks/CommonAuth.framework/Versions/A/CommonAuth
0x00007ffa2b917000 	/System/Library/Frameworks/AVFAudio.framework/Versions/A/AVFAudio
0x00007ff82f3fa000 	/System/Library/PrivateFrameworks/AXCoreUtilities.framework/Versions/A/AXCoreUtilities
0x00007ff820a9e000 	/System/Library/PrivateFrameworks/AudioSession.framework/Versions/A/AudioSession
0x00007ff822098000 	/System/Library/Frameworks/IOBluetooth.framework/Versions/A/IOBluetooth
0x00007ff81e9b9000 	/System/Library/PrivateFrameworks/MediaExperience.framework/Versions/A/MediaExperience
0x00007ff820945000 	/System/Library/PrivateFrameworks/AudioSession.framework/libSessionUtility.dylib
0x00007ff820f0d000 	/System/Library/PrivateFrameworks/AudioResourceArbitration.framework/Versions/A/AudioResourceArbitration
0x00007ff824ff1000 	/System/Library/PrivateFrameworks/PowerLog.framework/Versions/A/PowerLog
0x00007ff824f33000 	/System/Library/Frameworks/CoreBluetooth.framework/Versions/A/CoreBluetooth
0x00007ff827fbb000 	/System/Library/Frameworks/AudioUnit.framework/Versions/A/AudioUnit
0x00007ff81cf87000 	/System/Library/PrivateFrameworks/CoreUtils.framework/Versions/A/CoreUtils
0x00007ffb1635f000 	/System/Library/PrivateFrameworks/CoreUtilsExtras.framework/Versions/A/CoreUtilsExtras
0x00007ffb1b0b0000 	/System/Library/PrivateFrameworks/IO80211.framework/Versions/A/IO80211
0x00007ff81e927000 	/System/Library/PrivateFrameworks/IconFoundation.framework/Versions/A/IconFoundation
0x00007ff824010000 	/System/Library/PrivateFrameworks/SpeechRecognitionCore.framework/Versions/A/SpeechRecognitionCore
0x00000001079ff000 	/Library/Java/JavaVirtualMachines/temurin-17.jdk/Contents/Home/lib/server/libjvm.dylib
0x0000000106864000 	/Library/Java/JavaVirtualMachines/temurin-17.jdk/Contents/Home/lib/libjimage.dylib
0x000000010693d000 	/Library/Java/JavaVirtualMachines/temurin-17.jdk/Contents/Home/lib/libjava.dylib
0x0000000106927000 	/Library/Java/JavaVirtualMachines/temurin-17.jdk/Contents/Home/lib/libnio.dylib
0x00000001073dd000 	/Library/Java/JavaVirtualMachines/temurin-17.jdk/Contents/Home/lib/libnet.dylib
0x00000001073c3000 	/Library/Java/JavaVirtualMachines/temurin-17.jdk/Contents/Home/lib/libzip.dylib
0x00000001073f7000 	/Users/leowong/.openjfx/cache/17.0.2-ea/libprism_es2.dylib
0x00007ffa27895000 	/System/Library/Frameworks/OpenGL.framework/Versions/A/Resources/GLEngine.bundle/GLEngine
0x00007ffa276fb000 	/System/Library/Frameworks/OpenGL.framework/Versions/A/Libraries/libGLProgrammability.dylib
0x00007ffa218df000 	/System/Library/Extensions/AppleIntelICLGraphicsGLDriver.bundle/Contents/MacOS/AppleIntelICLGraphicsGLDriver
0x00007ff91f6a9000 	/System/Library/PrivateFrameworks/GPUSupport.framework/Versions/A/Libraries/libGPUSupportMercury.dylib
0x00007ffa27a1f000 	/System/Library/Frameworks/OpenGL.framework/Versions/A/Resources/GLRendererFloat.bundle/GLRendererFloat
0x000000012a587000 	/Users/leowong/.openjfx/cache/17.0.2-ea/libglass.dylib
0x00007ff8255e3000 	/System/Library/Frameworks/FileProvider.framework/Versions/A/FileProvider
0x00007ff8183bb000 	/System/Library/Frameworks/Accounts.framework/Versions/A/Accounts
0x00007ff81a359000 	/System/Library/PrivateFrameworks/UserManagement.framework/Versions/A/UserManagement
0x00007ff82576e000 	/System/Library/PrivateFrameworks/GenerationalStorage.framework/Versions/A/GenerationalStorage
0x00007ff8262e1000 	/System/Library/PrivateFrameworks/CoreSymbolication.framework/Versions/A/CoreSymbolication
0x00007ff824fe6000 	/System/Library/PrivateFrameworks/SymptomDiagnosticReporter.framework/Versions/A/SymptomDiagnosticReporter
0x00007ff816399000 	/System/Library/PrivateFrameworks/DesktopServicesPriv.framework/Versions/A/DesktopServicesPriv
0x00007ff81515d000 	/usr/lib/libsandbox.1.dylib
0x00007ff8262a6000 	/System/Library/PrivateFrameworks/DebugSymbols.framework/Versions/A/DebugSymbols
0x00007ff820eee000 	/System/Library/PrivateFrameworks/NetAuth.framework/Versions/A/NetAuth
0x00007ff821f1b000 	/System/Library/PrivateFrameworks/Sharing.framework/Versions/A/Sharing
0x00007ff81a31f000 	/System/Library/PrivateFrameworks/login.framework/Versions/A/Frameworks/loginsupport.framework/Versions/A/loginsupport
0x00007ff8274df000 	/System/Library/PrivateFrameworks/Apple80211.framework/Versions/A/Apple80211
0x00007ff81d8f5000 	/System/Library/PrivateFrameworks/AuthKit.framework/Versions/A/AuthKit
0x00007ff81cf0d000 	/System/Library/Frameworks/CoreWLAN.framework/Versions/A/CoreWLAN
0x00007ff8274e3000 	/System/Library/PrivateFrameworks/CoreWiFi.framework/Versions/A/CoreWiFi
0x00007ffa16996000 	/System/Library/PrivateFrameworks/WiFiPeerToPeer.framework/Versions/A/WiFiPeerToPeer
0x00007ff825e51000 	/System/Library/PrivateFrameworks/FrontBoardServices.framework/Versions/A/FrontBoardServices
0x00007ff825ee9000 	/System/Library/PrivateFrameworks/BoardServices.framework/Versions/A/BoardServices
0x00007ff827642000 	/System/Library/PrivateFrameworks/BackBoardServices.framework/Versions/A/BackBoardServices
0x00007ff81da63000 	/System/Library/Frameworks/UserNotifications.framework/Versions/A/UserNotifications
0x00007ff8213ac000 	/System/Library/PrivateFrameworks/CorePhoneNumbers.framework/Versions/A/CorePhoneNumbers
0x00007ff820be9000 	/System/Library/PrivateFrameworks/MultiverseSupport.framework/Versions/A/MultiverseSupport
0x00007ff8278bd000 	/System/Library/PrivateFrameworks/RemoteServiceDiscovery.framework/Versions/A/RemoteServiceDiscovery
0x00007ff825104000 	/System/Library/PrivateFrameworks/DiskManagement.framework/Versions/A/DiskManagement
0x00007ff825018000 	/System/Library/PrivateFrameworks/AppleIDAuthSupport.framework/Versions/A/AppleIDAuthSupport
0x00007ffa30472000 	/System/Library/PrivateFrameworks/AAAFoundation.framework/Versions/A/AAAFoundation
0x00007ff821385000 	/System/Library/PrivateFrameworks/KeychainCircle.framework/Versions/A/KeychainCircle
0x00007ff8278cd000 	/System/Library/PrivateFrameworks/RemoteXPC.framework/Versions/A/RemoteXPC
0x00007ff8250d0000 	/System/Library/PrivateFrameworks/MediaKit.framework/Versions/A/MediaKit
0x00007ff825024000 	/System/Library/Frameworks/DiscRecording.framework/Versions/A/DiscRecording
0x00007ff81e82b000 	/usr/lib/libCoreStorage.dylib
0x00007ff827938000 	/usr/lib/libcsfde.dylib
0x00007ff822169000 	/System/Library/PrivateFrameworks/ProtectedCloudStorage.framework/Versions/A/ProtectedCloudStorage
0x00007ff827934000 	/System/Library/PrivateFrameworks/EFILogin.framework/Versions/A/EFILogin
0x00007ff825794000 	/System/Library/PrivateFrameworks/OctagonTrust.framework/Versions/A/OctagonTrust
0x00007ff81e823000 	/usr/lib/libMatch.1.dylib
0x00007ff918dde000 	/System/Library/Frameworks/Accelerate.framework/Versions/A/Frameworks/vImage.framework/Versions/A/Libraries/libCGInterfaces.dylib
0x000000012a7d9000 	/usr/lib/libobjc-trampolines.dylib
0x00007ffb2f2bc000 	/usr/lib/libAccessibilityBaseImplementations.dylib
0x00007ff81a038000 	/System/Library/PrivateFrameworks/ViewBridge.framework/Versions/A/ViewBridge
0x00007ff81ef89000 	/System/Library/PrivateFrameworks/login.framework/Versions/A/login
0x00000001311da000 	/Users/leowong/.openjfx/cache/17.0.2-ea/libjavafx_font.dylib
0x0000000133b57000 	/Users/leowong/.openjfx/cache/17.0.2-ea/libjavafx_iio.dylib
0x0000000133c49000 	/System/Library/Frameworks/FileProvider.framework/OverrideBundles/CloudDocsFileProvider.bundle/Contents/MacOS/CloudDocsFileProvider
0x00007ff81a63b000 	/System/Library/PrivateFrameworks/CloudDocs.framework/Versions/A/CloudDocs
0x00007ff827cc3000 	/System/Library/PrivateFrameworks/AppleAccount.framework/Versions/A/AppleAccount
0x00007ff81a382000 	/System/Library/Frameworks/CloudKit.framework/Versions/A/CloudKit
0x00007ff822150000 	/System/Library/PrivateFrameworks/AppContainer.framework/Versions/A/AppContainer
0x00007ff821b54000 	/System/Library/PrivateFrameworks/IDS.framework/Versions/A/IDS
0x00007ff827e2e000 	/System/Library/PrivateFrameworks/AppleIDSSOAuthentication.framework/Versions/A/AppleIDSSOAuthentication
0x00007ff81a322000 	/System/Library/PrivateFrameworks/ApplePushService.framework/Versions/A/ApplePushService
0x00007ff8279bd000 	/System/Library/PrivateFrameworks/AppSupport.framework/Versions/A/AppSupport
0x00007ff82089d000 	/System/Library/PrivateFrameworks/IMFoundation.framework/Versions/A/IMFoundation
0x00007ff82eb4d000 	/System/Library/PrivateFrameworks/Marco.framework/Versions/A/Marco
0x00007ff821ce4000 	/System/Library/PrivateFrameworks/IDSFoundation.framework/Versions/A/IDSFoundation
0x00007ff818438000 	/System/Library/PrivateFrameworks/CommonUtilities.framework/Versions/A/CommonUtilities
0x00007ff913d4d000 	/System/Library/PrivateFrameworks/FTServices.framework/Versions/A/FTServices
0x00007ff82bafb000 	/System/Library/PrivateFrameworks/Engram.framework/Versions/A/Engram
0x00007ff82ba9e000 	/usr/lib/libtidy.A.dylib
0x00007ff81f148000 	/System/Library/PrivateFrameworks/Bom.framework/Versions/A/Bom
0x00007ff820bf9000 	/usr/lib/libParallelCompression.dylib
0x00007ff81e6ab000 	/System/Library/PrivateFrameworks/CrashReporterSupport.framework/Versions/A/CrashReporterSupport
0x00007ff91f3d6000 	/System/Library/PrivateFrameworks/FTAWD.framework/Versions/A/FTAWD
0x00007ff9219ba000 	/System/Library/PrivateFrameworks/OSAnalytics.framework/Versions/A/OSAnalytics
0x00007ff92d693000 	/System/Library/PrivateFrameworks/Symbolication.framework/Versions/A/Symbolication
0x00007ff914140000 	/System/Library/PrivateFrameworks/MallocStackLogging.framework/Versions/A/MallocStackLogging
0x00007ffa2f83e000 	/System/Library/Frameworks/SharedWithYouCore.framework/Versions/A/SharedWithYouCore
0x00007ffb2f3d5000 	/usr/lib/libBASupport.dylib
0x00007ff91340a000 	/System/Library/Frameworks/AVFoundation.framework/Versions/A/AVFoundation
0x00007ff82806b000 	/System/Library/PrivateFrameworks/C2.framework/Versions/A/C2
0x00007ff81b425000 	/System/Library/Frameworks/CoreLocation.framework/Versions/A/CoreLocation
0x00007ffb1326a000 	/System/Library/PrivateFrameworks/CloudKitDistributedSync.framework/Versions/A/CloudKitDistributedSync
0x00007ff828063000 	/System/Library/Frameworks/PushKit.framework/Versions/A/PushKit
0x00007ffa2c3ad000 	/System/Library/Frameworks/CoreTransferable.framework/Versions/A/CoreTransferable
0x00007ffa127f9000 	/System/Library/Frameworks/CryptoKit.framework/Versions/A/CryptoKit
0x00007ffa16919000 	/System/Library/PrivateFrameworks/FeatureFlags.framework/Versions/A/FeatureFlags
0x00007ff92ab4e000 	/usr/lib/swift/libswiftAVFoundation.dylib
0x00007ff914185000 	/usr/lib/swift/libswiftCoreAudio.dylib
0x00007ff918dfd000 	/usr/lib/swift/libswiftCoreLocation.dylib
0x00007ff918e00000 	/usr/lib/swift/libswiftCoreMIDI.dylib
0x00007ff92969b000 	/usr/lib/swift/libswiftCoreMedia.dylib
0x00007ff91ee29000 	/usr/lib/swift/libswiftMetal.dylib
0x00007ff92233e000 	/usr/lib/swift/libswiftQuartzCore.dylib
0x00007ff92626a000 	/usr/lib/swift/libswiftUniformTypeIdentifiers.dylib
0x00007ff9170a4000 	/usr/lib/swift/libswiftsimd.dylib
0x00007ff825c4b000 	/System/Library/PrivateFrameworks/AVFCore.framework/Versions/A/AVFCore
0x00007ff82d233000 	/System/Library/PrivateFrameworks/AVFCapture.framework/Versions/A/AVFCapture
0x00007ff911e26000 	/System/Library/PrivateFrameworks/AirPlaySync.framework/Versions/A/AirPlaySync
0x00007ff81fbc9000 	/System/Library/Frameworks/MediaToolbox.framework/Versions/A/MediaToolbox
0x00007ff8255b3000 	/System/Library/PrivateFrameworks/CoreAVCHD.framework/Versions/A/CoreAVCHD
0x00007ff824702000 	/System/Library/Frameworks/MediaAccessibility.framework/Versions/A/MediaAccessibility
0x00007ff8255af000 	/System/Library/PrivateFrameworks/Mangrove.framework/Versions/A/Mangrove
0x00007ffb12f0e000 	/System/Library/PrivateFrameworks/CMPhoto.framework/Versions/A/CMPhoto
0x00007ff82617a000 	/System/Library/PrivateFrameworks/AppleVPA.framework/Versions/A/AppleVPA
0x00007ff8251f4000 	/System/Library/PrivateFrameworks/CoreAUC.framework/Versions/A/CoreAUC
0x00007ffb12ee0000 	/System/Library/PrivateFrameworks/CMImaging.framework/Versions/A/CMImaging
0x00007ff82d3b2000 	/System/Library/PrivateFrameworks/Quagga.framework/Versions/A/Quagga
0x00007ff82d484000 	/System/Library/PrivateFrameworks/CMCapture.framework/Versions/A/CMCapture
0x00007ff820cb8000 	/System/Library/Frameworks/CoreMediaIO.framework/Versions/A/CoreMediaIO
0x00007ff9140ce000 	/System/Library/PrivateFrameworks/LoggingSupport.framework/Versions/A/LoggingSupport
0x00007ff829b9a000 	/System/Library/PrivateFrameworks/RTCReporting.framework/Versions/A/RTCReporting
0x00007ff8223c1000 	/System/Library/PrivateFrameworks/GeoServices.framework/Versions/A/GeoServices
0x00007ff820911000 	/System/Library/PrivateFrameworks/LocationSupport.framework/Versions/A/LocationSupport
0x00007ffb1839a000 	/System/Library/PrivateFrameworks/GeoServicesCore.framework/Versions/A/GeoServicesCore
0x00007ff82f3f1000 	/System/Library/PrivateFrameworks/PhoneNumbers.framework/Versions/A/PhoneNumbers
0x00007ffa125f6000 	/usr/lib/swift/libswiftNetwork.dylib
0x00007ff827fb5000 	/System/Library/PrivateFrameworks/CryptoKitCBridging.framework/Versions/A/CryptoKitCBridging
0x00007ff825f8f000 	/System/Library/Frameworks/CryptoTokenKit.framework/Versions/A/CryptoTokenKit
0x00007ff929699000 	/usr/lib/swift/libswiftCryptoTokenKit.dylib
0x00007ff825fea000 	/System/Library/Frameworks/LocalAuthentication.framework/Versions/A/LocalAuthentication
0x00007ff82602f000 	/System/Library/Frameworks/LocalAuthentication.framework/Support/SharedUtils.framework/Versions/A/SharedUtils
0x00007ff912160000 	/usr/lib/swift/libswiftCoreGraphics.dylib
0x00007ff822165000 	/System/Library/PrivateFrameworks/SecCodeWrapper.framework/Versions/A/SecCodeWrapper
0x0000000133c17000 	/System/Library/Frameworks/FileProvider.framework/OverrideBundles/FileProviderOverride.bundle/Contents/MacOS/FileProviderOverride
0x0000000133ce8000 	/System/Library/Frameworks/FileProvider.framework/OverrideBundles/FinderSyncCollaborationFileProviderOverride.bundle/Contents/MacOS/FinderSyncCollaborationFileProviderOverride
0x00007ff926146000 	/System/Library/PrivateFrameworks/FinderSyncPriv.framework/Versions/A/FinderSyncPriv
0x00007ff911c50000 	/usr/lib/libFosl_dynamic.dylib
0x00007ff918282000 	/usr/lib/libncurses.5.4.dylib
0x00007ffa22837000 	/System/Library/Extensions/AppleIntelICLGraphicsMTLDriver.bundle/Contents/MacOS/AppleIntelICLGraphicsMTLDriver
0x00007ff914181000 	/System/Library/PrivateFrameworks/GPURawCounter.framework/Versions/A/GPURawCounter
0x00000001342f4000 	/Library/Java/JavaVirtualMachines/temurin-17.jdk/Contents/Home/lib/libextnet.dylib
0x00007ff824736000 	/System/Library/PrivateFrameworks/SystemAdministration.framework/Versions/A/SystemAdministration
0x00007ff823fdc000 	/System/Library/Frameworks/DirectoryService.framework/Versions/A/DirectoryService
0x00007ff8277d5000 	/System/Library/PrivateFrameworks/DiskImages.framework/Versions/A/DiskImages
0x00007ff81d1da000 	/System/Library/Frameworks/ServiceManagement.framework/Versions/A/ServiceManagement
0x00007ff8279b5000 	/System/Library/PrivateFrameworks/LoginUIKit.framework/Versions/A/Frameworks/LoginUICore.framework/Versions/A/LoginUICore
0x00007ff81f144000 	/usr/lib/libodfde.dylib
0x00007ff827944000 	/usr/lib/libcurl.4.dylib
0x00007ffb2f99c000 	/usr/lib/libcrypto.46.dylib
0x00007ffb3003b000 	/usr/lib/libssl.48.dylib
0x00007ff827663000 	/System/Library/Frameworks/LDAP.framework/Versions/A/LDAP
0x00007ff82769f000 	/System/Library/PrivateFrameworks/TrustEvaluationAgent.framework/Versions/A/TrustEvaluationAgent
0x00007ff820bd5000 	/usr/lib/libsasl2.2.dylib
0x0000000135cbc000 	/Users/leowong/.openjfx/cache/17.0.2-ea/libglib-lite.dylib
0x0000000135fa5000 	/Users/leowong/.openjfx/cache/17.0.2-ea/libgstreamer-lite.dylib
0x0000000135bc4000 	/Users/leowong/.openjfx/cache/17.0.2-ea/libjfxmedia.dylib
0x0000000135c00000 	/Users/leowong/.openjfx/cache/17.0.2-ea/libjfxmedia_avf.dylib
0x0000000135ba3000 	/Users/leowong/.openjfx/cache/17.0.2-ea/libfxplugins.dylib
0x00007ffa2fd50000 	/System/Library/Frameworks/VideoDecodeAcceleration.framework/Versions/A/VideoDecodeAcceleration
0x0000000135df0000 	/System/Library/Components/CoreAudio.component/Contents/MacOS/CoreAudio


VM Arguments:
jvm_args: -Dfile.encoding=UTF-8 
java_command: /Users/leowong/IdeaProjects/SpaceX-Invader/target/SpaceX-Invader-1.0.jar
java_class_path (initial): /Users/leowong/IdeaProjects/SpaceX-Invader/target/SpaceX-Invader-1.0.jar
Launcher Type: SUN_STANDARD

[Global flags]
     intx CICompilerCount                          = 4                                         {product} {ergonomic}
     uint ConcGCThreads                            = 2                                         {product} {ergonomic}
     uint G1ConcRefinementThreads                  = 8                                         {product} {ergonomic}
   size_t G1HeapRegionSize                         = 2097152                                   {product} {ergonomic}
    uintx GCDrainStackTargetSize                   = 64                                        {product} {ergonomic}
   size_t InitialHeapSize                          = 268435456                                 {product} {ergonomic}
   size_t MarkStackSize                            = 4194304                                   {product} {ergonomic}
   size_t MaxHeapSize                              = 4294967296                                {product} {ergonomic}
   size_t MaxNewSize                               = 2575302656                                {product} {ergonomic}
   size_t MinHeapDeltaBytes                        = 2097152                                   {product} {ergonomic}
   size_t MinHeapSize                              = 8388608                                   {product} {ergonomic}
    uintx NonNMethodCodeHeapSize                   = 5839372                                {pd product} {ergonomic}
    uintx NonProfiledCodeHeapSize                  = 122909434                              {pd product} {ergonomic}
    uintx ProfiledCodeHeapSize                     = 122909434                              {pd product} {ergonomic}
    uintx ReservedCodeCacheSize                    = 251658240                              {pd product} {ergonomic}
     bool SegmentedCodeCache                       = true                                      {product} {ergonomic}
   size_t SoftMaxHeapSize                          = 4294967296                             {manageable} {ergonomic}
     bool UseCompressedClassPointers               = true                           {product lp64_product} {ergonomic}
     bool UseCompressedOops                        = true                           {product lp64_product} {ergonomic}
     bool UseG1GC                                  = true                                      {product} {ergonomic}
     bool UseNUMA                                  = false                                     {product} {ergonomic}
     bool UseNUMAInterleaving                      = false                                     {product} {ergonomic}

Logging:
Log output configuration:
 #0: stdout all=warning uptime,level,tags
 #1: stderr all=off uptime,level,tags

Environment Variables:
PATH=/Users/leowong/opt/anaconda3/bin:/Users/leowong/opt/anaconda3/condabin:/usr/local/bin:/System/Cryptexes/App/usr/bin:/usr/bin:/bin:/usr/sbin:/sbin:/usr/local/share/dotnet:~/.dotnet/tools:/Library/Apple/usr/bin:/Library/Frameworks/Mono.framework/Versions/Current/Commands
SHELL=/bin/zsh
LC_CTYPE=zh_HK.UTF-8

Signal Handlers:
   SIGSEGV: crash_handler in libjvm.dylib, mask=11100110000111110111111111111111, flags=SA_RESTART|SA_SIGINFO
    SIGBUS: crash_handler in libjvm.dylib, mask=11100110000111110111111111111111, flags=SA_RESTART|SA_SIGINFO
    SIGFPE: crash_handler in libjvm.dylib, mask=11100110000111110111111111111111, flags=SA_RESTART|SA_SIGINFO
   SIGPIPE: javaSignalHandler in libjvm.dylib, mask=11100110000111110111111111111111, flags=SA_RESTART|SA_SIGINFO
   SIGXFSZ: javaSignalHandler in libjvm.dylib, mask=11100110000111110111111111111111, flags=SA_RESTART|SA_SIGINFO
    SIGILL: crash_handler in libjvm.dylib, mask=11100110000111110111111111111111, flags=SA_RESTART|SA_SIGINFO
   SIGUSR2: SR_handler in libjvm.dylib, mask=00100000000000000000000000000000, flags=SA_RESTART|SA_SIGINFO
    SIGHUP: UserHandler in libjvm.dylib, mask=11100110000111110111111111111111, flags=SA_RESTART|SA_SIGINFO
    SIGINT: UserHandler in libjvm.dylib, mask=11100110000111110111111111111111, flags=SA_RESTART|SA_SIGINFO
   SIGTERM: UserHandler in libjvm.dylib, mask=11100110000111110111111111111111, flags=SA_RESTART|SA_SIGINFO
   SIGQUIT: UserHandler in libjvm.dylib, mask=11100110000111110111111111111111, flags=SA_RESTART|SA_SIGINFO
  *** Handler was modified!
  *** Expected: javaSignalHandler in libjvm.dylib, mask=11100110100111111111111111111111, flags=SA_RESTART|SA_SIGINFO
   SIGTRAP: crash_handler in libjvm.dylib, mask=11100110000111110111111111111111, flags=SA_RESTART|SA_SIGINFO


---------------  S Y S T E M  ---------------

OS:
uname: Darwin 22.2.0 Darwin Kernel Version 22.2.0: Fri Nov 11 02:08:47 PST 2022; root:xnu-8792.61.2~4/RELEASE_X86_64 x86_64
OS uptime: 6 days 10:35 hours
rlimit (soft/hard): STACK 8192k/65532k , CORE 0k/infinity , NPROC 2784/4176 , NOFILE 10240/infinity , AS infinity/infinity , CPU infinity/infinity , DATA infinity/infinity , FSIZE infinity/infinity , MEMLOCK infinity/infinity , RSS infinity/infinity
load average: 3.03 3.09 3.10

CPU: total 8 (initial active 8) (4 cores per cpu, 2 threads per core) family 6 model 126 stepping 5 microcode 0xb6, cx8, cmov, fxsr, ht, mmx, 3dnowpref, sse, sse2, sse3, ssse3, sse4.1, sse4.2, popcnt, lzcnt, tsc, tscinvbit, avx, avx2, aes, erms, clmul, bmi1, bmi2, adx, sha, fma, vzeroupper, clflush, clflushopt

Memory: 4k page, physical 16777216k(64008k free), swap 4194304k(1340928k free)

vm_info: OpenJDK 64-Bit Server VM (17.0.3+7) for bsd-amd64 JRE (17.0.3+7), built on Apr 19 2022 22:49:40 by "jenkins" with clang 4.2.1 Compatible Apple LLVM 10.0.1 (clang-1001.0.46.4)

END.
