#
# A fatal error has been detected by the Java Runtime Environment:
#
#  SIGBUS (0xa) at pc=0x00000001997c9258, pid=73540, tid=259
#
# JRE version: Java(TM) SE Runtime Environment (17.0.4.1+1) (build 17.0.4.1+1-LTS-2)
# Java VM: Java HotSpot(TM) 64-Bit Server VM (17.0.4.1+1-LTS-2, mixed mode, sharing, tiered, compressed oops, compressed class ptrs, g1 gc, bsd-aarch64)
# Problematic frame:
# C  [CoreGraphics+0xd258]  ERROR_CGDataProvider_BufferIsNotReadable+0x30
#
# No core dump will be written. Core dumps have been disabled. To enable core dumping, try "ulimit -c unlimited" before starting Java again
#
# If you would like to submit a bug report, please visit:
#   https://bugreport.java.com/bugreport/crash.jsp
# The crash happened outside the Java Virtual Machine in native code.
# See problematic frame for where to report the bug.
#

---------------  S U M M A R Y ------------

Command Line: -Dfile.encoding=UTF-8 -Duser.country=GB -Duser.language=en -Duser.variant --module-path=/Users/hiimecho/Documents/Coding/Java/Coding/SpaceX-Invader/build/libs/SpaceX-Invader-1.0-SNAPSHOT.jar:/Users/hiimecho/Documents/Coding/Java/Coding/SpaceX-Invader/build/classes/java/main:/Users/hiimecho/.gradle/caches/modules-2/files-2.1/org.openjfx/javafx-fxml/17.0.2/d71c7ebe0f557824e302b6c287929b30801e2c0e/javafx-fxml-17.0.2-mac-aarch64.jar:/Users/hiimecho/.gradle/caches/modules-2/files-2.1/org.openjfx/javafx-controls/17.0.2/a5139ddb1551d14a0dab3dfe709b6653009e6bdb/javafx-controls-17.0.2-mac-aarch64.jar:/Users/hiimecho/.gradle/caches/modules-2/files-2.1/org.openjfx/javafx-controls/17.0.2/f52640ea07a0d7fe2ac8b9f945ec58fa22ac1afd/javafx-controls-17.0.2.jar:/Users/hiimecho/.gradle/caches/modules-2/files-2.1/org.openjfx/javafx-media/17.0.2/f2478d2b5ad3f7cfd64a2507b4dcad5add145940/javafx-media-17.0.2-mac-aarch64.jar:/Users/hiimecho/.gradle/caches/modules-2/files-2.1/org.openjfx/javafx-graphics/17.0.2/3ba1fc0286dfebc39fc62a3739bfa1afefd6b2ff/javafx-graphics-17.0.2-mac-aarch64.jar:/Users/hiimecho/.gradle/caches/modules-2/files-2.1/org.openjfx/javafx-graphics/17.0.2/1eb7ce07e07ccc2fcb26103f07535e72069519d6/javafx-graphics-17.0.2.jar:/Users/hiimecho/.gradle/caches/modules-2/files-2.1/org.openjfx/javafx-base/17.0.2/50a02c2f7c147e22cd7b2f97975fbf1e1b3e7919/javafx-base-17.0.2-mac-aarch64.jar:/Users/hiimecho/.gradle/caches/modules-2/files-2.1/org.openjfx/javafx-base/17.0.2/ca46f15a306175ac1513211e1d190a5baacd77cc/javafx-base-17.0.2.jar:/Users/hiimecho/.gradle/caches/modules-2/files-2.1/org.kordamp.bootstrapfx/bootstrapfx-core/0.4.0/8d019b30266c00770cf29921d1008ad7feed0ed6/bootstrapfx-core-0.4.0.jar:/Users/hiimecho/.gradle/caches/modules-2/files-2.1/com.github.almasb/fxgl/17.2/35db6ae960eec2dcfd19262d3b7f9c42f0e95bc3/fxgl-17.2.jar:/Users/hiimecho/.gradle/caches/modules-2/files-2.1/com.github.almasb/fxgl-io/17.2/aa1cb154ec24f8868c834570ea53faa2902dcd89/fxgl-io-17.2.jar:/Users/hiimecho/.gradle/caches/modules-2/files-2.1/com.github.almasb/fxgl-entity/17.2/3692459cbc-Djdk.module.main=spacexinvader spacexinvader/com.ood.spacexinvader.GameStart

Host: "MacBookAir10,1" arm64 1 MHz, 8 cores, 16G, Darwin 22.1.0, macOS 13.0.1 (22A400)
Time: Fri Mar  3 15:43:09 2023 CST elapsed time: 6.003468 seconds (0d 0h 0m 6s)

---------------  T H R E A D  ---------------

Current thread (0x000000014010b800):  JavaThread "JavaFX Application Thread" [_thread_in_native, id=259, stack(0x000000016e9a4000,0x000000016f1a0000)]

Stack: [0x000000016e9a4000,0x000000016f1a0000],  sp=0x000000016f1999f0,  free space=8150k
Native frames: (J=compiled Java code, j=interpreted, Vv=VM code, C=native code)
C  [CoreGraphics+0xd258]  ERROR_CGDataProvider_BufferIsNotReadable+0x30
C  [CoreGraphics+0xd0c4]  CGDataProviderRetainBytePtr+0x10c
C  [CoreGraphics+0x1b2b84]  CGDataProviderCreateProtectedCopy+0x1c
C  [CoreGraphics+0x17cde8]  CGImageCreateCopyWithProtectedDataProvider+0x48
C  [CoreGraphics+0x34394]  CGContextDrawImageWithOptions+0x134
C  [SkyLight+0x2299a4]  SLSRegisterCursorWithImages+0x2a4
C  [AppKit+0x18d1f8]  -[NSCursor _reallySet]+0x204
C  [AppKit+0x18cf7c]  -[NSCursor set]+0x90
C  [libglass.dylib+0x79c4]  Java_com_sun_glass_ui_mac_MacCursor__1setCustom+0x118
j  com.sun.glass.ui.mac.MacCursor._setCustom(J)V+0 javafx.graphics
j  com.sun.glass.ui.mac.MacCursor.set()V+60 javafx.graphics
j  com.sun.glass.ui.mac.MacWindow._setCursor(JLcom/sun/glass/ui/Cursor;)V+4 javafx.graphics
j  com.sun.glass.ui.Window.setCursor(Lcom/sun/glass/ui/Cursor;)V+9 javafx.graphics
j  com.sun.javafx.tk.quantum.ViewScene.lambda$setCursor$1(Ljava/lang/Object;)V+34 javafx.graphics
j  com.sun.javafx.tk.quantum.ViewScene$$Lambda$246+0x0000000800da0668.run()V+8 javafx.graphics
J 3682 c1 com.sun.glass.ui.InvokeLaterDispatcher$Future.run()V javafx.graphics (91 bytes) @ 0x000000010afb9840 [0x000000010afb9700+0x0000000000000140]
v  ~StubRoutines::call_stub
V  [libjvm.dylib+0x462f38]  JavaCalls::call_helper(JavaValue*, methodHandle const&, JavaCallArguments*, JavaThread*)+0x38c
V  [libjvm.dylib+0x4bc82c]  jni_invoke_nonstatic(JNIEnv_*, JavaValue*, _jobject*, JNICallType, _jmethodID*, JNI_ArgumentPusher*, JavaThread*)+0x31c
V  [libjvm.dylib+0x4c0c30]  jni_CallVoidMethod+0x128
C  [libglass.dylib+0xaa58]  -[GlassRunnable run]+0x5c
C  [Foundation+0x79b30]  __NSThreadPerformPerform+0x108
C  [CoreFoundation+0x81a34]  __CFRUNLOOP_IS_CALLING_OUT_TO_A_SOURCE0_PERFORM_FUNCTION__+0x1c
C  [CoreFoundation+0x819c8]  __CFRunLoopDoSource0+0xb0
C  [CoreFoundation+0x81738]  __CFRunLoopDoSources0+0xf4
C  [CoreFoundation+0x8033c]  __CFRunLoopRun+0x344
C  [CoreFoundation+0x7f8a4]  CFRunLoopRunSpecific+0x264
C  [HIToolbox+0x323bc]  RunCurrentEventLoopInMode+0x124
C  [HIToolbox+0x32200]  ReceiveNextEventCommon+0x2a0
C  [HIToolbox+0x31f48]  _BlockUntilNextEventMatchingListInModeWithFilter+0x48
C  [AppKit+0x39630]  _DPSNextEvent+0x278
C  [AppKit+0x387c0]  -[NSApplication(NSEvent) _nextEventMatchingEventMask:untilDate:inMode:dequeue:]+0x2d8
C  [AppKit+0x2cbf0]  -[NSApplication run]+0x1d0
C  [libglass.dylib+0xcbe0]  -[GlassApplication runLoop:]+0x7cc
C  [Foundation+0x79b30]  __NSThreadPerformPerform+0x108
C  [CoreFoundation+0x81a34]  __CFRUNLOOP_IS_CALLING_OUT_TO_A_SOURCE0_PERFORM_FUNCTION__+0x1c
C  [CoreFoundation+0x819c8]  __CFRunLoopDoSource0+0xb0
C  [CoreFoundation+0x81738]  __CFRunLoopDoSources0+0xf4
C  [CoreFoundation+0x8033c]  __CFRunLoopRun+0x344
C  [CoreFoundation+0x7f8a4]  CFRunLoopRunSpecific+0x264
C  [libjli.dylib+0x6fec]  CreateExecutionEnvironment+0x190
C  [libjli.dylib+0x31fc]  JLI_Launch+0x4a0
C  [java+0x3bac]  main+0x190
C  [dyld+0x5e50]  start+0x9f0

Java frames: (J=compiled Java code, j=interpreted, Vv=VM code)
j  com.sun.glass.ui.mac.MacCursor._setCustom(J)V+0 javafx.graphics
j  com.sun.glass.ui.mac.MacCursor.set()V+60 javafx.graphics
j  com.sun.glass.ui.mac.MacWindow._setCursor(JLcom/sun/glass/ui/Cursor;)V+4 javafx.graphics
j  com.sun.glass.ui.Window.setCursor(Lcom/sun/glass/ui/Cursor;)V+9 javafx.graphics
j  com.sun.javafx.tk.quantum.ViewScene.lambda$setCursor$1(Ljava/lang/Object;)V+34 javafx.graphics
j  com.sun.javafx.tk.quantum.ViewScene$$Lambda$246+0x0000000800da0668.run()V+8 javafx.graphics
J 3682 c1 com.sun.glass.ui.InvokeLaterDispatcher$Future.run()V javafx.graphics (91 bytes) @ 0x000000010afb9840 [0x000000010afb9700+0x0000000000000140]
v  ~StubRoutines::call_stub

siginfo: si_signo: 10 (SIGBUS), si_code: 1 (BUS_ADRALN), si_addr: 0x000000070cad82b8

Register to memory mapping:

 x0=0x0000000000000001 is an unknown value
 x1=0x0 is NULL
 x2=0x0 is NULL
 x3=0x000000012fe00000 points into unknown readable memory: 0x0000000000000000 | 00 00 00 00 00 00 00 00
 x4=0x000000012fe5ce20 points into unknown readable memory: 0x0000000000000000 | 00 00 00 00 00 00 00 00
 x5=0x000000000000001c is an unknown value
 x6=0x0 is NULL
 x7=0x0 is NULL
 x8=0x000000070cad82b8 is an unallocated location in the heap
 x9=0x0000000000000001 is an unknown value
x10=0x000000012fe32f88 points into unknown readable memory: 0x000000000082e55e | 5e e5 82 00 00 00 00 00
x11=0x000000000082e55e is an unknown value
x12=0x0000000000000001 is an unknown value
x13=0x0 is NULL
x14=0x0000000000000002 is an unknown value
x15=0x00000000a5a18ffb is an unknown value
x16=0x00000002ab85b000 is an unknown value
x17=0x00000001f0dac570: <offset 0x575f0570> in /System/Library/Frameworks/CoreGraphics.framework/Versions/A/CoreGraphics at 0x00000001997bc000
x18=0x0 is NULL
x19=0x000000012fe32ec0 points into unknown readable memory: 0x01000001efdb8d81 | 81 8d db ef 01 00 00 01
x20=0x000000012fe32f70 points into unknown readable memory: 0x000000004d555458 | 58 54 55 4d 00 00 00 00
x21=0x000000012fe32fe0 points into unknown readable memory: 0x01000001efdb8d81 | 81 8d db ef 01 00 00 01
x22=0x0 is NULL
x23=0x00000000000009c3 is an unknown value
x24=0x00000000000009c3 is an unknown value
x25=0x0000600003ba56b0 points into unknown readable memory: 0x01000001efdb81a3 | a3 81 db ef 01 00 00 01
x26=0x0000000000000001 is an unknown value
x27=0x000060000005f000 points into unknown readable memory: 0x01000001efdb8d81 | 81 8d db ef 01 00 00 01
x28=0x0 is NULL


Registers:
 x0=0x0000000000000001  x1=0x0000000000000000  x2=0x0000000000000000  x3=0x000000012fe00000
 x4=0x000000012fe5ce20  x5=0x000000000000001c  x6=0x0000000000000000  x7=0x0000000000000000
 x8=0x000000070cad82b8  x9=0x0000000000000001 x10=0x000000012fe32f88 x11=0x000000000082e55e
x12=0x0000000000000001 x13=0x0000000000000000 x14=0x0000000000000002 x15=0x00000000a5a18ffb
x16=0x00000002ab85b000 x17=0x00000001f0dac570 x18=0x0000000000000000 x19=0x000000012fe32ec0
x20=0x000000012fe32f70 x21=0x000000012fe32fe0 x22=0x0000000000000000 x23=0x00000000000009c3
x24=0x00000000000009c3 x25=0x0000600003ba56b0 x26=0x0000000000000001 x27=0x000060000005f000
x28=0x0000000000000000  fp=0x000000016f199a00  lr=0x547e0001997c9248  sp=0x000000016f1999f0
pc=0x00000001997c9258 cpsr=0x0000000060001000
Top of Stack: (sp=0x000000016f1999f0)
0x000000016f1999f0:   000000012fe32f70 000000070cad82b8
0x000000016f199a00:   000000016f199a50 bd0b0001997c90c4
0x000000016f199a10:   0000000600000000 0000000100d04080
0x000000016f199a20:   0000000100d34a00 0000000000000000
0x000000016f199a30:   0000000000000000 000000012fe32fe0
0x000000016f199a40:   0000000000000065 000000012fe32ec0
0x000000016f199a50:   000000016f199a80 dd3c80019996eb84
0x000000016f199a60:   0000000000000000 000000012fe32fe0
0x000000016f199a70:   0000000000000065 000000012fe32fe0
0x000000016f199a80:   000000016f199aa0 9476000199938de8
0x000000016f199a90:   0000000000000065 000060000005f000
0x000000016f199aa0:   000000016f199bd0 f54b8001997f0394
0x000000016f199ab0:   000000012fe32fe0 0000600003ba56b0
0x000000016f199ac0:   00000000000009c3 00000000000009c3
0x000000016f199ad0:   0000600000c797d0 000060000075a2e0
0x000000016f199ae0:   0000600000c797a0 000060000075a250
0x000000016f199af0:   000000016f199b80 427400019980d380
0x000000016f199b00:   0000000100000003 0000000000000031
0x000000016f199b10:   00000000000000cc ba8d590a36d50047
0x000000016f199b20:   000000012fe32fe0 0000600003ba56b0
0x000000016f199b30:   00000000000009c3 00000000000009c3
0x000000016f199b40:   000000012fe32fe0 0000600003ba56b0
0x000000016f199b50:   00000000000009c3 ba8d590a36d50047
0x000000016f199b60:   0000000000000000 0000000000000000
0x000000016f199b70:   0000000000000000 4049800000000000
0x000000016f199b80:   4048800000000000 401c000000000000
0x000000016f199b90:   4018000000000000 0000000000000000
0x000000016f199ba0:   00000000000009c3 00000000000009c3
0x000000016f199bb0:   0000000000000000 000000016f199ca8
0x000000016f199bc0:   0000000000000033 0000000000000031
0x000000016f199bd0:   000000016f19a620 1d530001995ce9a4
0x000000016f199be0:   00000000000000cc 0000000100000000 

Instructions: (pc=0x00000001997c9258)
0x00000001997c9158:   35000100 52800020 a9427bfd a9414ff4
0x00000001997c9168:   9100c3ff d65f0fff 52800000 17fffffb
0x00000001997c9178:   94108f6c 17fffff8 902b31c0 913da000
0x00000001997c9188:   b02bae81 91038021 9410a9c8 17ffffde
0x00000001997c9198:   1410a436 d503237f a9be4ff4 a9017bfd
0x00000001997c91a8:   910043fd aa0003f3 902b31c8 f947b908
0x00000001997c91b8:   b100051f 540002a1 f02a0e48 39674108
0x00000001997c91c8:   7100011f fa401a64 54000180 f9408a60
0x00000001997c91d8:   b4000140 52802001 72a10001 a9417bfd
0x00000001997c91e8:   a8c24ff4 d50323ff ca1e07d0 b6f00050
0x00000001997c91f8:   d4388e20 1410a59d d2800000 a9417bfd
0x00000001997c9208:   a8c24ff4 d65f0fff 902b31c0 913dc000
0x00000001997c9218:   b02bae81 91048021 9410a9a4 17ffffe7
0x00000001997c9228:   d503237f d10083ff a9017bfd 910043fd
0x00000001997c9238:   f90007e0 39001fff 39001fff 9400000a
0x00000001997c9248:   12000008 7100051f 54000081 f94007e8
0x00000001997c9258:   39400108 39001fe8 a9417bfd 910083ff
0x00000001997c9268:   d65f0fff d503237f a9bf7bfd 910003fd
0x00000001997c9278:   902b31c8 f947c108 b100051f 540000a1
0x00000001997c9288:   902b31c8 397de100 a8c17bfd d65f0fff
0x00000001997c9298:   902b31c0 913e0000 b02bae81 91050021
0x00000001997c92a8:   9410a982 17fffff7 d503237f a9bf7bfd
0x00000001997c92b8:   910003fd d2800020 f2c1a040 f2e00140
0x00000001997c92c8:   9410a9aa 902b31c8 393de100 a8c17bfd
0x00000001997c92d8:   d65f0fff d503237f d100c3ff a9027bfd
0x00000001997c92e8:   910083fd f81f83a0 f9000be1 39003fff
0x00000001997c92f8:   39003fff 97ffffdc 12000008 7100051f
0x00000001997c9308:   540000c1 f85f83a8 f9400be9 8b090108
0x00000001997c9318:   39400108 39003fe8 a9427bfd 9100c3ff
0x00000001997c9328:   d65f0fff b40000e0 f9402808 90000230
0x00000001997c9338:   911b6210 dac123f0 eb10011f 54000060
0x00000001997c9348:   52800000 d65f03c0 52800020 d65f03c0 


Stack slot to memory mapping:
stack at sp + 0 slots: 0x000000012fe32f70 points into unknown readable memory: 0x000000004d555458 | 58 54 55 4d 00 00 00 00
stack at sp + 1 slots: 0x000000070cad82b8 is an unallocated location in the heap
stack at sp + 2 slots: 0x000000016f199a50 is pointing into the stack for thread: 0x000000014010b800
stack at sp + 3 slots: 0xbd0b0001997c90c4: CGDataProviderRetainBytePtr+0x10c in /System/Library/Frameworks/CoreGraphics.framework/Versions/A/CoreGraphics at 0x00000001997bc000
stack at sp + 4 slots: 0x0000000600000000 is an unknown value
stack at sp + 5 slots: 0x0000000100d04080 points into unknown readable memory: 0x0000000100000000 | 00 00 00 00 01 00 00 00
stack at sp + 6 slots: 0x0000000100d34a00 points into unknown readable memory: 0x0000000000000000 | 00 00 00 00 00 00 00 00
stack at sp + 7 slots: 0x0 is NULL


---------------  P R O C E S S  ---------------

Threads class SMR info:
_java_thread_list=0x000060000343cf20, length=22, elements={
0x0000000140814c00, 0x000000014090fc00, 0x0000000140912400, 0x0000000140914a00,
0x0000000140911a00, 0x0000000140916400, 0x000000014000f600, 0x000000014000fc00,
0x0000000140010e00, 0x0000000140015000, 0x00000001409aa000, 0x0000000140029400,
0x0000000140aa0800, 0x00000001380b4800, 0x000000014010b800, 0x0000000138350600,
0x0000000140cdc600, 0x0000000140180a00, 0x00000001401a1a00, 0x0000000140197e00,
0x000000012e809a00, 0x000000013845bc00
}

Java Threads: ( => current thread )
  0x0000000140814c00 JavaThread "main" [_thread_blocked, id=5379, stack(0x000000016f22c000,0x000000016f42f000)]
  0x000000014090fc00 JavaThread "Reference Handler" daemon [_thread_blocked, id=18947, stack(0x0000000170080000,0x0000000170283000)]
  0x0000000140912400 JavaThread "Finalizer" daemon [_thread_blocked, id=18435, stack(0x000000017028c000,0x000000017048f000)]
  0x0000000140914a00 JavaThread "Signal Dispatcher" daemon [_thread_blocked, id=23299, stack(0x00000001705b0000,0x00000001707b3000)]
  0x0000000140911a00 JavaThread "Service Thread" daemon [_thread_blocked, id=23555, stack(0x00000001707bc000,0x00000001709bf000)]
  0x0000000140916400 JavaThread "Monitor Deflation Thread" daemon [_thread_blocked, id=23811, stack(0x00000001709c8000,0x0000000170bcb000)]
  0x000000014000f600 JavaThread "C2 CompilerThread0" daemon [_thread_blocked, id=30979, stack(0x0000000170bd4000,0x0000000170dd7000)]
  0x000000014000fc00 JavaThread "C1 CompilerThread0" daemon [_thread_blocked, id=30723, stack(0x0000000170de0000,0x0000000170fe3000)]
  0x0000000140010e00 JavaThread "Sweeper thread" daemon [_thread_blocked, id=30467, stack(0x0000000170fec000,0x00000001711ef000)]
  0x0000000140015000 JavaThread "Common-Cleaner" daemon [_thread_blocked, id=24835, stack(0x00000001711f8000,0x00000001713fb000)]
  0x00000001409aa000 JavaThread "Notification Thread" daemon [_thread_blocked, id=29699, stack(0x0000000171404000,0x0000000171607000)]
  0x0000000140029400 JavaThread "JavaFX-Launcher" [_thread_blocked, id=29187, stack(0x000000017181c000,0x0000000171a1f000)]
  0x0000000140aa0800 JavaThread "QuantumRenderer-0" daemon [_thread_blocked, id=25603, stack(0x0000000171a28000,0x0000000171c2b000)]
  0x00000001380b4800 JavaThread "InvokeLaterDispatcher" daemon [_thread_blocked, id=36107, stack(0x0000000171c34000,0x0000000171e37000)]
=>0x000000014010b800 JavaThread "JavaFX Application Thread" [_thread_in_native, id=259, stack(0x000000016e9a4000,0x000000016f1a0000)]
  0x0000000138350600 JavaThread "PulseTimer-CVDisplayLink thread" daemon [_thread_in_native, id=53763, stack(0x000000017287c000,0x00000001728ff000)]
  0x0000000140cdc600 JavaThread "FXGL Background Thread 1" daemon [_thread_blocked, id=80903, stack(0x0000000172ba0000,0x0000000172da3000)]
  0x0000000140180a00 JavaThread "Prism Font Disposer" daemon [_thread_blocked, id=1823, stack(0x0000000172dac000,0x0000000172faf000)]
  0x00000001401a1a00 JavaThread "FXGL Background Thread 2" daemon [_thread_blocked, id=74503, stack(0x0000000172fb8000,0x00000001731bb000)]
  0x0000000140197e00 JavaThread "FXGL Background Thread 3" daemon [_thread_blocked, id=73479, stack(0x00000001731c4000,0x00000001733c7000)]
  0x000000012e809a00 JavaThread "FXGL Background Thread 4" daemon [_thread_blocked, id=73987, stack(0x00000001733d0000,0x00000001735d3000)]
  0x000000013845bc00 JavaThread "Cleaner-0" daemon [_thread_blocked, id=128771, stack(0x00000001739f4000,0x0000000173bf7000)]

Other Threads:
  0x000000014100e520 VMThread "VM Thread" [stack: 0x000000016fe74000,0x0000000170077000] [id=19203]
  0x0000000141033f60 WatcherThread [stack: 0x0000000171610000,0x0000000171813000] [id=25091]
  0x0000000141007290 GCTaskThread "GC Thread#0" [stack: 0x000000016f438000,0x000000016f63b000] [id=11779]
  0x0000000141041c80 GCTaskThread "GC Thread#1" [stack: 0x0000000171e40000,0x0000000172043000] [id=36611]
  0x0000000141041f30 GCTaskThread "GC Thread#2" [stack: 0x000000017204c000,0x000000017224f000] [id=40451]
  0x00000001410423b0 GCTaskThread "GC Thread#3" [stack: 0x0000000172258000,0x000000017245b000] [id=40195]
  0x0000000141042830 GCTaskThread "GC Thread#4" [stack: 0x0000000172464000,0x0000000172667000] [id=37379]
  0x0000000141042cb0 GCTaskThread "GC Thread#5" [stack: 0x0000000172670000,0x0000000172873000] [id=39683]
  0x0000000141050580 GCTaskThread "GC Thread#6" [stack: 0x00000001735dc000,0x00000001737df000] [id=129311]
  0x0000000141090ef0 GCTaskThread "GC Thread#7" [stack: 0x00000001737e8000,0x00000001739eb000] [id=88323]
  0x0000000141007940 ConcurrentGCThread "G1 Main Marker" [stack: 0x000000016f644000,0x000000016f847000] [id=12291]
  0x00000001410081c0 ConcurrentGCThread "G1 Conc#0" [stack: 0x000000016f850000,0x000000016fa53000] [id=13059]
  0x000000014112f970 ConcurrentGCThread "G1 Conc#1" [stack: 0x0000000173c00000,0x0000000173e03000] [id=128275]
  0x000000014100a030 ConcurrentGCThread "G1 Refine#0" [stack: 0x000000016fa5c000,0x000000016fc5f000] [id=16643]
  0x000000014100a8d0 ConcurrentGCThread "G1 Service" [stack: 0x000000016fc68000,0x000000016fe6b000] [id=16899]

Threads with active compile tasks:

VM state: not at safepoint (normal execution)

VM Mutex/Monitor currently owned by a thread: None

Heap address: 0x0000000700000000, size: 4096 MB, Compressed Oops mode: Zero based, Oop shift amount: 3

CDS archive(s) mapped at: [0x0000000800000000-0x0000000800bd8000-0x0000000800bd8000), size 12419072, SharedBaseAddress: 0x0000000800000000, ArchiveRelocationMode: 0.
Compressed class space mapped at: 0x0000000800c00000-0x0000000840c00000, reserved size: 1073741824
Narrow klass base: 0x0000000800000000, Narrow klass shift: 0, Narrow klass range: 0x100000000

GC Precious Log:
 CPUs: 8 total, 8 available
 Memory: 16384M
 Large Page Support: Disabled
 NUMA Support: Disabled
 Compressed Oops: Enabled (Zero based)
 Heap Region Size: 2M
 Heap Min Capacity: 8M
 Heap Initial Capacity: 256M
 Heap Max Capacity: 4G
 Pre-touch: Disabled
 Parallel Workers: 8
 Concurrent Workers: 2
 Concurrent Refinement Workers: 8
 Periodic GC: Disabled

Heap:
 garbage-first heap   total 69632K, used 32903K [0x0000000700000000, 0x0000000800000000)
  region size 2048K, 15 young (30720K), 5 survivors (10240K)
 Metaspace       used 25681K, committed 26048K, reserved 1073152K
  class space    used 3336K, committed 3520K, reserved 1048576K

Heap Regions: E=young(eden), S=young(survivor), O=old, HS=humongous(starts), HC=humongous(continues), CS=collection set, F=free, OA=open archive, CA=closed archive, TAMS=top-at-mark-start (previous, next)
|   0|0x0000000700000000, 0x000000070013f200, 0x0000000700200000| 62%| O|  |TAMS 0x000000070013f200, 0x0000000700000000| Complete 
|   1|0x0000000700200000, 0x0000000700400000, 0x0000000700400000|100%|HS|  |TAMS 0x0000000700400000, 0x0000000700200000| Complete 
|   2|0x0000000700400000, 0x0000000700400000, 0x0000000700600000|  0%| F|  |TAMS 0x0000000700400000, 0x0000000700400000| Untracked 
|   3|0x0000000700600000, 0x0000000700600000, 0x0000000700800000|  0%| F|  |TAMS 0x0000000700600000, 0x0000000700600000| Untracked 
|   4|0x0000000700800000, 0x0000000700800000, 0x0000000700a00000|  0%| F|  |TAMS 0x0000000700800000, 0x0000000700800000| Untracked 
|   5|0x0000000700a00000, 0x0000000700a00000, 0x0000000700c00000|  0%| F|  |TAMS 0x0000000700a00000, 0x0000000700a00000| Untracked 
|   6|0x0000000700c00000, 0x0000000700c00000, 0x0000000700e00000|  0%| F|  |TAMS 0x0000000700c00000, 0x0000000700c00000| Untracked 
|   7|0x0000000700e00000, 0x0000000700e00000, 0x0000000701000000|  0%| F|  |TAMS 0x0000000700e00000, 0x0000000700e00000| Untracked 
|   8|0x0000000701000000, 0x0000000701000000, 0x0000000701200000|  0%| F|  |TAMS 0x0000000701000000, 0x0000000701000000| Untracked 
|   9|0x0000000701200000, 0x0000000701200000, 0x0000000701400000|  0%| F|  |TAMS 0x0000000701200000, 0x0000000701200000| Untracked 
|  10|0x0000000701400000, 0x0000000701400000, 0x0000000701600000|  0%| F|  |TAMS 0x0000000701400000, 0x0000000701400000| Untracked 
|  11|0x0000000701600000, 0x0000000701600000, 0x0000000701800000|  0%| F|  |TAMS 0x0000000701600000, 0x0000000701600000| Untracked 
|  12|0x0000000701800000, 0x0000000701800000, 0x0000000701a00000|  0%| F|  |TAMS 0x0000000701800000, 0x0000000701800000| Untracked 
|  13|0x0000000701a00000, 0x0000000701a00000, 0x0000000701c00000|  0%| F|  |TAMS 0x0000000701a00000, 0x0000000701a00000| Untracked 
|  14|0x0000000701c00000, 0x0000000701c00000, 0x0000000701e00000|  0%| F|  |TAMS 0x0000000701c00000, 0x0000000701c00000| Untracked 
|  15|0x0000000701e00000, 0x0000000701e00000, 0x0000000702000000|  0%| F|  |TAMS 0x0000000701e00000, 0x0000000701e00000| Untracked 
|  16|0x0000000702000000, 0x0000000702000000, 0x0000000702200000|  0%| F|  |TAMS 0x0000000702000000, 0x0000000702000000| Untracked 
|  17|0x0000000702200000, 0x0000000702379ad8, 0x0000000702400000| 73%| E|  |TAMS 0x0000000702200000, 0x0000000702200000| Complete 
|  18|0x0000000702400000, 0x0000000702600000, 0x0000000702600000|100%| E|CS|TAMS 0x0000000702400000, 0x0000000702400000| Complete 
|  19|0x0000000702600000, 0x0000000702800000, 0x0000000702800000|100%| E|CS|TAMS 0x0000000702600000, 0x0000000702600000| Complete 
|  20|0x0000000702800000, 0x0000000702a00000, 0x0000000702a00000|100%| E|CS|TAMS 0x0000000702800000, 0x0000000702800000| Complete 
|  21|0x0000000702a00000, 0x0000000702c00000, 0x0000000702c00000|100%| E|CS|TAMS 0x0000000702a00000, 0x0000000702a00000| Complete 
|  22|0x0000000702c00000, 0x0000000702e00000, 0x0000000702e00000|100%| E|CS|TAMS 0x0000000702c00000, 0x0000000702c00000| Complete 
|  23|0x0000000702e00000, 0x0000000703000000, 0x0000000703000000|100%| E|CS|TAMS 0x0000000702e00000, 0x0000000702e00000| Complete 
|  24|0x0000000703000000, 0x0000000703200000, 0x0000000703200000|100%| E|CS|TAMS 0x0000000703000000, 0x0000000703000000| Complete 
|  25|0x0000000703200000, 0x0000000703400000, 0x0000000703400000|100%| E|CS|TAMS 0x0000000703200000, 0x0000000703200000| Complete 
| 120|0x000000070f000000, 0x000000070f0eab20, 0x000000070f200000| 45%| S|CS|TAMS 0x000000070f000000, 0x000000070f000000| Complete 
| 121|0x000000070f200000, 0x000000070f400000, 0x000000070f400000|100%| S|CS|TAMS 0x000000070f200000, 0x000000070f200000| Complete 
| 122|0x000000070f400000, 0x000000070f600000, 0x000000070f600000|100%| S|CS|TAMS 0x000000070f400000, 0x000000070f400000| Complete 
| 123|0x000000070f600000, 0x000000070f800000, 0x000000070f800000|100%| S|CS|TAMS 0x000000070f600000, 0x000000070f600000| Complete 
| 124|0x000000070f800000, 0x000000070fa00000, 0x000000070fa00000|100%| S|CS|TAMS 0x000000070f800000, 0x000000070f800000| Complete 
| 127|0x000000070fe00000, 0x0000000710000000, 0x0000000710000000|100%| E|CS|TAMS 0x000000070fe00000, 0x000000070fe00000| Complete 
|2046|0x00000007ffc00000, 0x00000007ffd78000, 0x00000007ffe00000| 73%|OA|  |TAMS 0x00000007ffd78000, 0x00000007ffc00000| Untracked 
|2047|0x00000007ffe00000, 0x00000007ffe80000, 0x0000000800000000| 25%|CA|  |TAMS 0x00000007ffe80000, 0x00000007ffe00000| Untracked 

Card table byte_map: [0x0000000119344000,0x0000000119b44000] _byte_map_base: 0x0000000115b44000

Marking Bits (Prev, Next): (CMBitMap*) 0x0000000140841650, (CMBitMap*) 0x0000000140841610
 Prev Bits: [0x000000011e344000, 0x0000000122344000)
 Next Bits: [0x000000011a344000, 0x000000011e344000)

Polling page: 0x0000000100cb8000

Metaspace:

Usage:
  Non-class:     21.82 MB used.
      Class:      3.26 MB used.
       Both:     25.08 MB used.

Virtual space:
  Non-class space:       24.00 MB reserved,      22.00 MB ( 92%) committed,  3 nodes.
      Class space:        1.00 GB reserved,       3.44 MB ( <1%) committed,  1 nodes.
             Both:        1.02 GB reserved,      25.44 MB (  2%) committed. 

Chunk freelists:
   Non-Class:  1.28 MB
       Class:  543.00 KB
        Both:  1.81 MB

MaxMetaspaceSize: unlimited
CompressedClassSpaceSize: 1.00 GB
Initial GC threshold: 21.00 MB
Current GC threshold: 35.12 MB
CDS: on
MetaspaceReclaimPolicy: balanced
 - commit_granule_bytes: 65536.
 - commit_granule_words: 8192.
 - virtual_space_node_default_size: 1048576.
 - enlarge_chunks_in_place: 1.
 - new_chunks_are_fully_committed: 0.
 - uncommit_free_chunks: 1.
 - use_allocation_guard: 0.
 - handle_deallocations: 1.


Internal statistics:

num_allocs_failed_limit: 3.
num_arena_births: 348.
num_arena_deaths: 0.
num_vsnodes_births: 4.
num_vsnodes_deaths: 0.
num_space_committed: 407.
num_space_uncommitted: 0.
num_chunks_returned_to_freelist: 3.
num_chunks_taken_from_freelist: 1072.
num_chunk_merges: 3.
num_chunk_splits: 755.
num_chunks_enlarged: 574.
num_purges: 0.
num_inconsistent_stats: 0.

CodeHeap 'non-profiled nmethods': size=120032Kb used=1578Kb max_used=1578Kb free=118454Kb
 bounds [0x0000000111e0c000, 0x000000011207c000, 0x0000000119344000]
CodeHeap 'profiled nmethods': size=120016Kb used=7935Kb max_used=7935Kb free=112080Kb
 bounds [0x000000010a8d8000, 0x000000010b098000, 0x0000000111e0c000]
CodeHeap 'non-nmethods': size=5712Kb used=1475Kb max_used=1569Kb free=4236Kb
 bounds [0x000000010a344000, 0x000000010a5b4000, 0x000000010a8d8000]
 total_blobs=4701 nmethods=3810 adapters=806
 compilation: enabled
              stopped_count=0, restarted_count=0
 full_count=0

Compilation events (20 events):
Event: 5.995 Thread 0x000000014000f600 3963       4       javafx.css.CssLexer$$Lambda$220/0x0000000800d8b740::recognize (5 bytes)
Event: 5.995 Thread 0x000000014000f600 nmethod 3963 0x0000000111f94690 code [0x0000000111f94800, 0x0000000111f948a0]
Event: 5.995 Thread 0x000000014000f600 3957       4       com.sun.javafx.logging.PlatformLogger::getSystemLoggerLevel (92 bytes)
Event: 5.995 Thread 0x000000014000f600 nmethod 3957 0x0000000111f94990 code [0x0000000111f94b40, 0x0000000111f94c90]
Event: 5.995 Thread 0x000000014000f600 3954       4       java.lang.String::endsWith (15 bytes)
Event: 5.996 Thread 0x000000014000fc00 nmethod 3958 0x000000010b075310 code [0x000000010b075a40, 0x000000010b078eb8]
Event: 5.996 Thread 0x000000014000fc00 3960       3       javafx.css.CssParser::valueFor (962 bytes)
Event: 6.000 Thread 0x000000014000fc00 nmethod 3960 0x000000010b079e10 code [0x000000010b07ad40, 0x000000010b07fd98]
Event: 6.000 Thread 0x000000014000fc00 3974       3       java.util.WeakHashMap::get (75 bytes)
Event: 6.000 Thread 0x000000014000f600 nmethod 3954 0x0000000111f94d90 code [0x0000000111f94f40, 0x0000000111f95200]
Event: 6.000 Thread 0x000000014000f600 3971       4       com.sun.javafx.css.StyleClassSet::getIndex (9 bytes)
Event: 6.001 Thread 0x000000014000fc00 nmethod 3974 0x000000010b081790 code [0x000000010b081a00, 0x000000010b0823a8]
Event: 6.001 Thread 0x000000014000fc00 3968       3       java.time.format.DateTimeFormatterBuilder$NumberPrinterParser::format (365 bytes)
Event: 6.001 Thread 0x000000014000f600 nmethod 3971 0x0000000111f95410 code [0x0000000111f955c0, 0x0000000111f956c0]
Event: 6.001 Thread 0x000000014000f600 3973       4       java.lang.ref.Reference::refersToImpl (6 bytes)
Event: 6.001 Thread 0x000000014000f600 nmethod 3973 0x0000000111f95790 code [0x0000000111f95900, 0x0000000111f959a0]
Event: 6.001 Thread 0x000000014000f600 3977       4       javafx.beans.binding.DoubleExpression::getValue (8 bytes)
Event: 6.002 Thread 0x000000014000f600 nmethod 3977 0x0000000111f95a90 code [0x0000000111f95c40, 0x0000000111f95d80]
Event: 6.002 Thread 0x000000014000f600 3978       4       com.sun.javafx.UnmodifiableArrayList::get (7 bytes)
Event: 6.003 Thread 0x000000014000f600 nmethod 3978 0x0000000111f95e90 code [0x0000000111f96040, 0x0000000111f96140]

GC Heap History (6 events):
Event: 0.246 GC heap before
{Heap before GC invocations=0 (full 0):
 garbage-first heap   total 266240K, used 22496K [0x0000000700000000, 0x0000000800000000)
  region size 2048K, 11 young (22528K), 0 survivors (0K)
 Metaspace       used 5380K, committed 5504K, reserved 1056768K
  class space    used 508K, committed 576K, reserved 1048576K
}
Event: 0.247 GC heap after
{Heap after GC invocations=1 (full 0):
 garbage-first heap   total 266240K, used 4839K [0x0000000700000000, 0x0000000800000000)
  region size 2048K, 2 young (4096K), 2 survivors (4096K)
 Metaspace       used 5380K, committed 5504K, reserved 1056768K
  class space    used 508K, committed 576K, reserved 1048576K
}
Event: 0.755 GC heap before
{Heap before GC invocations=1 (full 0):
 garbage-first heap   total 266240K, used 56039K [0x0000000700000000, 0x0000000800000000)
  region size 2048K, 28 young (57344K), 2 survivors (4096K)
 Metaspace       used 19347K, committed 19648K, reserved 1073152K
  class space    used 2642K, committed 2816K, reserved 1048576K
}
Event: 0.760 GC heap after
{Heap after GC invocations=2 (full 0):
 garbage-first heap   total 266240K, used 11484K [0x0000000700000000, 0x0000000800000000)
  region size 2048K, 4 young (8192K), 4 survivors (8192K)
 Metaspace       used 19347K, committed 19648K, reserved 1073152K
  class space    used 2642K, committed 2816K, reserved 1048576K
}
Event: 0.814 GC heap before
{Heap before GC invocations=2 (full 0):
 garbage-first heap   total 266240K, used 17628K [0x0000000700000000, 0x0000000800000000)
  region size 2048K, 7 young (14336K), 4 survivors (8192K)
 Metaspace       used 21199K, committed 21568K, reserved 1073152K
  class space    used 2832K, committed 3008K, reserved 1048576K
}
Event: 0.818 GC heap after
{Heap after GC invocations=3 (full 0):
 garbage-first heap   total 266240K, used 14471K [0x0000000700000000, 0x0000000800000000)
  region size 2048K, 5 young (10240K), 5 survivors (10240K)
 Metaspace       used 21199K, committed 21568K, reserved 1073152K
  class space    used 2832K, committed 3008K, reserved 1048576K
}

Deoptimization events (20 events):
Event: 5.677 Thread 0x0000000140aa0800 DEOPT PACKING pc=0x0000000111f4b69c sp=0x0000000171c295a0
Event: 5.677 Thread 0x0000000140aa0800 DEOPT UNPACKING pc=0x000000010a382d1c sp=0x0000000171c29520 mode 2
Event: 5.678 Thread 0x0000000140aa0800 Uncommon trap: trap_request=0xffffff45 fr.pc=0x0000000111f88cf0 relative=0x0000000000000070
Event: 5.678 Thread 0x0000000140aa0800 Uncommon trap: reason=unstable_if action=reinterpret pc=0x0000000111f88cf0 method=java.lang.Math.round(F)I @ 36 c2
Event: 5.678 Thread 0x0000000140aa0800 DEOPT PACKING pc=0x0000000111f88cf0 sp=0x0000000171c27570
Event: 5.678 Thread 0x0000000140aa0800 DEOPT UNPACKING pc=0x000000010a382d1c sp=0x0000000171c274e0 mode 2
Event: 5.992 Thread 0x000000014010b800 DEOPT PACKING pc=0x000000010adb6be4 sp=0x000000016f1982d0
Event: 5.992 Thread 0x000000014010b800 DEOPT UNPACKING pc=0x000000010a382b7c sp=0x000000016f197f80 mode 0
Event: 6.001 Thread 0x0000000140aa0800 Uncommon trap: trap_request=0xffffff45 fr.pc=0x0000000111f89558 relative=0x0000000000000218
Event: 6.001 Thread 0x0000000140aa0800 Uncommon trap: reason=unstable_if action=reinterpret pc=0x0000000111f89558 method=com.sun.marlin.Renderer.curveBreakIntoLinesAndAdd(DDLcom/sun/marlin/Curve;DD)V @ 176 c2
Event: 6.001 Thread 0x0000000140aa0800 DEOPT PACKING pc=0x0000000111f89558 sp=0x0000000171c287f0
Event: 6.001 Thread 0x0000000140aa0800 DEOPT UNPACKING pc=0x000000010a382d1c sp=0x0000000171c286d0 mode 2
Event: 6.002 Thread 0x0000000140aa0800 Uncommon trap: trap_request=0xffffff45 fr.pc=0x0000000111f7d230 relative=0x0000000000002a70
Event: 6.002 Thread 0x0000000140aa0800 Uncommon trap: reason=unstable_if action=reinterpret pc=0x0000000111f7d230 method=com.sun.marlin.MaskMarlinAlphaConsumer.setAndClearRelativeAlphas([IIII)V @ 69 c2
Event: 6.002 Thread 0x0000000140aa0800 DEOPT PACKING pc=0x0000000111f7d230 sp=0x0000000171c28ab0
Event: 6.002 Thread 0x0000000140aa0800 DEOPT UNPACKING pc=0x000000010a382d1c sp=0x0000000171c28750 mode 2
Event: 6.002 Thread 0x0000000140aa0800 Uncommon trap: trap_request=0xffffff45 fr.pc=0x0000000111f6f004 relative=0x0000000000000604
Event: 6.002 Thread 0x0000000140aa0800 Uncommon trap: reason=unstable_if action=reinterpret pc=0x0000000111f6f004 method=com.sun.marlin.MaskMarlinAlphaConsumer.setAndClearRelativeAlphas([IIII)V @ 69 c2
Event: 6.002 Thread 0x0000000140aa0800 DEOPT PACKING pc=0x0000000111f6f004 sp=0x0000000171c28870
Event: 6.002 Thread 0x0000000140aa0800 DEOPT UNPACKING pc=0x000000010a382d1c sp=0x0000000171c28730 mode 2

Classes unloaded (0 events):
No events

Classes redefined (0 events):
No events

Internal exceptions (20 events):
Event: 0.647 Thread 0x000000012e809a00 Exception <a 'java/lang/NoSuchMethodError'{0x000000070d29cda0}: 'java.lang.Object java.lang.invoke.DirectMethodHandle$Holder.newInvokeSpecial(java.lang.Object, java.lang.Object, java.lang.Object, java.lang.Object, java.lang.Object, java.lang.Object)'> (0x000000070d29cda0) 
thrown [open/src/hotspot/share/interpreter/linkResolver.cpp, line 759]
Event: 0.678 Thread 0x00000001401a1a00 Exception <a 'java/lang/NoSuchMethodError'{0x000000070d087498}: 'int java.lang.invoke.DirectMethodHandle$Holder.invokeStatic(java.lang.Object, java.lang.Object, java.lang.Object, java.lang.Object)'> (0x000000070d087498) 
thrown [open/src/hotspot/share/interpreter/linkResolver.cpp, line 759]
Event: 0.679 Thread 0x00000001401a1a00 Exception <a 'java/lang/NoSuchMethodError'{0x000000070d08aca0}: 'int java.lang.invoke.DirectMethodHandle$Holder.invokeStaticInit(java.lang.Object, java.lang.Object, java.lang.Object, java.lang.Object)'> (0x000000070d08aca0) 
thrown [open/src/hotspot/share/interpreter/linkResolver.cpp, line 759]
Event: 0.680 Thread 0x00000001401a1a00 Exception <a 'java/lang/NoSuchMethodError'{0x000000070d094248}: 'java.lang.Object java.lang.invoke.DirectMethodHandle$Holder.invokeInterface(java.lang.Object, java.lang.Object)'> (0x000000070d094248) 
thrown [open/src/hotspot/share/interpreter/linkResolver.cpp, line 759]
Event: 0.680 Thread 0x00000001401a1a00 Exception <a 'java/lang/IncompatibleClassChangeError'{0x000000070d097a40}: Found class java.lang.Object, but interface was expected> (0x000000070d097a40) 
thrown [open/src/hotspot/share/interpreter/linkResolver.cpp, line 826]
Event: 0.715 Thread 0x000000014010b800 Exception <a 'java/lang/NoSuchMethodError'{0x000000070ce49b90}: 'long java.lang.invoke.DirectMethodHandle$Holder.invokeStatic(java.lang.Object, java.lang.Object, java.lang.Object)'> (0x000000070ce49b90) 
thrown [open/src/hotspot/share/interpreter/linkResolver.cpp, line 759]
Event: 0.715 Thread 0x000000014010b800 Exception <a 'java/lang/NoSuchMethodError'{0x000000070ce4d338}: 'long java.lang.invoke.DirectMethodHandle$Holder.invokeStaticInit(java.lang.Object, java.lang.Object, java.lang.Object)'> (0x000000070ce4d338) 
thrown [open/src/hotspot/share/interpreter/linkResolver.cpp, line 759]
Event: 0.716 Thread 0x000000014010b800 Exception <a 'java/lang/NoSuchMethodError'{0x000000070ce652b8}: 'java.lang.Object java.lang.invoke.DirectMethodHandle$Holder.newInvokeSpecial(java.lang.Object, java.lang.Object, long)'> (0x000000070ce652b8) 
thrown [open/src/hotspot/share/interpreter/linkResolver.cpp, line 759]
Event: 0.716 Thread 0x000000014010b800 Exception <a 'java/lang/NoSuchMethodError'{0x000000070ce68b80}: 'java.lang.Object java.lang.invoke.Invokers$Holder.linkToTargetMethod(java.lang.Object, long, java.lang.Object)'> (0x000000070ce68b80) 
thrown [open/src/hotspot/share/interpreter/linkResolver.cpp, line 759]
Event: 0.725 Thread 0x000000014010b800 Exception <a 'java/lang/NoSuchMethodError'{0x000000070cc19f30}: 'void java.lang.invoke.DirectMethodHandle$Holder.invokeSpecial(java.lang.Object, java.lang.Object, java.lang.Object, java.lang.Object, java.lang.Object)'> (0x000000070cc19f30) 
thrown [open/src/hotspot/share/interpreter/linkResolver.cpp, line 759]
Event: 0.726 Thread 0x000000014010b800 Exception <a 'java/lang/NoSuchMethodError'{0x000000070cc2a2e8}: 'java.lang.Object java.lang.invoke.DirectMethodHandle$Holder.invokeInterface(java.lang.Object, java.lang.Object, java.lang.Object)'> (0x000000070cc2a2e8) 
thrown [open/src/hotspot/share/interpreter/linkResolver.cpp, line 759]
Event: 0.726 Thread 0x000000014010b800 Exception <a 'java/lang/IncompatibleClassChangeError'{0x000000070cc2d9b0}: Found class java.lang.Object, but interface was expected> (0x000000070cc2d9b0) 
thrown [open/src/hotspot/share/interpreter/linkResolver.cpp, line 826]
Event: 0.792 Thread 0x00000001401a1a00 Exception <a 'java/lang/ClassNotFoundException'{0x000000070febf358}: jdk/net/ExtendedSocketOptions> (0x000000070febf358) 
thrown [open/src/hotspot/share/classfile/systemDictionary.cpp, line 256]
Event: 2.074 Thread 0x000000014010b800 Exception <a 'java/lang/ClassNotFoundException'{0x0000000702a041c8}: com/sun/javafx/scene/control/skin/resources/controls> (0x0000000702a041c8) 
thrown [open/src/hotspot/share/prims/jni.cpp, line 535]
Event: 2.075 Thread 0x000000014010b800 Exception <a 'java/lang/ClassNotFoundException'{0x0000000702a12160}: com/sun/javafx/scene/control/skin/resources/controls_en> (0x0000000702a12160) 
thrown [open/src/hotspot/share/prims/jni.cpp, line 535]
Event: 2.075 Thread 0x000000014010b800 Exception <a 'java/lang/ClassNotFoundException'{0x0000000702a13810}: com/sun/javafx/scene/control/skin/resources/controls_en_GB> (0x0000000702a13810) 
thrown [open/src/hotspot/share/prims/jni.cpp, line 535]
Event: 5.435 Thread 0x0000000140aa0800 Exception <a 'java/lang/NoSuchMethodError'{0x000000070242ecc8}: 'java.lang.Object java.lang.invoke.DirectMethodHandle$Holder.invokeStaticInit(java.lang.Object, int)'> (0x000000070242ecc8) 
thrown [open/src/hotspot/share/interpreter/linkResolver.cpp, line 759]
Event: 5.913 Thread 0x000000014010b800 Exception <a 'java/lang/NoSuchMethodError'{0x00000007025a2378}: 'java.lang.Object java.lang.invoke.DirectMethodHandle$Holder.newInvokeSpecial(java.lang.Object, java.lang.Object, int, int, int, int, int, java.lang.Object)'> (0x00000007025a2378) 
thrown [open/src/hotspot/share/interpreter/linkResolver.cpp, line 759]
Event: 5.914 Thread 0x000000014010b800 Exception <a 'java/lang/NoSuchMethodError'{0x00000007025b5358}: 'java.lang.Object java.lang.invoke.DirectMethodHandle$Holder.newInvokeSpecial(java.lang.Object, java.lang.Object, java.lang.Object, int, int, int, int, int)'> (0x00000007025b5358) 
thrown [open/src/hotspot/share/interpreter/linkResolver.cpp, line 759]
Event: 5.914 Thread 0x000000014010b800 Exception <a 'java/lang/NoSuchMethodError'{0x00000007025bcbb8}: 'java.lang.Object java.lang.invoke.Invokers$Holder.linkToTargetMethod(java.lang.Object, java.lang.Object, int, int, int, int, int, java.lang.Object)'> (0x00000007025bcbb8) 
thrown [open/src/hotspot/share/interpreter/linkResolver.cpp, line 759]

VM Operations (20 events):
Event: 1.005 Executing VM operation: HandshakeAllThreads
Event: 1.005 Executing VM operation: HandshakeAllThreads done
Event: 1.129 Executing VM operation: ICBufferFull
Event: 1.129 Executing VM operation: ICBufferFull done
Event: 1.993 Executing VM operation: ICBufferFull
Event: 1.993 Executing VM operation: ICBufferFull done
Event: 2.083 Executing VM operation: ICBufferFull
Event: 2.083 Executing VM operation: ICBufferFull done
Event: 3.083 Executing VM operation: Cleanup
Event: 3.083 Executing VM operation: Cleanup done
Event: 3.926 Executing VM operation: ICBufferFull
Event: 3.926 Executing VM operation: ICBufferFull done
Event: 4.731 Executing VM operation: ICBufferFull
Event: 4.731 Executing VM operation: ICBufferFull done
Event: 4.777 Executing VM operation: HandshakeAllThreads
Event: 4.777 Executing VM operation: HandshakeAllThreads done
Event: 5.434 Executing VM operation: ICBufferFull
Event: 5.435 Executing VM operation: ICBufferFull done
Event: 5.915 Executing VM operation: ICBufferFull
Event: 5.916 Executing VM operation: ICBufferFull done

Events (20 events):
Event: 1.005 Protecting memory [0x0000000174018000,0x0000000174024000] with protection modes 0
Event: 1.005 loading class sun/net/www/http/ClientVector done
Event: 1.005 loading class sun/net/www/http/KeepAliveEntry
Event: 1.005 loading class sun/net/www/http/KeepAliveEntry done
Event: 2.084 loading class java/lang/Class$AnnotationData
Event: 2.084 loading class java/lang/Class$AnnotationData done
Event: 2.084 loading class sun/reflect/annotation/AnnotationSupport
Event: 2.084 loading class sun/reflect/annotation/AnnotationSupport done
Event: 2.084 loading class java/lang/annotation/Repeatable
Event: 2.084 loading class java/lang/annotation/Repeatable done
Event: 2.084 loading class java/lang/annotation/ElementType
Event: 2.085 loading class java/lang/annotation/ElementType done
Event: 2.085 loading class java/lang/annotation/Documented
Event: 2.085 loading class java/lang/annotation/Documented done
Event: 4.621 loading class java/lang/FdLibm$Hypot
Event: 4.621 loading class java/lang/FdLibm$Hypot done
Event: 4.621 loading class java/lang/FdLibm
Event: 4.621 loading class java/lang/FdLibm done
Event: 4.629 loading class java/lang/FdLibm$Cbrt
Event: 4.629 loading class java/lang/FdLibm$Cbrt done


Dynamic libraries:
0x0000000100d14000 	/Library/Java/JavaVirtualMachines/jdk-17.0.4.1.jdk/Contents/Home/lib/libjli.dylib
0x000000019fc3b000 	/usr/lib/libz.1.dylib
0x000000019fcf5000 	/usr/lib/libSystem.B.dylib
0x000000019fcef000 	/usr/lib/system/libcache.dylib
0x000000019fca8000 	/usr/lib/system/libcommonCrypto.dylib
0x000000019fcd6000 	/usr/lib/system/libcompiler_rt.dylib
0x000000019fccc000 	/usr/lib/system/libcopyfile.dylib
0x0000000194497000 	/usr/lib/system/libcorecrypto.dylib
0x000000019454f000 	/usr/lib/system/libdispatch.dylib
0x00000001946e0000 	/usr/lib/system/libdyld.dylib
0x000000019fce5000 	/usr/lib/system/libkeymgr.dylib
0x000000019fc86000 	/usr/lib/system/libmacho.dylib
0x000000019f362000 	/usr/lib/system/libquarantine.dylib
0x000000019fce2000 	/usr/lib/system/libremovefile.dylib
0x000000019936f000 	/usr/lib/system/libsystem_asl.dylib
0x0000000194435000 	/usr/lib/system/libsystem_blocks.dylib
0x000000019459a000 	/usr/lib/system/libsystem_c.dylib
0x000000019fcda000 	/usr/lib/system/libsystem_collections.dylib
0x000000019e88b000 	/usr/lib/system/libsystem_configuration.dylib
0x000000019d915000 	/usr/lib/system/libsystem_containermanager.dylib
0x000000019f997000 	/usr/lib/system/libsystem_coreservices.dylib
0x000000019750c000 	/usr/lib/system/libsystem_darwin.dylib
0x000000019fce6000 	/usr/lib/system/libsystem_dnssd.dylib
0x0000000194597000 	/usr/lib/system/libsystem_featureflags.dylib
0x000000019470c000 	/usr/lib/system/libsystem_info.dylib
0x000000019fc4d000 	/usr/lib/system/libsystem_m.dylib
0x0000000194523000 	/usr/lib/system/libsystem_malloc.dylib
0x00000001992ef000 	/usr/lib/system/libsystem_networkextension.dylib
0x0000000197976000 	/usr/lib/system/libsystem_notify.dylib
0x000000019e890000 	/usr/lib/system/libsystem_sandbox.dylib
0x000000019fcdf000 	/usr/lib/system/libsystem_secinit.dylib
0x000000019469a000 	/usr/lib/system/libsystem_kernel.dylib
0x0000000194704000 	/usr/lib/system/libsystem_platform.dylib
0x00000001946d3000 	/usr/lib/system/libsystem_pthread.dylib
0x000000019ab3e000 	/usr/lib/system/libsystem_symptoms.dylib
0x000000019447d000 	/usr/lib/system/libsystem_trace.dylib
0x000000019fcb9000 	/usr/lib/system/libunwind.dylib
0x000000019443a000 	/usr/lib/system/libxpc.dylib
0x0000000194682000 	/usr/lib/libc++abi.dylib
0x0000000194364000 	/usr/lib/libobjc.A.dylib
0x000000019fcc4000 	/usr/lib/liboah.dylib
0x000000019461b000 	/usr/lib/libc++.1.dylib
0x00000001ababc000 	/System/Library/Frameworks/Cocoa.framework/Versions/A/Cocoa
0x00000001979d7000 	/System/Library/Frameworks/AppKit.framework/Versions/C/AppKit
0x000000019a371000 	/System/Library/Frameworks/CoreData.framework/Versions/A/CoreData
0x0000000195663000 	/System/Library/Frameworks/Foundation.framework/Versions/C/Foundation
0x00000001988df000 	/System/Library/PrivateFrameworks/UIFoundation.framework/Versions/A/UIFoundation
0x00000001ff37f000 	/System/Library/PrivateFrameworks/CollectionViewCore.framework/Versions/A/CollectionViewCore
0x00000001a5f7d000 	/System/Library/PrivateFrameworks/RemoteViewServices.framework/Versions/A/RemoteViewServices
0x000000019e145000 	/System/Library/PrivateFrameworks/XCTTargetBootstrap.framework/Versions/A/XCTTargetBootstrap
0x00000001a1a87000 	/System/Library/PrivateFrameworks/InternationalSupport.framework/Versions/A/InternationalSupport
0x00000001a1b0e000 	/System/Library/PrivateFrameworks/UserActivity.framework/Versions/A/UserActivity
0x0000000215f48000 	/System/Library/PrivateFrameworks/WindowManagement.framework/Versions/A/WindowManagement
0x000000019532d000 	/System/Library/Frameworks/SystemConfiguration.framework/Versions/A/SystemConfiguration
0x00000001a0f8c000 	/usr/lib/libspindump.dylib
0x0000000198a84000 	/System/Library/Frameworks/UniformTypeIdentifiers.framework/Versions/A/UniformTypeIdentifiers
0x000000019c470000 	/usr/lib/libapp_launch_measurement.dylib
0x000000019b922000 	/System/Library/PrivateFrameworks/CoreAnalytics.framework/Versions/A/CoreAnalytics
0x000000019c477000 	/System/Library/PrivateFrameworks/CoreAutoLayout.framework/Versions/A/CoreAutoLayout
0x000000019d967000 	/System/Library/Frameworks/Metal.framework/Versions/A/Metal
0x000000019e89c000 	/usr/lib/liblangid.dylib
0x000000019e14b000 	/System/Library/PrivateFrameworks/CoreSVG.framework/Versions/A/CoreSVG
0x00000001993a5000 	/System/Library/PrivateFrameworks/SkyLight.framework/Versions/A/SkyLight
0x00000001997bc000 	/System/Library/Frameworks/CoreGraphics.framework/Versions/A/CoreGraphics
0x00000001a664c000 	/System/Library/Frameworks/Accelerate.framework/Versions/A/Accelerate
0x00000001a09fa000 	/System/Library/PrivateFrameworks/IconServices.framework/Versions/A/IconServices
0x000000019d947000 	/System/Library/Frameworks/IOSurface.framework/Versions/A/IOSurface
0x000000019b94f000 	/usr/lib/libDiagnosticMessagesClient.dylib
0x00000001a98a8000 	/System/Library/Frameworks/ApplicationServices.framework/Versions/A/ApplicationServices
0x000000019e12d000 	/System/Library/PrivateFrameworks/DFRFoundation.framework/Versions/A/DFRFoundation
0x0000000197255000 	/usr/lib/libicucore.A.dylib
0x00000001a2a16000 	/System/Library/Frameworks/AudioToolbox.framework/Versions/A/AudioToolbox
0x00000001a1a92000 	/System/Library/PrivateFrameworks/DataDetectorsCore.framework/Versions/A/DataDetectorsCore
0x00000001b8a9e000 	/System/Library/PrivateFrameworks/TextInput.framework/Versions/A/TextInput
0x000000019930a000 	/usr/lib/libMobileGestalt.dylib
0x000000019ddf9000 	/System/Library/Frameworks/Carbon.framework/Versions/A/Frameworks/HIToolbox.framework/Versions/A/HIToolbox
0x000000019bdfa000 	/System/Library/Frameworks/QuartzCore.framework/Versions/A/QuartzCore
0x0000000196eb2000 	/System/Library/Frameworks/Security.framework/Versions/A/Security
0x00000001a5fbd000 	/System/Library/Frameworks/Carbon.framework/Versions/A/Frameworks/SpeechRecognition.framework/Versions/A/SpeechRecognition
0x000000019c1af000 	/System/Library/PrivateFrameworks/CoreUI.framework/Versions/A/CoreUI
0x00000001967d2000 	/System/Library/Frameworks/CoreAudio.framework/Versions/A/CoreAudio
0x000000019ba2b000 	/System/Library/Frameworks/DiskArbitration.framework/Versions/A/DiskArbitration
0x00000001a13bf000 	/System/Library/PrivateFrameworks/MultitouchSupport.framework/Versions/A/MultitouchSupport
0x0000000199308000 	/usr/lib/libenergytrace.dylib
0x000000019789a000 	/System/Library/Frameworks/IOKit.framework/Versions/A/IOKit
0x00000001a63a0000 	/System/Library/Frameworks/CoreServices.framework/Versions/A/CoreServices
0x000000019c3fd000 	/System/Library/PrivateFrameworks/PerformanceAnalysis.framework/Versions/A/PerformanceAnalysis
0x00000001e2a21000 	/System/Library/Frameworks/OpenGL.framework/Versions/A/OpenGL
0x000000019c4c1000 	/usr/lib/libxml2.2.dylib
0x000000019f269000 	/System/Library/PrivateFrameworks/MobileKeyBag.framework/Versions/A/MobileKeyBag
0x0000000199e06000 	/System/Library/Frameworks/ColorSync.framework/Versions/A/ColorSync
0x0000000194738000 	/System/Library/Frameworks/CoreFoundation.framework/Versions/A/CoreFoundation
0x000000019e4c3000 	/System/Library/Frameworks/CoreImage.framework/Versions/A/CoreImage
0x00000001965f3000 	/System/Library/Frameworks/CoreText.framework/Versions/A/CoreText
0x000000019e184000 	/System/Library/Frameworks/ImageIO.framework/Versions/A/ImageIO
0x000000019fcfb000 	/System/Library/PrivateFrameworks/SoftLinking.framework/Versions/A/SoftLinking
0x000000019ff8e000 	/usr/lib/libcompression.dylib
0x00000001a19e3000 	/System/Library/PrivateFrameworks/TextureIO.framework/Versions/A/TextureIO
0x00000001a06cc000 	/usr/lib/libate.dylib
0x00000001a058b000 	/usr/lib/liblzma.5.dylib
0x000000019fcf7000 	/usr/lib/libfakelink.dylib
0x0000000198f2f000 	/System/Library/Frameworks/CFNetwork.framework/Versions/A/CFNetwork
0x000000019fe36000 	/usr/lib/libarchive.2.dylib
0x00000001a430a000 	/System/Library/Frameworks/Combine.framework/Versions/A/Combine
0x00000001a23e0000 	/usr/lib/swift/libswiftCore.dylib
0x00000001b5ba2000 	/usr/lib/swift/libswiftCoreFoundation.dylib
0x00000001b3aa2000 	/usr/lib/swift/libswiftDarwin.dylib
0x00000001a78bc000 	/usr/lib/swift/libswiftDispatch.dylib
0x00000001b5bc3000 	/usr/lib/swift/libswiftIOKit.dylib
0x00000001a9cc3000 	/usr/lib/swift/libswiftObjectiveC.dylib
0x00000001b5bb6000 	/usr/lib/swift/libswiftXPC.dylib
0x000000021c72b000 	/usr/lib/swift/libswift_Concurrency.dylib
0x000000021c87d000 	/usr/lib/swift/libswift_StringProcessing.dylib
0x00000001a9cc7000 	/usr/lib/swift/libswiftos.dylib
0x000000019781f000 	/System/Library/PrivateFrameworks/CoreServicesInternal.framework/Versions/A/CoreServicesInternal
0x000000019f38d000 	/usr/lib/libbsm.0.dylib
0x000000019fc8c000 	/usr/lib/system/libkxld.dylib
0x000000019c439000 	/System/Library/Frameworks/CoreServices.framework/Versions/A/Frameworks/FSEvents.framework/Versions/A/FSEvents
0x0000000197517000 	/System/Library/Frameworks/CoreServices.framework/Versions/A/Frameworks/CarbonCore.framework/Versions/A/CarbonCore
0x000000019b992000 	/System/Library/Frameworks/CoreServices.framework/Versions/A/Frameworks/Metadata.framework/Versions/A/Metadata
0x000000019f99d000 	/System/Library/Frameworks/CoreServices.framework/Versions/A/Frameworks/OSServices.framework/Versions/A/OSServices
0x000000019febd000 	/System/Library/Frameworks/CoreServices.framework/Versions/A/Frameworks/SearchKit.framework/Versions/A/SearchKit
0x000000019aac1000 	/System/Library/Frameworks/CoreServices.framework/Versions/A/Frameworks/AE.framework/Versions/A/AE
0x0000000194c10000 	/System/Library/Frameworks/CoreServices.framework/Versions/A/Frameworks/LaunchServices.framework/Versions/A/LaunchServices
0x00000001a0534000 	/System/Library/Frameworks/CoreServices.framework/Versions/A/Frameworks/DictionaryServices.framework/Versions/A/DictionaryServices
0x000000019c446000 	/System/Library/Frameworks/CoreServices.framework/Versions/A/Frameworks/SharedFileList.framework/Versions/A/SharedFileList
0x000000019ff5c000 	/usr/lib/libapple_nghttp2.dylib
0x0000000198f2b000 	/usr/lib/libnetwork.dylib
0x000000019a746000 	/usr/lib/libsqlite3.dylib
0x000000019ab47000 	/System/Library/Frameworks/Network.framework/Versions/A/Network
0x000000021b8b1000 	/usr/lib/libCoreEntitlements.dylib
0x00000002087be000 	/System/Library/PrivateFrameworks/MessageSecurity.framework/Versions/A/MessageSecurity
0x000000019a72c000 	/System/Library/PrivateFrameworks/ProtocolBuffer.framework/Versions/A/ProtocolBuffer
0x000000019f979000 	/System/Library/PrivateFrameworks/AppleFSCompression.framework/Versions/A/AppleFSCompression
0x000000019f375000 	/usr/lib/libcoretls.dylib
0x00000001a05a4000 	/usr/lib/libcoretls_cfhelpers.dylib
0x000000019ff89000 	/usr/lib/libpam.2.dylib
0x00000001a060a000 	/usr/lib/libxar.1.dylib
0x00000001a09d5000 	/usr/lib/libheimdal-asn1.dylib
0x000000019fcfc000 	/usr/lib/libpcap.A.dylib
0x000000019ab34000 	/usr/lib/libdns_services.dylib
0x000000019e898000 	/System/Library/PrivateFrameworks/AppleSystemInfo.framework/Versions/A/AppleSystemInfo
0x000000019f06a000 	/System/Library/PrivateFrameworks/IOMobileFramebuffer.framework/Versions/A/IOMobileFramebuffer
0x000000019f98a000 	/usr/lib/libbz2.1.0.dylib
0x000000019f365000 	/usr/lib/libCheckFix.dylib
0x0000000199387000 	/System/Library/PrivateFrameworks/TCC.framework/Versions/A/TCC
0x000000019e89e000 	/System/Library/PrivateFrameworks/CoreNLP.framework/Versions/A/CoreNLP
0x000000019b951000 	/System/Library/PrivateFrameworks/MetadataUtilities.framework/Versions/A/MetadataUtilities
0x000000019f39e000 	/usr/lib/libmecab.dylib
0x00000001953b7000 	/usr/lib/libCRFSuite.dylib
0x000000019f3fb000 	/usr/lib/libgermantok.dylib
0x000000019ff35000 	/usr/lib/libThaiTokenizer.dylib
0x000000019ba34000 	/System/Library/Frameworks/Accelerate.framework/Versions/A/Frameworks/vImage.framework/Versions/A/vImage
0x00000001a6377000 	/System/Library/Frameworks/Accelerate.framework/Versions/A/Frameworks/vecLib.framework/Versions/A/vecLib
0x00000001a0650000 	/System/Library/Frameworks/Accelerate.framework/Versions/A/Frameworks/vecLib.framework/Versions/A/libvMisc.dylib
0x000000019ef6a000 	/System/Library/Frameworks/Accelerate.framework/Versions/A/Frameworks/vecLib.framework/Versions/A/libvDSP.dylib
0x0000000194fc3000 	/System/Library/Frameworks/Accelerate.framework/Versions/A/Frameworks/vecLib.framework/Versions/A/libBLAS.dylib
0x00000001a0060000 	/System/Library/Frameworks/Accelerate.framework/Versions/A/Frameworks/vecLib.framework/Versions/A/libLAPACK.dylib
0x000000019f3fe000 	/System/Library/Frameworks/Accelerate.framework/Versions/A/Frameworks/vecLib.framework/Versions/A/libLinearAlgebra.dylib
0x000000019ff74000 	/System/Library/Frameworks/Accelerate.framework/Versions/A/Frameworks/vecLib.framework/Versions/A/libSparseBLAS.dylib
0x00000001a005b000 	/System/Library/Frameworks/Accelerate.framework/Versions/A/Frameworks/vecLib.framework/Versions/A/libQuadrature.dylib
0x000000019e997000 	/System/Library/Frameworks/Accelerate.framework/Versions/A/Frameworks/vecLib.framework/Versions/A/libBNNS.dylib
0x00000001952c6000 	/System/Library/Frameworks/Accelerate.framework/Versions/A/Frameworks/vecLib.framework/Versions/A/libSparse.dylib
0x0000000207b2a000 	/System/Library/PrivateFrameworks/MIL.framework/Versions/A/MIL
0x000000019fd31000 	/usr/lib/libiconv.2.dylib
0x000000019fc85000 	/usr/lib/libcharset.1.dylib
0x000000019c419000 	/System/Library/Frameworks/OpenDirectory.framework/Versions/A/Frameworks/CFOpenDirectory.framework/Versions/A/CFOpenDirectory
0x000000019c409000 	/System/Library/Frameworks/OpenDirectory.framework/Versions/A/OpenDirectory
0x00000001a05a6000 	/System/Library/PrivateFrameworks/APFS.framework/Versions/A/APFS
0x000000019f2a0000 	/System/Library/Frameworks/SecurityFoundation.framework/Versions/A/SecurityFoundation
0x00000001a0619000 	/usr/lib/libutil.dylib
0x0000000206c22000 	/System/Library/PrivateFrameworks/InstalledContentLibrary.framework/Versions/A/InstalledContentLibrary
0x000000019785d000 	/System/Library/PrivateFrameworks/CoreServicesStore.framework/Versions/A/CoreServicesStore
0x00000001fdcf6000 	/System/Library/PrivateFrameworks/AppleMobileFileIntegrity.framework/Versions/A/AppleMobileFileIntegrity
0x00000001b5b81000 	/usr/lib/libmis.dylib
0x00000001c3984000 	/System/Library/PrivateFrameworks/MobileSystemServices.framework/Versions/A/MobileSystemServices
0x00000001ddd61000 	/System/Library/PrivateFrameworks/ConfigProfileHelper.framework/Versions/A/ConfigProfileHelper
0x000000019ff37000 	/System/Library/PrivateFrameworks/AppleSauce.framework/Versions/A/AppleSauce
0x000000019609c000 	/System/Library/PrivateFrameworks/LanguageModeling.framework/Versions/A/LanguageModeling
0x00000001a061d000 	/usr/lib/libxslt.1.dylib
0x000000019fe24000 	/usr/lib/libcmph.dylib
0x000000019f057000 	/System/Library/PrivateFrameworks/CoreEmoji.framework/Versions/A/CoreEmoji
0x000000019e991000 	/System/Library/PrivateFrameworks/LinguisticData.framework/Versions/A/LinguisticData
0x000000019527e000 	/System/Library/PrivateFrameworks/Lexicon.framework/Versions/A/Lexicon
0x000000019f333000 	/System/Library/PrivateFrameworks/BackgroundTaskManagement.framework/Versions/A/BackgroundTaskManagement
0x000000021ba50000 	/usr/lib/libTLE.dylib
0x000000021c7c8000 	/usr/lib/swift/libswift_RegexParser.dylib
0x00000001a1284000 	/System/Library/PrivateFrameworks/AppleJPEG.framework/Versions/A/AppleJPEG
0x00000001a09ba000 	/usr/lib/libexpat.1.dylib
0x00000001a1845000 	/System/Library/Frameworks/ImageIO.framework/Versions/A/Resources/libPng.dylib
0x00000001a1870000 	/System/Library/Frameworks/ImageIO.framework/Versions/A/Resources/libTIFF.dylib
0x00000001a1959000 	/System/Library/Frameworks/ImageIO.framework/Versions/A/Resources/libGIF.dylib
0x00000001a12c9000 	/System/Library/Frameworks/ImageIO.framework/Versions/A/Resources/libJP2.dylib
0x00000001a18fd000 	/System/Library/Frameworks/ImageIO.framework/Versions/A/Resources/libJPEG.dylib
0x00000001a18f4000 	/System/Library/Frameworks/ImageIO.framework/Versions/A/Resources/libRadiance.dylib
0x000000019dc82000 	/System/Library/PrivateFrameworks/FontServices.framework/libFontParser.dylib
0x000000019aa63000 	/System/Library/PrivateFrameworks/RunningBoardServices.framework/Versions/A/RunningBoardServices
0x00000001ac1e5000 	/System/Library/PrivateFrameworks/IOSurfaceAccelerator.framework/Versions/A/IOSurfaceAccelerator
0x00000001a13bb000 	/System/Library/PrivateFrameworks/WatchdogClient.framework/Versions/A/WatchdogClient
0x0000000196215000 	/System/Library/Frameworks/CoreDisplay.framework/Versions/A/CoreDisplay
0x000000019db5d000 	/System/Library/Frameworks/CoreMedia.framework/Versions/A/CoreMedia
0x000000019d95d000 	/System/Library/PrivateFrameworks/IOAccelerator.framework/Versions/A/IOAccelerator
0x000000019c5aa000 	/System/Library/Frameworks/CoreVideo.framework/Versions/A/CoreVideo
0x000000019ff87000 	/System/Library/Frameworks/MetalPerformanceShaders.framework/Versions/A/MetalPerformanceShaders
0x00000001a13fa000 	/System/Library/Frameworks/VideoToolbox.framework/Versions/A/VideoToolbox
0x000000019a9a7000 	/System/Library/PrivateFrameworks/BaseBoard.framework/Versions/A/BaseBoard
0x00000001a18ef000 	/System/Library/PrivateFrameworks/GPUWrangler.framework/Versions/A/GPUWrangler
0x00000001a18cf000 	/System/Library/PrivateFrameworks/IOPresentment.framework/Versions/A/IOPresentment
0x00000001a18f7000 	/System/Library/PrivateFrameworks/DSExternalDisplay.framework/Versions/A/DSExternalDisplay
0x000000020347c000 	/System/Library/PrivateFrameworks/GPUCompiler.framework/Versions/31001/Libraries/libllvm-flatbuffers.dylib
0x00000001e2a14000 	/System/Library/Frameworks/OpenGL.framework/Versions/A/Libraries/libCoreFSCache.dylib
0x0000000203478000 	/System/Library/PrivateFrameworks/GPUCompiler.framework/Versions/31001/Libraries/libGPUCompilerUtils.dylib
0x00000001a195f000 	/System/Library/PrivateFrameworks/CMCaptureCore.framework/Versions/A/CMCaptureCore
0x00000001f7fa9000 	/System/Library/Frameworks/ExtensionFoundation.framework/Versions/A/ExtensionFoundation
0x00000001a8061000 	/System/Library/PrivateFrameworks/CoreTime.framework/Versions/A/CoreTime
0x00000001a0f77000 	/System/Library/PrivateFrameworks/AppServerSupport.framework/Versions/A/AppServerSupport
0x00000001a32f8000 	/System/Library/PrivateFrameworks/perfdata.framework/Versions/A/perfdata
0x0000000196335000 	/System/Library/PrivateFrameworks/AudioToolboxCore.framework/Versions/A/AudioToolboxCore
0x000000019db33000 	/System/Library/PrivateFrameworks/caulk.framework/Versions/A/caulk
0x00000001a2bb5000 	/usr/lib/libAudioStatistics.dylib
0x00000001b4fbd000 	/System/Library/PrivateFrameworks/SystemPolicy.framework/Versions/A/SystemPolicy
0x00000001a2e57000 	/usr/lib/libSMC.dylib
0x00000001ab991000 	/System/Library/Frameworks/CoreMIDI.framework/Versions/A/CoreMIDI
0x00000001a1812000 	/usr/lib/libAudioToolboxUtility.dylib
0x00000001b0d75000 	/System/Library/PrivateFrameworks/OSAServicesClient.framework/Versions/A/OSAServicesClient
0x00000001a3305000 	/usr/lib/libperfcheck.dylib
0x00000001a08a5000 	/System/Library/PrivateFrameworks/PlugInKit.framework/Versions/A/PlugInKit
0x000000019f292000 	/System/Library/PrivateFrameworks/AssertionServices.framework/Versions/A/AssertionServices
0x00000001e2a76000 	/System/Library/Frameworks/OpenGL.framework/Versions/A/Libraries/libGLU.dylib
0x00000001e2a35000 	/System/Library/Frameworks/OpenGL.framework/Versions/A/Libraries/libGFXShared.dylib
0x00000001e2c1c000 	/System/Library/Frameworks/OpenGL.framework/Versions/A/Libraries/libGL.dylib
0x00000001e2a3e000 	/System/Library/Frameworks/OpenGL.framework/Versions/A/Libraries/libGLImage.dylib
0x00000001e2a32000 	/System/Library/Frameworks/OpenGL.framework/Versions/A/Libraries/libCVMSPluginSupport.dylib
0x000000021ba2f000 	/usr/lib/libRosetta.dylib
0x00000001e2a1b000 	/System/Library/Frameworks/OpenGL.framework/Versions/A/Libraries/libCoreVMClient.dylib
0x000000019e815000 	/System/Library/Frameworks/MetalPerformanceShaders.framework/Versions/A/Frameworks/MPSCore.framework/Versions/A/MPSCore
0x000000019f8ef000 	/System/Library/Frameworks/MetalPerformanceShaders.framework/Versions/A/Frameworks/MPSImage.framework/Versions/A/MPSImage
0x000000019f413000 	/System/Library/Frameworks/MetalPerformanceShaders.framework/Versions/A/Frameworks/MPSNeuralNetwork.framework/Versions/A/MPSNeuralNetwork
0x000000019f7ff000 	/System/Library/Frameworks/MetalPerformanceShaders.framework/Versions/A/Frameworks/MPSMatrix.framework/Versions/A/MPSMatrix
0x000000019f611000 	/System/Library/Frameworks/MetalPerformanceShaders.framework/Versions/A/Frameworks/MPSRayIntersector.framework/Versions/A/MPSRayIntersector
0x000000019f82d000 	/System/Library/Frameworks/MetalPerformanceShaders.framework/Versions/A/Frameworks/MPSNDArray.framework/Versions/A/MPSNDArray
0x00000001f9362000 	/System/Library/Frameworks/MetalPerformanceShaders.framework/Versions/A/Frameworks/MPSFunctions.framework/Versions/A/MPSFunctions
0x0000000194e89000 	/System/Library/PrivateFrameworks/MetalTools.framework/Versions/A/MetalTools
0x000000019e896000 	/System/Library/PrivateFrameworks/AggregateDictionary.framework/Versions/A/AggregateDictionary
0x00000001a075e000 	/usr/lib/libIOReport.dylib
0x00000001aab87000 	/System/Library/PrivateFrameworks/ASEProcessing.framework/Versions/A/ASEProcessing
0x00000001a0b15000 	/System/Library/PrivateFrameworks/GraphVisualizer.framework/Versions/A/GraphVisualizer
0x0000000203389000 	/System/Library/PrivateFrameworks/FontServices.framework/Versions/A/FontServices
0x00000001a0f35000 	/System/Library/PrivateFrameworks/OTSVG.framework/Versions/A/OTSVG
0x000000019c15d000 	/System/Library/Frameworks/ApplicationServices.framework/Versions/A/Frameworks/ATS.framework/Versions/A/Resources/libFontRegistry.dylib
0x00000001a0f81000 	/System/Library/PrivateFrameworks/FontServices.framework/libhvf.dylib
0x000000020338a000 	/System/Library/PrivateFrameworks/FontServices.framework/libXTFontStaticRegistryData.dylib
0x0000000214dae000 	/System/Library/PrivateFrameworks/VideoToolboxParavirtualizationSupport.framework/Versions/A/VideoToolboxParavirtualizationSupport
0x00000001a096e000 	/System/Library/PrivateFrameworks/AppleVA.framework/Versions/A/AppleVA
0x00000001a2bf5000 	/System/Library/Frameworks/ApplicationServices.framework/Versions/A/Frameworks/ATS.framework/Versions/A/ATS
0x0000000199ef9000 	/System/Library/Frameworks/ApplicationServices.framework/Versions/A/Frameworks/HIServices.framework/Versions/A/HIServices
0x00000001a196b000 	/System/Library/Frameworks/ApplicationServices.framework/Versions/A/Frameworks/PrintCore.framework/Versions/A/PrintCore
0x00000001a2fb0000 	/System/Library/Frameworks/ApplicationServices.framework/Versions/A/Frameworks/QD.framework/Versions/A/QD
0x00000001a2fa4000 	/System/Library/Frameworks/ApplicationServices.framework/Versions/A/Frameworks/ColorSyncLegacy.framework/Versions/A/ColorSyncLegacy
0x00000001a2bc9000 	/System/Library/Frameworks/ApplicationServices.framework/Versions/A/Frameworks/SpeechSynthesis.framework/Versions/A/SpeechSynthesis
0x00000001a1929000 	/System/Library/Frameworks/ApplicationServices.framework/Versions/A/Frameworks/ATSUI.framework/Versions/A/ATSUI
0x00000001a2f37000 	/usr/lib/libcups.2.dylib
0x00000001a3313000 	/System/Library/Frameworks/Kerberos.framework/Versions/A/Kerberos
0x00000001a3324000 	/System/Library/Frameworks/GSS.framework/Versions/A/GSS
0x00000001a2c67000 	/usr/lib/libresolv.9.dylib
0x00000001a0f91000 	/System/Library/PrivateFrameworks/Heimdal.framework/Versions/A/Heimdal
0x00000001a9c46000 	/System/Library/Frameworks/Kerberos.framework/Versions/A/Libraries/libHeimdalProxy.dylib
0x00000001a3374000 	/System/Library/PrivateFrameworks/CommonAuth.framework/Versions/A/CommonAuth
0x00000001e3c74000 	/System/Library/Frameworks/AVFAudio.framework/Versions/A/AVFAudio
0x00000001b0dc4000 	/System/Library/PrivateFrameworks/AXCoreUtilities.framework/Versions/A/AXCoreUtilities
0x00000001a2b41000 	/System/Library/PrivateFrameworks/AudioSession.framework/Versions/A/AudioSession
0x00000001a40c3000 	/System/Library/Frameworks/IOBluetooth.framework/Versions/A/IOBluetooth
0x00000001a0a6f000 	/System/Library/PrivateFrameworks/MediaExperience.framework/Versions/A/MediaExperience
0x00000001a29dc000 	/System/Library/PrivateFrameworks/AudioSession.framework/libSessionUtility.dylib
0x00000001a2fbc000 	/System/Library/PrivateFrameworks/AudioResourceArbitration.framework/Versions/A/AudioResourceArbitration
0x00000001a6f96000 	/System/Library/PrivateFrameworks/PowerLog.framework/Versions/A/PowerLog
0x00000001a6ed9000 	/System/Library/Frameworks/CoreBluetooth.framework/Versions/A/CoreBluetooth
0x00000001a9c47000 	/System/Library/Frameworks/AudioUnit.framework/Versions/A/AudioUnit
0x000000019f0f5000 	/System/Library/PrivateFrameworks/CoreUtils.framework/Versions/A/CoreUtils
0x0000000201dbe000 	/System/Library/PrivateFrameworks/CoreUtilsExtras.framework/Versions/A/CoreUtilsExtras
0x0000000206ac0000 	/System/Library/PrivateFrameworks/IO80211.framework/Versions/A/IO80211
0x00000001a09df000 	/System/Library/PrivateFrameworks/IconFoundation.framework/Versions/A/IconFoundation
0x00000001a5fa9000 	/System/Library/PrivateFrameworks/SpeechRecognitionCore.framework/Versions/A/SpeechRecognitionCore
0x0000000101c58000 	/Library/Java/JavaVirtualMachines/jdk-17.0.4.1.jdk/Contents/Home/lib/server/libjvm.dylib
0x0000000100ccc000 	/Library/Java/JavaVirtualMachines/jdk-17.0.4.1.jdk/Contents/Home/lib/libjimage.dylib
0x0000000100dd4000 	/Library/Java/JavaVirtualMachines/jdk-17.0.4.1.jdk/Contents/Home/lib/libjava.dylib
0x0000000101848000 	/Library/Java/JavaVirtualMachines/jdk-17.0.4.1.jdk/Contents/Home/lib/libnio.dylib
0x0000000101868000 	/Library/Java/JavaVirtualMachines/jdk-17.0.4.1.jdk/Contents/Home/lib/libnet.dylib
0x000000010188c000 	/Library/Java/JavaVirtualMachines/jdk-17.0.4.1.jdk/Contents/Home/lib/libzip.dylib
0x00000001018a4000 	/Users/hiimecho/.openjfx/cache/17.0.2-ea/libprism_es2.dylib
0x00000001e2c26000 	/System/Library/Frameworks/OpenGL.framework/Versions/A/Resources/GLEngine.bundle/GLEngine
0x00000001e2ab0000 	/System/Library/Frameworks/OpenGL.framework/Versions/A/Libraries/libGLProgrammability.dylib
0x0000000124344000 	/System/Library/Extensions/AppleMetalOpenGLRenderer.bundle/Contents/MacOS/AppleMetalOpenGLRenderer
0x00000001e2d94000 	/System/Library/Frameworks/OpenGL.framework/Versions/A/Resources/GLRendererFloat.bundle/GLRendererFloat
0x00000001e2e91000 	/System/Library/Extensions/AGXMetal13_3.bundle/Contents/MacOS/AGXMetal13_3
0x00000001b5b95000 	/System/Library/PrivateFrameworks/GPURawCounter.framework/Versions/A/GPURawCounter
0x00000001afe87000 	/System/Library/PrivateFrameworks/IOGPU.framework/Versions/A/IOGPU
0x0000000126990000 	/Users/hiimecho/.openjfx/cache/17.0.2-ea/libglass.dylib
0x00000001a71e6000 	/System/Library/Frameworks/FileProvider.framework/Versions/A/FileProvider
0x000000019a90f000 	/System/Library/Frameworks/Accounts.framework/Versions/A/Accounts
0x000000019c648000 	/System/Library/PrivateFrameworks/UserManagement.framework/Versions/A/UserManagement
0x00000001a736d000 	/System/Library/PrivateFrameworks/GenerationalStorage.framework/Versions/A/GenerationalStorage
0x00000001a7f87000 	/System/Library/PrivateFrameworks/CoreSymbolication.framework/Versions/A/CoreSymbolication
0x00000001a6f8a000 	/System/Library/PrivateFrameworks/SymptomDiagnosticReporter.framework/Versions/A/SymptomDiagnosticReporter
0x0000000198a9a000 	/System/Library/PrivateFrameworks/DesktopServicesPriv.framework/Versions/A/DesktopServicesPriv
0x0000000197986000 	/usr/lib/libsandbox.1.dylib
0x00000001a7f48000 	/System/Library/PrivateFrameworks/DebugSymbols.framework/Versions/A/DebugSymbols
0x00000001a2f97000 	/System/Library/PrivateFrameworks/NetAuth.framework/Versions/A/NetAuth
0x00000001a3f3b000 	/System/Library/PrivateFrameworks/Sharing.framework/Versions/A/Sharing
0x000000019c60c000 	/System/Library/PrivateFrameworks/login.framework/Versions/A/Frameworks/loginsupport.framework/Versions/A/loginsupport
0x00000001a9184000 	/System/Library/PrivateFrameworks/Apple80211.framework/Versions/A/Apple80211
0x000000019f9d0000 	/System/Library/PrivateFrameworks/AuthKit.framework/Versions/A/AuthKit
0x000000019f077000 	/System/Library/Frameworks/CoreWLAN.framework/Versions/A/CoreWLAN
0x00000001a9188000 	/System/Library/PrivateFrameworks/CoreWiFi.framework/Versions/A/CoreWiFi
0x00000001d772a000 	/System/Library/PrivateFrameworks/WiFiPeerToPeer.framework/Versions/A/WiFiPeerToPeer
0x00000001a7b02000 	/System/Library/PrivateFrameworks/FrontBoardServices.framework/Versions/A/FrontBoardServices
0x00000001a7b9d000 	/System/Library/PrivateFrameworks/BoardServices.framework/Versions/A/BoardServices
0x00000001a92e2000 	/System/Library/PrivateFrameworks/BackBoardServices.framework/Versions/A/BackBoardServices
0x000000019fb23000 	/System/Library/Frameworks/UserNotifications.framework/Versions/A/UserNotifications
0x00000001a346d000 	/System/Library/PrivateFrameworks/CorePhoneNumbers.framework/Versions/A/CorePhoneNumbers
0x00000001a2c94000 	/System/Library/PrivateFrameworks/MultiverseSupport.framework/Versions/A/MultiverseSupport
0x00000001a956b000 	/System/Library/PrivateFrameworks/RemoteServiceDiscovery.framework/Versions/A/RemoteServiceDiscovery
0x00000001a70b6000 	/System/Library/PrivateFrameworks/DiskManagement.framework/Versions/A/DiskManagement
0x00000001a6fbd000 	/System/Library/PrivateFrameworks/AppleIDAuthSupport.framework/Versions/A/AppleIDAuthSupport
0x00000001fc070000 	/System/Library/PrivateFrameworks/AAAFoundation.framework/Versions/A/AAAFoundation
0x00000001a3445000 	/System/Library/PrivateFrameworks/KeychainCircle.framework/Versions/A/KeychainCircle
0x00000001a957f000 	/System/Library/PrivateFrameworks/RemoteXPC.framework/Versions/A/RemoteXPC
0x00000001a7082000 	/System/Library/PrivateFrameworks/MediaKit.framework/Versions/A/MediaKit
0x00000001a6fca000 	/System/Library/Frameworks/DiscRecording.framework/Versions/A/DiscRecording
0x00000001a08ea000 	/usr/lib/libCoreStorage.dylib
0x00000001a95e7000 	/usr/lib/libcsfde.dylib
0x00000001a4198000 	/System/Library/PrivateFrameworks/ProtectedCloudStorage.framework/Versions/A/ProtectedCloudStorage
0x00000001a95df000 	/System/Library/PrivateFrameworks/EFILogin.framework/Versions/A/EFILogin
0x00000001a7393000 	/System/Library/PrivateFrameworks/OctagonTrust.framework/Versions/A/OctagonTrust
0x00000001a08e2000 	/usr/lib/libMatch.1.dylib
0x00000001ba40c000 	/System/Library/Frameworks/Accelerate.framework/Versions/A/Frameworks/vImage.framework/Versions/A/Libraries/libCGInterfaces.dylib
0x000000012866c000 	/usr/lib/libobjc-trampolines.dylib
0x000000021b787000 	/usr/lib/libAccessibilityBaseImplementations.dylib
0x000000019c2f5000 	/System/Library/PrivateFrameworks/ViewBridge.framework/Versions/A/ViewBridge
0x000000012aee4000 	/Users/hiimecho/.openjfx/cache/17.0.2-ea/libjavafx_font.dylib
0x00000001a1054000 	/System/Library/PrivateFrameworks/login.framework/Versions/A/login
0x00000001fc87b000 	/System/Library/PrivateFrameworks/AccessibilityBundles.framework/Versions/A/AccessibilityBundles
0x00000001b0de6000 	/usr/lib/libAccessibility.dylib
0x00000001a6697000 	/System/Library/Frameworks/MediaAccessibility.framework/Versions/A/MediaAccessibility
0x000000012fd18000 	/System/Library/Frameworks/FileProvider.framework/OverrideBundles/CloudDocsFileProvider.bundle/Contents/MacOS/CloudDocsFileProvider
0x000000019c92a000 	/System/Library/PrivateFrameworks/CloudDocs.framework/Versions/A/CloudDocs
0x00000001a9968000 	/System/Library/PrivateFrameworks/AppleAccount.framework/Versions/A/AppleAccount
0x000000019c673000 	/System/Library/Frameworks/CloudKit.framework/Versions/A/CloudKit
0x00000001a417f000 	/System/Library/PrivateFrameworks/AppContainer.framework/Versions/A/AppContainer
0x00000001a3b9e000 	/System/Library/PrivateFrameworks/IDS.framework/Versions/A/IDS
0x00000001a9ab6000 	/System/Library/PrivateFrameworks/AppleIDSSOAuthentication.framework/Versions/A/AppleIDSSOAuthentication
0x000000019c60f000 	/System/Library/PrivateFrameworks/ApplePushService.framework/Versions/A/ApplePushService
0x00000001a9667000 	/System/Library/PrivateFrameworks/AppSupport.framework/Versions/A/AppSupport
0x00000001a292e000 	/System/Library/PrivateFrameworks/IMFoundation.framework/Versions/A/IMFoundation
0x00000001b04fa000 	/System/Library/PrivateFrameworks/Marco.framework/Versions/A/Marco
0x00000001a3d23000 	/System/Library/PrivateFrameworks/IDSFoundation.framework/Versions/A/IDSFoundation
0x000000019a98c000 	/System/Library/PrivateFrameworks/CommonUtilities.framework/Versions/A/CommonUtilities
0x00000001b5733000 	/System/Library/PrivateFrameworks/FTServices.framework/Versions/A/FTServices
0x00000001ad6ab000 	/System/Library/PrivateFrameworks/Engram.framework/Versions/A/Engram
0x00000001ad64d000 	/usr/lib/libtidy.A.dylib
0x00000001a121a000 	/System/Library/PrivateFrameworks/Bom.framework/Versions/A/Bom
0x00000001a2ca4000 	/usr/lib/libParallelCompression.dylib
0x00000001a0767000 	/System/Library/PrivateFrameworks/CrashReporterSupport.framework/Versions/A/CrashReporterSupport
0x00000001c06a6000 	/System/Library/PrivateFrameworks/FTAWD.framework/Versions/A/FTAWD
0x00000001c2c0d000 	/System/Library/PrivateFrameworks/OSAnalytics.framework/Versions/A/OSAnalytics
0x00000001ce5eb000 	/System/Library/PrivateFrameworks/Symbolication.framework/Versions/A/Symbolication
0x00000001b5b53000 	/System/Library/PrivateFrameworks/MallocStackLogging.framework/Versions/A/MallocStackLogging
0x00000001fb1e9000 	/System/Library/Frameworks/SharedWithYouCore.framework/Versions/A/SharedWithYouCore
0x000000021b896000 	/usr/lib/libBASupport.dylib
0x00000001b4dbd000 	/System/Library/Frameworks/AVFoundation.framework/Versions/A/AVFoundation
0x00000001a9cfc000 	/System/Library/PrivateFrameworks/C2.framework/Versions/A/C2
0x000000019d851000 	/System/Library/Frameworks/CoreLocation.framework/Versions/A/CoreLocation
0x00000001febee000 	/System/Library/PrivateFrameworks/CloudKitDistributedSync.framework/Versions/A/CloudKitDistributedSync
0x00000001a9cf3000 	/System/Library/Frameworks/PushKit.framework/Versions/A/PushKit
0x00000001f7cb7000 	/System/Library/Frameworks/CoreTransferable.framework/Versions/A/CoreTransferable
0x00000001d33b2000 	/System/Library/Frameworks/CryptoKit.framework/Versions/A/CryptoKit
0x00000001d769d000 	/System/Library/PrivateFrameworks/FeatureFlags.framework/Versions/A/FeatureFlags
0x00000001cba04000 	/usr/lib/swift/libswiftAVFoundation.dylib
0x00000001b5b99000 	/usr/lib/swift/libswiftCoreAudio.dylib
0x00000001ba426000 	/usr/lib/swift/libswiftCoreLocation.dylib
0x00000001ba429000 	/usr/lib/swift/libswiftCoreMIDI.dylib
0x00000001ca6b8000 	/usr/lib/swift/libswiftCoreMedia.dylib
0x00000001c0126000 	/usr/lib/swift/libswiftMetal.dylib
0x00000001c3563000 	/usr/lib/swift/libswiftQuartzCore.dylib
0x00000001c7390000 	/usr/lib/swift/libswiftUniformTypeIdentifiers.dylib
0x00000001b8a05000 	/usr/lib/swift/libswiftsimd.dylib
0x00000001a78d5000 	/System/Library/PrivateFrameworks/AVFCore.framework/Versions/A/AVFCore
0x00000001aec58000 	/System/Library/PrivateFrameworks/AVFCapture.framework/Versions/A/AVFCapture
0x00000001b3751000 	/System/Library/PrivateFrameworks/AirPlaySync.framework/Versions/A/AirPlaySync
0x00000001a1b7a000 	/System/Library/Frameworks/MediaToolbox.framework/Versions/A/MediaToolbox
0x00000001a71b2000 	/System/Library/PrivateFrameworks/CoreAVCHD.framework/Versions/A/CoreAVCHD
0x00000001a71ae000 	/System/Library/PrivateFrameworks/Mangrove.framework/Versions/A/Mangrove
0x00000001fe879000 	/System/Library/PrivateFrameworks/CMPhoto.framework/Versions/A/CMPhoto
0x00000001a71a2000 	/System/Library/PrivateFrameworks/CoreAUC.framework/Versions/A/CoreAUC
0x00000001fe84a000 	/System/Library/PrivateFrameworks/CMImaging.framework/Versions/A/CMImaging
0x00000001aedce000 	/System/Library/PrivateFrameworks/Quagga.framework/Versions/A/Quagga
0x00000001aeea1000 	/System/Library/PrivateFrameworks/CMCapture.framework/Versions/A/CMCapture
0x00000001a2d64000 	/System/Library/Frameworks/CoreMediaIO.framework/Versions/A/CoreMediaIO
0x00000001b5ae5000 	/System/Library/PrivateFrameworks/LoggingSupport.framework/Versions/A/LoggingSupport
0x00000001ab68b000 	/System/Library/PrivateFrameworks/RTCReporting.framework/Versions/A/RTCReporting
0x00000001a445a000 	/System/Library/PrivateFrameworks/GeoServices.framework/Versions/A/GeoServices
0x00000001a29a7000 	/System/Library/PrivateFrameworks/LocationSupport.framework/Versions/A/LocationSupport
0x0000000203f86000 	/System/Library/PrivateFrameworks/GeoServicesCore.framework/Versions/A/GeoServicesCore
0x00000001b0db9000 	/System/Library/PrivateFrameworks/PhoneNumbers.framework/Versions/A/PhoneNumbers
0x00000001d31b3000 	/usr/lib/swift/libswiftNetwork.dylib
0x00000001a9c40000 	/System/Library/PrivateFrameworks/CryptoKitCBridging.framework/Versions/A/CryptoKitCBridging
0x00000001a7c46000 	/System/Library/Frameworks/CryptoTokenKit.framework/Versions/A/CryptoTokenKit
0x00000001ca6b6000 	/usr/lib/swift/libswiftCryptoTokenKit.dylib
0x00000001a7ca4000 	/System/Library/Frameworks/LocalAuthentication.framework/Versions/A/LocalAuthentication
0x00000001a7cee000 	/System/Library/Frameworks/LocalAuthentication.framework/Support/SharedUtils.framework/Versions/A/SharedUtils
0x00000001b3a9b000 	/usr/lib/swift/libswiftCoreGraphics.dylib
0x00000001a4194000 	/System/Library/PrivateFrameworks/SecCodeWrapper.framework/Versions/A/SecCodeWrapper
0x000000012fd30000 	/System/Library/Frameworks/FileProvider.framework/OverrideBundles/FileProviderOverride.bundle/Contents/MacOS/FileProviderOverride
0x000000012ff00000 	/System/Library/Frameworks/FileProvider.framework/OverrideBundles/FinderSyncCollaborationFileProviderOverride.bundle/Contents/MacOS/FinderSyncCollaborationFileProviderOverride
0x00000001c7277000 	/System/Library/PrivateFrameworks/FinderSyncPriv.framework/Versions/A/FinderSyncPriv
0x00000001b356d000 	/usr/lib/libFosl_dynamic.dylib
0x00000001b9a65000 	/usr/lib/libncurses.5.4.dylib
0x00000001ad6c3000 	/System/Library/Frameworks/Carbon.framework/Versions/A/Frameworks/OpenScripting.framework/Versions/A/OpenScripting
0x00000001a66cd000 	/System/Library/PrivateFrameworks/SystemAdministration.framework/Versions/A/SystemAdministration
0x00000001a5f71000 	/System/Library/Frameworks/DirectoryService.framework/Versions/A/DirectoryService
0x00000001a9473000 	/System/Library/PrivateFrameworks/DiskImages.framework/Versions/A/DiskImages
0x000000019f357000 	/System/Library/Frameworks/ServiceManagement.framework/Versions/A/ServiceManagement
0x00000001a965f000 	/System/Library/PrivateFrameworks/LoginUIKit.framework/Versions/A/Frameworks/LoginUICore.framework/Versions/A/LoginUICore
0x00000001a1216000 	/usr/lib/libodfde.dylib
0x00000001a95f3000 	/usr/lib/libcurl.4.dylib
0x000000021bd61000 	/usr/lib/libcrypto.46.dylib
0x000000021c36f000 	/usr/lib/libssl.48.dylib
0x00000001a9305000 	/System/Library/Frameworks/LDAP.framework/Versions/A/LDAP
0x00000001a9345000 	/System/Library/PrivateFrameworks/TrustEvaluationAgent.framework/Versions/A/TrustEvaluationAgent
0x00000001a2c80000 	/usr/lib/libsasl2.2.dylib


VM Arguments:
jvm_args: -Dfile.encoding=UTF-8 -Duser.country=GB -Duser.language=en -Duser.variant --module-path=/Users/hiimecho/Documents/Coding/Java/Coding/SpaceX-Invader/build/libs/SpaceX-Invader-1.0-SNAPSHOT.jar:/Users/hiimecho/Documents/Coding/Java/Coding/SpaceX-Invader/build/classes/java/main:/Users/hiimecho/.gradle/caches/modules-2/files-2.1/org.openjfx/javafx-fxml/17.0.2/d71c7ebe0f557824e302b6c287929b30801e2c0e/javafx-fxml-17.0.2-mac-aarch64.jar:/Users/hiimecho/.gradle/caches/modules-2/files-2.1/org.openjfx/javafx-controls/17.0.2/a5139ddb1551d14a0dab3dfe709b6653009e6bdb/javafx-controls-17.0.2-mac-aarch64.jar:/Users/hiimecho/.gradle/caches/modules-2/files-2.1/org.openjfx/javafx-controls/17.0.2/f52640ea07a0d7fe2ac8b9f945ec58fa22ac1afd/javafx-controls-17.0.2.jar:/Users/hiimecho/.gradle/caches/modules-2/files-2.1/org.openjfx/javafx-media/17.0.2/f2478d2b5ad3f7cfd64a2507b4dcad5add145940/javafx-media-17.0.2-mac-aarch64.jar:/Users/hiimecho/.gradle/caches/modules-2/files-2.1/org.openjfx/javafx-graphics/17.0.2/3ba1fc0286dfebc39fc62a3739bfa1afefd6b2ff/javafx-graphics-17.0.2-mac-aarch64.jar:/Users/hiimecho/.gradle/caches/modules-2/files-2.1/org.openjfx/javafx-graphics/17.0.2/1eb7ce07e07ccc2fcb26103f07535e72069519d6/javafx-graphics-17.0.2.jar:/Users/hiimecho/.gradle/caches/modules-2/files-2.1/org.openjfx/javafx-base/17.0.2/50a02c2f7c147e22cd7b2f97975fbf1e1b3e7919/javafx-base-17.0.2-mac-aarch64.jar:/Users/hiimecho/.gradle/caches/modules-2/files-2.1/org.openjfx/javafx-base/17.0.2/ca46f15a306175ac1513211e1d190a5baacd77cc/javafx-base-17.0.2.jar:/Users/hiimecho/.gradle/caches/modules-2/files-2.1/org.kordamp.bootstrapfx/bootstrapfx-core/0.4.0/8d019b30266c00770cf29921d1008ad7feed0ed6/bootstrapfx-core-0.4.0.jar:/Users/hiimecho/.gradle/caches/modules-2/files-2.1/com.github.almasb/fxgl/17.2/35db6ae960eec2dcfd19262d3b7f9c42f0e95bc3/fxgl-17.2.jar:/Users/hiimecho/.gradle/caches/modules-2/files-2.1/com.github.almasb/fxgl-io/17.2/aa1cb154ec24f8868c834570ea53faa2902dcd89/fxgl-io-17.2.jar:/Users/hiimecho/.gradle/caches/modules-2/files-2.1/com.github.almasb/fxgl-entity/17.2/3692459cbc-Djdk.module.main=spacexinvader 
java_command: spacexinvader/com.ood.spacexinvader.GameStart
java_class_path (initial): /Users/hiimecho/Documents/Coding/Java/Coding/SpaceX-Invader/build/resources/main:/Users/hiimecho/.gradle/caches/modules-2/files-2.1/org.jetbrains/annotations/13.0/919f0dfe192fb4e063e7dacadee7f8bb9a2672a9/annotations-13.0.jar:/Users/hiimecho/.gradle/caches/modules-2/files-2.1/org.jetbrains.kotlin/kotlin-stdlib-common/1.6.0/7857e365f925cfa060f941c1357cda1f8790502c/kotlin-stdlib-common-1.6.0.jar
Launcher Type: SUN_STANDARD

[Global flags]
     intx CICompilerCount                          = 4                                         {product} {ergonomic}
     uint ConcGCThreads                            = 2                                         {product} {ergonomic}
     uint G1ConcRefinementThreads                  = 8                                         {product} {ergonomic}
   size_t G1HeapRegionSize                         = 2097152                                   {product} {ergonomic}
    uintx GCDrainStackTargetSize                   = 64                                        {product} {ergonomic}
   size_t InitialHeapSize                          = 268435456                                 {product} {ergonomic}
   size_t MarkStackSize                            = 4194304                                   {product} {ergonomic}
   size_t MaxHeapSize                              = 4294967296                                {product} {ergonomic}
   size_t MaxNewSize                               = 2575302656                                {product} {ergonomic}
   size_t MinHeapDeltaBytes                        = 2097152                                   {product} {ergonomic}
   size_t MinHeapSize                              = 8388608                                   {product} {ergonomic}
    uintx NonNMethodCodeHeapSize                   = 5839564                                {pd product} {ergonomic}
    uintx NonProfiledCodeHeapSize                  = 122909338                              {pd product} {ergonomic}
    uintx ProfiledCodeHeapSize                     = 122909338                              {pd product} {ergonomic}
    uintx ReservedCodeCacheSize                    = 251658240                              {pd product} {ergonomic}
     bool SegmentedCodeCache                       = true                                      {product} {ergonomic}
   size_t SoftMaxHeapSize                          = 4294967296                             {manageable} {ergonomic}
     bool UseCompressedClassPointers               = true                           {product lp64_product} {ergonomic}
     bool UseCompressedOops                        = true                           {product lp64_product} {ergonomic}
     bool UseG1GC                                  = true                                      {product} {ergonomic}
     bool UseNUMA                                  = false                                     {product} {ergonomic}
     bool UseNUMAInterleaving                      = false                                     {product} {ergonomic}

Logging:
Log output configuration:
 #0: stdout all=warning uptime,level,tags
 #1: stderr all=off uptime,level,tags

Environment Variables:
PATH=/Users/hiimecho/miniconda3/bin:/Users/hiimecho/miniconda3/condabin:/usr/local/bin:/System/Cryptexes/App/usr/bin:/usr/bin:/bin:/usr/sbin:/sbin:/Library/Apple/usr/bin:/Applications/Postgres.app/Contents/Versions/latest/bin
SHELL=/bin/zsh
LC_CTYPE=en_GB.UTF-8

Signal Handlers:
   SIGSEGV: crash_handler in libjvm.dylib, mask=11100110000111110111111111111111, flags=SA_RESTART|SA_SIGINFO
    SIGBUS: crash_handler in libjvm.dylib, mask=11100110000111110111111111111111, flags=SA_RESTART|SA_SIGINFO
    SIGFPE: crash_handler in libjvm.dylib, mask=11100110000111110111111111111111, flags=SA_RESTART|SA_SIGINFO
   SIGPIPE: javaSignalHandler in libjvm.dylib, mask=11100110000111110111111111111111, flags=SA_RESTART|SA_SIGINFO
   SIGXFSZ: javaSignalHandler in libjvm.dylib, mask=11100110000111110111111111111111, flags=SA_RESTART|SA_SIGINFO
    SIGILL: crash_handler in libjvm.dylib, mask=11100110000111110111111111111111, flags=SA_RESTART|SA_SIGINFO
   SIGUSR2: SR_handler in libjvm.dylib, mask=00100000000000000000000000000000, flags=SA_RESTART|SA_SIGINFO
    SIGHUP: UserHandler in libjvm.dylib, mask=11100110000111110111111111111111, flags=SA_RESTART|SA_SIGINFO
    SIGINT: UserHandler in libjvm.dylib, mask=11100110000111110111111111111111, flags=SA_RESTART|SA_SIGINFO
   SIGTERM: UserHandler in libjvm.dylib, mask=11100110000111110111111111111111, flags=SA_RESTART|SA_SIGINFO
   SIGQUIT: UserHandler in libjvm.dylib, mask=11100110000111110111111111111111, flags=SA_RESTART|SA_SIGINFO
   SIGTRAP: crash_handler in libjvm.dylib, mask=11100110000111110111111111111111, flags=SA_RESTART|SA_SIGINFO


---------------  S Y S T E M  ---------------

OS:
uname: Darwin 22.1.0 Darwin Kernel Version 22.1.0: Sun Oct  9 20:14:30 PDT 2022; root:xnu-8792.41.9~2/RELEASE_ARM64_T8103 arm64
OS uptime: 25 days 5:24 hours
rlimit (soft/hard): STACK 8176k/65520k , CORE 0k/infinity , NPROC 2666/4000 , NOFILE 10240/infinity , AS infinity/infinity , CPU infinity/infinity , DATA infinity/infinity , FSIZE infinity/infinity , MEMLOCK infinity/infinity , RSS infinity/infinity
load average: 2.67 2.25 2.33

CPU: total 8 (initial active 8) 0x61:0x0:0x1b588bb3:0, fp, simd, crc, lse

Memory: 16k page, physical 16777216k(71104k free), swap 2097152k(1323200k free)

vm_info: Java HotSpot(TM) 64-Bit Server VM (17.0.4.1+1-LTS-2) for bsd-aarch64 JRE (17.0.4.1+1-LTS-2), built on Aug 16 2022 17:31:30 by "mach5one" with clang Apple LLVM 12.0.0 (clang-1200.0.32.29)

END.
