11:05:11.173 [main                     ] DEBUG Logger               - Configured Logger
11:05:11.186 [main                     ] DEBUG GameApplication      - Logging settings
Title: Untitled
Version: 0.0
Width: 800
Height: 600
Fullscreen: false
Intro: false
Profiling: false
Single step:false
App Mode: DEVELOPER
Menu Key: ESCAPE
Stage Style: DECORATED
Scene Factory: class com.ood.spacexinvader.GameStart$1

11:05:11.396 [JavaFX Application Thread] DEBUG FXGLApplication      - Initializing FXGL
11:05:11.399 [JavaFX Application Thread] INFO  Engine               - FXGL-17.2 (20.08.2022 16.50) on MAC (J:17.0.4.1 FX:17.0.2-ea)
11:05:11.399 [JavaFX Application Thread] DEBUG Engine               - JRE Vendor Name: Oracle Corporation
11:05:11.399 [JavaFX Application Thread] DEBUG Engine               - Running on OS: Mac OS X version 13.0.1
11:05:11.399 [JavaFX Application Thread] DEBUG Engine               - Architecture: aarch64
11:05:11.399 [JavaFX Application Thread] INFO  Engine               - Source code and latest versions at: https://github.com/AlmasB/FXGL
11:05:11.399 [JavaFX Application Thread] INFO  Engine               -       Ask questions and discuss at: https://github.com/AlmasB/FXGL/discussions
11:05:11.400 [JavaFX Application Thread] INFO  Engine               -              Join the FXGL chat at: https://gitter.im/AlmasB/FXGL
11:05:11.436 [JavaFX Application Thread] DEBUG PrimaryStageWindow   - Creating a JavaFX scene
11:05:11.453 [JavaFX Application Thread] DEBUG PrimaryStageWindow   - Target settings size: 800.0 x 600.0
11:05:11.453 [JavaFX Application Thread] DEBUG PrimaryStageWindow   - Scaled scene size:    800.0 x 600.0
11:05:11.453 [JavaFX Application Thread] DEBUG PrimaryStageWindow   - Scaled ratio: (1.0, 1.0)
11:05:11.454 [JavaFX Application Thread] DEBUG PrimaryStageWindow   - Set initial scene to FXGLStartupScene
11:05:11.456 [JavaFX Application Thread] DEBUG PrimaryStageWindow   - Opening main window
11:05:11.492 [JavaFX Application Thread] DEBUG PrimaryStageWindow   - Window border size: (0.0, 28.0)
11:05:11.492 [JavaFX Application Thread] DEBUG PrimaryStageWindow   - Scaled size: 800.0 x 600.0
11:05:11.492 [JavaFX Application Thread] DEBUG PrimaryStageWindow   - Scaled ratio: (1.0, 1.0)
11:05:11.492 [JavaFX Application Thread] DEBUG PrimaryStageWindow   - Scene size: 800.0 x 600.0
11:05:11.492 [JavaFX Application Thread] DEBUG PrimaryStageWindow   - Stage size: 800.0 x 628.0
11:05:11.494 [FXGL Background Thread 1 ] DEBUG Engine               - Initializing environment variables
11:05:11.507 [FXGL Background Thread 1 ] DEBUG FXGLAssetLoaderServi - User app class for loading assets: class com.ood.spacexinvader.GameStart
11:05:11.507 [FXGL Background Thread 1 ] DEBUG GameApplicationServi - Applying CSS: fxgl_dark.css
11:05:11.507 [FXGL Background Thread 1 ] DEBUG FXGLAssetLoaderServi - Loading from file system: jar:file:///Users/hiimecho/.gradle/caches/modules-2/files-2.1/com.github.almasb/fxgl/17.2/35db6ae960eec2dcfd19262d3b7f9c42f0e95bc3/fxgl-17.2.jar!/fxglassets/ui/css/fxgl_dark.css
11:05:11.539 [FXGL Background Thread 1 ] DEBUG GameApplicationServi - Initializing application scenes
11:05:11.618 [FXGL Background Thread 1 ] DEBUG GameWorld            - Game world initialized
11:05:11.645 [FXGL Background Thread 1 ] DEBUG PhysicsWorld         - Physics world initialized: appHeight=600, physics.ppm=50.0
11:05:11.646 [FXGL Background Thread 1 ] DEBUG PhysicsWorld         - Using strategy: BRUTE_FORCE
11:05:11.649 [FXGL Background Thread 1 ] DEBUG GameScene            - Game scene initialized: 800x600
11:05:11.651 [FXGL Background Thread 1 ] DEBUG GameApplicationServi - Application scenes initialized
11:05:11.659 [FXGL Background Thread 1 ] DEBUG SystemBundleService  - Loading FXGL system data
11:05:11.661 [FXGL Background Thread 1 ] DEBUG FileSystemAccess     - Reading from: /Users/hiimecho/Documents/Coding/Java/Coding/SpaceX-Invader/system/fxgl.bundle
11:05:11.664 [FXGL Background Thread 1 ] DEBUG SystemBundleService  - Bundle FXGL: {}
11:05:11.664 [FXGL Background Thread 1 ] DEBUG UpdaterService       - Checking for updates
11:05:11.666 [FXGL Background Thread 4 ] DEBUG FXGLApplication      - Loading fonts
11:05:11.666 [FXGL Background Thread 1 ] DEBUG FXGLApplication      - Loading default localization
11:05:11.666 [FXGL Background Thread 4 ] DEBUG FXGLAssetLoaderServi - Loading from file system: jar:file:///Users/hiimecho/.gradle/caches/modules-2/files-2.1/com.github.almasb/fxgl/17.2/35db6ae960eec2dcfd19262d3b7f9c42f0e95bc3/fxgl-17.2.jar!/fxglassets/ui/fonts/VarelaRound-Regular.ttf
11:05:11.666 [FXGL Background Thread 1 ] DEBUG FXGLAssetLoaderServi - Loading from file system: jar:file:///Users/hiimecho/.gradle/caches/modules-2/files-2.1/com.github.almasb/fxgl/17.2/35db6ae960eec2dcfd19262d3b7f9c42f0e95bc3/fxgl-17.2.jar!/fxglassets/languages/english.lang
11:05:11.674 [FXGL Background Thread 4 ] DEBUG FXGLAssetLoaderServi - Loading from file system: jar:file:///Users/hiimecho/.gradle/caches/modules-2/files-2.1/com.github.almasb/fxgl/17.2/35db6ae960eec2dcfd19262d3b7f9c42f0e95bc3/fxgl-17.2.jar!/fxglassets/ui/fonts/Abel-Regular.ttf
11:05:11.675 [FXGL Background Thread 1 ] INFO  FXGLApplication      - FXGL initialization took: 0.181 sec
11:05:11.676 [JavaFX Application Thread] DEBUG FXGLAssetLoaderServi - Loading from file system: jar:file:///Users/hiimecho/.gradle/caches/modules-2/files-2.1/com.github.almasb/fxgl/17.2/35db6ae960eec2dcfd19262d3b7f9c42f0e95bc3/fxgl-17.2.jar!/fxglassets/textures/fxgl_icon.png
11:05:11.676 [FXGL Background Thread 4 ] DEBUG FXGLAssetLoaderServi - Loading from file system: jar:file:///Users/hiimecho/.gradle/caches/modules-2/files-2.1/com.github.almasb/fxgl/17.2/35db6ae960eec2dcfd19262d3b7f9c42f0e95bc3/fxgl-17.2.jar!/fxglassets/ui/fonts/TerminalLandMono-Regular.otf
11:05:11.678 [FXGL Background Thread 4 ] DEBUG FXGLAssetLoaderServi - Loading from file system: jar:file:///Users/hiimecho/.gradle/caches/modules-2/files-2.1/com.github.almasb/fxgl/17.2/35db6ae960eec2dcfd19262d3b7f9c42f0e95bc3/fxgl-17.2.jar!/fxglassets/ui/fonts/Courier-Prime.ttf
11:05:11.703 [JavaFX Application Thread] DEBUG FXGLAssetLoaderServi - Loading from file system: jar:file:///Users/hiimecho/.gradle/caches/modules-2/files-2.1/com.github.almasb/fxgl/17.2/35db6ae960eec2dcfd19262d3b7f9c42f0e95bc3/fxgl-17.2.jar!/fxglassets/textures/fxgl_default_cursor.png
11:05:11.709 [JavaFX Application Thread] DEBUG Input                - Registered new binding: Screenshot - CTRL+8
11:05:11.710 [JavaFX Application Thread] DEBUG Input                - Registered new binding: System info dump - CTRL+9
11:05:11.710 [JavaFX Application Thread] DEBUG Input                - Registered new binding: Restart - CTRL+R
11:05:11.710 [JavaFX Application Thread] DEBUG Input                - Registered new binding: Toggle Debug Camera - CTRL+7
11:05:11.711 [JavaFX Application Thread] DEBUG LoopRunner           - Starting loop
11:05:11.711 [JavaFX Application Thread] DEBUG LoopRunner           - Initializing JavaFX AnimationTimerLoop
11:05:11.711 [JavaFX Application Thread] DEBUG GameApplicationServi - Starting new game
11:05:11.712 [JavaFX Application Thread] DEBUG Input                - Clearing active input actions
11:05:11.716 [JavaFX Application Thread] DEBUG GameApplicationServi - Removing overlay from FXGLStartupScene and adding to FXGLLoadingScene
11:05:11.717 [JavaFX Application Thread] DEBUG PrimaryStageWindow   - FXGLStartupScene -> FXGLLoadingScene
11:05:11.717 [JavaFX Application Thread] DEBUG GameApplicationServi - Clearing previous game
11:05:11.717 [JavaFX Application Thread] DEBUG GameScene            - Clearing game scene
11:05:11.717 [JavaFX Application Thread] DEBUG GameWorld            - Clearing game world
11:05:11.717 [JavaFX Application Thread] DEBUG PhysicsWorld         - Clearing physics world
11:05:11.718 [FXGL Background Thread 4 ] DEBUG FXGLApplication      - Initializing game
11:05:11.719 [FXGL Background Thread 4 ] INFO  FXGLApplication      - Game initialization took: 0.001 sec
11:05:11.737 [JavaFX Application Thread] DEBUG FXGLApplication      - Registering font factories with UI factory
11:05:11.742 [JavaFX Application Thread] DEBUG Input                - Clearing active input actions
11:05:11.745 [JavaFX Application Thread] DEBUG GameApplicationServi - Removing overlay from FXGLLoadingScene and adding to GameScene
11:05:11.746 [JavaFX Application Thread] DEBUG PrimaryStageWindow   - FXGLLoadingScene -> GameScene
11:05:13.137 [JavaFX Application Thread] DEBUG FXGLApplication      - Exiting FXGL
11:05:13.137 [JavaFX Application Thread] DEBUG LoopRunner           - Stopping loop
11:05:13.137 [JavaFX Application Thread] DEBUG SystemBundleService  - Saving FXGL system data
11:05:13.139 [JavaFX Application Thread] DEBUG FileSystemAccess     - Writing to: /Users/hiimecho/Documents/Coding/Java/Coding/SpaceX-Invader/system/fxgl.bundle
11:05:13.140 [JavaFX Application Thread] DEBUG Async                - Shutting down background threads
11:05:13.141 [JavaFX Application Thread] DEBUG PrimaryStageWindow   - Closing main window
11:05:13.147 [JavaFX Application Thread] DEBUG Logger               - Closing Logger
