14:46:56.719 [main                     ] DEBUG Logger               - Configured Logger
14:46:56.766 [main                     ] DEBUG GameApplication      - Logging settings
Title: SpaceX Invader
Version: 0.0
Width: 450
Height: 600
Fullscreen: false
Intro: false
Profiling: false
Single step:false
App Mode: DEVELOPER
Menu Key: ESCAPE
Stage Style: DECORATED
Scene Factory: class com.ood.spacexinvader.GameStart$1

14:46:57.344 [JavaFX Application Thread] DEBUG FXGLApplication      - Initializing FXGL
14:46:57.351 [JavaFX Application Thread] INFO  Engine               - FXGL-17.2 (20.08.2022 16.50) on MAC (J:17.0.3 FX:17.0.2-ea)
14:46:57.352 [JavaFX Application Thread] DEBUG Engine               - JRE Vendor Name: Eclipse Adoptium
14:46:57.352 [JavaFX Application Thread] DEBUG Engine               - Running on OS: Mac OS X version 13.1
14:46:57.353 [JavaFX Application Thread] DEBUG Engine               - Architecture: x86_64
14:46:57.353 [JavaFX Application Thread] INFO  Engine               - Source code and latest versions at: https://github.com/AlmasB/FXGL
14:46:57.353 [JavaFX Application Thread] INFO  Engine               -       Ask questions and discuss at: https://github.com/AlmasB/FXGL/discussions
14:46:57.353 [JavaFX Application Thread] INFO  Engine               -              Join the FXGL chat at: https://gitter.im/AlmasB/FXGL
14:46:57.482 [JavaFX Application Thread] DEBUG PrimaryStageWindow   - Creating a JavaFX scene
14:46:57.542 [JavaFX Application Thread] DEBUG PrimaryStageWindow   - Target settings size: 450.0 x 600.0
14:46:57.542 [JavaFX Application Thread] DEBUG PrimaryStageWindow   - Scaled scene size:    450.0 x 600.0
14:46:57.543 [JavaFX Application Thread] DEBUG PrimaryStageWindow   - Scaled ratio: (1.0, 1.0)
14:46:57.544 [JavaFX Application Thread] DEBUG PrimaryStageWindow   - Set initial scene to FXGLStartupScene
14:46:57.553 [JavaFX Application Thread] DEBUG PrimaryStageWindow   - Opening main window
14:46:57.675 [JavaFX Application Thread] DEBUG PrimaryStageWindow   - Window border size: (0.0, 28.0)
14:46:57.676 [JavaFX Application Thread] DEBUG PrimaryStageWindow   - Scaled size: 450.0 x 600.0
14:46:57.676 [JavaFX Application Thread] DEBUG PrimaryStageWindow   - Scaled ratio: (1.0, 1.0)
14:46:57.677 [JavaFX Application Thread] DEBUG PrimaryStageWindow   - Scene size: 450.0 x 600.0
14:46:57.677 [JavaFX Application Thread] DEBUG PrimaryStageWindow   - Stage size: 450.0 x 628.0
14:46:57.690 [FXGL Background Thread 1 ] DEBUG Engine               - Initializing environment variables
14:46:57.744 [FXGL Background Thread 1 ] DEBUG FXGLAssetLoaderServi - User app class for loading assets: class com.ood.spacexinvader.GameStart
14:46:57.745 [FXGL Background Thread 1 ] DEBUG GameApplicationServi - Applying CSS: fxgl_dark.css
14:46:57.746 [FXGL Background Thread 1 ] DEBUG FXGLAssetLoaderServi - Loading from file system: jar:file:///Users/leowong/.gradle/caches/modules-2/files-2.1/com.github.almasb/fxgl/17.2/35db6ae960eec2dcfd19262d3b7f9c42f0e95bc3/fxgl-17.2.jar!/fxglassets/ui/css/fxgl_dark.css
14:46:57.894 [FXGL Background Thread 1 ] DEBUG GameApplicationServi - Initializing application scenes
14:46:58.261 [FXGL Background Thread 1 ] DEBUG GameWorld            - Game world initialized
14:46:58.334 [FXGL Background Thread 1 ] DEBUG PhysicsWorld         - Physics world initialized: appHeight=600, physics.ppm=50.0
14:46:58.334 [FXGL Background Thread 1 ] DEBUG PhysicsWorld         - Using strategy: BRUTE_FORCE
14:46:58.340 [FXGL Background Thread 1 ] DEBUG GameScene            - Game scene initialized: 450x600
14:46:58.374 [FXGL Background Thread 1 ] WARN  FXGL.DefaultMenu     - FXGLDefaultMenu is not designed for resolutions < 800x600
14:46:58.374 [FXGL Background Thread 1 ] DEBUG FXGL.DefaultMenu     - createMenuBodyGameMenu()
14:46:58.393 [FXGL Background Thread 1 ] DEBUG FXGL.DefaultMenu     - createOptionsMenu()
14:46:58.414 [FXGL Background Thread 1 ] DEBUG FXGLAssetLoaderServi - Loading from file system: jar:file:///Users/leowong/.gradle/caches/modules-2/files-2.1/com.github.almasb/fxgl/17.2/35db6ae960eec2dcfd19262d3b7f9c42f0e95bc3/fxgl-17.2.jar!/fxglassets/textures/particles/smoke.png
14:46:58.537 [FXGL Background Thread 1 ] DEBUG FXGLAssetLoaderServi - Loading from file system: jar:file:///Users/leowong/.gradle/caches/modules-2/files-2.1/com.github.almasb/fxgl/17.2/35db6ae960eec2dcfd19262d3b7f9c42f0e95bc3/fxgl-17.2.jar!/fxglassets/textures/particles/trace_horizontal.png
14:46:58.571 [FXGL Background Thread 1 ] DEBUG GameApplicationServi - Application scenes initialized
14:46:58.599 [FXGL Background Thread 1 ] DEBUG SystemBundleService  - Loading FXGL system data
14:46:58.606 [FXGL Background Thread 1 ] DEBUG FileSystemAccess     - Reading from: /Users/leowong/IdeaProjects/SpaceX-Invader/system/fxgl.bundle
14:46:58.616 [FXGL Background Thread 1 ] DEBUG SystemBundleService  - Bundle FXGL: {}
14:46:58.616 [FXGL Background Thread 1 ] DEBUG UpdaterService       - Checking for updates
14:46:58.622 [FXGL Background Thread 4 ] DEBUG FXGLApplication      - Loading fonts
14:46:58.624 [FXGL Background Thread 4 ] DEBUG FXGLAssetLoaderServi - Loading from file system: jar:file:///Users/leowong/.gradle/caches/modules-2/files-2.1/com.github.almasb/fxgl/17.2/35db6ae960eec2dcfd19262d3b7f9c42f0e95bc3/fxgl-17.2.jar!/fxglassets/ui/fonts/VarelaRound-Regular.ttf
14:46:58.625 [FXGL Background Thread 1 ] DEBUG FXGLApplication      - Loading default localization
14:46:58.625 [FXGL Background Thread 1 ] DEBUG FXGLAssetLoaderServi - Loading from file system: jar:file:///Users/leowong/.gradle/caches/modules-2/files-2.1/com.github.almasb/fxgl/17.2/35db6ae960eec2dcfd19262d3b7f9c42f0e95bc3/fxgl-17.2.jar!/fxglassets/languages/english.lang
14:46:58.641 [FXGL Background Thread 4 ] DEBUG FXGLAssetLoaderServi - Loading from file system: jar:file:///Users/leowong/.gradle/caches/modules-2/files-2.1/com.github.almasb/fxgl/17.2/35db6ae960eec2dcfd19262d3b7f9c42f0e95bc3/fxgl-17.2.jar!/fxglassets/ui/fonts/Abel-Regular.ttf
14:46:58.645 [FXGL Background Thread 4 ] DEBUG FXGLAssetLoaderServi - Loading from file system: jar:file:///Users/leowong/.gradle/caches/modules-2/files-2.1/com.github.almasb/fxgl/17.2/35db6ae960eec2dcfd19262d3b7f9c42f0e95bc3/fxgl-17.2.jar!/fxglassets/ui/fonts/TerminalLandMono-Regular.otf
14:46:58.649 [FXGL Background Thread 1 ] INFO  FXGLApplication      - FXGL initialization took: 0.958 sec
14:46:58.651 [FXGL Background Thread 4 ] DEBUG FXGLAssetLoaderServi - Loading from file system: jar:file:///Users/leowong/.gradle/caches/modules-2/files-2.1/com.github.almasb/fxgl/17.2/35db6ae960eec2dcfd19262d3b7f9c42f0e95bc3/fxgl-17.2.jar!/fxglassets/ui/fonts/Courier-Prime.ttf
14:46:58.670 [JavaFX Application Thread] DEBUG Input                - Registered new binding: Left - A
14:46:58.671 [JavaFX Application Thread] DEBUG Input                - Registered new binding: Right - D
14:46:58.671 [JavaFX Application Thread] DEBUG Input                - Registered new binding: Shoot - J
14:46:58.672 [JavaFX Application Thread] DEBUG FXGLAssetLoaderServi - Loading from file system: jar:file:///Users/leowong/IdeaProjects/SpaceX-Invader/build/libs/SpaceX-Invader-1.0-SNAPSHOT.jar!/assets/textures/icon/spacex-invader-favicon-black.png
14:46:58.692 [JavaFX Application Thread] DEBUG FXGLAssetLoaderServi - Loading from file system: jar:file:///Users/leowong/.gradle/caches/modules-2/files-2.1/com.github.almasb/fxgl/17.2/35db6ae960eec2dcfd19262d3b7f9c42f0e95bc3/fxgl-17.2.jar!/fxglassets/textures/fxgl_default_cursor.png
14:46:58.696 [JavaFX Application Thread] DEBUG Input                - Registered new binding: Screenshot - CTRL+8
14:46:58.696 [JavaFX Application Thread] DEBUG Input                - Registered new binding: System info dump - CTRL+9
14:46:58.697 [JavaFX Application Thread] DEBUG Input                - Registered new binding: Restart - CTRL+R
14:46:58.697 [JavaFX Application Thread] DEBUG Input                - Registered new binding: Toggle Debug Camera - CTRL+7
14:46:58.699 [JavaFX Application Thread] DEBUG LoopRunner           - Starting loop
14:46:58.699 [JavaFX Application Thread] DEBUG LoopRunner           - Initializing JavaFX AnimationTimerLoop
14:46:58.702 [JavaFX Application Thread] DEBUG Input                - Clearing active input actions
14:46:58.714 [JavaFX Application Thread] DEBUG GameApplicationServi - Removing overlay from FXGLStartupScene and adding to FXGLMainMenuDummyScene
14:46:58.715 [JavaFX Application Thread] DEBUG PrimaryStageWindow   - FXGLStartupScene -> FXGLMainMenuDummyScene
14:46:58.715 [JavaFX Application Thread] DEBUG PrimaryStageWindow   - Push state: MainMenu
14:46:58.715 [JavaFX Application Thread] DEBUG Input                - Clearing active input actions
14:46:58.723 [JavaFX Application Thread] DEBUG GameApplicationServi - Removing overlay from FXGLMainMenuDummyScene and adding to MainMenu
14:46:58.724 [JavaFX Application Thread] DEBUG PrimaryStageWindow   - FXGLMainMenuDummyScene -> MainMenu
14:46:58.793 [JavaFX Application Thread] DEBUG FXGLApplication      - Registering font factories with UI factory
14:46:59.591 [JavaFX Application Thread] DEBUG GameApplicationServi - Starting new game
14:46:59.591 [JavaFX Application Thread] DEBUG PrimaryStageWindow   - Pop state: MainMenu
14:46:59.591 [JavaFX Application Thread] DEBUG Input                - Clearing active input actions
14:46:59.593 [JavaFX Application Thread] DEBUG GameApplicationServi - Removing overlay from MainMenu and adding to FXGLMainMenuDummyScene
14:46:59.594 [JavaFX Application Thread] DEBUG PrimaryStageWindow   - FXGLMainMenuDummyScene <- MainMenu
14:46:59.595 [JavaFX Application Thread] DEBUG Input                - Clearing active input actions
14:46:59.604 [JavaFX Application Thread] DEBUG GameApplicationServi - Removing overlay from FXGLMainMenuDummyScene and adding to FXGLLoadingScene
14:46:59.605 [JavaFX Application Thread] DEBUG PrimaryStageWindow   - FXGLMainMenuDummyScene -> FXGLLoadingScene
14:46:59.605 [JavaFX Application Thread] DEBUG GameApplicationServi - Clearing previous game
14:46:59.605 [JavaFX Application Thread] DEBUG GameScene            - Clearing game scene
14:46:59.605 [JavaFX Application Thread] DEBUG GameWorld            - Clearing game world
14:46:59.606 [JavaFX Application Thread] DEBUG PhysicsWorld         - Clearing physics world
14:46:59.607 [FXGL Background Thread 2 ] DEBUG FXGLApplication      - Initializing game
14:46:59.610 [FXGL Background Thread 2 ] DEBUG FXGLAssetLoaderServi - Loading from file system: jar:file:///Users/leowong/IdeaProjects/SpaceX-Invader/build/libs/SpaceX-Invader-1.0-SNAPSHOT.jar!/assets/textures/player/SpaceX.png
14:46:59.636 [FXGL Background Thread 2 ] INFO  FXGLApplication      - Game initialization took: 0.028 sec
14:46:59.637 [JavaFX Application Thread] DEBUG Input                - Clearing active input actions
14:46:59.648 [JavaFX Application Thread] DEBUG GameApplicationServi - Removing overlay from FXGLLoadingScene and adding to GameScene
14:46:59.649 [JavaFX Application Thread] DEBUG PrimaryStageWindow   - FXGLLoadingScene -> GameScene
14:47:01.623 [FXGL Background Thread 3 ] DEBUG Engine               - Logging environment variables
14:47:01.625 [FXGL Background Thread 3 ] DEBUG Engine               - achievements: []
14:47:01.625 [FXGL Background Thread 3 ] DEBUG Engine               - actualHeight: 600.0
14:47:01.626 [FXGL Background Thread 3 ] DEBUG Engine               - actualHeightProperty: ReadOnlyDoubleProperty [value: 600.0]
14:47:01.626 [FXGL Background Thread 3 ] DEBUG Engine               - actualWidth: 450.0
14:47:01.626 [FXGL Background Thread 3 ] DEBUG Engine               - actualWidthProperty: ReadOnlyDoubleProperty [value: 450.0]
14:47:01.626 [FXGL Background Thread 3 ] DEBUG Engine               - appIcon: icon/spacex-invader-favicon-black.png
14:47:01.626 [FXGL Background Thread 3 ] DEBUG Engine               - applicationMode: DEVELOPER
14:47:01.626 [FXGL Background Thread 3 ] DEBUG Engine               - cSSList: [fxgl_dark.css]
14:47:01.627 [FXGL Background Thread 3 ] DEBUG Engine               - collisionDetectionStrategy: BRUTE_FORCE
14:47:01.627 [FXGL Background Thread 3 ] DEBUG Engine               - configClass: Optional.empty
14:47:01.627 [FXGL Background Thread 3 ] DEBUG Engine               - credits: []
14:47:01.627 [FXGL Background Thread 3 ] DEBUG Engine               - defaultCursor: CursorInfo(imageName=fxgl_default_cursor.png, hotspotX=7.0, hotspotY=6.0)
14:47:01.628 [FXGL Background Thread 3 ] DEBUG Engine               - devBBoxColorProperty: ObjectProperty [value: 0xff0000ff]
14:47:01.628 [FXGL Background Thread 3 ] DEBUG Engine               - devEnableDebugCameraProperty: BooleanProperty [value: false]
14:47:01.628 [FXGL Background Thread 3 ] DEBUG Engine               - devSensorColorProperty: ObjectProperty [value: 0xffff00ff]
14:47:01.628 [FXGL Background Thread 3 ] DEBUG Engine               - devShowBBoxProperty: BooleanProperty [value: false]
14:47:01.628 [FXGL Background Thread 3 ] DEBUG Engine               - devShowPositionProperty: BooleanProperty [value: false]
14:47:01.628 [FXGL Background Thread 3 ] DEBUG Engine               - enabledMenuItems: []
14:47:01.629 [FXGL Background Thread 3 ] DEBUG Engine               - engineServices: [class com.almasb.fxgl.app.services.FXGLAssetLoaderService, class com.almasb.fxgl.app.FXGLApplication$GameApplicationService, class com.almasb.fxgl.app.services.FXGLDialogService, class com.almasb.fxgl.app.services.IOTaskExecutorService, class com.almasb.fxgl.io.FileSystemService, class com.almasb.fxgl.localization.LocalizationService, class com.almasb.fxgl.app.services.SystemBundleService, class com.almasb.fxgl.profile.SaveLoadService, class com.almasb.fxgl.ui.FXGLUIFactoryServiceProvider, class com.almasb.fxgl.ui.FXGLDialogFactoryServiceProvider, class com.almasb.fxgl.audio.AudioPlayer, class com.almasb.fxgl.notification.impl.NotificationServiceProvider, class com.almasb.fxgl.achievement.AchievementService, class com.almasb.fxgl.cutscene.CutsceneService, class com.almasb.fxgl.minigames.MiniGameService, class com.almasb.fxgl.net.NetService, class com.almasb.fxgl.app.services.UpdaterService, class com.almasb.fxgl.dev.DevService]
14:47:01.629 [FXGL Background Thread 3 ] DEBUG Engine               - fontGame: Abel-Regular.ttf
14:47:01.629 [FXGL Background Thread 3 ] DEBUG Engine               - fontMono: TerminalLandMono-Regular.otf
14:47:01.629 [FXGL Background Thread 3 ] DEBUG Engine               - fontText: Courier-Prime.ttf
14:47:01.629 [FXGL Background Thread 3 ] DEBUG Engine               - fontUI: VarelaRound-Regular.ttf
14:47:01.629 [FXGL Background Thread 3 ] DEBUG Engine               - fullScreen: BooleanProperty [value: false]
14:47:01.630 [FXGL Background Thread 3 ] DEBUG Engine               - gameDifficulty: MEDIUM
14:47:01.630 [FXGL Background Thread 3 ] DEBUG Engine               - gameDifficultyProperty: ObjectProperty [value: MEDIUM]
14:47:01.630 [FXGL Background Thread 3 ] DEBUG Engine               - globalMusicVolume: 0.5
14:47:01.630 [FXGL Background Thread 3 ] DEBUG Engine               - globalMusicVolumeProperty: DoubleProperty [value: 0.5]
14:47:01.630 [FXGL Background Thread 3 ] DEBUG Engine               - globalSoundVolume: 0.5
14:47:01.631 [FXGL Background Thread 3 ] DEBUG Engine               - globalSoundVolumeProperty: DoubleProperty [value: 0.5]
14:47:01.631 [FXGL Background Thread 3 ] DEBUG Engine               - height: 600
14:47:01.631 [FXGL Background Thread 3 ] DEBUG Engine               - is3D: false
14:47:01.631 [FXGL Background Thread 3 ] DEBUG Engine               - isAndroid: false
14:47:01.631 [FXGL Background Thread 3 ] DEBUG Engine               - isBrowser: false
14:47:01.632 [FXGL Background Thread 3 ] DEBUG Engine               - isClickFeedbackEnabled: false
14:47:01.632 [FXGL Background Thread 3 ] DEBUG Engine               - isCloseConfirmation: false
14:47:01.632 [FXGL Background Thread 3 ] DEBUG Engine               - isDesktop: true
14:47:01.632 [FXGL Background Thread 3 ] DEBUG Engine               - isDeveloperMenuEnabled: false
14:47:01.632 [FXGL Background Thread 3 ] DEBUG Engine               - isEmbedded: false
14:47:01.632 [FXGL Background Thread 3 ] DEBUG Engine               - isEntityPreloadEnabled: true
14:47:01.633 [FXGL Background Thread 3 ] DEBUG Engine               - isExperimentalTiledLargeMap: false
14:47:01.633 [FXGL Background Thread 3 ] DEBUG Engine               - isFileSystemWriteAllowed: true
14:47:01.633 [FXGL Background Thread 3 ] DEBUG Engine               - isFullScreenAllowed: false
14:47:01.633 [FXGL Background Thread 3 ] DEBUG Engine               - isFullScreenFromStart: false
14:47:01.633 [FXGL Background Thread 3 ] DEBUG Engine               - isGameMenuEnabled: true
14:47:01.633 [FXGL Background Thread 3 ] DEBUG Engine               - isIOS: false
14:47:01.633 [FXGL Background Thread 3 ] DEBUG Engine               - isIntroEnabled: false
14:47:01.634 [FXGL Background Thread 3 ] DEBUG Engine               - isLinux: false
14:47:01.634 [FXGL Background Thread 3 ] DEBUG Engine               - isMac: true
14:47:01.634 [FXGL Background Thread 3 ] DEBUG Engine               - isMainMenuEnabled: true
14:47:01.634 [FXGL Background Thread 3 ] DEBUG Engine               - isManualResizeEnabled: false
14:47:01.634 [FXGL Background Thread 3 ] DEBUG Engine               - isMobile: false
14:47:01.634 [FXGL Background Thread 3 ] DEBUG Engine               - isNative: false
14:47:01.634 [FXGL Background Thread 3 ] DEBUG Engine               - isPauseMusicWhenMinimized: true
14:47:01.634 [FXGL Background Thread 3 ] DEBUG Engine               - isPreserveResizeRatio: false
14:47:01.634 [FXGL Background Thread 3 ] DEBUG Engine               - isProfilingEnabled: false
14:47:01.634 [FXGL Background Thread 3 ] DEBUG Engine               - isScaleAffectedOnResize: true
14:47:01.635 [FXGL Background Thread 3 ] DEBUG Engine               - isSingleStep: false
14:47:01.635 [FXGL Background Thread 3 ] DEBUG Engine               - isUserProfileEnabled: false
14:47:01.635 [FXGL Background Thread 3 ] DEBUG Engine               - isWindows: false
14:47:01.635 [FXGL Background Thread 3 ] DEBUG Engine               - language: ObjectProperty [value: ENGLISH]
14:47:01.635 [FXGL Background Thread 3 ] DEBUG Engine               - menuKey: ESCAPE
14:47:01.635 [FXGL Background Thread 3 ] DEBUG Engine               - mouseSensitivity: 0.2
14:47:01.635 [FXGL Background Thread 3 ] DEBUG Engine               - notificationViewClass: class com.almasb.fxgl.notification.view.XboxNotificationView
14:47:01.635 [FXGL Background Thread 3 ] DEBUG Engine               - pixelsPerMeter: 50.0
14:47:01.635 [FXGL Background Thread 3 ] DEBUG Engine               - platform: MAC
14:47:01.635 [FXGL Background Thread 3 ] DEBUG Engine               - prefHeightProperty: ReadOnlyDoubleProperty [value: 600.0]
14:47:01.636 [FXGL Background Thread 3 ] DEBUG Engine               - prefWidthProperty: ReadOnlyDoubleProperty [value: 450.0]
14:47:01.636 [FXGL Background Thread 3 ] DEBUG Engine               - profileDir: profiles/
14:47:01.636 [FXGL Background Thread 3 ] DEBUG Engine               - profileName: StringProperty [value: DEFAULT]
14:47:01.636 [FXGL Background Thread 3 ] DEBUG Engine               - randomSeed: -1
14:47:01.636 [FXGL Background Thread 3 ] DEBUG Engine               - runtimeInfo: RuntimeInfo(platform=MAC, version=17.2, build=20.08.2022 16.50)
14:47:01.637 [FXGL Background Thread 3 ] DEBUG Engine               - saveFileExt: sav
14:47:01.637 [FXGL Background Thread 3 ] DEBUG Engine               - scaledHeightProp$fxgl: DoubleProperty [bound, value: 600.0]
14:47:01.637 [FXGL Background Thread 3 ] DEBUG Engine               - scaledWidthProp$fxgl: DoubleProperty [bound, value: 450.0]
14:47:01.637 [FXGL Background Thread 3 ] DEBUG Engine               - sceneFactory: com.ood.spacexinvader.GameStart$1@53296b7a
14:47:01.637 [FXGL Background Thread 3 ] DEBUG Engine               - secondsIn24h: 60
14:47:01.637 [FXGL Background Thread 3 ] DEBUG Engine               - soundMenuBack: menu/back.wav
14:47:01.637 [FXGL Background Thread 3 ] DEBUG Engine               - soundMenuPress: menu/press.wav
14:47:01.637 [FXGL Background Thread 3 ] DEBUG Engine               - soundMenuSelect: menu/select.wav
14:47:01.637 [FXGL Background Thread 3 ] DEBUG Engine               - soundNotification: core/notification.wav
14:47:01.638 [FXGL Background Thread 3 ] DEBUG Engine               - stageStyle: DECORATED
14:47:01.638 [FXGL Background Thread 3 ] DEBUG Engine               - supportedLanguages: [ENGLISH, FRENCH, GERMAN, HUNGARIAN, RUSSIAN]
14:47:01.638 [FXGL Background Thread 3 ] DEBUG Engine               - ticksPerSecond: -1
14:47:01.638 [FXGL Background Thread 3 ] DEBUG Engine               - title: SpaceX Invader
14:47:01.638 [FXGL Background Thread 3 ] DEBUG Engine               - urlGithub: https://github.com/AlmasB/FXGL
14:47:01.638 [FXGL Background Thread 3 ] DEBUG Engine               - urlLeaderboard: http://fxgl-top.herokuapp.com/
14:47:01.638 [FXGL Background Thread 3 ] DEBUG Engine               - urlPOM: https://raw.githubusercontent.com/AlmasB/FXGL/release/README.md
14:47:01.638 [FXGL Background Thread 3 ] DEBUG Engine               - userAppClass: class com.ood.spacexinvader.GameStart
14:47:01.638 [FXGL Background Thread 3 ] DEBUG Engine               - version: 0.0
14:47:01.639 [FXGL Background Thread 3 ] DEBUG Engine               - versionCheckDays: 7
14:47:01.639 [FXGL Background Thread 3 ] DEBUG Engine               - width: 450
14:47:01.639 [FXGL Background Thread 3 ] DEBUG Engine               - Logging services
14:47:01.639 [FXGL Background Thread 3 ] DEBUG Engine               - class com.almasb.fxgl.app.services.FXGLAssetLoaderService
14:47:01.639 [FXGL Background Thread 3 ] DEBUG Engine               - class com.almasb.fxgl.app.FXGLApplication$GameApplicationService
14:47:01.639 [FXGL Background Thread 3 ] DEBUG Engine               - class com.almasb.fxgl.app.services.FXGLDialogService
14:47:01.639 [FXGL Background Thread 3 ] DEBUG Engine               - class com.almasb.fxgl.app.services.IOTaskExecutorService
14:47:01.639 [FXGL Background Thread 3 ] DEBUG Engine               - class com.almasb.fxgl.io.FileSystemService
14:47:01.639 [FXGL Background Thread 3 ] DEBUG Engine               - class com.almasb.fxgl.localization.LocalizationService
14:47:01.640 [FXGL Background Thread 3 ] DEBUG Engine               - class com.almasb.fxgl.app.services.SystemBundleService
14:47:01.640 [FXGL Background Thread 3 ] DEBUG Engine               - class com.almasb.fxgl.profile.SaveLoadService
14:47:01.640 [FXGL Background Thread 3 ] DEBUG Engine               - class com.almasb.fxgl.ui.FXGLUIFactoryServiceProvider
14:47:01.640 [FXGL Background Thread 3 ] DEBUG Engine               - class com.almasb.fxgl.ui.FXGLDialogFactoryServiceProvider
14:47:01.640 [FXGL Background Thread 3 ] DEBUG Engine               - class com.almasb.fxgl.audio.AudioPlayer
14:47:01.640 [FXGL Background Thread 3 ] DEBUG Engine               - class com.almasb.fxgl.notification.impl.NotificationServiceProvider
14:47:01.640 [FXGL Background Thread 3 ] DEBUG Engine               - class com.almasb.fxgl.achievement.AchievementService
14:47:01.641 [FXGL Background Thread 3 ] DEBUG Engine               - class com.almasb.fxgl.cutscene.CutsceneService
14:47:01.641 [FXGL Background Thread 3 ] DEBUG Engine               - class com.almasb.fxgl.minigames.MiniGameService
14:47:01.641 [FXGL Background Thread 3 ] DEBUG Engine               - class com.almasb.fxgl.net.NetService
14:47:01.641 [FXGL Background Thread 3 ] DEBUG Engine               - class com.almasb.fxgl.app.services.UpdaterService
14:47:01.642 [FXGL Background Thread 3 ] DEBUG Engine               - class com.almasb.fxgl.dev.DevService
14:47:04.013 [JavaFX Application Thread] DEBUG FXGLApplication      - Exiting FXGL
14:47:04.013 [JavaFX Application Thread] DEBUG LoopRunner           - Stopping loop
14:47:04.014 [JavaFX Application Thread] DEBUG SystemBundleService  - Saving FXGL system data
14:47:04.019 [JavaFX Application Thread] DEBUG FileSystemAccess     - Writing to: /Users/leowong/IdeaProjects/SpaceX-Invader/system/fxgl.bundle
14:47:04.022 [JavaFX Application Thread] DEBUG Async                - Shutting down background threads
14:47:04.022 [JavaFX Application Thread] DEBUG PrimaryStageWindow   - Closing main window
14:47:04.039 [JavaFX Application Thread] DEBUG Logger               - Closing Logger
