15:22:48.196 [main                     ] DEBUG Logger               - Configured Logger
15:22:48.210 [main                     ] DEBUG GameApplication      - Logging settings
Title: SpaceX Invader
Version: 0.0
Width: 450
Height: 600
Fullscreen: false
Intro: false
Profiling: false
Single step:false
App Mode: DEVELOPER
Menu Key: ESCAPE
Stage Style: DECORATED
Scene Factory: class com.ood.spacexinvader.GameStart$1

15:22:48.425 [JavaFX Application Thread] DEBUG FXGLApplication      - Initializing FXGL
15:22:48.429 [JavaFX Application Thread] INFO  Engine               - FXGL-17.2 (20.08.2022 16.50) on MAC (J:17.0.4.1 FX:17.0.2-ea)
15:22:48.429 [JavaFX Application Thread] DEBUG Engine               - JRE Vendor Name: Oracle Corporation
15:22:48.429 [JavaFX Application Thread] DEBUG Engine               - Running on OS: Mac OS X version 13.0.1
15:22:48.429 [JavaFX Application Thread] DEBUG Engine               - Architecture: aarch64
15:22:48.429 [JavaFX Application Thread] INFO  Engine               - Source code and latest versions at: https://github.com/AlmasB/FXGL
15:22:48.429 [JavaFX Application Thread] INFO  Engine               -       Ask questions and discuss at: https://github.com/AlmasB/FXGL/discussions
15:22:48.430 [JavaFX Application Thread] INFO  Engine               -              Join the FXGL chat at: https://gitter.im/AlmasB/FXGL
15:22:48.470 [JavaFX Application Thread] DEBUG PrimaryStageWindow   - Creating a JavaFX scene
15:22:48.489 [JavaFX Application Thread] DEBUG PrimaryStageWindow   - Target settings size: 450.0 x 600.0
15:22:48.489 [JavaFX Application Thread] DEBUG PrimaryStageWindow   - Scaled scene size:    450.0 x 600.0
15:22:48.489 [JavaFX Application Thread] DEBUG PrimaryStageWindow   - Scaled ratio: (1.0, 1.0)
15:22:48.490 [JavaFX Application Thread] DEBUG PrimaryStageWindow   - Set initial scene to FXGLStartupScene
15:22:48.492 [JavaFX Application Thread] DEBUG PrimaryStageWindow   - Opening main window
15:22:48.527 [JavaFX Application Thread] DEBUG PrimaryStageWindow   - Window border size: (0.0, 28.0)
15:22:48.527 [JavaFX Application Thread] DEBUG PrimaryStageWindow   - Scaled size: 450.0 x 600.0
15:22:48.527 [JavaFX Application Thread] DEBUG PrimaryStageWindow   - Scaled ratio: (1.0, 1.0)
15:22:48.527 [JavaFX Application Thread] DEBUG PrimaryStageWindow   - Scene size: 450.0 x 600.0
15:22:48.527 [JavaFX Application Thread] DEBUG PrimaryStageWindow   - Stage size: 450.0 x 628.0
15:22:48.530 [FXGL Background Thread 1 ] DEBUG Engine               - Initializing environment variables
15:22:48.545 [FXGL Background Thread 1 ] DEBUG FXGLAssetLoaderServi - User app class for loading assets: class com.ood.spacexinvader.GameStart
15:22:48.545 [FXGL Background Thread 1 ] DEBUG GameApplicationServi - Applying CSS: fxgl_dark.css
15:22:48.546 [FXGL Background Thread 1 ] DEBUG FXGLAssetLoaderServi - Loading from file system: jar:file:///Users/hiimecho/.gradle/caches/modules-2/files-2.1/com.github.almasb/fxgl/17.2/35db6ae960eec2dcfd19262d3b7f9c42f0e95bc3/fxgl-17.2.jar!/fxglassets/ui/css/fxgl_dark.css
15:22:48.567 [FXGL Background Thread 1 ] DEBUG GameApplicationServi - Initializing application scenes
15:22:48.640 [FXGL Background Thread 1 ] DEBUG GameWorld            - Game world initialized
15:22:48.666 [FXGL Background Thread 1 ] DEBUG PhysicsWorld         - Physics world initialized: appHeight=600, physics.ppm=50.0
15:22:48.667 [FXGL Background Thread 1 ] DEBUG PhysicsWorld         - Using strategy: BRUTE_FORCE
15:22:48.669 [FXGL Background Thread 1 ] DEBUG GameScene            - Game scene initialized: 450x600
15:22:48.683 [FXGL Background Thread 1 ] DEBUG GameApplicationServi - Application scenes initialized
15:22:48.689 [FXGL Background Thread 1 ] DEBUG SystemBundleService  - Loading FXGL system data
15:22:48.692 [FXGL Background Thread 1 ] DEBUG FileSystemAccess     - Reading from: /Users/hiimecho/Documents/Coding/Java/Coding/SpaceX-Invader/system/fxgl.bundle
15:22:48.697 [FXGL Background Thread 1 ] DEBUG SystemBundleService  - Bundle FXGL: {}
15:22:48.697 [FXGL Background Thread 1 ] DEBUG UpdaterService       - Checking for updates
15:22:48.699 [FXGL Background Thread 4 ] DEBUG FXGLApplication      - Loading fonts
15:22:48.699 [FXGL Background Thread 4 ] DEBUG FXGLAssetLoaderServi - Loading from file system: jar:file:///Users/hiimecho/.gradle/caches/modules-2/files-2.1/com.github.almasb/fxgl/17.2/35db6ae960eec2dcfd19262d3b7f9c42f0e95bc3/fxgl-17.2.jar!/fxglassets/ui/fonts/VarelaRound-Regular.ttf
15:22:48.699 [FXGL Background Thread 1 ] DEBUG FXGLApplication      - Loading default localization
15:22:48.700 [FXGL Background Thread 1 ] DEBUG FXGLAssetLoaderServi - Loading from file system: jar:file:///Users/hiimecho/.gradle/caches/modules-2/files-2.1/com.github.almasb/fxgl/17.2/35db6ae960eec2dcfd19262d3b7f9c42f0e95bc3/fxgl-17.2.jar!/fxglassets/languages/english.lang
15:22:48.706 [FXGL Background Thread 1 ] INFO  FXGLApplication      - FXGL initialization took: 0.176 sec
15:22:48.706 [FXGL Background Thread 4 ] DEBUG FXGLAssetLoaderServi - Loading from file system: jar:file:///Users/hiimecho/.gradle/caches/modules-2/files-2.1/com.github.almasb/fxgl/17.2/35db6ae960eec2dcfd19262d3b7f9c42f0e95bc3/fxgl-17.2.jar!/fxglassets/ui/fonts/Abel-Regular.ttf
15:22:48.708 [FXGL Background Thread 4 ] DEBUG FXGLAssetLoaderServi - Loading from file system: jar:file:///Users/hiimecho/.gradle/caches/modules-2/files-2.1/com.github.almasb/fxgl/17.2/35db6ae960eec2dcfd19262d3b7f9c42f0e95bc3/fxgl-17.2.jar!/fxglassets/ui/fonts/TerminalLandMono-Regular.otf
15:22:48.709 [FXGL Background Thread 4 ] DEBUG FXGLAssetLoaderServi - Loading from file system: jar:file:///Users/hiimecho/.gradle/caches/modules-2/files-2.1/com.github.almasb/fxgl/17.2/35db6ae960eec2dcfd19262d3b7f9c42f0e95bc3/fxgl-17.2.jar!/fxglassets/ui/fonts/Courier-Prime.ttf
15:22:48.710 [JavaFX Application Thread] DEBUG Input                - Registered new binding: Left - A
15:22:48.710 [JavaFX Application Thread] DEBUG Input                - Registered new binding: Right - D
15:22:48.710 [JavaFX Application Thread] DEBUG Input                - Registered new binding: Shoot - J
15:22:48.710 [JavaFX Application Thread] DEBUG FXGLAssetLoaderServi - Loading from file system: jar:file:///Users/hiimecho/Documents/Coding/Java/Coding/SpaceX-Invader/build/libs/SpaceX-Invader-1.0-SNAPSHOT.jar!/assets/textures/icon/spacex-invader-favicon-black.png
15:22:48.731 [JavaFX Application Thread] DEBUG FXGLAssetLoaderServi - Loading from file system: jar:file:///Users/hiimecho/.gradle/caches/modules-2/files-2.1/com.github.almasb/fxgl/17.2/35db6ae960eec2dcfd19262d3b7f9c42f0e95bc3/fxgl-17.2.jar!/fxglassets/textures/fxgl_default_cursor.png
15:22:48.733 [JavaFX Application Thread] DEBUG Input                - Registered new binding: Screenshot - CTRL+8
15:22:48.733 [JavaFX Application Thread] DEBUG Input                - Registered new binding: System info dump - CTRL+9
15:22:48.733 [JavaFX Application Thread] DEBUG Input                - Registered new binding: Restart - CTRL+R
15:22:48.734 [JavaFX Application Thread] DEBUG Input                - Registered new binding: Toggle Debug Camera - CTRL+7
15:22:48.735 [JavaFX Application Thread] DEBUG LoopRunner           - Starting loop
15:22:48.735 [JavaFX Application Thread] DEBUG LoopRunner           - Initializing JavaFX AnimationTimerLoop
15:22:48.736 [JavaFX Application Thread] DEBUG Input                - Clearing active input actions
15:22:48.740 [JavaFX Application Thread] DEBUG GameApplicationServi - Removing overlay from FXGLStartupScene and adding to FXGLMainMenuDummyScene
15:22:48.740 [JavaFX Application Thread] DEBUG PrimaryStageWindow   - FXGLStartupScene -> FXGLMainMenuDummyScene
15:22:48.740 [JavaFX Application Thread] DEBUG PrimaryStageWindow   - Push state: MainMenu
15:22:48.740 [JavaFX Application Thread] DEBUG Input                - Clearing active input actions
15:22:48.744 [JavaFX Application Thread] DEBUG GameApplicationServi - Removing overlay from FXGLMainMenuDummyScene and adding to MainMenu
15:22:48.744 [JavaFX Application Thread] DEBUG PrimaryStageWindow   - FXGLMainMenuDummyScene -> MainMenu
15:22:48.765 [JavaFX Application Thread] DEBUG FXGLApplication      - Registering font factories with UI factory
15:22:49.985 [JavaFX Application Thread] DEBUG GameApplicationServi - Starting new game
15:22:49.986 [JavaFX Application Thread] DEBUG PrimaryStageWindow   - Pop state: MainMenu
15:22:49.986 [JavaFX Application Thread] DEBUG Input                - Clearing active input actions
15:22:49.987 [JavaFX Application Thread] DEBUG GameApplicationServi - Removing overlay from MainMenu and adding to FXGLMainMenuDummyScene
15:22:49.988 [JavaFX Application Thread] DEBUG PrimaryStageWindow   - FXGLMainMenuDummyScene <- MainMenu
15:22:49.989 [JavaFX Application Thread] DEBUG Input                - Clearing active input actions
15:22:50.000 [JavaFX Application Thread] DEBUG GameApplicationServi - Removing overlay from FXGLMainMenuDummyScene and adding to FXGLLoadingScene
15:22:50.000 [JavaFX Application Thread] DEBUG PrimaryStageWindow   - FXGLMainMenuDummyScene -> FXGLLoadingScene
15:22:50.000 [JavaFX Application Thread] DEBUG GameApplicationServi - Clearing previous game
15:22:50.000 [JavaFX Application Thread] DEBUG GameScene            - Clearing game scene
15:22:50.000 [JavaFX Application Thread] DEBUG GameWorld            - Clearing game world
15:22:50.001 [JavaFX Application Thread] DEBUG PhysicsWorld         - Clearing physics world
15:22:50.003 [FXGL Background Thread 2 ] DEBUG FXGLApplication      - Initializing game
15:22:50.009 [FXGL Background Thread 2 ] DEBUG FXGLAssetLoaderServi - Loading from file system: jar:file:///Users/hiimecho/Documents/Coding/Java/Coding/SpaceX-Invader/build/libs/SpaceX-Invader-1.0-SNAPSHOT.jar!/assets/textures/player/SpaceX.png
15:22:50.027 [FXGL Background Thread 2 ] INFO  FXGLApplication      - Game initialization took: 0.024 sec
15:22:50.034 [JavaFX Application Thread] DEBUG Input                - Clearing active input actions
15:22:50.038 [JavaFX Application Thread] DEBUG GameApplicationServi - Removing overlay from FXGLLoadingScene and adding to GameScene
15:22:50.039 [JavaFX Application Thread] DEBUG PrimaryStageWindow   - FXGLLoadingScene -> GameScene
15:22:51.704 [FXGL Background Thread 3 ] DEBUG Engine               - Logging environment variables
15:22:51.705 [FXGL Background Thread 3 ] DEBUG Engine               - achievements: []
15:22:51.705 [FXGL Background Thread 3 ] DEBUG Engine               - actualHeight: 600.0
15:22:51.705 [FXGL Background Thread 3 ] DEBUG Engine               - actualHeightProperty: ReadOnlyDoubleProperty [value: 600.0]
15:22:51.706 [FXGL Background Thread 3 ] DEBUG Engine               - actualWidth: 450.0
15:22:51.706 [FXGL Background Thread 3 ] DEBUG Engine               - actualWidthProperty: ReadOnlyDoubleProperty [value: 450.0]
15:22:51.706 [FXGL Background Thread 3 ] DEBUG Engine               - appIcon: icon/spacex-invader-favicon-black.png
15:22:51.706 [FXGL Background Thread 3 ] DEBUG Engine               - applicationMode: DEVELOPER
15:22:51.706 [FXGL Background Thread 3 ] DEBUG Engine               - cSSList: [fxgl_dark.css]
15:22:51.706 [FXGL Background Thread 3 ] DEBUG Engine               - collisionDetectionStrategy: BRUTE_FORCE
15:22:51.706 [FXGL Background Thread 3 ] DEBUG Engine               - configClass: Optional.empty
15:22:51.706 [FXGL Background Thread 3 ] DEBUG Engine               - credits: []
15:22:51.708 [FXGL Background Thread 3 ] DEBUG Engine               - defaultCursor: CursorInfo(imageName=fxgl_default_cursor.png, hotspotX=7.0, hotspotY=6.0)
15:22:51.708 [FXGL Background Thread 3 ] DEBUG Engine               - devBBoxColorProperty: ObjectProperty [value: 0xff0000ff]
15:22:51.708 [FXGL Background Thread 3 ] DEBUG Engine               - devEnableDebugCameraProperty: BooleanProperty [value: false]
15:22:51.708 [FXGL Background Thread 3 ] DEBUG Engine               - devSensorColorProperty: ObjectProperty [value: 0xffff00ff]
15:22:51.709 [FXGL Background Thread 3 ] DEBUG Engine               - devShowBBoxProperty: BooleanProperty [value: false]
15:22:51.709 [FXGL Background Thread 3 ] DEBUG Engine               - devShowPositionProperty: BooleanProperty [value: false]
15:22:51.709 [FXGL Background Thread 3 ] DEBUG Engine               - enabledMenuItems: []
15:22:51.709 [FXGL Background Thread 3 ] DEBUG Engine               - engineServices: [class com.almasb.fxgl.app.services.FXGLAssetLoaderService, class com.almasb.fxgl.app.FXGLApplication$GameApplicationService, class com.almasb.fxgl.app.services.FXGLDialogService, class com.almasb.fxgl.app.services.IOTaskExecutorService, class com.almasb.fxgl.io.FileSystemService, class com.almasb.fxgl.localization.LocalizationService, class com.almasb.fxgl.app.services.SystemBundleService, class com.almasb.fxgl.profile.SaveLoadService, class com.almasb.fxgl.ui.FXGLUIFactoryServiceProvider, class com.almasb.fxgl.ui.FXGLDialogFactoryServiceProvider, class com.almasb.fxgl.audio.AudioPlayer, class com.almasb.fxgl.notification.impl.NotificationServiceProvider, class com.almasb.fxgl.achievement.AchievementService, class com.almasb.fxgl.cutscene.CutsceneService, class com.almasb.fxgl.minigames.MiniGameService, class com.almasb.fxgl.net.NetService, class com.almasb.fxgl.app.services.UpdaterService, class com.almasb.fxgl.dev.DevService]
15:22:51.709 [FXGL Background Thread 3 ] DEBUG Engine               - fontGame: Abel-Regular.ttf
15:22:51.709 [FXGL Background Thread 3 ] DEBUG Engine               - fontMono: TerminalLandMono-Regular.otf
15:22:51.709 [FXGL Background Thread 3 ] DEBUG Engine               - fontText: Courier-Prime.ttf
15:22:51.709 [FXGL Background Thread 3 ] DEBUG Engine               - fontUI: VarelaRound-Regular.ttf
15:22:51.709 [FXGL Background Thread 3 ] DEBUG Engine               - fullScreen: BooleanProperty [value: false]
15:22:51.709 [FXGL Background Thread 3 ] DEBUG Engine               - gameDifficulty: MEDIUM
15:22:51.709 [FXGL Background Thread 3 ] DEBUG Engine               - gameDifficultyProperty: ObjectProperty [value: MEDIUM]
15:22:51.709 [FXGL Background Thread 3 ] DEBUG Engine               - globalMusicVolume: 0.5
15:22:51.710 [FXGL Background Thread 3 ] DEBUG Engine               - globalMusicVolumeProperty: DoubleProperty [value: 0.5]
15:22:51.710 [FXGL Background Thread 3 ] DEBUG Engine               - globalSoundVolume: 0.5
15:22:51.710 [FXGL Background Thread 3 ] DEBUG Engine               - globalSoundVolumeProperty: DoubleProperty [value: 0.5]
15:22:51.710 [FXGL Background Thread 3 ] DEBUG Engine               - height: 600
15:22:51.710 [FXGL Background Thread 3 ] DEBUG Engine               - is3D: false
15:22:51.710 [FXGL Background Thread 3 ] DEBUG Engine               - isAndroid: false
15:22:51.710 [FXGL Background Thread 3 ] DEBUG Engine               - isBrowser: false
15:22:51.710 [FXGL Background Thread 3 ] DEBUG Engine               - isClickFeedbackEnabled: false
15:22:51.710 [FXGL Background Thread 3 ] DEBUG Engine               - isCloseConfirmation: true
15:22:51.710 [FXGL Background Thread 3 ] DEBUG Engine               - isDesktop: true
15:22:51.710 [FXGL Background Thread 3 ] DEBUG Engine               - isDeveloperMenuEnabled: false
15:22:51.710 [FXGL Background Thread 3 ] DEBUG Engine               - isEmbedded: false
15:22:51.710 [FXGL Background Thread 3 ] DEBUG Engine               - isEntityPreloadEnabled: true
15:22:51.710 [FXGL Background Thread 3 ] DEBUG Engine               - isExperimentalTiledLargeMap: false
15:22:51.711 [FXGL Background Thread 3 ] DEBUG Engine               - isFileSystemWriteAllowed: true
15:22:51.711 [FXGL Background Thread 3 ] DEBUG Engine               - isFullScreenAllowed: false
15:22:51.711 [FXGL Background Thread 3 ] DEBUG Engine               - isFullScreenFromStart: false
15:22:51.711 [FXGL Background Thread 3 ] DEBUG Engine               - isGameMenuEnabled: true
15:22:51.711 [FXGL Background Thread 3 ] DEBUG Engine               - isIOS: false
15:22:51.711 [FXGL Background Thread 3 ] DEBUG Engine               - isIntroEnabled: false
15:22:51.711 [FXGL Background Thread 3 ] DEBUG Engine               - isLinux: false
15:22:51.711 [FXGL Background Thread 3 ] DEBUG Engine               - isMac: true
15:22:51.711 [FXGL Background Thread 3 ] DEBUG Engine               - isMainMenuEnabled: true
15:22:51.711 [FXGL Background Thread 3 ] DEBUG Engine               - isManualResizeEnabled: false
15:22:51.711 [FXGL Background Thread 3 ] DEBUG Engine               - isMobile: false
15:22:51.711 [FXGL Background Thread 3 ] DEBUG Engine               - isNative: false
15:22:51.711 [FXGL Background Thread 3 ] DEBUG Engine               - isPauseMusicWhenMinimized: true
15:22:51.711 [FXGL Background Thread 3 ] DEBUG Engine               - isPreserveResizeRatio: false
15:22:51.711 [FXGL Background Thread 3 ] DEBUG Engine               - isProfilingEnabled: false
15:22:51.711 [FXGL Background Thread 3 ] DEBUG Engine               - isScaleAffectedOnResize: true
15:22:51.712 [FXGL Background Thread 3 ] DEBUG Engine               - isSingleStep: false
15:22:51.712 [FXGL Background Thread 3 ] DEBUG Engine               - isUserProfileEnabled: false
15:22:51.712 [FXGL Background Thread 3 ] DEBUG Engine               - isWindows: false
15:22:51.712 [FXGL Background Thread 3 ] DEBUG Engine               - language: ObjectProperty [value: ENGLISH]
15:22:51.712 [FXGL Background Thread 3 ] DEBUG Engine               - menuKey: ESCAPE
15:22:51.712 [FXGL Background Thread 3 ] DEBUG Engine               - mouseSensitivity: 0.2
15:22:51.712 [FXGL Background Thread 3 ] DEBUG Engine               - notificationViewClass: class com.almasb.fxgl.notification.view.XboxNotificationView
15:22:51.712 [FXGL Background Thread 3 ] DEBUG Engine               - pixelsPerMeter: 50.0
15:22:51.712 [FXGL Background Thread 3 ] DEBUG Engine               - platform: MAC
15:22:51.712 [FXGL Background Thread 3 ] DEBUG Engine               - prefHeightProperty: ReadOnlyDoubleProperty [value: 600.0]
15:22:51.712 [FXGL Background Thread 3 ] DEBUG Engine               - prefWidthProperty: ReadOnlyDoubleProperty [value: 450.0]
15:22:51.712 [FXGL Background Thread 3 ] DEBUG Engine               - profileDir: profiles/
15:22:51.712 [FXGL Background Thread 3 ] DEBUG Engine               - profileName: StringProperty [value: DEFAULT]
15:22:51.712 [FXGL Background Thread 3 ] DEBUG Engine               - randomSeed: -1
15:22:51.713 [FXGL Background Thread 3 ] DEBUG Engine               - runtimeInfo: RuntimeInfo(platform=MAC, version=17.2, build=20.08.2022 16.50)
15:22:51.713 [FXGL Background Thread 3 ] DEBUG Engine               - saveFileExt: sav
15:22:51.713 [FXGL Background Thread 3 ] DEBUG Engine               - scaledHeightProp$fxgl: DoubleProperty [bound, value: 600.0]
15:22:51.713 [FXGL Background Thread 3 ] DEBUG Engine               - scaledWidthProp$fxgl: DoubleProperty [bound, value: 450.0]
15:22:51.713 [FXGL Background Thread 3 ] DEBUG Engine               - sceneFactory: com.ood.spacexinvader.GameStart$1@40613f13
15:22:51.713 [FXGL Background Thread 3 ] DEBUG Engine               - secondsIn24h: 60
15:22:51.713 [FXGL Background Thread 3 ] DEBUG Engine               - soundMenuBack: menu/back.wav
15:22:51.713 [FXGL Background Thread 3 ] DEBUG Engine               - soundMenuPress: menu/press.wav
15:22:51.713 [FXGL Background Thread 3 ] DEBUG Engine               - soundMenuSelect: menu/select.wav
15:22:51.713 [FXGL Background Thread 3 ] DEBUG Engine               - soundNotification: core/notification.wav
15:22:51.714 [FXGL Background Thread 3 ] DEBUG Engine               - stageStyle: DECORATED
15:22:51.714 [FXGL Background Thread 3 ] DEBUG Engine               - supportedLanguages: [ENGLISH, FRENCH, GERMAN, HUNGARIAN, RUSSIAN]
15:22:51.714 [FXGL Background Thread 3 ] DEBUG Engine               - ticksPerSecond: -1
15:22:51.714 [FXGL Background Thread 3 ] DEBUG Engine               - title: SpaceX Invader
15:22:51.714 [FXGL Background Thread 3 ] DEBUG Engine               - urlGithub: https://github.com/AlmasB/FXGL
15:22:51.714 [FXGL Background Thread 3 ] DEBUG Engine               - urlLeaderboard: http://fxgl-top.herokuapp.com/
15:22:51.714 [FXGL Background Thread 3 ] DEBUG Engine               - urlPOM: https://raw.githubusercontent.com/AlmasB/FXGL/release/README.md
15:22:51.714 [FXGL Background Thread 3 ] DEBUG Engine               - userAppClass: class com.ood.spacexinvader.GameStart
15:22:51.714 [FXGL Background Thread 3 ] DEBUG Engine               - version: 0.0
15:22:51.714 [FXGL Background Thread 3 ] DEBUG Engine               - versionCheckDays: 7
15:22:51.714 [FXGL Background Thread 3 ] DEBUG Engine               - width: 450
15:22:51.714 [FXGL Background Thread 3 ] DEBUG Engine               - Logging services
15:22:51.714 [FXGL Background Thread 3 ] DEBUG Engine               - class com.almasb.fxgl.app.services.FXGLAssetLoaderService
15:22:51.714 [FXGL Background Thread 3 ] DEBUG Engine               - class com.almasb.fxgl.app.FXGLApplication$GameApplicationService
15:22:51.714 [FXGL Background Thread 3 ] DEBUG Engine               - class com.almasb.fxgl.app.services.FXGLDialogService
15:22:51.714 [FXGL Background Thread 3 ] DEBUG Engine               - class com.almasb.fxgl.app.services.IOTaskExecutorService
15:22:51.715 [FXGL Background Thread 3 ] DEBUG Engine               - class com.almasb.fxgl.io.FileSystemService
15:22:51.715 [FXGL Background Thread 3 ] DEBUG Engine               - class com.almasb.fxgl.localization.LocalizationService
15:22:51.715 [FXGL Background Thread 3 ] DEBUG Engine               - class com.almasb.fxgl.app.services.SystemBundleService
15:22:51.715 [FXGL Background Thread 3 ] DEBUG Engine               - class com.almasb.fxgl.profile.SaveLoadService
15:22:51.715 [FXGL Background Thread 3 ] DEBUG Engine               - class com.almasb.fxgl.ui.FXGLUIFactoryServiceProvider
15:22:51.715 [FXGL Background Thread 3 ] DEBUG Engine               - class com.almasb.fxgl.ui.FXGLDialogFactoryServiceProvider
15:22:51.715 [FXGL Background Thread 3 ] DEBUG Engine               - class com.almasb.fxgl.audio.AudioPlayer
15:22:51.715 [FXGL Background Thread 3 ] DEBUG Engine               - class com.almasb.fxgl.notification.impl.NotificationServiceProvider
15:22:51.715 [FXGL Background Thread 3 ] DEBUG Engine               - class com.almasb.fxgl.achievement.AchievementService
15:22:51.715 [FXGL Background Thread 3 ] DEBUG Engine               - class com.almasb.fxgl.cutscene.CutsceneService
15:22:51.715 [FXGL Background Thread 3 ] DEBUG Engine               - class com.almasb.fxgl.minigames.MiniGameService
15:22:51.715 [FXGL Background Thread 3 ] DEBUG Engine               - class com.almasb.fxgl.net.NetService
15:22:51.715 [FXGL Background Thread 3 ] DEBUG Engine               - class com.almasb.fxgl.app.services.UpdaterService
15:22:51.715 [FXGL Background Thread 3 ] DEBUG Engine               - class com.almasb.fxgl.dev.DevService
15:22:52.253 [JavaFX Application Thread] DEBUG PrimaryStageWindow   - Push state: PauseMenu
15:22:52.254 [JavaFX Application Thread] DEBUG Input                - Clearing active input actions
15:22:52.254 [JavaFX Application Thread] DEBUG GameApplicationServi - Removing overlay from GameScene and adding to PauseMenu
15:22:52.255 [JavaFX Application Thread] DEBUG PrimaryStageWindow   - GameScene -> PauseMenu
15:23:02.168 [JavaFX Application Thread] DEBUG Menu                 - fireExit()
15:23:02.177 [JavaFX Application Thread] DEBUG PrimaryStageWindow   - Push state: DialogSubScene
15:23:02.177 [JavaFX Application Thread] DEBUG Input                - Clearing active input actions
15:23:02.178 [JavaFX Application Thread] DEBUG GameApplicationServi - Removing overlay from PauseMenu and adding to DialogSubScene
15:23:02.179 [JavaFX Application Thread] DEBUG PrimaryStageWindow   - PauseMenu -> DialogSubScene
15:23:03.069 [JavaFX Application Thread] DEBUG PrimaryStageWindow   - Pop state: DialogSubScene
15:23:03.069 [JavaFX Application Thread] DEBUG Input                - Clearing active input actions
15:23:03.070 [JavaFX Application Thread] DEBUG GameApplicationServi - Removing overlay from DialogSubScene and adding to PauseMenu
15:23:03.070 [JavaFX Application Thread] DEBUG PrimaryStageWindow   - PauseMenu <- DialogSubScene
15:23:03.071 [JavaFX Application Thread] DEBUG FXGLApplication      - Exiting FXGL
15:23:03.071 [JavaFX Application Thread] DEBUG LoopRunner           - Stopping loop
15:23:03.071 [JavaFX Application Thread] DEBUG SystemBundleService  - Saving FXGL system data
15:23:03.074 [JavaFX Application Thread] DEBUG FileSystemAccess     - Writing to: /Users/hiimecho/Documents/Coding/Java/Coding/SpaceX-Invader/system/fxgl.bundle
15:23:03.076 [JavaFX Application Thread] DEBUG Async                - Shutting down background threads
15:23:03.076 [JavaFX Application Thread] DEBUG PrimaryStageWindow   - Closing main window
15:23:03.085 [JavaFX Application Thread] DEBUG Logger               - Closing Logger
