11:06:19.430 [main                     ] DEBUG Logger               - Configured Logger
11:06:19.470 [main                     ] DEBUG GameApplication      - Logging settings
Title: SpaceX Invader
Version: 0.0
Width: 450
Height: 600
Fullscreen: false
Intro: false
Profiling: false
Single step:false
App Mode: DEVELOPER
Menu Key: ESCAPE
Stage Style: DECORATED
Scene Factory: class com.almasb.fxgl.app.scene.SceneFactory

11:06:20.074 [JavaFX Application Thread] DEBUG FXGLApplication      - Initializing FXGL
11:06:20.080 [JavaFX Application Thread] INFO  Engine               - FXGL-17.2 (20.08.2022 16.50) on MAC (J:17.0.3 FX:17.0.2-ea)
11:06:20.081 [JavaFX Application Thread] DEBUG Engine               - JRE Vendor Name: Eclipse Adoptium
11:06:20.081 [JavaFX Application Thread] DEBUG Engine               - Running on OS: Mac OS X version 13.1
11:06:20.081 [JavaFX Application Thread] DEBUG Engine               - Architecture: x86_64
11:06:20.081 [JavaFX Application Thread] INFO  Engine               - Source code and latest versions at: https://github.com/AlmasB/FXGL
11:06:20.082 [JavaFX Application Thread] INFO  Engine               -       Ask questions and discuss at: https://github.com/AlmasB/FXGL/discussions
11:06:20.082 [JavaFX Application Thread] INFO  Engine               -              Join the FXGL chat at: https://gitter.im/AlmasB/FXGL
11:06:20.223 [JavaFX Application Thread] DEBUG PrimaryStageWindow   - Creating a JavaFX scene
11:06:20.295 [JavaFX Application Thread] DEBUG PrimaryStageWindow   - Target settings size: 450.0 x 600.0
11:06:20.296 [JavaFX Application Thread] DEBUG PrimaryStageWindow   - Scaled scene size:    450.0 x 600.0
11:06:20.296 [JavaFX Application Thread] DEBUG PrimaryStageWindow   - Scaled ratio: (1.0, 1.0)
11:06:20.299 [JavaFX Application Thread] DEBUG PrimaryStageWindow   - Set initial scene to FXGLStartupScene
11:06:20.308 [JavaFX Application Thread] DEBUG PrimaryStageWindow   - Opening main window
11:06:20.471 [JavaFX Application Thread] DEBUG PrimaryStageWindow   - Window border size: (0.0, 28.0)
11:06:20.471 [JavaFX Application Thread] DEBUG PrimaryStageWindow   - Scaled size: 450.0 x 600.0
11:06:20.471 [JavaFX Application Thread] DEBUG PrimaryStageWindow   - Scaled ratio: (1.0, 1.0)
11:06:20.471 [JavaFX Application Thread] DEBUG PrimaryStageWindow   - Scene size: 450.0 x 600.0
11:06:20.472 [JavaFX Application Thread] DEBUG PrimaryStageWindow   - Stage size: 450.0 x 628.0
11:06:20.479 [FXGL Background Thread 1 ] DEBUG Engine               - Initializing environment variables
11:06:20.530 [FXGL Background Thread 1 ] DEBUG FXGLAssetLoaderServi - User app class for loading assets: class com.ood.spacexinvader.GameStart
11:06:20.531 [FXGL Background Thread 1 ] DEBUG GameApplicationServi - Applying CSS: fxgl_dark.css
11:06:20.532 [FXGL Background Thread 1 ] DEBUG FXGLAssetLoaderServi - Loading from file system: jar:file:///Users/leowong/.gradle/caches/modules-2/files-2.1/com.github.almasb/fxgl/17.2/35db6ae960eec2dcfd19262d3b7f9c42f0e95bc3/fxgl-17.2.jar!/fxglassets/ui/css/fxgl_dark.css
11:06:20.596 [FXGL Background Thread 1 ] DEBUG GameApplicationServi - Initializing application scenes
11:06:20.988 [FXGL Background Thread 1 ] DEBUG GameWorld            - Game world initialized
11:06:21.064 [FXGL Background Thread 1 ] DEBUG PhysicsWorld         - Physics world initialized: appHeight=600, physics.ppm=50.0
11:06:21.065 [FXGL Background Thread 1 ] DEBUG PhysicsWorld         - Using strategy: BRUTE_FORCE
11:06:21.071 [FXGL Background Thread 1 ] DEBUG GameScene            - Game scene initialized: 450x600
11:06:21.088 [FXGL Background Thread 1 ] WARN  FXGL.DefaultMenu     - FXGLDefaultMenu is not designed for resolutions < 800x600
11:06:21.088 [FXGL Background Thread 1 ] DEBUG FXGL.DefaultMenu     - createMenuBodyGameMenu()
11:06:21.117 [FXGL Background Thread 1 ] DEBUG FXGL.DefaultMenu     - createOptionsMenu()
11:06:21.133 [FXGL Background Thread 1 ] DEBUG FXGLAssetLoaderServi - Loading from file system: jar:file:///Users/leowong/.gradle/caches/modules-2/files-2.1/com.github.almasb/fxgl/17.2/35db6ae960eec2dcfd19262d3b7f9c42f0e95bc3/fxgl-17.2.jar!/fxglassets/textures/particles/smoke.png
11:06:21.278 [FXGL Background Thread 1 ] DEBUG FXGLAssetLoaderServi - Loading from file system: jar:file:///Users/leowong/.gradle/caches/modules-2/files-2.1/com.github.almasb/fxgl/17.2/35db6ae960eec2dcfd19262d3b7f9c42f0e95bc3/fxgl-17.2.jar!/fxglassets/textures/particles/trace_horizontal.png
11:06:21.308 [FXGL Background Thread 1 ] DEBUG GameApplicationServi - Application scenes initialized
11:06:21.335 [FXGL Background Thread 1 ] DEBUG SystemBundleService  - Loading FXGL system data
11:06:21.340 [FXGL Background Thread 1 ] DEBUG FileSystemAccess     - Reading from: /Users/leowong/IdeaProjects/SpaceX-Invader/system/fxgl.bundle
11:06:21.351 [FXGL Background Thread 1 ] DEBUG SystemBundleService  - Bundle FXGL: {}
11:06:21.351 [FXGL Background Thread 1 ] DEBUG UpdaterService       - Checking for updates
11:06:21.355 [FXGL Background Thread 4 ] DEBUG FXGLApplication      - Loading fonts
11:06:21.356 [FXGL Background Thread 4 ] DEBUG FXGLAssetLoaderServi - Loading from file system: jar:file:///Users/leowong/.gradle/caches/modules-2/files-2.1/com.github.almasb/fxgl/17.2/35db6ae960eec2dcfd19262d3b7f9c42f0e95bc3/fxgl-17.2.jar!/fxglassets/ui/fonts/VarelaRound-Regular.ttf
11:06:21.356 [FXGL Background Thread 1 ] DEBUG FXGLApplication      - Loading default localization
11:06:21.356 [FXGL Background Thread 1 ] DEBUG FXGLAssetLoaderServi - Loading from file system: jar:file:///Users/leowong/.gradle/caches/modules-2/files-2.1/com.github.almasb/fxgl/17.2/35db6ae960eec2dcfd19262d3b7f9c42f0e95bc3/fxgl-17.2.jar!/fxglassets/languages/english.lang
11:06:21.371 [FXGL Background Thread 4 ] DEBUG FXGLAssetLoaderServi - Loading from file system: jar:file:///Users/leowong/.gradle/caches/modules-2/files-2.1/com.github.almasb/fxgl/17.2/35db6ae960eec2dcfd19262d3b7f9c42f0e95bc3/fxgl-17.2.jar!/fxglassets/ui/fonts/Abel-Regular.ttf
11:06:21.376 [FXGL Background Thread 1 ] INFO  FXGLApplication      - FXGL initialization took: 0.897 sec
11:06:21.379 [FXGL Background Thread 4 ] DEBUG FXGLAssetLoaderServi - Loading from file system: jar:file:///Users/leowong/.gradle/caches/modules-2/files-2.1/com.github.almasb/fxgl/17.2/35db6ae960eec2dcfd19262d3b7f9c42f0e95bc3/fxgl-17.2.jar!/fxglassets/ui/fonts/TerminalLandMono-Regular.otf
11:06:21.385 [FXGL Background Thread 4 ] DEBUG FXGLAssetLoaderServi - Loading from file system: jar:file:///Users/leowong/.gradle/caches/modules-2/files-2.1/com.github.almasb/fxgl/17.2/35db6ae960eec2dcfd19262d3b7f9c42f0e95bc3/fxgl-17.2.jar!/fxglassets/ui/fonts/Courier-Prime.ttf
11:06:21.386 [JavaFX Application Thread] DEBUG Input                - Registered new binding: Move Left - Left
11:06:21.387 [JavaFX Application Thread] DEBUG Input                - Registered new binding: Move Right - Right
11:06:21.387 [JavaFX Application Thread] DEBUG FXGLAssetLoaderServi - Loading from file system: jar:file:///Users/leowong/IdeaProjects/SpaceX-Invader/build/libs/SpaceX-Invader-1.0-SNAPSHOT.jar!/assets/textures/icon/spacex-invader-favicon-black.png
11:06:21.403 [JavaFX Application Thread] DEBUG FXGLAssetLoaderServi - Loading from file system: jar:file:///Users/leowong/.gradle/caches/modules-2/files-2.1/com.github.almasb/fxgl/17.2/35db6ae960eec2dcfd19262d3b7f9c42f0e95bc3/fxgl-17.2.jar!/fxglassets/textures/fxgl_default_cursor.png
11:06:21.406 [JavaFX Application Thread] DEBUG Input                - Registered new binding: Screenshot - CTRL+8
11:06:21.407 [JavaFX Application Thread] DEBUG Input                - Registered new binding: System info dump - CTRL+9
11:06:21.407 [JavaFX Application Thread] DEBUG Input                - Registered new binding: Restart - CTRL+R
11:06:21.407 [JavaFX Application Thread] DEBUG Input                - Registered new binding: Toggle Debug Camera - CTRL+7
11:06:21.411 [JavaFX Application Thread] DEBUG LoopRunner           - Starting loop
11:06:21.411 [JavaFX Application Thread] DEBUG LoopRunner           - Initializing JavaFX AnimationTimerLoop
11:06:21.412 [JavaFX Application Thread] DEBUG GameApplicationServi - Starting new game
11:06:21.413 [JavaFX Application Thread] DEBUG Input                - Clearing active input actions
11:06:21.426 [JavaFX Application Thread] DEBUG GameApplicationServi - Removing overlay from FXGLStartupScene and adding to FXGLLoadingScene
11:06:21.426 [JavaFX Application Thread] DEBUG PrimaryStageWindow   - FXGLStartupScene -> FXGLLoadingScene
11:06:21.427 [JavaFX Application Thread] DEBUG GameApplicationServi - Clearing previous game
11:06:21.427 [JavaFX Application Thread] DEBUG GameScene            - Clearing game scene
11:06:21.427 [JavaFX Application Thread] DEBUG GameWorld            - Clearing game world
11:06:21.427 [JavaFX Application Thread] DEBUG PhysicsWorld         - Clearing physics world
11:06:21.429 [FXGL Background Thread 4 ] DEBUG FXGLApplication      - Initializing game
11:06:21.431 [FXGL Background Thread 4 ] DEBUG FXGLAssetLoaderServi - Loading from file system: jar:file:///Users/leowong/IdeaProjects/SpaceX-Invader/build/libs/SpaceX-Invader-1.0-SNAPSHOT.jar!/assets/textures/player/SpaceX.png
11:06:21.456 [FXGL Background Thread 4 ] INFO  FXGLApplication      - Game initialization took: 0.027 sec
11:06:21.496 [JavaFX Application Thread] DEBUG FXGLApplication      - Registering font factories with UI factory
11:06:21.548 [JavaFX Application Thread] DEBUG Input                - Clearing active input actions
11:06:21.556 [JavaFX Application Thread] DEBUG GameApplicationServi - Removing overlay from FXGLLoadingScene and adding to GameScene
11:06:21.557 [JavaFX Application Thread] DEBUG PrimaryStageWindow   - FXGLLoadingScene -> GameScene
11:06:23.519 [JavaFX Application Thread] DEBUG FXGLApplication      - Exiting FXGL
11:06:23.519 [JavaFX Application Thread] DEBUG LoopRunner           - Stopping loop
11:06:23.519 [JavaFX Application Thread] DEBUG SystemBundleService  - Saving FXGL system data
11:06:23.524 [JavaFX Application Thread] DEBUG FileSystemAccess     - Writing to: /Users/leowong/IdeaProjects/SpaceX-Invader/system/fxgl.bundle
11:06:23.526 [JavaFX Application Thread] DEBUG Async                - Shutting down background threads
11:06:23.526 [JavaFX Application Thread] DEBUG PrimaryStageWindow   - Closing main window
11:06:23.537 [JavaFX Application Thread] DEBUG Logger               - Closing Logger
