14:45:46.615 [main                     ] DEBUG Logger               - Configured Logger
14:45:46.652 [main                     ] DEBUG GameApplication      - Logging settings
Title: SpaceX Invader
Version: 0.0
Width: 450
Height: 600
Fullscreen: false
Intro: false
Profiling: false
Single step:false
App Mode: DEVELOPER
Menu Key: ESCAPE
Stage Style: DECORATED
Scene Factory: class com.ood.spacexinvader.GameStart$1

14:45:47.265 [JavaFX Application Thread] DEBUG FXGLApplication      - Initializing FXGL
14:45:47.274 [JavaFX Application Thread] INFO  Engine               - FXGL-17.2 (20.08.2022 16.50) on MAC (J:17.0.3 FX:17.0.2-ea)
14:45:47.275 [JavaFX Application Thread] DEBUG Engine               - JRE Vendor Name: Eclipse Adoptium
14:45:47.276 [JavaFX Application Thread] DEBUG Engine               - Running on OS: Mac OS X version 13.1
14:45:47.276 [JavaFX Application Thread] DEBUG Engine               - Architecture: x86_64
14:45:47.276 [JavaFX Application Thread] INFO  Engine               - Source code and latest versions at: https://github.com/AlmasB/FXGL
14:45:47.277 [JavaFX Application Thread] INFO  Engine               -       Ask questions and discuss at: https://github.com/AlmasB/FXGL/discussions
14:45:47.277 [JavaFX Application Thread] INFO  Engine               -              Join the FXGL chat at: https://gitter.im/AlmasB/FXGL
14:45:47.435 [JavaFX Application Thread] DEBUG PrimaryStageWindow   - Creating a JavaFX scene
14:45:47.494 [JavaFX Application Thread] DEBUG PrimaryStageWindow   - Target settings size: 450.0 x 600.0
14:45:47.495 [JavaFX Application Thread] DEBUG PrimaryStageWindow   - Scaled scene size:    450.0 x 600.0
14:45:47.495 [JavaFX Application Thread] DEBUG PrimaryStageWindow   - Scaled ratio: (1.0, 1.0)
14:45:47.496 [JavaFX Application Thread] DEBUG PrimaryStageWindow   - Set initial scene to FXGLStartupScene
14:45:47.509 [JavaFX Application Thread] DEBUG PrimaryStageWindow   - Opening main window
14:45:47.619 [JavaFX Application Thread] DEBUG PrimaryStageWindow   - Window border size: (0.0, 28.0)
14:45:47.620 [JavaFX Application Thread] DEBUG PrimaryStageWindow   - Scaled size: 450.0 x 600.0
14:45:47.620 [JavaFX Application Thread] DEBUG PrimaryStageWindow   - Scaled ratio: (1.0, 1.0)
14:45:47.620 [JavaFX Application Thread] DEBUG PrimaryStageWindow   - Scene size: 450.0 x 600.0
14:45:47.620 [JavaFX Application Thread] DEBUG PrimaryStageWindow   - Stage size: 450.0 x 628.0
14:45:47.631 [FXGL Background Thread 1 ] DEBUG Engine               - Initializing environment variables
14:45:47.679 [FXGL Background Thread 1 ] DEBUG FXGLAssetLoaderServi - User app class for loading assets: class com.ood.spacexinvader.GameStart
14:45:47.679 [FXGL Background Thread 1 ] DEBUG GameApplicationServi - Applying CSS: fxgl_dark.css
14:45:47.681 [FXGL Background Thread 1 ] DEBUG FXGLAssetLoaderServi - Loading from file system: jar:file:///Users/leowong/.gradle/caches/modules-2/files-2.1/com.github.almasb/fxgl/17.2/35db6ae960eec2dcfd19262d3b7f9c42f0e95bc3/fxgl-17.2.jar!/fxglassets/ui/css/fxgl_dark.css
14:45:47.842 [FXGL Background Thread 1 ] DEBUG GameApplicationServi - Initializing application scenes
14:45:48.129 [FXGL Background Thread 1 ] DEBUG GameWorld            - Game world initialized
14:45:48.193 [FXGL Background Thread 1 ] DEBUG PhysicsWorld         - Physics world initialized: appHeight=600, physics.ppm=50.0
14:45:48.193 [FXGL Background Thread 1 ] DEBUG PhysicsWorld         - Using strategy: BRUTE_FORCE
14:45:48.198 [FXGL Background Thread 1 ] DEBUG GameScene            - Game scene initialized: 450x600
14:45:48.224 [FXGL Background Thread 1 ] WARN  FXGL.DefaultMenu     - FXGLDefaultMenu is not designed for resolutions < 800x600
14:45:48.225 [FXGL Background Thread 1 ] DEBUG FXGL.DefaultMenu     - createMenuBodyGameMenu()
14:45:48.238 [FXGL Background Thread 1 ] DEBUG FXGL.DefaultMenu     - createOptionsMenu()
14:45:48.258 [FXGL Background Thread 1 ] DEBUG FXGLAssetLoaderServi - Loading from file system: jar:file:///Users/leowong/.gradle/caches/modules-2/files-2.1/com.github.almasb/fxgl/17.2/35db6ae960eec2dcfd19262d3b7f9c42f0e95bc3/fxgl-17.2.jar!/fxglassets/textures/particles/smoke.png
14:45:48.398 [FXGL Background Thread 1 ] DEBUG FXGLAssetLoaderServi - Loading from file system: jar:file:///Users/leowong/.gradle/caches/modules-2/files-2.1/com.github.almasb/fxgl/17.2/35db6ae960eec2dcfd19262d3b7f9c42f0e95bc3/fxgl-17.2.jar!/fxglassets/textures/particles/trace_horizontal.png
14:45:48.426 [FXGL Background Thread 1 ] DEBUG GameApplicationServi - Application scenes initialized
14:45:48.443 [FXGL Background Thread 1 ] DEBUG SystemBundleService  - Loading FXGL system data
14:45:48.447 [FXGL Background Thread 1 ] DEBUG FileSystemAccess     - Reading from: /Users/leowong/IdeaProjects/SpaceX-Invader/system/fxgl.bundle
14:45:48.457 [FXGL Background Thread 1 ] DEBUG SystemBundleService  - Bundle FXGL: {}
14:45:48.458 [FXGL Background Thread 1 ] DEBUG UpdaterService       - Checking for updates
14:45:48.463 [FXGL Background Thread 4 ] DEBUG FXGLApplication      - Loading fonts
14:45:48.464 [FXGL Background Thread 4 ] DEBUG FXGLAssetLoaderServi - Loading from file system: jar:file:///Users/leowong/.gradle/caches/modules-2/files-2.1/com.github.almasb/fxgl/17.2/35db6ae960eec2dcfd19262d3b7f9c42f0e95bc3/fxgl-17.2.jar!/fxglassets/ui/fonts/VarelaRound-Regular.ttf
14:45:48.464 [FXGL Background Thread 1 ] DEBUG FXGLApplication      - Loading default localization
14:45:48.464 [FXGL Background Thread 1 ] DEBUG FXGLAssetLoaderServi - Loading from file system: jar:file:///Users/leowong/.gradle/caches/modules-2/files-2.1/com.github.almasb/fxgl/17.2/35db6ae960eec2dcfd19262d3b7f9c42f0e95bc3/fxgl-17.2.jar!/fxglassets/languages/english.lang
14:45:48.478 [FXGL Background Thread 4 ] DEBUG FXGLAssetLoaderServi - Loading from file system: jar:file:///Users/leowong/.gradle/caches/modules-2/files-2.1/com.github.almasb/fxgl/17.2/35db6ae960eec2dcfd19262d3b7f9c42f0e95bc3/fxgl-17.2.jar!/fxglassets/ui/fonts/Abel-Regular.ttf
14:45:48.489 [FXGL Background Thread 4 ] DEBUG FXGLAssetLoaderServi - Loading from file system: jar:file:///Users/leowong/.gradle/caches/modules-2/files-2.1/com.github.almasb/fxgl/17.2/35db6ae960eec2dcfd19262d3b7f9c42f0e95bc3/fxgl-17.2.jar!/fxglassets/ui/fonts/TerminalLandMono-Regular.otf
14:45:48.493 [FXGL Background Thread 1 ] INFO  FXGLApplication      - FXGL initialization took: 0.862 sec
14:45:48.496 [FXGL Background Thread 4 ] DEBUG FXGLAssetLoaderServi - Loading from file system: jar:file:///Users/leowong/.gradle/caches/modules-2/files-2.1/com.github.almasb/fxgl/17.2/35db6ae960eec2dcfd19262d3b7f9c42f0e95bc3/fxgl-17.2.jar!/fxglassets/ui/fonts/Courier-Prime.ttf
14:45:48.507 [JavaFX Application Thread] DEBUG Input                - Registered new binding: Left - A
14:45:48.507 [JavaFX Application Thread] DEBUG Input                - Registered new binding: Right - D
14:45:48.507 [JavaFX Application Thread] DEBUG Input                - Registered new binding: Shoot - J
14:45:48.508 [JavaFX Application Thread] DEBUG FXGLAssetLoaderServi - Loading from file system: jar:file:///Users/leowong/IdeaProjects/SpaceX-Invader/build/libs/SpaceX-Invader-1.0-SNAPSHOT.jar!/assets/textures/icon/spacex-invader-favicon-black.png
14:45:48.528 [JavaFX Application Thread] DEBUG FXGLAssetLoaderServi - Loading from file system: jar:file:///Users/leowong/.gradle/caches/modules-2/files-2.1/com.github.almasb/fxgl/17.2/35db6ae960eec2dcfd19262d3b7f9c42f0e95bc3/fxgl-17.2.jar!/fxglassets/textures/fxgl_default_cursor.png
14:45:48.532 [JavaFX Application Thread] DEBUG Input                - Registered new binding: Screenshot - CTRL+8
14:45:48.533 [JavaFX Application Thread] DEBUG Input                - Registered new binding: System info dump - CTRL+9
14:45:48.534 [JavaFX Application Thread] DEBUG Input                - Registered new binding: Restart - CTRL+R
14:45:48.535 [JavaFX Application Thread] DEBUG Input                - Registered new binding: Toggle Debug Camera - CTRL+7
14:45:48.538 [JavaFX Application Thread] DEBUG LoopRunner           - Starting loop
14:45:48.538 [JavaFX Application Thread] DEBUG LoopRunner           - Initializing JavaFX AnimationTimerLoop
14:45:48.542 [JavaFX Application Thread] DEBUG Input                - Clearing active input actions
14:45:48.551 [JavaFX Application Thread] DEBUG GameApplicationServi - Removing overlay from FXGLStartupScene and adding to FXGLMainMenuDummyScene
14:45:48.551 [JavaFX Application Thread] DEBUG PrimaryStageWindow   - FXGLStartupScene -> FXGLMainMenuDummyScene
14:45:48.552 [JavaFX Application Thread] DEBUG PrimaryStageWindow   - Push state: MainMenu
14:45:48.552 [JavaFX Application Thread] DEBUG Input                - Clearing active input actions
14:45:48.562 [JavaFX Application Thread] DEBUG GameApplicationServi - Removing overlay from FXGLMainMenuDummyScene and adding to MainMenu
14:45:48.563 [JavaFX Application Thread] DEBUG PrimaryStageWindow   - FXGLMainMenuDummyScene -> MainMenu
14:45:48.626 [JavaFX Application Thread] DEBUG FXGLApplication      - Registering font factories with UI factory
14:45:50.185 [JavaFX Application Thread] DEBUG GameApplicationServi - Starting new game
14:45:50.186 [JavaFX Application Thread] DEBUG PrimaryStageWindow   - Pop state: MainMenu
14:45:50.186 [JavaFX Application Thread] DEBUG Input                - Clearing active input actions
14:45:50.187 [JavaFX Application Thread] DEBUG GameApplicationServi - Removing overlay from MainMenu and adding to FXGLMainMenuDummyScene
14:45:50.188 [JavaFX Application Thread] DEBUG PrimaryStageWindow   - FXGLMainMenuDummyScene <- MainMenu
14:45:50.188 [JavaFX Application Thread] DEBUG Input                - Clearing active input actions
14:45:50.200 [JavaFX Application Thread] DEBUG GameApplicationServi - Removing overlay from FXGLMainMenuDummyScene and adding to FXGLLoadingScene
14:45:50.200 [JavaFX Application Thread] DEBUG PrimaryStageWindow   - FXGLMainMenuDummyScene -> FXGLLoadingScene
14:45:50.200 [JavaFX Application Thread] DEBUG GameApplicationServi - Clearing previous game
14:45:50.200 [JavaFX Application Thread] DEBUG GameScene            - Clearing game scene
14:45:50.200 [JavaFX Application Thread] DEBUG GameWorld            - Clearing game world
14:45:50.200 [JavaFX Application Thread] DEBUG PhysicsWorld         - Clearing physics world
14:45:50.202 [FXGL Background Thread 2 ] DEBUG FXGLApplication      - Initializing game
14:45:50.205 [FXGL Background Thread 2 ] DEBUG FXGLAssetLoaderServi - Loading from file system: jar:file:///Users/leowong/IdeaProjects/SpaceX-Invader/build/libs/SpaceX-Invader-1.0-SNAPSHOT.jar!/assets/textures/player/SpaceX.png
14:45:50.229 [FXGL Background Thread 2 ] INFO  FXGLApplication      - Game initialization took: 0.027 sec
14:45:50.233 [JavaFX Application Thread] DEBUG Input                - Clearing active input actions
14:45:50.241 [JavaFX Application Thread] DEBUG GameApplicationServi - Removing overlay from FXGLLoadingScene and adding to GameScene
14:45:50.242 [JavaFX Application Thread] DEBUG PrimaryStageWindow   - FXGLLoadingScene -> GameScene
14:45:51.464 [FXGL Background Thread 3 ] DEBUG Engine               - Logging environment variables
14:45:51.466 [FXGL Background Thread 3 ] DEBUG Engine               - achievements: []
14:45:51.466 [FXGL Background Thread 3 ] DEBUG Engine               - actualHeight: 600.0
14:45:51.466 [FXGL Background Thread 3 ] DEBUG Engine               - actualHeightProperty: ReadOnlyDoubleProperty [value: 600.0]
14:45:51.467 [FXGL Background Thread 3 ] DEBUG Engine               - actualWidth: 450.0
14:45:51.467 [FXGL Background Thread 3 ] DEBUG Engine               - actualWidthProperty: ReadOnlyDoubleProperty [value: 450.0]
14:45:51.467 [FXGL Background Thread 3 ] DEBUG Engine               - appIcon: icon/spacex-invader-favicon-black.png
14:45:51.467 [FXGL Background Thread 3 ] DEBUG Engine               - applicationMode: DEVELOPER
14:45:51.468 [FXGL Background Thread 3 ] DEBUG Engine               - cSSList: [fxgl_dark.css]
14:45:51.468 [FXGL Background Thread 3 ] DEBUG Engine               - collisionDetectionStrategy: BRUTE_FORCE
14:45:51.468 [FXGL Background Thread 3 ] DEBUG Engine               - configClass: Optional.empty
14:45:51.468 [FXGL Background Thread 3 ] DEBUG Engine               - credits: []
14:45:51.469 [FXGL Background Thread 3 ] DEBUG Engine               - defaultCursor: CursorInfo(imageName=fxgl_default_cursor.png, hotspotX=7.0, hotspotY=6.0)
14:45:51.469 [FXGL Background Thread 3 ] DEBUG Engine               - devBBoxColorProperty: ObjectProperty [value: 0xff0000ff]
14:45:51.470 [FXGL Background Thread 3 ] DEBUG Engine               - devEnableDebugCameraProperty: BooleanProperty [value: false]
14:45:51.470 [FXGL Background Thread 3 ] DEBUG Engine               - devSensorColorProperty: ObjectProperty [value: 0xffff00ff]
14:45:51.470 [FXGL Background Thread 3 ] DEBUG Engine               - devShowBBoxProperty: BooleanProperty [value: false]
14:45:51.470 [FXGL Background Thread 3 ] DEBUG Engine               - devShowPositionProperty: BooleanProperty [value: false]
14:45:51.470 [FXGL Background Thread 3 ] DEBUG Engine               - enabledMenuItems: []
14:45:51.471 [FXGL Background Thread 3 ] DEBUG Engine               - engineServices: [class com.almasb.fxgl.app.services.FXGLAssetLoaderService, class com.almasb.fxgl.app.FXGLApplication$GameApplicationService, class com.almasb.fxgl.app.services.FXGLDialogService, class com.almasb.fxgl.app.services.IOTaskExecutorService, class com.almasb.fxgl.io.FileSystemService, class com.almasb.fxgl.localization.LocalizationService, class com.almasb.fxgl.app.services.SystemBundleService, class com.almasb.fxgl.profile.SaveLoadService, class com.almasb.fxgl.ui.FXGLUIFactoryServiceProvider, class com.almasb.fxgl.ui.FXGLDialogFactoryServiceProvider, class com.almasb.fxgl.audio.AudioPlayer, class com.almasb.fxgl.notification.impl.NotificationServiceProvider, class com.almasb.fxgl.achievement.AchievementService, class com.almasb.fxgl.cutscene.CutsceneService, class com.almasb.fxgl.minigames.MiniGameService, class com.almasb.fxgl.net.NetService, class com.almasb.fxgl.app.services.UpdaterService, class com.almasb.fxgl.dev.DevService]
14:45:51.471 [FXGL Background Thread 3 ] DEBUG Engine               - fontGame: Abel-Regular.ttf
14:45:51.471 [FXGL Background Thread 3 ] DEBUG Engine               - fontMono: TerminalLandMono-Regular.otf
14:45:51.472 [FXGL Background Thread 3 ] DEBUG Engine               - fontText: Courier-Prime.ttf
14:45:51.472 [FXGL Background Thread 3 ] DEBUG Engine               - fontUI: VarelaRound-Regular.ttf
14:45:51.472 [FXGL Background Thread 3 ] DEBUG Engine               - fullScreen: BooleanProperty [value: false]
14:45:51.472 [FXGL Background Thread 3 ] DEBUG Engine               - gameDifficulty: MEDIUM
14:45:51.472 [FXGL Background Thread 3 ] DEBUG Engine               - gameDifficultyProperty: ObjectProperty [value: MEDIUM]
14:45:51.472 [FXGL Background Thread 3 ] DEBUG Engine               - globalMusicVolume: 0.5
14:45:51.473 [FXGL Background Thread 3 ] DEBUG Engine               - globalMusicVolumeProperty: DoubleProperty [value: 0.5]
14:45:51.473 [FXGL Background Thread 3 ] DEBUG Engine               - globalSoundVolume: 0.5
14:45:51.473 [FXGL Background Thread 3 ] DEBUG Engine               - globalSoundVolumeProperty: DoubleProperty [value: 0.5]
14:45:51.473 [FXGL Background Thread 3 ] DEBUG Engine               - height: 600
14:45:51.473 [FXGL Background Thread 3 ] DEBUG Engine               - is3D: false
14:45:51.474 [FXGL Background Thread 3 ] DEBUG Engine               - isAndroid: false
14:45:51.474 [FXGL Background Thread 3 ] DEBUG Engine               - isBrowser: false
14:45:51.474 [FXGL Background Thread 3 ] DEBUG Engine               - isClickFeedbackEnabled: false
14:45:51.474 [FXGL Background Thread 3 ] DEBUG Engine               - isCloseConfirmation: false
14:45:51.474 [FXGL Background Thread 3 ] DEBUG Engine               - isDesktop: true
14:45:51.474 [FXGL Background Thread 3 ] DEBUG Engine               - isDeveloperMenuEnabled: false
14:45:51.475 [FXGL Background Thread 3 ] DEBUG Engine               - isEmbedded: false
14:45:51.475 [FXGL Background Thread 3 ] DEBUG Engine               - isEntityPreloadEnabled: true
14:45:51.475 [FXGL Background Thread 3 ] DEBUG Engine               - isExperimentalTiledLargeMap: false
14:45:51.475 [FXGL Background Thread 3 ] DEBUG Engine               - isFileSystemWriteAllowed: true
14:45:51.475 [FXGL Background Thread 3 ] DEBUG Engine               - isFullScreenAllowed: false
14:45:51.475 [FXGL Background Thread 3 ] DEBUG Engine               - isFullScreenFromStart: false
14:45:51.475 [FXGL Background Thread 3 ] DEBUG Engine               - isGameMenuEnabled: true
14:45:51.476 [FXGL Background Thread 3 ] DEBUG Engine               - isIOS: false
14:45:51.476 [FXGL Background Thread 3 ] DEBUG Engine               - isIntroEnabled: false
14:45:51.476 [FXGL Background Thread 3 ] DEBUG Engine               - isLinux: false
14:45:51.476 [FXGL Background Thread 3 ] DEBUG Engine               - isMac: true
14:45:51.476 [FXGL Background Thread 3 ] DEBUG Engine               - isMainMenuEnabled: true
14:45:51.476 [FXGL Background Thread 3 ] DEBUG Engine               - isManualResizeEnabled: false
14:45:51.477 [FXGL Background Thread 3 ] DEBUG Engine               - isMobile: false
14:45:51.477 [FXGL Background Thread 3 ] DEBUG Engine               - isNative: false
14:45:51.477 [FXGL Background Thread 3 ] DEBUG Engine               - isPauseMusicWhenMinimized: true
14:45:51.477 [FXGL Background Thread 3 ] DEBUG Engine               - isPreserveResizeRatio: false
14:45:51.477 [FXGL Background Thread 3 ] DEBUG Engine               - isProfilingEnabled: false
14:45:51.477 [FXGL Background Thread 3 ] DEBUG Engine               - isScaleAffectedOnResize: true
14:45:51.477 [FXGL Background Thread 3 ] DEBUG Engine               - isSingleStep: false
14:45:51.477 [FXGL Background Thread 3 ] DEBUG Engine               - isUserProfileEnabled: false
14:45:51.478 [FXGL Background Thread 3 ] DEBUG Engine               - isWindows: false
14:45:51.478 [FXGL Background Thread 3 ] DEBUG Engine               - language: ObjectProperty [value: ENGLISH]
14:45:51.478 [FXGL Background Thread 3 ] DEBUG Engine               - menuKey: ESCAPE
14:45:51.478 [FXGL Background Thread 3 ] DEBUG Engine               - mouseSensitivity: 0.2
14:45:51.478 [FXGL Background Thread 3 ] DEBUG Engine               - notificationViewClass: class com.almasb.fxgl.notification.view.XboxNotificationView
14:45:51.478 [FXGL Background Thread 3 ] DEBUG Engine               - pixelsPerMeter: 50.0
14:45:51.478 [FXGL Background Thread 3 ] DEBUG Engine               - platform: MAC
14:45:51.478 [FXGL Background Thread 3 ] DEBUG Engine               - prefHeightProperty: ReadOnlyDoubleProperty [value: 600.0]
14:45:51.479 [FXGL Background Thread 3 ] DEBUG Engine               - prefWidthProperty: ReadOnlyDoubleProperty [value: 450.0]
14:45:51.479 [FXGL Background Thread 3 ] DEBUG Engine               - profileDir: profiles/
14:45:51.479 [FXGL Background Thread 3 ] DEBUG Engine               - profileName: StringProperty [value: DEFAULT]
14:45:51.479 [FXGL Background Thread 3 ] DEBUG Engine               - randomSeed: -1
14:45:51.480 [FXGL Background Thread 3 ] DEBUG Engine               - runtimeInfo: RuntimeInfo(platform=MAC, version=17.2, build=20.08.2022 16.50)
14:45:51.480 [FXGL Background Thread 3 ] DEBUG Engine               - saveFileExt: sav
14:45:51.480 [FXGL Background Thread 3 ] DEBUG Engine               - scaledHeightProp$fxgl: DoubleProperty [bound, value: 600.0]
14:45:51.481 [FXGL Background Thread 3 ] DEBUG Engine               - scaledWidthProp$fxgl: DoubleProperty [bound, value: 450.0]
14:45:51.481 [FXGL Background Thread 3 ] DEBUG Engine               - sceneFactory: com.ood.spacexinvader.GameStart$1@53296b7a
14:45:51.481 [FXGL Background Thread 3 ] DEBUG Engine               - secondsIn24h: 60
14:45:51.481 [FXGL Background Thread 3 ] DEBUG Engine               - soundMenuBack: menu/back.wav
14:45:51.481 [FXGL Background Thread 3 ] DEBUG Engine               - soundMenuPress: menu/press.wav
14:45:51.481 [FXGL Background Thread 3 ] DEBUG Engine               - soundMenuSelect: menu/select.wav
14:45:51.482 [FXGL Background Thread 3 ] DEBUG Engine               - soundNotification: core/notification.wav
14:45:51.482 [FXGL Background Thread 3 ] DEBUG Engine               - stageStyle: DECORATED
14:45:51.482 [FXGL Background Thread 3 ] DEBUG Engine               - supportedLanguages: [ENGLISH, FRENCH, GERMAN, HUNGARIAN, RUSSIAN]
14:45:51.482 [FXGL Background Thread 3 ] DEBUG Engine               - ticksPerSecond: -1
14:45:51.482 [FXGL Background Thread 3 ] DEBUG Engine               - title: SpaceX Invader
14:45:51.482 [FXGL Background Thread 3 ] DEBUG Engine               - urlGithub: https://github.com/AlmasB/FXGL
14:45:51.482 [FXGL Background Thread 3 ] DEBUG Engine               - urlLeaderboard: http://fxgl-top.herokuapp.com/
14:45:51.482 [FXGL Background Thread 3 ] DEBUG Engine               - urlPOM: https://raw.githubusercontent.com/AlmasB/FXGL/release/README.md
14:45:51.482 [FXGL Background Thread 3 ] DEBUG Engine               - userAppClass: class com.ood.spacexinvader.GameStart
14:45:51.482 [FXGL Background Thread 3 ] DEBUG Engine               - version: 0.0
14:45:51.483 [FXGL Background Thread 3 ] DEBUG Engine               - versionCheckDays: 7
14:45:51.483 [FXGL Background Thread 3 ] DEBUG Engine               - width: 450
14:45:51.483 [FXGL Background Thread 3 ] DEBUG Engine               - Logging services
14:45:51.483 [FXGL Background Thread 3 ] DEBUG Engine               - class com.almasb.fxgl.app.services.FXGLAssetLoaderService
14:45:51.483 [FXGL Background Thread 3 ] DEBUG Engine               - class com.almasb.fxgl.app.FXGLApplication$GameApplicationService
14:45:51.483 [FXGL Background Thread 3 ] DEBUG Engine               - class com.almasb.fxgl.app.services.FXGLDialogService
14:45:51.483 [FXGL Background Thread 3 ] DEBUG Engine               - class com.almasb.fxgl.app.services.IOTaskExecutorService
14:45:51.483 [FXGL Background Thread 3 ] DEBUG Engine               - class com.almasb.fxgl.io.FileSystemService
14:45:51.484 [FXGL Background Thread 3 ] DEBUG Engine               - class com.almasb.fxgl.localization.LocalizationService
14:45:51.484 [FXGL Background Thread 3 ] DEBUG Engine               - class com.almasb.fxgl.app.services.SystemBundleService
14:45:51.484 [FXGL Background Thread 3 ] DEBUG Engine               - class com.almasb.fxgl.profile.SaveLoadService
14:45:51.484 [FXGL Background Thread 3 ] DEBUG Engine               - class com.almasb.fxgl.ui.FXGLUIFactoryServiceProvider
14:45:51.484 [FXGL Background Thread 3 ] DEBUG Engine               - class com.almasb.fxgl.ui.FXGLDialogFactoryServiceProvider
14:45:51.484 [FXGL Background Thread 3 ] DEBUG Engine               - class com.almasb.fxgl.audio.AudioPlayer
14:45:51.484 [FXGL Background Thread 3 ] DEBUG Engine               - class com.almasb.fxgl.notification.impl.NotificationServiceProvider
14:45:51.484 [FXGL Background Thread 3 ] DEBUG Engine               - class com.almasb.fxgl.achievement.AchievementService
14:45:51.484 [FXGL Background Thread 3 ] DEBUG Engine               - class com.almasb.fxgl.cutscene.CutsceneService
14:45:51.484 [FXGL Background Thread 3 ] DEBUG Engine               - class com.almasb.fxgl.minigames.MiniGameService
14:45:51.484 [FXGL Background Thread 3 ] DEBUG Engine               - class com.almasb.fxgl.net.NetService
14:45:51.485 [FXGL Background Thread 3 ] DEBUG Engine               - class com.almasb.fxgl.app.services.UpdaterService
14:45:51.485 [FXGL Background Thread 3 ] DEBUG Engine               - class com.almasb.fxgl.dev.DevService
14:45:57.239 [JavaFX Application Thread] DEBUG FXGLApplication      - Exiting FXGL
14:45:57.239 [JavaFX Application Thread] DEBUG LoopRunner           - Stopping loop
14:45:57.239 [JavaFX Application Thread] DEBUG SystemBundleService  - Saving FXGL system data
14:45:57.242 [JavaFX Application Thread] DEBUG FileSystemAccess     - Writing to: /Users/leowong/IdeaProjects/SpaceX-Invader/system/fxgl.bundle
14:45:57.245 [JavaFX Application Thread] DEBUG Async                - Shutting down background threads
14:45:57.246 [JavaFX Application Thread] DEBUG PrimaryStageWindow   - Closing main window
14:45:57.261 [JavaFX Application Thread] DEBUG Logger               - Closing Logger
