10:33:32.961 [main                     ] DEBUG Logger               - Configured Logger
10:33:33.001 [main                     ] DEBUG GameApplication      - Logging settings
Title: SpaceX Invader
Version: 0.0
Width: 450
Height: 600
Fullscreen: false
Intro: false
Profiling: false
Single step:false
App Mode: DEVELOPER
Menu Key: ESCAPE
Stage Style: DECORATED
Scene Factory: class com.almasb.fxgl.app.scene.SceneFactory

10:33:33.507 [JavaFX Application Thread] DEBUG FXGLApplication      - Initializing FXGL
10:33:33.515 [JavaFX Application Thread] INFO  Engine               - FXGL-17.2 (20.08.2022 16.50) on MAC (J:17.0.3 FX:17.0.2-ea)
10:33:33.515 [JavaFX Application Thread] DEBUG Engine               - JRE Vendor Name: Eclipse Adoptium
10:33:33.516 [JavaFX Application Thread] DEBUG Engine               - Running on OS: Mac OS X version 13.1
10:33:33.516 [JavaFX Application Thread] DEBUG Engine               - Architecture: x86_64
10:33:33.516 [JavaFX Application Thread] INFO  Engine               - Source code and latest versions at: https://github.com/AlmasB/FXGL
10:33:33.516 [JavaFX Application Thread] INFO  Engine               -       Ask questions and discuss at: https://github.com/AlmasB/FXGL/discussions
10:33:33.517 [JavaFX Application Thread] INFO  Engine               -              Join the FXGL chat at: https://gitter.im/AlmasB/FXGL
10:33:33.619 [JavaFX Application Thread] DEBUG PrimaryStageWindow   - Creating a JavaFX scene
10:33:33.680 [JavaFX Application Thread] DEBUG PrimaryStageWindow   - Target settings size: 450.0 x 600.0
10:33:33.681 [JavaFX Application Thread] DEBUG PrimaryStageWindow   - Scaled scene size:    450.0 x 600.0
10:33:33.681 [JavaFX Application Thread] DEBUG PrimaryStageWindow   - Scaled ratio: (1.0, 1.0)
10:33:33.682 [JavaFX Application Thread] DEBUG PrimaryStageWindow   - Set initial scene to FXGLStartupScene
10:33:33.692 [JavaFX Application Thread] DEBUG PrimaryStageWindow   - Opening main window
10:33:33.797 [JavaFX Application Thread] DEBUG PrimaryStageWindow   - Window border size: (0.0, 28.0)
10:33:33.797 [JavaFX Application Thread] DEBUG PrimaryStageWindow   - Scaled size: 450.0 x 600.0
10:33:33.798 [JavaFX Application Thread] DEBUG PrimaryStageWindow   - Scaled ratio: (1.0, 1.0)
10:33:33.798 [JavaFX Application Thread] DEBUG PrimaryStageWindow   - Scene size: 450.0 x 600.0
10:33:33.798 [JavaFX Application Thread] DEBUG PrimaryStageWindow   - Stage size: 450.0 x 628.0
10:33:33.809 [FXGL Background Thread 1 ] DEBUG Engine               - Initializing environment variables
10:33:33.857 [FXGL Background Thread 1 ] DEBUG FXGLAssetLoaderServi - User app class for loading assets: class com.ood.spacexinvader.GameStart
10:33:33.858 [FXGL Background Thread 1 ] DEBUG GameApplicationServi - Applying CSS: fxgl_dark.css
10:33:33.859 [FXGL Background Thread 1 ] DEBUG FXGLAssetLoaderServi - Loading from file system: jar:file:///Users/leowong/.gradle/caches/modules-2/files-2.1/com.github.almasb/fxgl/17.2/35db6ae960eec2dcfd19262d3b7f9c42f0e95bc3/fxgl-17.2.jar!/fxglassets/ui/css/fxgl_dark.css
10:33:33.920 [FXGL Background Thread 1 ] DEBUG GameApplicationServi - Initializing application scenes
10:33:34.165 [FXGL Background Thread 1 ] DEBUG GameWorld            - Game world initialized
10:33:34.257 [FXGL Background Thread 1 ] DEBUG PhysicsWorld         - Physics world initialized: appHeight=600, physics.ppm=50.0
10:33:34.257 [FXGL Background Thread 1 ] DEBUG PhysicsWorld         - Using strategy: BRUTE_FORCE
10:33:34.263 [FXGL Background Thread 1 ] DEBUG GameScene            - Game scene initialized: 450x600
10:33:34.278 [FXGL Background Thread 1 ] WARN  FXGL.DefaultMenu     - FXGLDefaultMenu is not designed for resolutions < 800x600
10:33:34.279 [FXGL Background Thread 1 ] DEBUG FXGL.DefaultMenu     - createMenuBodyGameMenu()
10:33:34.304 [FXGL Background Thread 1 ] DEBUG FXGL.DefaultMenu     - createOptionsMenu()
10:33:34.326 [FXGL Background Thread 1 ] DEBUG FXGLAssetLoaderServi - Loading from file system: jar:file:///Users/leowong/.gradle/caches/modules-2/files-2.1/com.github.almasb/fxgl/17.2/35db6ae960eec2dcfd19262d3b7f9c42f0e95bc3/fxgl-17.2.jar!/fxglassets/textures/particles/smoke.png
10:33:34.441 [FXGL Background Thread 1 ] DEBUG FXGLAssetLoaderServi - Loading from file system: jar:file:///Users/leowong/.gradle/caches/modules-2/files-2.1/com.github.almasb/fxgl/17.2/35db6ae960eec2dcfd19262d3b7f9c42f0e95bc3/fxgl-17.2.jar!/fxglassets/textures/particles/trace_horizontal.png
10:33:34.469 [FXGL Background Thread 1 ] DEBUG GameApplicationServi - Application scenes initialized
10:33:34.483 [FXGL Background Thread 1 ] DEBUG SystemBundleService  - Loading FXGL system data
10:33:34.488 [FXGL Background Thread 1 ] DEBUG FileSystemAccess     - Reading from: /Users/leowong/IdeaProjects/SpaceX-Invader/system/fxgl.bundle
10:33:34.498 [FXGL Background Thread 1 ] DEBUG SystemBundleService  - Bundle FXGL: {}
10:33:34.498 [FXGL Background Thread 1 ] DEBUG UpdaterService       - Checking for updates
10:33:34.510 [FXGL Background Thread 4 ] DEBUG FXGLApplication      - Loading fonts
10:33:34.510 [FXGL Background Thread 4 ] DEBUG FXGLAssetLoaderServi - Loading from file system: jar:file:///Users/leowong/.gradle/caches/modules-2/files-2.1/com.github.almasb/fxgl/17.2/35db6ae960eec2dcfd19262d3b7f9c42f0e95bc3/fxgl-17.2.jar!/fxglassets/ui/fonts/VarelaRound-Regular.ttf
10:33:34.510 [FXGL Background Thread 1 ] DEBUG FXGLApplication      - Loading default localization
10:33:34.511 [FXGL Background Thread 1 ] DEBUG FXGLAssetLoaderServi - Loading from file system: jar:file:///Users/leowong/.gradle/caches/modules-2/files-2.1/com.github.almasb/fxgl/17.2/35db6ae960eec2dcfd19262d3b7f9c42f0e95bc3/fxgl-17.2.jar!/fxglassets/languages/english.lang
10:33:34.523 [FXGL Background Thread 4 ] DEBUG FXGLAssetLoaderServi - Loading from file system: jar:file:///Users/leowong/.gradle/caches/modules-2/files-2.1/com.github.almasb/fxgl/17.2/35db6ae960eec2dcfd19262d3b7f9c42f0e95bc3/fxgl-17.2.jar!/fxglassets/ui/fonts/Abel-Regular.ttf
10:33:34.527 [FXGL Background Thread 4 ] DEBUG FXGLAssetLoaderServi - Loading from file system: jar:file:///Users/leowong/.gradle/caches/modules-2/files-2.1/com.github.almasb/fxgl/17.2/35db6ae960eec2dcfd19262d3b7f9c42f0e95bc3/fxgl-17.2.jar!/fxglassets/ui/fonts/TerminalLandMono-Regular.otf
10:33:34.529 [FXGL Background Thread 1 ] INFO  FXGLApplication      - FXGL initialization took: 0.719 sec
10:33:34.530 [JavaFX Application Thread] DEBUG FXGLAssetLoaderServi - Loading from file system: jar:file:///Users/leowong/IdeaProjects/SpaceX-Invader/build/libs/SpaceX-Invader-1.0-SNAPSHOT.jar!/assets/textures/icon/spacex-invader-favicon-black.png
10:33:34.532 [FXGL Background Thread 4 ] DEBUG FXGLAssetLoaderServi - Loading from file system: jar:file:///Users/leowong/.gradle/caches/modules-2/files-2.1/com.github.almasb/fxgl/17.2/35db6ae960eec2dcfd19262d3b7f9c42f0e95bc3/fxgl-17.2.jar!/fxglassets/ui/fonts/Courier-Prime.ttf
10:33:34.546 [JavaFX Application Thread] DEBUG FXGLAssetLoaderServi - Loading from file system: jar:file:///Users/leowong/.gradle/caches/modules-2/files-2.1/com.github.almasb/fxgl/17.2/35db6ae960eec2dcfd19262d3b7f9c42f0e95bc3/fxgl-17.2.jar!/fxglassets/textures/fxgl_default_cursor.png
10:33:34.558 [JavaFX Application Thread] DEBUG Input                - Registered new binding: Screenshot - CTRL+8
10:33:34.559 [JavaFX Application Thread] DEBUG Input                - Registered new binding: System info dump - CTRL+9
10:33:34.560 [JavaFX Application Thread] DEBUG Input                - Registered new binding: Restart - CTRL+R
10:33:34.560 [JavaFX Application Thread] DEBUG Input                - Registered new binding: Toggle Debug Camera - CTRL+7
10:33:34.562 [JavaFX Application Thread] DEBUG LoopRunner           - Starting loop
10:33:34.562 [JavaFX Application Thread] DEBUG LoopRunner           - Initializing JavaFX AnimationTimerLoop
10:33:34.564 [JavaFX Application Thread] DEBUG GameApplicationServi - Starting new game
10:33:34.564 [JavaFX Application Thread] DEBUG Input                - Clearing active input actions
10:33:34.574 [JavaFX Application Thread] DEBUG GameApplicationServi - Removing overlay from FXGLStartupScene and adding to FXGLLoadingScene
10:33:34.575 [JavaFX Application Thread] DEBUG PrimaryStageWindow   - FXGLStartupScene -> FXGLLoadingScene
10:33:34.575 [JavaFX Application Thread] DEBUG GameApplicationServi - Clearing previous game
10:33:34.575 [JavaFX Application Thread] DEBUG GameScene            - Clearing game scene
10:33:34.575 [JavaFX Application Thread] DEBUG GameWorld            - Clearing game world
10:33:34.576 [JavaFX Application Thread] DEBUG PhysicsWorld         - Clearing physics world
10:33:34.577 [FXGL Background Thread 4 ] DEBUG FXGLApplication      - Initializing game
10:33:34.580 [FXGL Background Thread 4 ] DEBUG FXGLAssetLoaderServi - Loading from file system: jar:file:///Users/leowong/IdeaProjects/SpaceX-Invader/build/libs/SpaceX-Invader-1.0-SNAPSHOT.jar!/assets/textures/SpaceX.png
10:33:34.641 [JavaFX Application Thread] DEBUG FXGLApplication      - Registering font factories with UI factory
10:33:34.724 [FXGL Background Thread 4 ] INFO  FXGLApplication      - Game initialization took: 0.146 sec
10:33:34.799 [JavaFX Application Thread] DEBUG Input                - Clearing active input actions
10:33:34.809 [JavaFX Application Thread] DEBUG GameApplicationServi - Removing overlay from FXGLLoadingScene and adding to GameScene
10:33:34.809 [JavaFX Application Thread] DEBUG PrimaryStageWindow   - FXGLLoadingScene -> GameScene
10:33:36.429 [JavaFX Application Thread] DEBUG FXGLApplication      - Exiting FXGL
10:33:36.429 [JavaFX Application Thread] DEBUG LoopRunner           - Stopping loop
10:33:36.429 [JavaFX Application Thread] DEBUG SystemBundleService  - Saving FXGL system data
10:33:36.432 [JavaFX Application Thread] DEBUG FileSystemAccess     - Writing to: /Users/leowong/IdeaProjects/SpaceX-Invader/system/fxgl.bundle
10:33:36.435 [JavaFX Application Thread] DEBUG Async                - Shutting down background threads
10:33:36.435 [JavaFX Application Thread] DEBUG PrimaryStageWindow   - Closing main window
10:33:36.446 [JavaFX Application Thread] DEBUG Logger               - Closing Logger
