17:49:10.256 [main                     ] DEBUG Logger               - Configured Logger
17:49:10.299 [main                     ] DEBUG GameApplication      - Logging settings
Title: SpaceX Invader
Version: 0.0
Width: 450
Height: 600
Fullscreen: false
Intro: false
Profiling: false
Single step:false
App Mode: DEVELOPER
Menu Key: ESCAPE
Stage Style: DECORATED
Scene Factory: class com.almasb.fxgl.app.scene.SceneFactory

17:49:10.849 [JavaFX Application Thread] DEBUG FXGLApplication      - Initializing FXGL
17:49:10.856 [JavaFX Application Thread] INFO  Engine               - FXGL-17.2 (20.08.2022 16.50) on MAC (J:17.0.3 FX:17.0.2-ea)
17:49:10.857 [JavaFX Application Thread] DEBUG Engine               - JRE Vendor Name: Eclipse Adoptium
17:49:10.858 [JavaFX Application Thread] DEBUG Engine               - Running on OS: Mac OS X version 13.1
17:49:10.858 [JavaFX Application Thread] DEBUG Engine               - Architecture: x86_64
17:49:10.858 [JavaFX Application Thread] INFO  Engine               - Source code and latest versions at: https://github.com/AlmasB/FXGL
17:49:10.858 [JavaFX Application Thread] INFO  Engine               -       Ask questions and discuss at: https://github.com/AlmasB/FXGL/discussions
17:49:10.859 [JavaFX Application Thread] INFO  Engine               -              Join the FXGL chat at: https://gitter.im/AlmasB/FXGL
17:49:10.981 [JavaFX Application Thread] DEBUG PrimaryStageWindow   - Creating a JavaFX scene
17:49:11.036 [JavaFX Application Thread] DEBUG PrimaryStageWindow   - Target settings size: 450.0 x 600.0
17:49:11.037 [JavaFX Application Thread] DEBUG PrimaryStageWindow   - Scaled scene size:    450.0 x 600.0
17:49:11.037 [JavaFX Application Thread] DEBUG PrimaryStageWindow   - Scaled ratio: (1.0, 1.0)
17:49:11.039 [JavaFX Application Thread] DEBUG PrimaryStageWindow   - Set initial scene to FXGLStartupScene
17:49:11.048 [JavaFX Application Thread] DEBUG PrimaryStageWindow   - Opening main window
17:49:11.188 [JavaFX Application Thread] DEBUG PrimaryStageWindow   - Window border size: (0.0, 28.0)
17:49:11.188 [JavaFX Application Thread] DEBUG PrimaryStageWindow   - Scaled size: 450.0 x 600.0
17:49:11.188 [JavaFX Application Thread] DEBUG PrimaryStageWindow   - Scaled ratio: (1.0, 1.0)
17:49:11.189 [JavaFX Application Thread] DEBUG PrimaryStageWindow   - Scene size: 450.0 x 600.0
17:49:11.190 [JavaFX Application Thread] DEBUG PrimaryStageWindow   - Stage size: 450.0 x 628.0
17:49:11.198 [FXGL Background Thread 1 ] DEBUG Engine               - Initializing environment variables
17:49:11.251 [FXGL Background Thread 1 ] DEBUG FXGLAssetLoaderServi - User app class for loading assets: class com.ood.spacexinvader.GameStart
17:49:11.252 [FXGL Background Thread 1 ] DEBUG GameApplicationServi - Applying CSS: fxgl_dark.css
17:49:11.253 [FXGL Background Thread 1 ] DEBUG FXGLAssetLoaderServi - Loading from file system: jar:file:///Users/leowong/.gradle/caches/modules-2/files-2.1/com.github.almasb/fxgl/17.2/35db6ae960eec2dcfd19262d3b7f9c42f0e95bc3/fxgl-17.2.jar!/fxglassets/ui/css/fxgl_dark.css
17:49:11.330 [FXGL Background Thread 1 ] DEBUG GameApplicationServi - Initializing application scenes
17:49:11.598 [FXGL Background Thread 1 ] DEBUG GameWorld            - Game world initialized
17:49:11.673 [FXGL Background Thread 1 ] DEBUG PhysicsWorld         - Physics world initialized: appHeight=600, physics.ppm=50.0
17:49:11.673 [FXGL Background Thread 1 ] DEBUG PhysicsWorld         - Using strategy: BRUTE_FORCE
17:49:11.679 [FXGL Background Thread 1 ] DEBUG GameScene            - Game scene initialized: 450x600
17:49:11.693 [FXGL Background Thread 1 ] WARN  FXGL.DefaultMenu     - FXGLDefaultMenu is not designed for resolutions < 800x600
17:49:11.693 [FXGL Background Thread 1 ] DEBUG FXGL.DefaultMenu     - createMenuBodyGameMenu()
17:49:11.708 [FXGL Background Thread 1 ] DEBUG FXGL.DefaultMenu     - createOptionsMenu()
17:49:11.722 [FXGL Background Thread 1 ] DEBUG FXGLAssetLoaderServi - Loading from file system: jar:file:///Users/leowong/.gradle/caches/modules-2/files-2.1/com.github.almasb/fxgl/17.2/35db6ae960eec2dcfd19262d3b7f9c42f0e95bc3/fxgl-17.2.jar!/fxglassets/textures/particles/smoke.png
17:49:11.837 [FXGL Background Thread 1 ] DEBUG FXGLAssetLoaderServi - Loading from file system: jar:file:///Users/leowong/.gradle/caches/modules-2/files-2.1/com.github.almasb/fxgl/17.2/35db6ae960eec2dcfd19262d3b7f9c42f0e95bc3/fxgl-17.2.jar!/fxglassets/textures/particles/trace_horizontal.png
17:49:11.887 [FXGL Background Thread 1 ] DEBUG GameApplicationServi - Application scenes initialized
17:49:11.902 [FXGL Background Thread 1 ] DEBUG SystemBundleService  - Loading FXGL system data
17:49:11.907 [FXGL Background Thread 1 ] DEBUG FileSystemAccess     - Reading from: /Users/leowong/IdeaProjects/SpaceX-Invader/system/fxgl.bundle
17:49:11.916 [FXGL Background Thread 1 ] DEBUG SystemBundleService  - Bundle FXGL: {}
17:49:11.917 [FXGL Background Thread 1 ] DEBUG UpdaterService       - Checking for updates
17:49:11.921 [FXGL Background Thread 4 ] DEBUG FXGLApplication      - Loading fonts
17:49:11.922 [FXGL Background Thread 4 ] DEBUG FXGLAssetLoaderServi - Loading from file system: jar:file:///Users/leowong/.gradle/caches/modules-2/files-2.1/com.github.almasb/fxgl/17.2/35db6ae960eec2dcfd19262d3b7f9c42f0e95bc3/fxgl-17.2.jar!/fxglassets/ui/fonts/VarelaRound-Regular.ttf
17:49:11.922 [FXGL Background Thread 1 ] DEBUG FXGLApplication      - Loading default localization
17:49:11.923 [FXGL Background Thread 1 ] DEBUG FXGLAssetLoaderServi - Loading from file system: jar:file:///Users/leowong/.gradle/caches/modules-2/files-2.1/com.github.almasb/fxgl/17.2/35db6ae960eec2dcfd19262d3b7f9c42f0e95bc3/fxgl-17.2.jar!/fxglassets/languages/english.lang
17:49:11.944 [FXGL Background Thread 4 ] DEBUG FXGLAssetLoaderServi - Loading from file system: jar:file:///Users/leowong/.gradle/caches/modules-2/files-2.1/com.github.almasb/fxgl/17.2/35db6ae960eec2dcfd19262d3b7f9c42f0e95bc3/fxgl-17.2.jar!/fxglassets/ui/fonts/Abel-Regular.ttf
17:49:11.949 [FXGL Background Thread 4 ] DEBUG FXGLAssetLoaderServi - Loading from file system: jar:file:///Users/leowong/.gradle/caches/modules-2/files-2.1/com.github.almasb/fxgl/17.2/35db6ae960eec2dcfd19262d3b7f9c42f0e95bc3/fxgl-17.2.jar!/fxglassets/ui/fonts/TerminalLandMono-Regular.otf
17:49:11.952 [FXGL Background Thread 1 ] INFO  FXGLApplication      - FXGL initialization took: 0.753 sec
17:49:11.953 [JavaFX Application Thread] DEBUG FXGLAssetLoaderServi - Loading from file system: jar:file:///Users/leowong/IdeaProjects/SpaceX-Invader/build/libs/SpaceX-Invader-1.0-SNAPSHOT.jar!/assets/textures/spacex-invader-favicon-black.png
17:49:11.954 [FXGL Background Thread 4 ] DEBUG FXGLAssetLoaderServi - Loading from file system: jar:file:///Users/leowong/.gradle/caches/modules-2/files-2.1/com.github.almasb/fxgl/17.2/35db6ae960eec2dcfd19262d3b7f9c42f0e95bc3/fxgl-17.2.jar!/fxglassets/ui/fonts/Courier-Prime.ttf
17:49:11.978 [JavaFX Application Thread] DEBUG FXGLAssetLoaderServi - Loading from file system: jar:file:///Users/leowong/.gradle/caches/modules-2/files-2.1/com.github.almasb/fxgl/17.2/35db6ae960eec2dcfd19262d3b7f9c42f0e95bc3/fxgl-17.2.jar!/fxglassets/textures/fxgl_default_cursor.png
17:49:11.995 [JavaFX Application Thread] DEBUG Input                - Registered new binding: Screenshot - CTRL+8
17:49:11.996 [JavaFX Application Thread] DEBUG Input                - Registered new binding: System info dump - CTRL+9
17:49:11.997 [JavaFX Application Thread] DEBUG Input                - Registered new binding: Restart - CTRL+R
17:49:11.997 [JavaFX Application Thread] DEBUG Input                - Registered new binding: Toggle Debug Camera - CTRL+7
17:49:12.000 [JavaFX Application Thread] DEBUG LoopRunner           - Starting loop
17:49:12.001 [JavaFX Application Thread] DEBUG LoopRunner           - Initializing JavaFX AnimationTimerLoop
17:49:12.002 [JavaFX Application Thread] DEBUG GameApplicationServi - Starting new game
17:49:12.003 [JavaFX Application Thread] DEBUG Input                - Clearing active input actions
17:49:12.018 [JavaFX Application Thread] DEBUG GameApplicationServi - Removing overlay from FXGLStartupScene and adding to FXGLLoadingScene
17:49:12.019 [JavaFX Application Thread] DEBUG PrimaryStageWindow   - FXGLStartupScene -> FXGLLoadingScene
17:49:12.019 [JavaFX Application Thread] DEBUG GameApplicationServi - Clearing previous game
17:49:12.019 [JavaFX Application Thread] DEBUG GameScene            - Clearing game scene
17:49:12.019 [JavaFX Application Thread] DEBUG GameWorld            - Clearing game world
17:49:12.019 [JavaFX Application Thread] DEBUG PhysicsWorld         - Clearing physics world
17:49:12.021 [FXGL Background Thread 4 ] DEBUG FXGLApplication      - Initializing game
17:49:12.022 [FXGL Background Thread 4 ] INFO  FXGLApplication      - Game initialization took: 0.001 sec
17:49:12.081 [JavaFX Application Thread] DEBUG FXGLApplication      - Registering font factories with UI factory
17:49:12.147 [JavaFX Application Thread] DEBUG Input                - Clearing active input actions
17:49:12.159 [JavaFX Application Thread] DEBUG GameApplicationServi - Removing overlay from FXGLLoadingScene and adding to GameScene
17:49:12.160 [JavaFX Application Thread] DEBUG PrimaryStageWindow   - FXGLLoadingScene -> GameScene
17:49:14.923 [FXGL Background Thread 3 ] DEBUG Engine               - Logging environment variables
17:49:14.925 [FXGL Background Thread 3 ] DEBUG Engine               - achievements: []
17:49:14.925 [FXGL Background Thread 3 ] DEBUG Engine               - actualHeight: 600.0
17:49:14.926 [FXGL Background Thread 3 ] DEBUG Engine               - actualHeightProperty: ReadOnlyDoubleProperty [value: 600.0]
17:49:14.926 [FXGL Background Thread 3 ] DEBUG Engine               - actualWidth: 450.0
17:49:14.926 [FXGL Background Thread 3 ] DEBUG Engine               - actualWidthProperty: ReadOnlyDoubleProperty [value: 450.0]
17:49:14.926 [FXGL Background Thread 3 ] DEBUG Engine               - appIcon: spacex-invader-favicon-black.png
17:49:14.927 [FXGL Background Thread 3 ] DEBUG Engine               - applicationMode: DEVELOPER
17:49:14.927 [FXGL Background Thread 3 ] DEBUG Engine               - cSSList: [fxgl_dark.css]
17:49:14.927 [FXGL Background Thread 3 ] DEBUG Engine               - collisionDetectionStrategy: BRUTE_FORCE
17:49:14.927 [FXGL Background Thread 3 ] DEBUG Engine               - configClass: Optional.empty
17:49:14.927 [FXGL Background Thread 3 ] DEBUG Engine               - credits: []
17:49:14.929 [FXGL Background Thread 3 ] DEBUG Engine               - defaultCursor: CursorInfo(imageName=fxgl_default_cursor.png, hotspotX=7.0, hotspotY=6.0)
17:49:14.930 [FXGL Background Thread 3 ] DEBUG Engine               - devBBoxColorProperty: ObjectProperty [value: 0xff0000ff]
17:49:14.930 [FXGL Background Thread 3 ] DEBUG Engine               - devEnableDebugCameraProperty: BooleanProperty [value: false]
17:49:14.931 [FXGL Background Thread 3 ] DEBUG Engine               - devSensorColorProperty: ObjectProperty [value: 0xffff00ff]
17:49:14.931 [FXGL Background Thread 3 ] DEBUG Engine               - devShowBBoxProperty: BooleanProperty [value: false]
17:49:14.931 [FXGL Background Thread 3 ] DEBUG Engine               - devShowPositionProperty: BooleanProperty [value: false]
17:49:14.931 [FXGL Background Thread 3 ] DEBUG Engine               - enabledMenuItems: []
17:49:14.932 [FXGL Background Thread 3 ] DEBUG Engine               - engineServices: [class com.almasb.fxgl.app.services.FXGLAssetLoaderService, class com.almasb.fxgl.app.FXGLApplication$GameApplicationService, class com.almasb.fxgl.app.services.FXGLDialogService, class com.almasb.fxgl.app.services.IOTaskExecutorService, class com.almasb.fxgl.io.FileSystemService, class com.almasb.fxgl.localization.LocalizationService, class com.almasb.fxgl.app.services.SystemBundleService, class com.almasb.fxgl.profile.SaveLoadService, class com.almasb.fxgl.ui.FXGLUIFactoryServiceProvider, class com.almasb.fxgl.ui.FXGLDialogFactoryServiceProvider, class com.almasb.fxgl.audio.AudioPlayer, class com.almasb.fxgl.notification.impl.NotificationServiceProvider, class com.almasb.fxgl.achievement.AchievementService, class com.almasb.fxgl.cutscene.CutsceneService, class com.almasb.fxgl.minigames.MiniGameService, class com.almasb.fxgl.net.NetService, class com.almasb.fxgl.app.services.UpdaterService, class com.almasb.fxgl.dev.DevService]
17:49:14.932 [FXGL Background Thread 3 ] DEBUG Engine               - fontGame: Abel-Regular.ttf
17:49:14.933 [FXGL Background Thread 3 ] DEBUG Engine               - fontMono: TerminalLandMono-Regular.otf
17:49:14.933 [FXGL Background Thread 3 ] DEBUG Engine               - fontText: Courier-Prime.ttf
17:49:14.933 [FXGL Background Thread 3 ] DEBUG Engine               - fontUI: VarelaRound-Regular.ttf
17:49:14.933 [FXGL Background Thread 3 ] DEBUG Engine               - fullScreen: BooleanProperty [value: false]
17:49:14.934 [FXGL Background Thread 3 ] DEBUG Engine               - gameDifficulty: MEDIUM
17:49:14.934 [FXGL Background Thread 3 ] DEBUG Engine               - gameDifficultyProperty: ObjectProperty [value: MEDIUM]
17:49:14.934 [FXGL Background Thread 3 ] DEBUG Engine               - globalMusicVolume: 0.5
17:49:14.935 [FXGL Background Thread 3 ] DEBUG Engine               - globalMusicVolumeProperty: DoubleProperty [value: 0.5]
17:49:14.935 [FXGL Background Thread 3 ] DEBUG Engine               - globalSoundVolume: 0.5
17:49:14.935 [FXGL Background Thread 3 ] DEBUG Engine               - globalSoundVolumeProperty: DoubleProperty [value: 0.5]
17:49:14.936 [FXGL Background Thread 3 ] DEBUG Engine               - height: 600
17:49:14.936 [FXGL Background Thread 3 ] DEBUG Engine               - is3D: false
17:49:14.936 [FXGL Background Thread 3 ] DEBUG Engine               - isAndroid: false
17:49:14.937 [FXGL Background Thread 3 ] DEBUG Engine               - isBrowser: false
17:49:14.937 [FXGL Background Thread 3 ] DEBUG Engine               - isClickFeedbackEnabled: false
17:49:14.937 [FXGL Background Thread 3 ] DEBUG Engine               - isCloseConfirmation: false
17:49:14.938 [FXGL Background Thread 3 ] DEBUG Engine               - isDesktop: true
17:49:14.938 [FXGL Background Thread 3 ] DEBUG Engine               - isDeveloperMenuEnabled: false
17:49:14.938 [FXGL Background Thread 3 ] DEBUG Engine               - isEmbedded: false
17:49:14.939 [FXGL Background Thread 3 ] DEBUG Engine               - isEntityPreloadEnabled: true
17:49:14.939 [FXGL Background Thread 3 ] DEBUG Engine               - isExperimentalTiledLargeMap: false
17:49:14.939 [FXGL Background Thread 3 ] DEBUG Engine               - isFileSystemWriteAllowed: true
17:49:14.939 [FXGL Background Thread 3 ] DEBUG Engine               - isFullScreenAllowed: false
17:49:14.939 [FXGL Background Thread 3 ] DEBUG Engine               - isFullScreenFromStart: false
17:49:14.940 [FXGL Background Thread 3 ] DEBUG Engine               - isGameMenuEnabled: true
17:49:14.940 [FXGL Background Thread 3 ] DEBUG Engine               - isIOS: false
17:49:14.940 [FXGL Background Thread 3 ] DEBUG Engine               - isIntroEnabled: false
17:49:14.940 [FXGL Background Thread 3 ] DEBUG Engine               - isLinux: false
17:49:14.940 [FXGL Background Thread 3 ] DEBUG Engine               - isMac: true
17:49:14.940 [FXGL Background Thread 3 ] DEBUG Engine               - isMainMenuEnabled: false
17:49:14.941 [FXGL Background Thread 3 ] DEBUG Engine               - isManualResizeEnabled: false
17:49:14.941 [FXGL Background Thread 3 ] DEBUG Engine               - isMobile: false
17:49:14.941 [FXGL Background Thread 3 ] DEBUG Engine               - isNative: false
17:49:14.941 [FXGL Background Thread 3 ] DEBUG Engine               - isPauseMusicWhenMinimized: true
17:49:14.941 [FXGL Background Thread 3 ] DEBUG Engine               - isPreserveResizeRatio: false
17:49:14.941 [FXGL Background Thread 3 ] DEBUG Engine               - isProfilingEnabled: false
17:49:14.941 [FXGL Background Thread 3 ] DEBUG Engine               - isScaleAffectedOnResize: true
17:49:14.942 [FXGL Background Thread 3 ] DEBUG Engine               - isSingleStep: false
17:49:14.942 [FXGL Background Thread 3 ] DEBUG Engine               - isUserProfileEnabled: false
17:49:14.942 [FXGL Background Thread 3 ] DEBUG Engine               - isWindows: false
17:49:14.942 [FXGL Background Thread 3 ] DEBUG Engine               - language: ObjectProperty [value: ENGLISH]
17:49:14.942 [FXGL Background Thread 3 ] DEBUG Engine               - menuKey: ESCAPE
17:49:14.943 [FXGL Background Thread 3 ] DEBUG Engine               - mouseSensitivity: 0.2
17:49:14.943 [FXGL Background Thread 3 ] DEBUG Engine               - notificationViewClass: class com.almasb.fxgl.notification.view.XboxNotificationView
17:49:14.943 [FXGL Background Thread 3 ] DEBUG Engine               - pixelsPerMeter: 50.0
17:49:14.943 [FXGL Background Thread 3 ] DEBUG Engine               - platform: MAC
17:49:14.943 [FXGL Background Thread 3 ] DEBUG Engine               - prefHeightProperty: ReadOnlyDoubleProperty [value: 600.0]
17:49:14.943 [FXGL Background Thread 3 ] DEBUG Engine               - prefWidthProperty: ReadOnlyDoubleProperty [value: 450.0]
17:49:14.944 [FXGL Background Thread 3 ] DEBUG Engine               - profileDir: profiles/
17:49:14.944 [FXGL Background Thread 3 ] DEBUG Engine               - profileName: StringProperty [value: DEFAULT]
17:49:14.944 [FXGL Background Thread 3 ] DEBUG Engine               - randomSeed: -1
17:49:14.944 [FXGL Background Thread 3 ] DEBUG Engine               - runtimeInfo: RuntimeInfo(platform=MAC, version=17.2, build=20.08.2022 16.50)
17:49:14.945 [FXGL Background Thread 3 ] DEBUG Engine               - saveFileExt: sav
17:49:14.945 [FXGL Background Thread 3 ] DEBUG Engine               - scaledHeightProp$fxgl: DoubleProperty [bound, value: 600.0]
17:49:14.945 [FXGL Background Thread 3 ] DEBUG Engine               - scaledWidthProp$fxgl: DoubleProperty [bound, value: 450.0]
17:49:14.945 [FXGL Background Thread 3 ] DEBUG Engine               - sceneFactory: com.almasb.fxgl.app.scene.SceneFactory@7eeaef94
17:49:14.945 [FXGL Background Thread 3 ] DEBUG Engine               - secondsIn24h: 60
17:49:14.945 [FXGL Background Thread 3 ] DEBUG Engine               - soundMenuBack: menu/back.wav
17:49:14.945 [FXGL Background Thread 3 ] DEBUG Engine               - soundMenuPress: menu/press.wav
17:49:14.945 [FXGL Background Thread 3 ] DEBUG Engine               - soundMenuSelect: menu/select.wav
17:49:14.945 [FXGL Background Thread 3 ] DEBUG Engine               - soundNotification: core/notification.wav
17:49:14.946 [FXGL Background Thread 3 ] DEBUG Engine               - stageStyle: DECORATED
17:49:14.946 [FXGL Background Thread 3 ] DEBUG Engine               - supportedLanguages: [ENGLISH, FRENCH, GERMAN, HUNGARIAN, RUSSIAN]
17:49:14.946 [FXGL Background Thread 3 ] DEBUG Engine               - ticksPerSecond: -1
17:49:14.946 [FXGL Background Thread 3 ] DEBUG Engine               - title: SpaceX Invader
17:49:14.946 [FXGL Background Thread 3 ] DEBUG Engine               - urlGithub: https://github.com/AlmasB/FXGL
17:49:14.946 [FXGL Background Thread 3 ] DEBUG Engine               - urlLeaderboard: http://fxgl-top.herokuapp.com/
17:49:14.946 [FXGL Background Thread 3 ] DEBUG Engine               - urlPOM: https://raw.githubusercontent.com/AlmasB/FXGL/release/README.md
17:49:14.947 [FXGL Background Thread 3 ] DEBUG Engine               - userAppClass: class com.ood.spacexinvader.GameStart
17:49:14.947 [FXGL Background Thread 3 ] DEBUG Engine               - version: 0.0
17:49:14.947 [FXGL Background Thread 3 ] DEBUG Engine               - versionCheckDays: 7
17:49:14.947 [FXGL Background Thread 3 ] DEBUG Engine               - width: 450
17:49:14.947 [FXGL Background Thread 3 ] DEBUG Engine               - Logging services
17:49:14.947 [FXGL Background Thread 3 ] DEBUG Engine               - class com.almasb.fxgl.app.services.FXGLAssetLoaderService
17:49:14.948 [FXGL Background Thread 3 ] DEBUG Engine               - class com.almasb.fxgl.app.FXGLApplication$GameApplicationService
17:49:14.948 [FXGL Background Thread 3 ] DEBUG Engine               - class com.almasb.fxgl.app.services.FXGLDialogService
17:49:14.948 [FXGL Background Thread 3 ] DEBUG Engine               - class com.almasb.fxgl.app.services.IOTaskExecutorService
17:49:14.948 [FXGL Background Thread 3 ] DEBUG Engine               - class com.almasb.fxgl.io.FileSystemService
17:49:14.948 [FXGL Background Thread 3 ] DEBUG Engine               - class com.almasb.fxgl.localization.LocalizationService
17:49:14.948 [FXGL Background Thread 3 ] DEBUG Engine               - class com.almasb.fxgl.app.services.SystemBundleService
17:49:14.948 [FXGL Background Thread 3 ] DEBUG Engine               - class com.almasb.fxgl.profile.SaveLoadService
17:49:14.948 [FXGL Background Thread 3 ] DEBUG Engine               - class com.almasb.fxgl.ui.FXGLUIFactoryServiceProvider
17:49:14.949 [FXGL Background Thread 3 ] DEBUG Engine               - class com.almasb.fxgl.ui.FXGLDialogFactoryServiceProvider
17:49:14.949 [FXGL Background Thread 3 ] DEBUG Engine               - class com.almasb.fxgl.audio.AudioPlayer
17:49:14.949 [FXGL Background Thread 3 ] DEBUG Engine               - class com.almasb.fxgl.notification.impl.NotificationServiceProvider
17:49:14.949 [FXGL Background Thread 3 ] DEBUG Engine               - class com.almasb.fxgl.achievement.AchievementService
17:49:14.949 [FXGL Background Thread 3 ] DEBUG Engine               - class com.almasb.fxgl.cutscene.CutsceneService
17:49:14.950 [FXGL Background Thread 3 ] DEBUG Engine               - class com.almasb.fxgl.minigames.MiniGameService
17:49:14.950 [FXGL Background Thread 3 ] DEBUG Engine               - class com.almasb.fxgl.net.NetService
17:49:14.950 [FXGL Background Thread 3 ] DEBUG Engine               - class com.almasb.fxgl.app.services.UpdaterService
17:49:14.950 [FXGL Background Thread 3 ] DEBUG Engine               - class com.almasb.fxgl.dev.DevService
17:49:29.615 [JavaFX Application Thread] DEBUG FXGLApplication      - Exiting FXGL
17:49:29.616 [JavaFX Application Thread] DEBUG LoopRunner           - Stopping loop
17:49:29.616 [JavaFX Application Thread] DEBUG SystemBundleService  - Saving FXGL system data
17:49:29.618 [JavaFX Application Thread] DEBUG FileSystemAccess     - Writing to: /Users/leowong/IdeaProjects/SpaceX-Invader/system/fxgl.bundle
17:49:29.620 [JavaFX Application Thread] DEBUG Async                - Shutting down background threads
17:49:29.621 [JavaFX Application Thread] DEBUG PrimaryStageWindow   - Closing main window
17:49:29.633 [JavaFX Application Thread] DEBUG Logger               - Closing Logger
