16:20:01.689 [main                     ] DEBUG Logger               - Configured Logger
16:20:01.704 [main                     ] DEBUG GameApplication      - Logging settings
Title: SpaceX Invader
Version: 0.0
Width: 450
Height: 600
Fullscreen: false
Intro: false
Profiling: false
Single step:false
App Mode: DEVELOPER
Menu Key: ESCAPE
Stage Style: DECORATED
Scene Factory: class com.ood.spacexinvader.GameStart$1

16:20:01.898 [JavaFX Application Thread] DEBUG FXGLApplication      - Initializing FXGL
16:20:01.900 [JavaFX Application Thread] INFO  Engine               - FXGL-17.2 (20.08.2022 16.50) on MAC (J:17.0.4.1 FX:17.0.2-ea)
16:20:01.900 [JavaFX Application Thread] DEBUG Engine               - JRE Vendor Name: Oracle Corporation
16:20:01.901 [JavaFX Application Thread] DEBUG Engine               - Running on OS: Mac OS X version 13.0.1
16:20:01.901 [JavaFX Application Thread] DEBUG Engine               - Architecture: aarch64
16:20:01.901 [JavaFX Application Thread] INFO  Engine               - Source code and latest versions at: https://github.com/AlmasB/FXGL
16:20:01.901 [JavaFX Application Thread] INFO  Engine               -       Ask questions and discuss at: https://github.com/AlmasB/FXGL/discussions
16:20:01.901 [JavaFX Application Thread] INFO  Engine               -              Join the FXGL chat at: https://gitter.im/AlmasB/FXGL
16:20:01.940 [JavaFX Application Thread] DEBUG PrimaryStageWindow   - Creating a JavaFX scene
16:20:01.958 [JavaFX Application Thread] DEBUG PrimaryStageWindow   - Target settings size: 450.0 x 600.0
16:20:01.959 [JavaFX Application Thread] DEBUG PrimaryStageWindow   - Scaled scene size:    450.0 x 600.0
16:20:01.959 [JavaFX Application Thread] DEBUG PrimaryStageWindow   - Scaled ratio: (1.0, 1.0)
16:20:01.959 [JavaFX Application Thread] DEBUG PrimaryStageWindow   - Set initial scene to FXGLStartupScene
16:20:01.962 [JavaFX Application Thread] DEBUG PrimaryStageWindow   - Opening main window
16:20:01.998 [JavaFX Application Thread] DEBUG PrimaryStageWindow   - Window border size: (0.0, 28.0)
16:20:01.998 [JavaFX Application Thread] DEBUG PrimaryStageWindow   - Scaled size: 450.0 x 600.0
16:20:01.998 [JavaFX Application Thread] DEBUG PrimaryStageWindow   - Scaled ratio: (1.0, 1.0)
16:20:01.999 [JavaFX Application Thread] DEBUG PrimaryStageWindow   - Scene size: 450.0 x 600.0
16:20:01.999 [JavaFX Application Thread] DEBUG PrimaryStageWindow   - Stage size: 450.0 x 628.0
16:20:02.001 [FXGL Background Thread 1 ] DEBUG Engine               - Initializing environment variables
16:20:02.017 [FXGL Background Thread 1 ] DEBUG FXGLAssetLoaderServi - User app class for loading assets: class com.ood.spacexinvader.GameStart
16:20:02.017 [FXGL Background Thread 1 ] DEBUG GameApplicationServi - Applying CSS: fxgl_dark.css
16:20:02.018 [FXGL Background Thread 1 ] DEBUG FXGLAssetLoaderServi - Loading from file system: jar:file:///Users/hiimecho/.gradle/caches/modules-2/files-2.1/com.github.almasb/fxgl/17.2/35db6ae960eec2dcfd19262d3b7f9c42f0e95bc3/fxgl-17.2.jar!/fxglassets/ui/css/fxgl_dark.css
16:20:02.040 [FXGL Background Thread 1 ] DEBUG GameApplicationServi - Initializing application scenes
16:20:02.100 [FXGL Background Thread 1 ] DEBUG GameWorld            - Game world initialized
16:20:02.125 [FXGL Background Thread 1 ] DEBUG PhysicsWorld         - Physics world initialized: appHeight=600, physics.ppm=50.0
16:20:02.125 [FXGL Background Thread 1 ] DEBUG PhysicsWorld         - Using strategy: BRUTE_FORCE
16:20:02.127 [FXGL Background Thread 1 ] DEBUG GameScene            - Game scene initialized: 450x600
16:20:02.140 [FXGL Background Thread 1 ] DEBUG GameApplicationServi - Application scenes initialized
16:20:02.150 [FXGL Background Thread 1 ] DEBUG SystemBundleService  - Loading FXGL system data
16:20:02.153 [FXGL Background Thread 1 ] DEBUG FileSystemAccess     - Reading from: /Users/hiimecho/Documents/Coding/Java/Coding/SpaceX-Invader/system/fxgl.bundle
16:20:02.158 [FXGL Background Thread 1 ] DEBUG SystemBundleService  - Bundle FXGL: {}
16:20:02.158 [FXGL Background Thread 1 ] DEBUG UpdaterService       - Checking for updates
16:20:02.160 [FXGL Background Thread 4 ] DEBUG FXGLApplication      - Loading fonts
16:20:02.160 [FXGL Background Thread 1 ] DEBUG FXGLApplication      - Loading default localization
16:20:02.160 [FXGL Background Thread 4 ] DEBUG FXGLAssetLoaderServi - Loading from file system: jar:file:///Users/hiimecho/.gradle/caches/modules-2/files-2.1/com.github.almasb/fxgl/17.2/35db6ae960eec2dcfd19262d3b7f9c42f0e95bc3/fxgl-17.2.jar!/fxglassets/ui/fonts/VarelaRound-Regular.ttf
16:20:02.160 [FXGL Background Thread 1 ] DEBUG FXGLAssetLoaderServi - Loading from file system: jar:file:///Users/hiimecho/.gradle/caches/modules-2/files-2.1/com.github.almasb/fxgl/17.2/35db6ae960eec2dcfd19262d3b7f9c42f0e95bc3/fxgl-17.2.jar!/fxglassets/languages/english.lang
16:20:02.167 [FXGL Background Thread 4 ] DEBUG FXGLAssetLoaderServi - Loading from file system: jar:file:///Users/hiimecho/.gradle/caches/modules-2/files-2.1/com.github.almasb/fxgl/17.2/35db6ae960eec2dcfd19262d3b7f9c42f0e95bc3/fxgl-17.2.jar!/fxglassets/ui/fonts/Abel-Regular.ttf
16:20:02.168 [FXGL Background Thread 1 ] INFO  FXGLApplication      - FXGL initialization took: 0.167 sec
16:20:02.169 [FXGL Background Thread 4 ] DEBUG FXGLAssetLoaderServi - Loading from file system: jar:file:///Users/hiimecho/.gradle/caches/modules-2/files-2.1/com.github.almasb/fxgl/17.2/35db6ae960eec2dcfd19262d3b7f9c42f0e95bc3/fxgl-17.2.jar!/fxglassets/ui/fonts/TerminalLandMono-Regular.otf
16:20:02.171 [FXGL Background Thread 4 ] DEBUG FXGLAssetLoaderServi - Loading from file system: jar:file:///Users/hiimecho/.gradle/caches/modules-2/files-2.1/com.github.almasb/fxgl/17.2/35db6ae960eec2dcfd19262d3b7f9c42f0e95bc3/fxgl-17.2.jar!/fxglassets/ui/fonts/Courier-Prime.ttf
16:20:02.173 [JavaFX Application Thread] DEBUG Input                - Registered new binding: Left - A
16:20:02.173 [JavaFX Application Thread] DEBUG Input                - Registered new binding: Right - D
16:20:02.173 [JavaFX Application Thread] DEBUG Input                - Registered new binding: Shoot - J
16:20:02.173 [JavaFX Application Thread] DEBUG FXGLAssetLoaderServi - Loading from file system: jar:file:///Users/hiimecho/Documents/Coding/Java/Coding/SpaceX-Invader/build/libs/SpaceX-Invader-1.0-SNAPSHOT.jar!/assets/textures/icon/spacex-invader-favicon-black.png
16:20:02.189 [JavaFX Application Thread] DEBUG FXGLAssetLoaderServi - Loading from file system: jar:file:///Users/hiimecho/.gradle/caches/modules-2/files-2.1/com.github.almasb/fxgl/17.2/35db6ae960eec2dcfd19262d3b7f9c42f0e95bc3/fxgl-17.2.jar!/fxglassets/textures/fxgl_default_cursor.png
16:20:02.190 [JavaFX Application Thread] DEBUG Input                - Registered new binding: Screenshot - CTRL+8
16:20:02.191 [JavaFX Application Thread] DEBUG Input                - Registered new binding: System info dump - CTRL+9
16:20:02.191 [JavaFX Application Thread] DEBUG Input                - Registered new binding: Restart - CTRL+R
16:20:02.191 [JavaFX Application Thread] DEBUG Input                - Registered new binding: Toggle Debug Camera - CTRL+7
16:20:02.192 [JavaFX Application Thread] DEBUG LoopRunner           - Starting loop
16:20:02.192 [JavaFX Application Thread] DEBUG LoopRunner           - Initializing JavaFX AnimationTimerLoop
16:20:02.193 [JavaFX Application Thread] DEBUG Input                - Clearing active input actions
16:20:02.196 [JavaFX Application Thread] DEBUG GameApplicationServi - Removing overlay from FXGLStartupScene and adding to FXGLMainMenuDummyScene
16:20:02.196 [JavaFX Application Thread] DEBUG PrimaryStageWindow   - FXGLStartupScene -> FXGLMainMenuDummyScene
16:20:02.196 [JavaFX Application Thread] DEBUG PrimaryStageWindow   - Push state: MainMenu
16:20:02.196 [JavaFX Application Thread] DEBUG Input                - Clearing active input actions
16:20:02.199 [JavaFX Application Thread] DEBUG GameApplicationServi - Removing overlay from FXGLMainMenuDummyScene and adding to MainMenu
16:20:02.199 [JavaFX Application Thread] DEBUG PrimaryStageWindow   - FXGLMainMenuDummyScene -> MainMenu
16:20:02.218 [JavaFX Application Thread] DEBUG FXGLApplication      - Registering font factories with UI factory
16:20:03.127 [JavaFX Application Thread] DEBUG Menu                 - fireNewGame()
16:20:03.128 [JavaFX Application Thread] DEBUG GameApplicationServi - Starting new game
16:20:03.128 [JavaFX Application Thread] DEBUG PrimaryStageWindow   - Pop state: MainMenu
16:20:03.128 [JavaFX Application Thread] DEBUG Input                - Clearing active input actions
16:20:03.130 [JavaFX Application Thread] DEBUG GameApplicationServi - Removing overlay from MainMenu and adding to FXGLMainMenuDummyScene
16:20:03.130 [JavaFX Application Thread] DEBUG PrimaryStageWindow   - FXGLMainMenuDummyScene <- MainMenu
16:20:03.131 [JavaFX Application Thread] DEBUG Input                - Clearing active input actions
16:20:03.139 [JavaFX Application Thread] DEBUG GameApplicationServi - Removing overlay from FXGLMainMenuDummyScene and adding to FXGLLoadingScene
16:20:03.139 [JavaFX Application Thread] DEBUG PrimaryStageWindow   - FXGLMainMenuDummyScene -> FXGLLoadingScene
16:20:03.139 [JavaFX Application Thread] DEBUG GameApplicationServi - Clearing previous game
16:20:03.139 [JavaFX Application Thread] DEBUG GameScene            - Clearing game scene
16:20:03.139 [JavaFX Application Thread] DEBUG GameWorld            - Clearing game world
16:20:03.139 [JavaFX Application Thread] DEBUG PhysicsWorld         - Clearing physics world
16:20:03.141 [FXGL Background Thread 4 ] DEBUG FXGLApplication      - Initializing game
16:20:03.148 [FXGL Background Thread 4 ] DEBUG FXGLAssetLoaderServi - Loading from file system: jar:file:///Users/hiimecho/Documents/Coding/Java/Coding/SpaceX-Invader/build/libs/SpaceX-Invader-1.0-SNAPSHOT.jar!/assets/textures/player/SpaceX.png
16:20:03.165 [FXGL Background Thread 4 ] INFO  FXGLApplication      - Game initialization took: 0.023 sec
16:20:03.171 [JavaFX Application Thread] DEBUG Input                - Clearing active input actions
16:20:03.176 [JavaFX Application Thread] DEBUG GameApplicationServi - Removing overlay from FXGLLoadingScene and adding to GameScene
16:20:03.176 [JavaFX Application Thread] DEBUG PrimaryStageWindow   - FXGLLoadingScene -> GameScene
16:20:05.165 [FXGL Background Thread 3 ] DEBUG Engine               - Logging environment variables
16:20:05.166 [FXGL Background Thread 3 ] DEBUG Engine               - achievements: []
16:20:05.166 [FXGL Background Thread 3 ] DEBUG Engine               - actualHeight: 600.0
16:20:05.166 [FXGL Background Thread 3 ] DEBUG Engine               - actualHeightProperty: ReadOnlyDoubleProperty [value: 600.0]
16:20:05.166 [FXGL Background Thread 3 ] DEBUG Engine               - actualWidth: 450.0
16:20:05.166 [FXGL Background Thread 3 ] DEBUG Engine               - actualWidthProperty: ReadOnlyDoubleProperty [value: 450.0]
16:20:05.166 [FXGL Background Thread 3 ] DEBUG Engine               - appIcon: icon/spacex-invader-favicon-black.png
16:20:05.166 [FXGL Background Thread 3 ] DEBUG Engine               - applicationMode: DEVELOPER
16:20:05.166 [FXGL Background Thread 3 ] DEBUG Engine               - cSSList: [fxgl_dark.css]
16:20:05.167 [FXGL Background Thread 3 ] DEBUG Engine               - collisionDetectionStrategy: BRUTE_FORCE
16:20:05.167 [FXGL Background Thread 3 ] DEBUG Engine               - configClass: Optional.empty
16:20:05.167 [FXGL Background Thread 3 ] DEBUG Engine               - credits: []
16:20:05.168 [FXGL Background Thread 3 ] DEBUG Engine               - defaultCursor: CursorInfo(imageName=fxgl_default_cursor.png, hotspotX=7.0, hotspotY=6.0)
16:20:05.169 [FXGL Background Thread 3 ] DEBUG Engine               - devBBoxColorProperty: ObjectProperty [value: 0xff0000ff]
16:20:05.169 [FXGL Background Thread 3 ] DEBUG Engine               - devEnableDebugCameraProperty: BooleanProperty [value: false]
16:20:05.169 [FXGL Background Thread 3 ] DEBUG Engine               - devSensorColorProperty: ObjectProperty [value: 0xffff00ff]
16:20:05.169 [FXGL Background Thread 3 ] DEBUG Engine               - devShowBBoxProperty: BooleanProperty [value: false]
16:20:05.169 [FXGL Background Thread 3 ] DEBUG Engine               - devShowPositionProperty: BooleanProperty [value: false]
16:20:05.169 [FXGL Background Thread 3 ] DEBUG Engine               - enabledMenuItems: []
16:20:05.169 [FXGL Background Thread 3 ] DEBUG Engine               - engineServices: [class com.almasb.fxgl.app.services.FXGLAssetLoaderService, class com.almasb.fxgl.app.FXGLApplication$GameApplicationService, class com.almasb.fxgl.app.services.FXGLDialogService, class com.almasb.fxgl.app.services.IOTaskExecutorService, class com.almasb.fxgl.io.FileSystemService, class com.almasb.fxgl.localization.LocalizationService, class com.almasb.fxgl.app.services.SystemBundleService, class com.almasb.fxgl.profile.SaveLoadService, class com.almasb.fxgl.ui.FXGLUIFactoryServiceProvider, class com.almasb.fxgl.ui.FXGLDialogFactoryServiceProvider, class com.almasb.fxgl.audio.AudioPlayer, class com.almasb.fxgl.notification.impl.NotificationServiceProvider, class com.almasb.fxgl.achievement.AchievementService, class com.almasb.fxgl.cutscene.CutsceneService, class com.almasb.fxgl.minigames.MiniGameService, class com.almasb.fxgl.net.NetService, class com.almasb.fxgl.app.services.UpdaterService, class com.almasb.fxgl.dev.DevService]
16:20:05.169 [FXGL Background Thread 3 ] DEBUG Engine               - fontGame: Abel-Regular.ttf
16:20:05.169 [FXGL Background Thread 3 ] DEBUG Engine               - fontMono: TerminalLandMono-Regular.otf
16:20:05.170 [FXGL Background Thread 3 ] DEBUG Engine               - fontText: Courier-Prime.ttf
16:20:05.170 [FXGL Background Thread 3 ] DEBUG Engine               - fontUI: VarelaRound-Regular.ttf
16:20:05.170 [FXGL Background Thread 3 ] DEBUG Engine               - fullScreen: BooleanProperty [value: false]
16:20:05.170 [FXGL Background Thread 3 ] DEBUG Engine               - gameDifficulty: MEDIUM
16:20:05.170 [FXGL Background Thread 3 ] DEBUG Engine               - gameDifficultyProperty: ObjectProperty [value: MEDIUM]
16:20:05.170 [FXGL Background Thread 3 ] DEBUG Engine               - globalMusicVolume: 0.5
16:20:05.170 [FXGL Background Thread 3 ] DEBUG Engine               - globalMusicVolumeProperty: DoubleProperty [value: 0.5]
16:20:05.170 [FXGL Background Thread 3 ] DEBUG Engine               - globalSoundVolume: 0.5
16:20:05.170 [FXGL Background Thread 3 ] DEBUG Engine               - globalSoundVolumeProperty: DoubleProperty [value: 0.5]
16:20:05.170 [FXGL Background Thread 3 ] DEBUG Engine               - height: 600
16:20:05.170 [FXGL Background Thread 3 ] DEBUG Engine               - is3D: false
16:20:05.170 [FXGL Background Thread 3 ] DEBUG Engine               - isAndroid: false
16:20:05.171 [FXGL Background Thread 3 ] DEBUG Engine               - isBrowser: false
16:20:05.171 [FXGL Background Thread 3 ] DEBUG Engine               - isClickFeedbackEnabled: false
16:20:05.171 [FXGL Background Thread 3 ] DEBUG Engine               - isCloseConfirmation: true
16:20:05.171 [FXGL Background Thread 3 ] DEBUG Engine               - isDesktop: true
16:20:05.171 [FXGL Background Thread 3 ] DEBUG Engine               - isDeveloperMenuEnabled: false
16:20:05.171 [FXGL Background Thread 3 ] DEBUG Engine               - isEmbedded: false
16:20:05.171 [FXGL Background Thread 3 ] DEBUG Engine               - isEntityPreloadEnabled: true
16:20:05.171 [FXGL Background Thread 3 ] DEBUG Engine               - isExperimentalTiledLargeMap: false
16:20:05.171 [FXGL Background Thread 3 ] DEBUG Engine               - isFileSystemWriteAllowed: true
16:20:05.171 [FXGL Background Thread 3 ] DEBUG Engine               - isFullScreenAllowed: false
16:20:05.171 [FXGL Background Thread 3 ] DEBUG Engine               - isFullScreenFromStart: false
16:20:05.171 [FXGL Background Thread 3 ] DEBUG Engine               - isGameMenuEnabled: true
16:20:05.171 [FXGL Background Thread 3 ] DEBUG Engine               - isIOS: false
16:20:05.172 [FXGL Background Thread 3 ] DEBUG Engine               - isIntroEnabled: false
16:20:05.172 [FXGL Background Thread 3 ] DEBUG Engine               - isLinux: false
16:20:05.172 [FXGL Background Thread 3 ] DEBUG Engine               - isMac: true
16:20:05.172 [FXGL Background Thread 3 ] DEBUG Engine               - isMainMenuEnabled: true
16:20:05.172 [FXGL Background Thread 3 ] DEBUG Engine               - isManualResizeEnabled: false
16:20:05.172 [FXGL Background Thread 3 ] DEBUG Engine               - isMobile: false
16:20:05.172 [FXGL Background Thread 3 ] DEBUG Engine               - isNative: false
16:20:05.172 [FXGL Background Thread 3 ] DEBUG Engine               - isPauseMusicWhenMinimized: true
16:20:05.172 [FXGL Background Thread 3 ] DEBUG Engine               - isPreserveResizeRatio: false
16:20:05.172 [FXGL Background Thread 3 ] DEBUG Engine               - isProfilingEnabled: false
16:20:05.172 [FXGL Background Thread 3 ] DEBUG Engine               - isScaleAffectedOnResize: true
16:20:05.172 [FXGL Background Thread 3 ] DEBUG Engine               - isSingleStep: false
16:20:05.172 [FXGL Background Thread 3 ] DEBUG Engine               - isUserProfileEnabled: false
16:20:05.173 [FXGL Background Thread 3 ] DEBUG Engine               - isWindows: false
16:20:05.173 [FXGL Background Thread 3 ] DEBUG Engine               - language: ObjectProperty [value: ENGLISH]
16:20:05.173 [FXGL Background Thread 3 ] DEBUG Engine               - menuKey: ESCAPE
16:20:05.173 [FXGL Background Thread 3 ] DEBUG Engine               - mouseSensitivity: 0.2
16:20:05.173 [FXGL Background Thread 3 ] DEBUG Engine               - notificationViewClass: class com.almasb.fxgl.notification.view.XboxNotificationView
16:20:05.173 [FXGL Background Thread 3 ] DEBUG Engine               - pixelsPerMeter: 50.0
16:20:05.173 [FXGL Background Thread 3 ] DEBUG Engine               - platform: MAC
16:20:05.173 [FXGL Background Thread 3 ] DEBUG Engine               - prefHeightProperty: ReadOnlyDoubleProperty [value: 600.0]
16:20:05.173 [FXGL Background Thread 3 ] DEBUG Engine               - prefWidthProperty: ReadOnlyDoubleProperty [value: 450.0]
16:20:05.173 [FXGL Background Thread 3 ] DEBUG Engine               - profileDir: profiles/
16:20:05.173 [FXGL Background Thread 3 ] DEBUG Engine               - profileName: StringProperty [value: DEFAULT]
16:20:05.174 [FXGL Background Thread 3 ] DEBUG Engine               - randomSeed: -1
16:20:05.174 [FXGL Background Thread 3 ] DEBUG Engine               - runtimeInfo: RuntimeInfo(platform=MAC, version=17.2, build=20.08.2022 16.50)
16:20:05.174 [FXGL Background Thread 3 ] DEBUG Engine               - saveFileExt: sav
16:20:05.174 [FXGL Background Thread 3 ] DEBUG Engine               - scaledHeightProp$fxgl: DoubleProperty [bound, value: 600.0]
16:20:05.174 [FXGL Background Thread 3 ] DEBUG Engine               - scaledWidthProp$fxgl: DoubleProperty [bound, value: 450.0]
16:20:05.174 [FXGL Background Thread 3 ] DEBUG Engine               - sceneFactory: com.ood.spacexinvader.GameStart$1@140fa6ef
16:20:05.174 [FXGL Background Thread 3 ] DEBUG Engine               - secondsIn24h: 60
16:20:05.174 [FXGL Background Thread 3 ] DEBUG Engine               - soundMenuBack: menu/back.wav
16:20:05.174 [FXGL Background Thread 3 ] DEBUG Engine               - soundMenuPress: menu/press.wav
16:20:05.174 [FXGL Background Thread 3 ] DEBUG Engine               - soundMenuSelect: menu/select.wav
16:20:05.174 [FXGL Background Thread 3 ] DEBUG Engine               - soundNotification: core/notification.wav
16:20:05.175 [FXGL Background Thread 3 ] DEBUG Engine               - stageStyle: DECORATED
16:20:05.175 [FXGL Background Thread 3 ] DEBUG Engine               - supportedLanguages: [ENGLISH, FRENCH, GERMAN, HUNGARIAN, RUSSIAN]
16:20:05.175 [FXGL Background Thread 3 ] DEBUG Engine               - ticksPerSecond: -1
16:20:05.175 [FXGL Background Thread 3 ] DEBUG Engine               - title: SpaceX Invader
16:20:05.175 [FXGL Background Thread 3 ] DEBUG Engine               - urlGithub: https://github.com/AlmasB/FXGL
16:20:05.175 [FXGL Background Thread 3 ] DEBUG Engine               - urlLeaderboard: http://fxgl-top.herokuapp.com/
16:20:05.175 [FXGL Background Thread 3 ] DEBUG Engine               - urlPOM: https://raw.githubusercontent.com/AlmasB/FXGL/release/README.md
16:20:05.175 [FXGL Background Thread 3 ] DEBUG Engine               - userAppClass: class com.ood.spacexinvader.GameStart
16:20:05.175 [FXGL Background Thread 3 ] DEBUG Engine               - version: 0.0
16:20:05.175 [FXGL Background Thread 3 ] DEBUG Engine               - versionCheckDays: 7
16:20:05.175 [FXGL Background Thread 3 ] DEBUG Engine               - width: 450
16:20:05.175 [FXGL Background Thread 3 ] DEBUG Engine               - Logging services
16:20:05.175 [FXGL Background Thread 3 ] DEBUG Engine               - class com.almasb.fxgl.app.services.FXGLAssetLoaderService
16:20:05.175 [FXGL Background Thread 3 ] DEBUG Engine               - class com.almasb.fxgl.app.FXGLApplication$GameApplicationService
16:20:05.175 [FXGL Background Thread 3 ] DEBUG Engine               - class com.almasb.fxgl.app.services.FXGLDialogService
16:20:05.175 [FXGL Background Thread 3 ] DEBUG Engine               - class com.almasb.fxgl.app.services.IOTaskExecutorService
16:20:05.175 [FXGL Background Thread 3 ] DEBUG Engine               - class com.almasb.fxgl.io.FileSystemService
16:20:05.175 [FXGL Background Thread 3 ] DEBUG Engine               - class com.almasb.fxgl.localization.LocalizationService
16:20:05.175 [FXGL Background Thread 3 ] DEBUG Engine               - class com.almasb.fxgl.app.services.SystemBundleService
16:20:05.176 [FXGL Background Thread 3 ] DEBUG Engine               - class com.almasb.fxgl.profile.SaveLoadService
16:20:05.176 [FXGL Background Thread 3 ] DEBUG Engine               - class com.almasb.fxgl.ui.FXGLUIFactoryServiceProvider
16:20:05.176 [FXGL Background Thread 3 ] DEBUG Engine               - class com.almasb.fxgl.ui.FXGLDialogFactoryServiceProvider
16:20:05.176 [FXGL Background Thread 3 ] DEBUG Engine               - class com.almasb.fxgl.audio.AudioPlayer
16:20:05.176 [FXGL Background Thread 3 ] DEBUG Engine               - class com.almasb.fxgl.notification.impl.NotificationServiceProvider
16:20:05.176 [FXGL Background Thread 3 ] DEBUG Engine               - class com.almasb.fxgl.achievement.AchievementService
16:20:05.176 [FXGL Background Thread 3 ] DEBUG Engine               - class com.almasb.fxgl.cutscene.CutsceneService
16:20:05.176 [FXGL Background Thread 3 ] DEBUG Engine               - class com.almasb.fxgl.minigames.MiniGameService
16:20:05.176 [FXGL Background Thread 3 ] DEBUG Engine               - class com.almasb.fxgl.net.NetService
16:20:05.176 [FXGL Background Thread 3 ] DEBUG Engine               - class com.almasb.fxgl.app.services.UpdaterService
16:20:05.176 [FXGL Background Thread 3 ] DEBUG Engine               - class com.almasb.fxgl.dev.DevService
16:20:07.304 [JavaFX Application Thread] DEBUG PrimaryStageWindow   - Push state: PauseMenu
16:20:07.304 [JavaFX Application Thread] DEBUG Input                - Clearing active input actions
16:20:07.305 [JavaFX Application Thread] DEBUG GameApplicationServi - Removing overlay from GameScene and adding to PauseMenu
16:20:07.305 [JavaFX Application Thread] DEBUG PrimaryStageWindow   - GameScene -> PauseMenu
16:20:08.878 [JavaFX Application Thread] DEBUG Menu                 - fireExitToMainMenu()
16:20:08.887 [JavaFX Application Thread] DEBUG PrimaryStageWindow   - Push state: DialogSubScene
16:20:08.887 [JavaFX Application Thread] DEBUG Input                - Clearing active input actions
16:20:08.888 [JavaFX Application Thread] DEBUG GameApplicationServi - Removing overlay from PauseMenu and adding to DialogSubScene
16:20:08.888 [JavaFX Application Thread] DEBUG PrimaryStageWindow   - PauseMenu -> DialogSubScene
16:20:09.478 [JavaFX Application Thread] DEBUG PrimaryStageWindow   - Pop state: DialogSubScene
16:20:09.479 [JavaFX Application Thread] DEBUG Input                - Clearing active input actions
16:20:09.480 [JavaFX Application Thread] DEBUG GameApplicationServi - Removing overlay from DialogSubScene and adding to PauseMenu
16:20:09.480 [JavaFX Application Thread] DEBUG PrimaryStageWindow   - PauseMenu <- DialogSubScene
16:20:09.480 [JavaFX Application Thread] DEBUG PrimaryStageWindow   - Pop state: PauseMenu
16:20:09.480 [JavaFX Application Thread] DEBUG Input                - Clearing active input actions
16:20:09.481 [JavaFX Application Thread] DEBUG GameApplicationServi - Removing overlay from PauseMenu and adding to GameScene
16:20:09.481 [JavaFX Application Thread] DEBUG PrimaryStageWindow   - GameScene <- PauseMenu
16:20:09.481 [JavaFX Application Thread] DEBUG Input                - Clearing active input actions
16:20:09.487 [JavaFX Application Thread] DEBUG GameApplicationServi - Removing overlay from GameScene and adding to FXGLMainMenuDummyScene
16:20:09.488 [JavaFX Application Thread] DEBUG PrimaryStageWindow   - GameScene -> FXGLMainMenuDummyScene
16:20:09.488 [JavaFX Application Thread] DEBUG PrimaryStageWindow   - Push state: MainMenu
16:20:09.488 [JavaFX Application Thread] DEBUG Input                - Clearing active input actions
16:20:09.489 [JavaFX Application Thread] DEBUG GameApplicationServi - Removing overlay from FXGLMainMenuDummyScene and adding to MainMenu
16:20:09.490 [JavaFX Application Thread] DEBUG PrimaryStageWindow   - FXGLMainMenuDummyScene -> MainMenu
16:20:13.711 [JavaFX Application Thread] DEBUG Menu                 - fireContinue()
16:20:13.712 [JavaFX Application Thread] DEBUG SaveLoadService      - Reading last modified save file from ./ with ext: sav
16:20:13.712 [JavaFX Application Thread] DEBUG SaveLoadService      - Reading save files from ./
16:20:13.718 [JavaFX Application Thread] DEBUG PrimaryStageWindow   - Push state: DialogSubScene
16:20:13.718 [JavaFX Application Thread] DEBUG Input                - Clearing active input actions
16:20:13.719 [JavaFX Application Thread] DEBUG GameApplicationServi - Removing overlay from MainMenu and adding to DialogSubScene
16:20:13.720 [JavaFX Application Thread] DEBUG PrimaryStageWindow   - MainMenu -> DialogSubScene
16:20:13.762 [FXGL Background Thread 2 ] WARN  SaveLoadService      - No save files found
16:20:13.762 [JavaFX Application Thread] DEBUG PrimaryStageWindow   - Pop state: DialogSubScene
16:20:13.762 [JavaFX Application Thread] DEBUG Input                - Clearing active input actions
16:20:13.763 [JavaFX Application Thread] DEBUG GameApplicationServi - Removing overlay from DialogSubScene and adding to MainMenu
16:20:13.763 [JavaFX Application Thread] DEBUG PrimaryStageWindow   - MainMenu <- DialogSubScene
16:20:15.643 [JavaFX Application Thread] DEBUG Menu                 - fireExit()
16:20:15.646 [JavaFX Application Thread] DEBUG PrimaryStageWindow   - Push state: DialogSubScene
16:20:15.646 [JavaFX Application Thread] DEBUG Input                - Clearing active input actions
16:20:15.648 [JavaFX Application Thread] DEBUG GameApplicationServi - Removing overlay from MainMenu and adding to DialogSubScene
16:20:15.648 [JavaFX Application Thread] DEBUG PrimaryStageWindow   - MainMenu -> DialogSubScene
16:20:17.411 [JavaFX Application Thread] DEBUG PrimaryStageWindow   - Pop state: DialogSubScene
16:20:17.411 [JavaFX Application Thread] DEBUG Input                - Clearing active input actions
16:20:17.412 [JavaFX Application Thread] DEBUG GameApplicationServi - Removing overlay from DialogSubScene and adding to MainMenu
16:20:17.413 [JavaFX Application Thread] DEBUG PrimaryStageWindow   - MainMenu <- DialogSubScene
16:20:17.413 [JavaFX Application Thread] DEBUG FXGLApplication      - Exiting FXGL
16:20:17.413 [JavaFX Application Thread] DEBUG LoopRunner           - Stopping loop
16:20:17.413 [JavaFX Application Thread] DEBUG SystemBundleService  - Saving FXGL system data
16:20:17.416 [JavaFX Application Thread] DEBUG FileSystemAccess     - Writing to: /Users/hiimecho/Documents/Coding/Java/Coding/SpaceX-Invader/system/fxgl.bundle
16:20:17.419 [JavaFX Application Thread] DEBUG Async                - Shutting down background threads
16:20:17.419 [JavaFX Application Thread] DEBUG PrimaryStageWindow   - Closing main window
16:20:17.430 [JavaFX Application Thread] DEBUG Logger               - Closing Logger
