16:14:41.376 [main                     ] DEBUG Logger               - Configured Logger
16:14:41.409 [main                     ] DEBUG GameApplication      - Logging settings
Title: SpaceX Invader
Version: 0.0
Width: 450
Height: 600
Fullscreen: false
Intro: false
Profiling: false
Single step:false
App Mode: DEVELOPER
Menu Key: ESCAPE
Stage Style: DECORATED
Scene Factory: class com.ood.spacexinvader.GameStart$1

16:14:41.975 [JavaFX Application Thread] DEBUG FXGLApplication      - Initializing FXGL
16:14:41.982 [JavaFX Application Thread] INFO  Engine               - FXGL-17.2 (20.08.2022 16.50) on MAC (J:17.0.3 FX:17.0.2-ea)
16:14:41.983 [JavaFX Application Thread] DEBUG Engine               - JRE Vendor Name: Eclipse Adoptium
16:14:41.983 [JavaFX Application Thread] DEBUG Engine               - Running on OS: Mac OS X version 13.1
16:14:41.983 [JavaFX Application Thread] DEBUG Engine               - Architecture: x86_64
16:14:41.983 [JavaFX Application Thread] INFO  Engine               - Source code and latest versions at: https://github.com/AlmasB/FXGL
16:14:41.984 [JavaFX Application Thread] INFO  Engine               -       Ask questions and discuss at: https://github.com/AlmasB/FXGL/discussions
16:14:41.984 [JavaFX Application Thread] INFO  Engine               -              Join the FXGL chat at: https://gitter.im/AlmasB/FXGL
16:14:42.108 [JavaFX Application Thread] DEBUG PrimaryStageWindow   - Creating a JavaFX scene
16:14:42.185 [JavaFX Application Thread] DEBUG PrimaryStageWindow   - Target settings size: 450.0 x 600.0
16:14:42.186 [JavaFX Application Thread] DEBUG PrimaryStageWindow   - Scaled scene size:    450.0 x 600.0
16:14:42.186 [JavaFX Application Thread] DEBUG PrimaryStageWindow   - Scaled ratio: (1.0, 1.0)
16:14:42.188 [JavaFX Application Thread] DEBUG PrimaryStageWindow   - Set initial scene to FXGLStartupScene
16:14:42.202 [JavaFX Application Thread] DEBUG PrimaryStageWindow   - Opening main window
16:14:42.348 [JavaFX Application Thread] DEBUG PrimaryStageWindow   - Window border size: (0.0, 28.0)
16:14:42.349 [JavaFX Application Thread] DEBUG PrimaryStageWindow   - Scaled size: 450.0 x 600.0
16:14:42.349 [JavaFX Application Thread] DEBUG PrimaryStageWindow   - Scaled ratio: (1.0, 1.0)
16:14:42.349 [JavaFX Application Thread] DEBUG PrimaryStageWindow   - Scene size: 450.0 x 600.0
16:14:42.350 [JavaFX Application Thread] DEBUG PrimaryStageWindow   - Stage size: 450.0 x 628.0
16:14:42.358 [FXGL Background Thread 1 ] DEBUG Engine               - Initializing environment variables
16:14:42.403 [FXGL Background Thread 1 ] DEBUG FXGLAssetLoaderServi - User app class for loading assets: class com.ood.spacexinvader.GameStart
16:14:42.403 [FXGL Background Thread 1 ] DEBUG GameApplicationServi - Applying CSS: fxgl_dark.css
16:14:42.404 [FXGL Background Thread 1 ] DEBUG FXGLAssetLoaderServi - Loading from file system: jar:file:///Users/leowong/.gradle/caches/modules-2/files-2.1/com.github.almasb/fxgl/17.2/35db6ae960eec2dcfd19262d3b7f9c42f0e95bc3/fxgl-17.2.jar!/fxglassets/ui/css/fxgl_dark.css
16:14:42.494 [FXGL Background Thread 1 ] DEBUG GameApplicationServi - Initializing application scenes
16:14:42.897 [FXGL Background Thread 1 ] DEBUG GameWorld            - Game world initialized
16:14:42.963 [FXGL Background Thread 1 ] DEBUG PhysicsWorld         - Physics world initialized: appHeight=600, physics.ppm=50.0
16:14:42.963 [FXGL Background Thread 1 ] DEBUG PhysicsWorld         - Using strategy: BRUTE_FORCE
16:14:42.968 [FXGL Background Thread 1 ] DEBUG GameScene            - Game scene initialized: 450x600
16:14:43.014 [FXGL Background Thread 1 ] DEBUG GameApplicationServi - Application scenes initialized
16:14:43.038 [FXGL Background Thread 1 ] DEBUG SystemBundleService  - Loading FXGL system data
16:14:43.047 [FXGL Background Thread 1 ] DEBUG FileSystemAccess     - Reading from: /Users/leowong/IdeaProjects/SpaceX-Invader/system/fxgl.bundle
16:14:43.057 [FXGL Background Thread 1 ] DEBUG SystemBundleService  - Bundle FXGL: {}
16:14:43.057 [FXGL Background Thread 1 ] DEBUG UpdaterService       - Checking for updates
16:14:43.065 [FXGL Background Thread 4 ] DEBUG FXGLApplication      - Loading fonts
16:14:43.066 [FXGL Background Thread 4 ] DEBUG FXGLAssetLoaderServi - Loading from file system: jar:file:///Users/leowong/.gradle/caches/modules-2/files-2.1/com.github.almasb/fxgl/17.2/35db6ae960eec2dcfd19262d3b7f9c42f0e95bc3/fxgl-17.2.jar!/fxglassets/ui/fonts/VarelaRound-Regular.ttf
16:14:43.066 [FXGL Background Thread 1 ] DEBUG FXGLApplication      - Loading default localization
16:14:43.067 [FXGL Background Thread 1 ] DEBUG FXGLAssetLoaderServi - Loading from file system: jar:file:///Users/leowong/.gradle/caches/modules-2/files-2.1/com.github.almasb/fxgl/17.2/35db6ae960eec2dcfd19262d3b7f9c42f0e95bc3/fxgl-17.2.jar!/fxglassets/languages/english.lang
16:14:43.090 [FXGL Background Thread 4 ] DEBUG FXGLAssetLoaderServi - Loading from file system: jar:file:///Users/leowong/.gradle/caches/modules-2/files-2.1/com.github.almasb/fxgl/17.2/35db6ae960eec2dcfd19262d3b7f9c42f0e95bc3/fxgl-17.2.jar!/fxglassets/ui/fonts/Abel-Regular.ttf
16:14:43.091 [FXGL Background Thread 1 ] INFO  FXGLApplication      - FXGL initialization took: 0.733 sec
16:14:43.095 [FXGL Background Thread 4 ] DEBUG FXGLAssetLoaderServi - Loading from file system: jar:file:///Users/leowong/.gradle/caches/modules-2/files-2.1/com.github.almasb/fxgl/17.2/35db6ae960eec2dcfd19262d3b7f9c42f0e95bc3/fxgl-17.2.jar!/fxglassets/ui/fonts/TerminalLandMono-Regular.otf
16:14:43.101 [FXGL Background Thread 4 ] DEBUG FXGLAssetLoaderServi - Loading from file system: jar:file:///Users/leowong/.gradle/caches/modules-2/files-2.1/com.github.almasb/fxgl/17.2/35db6ae960eec2dcfd19262d3b7f9c42f0e95bc3/fxgl-17.2.jar!/fxglassets/ui/fonts/Courier-Prime.ttf
16:14:43.105 [JavaFX Application Thread] DEBUG Input                - Registered new binding: Left - A
16:14:43.105 [JavaFX Application Thread] DEBUG Input                - Registered new binding: Right - D
16:14:43.105 [JavaFX Application Thread] DEBUG Input                - Registered new binding: Shoot - J
16:14:43.106 [JavaFX Application Thread] DEBUG FXGLAssetLoaderServi - Loading from file system: jar:file:///Users/leowong/IdeaProjects/SpaceX-Invader/build/libs/SpaceX-Invader-1.0-SNAPSHOT.jar!/assets/textures/icon/spacex-invader-favicon-black.png
16:14:43.159 [JavaFX Application Thread] DEBUG FXGLAssetLoaderServi - Loading from file system: jar:file:///Users/leowong/.gradle/caches/modules-2/files-2.1/com.github.almasb/fxgl/17.2/35db6ae960eec2dcfd19262d3b7f9c42f0e95bc3/fxgl-17.2.jar!/fxglassets/textures/fxgl_default_cursor.png
16:14:43.165 [JavaFX Application Thread] DEBUG Input                - Registered new binding: Screenshot - CTRL+8
16:14:43.166 [JavaFX Application Thread] DEBUG Input                - Registered new binding: System info dump - CTRL+9
16:14:43.167 [JavaFX Application Thread] DEBUG Input                - Registered new binding: Restart - CTRL+R
16:14:43.168 [JavaFX Application Thread] DEBUG Input                - Registered new binding: Toggle Debug Camera - CTRL+7
16:14:43.172 [JavaFX Application Thread] DEBUG LoopRunner           - Starting loop
16:14:43.173 [JavaFX Application Thread] DEBUG LoopRunner           - Initializing JavaFX AnimationTimerLoop
16:14:43.178 [JavaFX Application Thread] DEBUG Input                - Clearing active input actions
16:14:43.191 [JavaFX Application Thread] DEBUG GameApplicationServi - Removing overlay from FXGLStartupScene and adding to FXGLMainMenuDummyScene
16:14:43.192 [JavaFX Application Thread] DEBUG PrimaryStageWindow   - FXGLStartupScene -> FXGLMainMenuDummyScene
16:14:43.193 [JavaFX Application Thread] DEBUG PrimaryStageWindow   - Push state: MainMenu
16:14:43.193 [JavaFX Application Thread] DEBUG Input                - Clearing active input actions
16:14:43.206 [JavaFX Application Thread] DEBUG GameApplicationServi - Removing overlay from FXGLMainMenuDummyScene and adding to MainMenu
16:14:43.207 [JavaFX Application Thread] DEBUG PrimaryStageWindow   - FXGLMainMenuDummyScene -> MainMenu
16:14:43.279 [JavaFX Application Thread] DEBUG FXGLApplication      - Registering font factories with UI factory
16:14:44.749 [JavaFX Application Thread] DEBUG Menu                 - fireNewGame()
16:14:44.749 [JavaFX Application Thread] DEBUG GameApplicationServi - Starting new game
16:14:44.750 [JavaFX Application Thread] DEBUG PrimaryStageWindow   - Pop state: MainMenu
16:14:44.750 [JavaFX Application Thread] DEBUG Input                - Clearing active input actions
16:14:44.751 [JavaFX Application Thread] DEBUG GameApplicationServi - Removing overlay from MainMenu and adding to FXGLMainMenuDummyScene
16:14:44.752 [JavaFX Application Thread] DEBUG PrimaryStageWindow   - FXGLMainMenuDummyScene <- MainMenu
16:14:44.753 [JavaFX Application Thread] DEBUG Input                - Clearing active input actions
16:14:44.764 [JavaFX Application Thread] DEBUG GameApplicationServi - Removing overlay from FXGLMainMenuDummyScene and adding to FXGLLoadingScene
16:14:44.765 [JavaFX Application Thread] DEBUG PrimaryStageWindow   - FXGLMainMenuDummyScene -> FXGLLoadingScene
16:14:44.765 [JavaFX Application Thread] DEBUG GameApplicationServi - Clearing previous game
16:14:44.765 [JavaFX Application Thread] DEBUG GameScene            - Clearing game scene
16:14:44.765 [JavaFX Application Thread] DEBUG GameWorld            - Clearing game world
16:14:44.765 [JavaFX Application Thread] DEBUG PhysicsWorld         - Clearing physics world
16:14:44.767 [FXGL Background Thread 2 ] DEBUG FXGLApplication      - Initializing game
16:14:44.775 [FXGL Background Thread 2 ] DEBUG FXGLAssetLoaderServi - Loading from file system: jar:file:///Users/leowong/IdeaProjects/SpaceX-Invader/build/libs/SpaceX-Invader-1.0-SNAPSHOT.jar!/assets/textures/enemy/alien.png
16:14:44.825 [FXGL Background Thread 2 ] DEBUG FXGLAssetLoaderServi - Loading from file system: jar:file:///Users/leowong/IdeaProjects/SpaceX-Invader/build/libs/SpaceX-Invader-1.0-SNAPSHOT.jar!/assets/textures/player/SpaceX.png
16:14:44.832 [FXGL Background Thread 2 ] INFO  FXGLApplication      - Game initialization took: 0.064 sec
16:14:44.833 [JavaFX Application Thread] DEBUG Input                - Clearing active input actions
16:14:44.843 [JavaFX Application Thread] DEBUG GameApplicationServi - Removing overlay from FXGLLoadingScene and adding to GameScene
16:14:44.844 [JavaFX Application Thread] DEBUG PrimaryStageWindow   - FXGLLoadingScene -> GameScene
16:14:46.066 [FXGL Background Thread 3 ] DEBUG Engine               - Logging environment variables
16:14:46.067 [FXGL Background Thread 3 ] DEBUG Engine               - achievements: []
16:14:46.067 [FXGL Background Thread 3 ] DEBUG Engine               - actualHeight: 600.0
16:14:46.068 [FXGL Background Thread 3 ] DEBUG Engine               - actualHeightProperty: ReadOnlyDoubleProperty [value: 600.0]
16:14:46.068 [FXGL Background Thread 3 ] DEBUG Engine               - actualWidth: 450.0
16:14:46.068 [FXGL Background Thread 3 ] DEBUG Engine               - actualWidthProperty: ReadOnlyDoubleProperty [value: 450.0]
16:14:46.068 [FXGL Background Thread 3 ] DEBUG Engine               - appIcon: icon/spacex-invader-favicon-black.png
16:14:46.069 [FXGL Background Thread 3 ] DEBUG Engine               - applicationMode: DEVELOPER
16:14:46.069 [FXGL Background Thread 3 ] DEBUG Engine               - cSSList: [fxgl_dark.css]
16:14:46.069 [FXGL Background Thread 3 ] DEBUG Engine               - collisionDetectionStrategy: BRUTE_FORCE
16:14:46.069 [FXGL Background Thread 3 ] DEBUG Engine               - configClass: Optional.empty
16:14:46.069 [FXGL Background Thread 3 ] DEBUG Engine               - credits: []
16:14:46.072 [FXGL Background Thread 3 ] DEBUG Engine               - defaultCursor: CursorInfo(imageName=fxgl_default_cursor.png, hotspotX=7.0, hotspotY=6.0)
16:14:46.072 [FXGL Background Thread 3 ] DEBUG Engine               - devBBoxColorProperty: ObjectProperty [value: 0xff0000ff]
16:14:46.073 [FXGL Background Thread 3 ] DEBUG Engine               - devEnableDebugCameraProperty: BooleanProperty [value: false]
16:14:46.073 [FXGL Background Thread 3 ] DEBUG Engine               - devSensorColorProperty: ObjectProperty [value: 0xffff00ff]
16:14:46.073 [FXGL Background Thread 3 ] DEBUG Engine               - devShowBBoxProperty: BooleanProperty [value: false]
16:14:46.073 [FXGL Background Thread 3 ] DEBUG Engine               - devShowPositionProperty: BooleanProperty [value: false]
16:14:46.073 [FXGL Background Thread 3 ] DEBUG Engine               - enabledMenuItems: []
16:14:46.073 [FXGL Background Thread 3 ] DEBUG Engine               - engineServices: [class com.almasb.fxgl.app.services.FXGLAssetLoaderService, class com.almasb.fxgl.app.FXGLApplication$GameApplicationService, class com.almasb.fxgl.app.services.FXGLDialogService, class com.almasb.fxgl.app.services.IOTaskExecutorService, class com.almasb.fxgl.io.FileSystemService, class com.almasb.fxgl.localization.LocalizationService, class com.almasb.fxgl.app.services.SystemBundleService, class com.almasb.fxgl.profile.SaveLoadService, class com.almasb.fxgl.ui.FXGLUIFactoryServiceProvider, class com.almasb.fxgl.ui.FXGLDialogFactoryServiceProvider, class com.almasb.fxgl.audio.AudioPlayer, class com.almasb.fxgl.notification.impl.NotificationServiceProvider, class com.almasb.fxgl.achievement.AchievementService, class com.almasb.fxgl.cutscene.CutsceneService, class com.almasb.fxgl.minigames.MiniGameService, class com.almasb.fxgl.net.NetService, class com.almasb.fxgl.app.services.UpdaterService, class com.almasb.fxgl.dev.DevService]
16:14:46.074 [FXGL Background Thread 3 ] DEBUG Engine               - fontGame: Abel-Regular.ttf
16:14:46.074 [FXGL Background Thread 3 ] DEBUG Engine               - fontMono: TerminalLandMono-Regular.otf
16:14:46.074 [FXGL Background Thread 3 ] DEBUG Engine               - fontText: Courier-Prime.ttf
16:14:46.074 [FXGL Background Thread 3 ] DEBUG Engine               - fontUI: VarelaRound-Regular.ttf
16:14:46.074 [FXGL Background Thread 3 ] DEBUG Engine               - fullScreen: BooleanProperty [value: false]
16:14:46.074 [FXGL Background Thread 3 ] DEBUG Engine               - gameDifficulty: MEDIUM
16:14:46.074 [FXGL Background Thread 3 ] DEBUG Engine               - gameDifficultyProperty: ObjectProperty [value: MEDIUM]
16:14:46.074 [FXGL Background Thread 3 ] DEBUG Engine               - globalMusicVolume: 0.5
16:14:46.075 [FXGL Background Thread 3 ] DEBUG Engine               - globalMusicVolumeProperty: DoubleProperty [value: 0.5]
16:14:46.075 [FXGL Background Thread 3 ] DEBUG Engine               - globalSoundVolume: 0.5
16:14:46.075 [FXGL Background Thread 3 ] DEBUG Engine               - globalSoundVolumeProperty: DoubleProperty [value: 0.5]
16:14:46.075 [FXGL Background Thread 3 ] DEBUG Engine               - height: 600
16:14:46.075 [FXGL Background Thread 3 ] DEBUG Engine               - is3D: false
16:14:46.076 [FXGL Background Thread 3 ] DEBUG Engine               - isAndroid: false
16:14:46.076 [FXGL Background Thread 3 ] DEBUG Engine               - isBrowser: false
16:14:46.076 [FXGL Background Thread 3 ] DEBUG Engine               - isClickFeedbackEnabled: false
16:14:46.076 [FXGL Background Thread 3 ] DEBUG Engine               - isCloseConfirmation: true
16:14:46.076 [FXGL Background Thread 3 ] DEBUG Engine               - isDesktop: true
16:14:46.076 [FXGL Background Thread 3 ] DEBUG Engine               - isDeveloperMenuEnabled: false
16:14:46.076 [FXGL Background Thread 3 ] DEBUG Engine               - isEmbedded: false
16:14:46.077 [FXGL Background Thread 3 ] DEBUG Engine               - isEntityPreloadEnabled: true
16:14:46.077 [FXGL Background Thread 3 ] DEBUG Engine               - isExperimentalTiledLargeMap: false
16:14:46.077 [FXGL Background Thread 3 ] DEBUG Engine               - isFileSystemWriteAllowed: true
16:14:46.077 [FXGL Background Thread 3 ] DEBUG Engine               - isFullScreenAllowed: false
16:14:46.077 [FXGL Background Thread 3 ] DEBUG Engine               - isFullScreenFromStart: false
16:14:46.077 [FXGL Background Thread 3 ] DEBUG Engine               - isGameMenuEnabled: true
16:14:46.077 [FXGL Background Thread 3 ] DEBUG Engine               - isIOS: false
16:14:46.078 [FXGL Background Thread 3 ] DEBUG Engine               - isIntroEnabled: false
16:14:46.078 [FXGL Background Thread 3 ] DEBUG Engine               - isLinux: false
16:14:46.078 [FXGL Background Thread 3 ] DEBUG Engine               - isMac: true
16:14:46.078 [FXGL Background Thread 3 ] DEBUG Engine               - isMainMenuEnabled: true
16:14:46.078 [FXGL Background Thread 3 ] DEBUG Engine               - isManualResizeEnabled: false
16:14:46.079 [FXGL Background Thread 3 ] DEBUG Engine               - isMobile: false
16:14:46.079 [FXGL Background Thread 3 ] DEBUG Engine               - isNative: false
16:14:46.079 [FXGL Background Thread 3 ] DEBUG Engine               - isPauseMusicWhenMinimized: true
16:14:46.079 [FXGL Background Thread 3 ] DEBUG Engine               - isPreserveResizeRatio: false
16:14:46.079 [FXGL Background Thread 3 ] DEBUG Engine               - isProfilingEnabled: false
16:14:46.079 [FXGL Background Thread 3 ] DEBUG Engine               - isScaleAffectedOnResize: true
16:14:46.079 [FXGL Background Thread 3 ] DEBUG Engine               - isSingleStep: false
16:14:46.080 [FXGL Background Thread 3 ] DEBUG Engine               - isUserProfileEnabled: false
16:14:46.080 [FXGL Background Thread 3 ] DEBUG Engine               - isWindows: false
16:14:46.080 [FXGL Background Thread 3 ] DEBUG Engine               - language: ObjectProperty [value: ENGLISH]
16:14:46.080 [FXGL Background Thread 3 ] DEBUG Engine               - menuKey: ESCAPE
16:14:46.080 [FXGL Background Thread 3 ] DEBUG Engine               - mouseSensitivity: 0.2
16:14:46.080 [FXGL Background Thread 3 ] DEBUG Engine               - notificationViewClass: class com.almasb.fxgl.notification.view.XboxNotificationView
16:14:46.080 [FXGL Background Thread 3 ] DEBUG Engine               - pixelsPerMeter: 50.0
16:14:46.081 [FXGL Background Thread 3 ] DEBUG Engine               - platform: MAC
16:14:46.081 [FXGL Background Thread 3 ] DEBUG Engine               - prefHeightProperty: ReadOnlyDoubleProperty [value: 600.0]
16:14:46.081 [FXGL Background Thread 3 ] DEBUG Engine               - prefWidthProperty: ReadOnlyDoubleProperty [value: 450.0]
16:14:46.081 [FXGL Background Thread 3 ] DEBUG Engine               - profileDir: profiles/
16:14:46.081 [FXGL Background Thread 3 ] DEBUG Engine               - profileName: StringProperty [value: DEFAULT]
16:14:46.081 [FXGL Background Thread 3 ] DEBUG Engine               - randomSeed: -1
16:14:46.082 [FXGL Background Thread 3 ] DEBUG Engine               - runtimeInfo: RuntimeInfo(platform=MAC, version=17.2, build=20.08.2022 16.50)
16:14:46.082 [FXGL Background Thread 3 ] DEBUG Engine               - saveFileExt: sav
16:14:46.082 [FXGL Background Thread 3 ] DEBUG Engine               - scaledHeightProp$fxgl: DoubleProperty [bound, value: 600.0]
16:14:46.082 [FXGL Background Thread 3 ] DEBUG Engine               - scaledWidthProp$fxgl: DoubleProperty [bound, value: 450.0]
16:14:46.082 [FXGL Background Thread 3 ] DEBUG Engine               - sceneFactory: com.ood.spacexinvader.GameStart$1@2bf4f9d8
16:14:46.083 [FXGL Background Thread 3 ] DEBUG Engine               - secondsIn24h: 60
16:14:46.083 [FXGL Background Thread 3 ] DEBUG Engine               - soundMenuBack: menu/back.wav
16:14:46.083 [FXGL Background Thread 3 ] DEBUG Engine               - soundMenuPress: menu/press.wav
16:14:46.083 [FXGL Background Thread 3 ] DEBUG Engine               - soundMenuSelect: menu/select.wav
16:14:46.083 [FXGL Background Thread 3 ] DEBUG Engine               - soundNotification: core/notification.wav
16:14:46.083 [FXGL Background Thread 3 ] DEBUG Engine               - stageStyle: DECORATED
16:14:46.083 [FXGL Background Thread 3 ] DEBUG Engine               - supportedLanguages: [ENGLISH, FRENCH, GERMAN, HUNGARIAN, RUSSIAN]
16:14:46.083 [FXGL Background Thread 3 ] DEBUG Engine               - ticksPerSecond: -1
16:14:46.084 [FXGL Background Thread 3 ] DEBUG Engine               - title: SpaceX Invader
16:14:46.084 [FXGL Background Thread 3 ] DEBUG Engine               - urlGithub: https://github.com/AlmasB/FXGL
16:14:46.084 [FXGL Background Thread 3 ] DEBUG Engine               - urlLeaderboard: http://fxgl-top.herokuapp.com/
16:14:46.084 [FXGL Background Thread 3 ] DEBUG Engine               - urlPOM: https://raw.githubusercontent.com/AlmasB/FXGL/release/README.md
16:14:46.084 [FXGL Background Thread 3 ] DEBUG Engine               - userAppClass: class com.ood.spacexinvader.GameStart
16:14:46.084 [FXGL Background Thread 3 ] DEBUG Engine               - version: 0.0
16:14:46.084 [FXGL Background Thread 3 ] DEBUG Engine               - versionCheckDays: 7
16:14:46.084 [FXGL Background Thread 3 ] DEBUG Engine               - width: 450
16:14:46.084 [FXGL Background Thread 3 ] DEBUG Engine               - Logging services
16:14:46.085 [FXGL Background Thread 3 ] DEBUG Engine               - class com.almasb.fxgl.app.services.FXGLAssetLoaderService
16:14:46.085 [FXGL Background Thread 3 ] DEBUG Engine               - class com.almasb.fxgl.app.FXGLApplication$GameApplicationService
16:14:46.085 [FXGL Background Thread 3 ] DEBUG Engine               - class com.almasb.fxgl.app.services.FXGLDialogService
16:14:46.085 [FXGL Background Thread 3 ] DEBUG Engine               - class com.almasb.fxgl.app.services.IOTaskExecutorService
16:14:46.085 [FXGL Background Thread 3 ] DEBUG Engine               - class com.almasb.fxgl.io.FileSystemService
16:14:46.085 [FXGL Background Thread 3 ] DEBUG Engine               - class com.almasb.fxgl.localization.LocalizationService
16:14:46.085 [FXGL Background Thread 3 ] DEBUG Engine               - class com.almasb.fxgl.app.services.SystemBundleService
16:14:46.086 [FXGL Background Thread 3 ] DEBUG Engine               - class com.almasb.fxgl.profile.SaveLoadService
16:14:46.086 [FXGL Background Thread 3 ] DEBUG Engine               - class com.almasb.fxgl.ui.FXGLUIFactoryServiceProvider
16:14:46.086 [FXGL Background Thread 3 ] DEBUG Engine               - class com.almasb.fxgl.ui.FXGLDialogFactoryServiceProvider
16:14:46.086 [FXGL Background Thread 3 ] DEBUG Engine               - class com.almasb.fxgl.audio.AudioPlayer
16:14:46.086 [FXGL Background Thread 3 ] DEBUG Engine               - class com.almasb.fxgl.notification.impl.NotificationServiceProvider
16:14:46.086 [FXGL Background Thread 3 ] DEBUG Engine               - class com.almasb.fxgl.achievement.AchievementService
16:14:46.086 [FXGL Background Thread 3 ] DEBUG Engine               - class com.almasb.fxgl.cutscene.CutsceneService
16:14:46.086 [FXGL Background Thread 3 ] DEBUG Engine               - class com.almasb.fxgl.minigames.MiniGameService
16:14:46.086 [FXGL Background Thread 3 ] DEBUG Engine               - class com.almasb.fxgl.net.NetService
16:14:46.087 [FXGL Background Thread 3 ] DEBUG Engine               - class com.almasb.fxgl.app.services.UpdaterService
16:14:46.087 [FXGL Background Thread 3 ] DEBUG Engine               - class com.almasb.fxgl.dev.DevService
16:14:53.960 [JavaFX Application Thread] DEBUG PrimaryStageWindow   - Push state: PauseMenu
16:14:53.960 [JavaFX Application Thread] DEBUG Input                - Clearing active input actions
16:14:53.961 [JavaFX Application Thread] DEBUG GameApplicationServi - Removing overlay from GameScene and adding to PauseMenu
16:14:53.961 [JavaFX Application Thread] DEBUG PrimaryStageWindow   - GameScene -> PauseMenu
16:14:54.872 [JavaFX Application Thread] DEBUG Menu                 - fireExitToMainMenu()
16:14:54.880 [JavaFX Application Thread] DEBUG PrimaryStageWindow   - Push state: DialogSubScene
16:14:54.880 [JavaFX Application Thread] DEBUG Input                - Clearing active input actions
16:14:54.881 [JavaFX Application Thread] DEBUG GameApplicationServi - Removing overlay from PauseMenu and adding to DialogSubScene
16:14:54.881 [JavaFX Application Thread] DEBUG PrimaryStageWindow   - PauseMenu -> DialogSubScene
16:14:55.745 [JavaFX Application Thread] DEBUG PrimaryStageWindow   - Pop state: DialogSubScene
16:14:55.746 [JavaFX Application Thread] DEBUG Input                - Clearing active input actions
16:14:55.746 [JavaFX Application Thread] DEBUG GameApplicationServi - Removing overlay from DialogSubScene and adding to PauseMenu
16:14:55.746 [JavaFX Application Thread] DEBUG PrimaryStageWindow   - PauseMenu <- DialogSubScene
16:14:55.746 [JavaFX Application Thread] DEBUG PrimaryStageWindow   - Pop state: PauseMenu
16:14:55.746 [JavaFX Application Thread] DEBUG Input                - Clearing active input actions
16:14:55.747 [JavaFX Application Thread] DEBUG GameApplicationServi - Removing overlay from PauseMenu and adding to GameScene
16:14:55.747 [JavaFX Application Thread] DEBUG PrimaryStageWindow   - GameScene <- PauseMenu
16:14:55.747 [JavaFX Application Thread] DEBUG Input                - Clearing active input actions
16:14:55.753 [JavaFX Application Thread] DEBUG GameApplicationServi - Removing overlay from GameScene and adding to FXGLMainMenuDummyScene
16:14:55.753 [JavaFX Application Thread] DEBUG PrimaryStageWindow   - GameScene -> FXGLMainMenuDummyScene
16:14:55.753 [JavaFX Application Thread] DEBUG PrimaryStageWindow   - Push state: MainMenu
16:14:55.753 [JavaFX Application Thread] DEBUG Input                - Clearing active input actions
16:14:55.754 [JavaFX Application Thread] DEBUG GameApplicationServi - Removing overlay from FXGLMainMenuDummyScene and adding to MainMenu
16:14:55.755 [JavaFX Application Thread] DEBUG PrimaryStageWindow   - FXGLMainMenuDummyScene -> MainMenu
16:14:56.931 [JavaFX Application Thread] DEBUG Menu                 - fireExit()
16:14:56.934 [JavaFX Application Thread] DEBUG PrimaryStageWindow   - Push state: DialogSubScene
16:14:56.934 [JavaFX Application Thread] DEBUG Input                - Clearing active input actions
16:14:56.935 [JavaFX Application Thread] DEBUG GameApplicationServi - Removing overlay from MainMenu and adding to DialogSubScene
16:14:56.936 [JavaFX Application Thread] DEBUG PrimaryStageWindow   - MainMenu -> DialogSubScene
16:14:57.616 [JavaFX Application Thread] DEBUG PrimaryStageWindow   - Pop state: DialogSubScene
16:14:57.616 [JavaFX Application Thread] DEBUG Input                - Clearing active input actions
16:14:57.617 [JavaFX Application Thread] DEBUG GameApplicationServi - Removing overlay from DialogSubScene and adding to MainMenu
16:14:57.617 [JavaFX Application Thread] DEBUG PrimaryStageWindow   - MainMenu <- DialogSubScene
16:14:57.618 [JavaFX Application Thread] DEBUG FXGLApplication      - Exiting FXGL
16:14:57.618 [JavaFX Application Thread] DEBUG LoopRunner           - Stopping loop
16:14:57.618 [JavaFX Application Thread] DEBUG SystemBundleService  - Saving FXGL system data
16:14:57.623 [JavaFX Application Thread] DEBUG FileSystemAccess     - Writing to: /Users/leowong/IdeaProjects/SpaceX-Invader/system/fxgl.bundle
16:14:57.626 [JavaFX Application Thread] DEBUG Async                - Shutting down background threads
16:14:57.626 [JavaFX Application Thread] DEBUG PrimaryStageWindow   - Closing main window
16:14:57.637 [JavaFX Application Thread] DEBUG Logger               - Closing Logger
