16:11:47.694 [main                     ] DEBUG Logger               - Configured Logger
16:11:47.729 [main                     ] DEBUG GameApplication      - Logging settings
Title: SpaceX Invader
Version: 0.0
Width: 450
Height: 600
Fullscreen: false
Intro: false
Profiling: false
Single step:false
App Mode: DEVELOPER
Menu Key: ESCAPE
Stage Style: DECORATED
Scene Factory: class com.ood.spacexinvader.GameStart$1

16:11:48.285 [JavaFX Application Thread] DEBUG FXGLApplication      - Initializing FXGL
16:11:48.292 [JavaFX Application Thread] INFO  Engine               - FXGL-17.2 (20.08.2022 16.50) on MAC (J:17.0.3 FX:17.0.2-ea)
16:11:48.293 [JavaFX Application Thread] DEBUG Engine               - JRE Vendor Name: Eclipse Adoptium
16:11:48.293 [JavaFX Application Thread] DEBUG Engine               - Running on OS: Mac OS X version 13.1
16:11:48.294 [JavaFX Application Thread] DEBUG Engine               - Architecture: x86_64
16:11:48.294 [JavaFX Application Thread] INFO  Engine               - Source code and latest versions at: https://github.com/AlmasB/FXGL
16:11:48.294 [JavaFX Application Thread] INFO  Engine               -       Ask questions and discuss at: https://github.com/AlmasB/FXGL/discussions
16:11:48.294 [JavaFX Application Thread] INFO  Engine               -              Join the FXGL chat at: https://gitter.im/AlmasB/FXGL
16:11:48.415 [JavaFX Application Thread] DEBUG PrimaryStageWindow   - Creating a JavaFX scene
16:11:48.483 [JavaFX Application Thread] DEBUG PrimaryStageWindow   - Target settings size: 450.0 x 600.0
16:11:48.483 [JavaFX Application Thread] DEBUG PrimaryStageWindow   - Scaled scene size:    450.0 x 600.0
16:11:48.484 [JavaFX Application Thread] DEBUG PrimaryStageWindow   - Scaled ratio: (1.0, 1.0)
16:11:48.486 [JavaFX Application Thread] DEBUG PrimaryStageWindow   - Set initial scene to FXGLStartupScene
16:11:48.497 [JavaFX Application Thread] DEBUG PrimaryStageWindow   - Opening main window
16:11:48.626 [JavaFX Application Thread] DEBUG PrimaryStageWindow   - Window border size: (0.0, 28.0)
16:11:48.626 [JavaFX Application Thread] DEBUG PrimaryStageWindow   - Scaled size: 450.0 x 600.0
16:11:48.626 [JavaFX Application Thread] DEBUG PrimaryStageWindow   - Scaled ratio: (1.0, 1.0)
16:11:48.627 [JavaFX Application Thread] DEBUG PrimaryStageWindow   - Scene size: 450.0 x 600.0
16:11:48.627 [JavaFX Application Thread] DEBUG PrimaryStageWindow   - Stage size: 450.0 x 628.0
16:11:48.634 [FXGL Background Thread 1 ] DEBUG Engine               - Initializing environment variables
16:11:48.686 [FXGL Background Thread 1 ] DEBUG FXGLAssetLoaderServi - User app class for loading assets: class com.ood.spacexinvader.GameStart
16:11:48.686 [FXGL Background Thread 1 ] DEBUG GameApplicationServi - Applying CSS: fxgl_dark.css
16:11:48.687 [FXGL Background Thread 1 ] DEBUG FXGLAssetLoaderServi - Loading from file system: jar:file:///Users/leowong/.gradle/caches/modules-2/files-2.1/com.github.almasb/fxgl/17.2/35db6ae960eec2dcfd19262d3b7f9c42f0e95bc3/fxgl-17.2.jar!/fxglassets/ui/css/fxgl_dark.css
16:11:48.785 [FXGL Background Thread 1 ] DEBUG GameApplicationServi - Initializing application scenes
16:11:49.150 [FXGL Background Thread 1 ] DEBUG GameWorld            - Game world initialized
16:11:49.220 [FXGL Background Thread 1 ] DEBUG PhysicsWorld         - Physics world initialized: appHeight=600, physics.ppm=50.0
16:11:49.221 [FXGL Background Thread 1 ] DEBUG PhysicsWorld         - Using strategy: BRUTE_FORCE
16:11:49.228 [FXGL Background Thread 1 ] DEBUG GameScene            - Game scene initialized: 450x600
16:11:49.278 [FXGL Background Thread 1 ] DEBUG GameApplicationServi - Application scenes initialized
16:11:49.299 [FXGL Background Thread 1 ] DEBUG SystemBundleService  - Loading FXGL system data
16:11:49.306 [FXGL Background Thread 1 ] DEBUG FileSystemAccess     - Reading from: /Users/leowong/IdeaProjects/SpaceX-Invader/system/fxgl.bundle
16:11:49.318 [FXGL Background Thread 1 ] DEBUG SystemBundleService  - Bundle FXGL: {}
16:11:49.318 [FXGL Background Thread 1 ] DEBUG UpdaterService       - Checking for updates
16:11:49.327 [FXGL Background Thread 4 ] DEBUG FXGLApplication      - Loading fonts
16:11:49.328 [FXGL Background Thread 4 ] DEBUG FXGLAssetLoaderServi - Loading from file system: jar:file:///Users/leowong/.gradle/caches/modules-2/files-2.1/com.github.almasb/fxgl/17.2/35db6ae960eec2dcfd19262d3b7f9c42f0e95bc3/fxgl-17.2.jar!/fxglassets/ui/fonts/VarelaRound-Regular.ttf
16:11:49.328 [FXGL Background Thread 1 ] DEBUG FXGLApplication      - Loading default localization
16:11:49.329 [FXGL Background Thread 1 ] DEBUG FXGLAssetLoaderServi - Loading from file system: jar:file:///Users/leowong/.gradle/caches/modules-2/files-2.1/com.github.almasb/fxgl/17.2/35db6ae960eec2dcfd19262d3b7f9c42f0e95bc3/fxgl-17.2.jar!/fxglassets/languages/english.lang
16:11:49.349 [FXGL Background Thread 4 ] DEBUG FXGLAssetLoaderServi - Loading from file system: jar:file:///Users/leowong/.gradle/caches/modules-2/files-2.1/com.github.almasb/fxgl/17.2/35db6ae960eec2dcfd19262d3b7f9c42f0e95bc3/fxgl-17.2.jar!/fxglassets/ui/fonts/Abel-Regular.ttf
16:11:49.351 [FXGL Background Thread 1 ] INFO  FXGLApplication      - FXGL initialization took: 0.717 sec
16:11:49.356 [FXGL Background Thread 4 ] DEBUG FXGLAssetLoaderServi - Loading from file system: jar:file:///Users/leowong/.gradle/caches/modules-2/files-2.1/com.github.almasb/fxgl/17.2/35db6ae960eec2dcfd19262d3b7f9c42f0e95bc3/fxgl-17.2.jar!/fxglassets/ui/fonts/TerminalLandMono-Regular.otf
16:11:49.366 [FXGL Background Thread 4 ] DEBUG FXGLAssetLoaderServi - Loading from file system: jar:file:///Users/leowong/.gradle/caches/modules-2/files-2.1/com.github.almasb/fxgl/17.2/35db6ae960eec2dcfd19262d3b7f9c42f0e95bc3/fxgl-17.2.jar!/fxglassets/ui/fonts/Courier-Prime.ttf
16:11:49.367 [JavaFX Application Thread] DEBUG Input                - Registered new binding: Left - A
16:11:49.368 [JavaFX Application Thread] DEBUG Input                - Registered new binding: Right - D
16:11:49.368 [JavaFX Application Thread] DEBUG Input                - Registered new binding: Shoot - J
16:11:49.368 [JavaFX Application Thread] DEBUG FXGLAssetLoaderServi - Loading from file system: jar:file:///Users/leowong/IdeaProjects/SpaceX-Invader/build/libs/SpaceX-Invader-1.0-SNAPSHOT.jar!/assets/textures/icon/spacex-invader-favicon-black.png
16:11:49.418 [JavaFX Application Thread] DEBUG FXGLAssetLoaderServi - Loading from file system: jar:file:///Users/leowong/.gradle/caches/modules-2/files-2.1/com.github.almasb/fxgl/17.2/35db6ae960eec2dcfd19262d3b7f9c42f0e95bc3/fxgl-17.2.jar!/fxglassets/textures/fxgl_default_cursor.png
16:11:49.422 [JavaFX Application Thread] DEBUG Input                - Registered new binding: Screenshot - CTRL+8
16:11:49.423 [JavaFX Application Thread] DEBUG Input                - Registered new binding: System info dump - CTRL+9
16:11:49.424 [JavaFX Application Thread] DEBUG Input                - Registered new binding: Restart - CTRL+R
16:11:49.425 [JavaFX Application Thread] DEBUG Input                - Registered new binding: Toggle Debug Camera - CTRL+7
16:11:49.428 [JavaFX Application Thread] DEBUG LoopRunner           - Starting loop
16:11:49.429 [JavaFX Application Thread] DEBUG LoopRunner           - Initializing JavaFX AnimationTimerLoop
16:11:49.433 [JavaFX Application Thread] DEBUG Input                - Clearing active input actions
16:11:49.446 [JavaFX Application Thread] DEBUG GameApplicationServi - Removing overlay from FXGLStartupScene and adding to FXGLMainMenuDummyScene
16:11:49.446 [JavaFX Application Thread] DEBUG PrimaryStageWindow   - FXGLStartupScene -> FXGLMainMenuDummyScene
16:11:49.446 [JavaFX Application Thread] DEBUG PrimaryStageWindow   - Push state: MainMenu
16:11:49.447 [JavaFX Application Thread] DEBUG Input                - Clearing active input actions
16:11:49.459 [JavaFX Application Thread] DEBUG GameApplicationServi - Removing overlay from FXGLMainMenuDummyScene and adding to MainMenu
16:11:49.460 [JavaFX Application Thread] DEBUG PrimaryStageWindow   - FXGLMainMenuDummyScene -> MainMenu
16:11:49.524 [JavaFX Application Thread] DEBUG FXGLApplication      - Registering font factories with UI factory
16:11:50.770 [JavaFX Application Thread] DEBUG Menu                 - fireNewGame()
16:11:50.770 [JavaFX Application Thread] DEBUG GameApplicationServi - Starting new game
16:11:50.770 [JavaFX Application Thread] DEBUG PrimaryStageWindow   - Pop state: MainMenu
16:11:50.770 [JavaFX Application Thread] DEBUG Input                - Clearing active input actions
16:11:50.771 [JavaFX Application Thread] DEBUG GameApplicationServi - Removing overlay from MainMenu and adding to FXGLMainMenuDummyScene
16:11:50.772 [JavaFX Application Thread] DEBUG PrimaryStageWindow   - FXGLMainMenuDummyScene <- MainMenu
16:11:50.772 [JavaFX Application Thread] DEBUG Input                - Clearing active input actions
16:11:50.779 [JavaFX Application Thread] DEBUG GameApplicationServi - Removing overlay from FXGLMainMenuDummyScene and adding to FXGLLoadingScene
16:11:50.780 [JavaFX Application Thread] DEBUG PrimaryStageWindow   - FXGLMainMenuDummyScene -> FXGLLoadingScene
16:11:50.780 [JavaFX Application Thread] DEBUG GameApplicationServi - Clearing previous game
16:11:50.780 [JavaFX Application Thread] DEBUG GameScene            - Clearing game scene
16:11:50.781 [JavaFX Application Thread] DEBUG GameWorld            - Clearing game world
16:11:50.781 [JavaFX Application Thread] DEBUG PhysicsWorld         - Clearing physics world
16:11:50.785 [FXGL Background Thread 2 ] DEBUG FXGLApplication      - Initializing game
16:11:50.793 [FXGL Background Thread 2 ] DEBUG FXGLAssetLoaderServi - Loading from file system: jar:file:///Users/leowong/IdeaProjects/SpaceX-Invader/build/libs/SpaceX-Invader-1.0-SNAPSHOT.jar!/assets/textures/enemy/alien.png
16:11:50.848 [FXGL Background Thread 2 ] DEBUG FXGLAssetLoaderServi - Loading from file system: jar:file:///Users/leowong/IdeaProjects/SpaceX-Invader/build/libs/SpaceX-Invader-1.0-SNAPSHOT.jar!/assets/textures/player/SpaceX.png
16:11:50.856 [FXGL Background Thread 2 ] INFO  FXGLApplication      - Game initialization took: 0.071 sec
16:11:50.857 [JavaFX Application Thread] DEBUG Input                - Clearing active input actions
16:11:50.867 [JavaFX Application Thread] DEBUG GameApplicationServi - Removing overlay from FXGLLoadingScene and adding to GameScene
16:11:50.868 [JavaFX Application Thread] DEBUG PrimaryStageWindow   - FXGLLoadingScene -> GameScene
16:11:52.329 [FXGL Background Thread 3 ] DEBUG Engine               - Logging environment variables
16:11:52.330 [FXGL Background Thread 3 ] DEBUG Engine               - achievements: []
16:11:52.330 [FXGL Background Thread 3 ] DEBUG Engine               - actualHeight: 600.0
16:11:52.331 [FXGL Background Thread 3 ] DEBUG Engine               - actualHeightProperty: ReadOnlyDoubleProperty [value: 600.0]
16:11:52.331 [FXGL Background Thread 3 ] DEBUG Engine               - actualWidth: 450.0
16:11:52.331 [FXGL Background Thread 3 ] DEBUG Engine               - actualWidthProperty: ReadOnlyDoubleProperty [value: 450.0]
16:11:52.332 [FXGL Background Thread 3 ] DEBUG Engine               - appIcon: icon/spacex-invader-favicon-black.png
16:11:52.332 [FXGL Background Thread 3 ] DEBUG Engine               - applicationMode: DEVELOPER
16:11:52.332 [FXGL Background Thread 3 ] DEBUG Engine               - cSSList: [fxgl_dark.css]
16:11:52.332 [FXGL Background Thread 3 ] DEBUG Engine               - collisionDetectionStrategy: BRUTE_FORCE
16:11:52.332 [FXGL Background Thread 3 ] DEBUG Engine               - configClass: Optional.empty
16:11:52.333 [FXGL Background Thread 3 ] DEBUG Engine               - credits: []
16:11:52.334 [FXGL Background Thread 3 ] DEBUG Engine               - defaultCursor: CursorInfo(imageName=fxgl_default_cursor.png, hotspotX=7.0, hotspotY=6.0)
16:11:52.335 [FXGL Background Thread 3 ] DEBUG Engine               - devBBoxColorProperty: ObjectProperty [value: 0xff0000ff]
16:11:52.335 [FXGL Background Thread 3 ] DEBUG Engine               - devEnableDebugCameraProperty: BooleanProperty [value: false]
16:11:52.335 [FXGL Background Thread 3 ] DEBUG Engine               - devSensorColorProperty: ObjectProperty [value: 0xffff00ff]
16:11:52.335 [FXGL Background Thread 3 ] DEBUG Engine               - devShowBBoxProperty: BooleanProperty [value: false]
16:11:52.336 [FXGL Background Thread 3 ] DEBUG Engine               - devShowPositionProperty: BooleanProperty [value: false]
16:11:52.336 [FXGL Background Thread 3 ] DEBUG Engine               - enabledMenuItems: []
16:11:52.336 [FXGL Background Thread 3 ] DEBUG Engine               - engineServices: [class com.almasb.fxgl.app.services.FXGLAssetLoaderService, class com.almasb.fxgl.app.FXGLApplication$GameApplicationService, class com.almasb.fxgl.app.services.FXGLDialogService, class com.almasb.fxgl.app.services.IOTaskExecutorService, class com.almasb.fxgl.io.FileSystemService, class com.almasb.fxgl.localization.LocalizationService, class com.almasb.fxgl.app.services.SystemBundleService, class com.almasb.fxgl.profile.SaveLoadService, class com.almasb.fxgl.ui.FXGLUIFactoryServiceProvider, class com.almasb.fxgl.ui.FXGLDialogFactoryServiceProvider, class com.almasb.fxgl.audio.AudioPlayer, class com.almasb.fxgl.notification.impl.NotificationServiceProvider, class com.almasb.fxgl.achievement.AchievementService, class com.almasb.fxgl.cutscene.CutsceneService, class com.almasb.fxgl.minigames.MiniGameService, class com.almasb.fxgl.net.NetService, class com.almasb.fxgl.app.services.UpdaterService, class com.almasb.fxgl.dev.DevService]
16:11:52.336 [FXGL Background Thread 3 ] DEBUG Engine               - fontGame: Abel-Regular.ttf
16:11:52.336 [FXGL Background Thread 3 ] DEBUG Engine               - fontMono: TerminalLandMono-Regular.otf
16:11:52.337 [FXGL Background Thread 3 ] DEBUG Engine               - fontText: Courier-Prime.ttf
16:11:52.337 [FXGL Background Thread 3 ] DEBUG Engine               - fontUI: VarelaRound-Regular.ttf
16:11:52.337 [FXGL Background Thread 3 ] DEBUG Engine               - fullScreen: BooleanProperty [value: false]
16:11:52.337 [FXGL Background Thread 3 ] DEBUG Engine               - gameDifficulty: MEDIUM
16:11:52.337 [FXGL Background Thread 3 ] DEBUG Engine               - gameDifficultyProperty: ObjectProperty [value: MEDIUM]
16:11:52.338 [FXGL Background Thread 3 ] DEBUG Engine               - globalMusicVolume: 0.5
16:11:52.338 [FXGL Background Thread 3 ] DEBUG Engine               - globalMusicVolumeProperty: DoubleProperty [value: 0.5]
16:11:52.338 [FXGL Background Thread 3 ] DEBUG Engine               - globalSoundVolume: 0.5
16:11:52.338 [FXGL Background Thread 3 ] DEBUG Engine               - globalSoundVolumeProperty: DoubleProperty [value: 0.5]
16:11:52.338 [FXGL Background Thread 3 ] DEBUG Engine               - height: 600
16:11:52.339 [FXGL Background Thread 3 ] DEBUG Engine               - is3D: false
16:11:52.339 [FXGL Background Thread 3 ] DEBUG Engine               - isAndroid: false
16:11:52.339 [FXGL Background Thread 3 ] DEBUG Engine               - isBrowser: false
16:11:52.339 [FXGL Background Thread 3 ] DEBUG Engine               - isClickFeedbackEnabled: false
16:11:52.339 [FXGL Background Thread 3 ] DEBUG Engine               - isCloseConfirmation: true
16:11:52.339 [FXGL Background Thread 3 ] DEBUG Engine               - isDesktop: true
16:11:52.340 [FXGL Background Thread 3 ] DEBUG Engine               - isDeveloperMenuEnabled: false
16:11:52.340 [FXGL Background Thread 3 ] DEBUG Engine               - isEmbedded: false
16:11:52.340 [FXGL Background Thread 3 ] DEBUG Engine               - isEntityPreloadEnabled: true
16:11:52.340 [FXGL Background Thread 3 ] DEBUG Engine               - isExperimentalTiledLargeMap: false
16:11:52.340 [FXGL Background Thread 3 ] DEBUG Engine               - isFileSystemWriteAllowed: true
16:11:52.340 [FXGL Background Thread 3 ] DEBUG Engine               - isFullScreenAllowed: false
16:11:52.341 [FXGL Background Thread 3 ] DEBUG Engine               - isFullScreenFromStart: false
16:11:52.341 [FXGL Background Thread 3 ] DEBUG Engine               - isGameMenuEnabled: true
16:11:52.341 [FXGL Background Thread 3 ] DEBUG Engine               - isIOS: false
16:11:52.341 [FXGL Background Thread 3 ] DEBUG Engine               - isIntroEnabled: false
16:11:52.341 [FXGL Background Thread 3 ] DEBUG Engine               - isLinux: false
16:11:52.341 [FXGL Background Thread 3 ] DEBUG Engine               - isMac: true
16:11:52.341 [FXGL Background Thread 3 ] DEBUG Engine               - isMainMenuEnabled: true
16:11:52.341 [FXGL Background Thread 3 ] DEBUG Engine               - isManualResizeEnabled: false
16:11:52.342 [FXGL Background Thread 3 ] DEBUG Engine               - isMobile: false
16:11:52.342 [FXGL Background Thread 3 ] DEBUG Engine               - isNative: false
16:11:52.342 [FXGL Background Thread 3 ] DEBUG Engine               - isPauseMusicWhenMinimized: true
16:11:52.342 [FXGL Background Thread 3 ] DEBUG Engine               - isPreserveResizeRatio: false
16:11:52.342 [FXGL Background Thread 3 ] DEBUG Engine               - isProfilingEnabled: false
16:11:52.342 [FXGL Background Thread 3 ] DEBUG Engine               - isScaleAffectedOnResize: true
16:11:52.342 [FXGL Background Thread 3 ] DEBUG Engine               - isSingleStep: false
16:11:52.342 [FXGL Background Thread 3 ] DEBUG Engine               - isUserProfileEnabled: false
16:11:52.342 [FXGL Background Thread 3 ] DEBUG Engine               - isWindows: false
16:11:52.342 [FXGL Background Thread 3 ] DEBUG Engine               - language: ObjectProperty [value: ENGLISH]
16:11:52.342 [FXGL Background Thread 3 ] DEBUG Engine               - menuKey: ESCAPE
16:11:52.343 [FXGL Background Thread 3 ] DEBUG Engine               - mouseSensitivity: 0.2
16:11:52.343 [FXGL Background Thread 3 ] DEBUG Engine               - notificationViewClass: class com.almasb.fxgl.notification.view.XboxNotificationView
16:11:52.343 [FXGL Background Thread 3 ] DEBUG Engine               - pixelsPerMeter: 50.0
16:11:52.343 [FXGL Background Thread 3 ] DEBUG Engine               - platform: MAC
16:11:52.343 [FXGL Background Thread 3 ] DEBUG Engine               - prefHeightProperty: ReadOnlyDoubleProperty [value: 600.0]
16:11:52.343 [FXGL Background Thread 3 ] DEBUG Engine               - prefWidthProperty: ReadOnlyDoubleProperty [value: 450.0]
16:11:52.343 [FXGL Background Thread 3 ] DEBUG Engine               - profileDir: profiles/
16:11:52.344 [FXGL Background Thread 3 ] DEBUG Engine               - profileName: StringProperty [value: DEFAULT]
16:11:52.344 [FXGL Background Thread 3 ] DEBUG Engine               - randomSeed: -1
16:11:52.344 [FXGL Background Thread 3 ] DEBUG Engine               - runtimeInfo: RuntimeInfo(platform=MAC, version=17.2, build=20.08.2022 16.50)
16:11:52.344 [FXGL Background Thread 3 ] DEBUG Engine               - saveFileExt: sav
16:11:52.344 [FXGL Background Thread 3 ] DEBUG Engine               - scaledHeightProp$fxgl: DoubleProperty [bound, value: 600.0]
16:11:52.344 [FXGL Background Thread 3 ] DEBUG Engine               - scaledWidthProp$fxgl: DoubleProperty [bound, value: 450.0]
16:11:52.344 [FXGL Background Thread 3 ] DEBUG Engine               - sceneFactory: com.ood.spacexinvader.GameStart$1@6bf0e682
16:11:52.345 [FXGL Background Thread 3 ] DEBUG Engine               - secondsIn24h: 60
16:11:52.345 [FXGL Background Thread 3 ] DEBUG Engine               - soundMenuBack: menu/back.wav
16:11:52.345 [FXGL Background Thread 3 ] DEBUG Engine               - soundMenuPress: menu/press.wav
16:11:52.345 [FXGL Background Thread 3 ] DEBUG Engine               - soundMenuSelect: menu/select.wav
16:11:52.345 [FXGL Background Thread 3 ] DEBUG Engine               - soundNotification: core/notification.wav
16:11:52.345 [FXGL Background Thread 3 ] DEBUG Engine               - stageStyle: DECORATED
16:11:52.345 [FXGL Background Thread 3 ] DEBUG Engine               - supportedLanguages: [ENGLISH, FRENCH, GERMAN, HUNGARIAN, RUSSIAN]
16:11:52.345 [FXGL Background Thread 3 ] DEBUG Engine               - ticksPerSecond: -1
16:11:52.346 [FXGL Background Thread 3 ] DEBUG Engine               - title: SpaceX Invader
16:11:52.346 [FXGL Background Thread 3 ] DEBUG Engine               - urlGithub: https://github.com/AlmasB/FXGL
16:11:52.346 [FXGL Background Thread 3 ] DEBUG Engine               - urlLeaderboard: http://fxgl-top.herokuapp.com/
16:11:52.346 [FXGL Background Thread 3 ] DEBUG Engine               - urlPOM: https://raw.githubusercontent.com/AlmasB/FXGL/release/README.md
16:11:52.346 [FXGL Background Thread 3 ] DEBUG Engine               - userAppClass: class com.ood.spacexinvader.GameStart
16:11:52.346 [FXGL Background Thread 3 ] DEBUG Engine               - version: 0.0
16:11:52.346 [FXGL Background Thread 3 ] DEBUG Engine               - versionCheckDays: 7
16:11:52.347 [FXGL Background Thread 3 ] DEBUG Engine               - width: 450
16:11:52.347 [FXGL Background Thread 3 ] DEBUG Engine               - Logging services
16:11:52.347 [FXGL Background Thread 3 ] DEBUG Engine               - class com.almasb.fxgl.app.services.FXGLAssetLoaderService
16:11:52.347 [FXGL Background Thread 3 ] DEBUG Engine               - class com.almasb.fxgl.app.FXGLApplication$GameApplicationService
16:11:52.348 [FXGL Background Thread 3 ] DEBUG Engine               - class com.almasb.fxgl.app.services.FXGLDialogService
16:11:52.348 [FXGL Background Thread 3 ] DEBUG Engine               - class com.almasb.fxgl.app.services.IOTaskExecutorService
16:11:52.348 [FXGL Background Thread 3 ] DEBUG Engine               - class com.almasb.fxgl.io.FileSystemService
16:11:52.348 [FXGL Background Thread 3 ] DEBUG Engine               - class com.almasb.fxgl.localization.LocalizationService
16:11:52.348 [FXGL Background Thread 3 ] DEBUG Engine               - class com.almasb.fxgl.app.services.SystemBundleService
16:11:52.349 [FXGL Background Thread 3 ] DEBUG Engine               - class com.almasb.fxgl.profile.SaveLoadService
16:11:52.349 [FXGL Background Thread 3 ] DEBUG Engine               - class com.almasb.fxgl.ui.FXGLUIFactoryServiceProvider
16:11:52.349 [FXGL Background Thread 3 ] DEBUG Engine               - class com.almasb.fxgl.ui.FXGLDialogFactoryServiceProvider
16:11:52.349 [FXGL Background Thread 3 ] DEBUG Engine               - class com.almasb.fxgl.audio.AudioPlayer
16:11:52.349 [FXGL Background Thread 3 ] DEBUG Engine               - class com.almasb.fxgl.notification.impl.NotificationServiceProvider
16:11:52.349 [FXGL Background Thread 3 ] DEBUG Engine               - class com.almasb.fxgl.achievement.AchievementService
16:11:52.349 [FXGL Background Thread 3 ] DEBUG Engine               - class com.almasb.fxgl.cutscene.CutsceneService
16:11:52.349 [FXGL Background Thread 3 ] DEBUG Engine               - class com.almasb.fxgl.minigames.MiniGameService
16:11:52.349 [FXGL Background Thread 3 ] DEBUG Engine               - class com.almasb.fxgl.net.NetService
16:11:52.349 [FXGL Background Thread 3 ] DEBUG Engine               - class com.almasb.fxgl.app.services.UpdaterService
16:11:52.349 [FXGL Background Thread 3 ] DEBUG Engine               - class com.almasb.fxgl.dev.DevService
16:12:05.341 [JavaFX Application Thread] DEBUG PrimaryStageWindow   - Push state: DialogSubScene
16:12:05.341 [JavaFX Application Thread] DEBUG Input                - Clearing active input actions
16:12:05.342 [JavaFX Application Thread] DEBUG GameApplicationServi - Removing overlay from GameScene and adding to DialogSubScene
16:12:05.342 [JavaFX Application Thread] DEBUG PrimaryStageWindow   - GameScene -> DialogSubScene
16:12:06.431 [JavaFX Application Thread] DEBUG PrimaryStageWindow   - Pop state: DialogSubScene
16:12:06.431 [JavaFX Application Thread] DEBUG Input                - Clearing active input actions
16:12:06.431 [JavaFX Application Thread] DEBUG GameApplicationServi - Removing overlay from DialogSubScene and adding to GameScene
16:12:06.432 [JavaFX Application Thread] DEBUG PrimaryStageWindow   - GameScene <- DialogSubScene
16:12:06.432 [JavaFX Application Thread] DEBUG FXGLApplication      - Exiting FXGL
16:12:06.432 [JavaFX Application Thread] DEBUG LoopRunner           - Stopping loop
16:12:06.432 [JavaFX Application Thread] DEBUG SystemBundleService  - Saving FXGL system data
16:12:06.434 [JavaFX Application Thread] DEBUG FileSystemAccess     - Writing to: /Users/leowong/IdeaProjects/SpaceX-Invader/system/fxgl.bundle
16:12:06.436 [JavaFX Application Thread] DEBUG Async                - Shutting down background threads
16:12:06.436 [JavaFX Application Thread] DEBUG PrimaryStageWindow   - Closing main window
16:12:06.446 [JavaFX Application Thread] DEBUG Logger               - Closing Logger
