10:48:58.049 [main                     ] DEBUG Logger               - Configured Logger
10:48:58.090 [main                     ] DEBUG GameApplication      - Logging settings
Title: SpaceX Invader
Version: 0.0
Width: 450
Height: 600
Fullscreen: false
Intro: false
Profiling: false
Single step:false
App Mode: DEVELOPER
Menu Key: ESCAPE
Stage Style: DECORATED
Scene Factory: class com.almasb.fxgl.app.scene.SceneFactory

10:48:58.598 [JavaFX Application Thread] DEBUG FXGLApplication      - Initializing FXGL
10:48:58.605 [JavaFX Application Thread] INFO  Engine               - FXGL-17.2 (20.08.2022 16.50) on MAC (J:17.0.3 FX:17.0.2-ea)
10:48:58.605 [JavaFX Application Thread] DEBUG Engine               - JRE Vendor Name: Eclipse Adoptium
10:48:58.606 [JavaFX Application Thread] DEBUG Engine               - Running on OS: Mac OS X version 13.1
10:48:58.606 [JavaFX Application Thread] DEBUG Engine               - Architecture: x86_64
10:48:58.606 [JavaFX Application Thread] INFO  Engine               - Source code and latest versions at: https://github.com/AlmasB/FXGL
10:48:58.606 [JavaFX Application Thread] INFO  Engine               -       Ask questions and discuss at: https://github.com/AlmasB/FXGL/discussions
10:48:58.606 [JavaFX Application Thread] INFO  Engine               -              Join the FXGL chat at: https://gitter.im/AlmasB/FXGL
10:48:58.721 [JavaFX Application Thread] DEBUG PrimaryStageWindow   - Creating a JavaFX scene
10:48:58.790 [JavaFX Application Thread] DEBUG PrimaryStageWindow   - Target settings size: 450.0 x 600.0
10:48:58.791 [JavaFX Application Thread] DEBUG PrimaryStageWindow   - Scaled scene size:    450.0 x 600.0
10:48:58.791 [JavaFX Application Thread] DEBUG PrimaryStageWindow   - Scaled ratio: (1.0, 1.0)
10:48:58.793 [JavaFX Application Thread] DEBUG PrimaryStageWindow   - Set initial scene to FXGLStartupScene
10:48:58.805 [JavaFX Application Thread] DEBUG PrimaryStageWindow   - Opening main window
10:48:58.940 [JavaFX Application Thread] DEBUG PrimaryStageWindow   - Window border size: (0.0, 28.0)
10:48:58.940 [JavaFX Application Thread] DEBUG PrimaryStageWindow   - Scaled size: 450.0 x 600.0
10:48:58.941 [JavaFX Application Thread] DEBUG PrimaryStageWindow   - Scaled ratio: (1.0, 1.0)
10:48:58.941 [JavaFX Application Thread] DEBUG PrimaryStageWindow   - Scene size: 450.0 x 600.0
10:48:58.942 [JavaFX Application Thread] DEBUG PrimaryStageWindow   - Stage size: 450.0 x 628.0
10:48:58.954 [FXGL Background Thread 1 ] DEBUG Engine               - Initializing environment variables
10:48:59.019 [FXGL Background Thread 1 ] DEBUG FXGLAssetLoaderServi - User app class for loading assets: class com.ood.spacexinvader.GameStart
10:48:59.020 [FXGL Background Thread 1 ] DEBUG GameApplicationServi - Applying CSS: fxgl_dark.css
10:48:59.021 [FXGL Background Thread 1 ] DEBUG FXGLAssetLoaderServi - Loading from file system: jar:file:///Users/leowong/.gradle/caches/modules-2/files-2.1/com.github.almasb/fxgl/17.2/35db6ae960eec2dcfd19262d3b7f9c42f0e95bc3/fxgl-17.2.jar!/fxglassets/ui/css/fxgl_dark.css
10:48:59.111 [FXGL Background Thread 1 ] DEBUG GameApplicationServi - Initializing application scenes
10:48:59.535 [FXGL Background Thread 1 ] DEBUG GameWorld            - Game world initialized
10:48:59.641 [FXGL Background Thread 1 ] DEBUG PhysicsWorld         - Physics world initialized: appHeight=600, physics.ppm=50.0
10:48:59.642 [FXGL Background Thread 1 ] DEBUG PhysicsWorld         - Using strategy: BRUTE_FORCE
10:48:59.649 [FXGL Background Thread 1 ] DEBUG GameScene            - Game scene initialized: 450x600
10:48:59.668 [FXGL Background Thread 1 ] WARN  FXGL.DefaultMenu     - FXGLDefaultMenu is not designed for resolutions < 800x600
10:48:59.668 [FXGL Background Thread 1 ] DEBUG FXGL.DefaultMenu     - createMenuBodyGameMenu()
10:48:59.695 [FXGL Background Thread 1 ] DEBUG FXGL.DefaultMenu     - createOptionsMenu()
10:48:59.720 [FXGL Background Thread 1 ] DEBUG FXGLAssetLoaderServi - Loading from file system: jar:file:///Users/leowong/.gradle/caches/modules-2/files-2.1/com.github.almasb/fxgl/17.2/35db6ae960eec2dcfd19262d3b7f9c42f0e95bc3/fxgl-17.2.jar!/fxglassets/textures/particles/smoke.png
10:48:59.883 [FXGL Background Thread 1 ] DEBUG FXGLAssetLoaderServi - Loading from file system: jar:file:///Users/leowong/.gradle/caches/modules-2/files-2.1/com.github.almasb/fxgl/17.2/35db6ae960eec2dcfd19262d3b7f9c42f0e95bc3/fxgl-17.2.jar!/fxglassets/textures/particles/trace_horizontal.png
10:48:59.913 [FXGL Background Thread 1 ] DEBUG GameApplicationServi - Application scenes initialized
10:48:59.938 [FXGL Background Thread 1 ] DEBUG SystemBundleService  - Loading FXGL system data
10:48:59.947 [FXGL Background Thread 1 ] DEBUG FileSystemAccess     - Reading from: /Users/leowong/IdeaProjects/SpaceX-Invader/system/fxgl.bundle
10:48:59.960 [FXGL Background Thread 1 ] DEBUG SystemBundleService  - Bundle FXGL: {}
10:48:59.961 [FXGL Background Thread 1 ] DEBUG UpdaterService       - Checking for updates
10:48:59.966 [FXGL Background Thread 4 ] DEBUG FXGLApplication      - Loading fonts
10:48:59.967 [FXGL Background Thread 4 ] DEBUG FXGLAssetLoaderServi - Loading from file system: jar:file:///Users/leowong/.gradle/caches/modules-2/files-2.1/com.github.almasb/fxgl/17.2/35db6ae960eec2dcfd19262d3b7f9c42f0e95bc3/fxgl-17.2.jar!/fxglassets/ui/fonts/VarelaRound-Regular.ttf
10:48:59.967 [FXGL Background Thread 1 ] DEBUG FXGLApplication      - Loading default localization
10:48:59.968 [FXGL Background Thread 1 ] DEBUG FXGLAssetLoaderServi - Loading from file system: jar:file:///Users/leowong/.gradle/caches/modules-2/files-2.1/com.github.almasb/fxgl/17.2/35db6ae960eec2dcfd19262d3b7f9c42f0e95bc3/fxgl-17.2.jar!/fxglassets/languages/english.lang
10:48:59.984 [FXGL Background Thread 4 ] DEBUG FXGLAssetLoaderServi - Loading from file system: jar:file:///Users/leowong/.gradle/caches/modules-2/files-2.1/com.github.almasb/fxgl/17.2/35db6ae960eec2dcfd19262d3b7f9c42f0e95bc3/fxgl-17.2.jar!/fxglassets/ui/fonts/Abel-Regular.ttf
10:48:59.991 [FXGL Background Thread 4 ] DEBUG FXGLAssetLoaderServi - Loading from file system: jar:file:///Users/leowong/.gradle/caches/modules-2/files-2.1/com.github.almasb/fxgl/17.2/35db6ae960eec2dcfd19262d3b7f9c42f0e95bc3/fxgl-17.2.jar!/fxglassets/ui/fonts/TerminalLandMono-Regular.otf
10:48:59.995 [FXGL Background Thread 1 ] INFO  FXGLApplication      - FXGL initialization took: 1.041 sec
10:48:59.998 [FXGL Background Thread 4 ] DEBUG FXGLAssetLoaderServi - Loading from file system: jar:file:///Users/leowong/.gradle/caches/modules-2/files-2.1/com.github.almasb/fxgl/17.2/35db6ae960eec2dcfd19262d3b7f9c42f0e95bc3/fxgl-17.2.jar!/fxglassets/ui/fonts/Courier-Prime.ttf
10:49:00.011 [JavaFX Application Thread] DEBUG Input                - Registered new binding: Move Left - Left
10:49:00.012 [JavaFX Application Thread] DEBUG LoopRunner           - Stopping loop
10:49:00.012 [JavaFX Application Thread] DEBUG LoopRunner           - Initializing JavaFX AnimationTimerLoop
10:49:00.015 [JavaFX Application Thread] FATAL FXGLApplication      - Uncaught Exception:
java.lang.IllegalArgumentException: Action already exists: Move Left
	at com.almasb.fxgl.core@17.2/com.almasb.fxgl.input.Input.addBinding(Input.kt:511)
	at com.almasb.fxgl.core@17.2/com.almasb.fxgl.input.Input.addAction(Input.kt:507)
	at com.almasb.fxgl.core@17.2/com.almasb.fxgl.input.Input.addAction$default(Input.kt:504)
	at com.almasb.fxgl.core@17.2/com.almasb.fxgl.input.Input.addAction(Input.kt)
	at spacexinvader@1.0-SNAPSHOT/com.ood.spacexinvader.GameStart.initInput(GameStart.java:46)
	at com.almasb.fxgl.all@17.2/com.almasb.fxgl.app.FXGLApplication$GameApplicationService.onMainLoopStarting(FXGLApplication.kt:529)
	at com.almasb.fxgl.all@17.2/com.almasb.fxgl.app.Engine.startLoop(Engine.kt:150)
	at com.almasb.fxgl.all@17.2/com.almasb.fxgl.app.FXGLApplication.startImpl$lambda-3(FXGLApplication.kt:145)
	at com.almasb.fxgl.core@17.2/com.almasb.fxgl.core.concurrent.IOTask.succeed(IOTask.java:164)
	at com.almasb.fxgl.core@17.2/com.almasb.fxgl.core.concurrent.IOTask$1.succeeded(IOTask.java:153)
	at javafx.graphics/javafx.concurrent.Task.setState(Task.java:726)
	at javafx.graphics/javafx.concurrent.Task$TaskCallable.lambda$call$1(Task.java:1437)
	at javafx.graphics/com.sun.javafx.application.PlatformImpl.lambda$runLater$10(PlatformImpl.java:457)
	at java.base/java.security.AccessController.doPrivileged(AccessController.java:399)
	at javafx.graphics/com.sun.javafx.application.PlatformImpl.lambda$runLater$11(PlatformImpl.java:456)
	at javafx.graphics/com.sun.glass.ui.InvokeLaterDispatcher$Future.run(InvokeLaterDispatcher.java:96)

10:49:00.015 [JavaFX Application Thread] FATAL FXGLApplication      - Application will now exit
10:49:00.052 [JavaFX Application Thread] DEBUG PrimaryStageWindow   - Push state: ErrorSubScene
10:49:00.052 [JavaFX Application Thread] DEBUG Input                - Clearing active input actions
10:49:00.068 [JavaFX Application Thread] DEBUG GameApplicationServi - Removing overlay from FXGLStartupScene and adding to ErrorSubScene
10:49:00.069 [JavaFX Application Thread] DEBUG PrimaryStageWindow   - FXGLStartupScene -> ErrorSubScene
10:49:00.069 [JavaFX Application Thread] DEBUG FXGLApplication      - Registering font factories with UI factory
10:49:02.969 [FXGL Background Thread 3 ] DEBUG Engine               - Logging environment variables
10:49:02.971 [FXGL Background Thread 3 ] DEBUG Engine               - achievements: []
10:49:02.972 [FXGL Background Thread 3 ] DEBUG Engine               - actualHeight: 600.0
10:49:02.972 [FXGL Background Thread 3 ] DEBUG Engine               - actualHeightProperty: ReadOnlyDoubleProperty [value: 600.0]
10:49:02.973 [FXGL Background Thread 3 ] DEBUG Engine               - actualWidth: 450.0
10:49:02.973 [FXGL Background Thread 3 ] DEBUG Engine               - actualWidthProperty: ReadOnlyDoubleProperty [value: 450.0]
10:49:02.974 [FXGL Background Thread 3 ] DEBUG Engine               - appIcon: icon/spacex-invader-favicon-black.png
10:49:02.974 [FXGL Background Thread 3 ] DEBUG Engine               - applicationMode: DEVELOPER
10:49:02.974 [FXGL Background Thread 3 ] DEBUG Engine               - cSSList: [fxgl_dark.css]
10:49:02.974 [FXGL Background Thread 3 ] DEBUG Engine               - collisionDetectionStrategy: BRUTE_FORCE
10:49:02.975 [FXGL Background Thread 3 ] DEBUG Engine               - configClass: Optional.empty
10:49:02.975 [FXGL Background Thread 3 ] DEBUG Engine               - credits: []
10:49:02.975 [FXGL Background Thread 3 ] DEBUG Engine               - defaultCursor: CursorInfo(imageName=fxgl_default_cursor.png, hotspotX=7.0, hotspotY=6.0)
10:49:02.976 [FXGL Background Thread 3 ] DEBUG Engine               - devBBoxColorProperty: ObjectProperty [value: 0xff0000ff]
10:49:02.976 [FXGL Background Thread 3 ] DEBUG Engine               - devEnableDebugCameraProperty: BooleanProperty [value: false]
10:49:02.977 [FXGL Background Thread 3 ] DEBUG Engine               - devSensorColorProperty: ObjectProperty [value: 0xffff00ff]
10:49:02.977 [FXGL Background Thread 3 ] DEBUG Engine               - devShowBBoxProperty: BooleanProperty [value: false]
10:49:02.977 [FXGL Background Thread 3 ] DEBUG Engine               - devShowPositionProperty: BooleanProperty [value: false]
10:49:02.977 [FXGL Background Thread 3 ] DEBUG Engine               - enabledMenuItems: []
10:49:02.978 [FXGL Background Thread 3 ] DEBUG Engine               - engineServices: [class com.almasb.fxgl.app.services.FXGLAssetLoaderService, class com.almasb.fxgl.app.FXGLApplication$GameApplicationService, class com.almasb.fxgl.app.services.FXGLDialogService, class com.almasb.fxgl.app.services.IOTaskExecutorService, class com.almasb.fxgl.io.FileSystemService, class com.almasb.fxgl.localization.LocalizationService, class com.almasb.fxgl.app.services.SystemBundleService, class com.almasb.fxgl.profile.SaveLoadService, class com.almasb.fxgl.ui.FXGLUIFactoryServiceProvider, class com.almasb.fxgl.ui.FXGLDialogFactoryServiceProvider, class com.almasb.fxgl.audio.AudioPlayer, class com.almasb.fxgl.notification.impl.NotificationServiceProvider, class com.almasb.fxgl.achievement.AchievementService, class com.almasb.fxgl.cutscene.CutsceneService, class com.almasb.fxgl.minigames.MiniGameService, class com.almasb.fxgl.net.NetService, class com.almasb.fxgl.app.services.UpdaterService, class com.almasb.fxgl.dev.DevService]
10:49:02.978 [FXGL Background Thread 3 ] DEBUG Engine               - fontGame: Abel-Regular.ttf
10:49:02.978 [FXGL Background Thread 3 ] DEBUG Engine               - fontMono: TerminalLandMono-Regular.otf
10:49:02.978 [FXGL Background Thread 3 ] DEBUG Engine               - fontText: Courier-Prime.ttf
10:49:02.979 [FXGL Background Thread 3 ] DEBUG Engine               - fontUI: VarelaRound-Regular.ttf
10:49:02.979 [FXGL Background Thread 3 ] DEBUG Engine               - fullScreen: BooleanProperty [value: false]
10:49:02.979 [FXGL Background Thread 3 ] DEBUG Engine               - gameDifficulty: MEDIUM
10:49:02.979 [FXGL Background Thread 3 ] DEBUG Engine               - gameDifficultyProperty: ObjectProperty [value: MEDIUM]
10:49:02.979 [FXGL Background Thread 3 ] DEBUG Engine               - globalMusicVolume: 0.5
10:49:02.980 [FXGL Background Thread 3 ] DEBUG Engine               - globalMusicVolumeProperty: DoubleProperty [value: 0.5]
10:49:02.980 [FXGL Background Thread 3 ] DEBUG Engine               - globalSoundVolume: 0.5
10:49:02.980 [FXGL Background Thread 3 ] DEBUG Engine               - globalSoundVolumeProperty: DoubleProperty [value: 0.5]
10:49:02.980 [FXGL Background Thread 3 ] DEBUG Engine               - height: 600
10:49:02.980 [FXGL Background Thread 3 ] DEBUG Engine               - is3D: false
10:49:02.981 [FXGL Background Thread 3 ] DEBUG Engine               - isAndroid: false
10:49:02.981 [FXGL Background Thread 3 ] DEBUG Engine               - isBrowser: false
10:49:02.982 [FXGL Background Thread 3 ] DEBUG Engine               - isClickFeedbackEnabled: false
10:49:02.982 [FXGL Background Thread 3 ] DEBUG Engine               - isCloseConfirmation: false
10:49:02.982 [FXGL Background Thread 3 ] DEBUG Engine               - isDesktop: true
10:49:02.982 [FXGL Background Thread 3 ] DEBUG Engine               - isDeveloperMenuEnabled: false
10:49:02.982 [FXGL Background Thread 3 ] DEBUG Engine               - isEmbedded: false
10:49:02.983 [FXGL Background Thread 3 ] DEBUG Engine               - isEntityPreloadEnabled: true
10:49:02.983 [FXGL Background Thread 3 ] DEBUG Engine               - isExperimentalTiledLargeMap: false
10:49:02.983 [FXGL Background Thread 3 ] DEBUG Engine               - isFileSystemWriteAllowed: true
10:49:02.983 [FXGL Background Thread 3 ] DEBUG Engine               - isFullScreenAllowed: false
10:49:02.983 [FXGL Background Thread 3 ] DEBUG Engine               - isFullScreenFromStart: false
10:49:02.983 [FXGL Background Thread 3 ] DEBUG Engine               - isGameMenuEnabled: true
10:49:02.983 [FXGL Background Thread 3 ] DEBUG Engine               - isIOS: false
10:49:02.984 [FXGL Background Thread 3 ] DEBUG Engine               - isIntroEnabled: false
10:49:02.984 [FXGL Background Thread 3 ] DEBUG Engine               - isLinux: false
10:49:02.984 [FXGL Background Thread 3 ] DEBUG Engine               - isMac: true
10:49:02.984 [FXGL Background Thread 3 ] DEBUG Engine               - isMainMenuEnabled: false
10:49:02.984 [FXGL Background Thread 3 ] DEBUG Engine               - isManualResizeEnabled: false
10:49:02.984 [FXGL Background Thread 3 ] DEBUG Engine               - isMobile: false
10:49:02.985 [FXGL Background Thread 3 ] DEBUG Engine               - isNative: false
10:49:02.985 [FXGL Background Thread 3 ] DEBUG Engine               - isPauseMusicWhenMinimized: true
10:49:02.985 [FXGL Background Thread 3 ] DEBUG Engine               - isPreserveResizeRatio: false
10:49:02.985 [FXGL Background Thread 3 ] DEBUG Engine               - isProfilingEnabled: false
10:49:02.985 [FXGL Background Thread 3 ] DEBUG Engine               - isScaleAffectedOnResize: true
10:49:02.986 [FXGL Background Thread 3 ] DEBUG Engine               - isSingleStep: false
10:49:02.986 [FXGL Background Thread 3 ] DEBUG Engine               - isUserProfileEnabled: false
10:49:02.986 [FXGL Background Thread 3 ] DEBUG Engine               - isWindows: false
10:49:02.986 [FXGL Background Thread 3 ] DEBUG Engine               - language: ObjectProperty [value: ENGLISH]
10:49:02.987 [FXGL Background Thread 3 ] DEBUG Engine               - menuKey: ESCAPE
10:49:02.987 [FXGL Background Thread 3 ] DEBUG Engine               - mouseSensitivity: 0.2
10:49:02.987 [FXGL Background Thread 3 ] DEBUG Engine               - notificationViewClass: class com.almasb.fxgl.notification.view.XboxNotificationView
10:49:02.987 [FXGL Background Thread 3 ] DEBUG Engine               - pixelsPerMeter: 50.0
10:49:02.987 [FXGL Background Thread 3 ] DEBUG Engine               - platform: MAC
10:49:02.988 [FXGL Background Thread 3 ] DEBUG Engine               - prefHeightProperty: ReadOnlyDoubleProperty [value: 600.0]
10:49:02.988 [FXGL Background Thread 3 ] DEBUG Engine               - prefWidthProperty: ReadOnlyDoubleProperty [value: 450.0]
10:49:02.988 [FXGL Background Thread 3 ] DEBUG Engine               - profileDir: profiles/
10:49:02.988 [FXGL Background Thread 3 ] DEBUG Engine               - profileName: StringProperty [value: DEFAULT]
10:49:02.988 [FXGL Background Thread 3 ] DEBUG Engine               - randomSeed: -1
10:49:02.989 [FXGL Background Thread 3 ] DEBUG Engine               - runtimeInfo: RuntimeInfo(platform=MAC, version=17.2, build=20.08.2022 16.50)
10:49:02.989 [FXGL Background Thread 3 ] DEBUG Engine               - saveFileExt: sav
10:49:02.990 [FXGL Background Thread 3 ] DEBUG Engine               - scaledHeightProp$fxgl: DoubleProperty [bound, value: 600.0]
10:49:02.990 [FXGL Background Thread 3 ] DEBUG Engine               - scaledWidthProp$fxgl: DoubleProperty [bound, value: 450.0]
10:49:02.990 [FXGL Background Thread 3 ] DEBUG Engine               - sceneFactory: com.almasb.fxgl.app.scene.SceneFactory@1d96e41e
10:49:02.990 [FXGL Background Thread 3 ] DEBUG Engine               - secondsIn24h: 60
10:49:02.990 [FXGL Background Thread 3 ] DEBUG Engine               - soundMenuBack: menu/back.wav
10:49:02.990 [FXGL Background Thread 3 ] DEBUG Engine               - soundMenuPress: menu/press.wav
10:49:02.990 [FXGL Background Thread 3 ] DEBUG Engine               - soundMenuSelect: menu/select.wav
10:49:02.990 [FXGL Background Thread 3 ] DEBUG Engine               - soundNotification: core/notification.wav
10:49:02.991 [FXGL Background Thread 3 ] DEBUG Engine               - stageStyle: DECORATED
10:49:02.991 [FXGL Background Thread 3 ] DEBUG Engine               - supportedLanguages: [ENGLISH, FRENCH, GERMAN, HUNGARIAN, RUSSIAN]
10:49:02.991 [FXGL Background Thread 3 ] DEBUG Engine               - ticksPerSecond: -1
10:49:02.991 [FXGL Background Thread 3 ] DEBUG Engine               - title: SpaceX Invader
10:49:02.991 [FXGL Background Thread 3 ] DEBUG Engine               - urlGithub: https://github.com/AlmasB/FXGL
10:49:02.991 [FXGL Background Thread 3 ] DEBUG Engine               - urlLeaderboard: http://fxgl-top.herokuapp.com/
10:49:02.992 [FXGL Background Thread 3 ] DEBUG Engine               - urlPOM: https://raw.githubusercontent.com/AlmasB/FXGL/release/README.md
10:49:02.992 [FXGL Background Thread 3 ] DEBUG Engine               - userAppClass: class com.ood.spacexinvader.GameStart
10:49:02.992 [FXGL Background Thread 3 ] DEBUG Engine               - version: 0.0
10:49:02.992 [FXGL Background Thread 3 ] DEBUG Engine               - versionCheckDays: 7
10:49:02.992 [FXGL Background Thread 3 ] DEBUG Engine               - width: 450
10:49:02.992 [FXGL Background Thread 3 ] DEBUG Engine               - Logging services
10:49:02.992 [FXGL Background Thread 3 ] DEBUG Engine               - class com.almasb.fxgl.app.services.FXGLAssetLoaderService
10:49:02.992 [FXGL Background Thread 3 ] DEBUG Engine               - class com.almasb.fxgl.app.FXGLApplication$GameApplicationService
10:49:02.993 [FXGL Background Thread 3 ] DEBUG Engine               - class com.almasb.fxgl.app.services.FXGLDialogService
10:49:02.993 [FXGL Background Thread 3 ] DEBUG Engine               - class com.almasb.fxgl.app.services.IOTaskExecutorService
10:49:02.993 [FXGL Background Thread 3 ] DEBUG Engine               - class com.almasb.fxgl.io.FileSystemService
10:49:02.993 [FXGL Background Thread 3 ] DEBUG Engine               - class com.almasb.fxgl.localization.LocalizationService
10:49:02.993 [FXGL Background Thread 3 ] DEBUG Engine               - class com.almasb.fxgl.app.services.SystemBundleService
10:49:02.993 [FXGL Background Thread 3 ] DEBUG Engine               - class com.almasb.fxgl.profile.SaveLoadService
10:49:02.993 [FXGL Background Thread 3 ] DEBUG Engine               - class com.almasb.fxgl.ui.FXGLUIFactoryServiceProvider
10:49:02.993 [FXGL Background Thread 3 ] DEBUG Engine               - class com.almasb.fxgl.ui.FXGLDialogFactoryServiceProvider
10:49:02.993 [FXGL Background Thread 3 ] DEBUG Engine               - class com.almasb.fxgl.audio.AudioPlayer
10:49:02.994 [FXGL Background Thread 3 ] DEBUG Engine               - class com.almasb.fxgl.notification.impl.NotificationServiceProvider
10:49:02.994 [FXGL Background Thread 3 ] DEBUG Engine               - class com.almasb.fxgl.achievement.AchievementService
10:49:02.994 [FXGL Background Thread 3 ] DEBUG Engine               - class com.almasb.fxgl.cutscene.CutsceneService
10:49:02.994 [FXGL Background Thread 3 ] DEBUG Engine               - class com.almasb.fxgl.minigames.MiniGameService
10:49:02.994 [FXGL Background Thread 3 ] DEBUG Engine               - class com.almasb.fxgl.net.NetService
10:49:02.994 [FXGL Background Thread 3 ] DEBUG Engine               - class com.almasb.fxgl.app.services.UpdaterService
10:49:02.994 [FXGL Background Thread 3 ] DEBUG Engine               - class com.almasb.fxgl.dev.DevService
10:49:03.291 [JavaFX Application Thread] DEBUG FXGLApplication      - Exiting FXGL
10:49:03.291 [JavaFX Application Thread] DEBUG Async                - Shutting down background threads
10:49:03.291 [JavaFX Application Thread] DEBUG PrimaryStageWindow   - Closing main window
10:49:03.301 [JavaFX Application Thread] DEBUG Logger               - Closing Logger
