11:31:27.945 [main                     ] DEBUG Logger               - Configured Logger
11:31:27.981 [main                     ] DEBUG GameApplication      - Logging settings
Title: SpaceX Invader
Version: 0.0
Width: 450
Height: 600
Fullscreen: false
Intro: false
Profiling: false
Single step:false
App Mode: DEVELOPER
Menu Key: ESCAPE
Stage Style: DECORATED
Scene Factory: class com.ood.spacexinvader.GameStart$1

11:31:28.547 [JavaFX Application Thread] DEBUG FXGLApplication      - Initializing FXGL
11:31:28.553 [JavaFX Application Thread] INFO  Engine               - FXGL-17.2 (20.08.2022 16.50) on MAC (J:17.0.3 FX:17.0.2-ea)
11:31:28.554 [JavaFX Application Thread] DEBUG Engine               - JRE Vendor Name: Eclipse Adoptium
11:31:28.554 [JavaFX Application Thread] DEBUG Engine               - Running on OS: Mac OS X version 13.1
11:31:28.555 [JavaFX Application Thread] DEBUG Engine               - Architecture: x86_64
11:31:28.555 [JavaFX Application Thread] INFO  Engine               - Source code and latest versions at: https://github.com/AlmasB/FXGL
11:31:28.555 [JavaFX Application Thread] INFO  Engine               -       Ask questions and discuss at: https://github.com/AlmasB/FXGL/discussions
11:31:28.555 [JavaFX Application Thread] INFO  Engine               -              Join the FXGL chat at: https://gitter.im/AlmasB/FXGL
11:31:28.708 [JavaFX Application Thread] DEBUG PrimaryStageWindow   - Creating a JavaFX scene
11:31:28.798 [JavaFX Application Thread] DEBUG PrimaryStageWindow   - Target settings size: 450.0 x 600.0
11:31:28.798 [JavaFX Application Thread] DEBUG PrimaryStageWindow   - Scaled scene size:    450.0 x 600.0
11:31:28.799 [JavaFX Application Thread] DEBUG PrimaryStageWindow   - Scaled ratio: (1.0, 1.0)
11:31:28.801 [JavaFX Application Thread] DEBUG PrimaryStageWindow   - Set initial scene to FXGLStartupScene
11:31:28.815 [JavaFX Application Thread] DEBUG PrimaryStageWindow   - Opening main window
11:31:29.031 [JavaFX Application Thread] DEBUG PrimaryStageWindow   - Window border size: (0.0, 28.0)
11:31:29.032 [JavaFX Application Thread] DEBUG PrimaryStageWindow   - Scaled size: 450.0 x 600.0
11:31:29.032 [JavaFX Application Thread] DEBUG PrimaryStageWindow   - Scaled ratio: (1.0, 1.0)
11:31:29.033 [JavaFX Application Thread] DEBUG PrimaryStageWindow   - Scene size: 450.0 x 600.0
11:31:29.034 [JavaFX Application Thread] DEBUG PrimaryStageWindow   - Stage size: 450.0 x 628.0
11:31:29.073 [FXGL Background Thread 1 ] DEBUG Engine               - Initializing environment variables
11:31:29.132 [FXGL Background Thread 1 ] DEBUG FXGLAssetLoaderServi - User app class for loading assets: class com.ood.spacexinvader.GameStart
11:31:29.132 [FXGL Background Thread 1 ] DEBUG GameApplicationServi - Applying CSS: fxgl_dark.css
11:31:29.134 [FXGL Background Thread 1 ] DEBUG FXGLAssetLoaderServi - Loading from file system: jar:file:///Users/leowong/.gradle/caches/modules-2/files-2.1/com.github.almasb/fxgl/17.2/35db6ae960eec2dcfd19262d3b7f9c42f0e95bc3/fxgl-17.2.jar!/fxglassets/ui/css/fxgl_dark.css
11:31:29.378 [FXGL Background Thread 1 ] DEBUG GameApplicationServi - Initializing application scenes
11:31:29.719 [FXGL Background Thread 1 ] DEBUG GameWorld            - Game world initialized
11:31:29.782 [FXGL Background Thread 1 ] DEBUG PhysicsWorld         - Physics world initialized: appHeight=600, physics.ppm=50.0
11:31:29.782 [FXGL Background Thread 1 ] DEBUG PhysicsWorld         - Using strategy: BRUTE_FORCE
11:31:29.787 [FXGL Background Thread 1 ] DEBUG GameScene            - Game scene initialized: 450x600
11:31:29.891 [FXGL Background Thread 1 ] DEBUG GameApplicationServi - Application scenes initialized
11:31:29.912 [FXGL Background Thread 1 ] DEBUG SystemBundleService  - Loading FXGL system data
11:31:29.918 [FXGL Background Thread 1 ] DEBUG FileSystemAccess     - Reading from: /Users/leowong/IdeaProjects/SpaceX-Invader/system/fxgl.bundle
11:31:29.928 [FXGL Background Thread 1 ] DEBUG SystemBundleService  - Bundle FXGL: {}
11:31:29.928 [FXGL Background Thread 1 ] DEBUG UpdaterService       - Checking for updates
11:31:29.934 [FXGL Background Thread 4 ] DEBUG FXGLApplication      - Loading fonts
11:31:29.934 [FXGL Background Thread 4 ] DEBUG FXGLAssetLoaderServi - Loading from file system: jar:file:///Users/leowong/.gradle/caches/modules-2/files-2.1/com.github.almasb/fxgl/17.2/35db6ae960eec2dcfd19262d3b7f9c42f0e95bc3/fxgl-17.2.jar!/fxglassets/ui/fonts/VarelaRound-Regular.ttf
11:31:29.935 [FXGL Background Thread 1 ] DEBUG FXGLApplication      - Loading default localization
11:31:29.935 [FXGL Background Thread 1 ] DEBUG FXGLAssetLoaderServi - Loading from file system: jar:file:///Users/leowong/.gradle/caches/modules-2/files-2.1/com.github.almasb/fxgl/17.2/35db6ae960eec2dcfd19262d3b7f9c42f0e95bc3/fxgl-17.2.jar!/fxglassets/languages/english.lang
11:31:29.954 [FXGL Background Thread 4 ] DEBUG FXGLAssetLoaderServi - Loading from file system: jar:file:///Users/leowong/.gradle/caches/modules-2/files-2.1/com.github.almasb/fxgl/17.2/35db6ae960eec2dcfd19262d3b7f9c42f0e95bc3/fxgl-17.2.jar!/fxglassets/ui/fonts/Abel-Regular.ttf
11:31:29.959 [FXGL Background Thread 4 ] DEBUG FXGLAssetLoaderServi - Loading from file system: jar:file:///Users/leowong/.gradle/caches/modules-2/files-2.1/com.github.almasb/fxgl/17.2/35db6ae960eec2dcfd19262d3b7f9c42f0e95bc3/fxgl-17.2.jar!/fxglassets/ui/fonts/TerminalLandMono-Regular.otf
11:31:29.960 [FXGL Background Thread 1 ] INFO  FXGLApplication      - FXGL initialization took: 0.887 sec
11:31:29.964 [FXGL Background Thread 4 ] DEBUG FXGLAssetLoaderServi - Loading from file system: jar:file:///Users/leowong/.gradle/caches/modules-2/files-2.1/com.github.almasb/fxgl/17.2/35db6ae960eec2dcfd19262d3b7f9c42f0e95bc3/fxgl-17.2.jar!/fxglassets/ui/fonts/Courier-Prime.ttf
11:31:29.972 [JavaFX Application Thread] DEBUG Input                - Registered new binding: Left - A
11:31:29.973 [JavaFX Application Thread] DEBUG Input                - Registered new binding: Right - D
11:31:29.973 [JavaFX Application Thread] DEBUG Input                - Registered new binding: Shoot - J
11:31:29.973 [JavaFX Application Thread] DEBUG FXGLAssetLoaderServi - Loading from file system: jar:file:///Users/leowong/IdeaProjects/SpaceX-Invader/build/libs/SpaceX-Invader-1.0-SNAPSHOT.jar!/assets/textures/icon/spacex-invader-favicon-black.png
11:31:30.007 [JavaFX Application Thread] DEBUG FXGLAssetLoaderServi - Loading from file system: jar:file:///Users/leowong/.gradle/caches/modules-2/files-2.1/com.github.almasb/fxgl/17.2/35db6ae960eec2dcfd19262d3b7f9c42f0e95bc3/fxgl-17.2.jar!/fxglassets/textures/fxgl_default_cursor.png
11:31:30.012 [JavaFX Application Thread] DEBUG Input                - Registered new binding: Screenshot - CTRL+8
11:31:30.013 [JavaFX Application Thread] DEBUG Input                - Registered new binding: System info dump - CTRL+9
11:31:30.013 [JavaFX Application Thread] DEBUG Input                - Registered new binding: Restart - CTRL+R
11:31:30.014 [JavaFX Application Thread] DEBUG Input                - Registered new binding: Toggle Debug Camera - CTRL+7
11:31:30.017 [JavaFX Application Thread] DEBUG LoopRunner           - Starting loop
11:31:30.017 [JavaFX Application Thread] DEBUG LoopRunner           - Initializing JavaFX AnimationTimerLoop
11:31:30.021 [JavaFX Application Thread] DEBUG Input                - Clearing active input actions
11:31:30.033 [JavaFX Application Thread] DEBUG GameApplicationServi - Removing overlay from FXGLStartupScene and adding to FXGLMainMenuDummyScene
11:31:30.034 [JavaFX Application Thread] DEBUG PrimaryStageWindow   - FXGLStartupScene -> FXGLMainMenuDummyScene
11:31:30.034 [JavaFX Application Thread] DEBUG PrimaryStageWindow   - Push state: MainMenu
11:31:30.035 [JavaFX Application Thread] DEBUG Input                - Clearing active input actions
11:31:30.048 [JavaFX Application Thread] DEBUG GameApplicationServi - Removing overlay from FXGLMainMenuDummyScene and adding to MainMenu
11:31:30.049 [JavaFX Application Thread] DEBUG PrimaryStageWindow   - FXGLMainMenuDummyScene -> MainMenu
11:31:30.142 [JavaFX Application Thread] DEBUG FXGLApplication      - Registering font factories with UI factory
11:31:31.913 [JavaFX Application Thread] DEBUG Menu                 - fireNewGame()
11:31:31.914 [JavaFX Application Thread] DEBUG GameApplicationServi - Starting new game
11:31:31.915 [JavaFX Application Thread] DEBUG PrimaryStageWindow   - Pop state: MainMenu
11:31:31.915 [JavaFX Application Thread] DEBUG Input                - Clearing active input actions
11:31:31.916 [JavaFX Application Thread] DEBUG GameApplicationServi - Removing overlay from MainMenu and adding to FXGLMainMenuDummyScene
11:31:31.917 [JavaFX Application Thread] DEBUG PrimaryStageWindow   - FXGLMainMenuDummyScene <- MainMenu
11:31:31.918 [JavaFX Application Thread] DEBUG Input                - Clearing active input actions
11:31:31.928 [JavaFX Application Thread] DEBUG GameApplicationServi - Removing overlay from FXGLMainMenuDummyScene and adding to FXGLLoadingScene
11:31:31.928 [JavaFX Application Thread] DEBUG PrimaryStageWindow   - FXGLMainMenuDummyScene -> FXGLLoadingScene
11:31:31.928 [JavaFX Application Thread] DEBUG GameApplicationServi - Clearing previous game
11:31:31.928 [JavaFX Application Thread] DEBUG GameScene            - Clearing game scene
11:31:31.928 [JavaFX Application Thread] DEBUG GameWorld            - Clearing game world
11:31:31.929 [JavaFX Application Thread] DEBUG PhysicsWorld         - Clearing physics world
11:31:31.931 [FXGL Background Thread 2 ] DEBUG FXGLApplication      - Initializing game
11:31:31.938 [FXGL Background Thread 2 ] DEBUG FXGLAssetLoaderServi - Loading from file system: jar:file:///Users/leowong/IdeaProjects/SpaceX-Invader/build/libs/SpaceX-Invader-1.0-SNAPSHOT.jar!/assets/textures/enemy/alien.png
11:31:31.988 [FXGL Background Thread 2 ] DEBUG FXGLAssetLoaderServi - Loading from file system: jar:file:///Users/leowong/IdeaProjects/SpaceX-Invader/build/libs/SpaceX-Invader-1.0-SNAPSHOT.jar!/assets/textures/player/SpaceX.png
11:31:32.000 [FXGL Background Thread 2 ] INFO  FXGLApplication      - Game initialization took: 0.069 sec
11:31:32.001 [JavaFX Application Thread] DEBUG Input                - Clearing active input actions
11:31:32.009 [JavaFX Application Thread] DEBUG GameApplicationServi - Removing overlay from FXGLLoadingScene and adding to GameScene
11:31:32.010 [JavaFX Application Thread] DEBUG PrimaryStageWindow   - FXGLLoadingScene -> GameScene
11:31:32.904 [JavaFX Application Thread] DEBUG FXGLAssetLoaderServi - Loading from file system: jar:file:///Users/leowong/IdeaProjects/SpaceX-Invader/build/libs/SpaceX-Invader-1.0-SNAPSHOT.jar!/assets/sounds/bullet.wav
11:31:32.936 [FXGL Background Thread 3 ] DEBUG Engine               - Logging environment variables
11:31:32.937 [FXGL Background Thread 3 ] DEBUG Engine               - achievements: []
11:31:32.937 [FXGL Background Thread 3 ] DEBUG Engine               - actualHeight: 600.0
11:31:32.938 [FXGL Background Thread 3 ] DEBUG Engine               - actualHeightProperty: ReadOnlyDoubleProperty [value: 600.0]
11:31:32.938 [FXGL Background Thread 3 ] DEBUG Engine               - actualWidth: 450.0
11:31:32.939 [FXGL Background Thread 3 ] DEBUG Engine               - actualWidthProperty: ReadOnlyDoubleProperty [value: 450.0]
11:31:32.939 [FXGL Background Thread 3 ] DEBUG Engine               - appIcon: icon/spacex-invader-favicon-black.png
11:31:32.939 [FXGL Background Thread 3 ] DEBUG Engine               - applicationMode: DEVELOPER
11:31:32.939 [FXGL Background Thread 3 ] DEBUG Engine               - cSSList: [fxgl_dark.css]
11:31:32.940 [FXGL Background Thread 3 ] DEBUG Engine               - collisionDetectionStrategy: BRUTE_FORCE
11:31:32.940 [FXGL Background Thread 3 ] DEBUG Engine               - configClass: Optional.empty
11:31:32.940 [FXGL Background Thread 3 ] DEBUG Engine               - credits: []
11:31:32.942 [FXGL Background Thread 3 ] DEBUG Engine               - defaultCursor: CursorInfo(imageName=fxgl_default_cursor.png, hotspotX=7.0, hotspotY=6.0)
11:31:32.942 [FXGL Background Thread 3 ] DEBUG Engine               - devBBoxColorProperty: ObjectProperty [value: 0xff0000ff]
11:31:32.943 [FXGL Background Thread 3 ] DEBUG Engine               - devEnableDebugCameraProperty: BooleanProperty [value: false]
11:31:32.943 [FXGL Background Thread 3 ] DEBUG Engine               - devSensorColorProperty: ObjectProperty [value: 0xffff00ff]
11:31:32.943 [FXGL Background Thread 3 ] DEBUG Engine               - devShowBBoxProperty: BooleanProperty [value: false]
11:31:32.943 [FXGL Background Thread 3 ] DEBUG Engine               - devShowPositionProperty: BooleanProperty [value: false]
11:31:32.943 [FXGL Background Thread 3 ] DEBUG Engine               - enabledMenuItems: []
11:31:32.943 [FXGL Background Thread 3 ] DEBUG Engine               - engineServices: [class com.almasb.fxgl.app.services.FXGLAssetLoaderService, class com.almasb.fxgl.app.FXGLApplication$GameApplicationService, class com.almasb.fxgl.app.services.FXGLDialogService, class com.almasb.fxgl.app.services.IOTaskExecutorService, class com.almasb.fxgl.io.FileSystemService, class com.almasb.fxgl.localization.LocalizationService, class com.almasb.fxgl.app.services.SystemBundleService, class com.almasb.fxgl.profile.SaveLoadService, class com.almasb.fxgl.ui.FXGLUIFactoryServiceProvider, class com.almasb.fxgl.ui.FXGLDialogFactoryServiceProvider, class com.almasb.fxgl.audio.AudioPlayer, class com.almasb.fxgl.notification.impl.NotificationServiceProvider, class com.almasb.fxgl.achievement.AchievementService, class com.almasb.fxgl.cutscene.CutsceneService, class com.almasb.fxgl.minigames.MiniGameService, class com.almasb.fxgl.net.NetService, class com.almasb.fxgl.app.services.UpdaterService, class com.almasb.fxgl.dev.DevService]
11:31:32.944 [FXGL Background Thread 3 ] DEBUG Engine               - fontGame: Abel-Regular.ttf
11:31:32.944 [FXGL Background Thread 3 ] DEBUG Engine               - fontMono: TerminalLandMono-Regular.otf
11:31:32.944 [FXGL Background Thread 3 ] DEBUG Engine               - fontText: Courier-Prime.ttf
11:31:32.944 [FXGL Background Thread 3 ] DEBUG Engine               - fontUI: VarelaRound-Regular.ttf
11:31:32.944 [FXGL Background Thread 3 ] DEBUG Engine               - fullScreen: BooleanProperty [value: false]
11:31:32.945 [FXGL Background Thread 3 ] DEBUG Engine               - gameDifficulty: MEDIUM
11:31:32.945 [FXGL Background Thread 3 ] DEBUG Engine               - gameDifficultyProperty: ObjectProperty [value: MEDIUM]
11:31:32.945 [FXGL Background Thread 3 ] DEBUG Engine               - globalMusicVolume: 0.5
11:31:32.945 [FXGL Background Thread 3 ] DEBUG Engine               - globalMusicVolumeProperty: DoubleProperty [value: 0.5]
11:31:32.945 [FXGL Background Thread 3 ] DEBUG Engine               - globalSoundVolume: 0.5
11:31:32.945 [FXGL Background Thread 3 ] DEBUG Engine               - globalSoundVolumeProperty: DoubleProperty [value: 0.5]
11:31:32.945 [FXGL Background Thread 3 ] DEBUG Engine               - height: 600
11:31:32.946 [FXGL Background Thread 3 ] DEBUG Engine               - is3D: false
11:31:32.946 [FXGL Background Thread 3 ] DEBUG Engine               - isAndroid: false
11:31:32.946 [FXGL Background Thread 3 ] DEBUG Engine               - isBrowser: false
11:31:32.946 [FXGL Background Thread 3 ] DEBUG Engine               - isClickFeedbackEnabled: false
11:31:32.946 [FXGL Background Thread 3 ] DEBUG Engine               - isCloseConfirmation: true
11:31:32.946 [FXGL Background Thread 3 ] DEBUG Engine               - isDesktop: true
11:31:32.946 [FXGL Background Thread 3 ] DEBUG Engine               - isDeveloperMenuEnabled: false
11:31:32.946 [FXGL Background Thread 3 ] DEBUG Engine               - isEmbedded: false
11:31:32.947 [FXGL Background Thread 3 ] DEBUG Engine               - isEntityPreloadEnabled: true
11:31:32.947 [FXGL Background Thread 3 ] DEBUG Engine               - isExperimentalTiledLargeMap: false
11:31:32.947 [FXGL Background Thread 3 ] DEBUG Engine               - isFileSystemWriteAllowed: true
11:31:32.947 [FXGL Background Thread 3 ] DEBUG Engine               - isFullScreenAllowed: false
11:31:32.947 [FXGL Background Thread 3 ] DEBUG Engine               - isFullScreenFromStart: false
11:31:32.948 [FXGL Background Thread 3 ] DEBUG Engine               - isGameMenuEnabled: true
11:31:32.948 [FXGL Background Thread 3 ] DEBUG Engine               - isIOS: false
11:31:32.948 [FXGL Background Thread 3 ] DEBUG Engine               - isIntroEnabled: false
11:31:32.948 [FXGL Background Thread 3 ] DEBUG Engine               - isLinux: false
11:31:32.948 [FXGL Background Thread 3 ] DEBUG Engine               - isMac: true
11:31:32.949 [FXGL Background Thread 3 ] DEBUG Engine               - isMainMenuEnabled: true
11:31:32.949 [FXGL Background Thread 3 ] DEBUG Engine               - isManualResizeEnabled: false
11:31:32.949 [FXGL Background Thread 3 ] DEBUG Engine               - isMobile: false
11:31:32.949 [FXGL Background Thread 3 ] DEBUG Engine               - isNative: false
11:31:32.949 [FXGL Background Thread 3 ] DEBUG Engine               - isPauseMusicWhenMinimized: true
11:31:32.949 [FXGL Background Thread 3 ] DEBUG Engine               - isPreserveResizeRatio: false
11:31:32.949 [FXGL Background Thread 3 ] DEBUG Engine               - isProfilingEnabled: false
11:31:32.950 [FXGL Background Thread 3 ] DEBUG Engine               - isScaleAffectedOnResize: true
11:31:32.950 [FXGL Background Thread 3 ] DEBUG Engine               - isSingleStep: false
11:31:32.950 [FXGL Background Thread 3 ] DEBUG Engine               - isUserProfileEnabled: false
11:31:32.950 [FXGL Background Thread 3 ] DEBUG Engine               - isWindows: false
11:31:32.950 [FXGL Background Thread 3 ] DEBUG Engine               - language: ObjectProperty [value: ENGLISH]
11:31:32.950 [FXGL Background Thread 3 ] DEBUG Engine               - menuKey: ESCAPE
11:31:32.951 [FXGL Background Thread 3 ] DEBUG Engine               - mouseSensitivity: 0.2
11:31:32.951 [FXGL Background Thread 3 ] DEBUG Engine               - notificationViewClass: class com.almasb.fxgl.notification.view.XboxNotificationView
11:31:32.951 [FXGL Background Thread 3 ] DEBUG Engine               - pixelsPerMeter: 50.0
11:31:32.951 [FXGL Background Thread 3 ] DEBUG Engine               - platform: MAC
11:31:32.951 [FXGL Background Thread 3 ] DEBUG Engine               - prefHeightProperty: ReadOnlyDoubleProperty [value: 600.0]
11:31:32.951 [FXGL Background Thread 3 ] DEBUG Engine               - prefWidthProperty: ReadOnlyDoubleProperty [value: 450.0]
11:31:32.951 [FXGL Background Thread 3 ] DEBUG Engine               - profileDir: profiles/
11:31:32.951 [FXGL Background Thread 3 ] DEBUG Engine               - profileName: StringProperty [value: DEFAULT]
11:31:32.952 [FXGL Background Thread 3 ] DEBUG Engine               - randomSeed: -1
11:31:32.952 [FXGL Background Thread 3 ] DEBUG Engine               - runtimeInfo: RuntimeInfo(platform=MAC, version=17.2, build=20.08.2022 16.50)
11:31:32.952 [FXGL Background Thread 3 ] DEBUG Engine               - saveFileExt: sav
11:31:32.952 [FXGL Background Thread 3 ] DEBUG Engine               - scaledHeightProp$fxgl: DoubleProperty [bound, value: 600.0]
11:31:32.953 [FXGL Background Thread 3 ] DEBUG Engine               - scaledWidthProp$fxgl: DoubleProperty [bound, value: 450.0]
11:31:32.953 [FXGL Background Thread 3 ] DEBUG Engine               - sceneFactory: com.ood.spacexinvader.GameStart$1@45eae70d
11:31:32.953 [FXGL Background Thread 3 ] DEBUG Engine               - secondsIn24h: 60
11:31:32.953 [FXGL Background Thread 3 ] DEBUG Engine               - soundMenuBack: menu/back.wav
11:31:32.953 [FXGL Background Thread 3 ] DEBUG Engine               - soundMenuPress: menu/press.wav
11:31:32.953 [FXGL Background Thread 3 ] DEBUG Engine               - soundMenuSelect: menu/select.wav
11:31:32.953 [FXGL Background Thread 3 ] DEBUG Engine               - soundNotification: core/notification.wav
11:31:32.953 [FXGL Background Thread 3 ] DEBUG Engine               - stageStyle: DECORATED
11:31:32.953 [FXGL Background Thread 3 ] DEBUG Engine               - supportedLanguages: [ENGLISH, FRENCH, GERMAN, HUNGARIAN, RUSSIAN]
11:31:32.953 [FXGL Background Thread 3 ] DEBUG Engine               - ticksPerSecond: -1
11:31:32.953 [FXGL Background Thread 3 ] DEBUG Engine               - title: SpaceX Invader
11:31:32.954 [FXGL Background Thread 3 ] DEBUG Engine               - urlGithub: https://github.com/AlmasB/FXGL
11:31:32.954 [FXGL Background Thread 3 ] DEBUG Engine               - urlLeaderboard: http://fxgl-top.herokuapp.com/
11:31:32.954 [FXGL Background Thread 3 ] DEBUG Engine               - urlPOM: https://raw.githubusercontent.com/AlmasB/FXGL/release/README.md
11:31:32.954 [FXGL Background Thread 3 ] DEBUG Engine               - userAppClass: class com.ood.spacexinvader.GameStart
11:31:32.954 [FXGL Background Thread 3 ] DEBUG Engine               - version: 0.0
11:31:32.954 [FXGL Background Thread 3 ] DEBUG Engine               - versionCheckDays: 7
11:31:32.954 [FXGL Background Thread 3 ] DEBUG Engine               - width: 450
11:31:32.954 [FXGL Background Thread 3 ] DEBUG Engine               - Logging services
11:31:32.954 [FXGL Background Thread 3 ] DEBUG Engine               - class com.almasb.fxgl.app.services.FXGLAssetLoaderService
11:31:32.954 [FXGL Background Thread 3 ] DEBUG Engine               - class com.almasb.fxgl.app.FXGLApplication$GameApplicationService
11:31:32.954 [FXGL Background Thread 3 ] DEBUG Engine               - class com.almasb.fxgl.app.services.FXGLDialogService
11:31:32.955 [FXGL Background Thread 3 ] DEBUG Engine               - class com.almasb.fxgl.app.services.IOTaskExecutorService
11:31:32.955 [FXGL Background Thread 3 ] DEBUG Engine               - class com.almasb.fxgl.io.FileSystemService
11:31:32.955 [FXGL Background Thread 3 ] DEBUG Engine               - class com.almasb.fxgl.localization.LocalizationService
11:31:32.955 [FXGL Background Thread 3 ] DEBUG Engine               - class com.almasb.fxgl.app.services.SystemBundleService
11:31:32.955 [FXGL Background Thread 3 ] DEBUG Engine               - class com.almasb.fxgl.profile.SaveLoadService
11:31:32.955 [FXGL Background Thread 3 ] DEBUG Engine               - class com.almasb.fxgl.ui.FXGLUIFactoryServiceProvider
11:31:32.955 [FXGL Background Thread 3 ] DEBUG Engine               - class com.almasb.fxgl.ui.FXGLDialogFactoryServiceProvider
11:31:32.955 [FXGL Background Thread 3 ] DEBUG Engine               - class com.almasb.fxgl.audio.AudioPlayer
11:31:32.955 [FXGL Background Thread 3 ] DEBUG Engine               - class com.almasb.fxgl.notification.impl.NotificationServiceProvider
11:31:32.955 [FXGL Background Thread 3 ] DEBUG Engine               - class com.almasb.fxgl.achievement.AchievementService
11:31:32.955 [FXGL Background Thread 3 ] DEBUG Engine               - class com.almasb.fxgl.cutscene.CutsceneService
11:31:32.956 [FXGL Background Thread 3 ] DEBUG Engine               - class com.almasb.fxgl.minigames.MiniGameService
11:31:32.956 [FXGL Background Thread 3 ] DEBUG Engine               - class com.almasb.fxgl.net.NetService
11:31:32.956 [FXGL Background Thread 3 ] DEBUG Engine               - class com.almasb.fxgl.app.services.UpdaterService
11:31:32.956 [FXGL Background Thread 3 ] DEBUG Engine               - class com.almasb.fxgl.dev.DevService
11:31:43.936 [JavaFX Application Thread] DEBUG PrimaryStageWindow   - Push state: DialogSubScene
11:31:43.936 [JavaFX Application Thread] DEBUG Input                - Clearing active input actions
11:31:43.937 [JavaFX Application Thread] DEBUG GameApplicationServi - Removing overlay from GameScene and adding to DialogSubScene
11:31:43.938 [JavaFX Application Thread] DEBUG PrimaryStageWindow   - GameScene -> DialogSubScene
11:31:45.456 [JavaFX Application Thread] DEBUG PrimaryStageWindow   - Pop state: DialogSubScene
11:31:45.457 [JavaFX Application Thread] DEBUG Input                - Clearing active input actions
11:31:45.457 [JavaFX Application Thread] DEBUG GameApplicationServi - Removing overlay from DialogSubScene and adding to GameScene
11:31:45.458 [JavaFX Application Thread] DEBUG PrimaryStageWindow   - GameScene <- DialogSubScene
11:31:45.458 [JavaFX Application Thread] DEBUG Input                - Clearing active input actions
11:31:45.462 [JavaFX Application Thread] DEBUG GameApplicationServi - Removing overlay from GameScene and adding to FXGLMainMenuDummyScene
11:31:45.463 [JavaFX Application Thread] DEBUG PrimaryStageWindow   - GameScene -> FXGLMainMenuDummyScene
11:31:45.463 [JavaFX Application Thread] DEBUG PrimaryStageWindow   - Push state: MainMenu
11:31:45.463 [JavaFX Application Thread] DEBUG Input                - Clearing active input actions
11:31:45.464 [JavaFX Application Thread] DEBUG GameApplicationServi - Removing overlay from FXGLMainMenuDummyScene and adding to MainMenu
11:31:45.464 [JavaFX Application Thread] DEBUG PrimaryStageWindow   - FXGLMainMenuDummyScene -> MainMenu
11:31:46.596 [JavaFX Application Thread] DEBUG Menu                 - fireExit()
11:31:46.598 [JavaFX Application Thread] DEBUG PrimaryStageWindow   - Push state: DialogSubScene
11:31:46.598 [JavaFX Application Thread] DEBUG Input                - Clearing active input actions
11:31:46.600 [JavaFX Application Thread] DEBUG GameApplicationServi - Removing overlay from MainMenu and adding to DialogSubScene
11:31:46.600 [JavaFX Application Thread] DEBUG PrimaryStageWindow   - MainMenu -> DialogSubScene
11:31:47.894 [JavaFX Application Thread] DEBUG PrimaryStageWindow   - Pop state: DialogSubScene
11:31:47.894 [JavaFX Application Thread] DEBUG Input                - Clearing active input actions
11:31:47.895 [JavaFX Application Thread] DEBUG GameApplicationServi - Removing overlay from DialogSubScene and adding to MainMenu
11:31:47.895 [JavaFX Application Thread] DEBUG PrimaryStageWindow   - MainMenu <- DialogSubScene
11:31:47.895 [JavaFX Application Thread] DEBUG FXGLApplication      - Exiting FXGL
11:31:47.895 [JavaFX Application Thread] DEBUG LoopRunner           - Stopping loop
11:31:47.895 [JavaFX Application Thread] DEBUG SystemBundleService  - Saving FXGL system data
11:31:47.897 [JavaFX Application Thread] DEBUG FileSystemAccess     - Writing to: /Users/leowong/IdeaProjects/SpaceX-Invader/system/fxgl.bundle
11:31:47.899 [JavaFX Application Thread] DEBUG Async                - Shutting down background threads
11:31:47.899 [JavaFX Application Thread] DEBUG PrimaryStageWindow   - Closing main window
11:31:47.909 [JavaFX Application Thread] DEBUG Logger               - Closing Logger
