10:33:55.847 [main                     ] DEBUG Logger               - Configured Logger
10:33:55.893 [main                     ] DEBUG GameApplication      - Logging settings
Title: SpaceX Invader
Version: 0.0
Width: 450
Height: 600
Fullscreen: false
Intro: false
Profiling: false
Single step:false
App Mode: DEVELOPER
Menu Key: ESCAPE
Stage Style: DECORATED
Scene Factory: class com.almasb.fxgl.app.scene.SceneFactory

10:33:56.407 [JavaFX Application Thread] DEBUG FXGLApplication      - Initializing FXGL
10:33:56.414 [JavaFX Application Thread] INFO  Engine               - FXGL-17.2 (20.08.2022 16.50) on MAC (J:17.0.3 FX:17.0.2-ea)
10:33:56.415 [JavaFX Application Thread] DEBUG Engine               - JRE Vendor Name: Eclipse Adoptium
10:33:56.415 [JavaFX Application Thread] DEBUG Engine               - Running on OS: Mac OS X version 13.1
10:33:56.416 [JavaFX Application Thread] DEBUG Engine               - Architecture: x86_64
10:33:56.416 [JavaFX Application Thread] INFO  Engine               - Source code and latest versions at: https://github.com/AlmasB/FXGL
10:33:56.416 [JavaFX Application Thread] INFO  Engine               -       Ask questions and discuss at: https://github.com/AlmasB/FXGL/discussions
10:33:56.416 [JavaFX Application Thread] INFO  Engine               -              Join the FXGL chat at: https://gitter.im/AlmasB/FXGL
10:33:56.532 [JavaFX Application Thread] DEBUG PrimaryStageWindow   - Creating a JavaFX scene
10:33:56.602 [JavaFX Application Thread] DEBUG PrimaryStageWindow   - Target settings size: 450.0 x 600.0
10:33:56.603 [JavaFX Application Thread] DEBUG PrimaryStageWindow   - Scaled scene size:    450.0 x 600.0
10:33:56.604 [JavaFX Application Thread] DEBUG PrimaryStageWindow   - Scaled ratio: (1.0, 1.0)
10:33:56.605 [JavaFX Application Thread] DEBUG PrimaryStageWindow   - Set initial scene to FXGLStartupScene
10:33:56.618 [JavaFX Application Thread] DEBUG PrimaryStageWindow   - Opening main window
10:33:56.753 [JavaFX Application Thread] DEBUG PrimaryStageWindow   - Window border size: (0.0, 28.0)
10:33:56.754 [JavaFX Application Thread] DEBUG PrimaryStageWindow   - Scaled size: 450.0 x 600.0
10:33:56.754 [JavaFX Application Thread] DEBUG PrimaryStageWindow   - Scaled ratio: (1.0, 1.0)
10:33:56.755 [JavaFX Application Thread] DEBUG PrimaryStageWindow   - Scene size: 450.0 x 600.0
10:33:56.755 [JavaFX Application Thread] DEBUG PrimaryStageWindow   - Stage size: 450.0 x 628.0
10:33:56.767 [FXGL Background Thread 1 ] DEBUG Engine               - Initializing environment variables
10:33:56.824 [FXGL Background Thread 1 ] DEBUG FXGLAssetLoaderServi - User app class for loading assets: class com.ood.spacexinvader.GameStart
10:33:56.824 [FXGL Background Thread 1 ] DEBUG GameApplicationServi - Applying CSS: fxgl_dark.css
10:33:56.825 [FXGL Background Thread 1 ] DEBUG FXGLAssetLoaderServi - Loading from file system: jar:file:///Users/leowong/.gradle/caches/modules-2/files-2.1/com.github.almasb/fxgl/17.2/35db6ae960eec2dcfd19262d3b7f9c42f0e95bc3/fxgl-17.2.jar!/fxglassets/ui/css/fxgl_dark.css
10:33:56.943 [FXGL Background Thread 1 ] DEBUG GameApplicationServi - Initializing application scenes
10:33:57.393 [FXGL Background Thread 1 ] DEBUG GameWorld            - Game world initialized
10:33:57.526 [FXGL Background Thread 1 ] DEBUG PhysicsWorld         - Physics world initialized: appHeight=600, physics.ppm=50.0
10:33:57.526 [FXGL Background Thread 1 ] DEBUG PhysicsWorld         - Using strategy: BRUTE_FORCE
10:33:57.531 [FXGL Background Thread 1 ] DEBUG GameScene            - Game scene initialized: 450x600
10:33:57.547 [FXGL Background Thread 1 ] WARN  FXGL.DefaultMenu     - FXGLDefaultMenu is not designed for resolutions < 800x600
10:33:57.547 [FXGL Background Thread 1 ] DEBUG FXGL.DefaultMenu     - createMenuBodyGameMenu()
10:33:57.572 [FXGL Background Thread 1 ] DEBUG FXGL.DefaultMenu     - createOptionsMenu()
10:33:57.593 [FXGL Background Thread 1 ] DEBUG FXGLAssetLoaderServi - Loading from file system: jar:file:///Users/leowong/.gradle/caches/modules-2/files-2.1/com.github.almasb/fxgl/17.2/35db6ae960eec2dcfd19262d3b7f9c42f0e95bc3/fxgl-17.2.jar!/fxglassets/textures/particles/smoke.png
10:33:57.722 [FXGL Background Thread 1 ] DEBUG FXGLAssetLoaderServi - Loading from file system: jar:file:///Users/leowong/.gradle/caches/modules-2/files-2.1/com.github.almasb/fxgl/17.2/35db6ae960eec2dcfd19262d3b7f9c42f0e95bc3/fxgl-17.2.jar!/fxglassets/textures/particles/trace_horizontal.png
10:33:57.752 [FXGL Background Thread 1 ] DEBUG GameApplicationServi - Application scenes initialized
10:33:57.772 [FXGL Background Thread 1 ] DEBUG SystemBundleService  - Loading FXGL system data
10:33:57.788 [FXGL Background Thread 1 ] DEBUG FileSystemAccess     - Reading from: /Users/leowong/IdeaProjects/SpaceX-Invader/system/fxgl.bundle
10:33:57.798 [FXGL Background Thread 1 ] DEBUG SystemBundleService  - Bundle FXGL: {}
10:33:57.799 [FXGL Background Thread 1 ] DEBUG UpdaterService       - Checking for updates
10:33:57.803 [FXGL Background Thread 4 ] DEBUG FXGLApplication      - Loading fonts
10:33:57.803 [FXGL Background Thread 1 ] DEBUG FXGLApplication      - Loading default localization
10:33:57.804 [FXGL Background Thread 1 ] DEBUG FXGLAssetLoaderServi - Loading from file system: jar:file:///Users/leowong/.gradle/caches/modules-2/files-2.1/com.github.almasb/fxgl/17.2/35db6ae960eec2dcfd19262d3b7f9c42f0e95bc3/fxgl-17.2.jar!/fxglassets/languages/english.lang
10:33:57.804 [FXGL Background Thread 4 ] DEBUG FXGLAssetLoaderServi - Loading from file system: jar:file:///Users/leowong/.gradle/caches/modules-2/files-2.1/com.github.almasb/fxgl/17.2/35db6ae960eec2dcfd19262d3b7f9c42f0e95bc3/fxgl-17.2.jar!/fxglassets/ui/fonts/VarelaRound-Regular.ttf
10:33:57.819 [FXGL Background Thread 4 ] DEBUG FXGLAssetLoaderServi - Loading from file system: jar:file:///Users/leowong/.gradle/caches/modules-2/files-2.1/com.github.almasb/fxgl/17.2/35db6ae960eec2dcfd19262d3b7f9c42f0e95bc3/fxgl-17.2.jar!/fxglassets/ui/fonts/Abel-Regular.ttf
10:33:57.823 [FXGL Background Thread 1 ] INFO  FXGLApplication      - FXGL initialization took: 1.055 sec
10:33:57.824 [JavaFX Application Thread] DEBUG FXGLAssetLoaderServi - Loading from file system: jar:file:///Users/leowong/IdeaProjects/SpaceX-Invader/build/libs/SpaceX-Invader-1.0-SNAPSHOT.jar!/assets/textures/icon/spacex-invader-favicon-black.png
10:33:57.825 [FXGL Background Thread 4 ] DEBUG FXGLAssetLoaderServi - Loading from file system: jar:file:///Users/leowong/.gradle/caches/modules-2/files-2.1/com.github.almasb/fxgl/17.2/35db6ae960eec2dcfd19262d3b7f9c42f0e95bc3/fxgl-17.2.jar!/fxglassets/ui/fonts/TerminalLandMono-Regular.otf
10:33:57.829 [FXGL Background Thread 4 ] DEBUG FXGLAssetLoaderServi - Loading from file system: jar:file:///Users/leowong/.gradle/caches/modules-2/files-2.1/com.github.almasb/fxgl/17.2/35db6ae960eec2dcfd19262d3b7f9c42f0e95bc3/fxgl-17.2.jar!/fxglassets/ui/fonts/Courier-Prime.ttf
10:33:57.843 [JavaFX Application Thread] DEBUG FXGLAssetLoaderServi - Loading from file system: jar:file:///Users/leowong/.gradle/caches/modules-2/files-2.1/com.github.almasb/fxgl/17.2/35db6ae960eec2dcfd19262d3b7f9c42f0e95bc3/fxgl-17.2.jar!/fxglassets/textures/fxgl_default_cursor.png
10:33:57.857 [JavaFX Application Thread] DEBUG Input                - Registered new binding: Screenshot - CTRL+8
10:33:57.857 [JavaFX Application Thread] DEBUG Input                - Registered new binding: System info dump - CTRL+9
10:33:57.858 [JavaFX Application Thread] DEBUG Input                - Registered new binding: Restart - CTRL+R
10:33:57.858 [JavaFX Application Thread] DEBUG Input                - Registered new binding: Toggle Debug Camera - CTRL+7
10:33:57.861 [JavaFX Application Thread] DEBUG LoopRunner           - Starting loop
10:33:57.861 [JavaFX Application Thread] DEBUG LoopRunner           - Initializing JavaFX AnimationTimerLoop
10:33:57.862 [JavaFX Application Thread] DEBUG GameApplicationServi - Starting new game
10:33:57.863 [JavaFX Application Thread] DEBUG Input                - Clearing active input actions
10:33:57.874 [JavaFX Application Thread] DEBUG GameApplicationServi - Removing overlay from FXGLStartupScene and adding to FXGLLoadingScene
10:33:57.874 [JavaFX Application Thread] DEBUG PrimaryStageWindow   - FXGLStartupScene -> FXGLLoadingScene
10:33:57.874 [JavaFX Application Thread] DEBUG GameApplicationServi - Clearing previous game
10:33:57.874 [JavaFX Application Thread] DEBUG GameScene            - Clearing game scene
10:33:57.875 [JavaFX Application Thread] DEBUG GameWorld            - Clearing game world
10:33:57.875 [JavaFX Application Thread] DEBUG PhysicsWorld         - Clearing physics world
10:33:57.876 [FXGL Background Thread 4 ] DEBUG FXGLApplication      - Initializing game
10:33:57.879 [FXGL Background Thread 4 ] DEBUG FXGLAssetLoaderServi - Loading from file system: jar:file:///Users/leowong/IdeaProjects/SpaceX-Invader/build/libs/SpaceX-Invader-1.0-SNAPSHOT.jar!/assets/textures/SpaceX.png
10:33:57.931 [JavaFX Application Thread] DEBUG FXGLApplication      - Registering font factories with UI factory
10:33:58.011 [FXGL Background Thread 4 ] INFO  FXGLApplication      - Game initialization took: 0.135 sec
10:33:58.080 [JavaFX Application Thread] DEBUG Input                - Clearing active input actions
10:33:58.089 [JavaFX Application Thread] DEBUG GameApplicationServi - Removing overlay from FXGLLoadingScene and adding to GameScene
10:33:58.090 [JavaFX Application Thread] DEBUG PrimaryStageWindow   - FXGLLoadingScene -> GameScene
10:34:00.805 [FXGL Background Thread 3 ] DEBUG Engine               - Logging environment variables
10:34:00.808 [FXGL Background Thread 3 ] DEBUG Engine               - achievements: []
10:34:00.808 [FXGL Background Thread 3 ] DEBUG Engine               - actualHeight: 600.0
10:34:00.809 [FXGL Background Thread 3 ] DEBUG Engine               - actualHeightProperty: ReadOnlyDoubleProperty [value: 600.0]
10:34:00.809 [FXGL Background Thread 3 ] DEBUG Engine               - actualWidth: 450.0
10:34:00.810 [FXGL Background Thread 3 ] DEBUG Engine               - actualWidthProperty: ReadOnlyDoubleProperty [value: 450.0]
10:34:00.810 [FXGL Background Thread 3 ] DEBUG Engine               - appIcon: icon/spacex-invader-favicon-black.png
10:34:00.810 [FXGL Background Thread 3 ] DEBUG Engine               - applicationMode: DEVELOPER
10:34:00.810 [FXGL Background Thread 3 ] DEBUG Engine               - cSSList: [fxgl_dark.css]
10:34:00.811 [FXGL Background Thread 3 ] DEBUG Engine               - collisionDetectionStrategy: BRUTE_FORCE
10:34:00.811 [FXGL Background Thread 3 ] DEBUG Engine               - configClass: Optional.empty
10:34:00.811 [FXGL Background Thread 3 ] DEBUG Engine               - credits: []
10:34:00.812 [FXGL Background Thread 3 ] DEBUG Engine               - defaultCursor: CursorInfo(imageName=fxgl_default_cursor.png, hotspotX=7.0, hotspotY=6.0)
10:34:00.813 [FXGL Background Thread 3 ] DEBUG Engine               - devBBoxColorProperty: ObjectProperty [value: 0xff0000ff]
10:34:00.814 [FXGL Background Thread 3 ] DEBUG Engine               - devEnableDebugCameraProperty: BooleanProperty [value: false]
10:34:00.814 [FXGL Background Thread 3 ] DEBUG Engine               - devSensorColorProperty: ObjectProperty [value: 0xffff00ff]
10:34:00.815 [FXGL Background Thread 3 ] DEBUG Engine               - devShowBBoxProperty: BooleanProperty [value: false]
10:34:00.815 [FXGL Background Thread 3 ] DEBUG Engine               - devShowPositionProperty: BooleanProperty [value: false]
10:34:00.815 [FXGL Background Thread 3 ] DEBUG Engine               - enabledMenuItems: []
10:34:00.816 [FXGL Background Thread 3 ] DEBUG Engine               - engineServices: [class com.almasb.fxgl.app.services.FXGLAssetLoaderService, class com.almasb.fxgl.app.FXGLApplication$GameApplicationService, class com.almasb.fxgl.app.services.FXGLDialogService, class com.almasb.fxgl.app.services.IOTaskExecutorService, class com.almasb.fxgl.io.FileSystemService, class com.almasb.fxgl.localization.LocalizationService, class com.almasb.fxgl.app.services.SystemBundleService, class com.almasb.fxgl.profile.SaveLoadService, class com.almasb.fxgl.ui.FXGLUIFactoryServiceProvider, class com.almasb.fxgl.ui.FXGLDialogFactoryServiceProvider, class com.almasb.fxgl.audio.AudioPlayer, class com.almasb.fxgl.notification.impl.NotificationServiceProvider, class com.almasb.fxgl.achievement.AchievementService, class com.almasb.fxgl.cutscene.CutsceneService, class com.almasb.fxgl.minigames.MiniGameService, class com.almasb.fxgl.net.NetService, class com.almasb.fxgl.app.services.UpdaterService, class com.almasb.fxgl.dev.DevService]
10:34:00.816 [FXGL Background Thread 3 ] DEBUG Engine               - fontGame: Abel-Regular.ttf
10:34:00.817 [FXGL Background Thread 3 ] DEBUG Engine               - fontMono: TerminalLandMono-Regular.otf
10:34:00.818 [FXGL Background Thread 3 ] DEBUG Engine               - fontText: Courier-Prime.ttf
10:34:00.818 [FXGL Background Thread 3 ] DEBUG Engine               - fontUI: VarelaRound-Regular.ttf
10:34:00.818 [FXGL Background Thread 3 ] DEBUG Engine               - fullScreen: BooleanProperty [value: false]
10:34:00.818 [FXGL Background Thread 3 ] DEBUG Engine               - gameDifficulty: MEDIUM
10:34:00.819 [FXGL Background Thread 3 ] DEBUG Engine               - gameDifficultyProperty: ObjectProperty [value: MEDIUM]
10:34:00.819 [FXGL Background Thread 3 ] DEBUG Engine               - globalMusicVolume: 0.5
10:34:00.819 [FXGL Background Thread 3 ] DEBUG Engine               - globalMusicVolumeProperty: DoubleProperty [value: 0.5]
10:34:00.820 [FXGL Background Thread 3 ] DEBUG Engine               - globalSoundVolume: 0.5
10:34:00.820 [FXGL Background Thread 3 ] DEBUG Engine               - globalSoundVolumeProperty: DoubleProperty [value: 0.5]
10:34:00.820 [FXGL Background Thread 3 ] DEBUG Engine               - height: 600
10:34:00.820 [FXGL Background Thread 3 ] DEBUG Engine               - is3D: false
10:34:00.820 [FXGL Background Thread 3 ] DEBUG Engine               - isAndroid: false
10:34:00.821 [FXGL Background Thread 3 ] DEBUG Engine               - isBrowser: false
10:34:00.821 [FXGL Background Thread 3 ] DEBUG Engine               - isClickFeedbackEnabled: false
10:34:00.821 [FXGL Background Thread 3 ] DEBUG Engine               - isCloseConfirmation: false
10:34:00.822 [FXGL Background Thread 3 ] DEBUG Engine               - isDesktop: true
10:34:00.822 [FXGL Background Thread 3 ] DEBUG Engine               - isDeveloperMenuEnabled: false
10:34:00.822 [FXGL Background Thread 3 ] DEBUG Engine               - isEmbedded: false
10:34:00.822 [FXGL Background Thread 3 ] DEBUG Engine               - isEntityPreloadEnabled: true
10:34:00.822 [FXGL Background Thread 3 ] DEBUG Engine               - isExperimentalTiledLargeMap: false
10:34:00.822 [FXGL Background Thread 3 ] DEBUG Engine               - isFileSystemWriteAllowed: true
10:34:00.822 [FXGL Background Thread 3 ] DEBUG Engine               - isFullScreenAllowed: false
10:34:00.823 [FXGL Background Thread 3 ] DEBUG Engine               - isFullScreenFromStart: false
10:34:00.823 [FXGL Background Thread 3 ] DEBUG Engine               - isGameMenuEnabled: true
10:34:00.823 [FXGL Background Thread 3 ] DEBUG Engine               - isIOS: false
10:34:00.823 [FXGL Background Thread 3 ] DEBUG Engine               - isIntroEnabled: false
10:34:00.823 [FXGL Background Thread 3 ] DEBUG Engine               - isLinux: false
10:34:00.824 [FXGL Background Thread 3 ] DEBUG Engine               - isMac: true
10:34:00.824 [FXGL Background Thread 3 ] DEBUG Engine               - isMainMenuEnabled: false
10:34:00.824 [FXGL Background Thread 3 ] DEBUG Engine               - isManualResizeEnabled: false
10:34:00.824 [FXGL Background Thread 3 ] DEBUG Engine               - isMobile: false
10:34:00.824 [FXGL Background Thread 3 ] DEBUG Engine               - isNative: false
10:34:00.824 [FXGL Background Thread 3 ] DEBUG Engine               - isPauseMusicWhenMinimized: true
10:34:00.824 [FXGL Background Thread 3 ] DEBUG Engine               - isPreserveResizeRatio: false
10:34:00.824 [FXGL Background Thread 3 ] DEBUG Engine               - isProfilingEnabled: false
10:34:00.825 [FXGL Background Thread 3 ] DEBUG Engine               - isScaleAffectedOnResize: true
10:34:00.825 [FXGL Background Thread 3 ] DEBUG Engine               - isSingleStep: false
10:34:00.825 [FXGL Background Thread 3 ] DEBUG Engine               - isUserProfileEnabled: false
10:34:00.825 [FXGL Background Thread 3 ] DEBUG Engine               - isWindows: false
10:34:00.825 [FXGL Background Thread 3 ] DEBUG Engine               - language: ObjectProperty [value: ENGLISH]
10:34:00.825 [FXGL Background Thread 3 ] DEBUG Engine               - menuKey: ESCAPE
10:34:00.825 [FXGL Background Thread 3 ] DEBUG Engine               - mouseSensitivity: 0.2
10:34:00.826 [FXGL Background Thread 3 ] DEBUG Engine               - notificationViewClass: class com.almasb.fxgl.notification.view.XboxNotificationView
10:34:00.826 [FXGL Background Thread 3 ] DEBUG Engine               - pixelsPerMeter: 50.0
10:34:00.826 [FXGL Background Thread 3 ] DEBUG Engine               - platform: MAC
10:34:00.826 [FXGL Background Thread 3 ] DEBUG Engine               - prefHeightProperty: ReadOnlyDoubleProperty [value: 600.0]
10:34:00.826 [FXGL Background Thread 3 ] DEBUG Engine               - prefWidthProperty: ReadOnlyDoubleProperty [value: 450.0]
10:34:00.826 [FXGL Background Thread 3 ] DEBUG Engine               - profileDir: profiles/
10:34:00.827 [FXGL Background Thread 3 ] DEBUG Engine               - profileName: StringProperty [value: DEFAULT]
10:34:00.827 [FXGL Background Thread 3 ] DEBUG Engine               - randomSeed: -1
10:34:00.827 [FXGL Background Thread 3 ] DEBUG Engine               - runtimeInfo: RuntimeInfo(platform=MAC, version=17.2, build=20.08.2022 16.50)
10:34:00.828 [FXGL Background Thread 3 ] DEBUG Engine               - saveFileExt: sav
10:34:00.828 [FXGL Background Thread 3 ] DEBUG Engine               - scaledHeightProp$fxgl: DoubleProperty [bound, value: 600.0]
10:34:00.828 [FXGL Background Thread 3 ] DEBUG Engine               - scaledWidthProp$fxgl: DoubleProperty [bound, value: 450.0]
10:34:00.829 [FXGL Background Thread 3 ] DEBUG Engine               - sceneFactory: com.almasb.fxgl.app.scene.SceneFactory@66386b23
10:34:00.829 [FXGL Background Thread 3 ] DEBUG Engine               - secondsIn24h: 60
10:34:00.829 [FXGL Background Thread 3 ] DEBUG Engine               - soundMenuBack: menu/back.wav
10:34:00.829 [FXGL Background Thread 3 ] DEBUG Engine               - soundMenuPress: menu/press.wav
10:34:00.829 [FXGL Background Thread 3 ] DEBUG Engine               - soundMenuSelect: menu/select.wav
10:34:00.830 [FXGL Background Thread 3 ] DEBUG Engine               - soundNotification: core/notification.wav
10:34:00.830 [FXGL Background Thread 3 ] DEBUG Engine               - stageStyle: DECORATED
10:34:00.830 [FXGL Background Thread 3 ] DEBUG Engine               - supportedLanguages: [ENGLISH, FRENCH, GERMAN, HUNGARIAN, RUSSIAN]
10:34:00.830 [FXGL Background Thread 3 ] DEBUG Engine               - ticksPerSecond: -1
10:34:00.830 [FXGL Background Thread 3 ] DEBUG Engine               - title: SpaceX Invader
10:34:00.831 [FXGL Background Thread 3 ] DEBUG Engine               - urlGithub: https://github.com/AlmasB/FXGL
10:34:00.831 [FXGL Background Thread 3 ] DEBUG Engine               - urlLeaderboard: http://fxgl-top.herokuapp.com/
10:34:00.831 [FXGL Background Thread 3 ] DEBUG Engine               - urlPOM: https://raw.githubusercontent.com/AlmasB/FXGL/release/README.md
10:34:00.831 [FXGL Background Thread 3 ] DEBUG Engine               - userAppClass: class com.ood.spacexinvader.GameStart
10:34:00.831 [FXGL Background Thread 3 ] DEBUG Engine               - version: 0.0
10:34:00.831 [FXGL Background Thread 3 ] DEBUG Engine               - versionCheckDays: 7
10:34:00.831 [FXGL Background Thread 3 ] DEBUG Engine               - width: 450
10:34:00.832 [FXGL Background Thread 3 ] DEBUG Engine               - Logging services
10:34:00.832 [FXGL Background Thread 3 ] DEBUG Engine               - class com.almasb.fxgl.app.services.FXGLAssetLoaderService
10:34:00.832 [FXGL Background Thread 3 ] DEBUG Engine               - class com.almasb.fxgl.app.FXGLApplication$GameApplicationService
10:34:00.832 [FXGL Background Thread 3 ] DEBUG Engine               - class com.almasb.fxgl.app.services.FXGLDialogService
10:34:00.832 [FXGL Background Thread 3 ] DEBUG Engine               - class com.almasb.fxgl.app.services.IOTaskExecutorService
10:34:00.832 [FXGL Background Thread 3 ] DEBUG Engine               - class com.almasb.fxgl.io.FileSystemService
10:34:00.833 [FXGL Background Thread 3 ] DEBUG Engine               - class com.almasb.fxgl.localization.LocalizationService
10:34:00.833 [FXGL Background Thread 3 ] DEBUG Engine               - class com.almasb.fxgl.app.services.SystemBundleService
10:34:00.833 [FXGL Background Thread 3 ] DEBUG Engine               - class com.almasb.fxgl.profile.SaveLoadService
10:34:00.833 [FXGL Background Thread 3 ] DEBUG Engine               - class com.almasb.fxgl.ui.FXGLUIFactoryServiceProvider
10:34:00.833 [FXGL Background Thread 3 ] DEBUG Engine               - class com.almasb.fxgl.ui.FXGLDialogFactoryServiceProvider
10:34:00.833 [FXGL Background Thread 3 ] DEBUG Engine               - class com.almasb.fxgl.audio.AudioPlayer
10:34:00.833 [FXGL Background Thread 3 ] DEBUG Engine               - class com.almasb.fxgl.notification.impl.NotificationServiceProvider
10:34:00.833 [FXGL Background Thread 3 ] DEBUG Engine               - class com.almasb.fxgl.achievement.AchievementService
10:34:00.833 [FXGL Background Thread 3 ] DEBUG Engine               - class com.almasb.fxgl.cutscene.CutsceneService
10:34:00.833 [FXGL Background Thread 3 ] DEBUG Engine               - class com.almasb.fxgl.minigames.MiniGameService
10:34:00.834 [FXGL Background Thread 3 ] DEBUG Engine               - class com.almasb.fxgl.net.NetService
10:34:00.834 [FXGL Background Thread 3 ] DEBUG Engine               - class com.almasb.fxgl.app.services.UpdaterService
10:34:00.834 [FXGL Background Thread 3 ] DEBUG Engine               - class com.almasb.fxgl.dev.DevService
10:34:01.576 [JavaFX Application Thread] DEBUG FXGLApplication      - Exiting FXGL
10:34:01.577 [JavaFX Application Thread] DEBUG LoopRunner           - Stopping loop
10:34:01.577 [JavaFX Application Thread] DEBUG SystemBundleService  - Saving FXGL system data
10:34:01.580 [JavaFX Application Thread] DEBUG FileSystemAccess     - Writing to: /Users/leowong/IdeaProjects/SpaceX-Invader/system/fxgl.bundle
10:34:01.583 [JavaFX Application Thread] DEBUG Async                - Shutting down background threads
10:34:01.583 [JavaFX Application Thread] DEBUG PrimaryStageWindow   - Closing main window
10:34:01.598 [JavaFX Application Thread] DEBUG Logger               - Closing Logger
