16:02:58.485 [main                     ] DEBUG Logger               - Configured Logger
16:02:58.521 [main                     ] DEBUG GameApplication      - Logging settings
Title: SpaceX Invader
Version: 0.0
Width: 450
Height: 600
Fullscreen: false
Intro: false
Profiling: false
Single step:false
App Mode: DEVELOPER
Menu Key: ESCAPE
Stage Style: DECORATED
Scene Factory: class com.almasb.fxgl.app.scene.SceneFactory

16:02:59.153 [JavaFX Application Thread] DEBUG FXGLApplication      - Initializing FXGL
16:02:59.161 [JavaFX Application Thread] INFO  Engine               - FXGL-17.2 (20.08.2022 16.50) on MAC (J:17.0.3 FX:17.0.2-ea)
16:02:59.161 [JavaFX Application Thread] DEBUG Engine               - JRE Vendor Name: Eclipse Adoptium
16:02:59.162 [JavaFX Application Thread] DEBUG Engine               - Running on OS: Mac OS X version 13.1
16:02:59.162 [JavaFX Application Thread] DEBUG Engine               - Architecture: x86_64
16:02:59.162 [JavaFX Application Thread] INFO  Engine               - Source code and latest versions at: https://github.com/AlmasB/FXGL
16:02:59.162 [JavaFX Application Thread] INFO  Engine               -       Ask questions and discuss at: https://github.com/AlmasB/FXGL/discussions
16:02:59.162 [JavaFX Application Thread] INFO  Engine               -              Join the FXGL chat at: https://gitter.im/AlmasB/FXGL
16:02:59.382 [JavaFX Application Thread] DEBUG PrimaryStageWindow   - Creating a JavaFX scene
16:02:59.468 [JavaFX Application Thread] DEBUG PrimaryStageWindow   - Target settings size: 450.0 x 600.0
16:02:59.469 [JavaFX Application Thread] DEBUG PrimaryStageWindow   - Scaled scene size:    450.0 x 600.0
16:02:59.469 [JavaFX Application Thread] DEBUG PrimaryStageWindow   - Scaled ratio: (1.0, 1.0)
16:02:59.471 [JavaFX Application Thread] DEBUG PrimaryStageWindow   - Set initial scene to FXGLStartupScene
16:02:59.485 [JavaFX Application Thread] DEBUG PrimaryStageWindow   - Opening main window
16:02:59.631 [JavaFX Application Thread] DEBUG PrimaryStageWindow   - Window border size: (0.0, 28.0)
16:02:59.631 [JavaFX Application Thread] DEBUG PrimaryStageWindow   - Scaled size: 450.0 x 600.0
16:02:59.632 [JavaFX Application Thread] DEBUG PrimaryStageWindow   - Scaled ratio: (1.0, 1.0)
16:02:59.632 [JavaFX Application Thread] DEBUG PrimaryStageWindow   - Scene size: 450.0 x 600.0
16:02:59.633 [JavaFX Application Thread] DEBUG PrimaryStageWindow   - Stage size: 450.0 x 628.0
16:02:59.643 [FXGL Background Thread 1 ] DEBUG Engine               - Initializing environment variables
16:02:59.754 [FXGL Background Thread 1 ] DEBUG FXGLAssetLoaderServi - User app class for loading assets: class com.ood.spacexinvader.GameStart
16:02:59.754 [FXGL Background Thread 1 ] DEBUG GameApplicationServi - Applying CSS: fxgl_dark.css
16:02:59.756 [FXGL Background Thread 1 ] DEBUG FXGLAssetLoaderServi - Loading from file system: jar:file:///Users/leowong/.gradle/caches/modules-2/files-2.1/com.github.almasb/fxgl/17.2/35db6ae960eec2dcfd19262d3b7f9c42f0e95bc3/fxgl-17.2.jar!/fxglassets/ui/css/fxgl_dark.css
16:02:59.893 [FXGL Background Thread 1 ] DEBUG GameApplicationServi - Initializing application scenes
16:03:00.311 [FXGL Background Thread 1 ] DEBUG GameWorld            - Game world initialized
16:03:00.386 [FXGL Background Thread 1 ] DEBUG PhysicsWorld         - Physics world initialized: appHeight=600, physics.ppm=50.0
16:03:00.387 [FXGL Background Thread 1 ] DEBUG PhysicsWorld         - Using strategy: BRUTE_FORCE
16:03:00.391 [FXGL Background Thread 1 ] DEBUG GameScene            - Game scene initialized: 450x600
16:03:00.406 [FXGL Background Thread 1 ] WARN  FXGL.DefaultMenu     - FXGLDefaultMenu is not designed for resolutions < 800x600
16:03:00.406 [FXGL Background Thread 1 ] DEBUG FXGL.DefaultMenu     - createMenuBodyGameMenu()
16:03:00.432 [FXGL Background Thread 1 ] DEBUG FXGL.DefaultMenu     - createOptionsMenu()
16:03:00.447 [FXGL Background Thread 1 ] DEBUG FXGLAssetLoaderServi - Loading from file system: jar:file:///Users/leowong/.gradle/caches/modules-2/files-2.1/com.github.almasb/fxgl/17.2/35db6ae960eec2dcfd19262d3b7f9c42f0e95bc3/fxgl-17.2.jar!/fxglassets/textures/particles/smoke.png
16:03:00.566 [FXGL Background Thread 1 ] DEBUG FXGLAssetLoaderServi - Loading from file system: jar:file:///Users/leowong/.gradle/caches/modules-2/files-2.1/com.github.almasb/fxgl/17.2/35db6ae960eec2dcfd19262d3b7f9c42f0e95bc3/fxgl-17.2.jar!/fxglassets/textures/particles/trace_horizontal.png
16:03:00.604 [FXGL Background Thread 1 ] DEBUG GameApplicationServi - Application scenes initialized
16:03:00.630 [FXGL Background Thread 1 ] DEBUG SystemBundleService  - Loading FXGL system data
16:03:00.637 [FXGL Background Thread 1 ] DEBUG FileSystemAccess     - Reading from: /Users/leowong/IdeaProjects/SpaceX-Invader/system/fxgl.bundle
16:03:00.647 [FXGL Background Thread 1 ] DEBUG SystemBundleService  - Bundle FXGL: {}
16:03:00.647 [FXGL Background Thread 1 ] DEBUG UpdaterService       - Checking for updates
16:03:00.652 [FXGL Background Thread 4 ] DEBUG FXGLApplication      - Loading fonts
16:03:00.652 [FXGL Background Thread 4 ] DEBUG FXGLAssetLoaderServi - Loading from file system: jar:file:///Users/leowong/.gradle/caches/modules-2/files-2.1/com.github.almasb/fxgl/17.2/35db6ae960eec2dcfd19262d3b7f9c42f0e95bc3/fxgl-17.2.jar!/fxglassets/ui/fonts/VarelaRound-Regular.ttf
16:03:00.652 [FXGL Background Thread 1 ] DEBUG FXGLApplication      - Loading default localization
16:03:00.653 [FXGL Background Thread 1 ] DEBUG FXGLAssetLoaderServi - Loading from file system: jar:file:///Users/leowong/.gradle/caches/modules-2/files-2.1/com.github.almasb/fxgl/17.2/35db6ae960eec2dcfd19262d3b7f9c42f0e95bc3/fxgl-17.2.jar!/fxglassets/languages/english.lang
16:03:00.668 [FXGL Background Thread 4 ] DEBUG FXGLAssetLoaderServi - Loading from file system: jar:file:///Users/leowong/.gradle/caches/modules-2/files-2.1/com.github.almasb/fxgl/17.2/35db6ae960eec2dcfd19262d3b7f9c42f0e95bc3/fxgl-17.2.jar!/fxglassets/ui/fonts/Abel-Regular.ttf
16:03:00.673 [FXGL Background Thread 4 ] DEBUG FXGLAssetLoaderServi - Loading from file system: jar:file:///Users/leowong/.gradle/caches/modules-2/files-2.1/com.github.almasb/fxgl/17.2/35db6ae960eec2dcfd19262d3b7f9c42f0e95bc3/fxgl-17.2.jar!/fxglassets/ui/fonts/TerminalLandMono-Regular.otf
16:03:00.677 [FXGL Background Thread 1 ] INFO  FXGLApplication      - FXGL initialization took: 1.034 sec
16:03:00.678 [JavaFX Application Thread] DEBUG FXGLAssetLoaderServi - Loading from file system: jar:file:///Users/leowong/.gradle/caches/modules-2/files-2.1/com.github.almasb/fxgl/17.2/35db6ae960eec2dcfd19262d3b7f9c42f0e95bc3/fxgl-17.2.jar!/fxglassets/textures/fxgl_icon.png
16:03:00.680 [FXGL Background Thread 4 ] DEBUG FXGLAssetLoaderServi - Loading from file system: jar:file:///Users/leowong/.gradle/caches/modules-2/files-2.1/com.github.almasb/fxgl/17.2/35db6ae960eec2dcfd19262d3b7f9c42f0e95bc3/fxgl-17.2.jar!/fxglassets/ui/fonts/Courier-Prime.ttf
16:03:00.722 [JavaFX Application Thread] DEBUG FXGLAssetLoaderServi - Loading from file system: jar:file:///Users/leowong/.gradle/caches/modules-2/files-2.1/com.github.almasb/fxgl/17.2/35db6ae960eec2dcfd19262d3b7f9c42f0e95bc3/fxgl-17.2.jar!/fxglassets/textures/fxgl_default_cursor.png
16:03:00.738 [JavaFX Application Thread] DEBUG Input                - Registered new binding: Screenshot - CTRL+8
16:03:00.739 [JavaFX Application Thread] DEBUG Input                - Registered new binding: System info dump - CTRL+9
16:03:00.739 [JavaFX Application Thread] DEBUG Input                - Registered new binding: Restart - CTRL+R
16:03:00.740 [JavaFX Application Thread] DEBUG Input                - Registered new binding: Toggle Debug Camera - CTRL+7
16:03:00.742 [JavaFX Application Thread] DEBUG LoopRunner           - Starting loop
16:03:00.743 [JavaFX Application Thread] DEBUG LoopRunner           - Initializing JavaFX AnimationTimerLoop
16:03:00.744 [JavaFX Application Thread] DEBUG GameApplicationServi - Starting new game
16:03:00.745 [JavaFX Application Thread] DEBUG Input                - Clearing active input actions
16:03:00.760 [JavaFX Application Thread] DEBUG GameApplicationServi - Removing overlay from FXGLStartupScene and adding to FXGLLoadingScene
16:03:00.760 [JavaFX Application Thread] DEBUG PrimaryStageWindow   - FXGLStartupScene -> FXGLLoadingScene
16:03:00.761 [JavaFX Application Thread] DEBUG GameApplicationServi - Clearing previous game
16:03:00.761 [JavaFX Application Thread] DEBUG GameScene            - Clearing game scene
16:03:00.761 [JavaFX Application Thread] DEBUG GameWorld            - Clearing game world
16:03:00.761 [JavaFX Application Thread] DEBUG PhysicsWorld         - Clearing physics world
16:03:00.764 [FXGL Background Thread 4 ] DEBUG FXGLApplication      - Initializing game
16:03:00.766 [FXGL Background Thread 4 ] INFO  FXGLApplication      - Game initialization took: 0.001 sec
16:03:00.833 [JavaFX Application Thread] DEBUG FXGLApplication      - Registering font factories with UI factory
16:03:00.840 [JavaFX Application Thread] DEBUG Input                - Clearing active input actions
16:03:00.849 [JavaFX Application Thread] DEBUG GameApplicationServi - Removing overlay from FXGLLoadingScene and adding to GameScene
16:03:00.850 [JavaFX Application Thread] DEBUG PrimaryStageWindow   - FXGLLoadingScene -> GameScene
16:03:03.059 [JavaFX Application Thread] DEBUG FXGLApplication      - Exiting FXGL
16:03:03.059 [JavaFX Application Thread] DEBUG LoopRunner           - Stopping loop
16:03:03.059 [JavaFX Application Thread] DEBUG SystemBundleService  - Saving FXGL system data
16:03:03.062 [JavaFX Application Thread] DEBUG FileSystemAccess     - Writing to: /Users/leowong/IdeaProjects/SpaceX-Invader/system/fxgl.bundle
16:03:03.065 [JavaFX Application Thread] DEBUG Async                - Shutting down background threads
16:03:03.066 [JavaFX Application Thread] DEBUG PrimaryStageWindow   - Closing main window
16:03:03.077 [JavaFX Application Thread] DEBUG Logger               - Closing Logger
