15:59:18.440 [main                     ] DEBUG Logger               - Configured Logger
15:59:18.485 [main                     ] DEBUG GameApplication      - Logging settings
Title: SpaceX Invader
Version: 0.0
Width: 450
Height: 600
Fullscreen: false
Intro: false
Profiling: false
Single step:false
App Mode: DEVELOPER
Menu Key: ESCAPE
Stage Style: DECORATED
Scene Factory: class com.ood.spacexinvader.GameStart$1

15:59:18.991 [JavaFX Application Thread] DEBUG FXGLApplication      - Initializing FXGL
15:59:18.998 [JavaFX Application Thread] INFO  Engine               - FXGL-17.2 (20.08.2022 16.50) on MAC (J:17.0.3 FX:17.0.2-ea)
15:59:18.998 [JavaFX Application Thread] DEBUG Engine               - JRE Vendor Name: Eclipse Adoptium
15:59:18.999 [JavaFX Application Thread] DEBUG Engine               - Running on OS: Mac OS X version 13.1
15:59:18.999 [JavaFX Application Thread] DEBUG Engine               - Architecture: x86_64
15:59:18.999 [JavaFX Application Thread] INFO  Engine               - Source code and latest versions at: https://github.com/AlmasB/FXGL
15:59:18.999 [JavaFX Application Thread] INFO  Engine               -       Ask questions and discuss at: https://github.com/AlmasB/FXGL/discussions
15:59:19.000 [JavaFX Application Thread] INFO  Engine               -              Join the FXGL chat at: https://gitter.im/AlmasB/FXGL
15:59:19.106 [JavaFX Application Thread] DEBUG PrimaryStageWindow   - Creating a JavaFX scene
15:59:19.168 [JavaFX Application Thread] DEBUG PrimaryStageWindow   - Target settings size: 450.0 x 600.0
15:59:19.169 [JavaFX Application Thread] DEBUG PrimaryStageWindow   - Scaled scene size:    450.0 x 600.0
15:59:19.170 [JavaFX Application Thread] DEBUG PrimaryStageWindow   - Scaled ratio: (1.0, 1.0)
15:59:19.172 [JavaFX Application Thread] DEBUG PrimaryStageWindow   - Set initial scene to FXGLStartupScene
15:59:19.184 [JavaFX Application Thread] DEBUG PrimaryStageWindow   - Opening main window
15:59:19.301 [JavaFX Application Thread] DEBUG PrimaryStageWindow   - Window border size: (0.0, 28.0)
15:59:19.301 [JavaFX Application Thread] DEBUG PrimaryStageWindow   - Scaled size: 450.0 x 600.0
15:59:19.302 [JavaFX Application Thread] DEBUG PrimaryStageWindow   - Scaled ratio: (1.0, 1.0)
15:59:19.302 [JavaFX Application Thread] DEBUG PrimaryStageWindow   - Scene size: 450.0 x 600.0
15:59:19.302 [JavaFX Application Thread] DEBUG PrimaryStageWindow   - Stage size: 450.0 x 628.0
15:59:19.310 [FXGL Background Thread 1 ] DEBUG Engine               - Initializing environment variables
15:59:19.368 [FXGL Background Thread 1 ] DEBUG FXGLAssetLoaderServi - User app class for loading assets: class com.ood.spacexinvader.GameStart
15:59:19.368 [FXGL Background Thread 1 ] DEBUG GameApplicationServi - Applying CSS: fxgl_dark.css
15:59:19.372 [FXGL Background Thread 1 ] DEBUG FXGLAssetLoaderServi - Loading from file system: jar:file:///Users/leowong/.gradle/caches/modules-2/files-2.1/com.github.almasb/fxgl/17.2/35db6ae960eec2dcfd19262d3b7f9c42f0e95bc3/fxgl-17.2.jar!/fxglassets/ui/css/fxgl_dark.css
15:59:19.459 [FXGL Background Thread 1 ] DEBUG GameApplicationServi - Initializing application scenes
15:59:19.809 [FXGL Background Thread 1 ] DEBUG GameWorld            - Game world initialized
15:59:19.883 [FXGL Background Thread 1 ] DEBUG PhysicsWorld         - Physics world initialized: appHeight=600, physics.ppm=50.0
15:59:19.883 [FXGL Background Thread 1 ] DEBUG PhysicsWorld         - Using strategy: BRUTE_FORCE
15:59:19.889 [FXGL Background Thread 1 ] DEBUG GameScene            - Game scene initialized: 450x600
15:59:19.927 [FXGL Background Thread 1 ] DEBUG GameApplicationServi - Application scenes initialized
15:59:19.946 [FXGL Background Thread 1 ] DEBUG SystemBundleService  - Loading FXGL system data
15:59:19.952 [FXGL Background Thread 1 ] DEBUG FileSystemAccess     - Reading from: /Users/leowong/IdeaProjects/SpaceX-Invader/system/fxgl.bundle
15:59:19.961 [FXGL Background Thread 1 ] DEBUG SystemBundleService  - Bundle FXGL: {}
15:59:19.961 [FXGL Background Thread 1 ] DEBUG UpdaterService       - Checking for updates
15:59:19.968 [FXGL Background Thread 4 ] DEBUG FXGLApplication      - Loading fonts
15:59:19.969 [FXGL Background Thread 4 ] DEBUG FXGLAssetLoaderServi - Loading from file system: jar:file:///Users/leowong/.gradle/caches/modules-2/files-2.1/com.github.almasb/fxgl/17.2/35db6ae960eec2dcfd19262d3b7f9c42f0e95bc3/fxgl-17.2.jar!/fxglassets/ui/fonts/VarelaRound-Regular.ttf
15:59:19.969 [FXGL Background Thread 1 ] DEBUG FXGLApplication      - Loading default localization
15:59:19.970 [FXGL Background Thread 1 ] DEBUG FXGLAssetLoaderServi - Loading from file system: jar:file:///Users/leowong/.gradle/caches/modules-2/files-2.1/com.github.almasb/fxgl/17.2/35db6ae960eec2dcfd19262d3b7f9c42f0e95bc3/fxgl-17.2.jar!/fxglassets/languages/english.lang
15:59:19.985 [FXGL Background Thread 4 ] DEBUG FXGLAssetLoaderServi - Loading from file system: jar:file:///Users/leowong/.gradle/caches/modules-2/files-2.1/com.github.almasb/fxgl/17.2/35db6ae960eec2dcfd19262d3b7f9c42f0e95bc3/fxgl-17.2.jar!/fxglassets/ui/fonts/Abel-Regular.ttf
15:59:19.989 [FXGL Background Thread 4 ] DEBUG FXGLAssetLoaderServi - Loading from file system: jar:file:///Users/leowong/.gradle/caches/modules-2/files-2.1/com.github.almasb/fxgl/17.2/35db6ae960eec2dcfd19262d3b7f9c42f0e95bc3/fxgl-17.2.jar!/fxglassets/ui/fonts/TerminalLandMono-Regular.otf
15:59:19.992 [FXGL Background Thread 1 ] INFO  FXGLApplication      - FXGL initialization took: 0.681 sec
15:59:19.994 [FXGL Background Thread 4 ] DEBUG FXGLAssetLoaderServi - Loading from file system: jar:file:///Users/leowong/.gradle/caches/modules-2/files-2.1/com.github.almasb/fxgl/17.2/35db6ae960eec2dcfd19262d3b7f9c42f0e95bc3/fxgl-17.2.jar!/fxglassets/ui/fonts/Courier-Prime.ttf
15:59:20.003 [JavaFX Application Thread] DEBUG Input                - Registered new binding: Left - A
15:59:20.003 [JavaFX Application Thread] DEBUG Input                - Registered new binding: Right - D
15:59:20.003 [JavaFX Application Thread] DEBUG Input                - Registered new binding: Shoot - J
15:59:20.004 [JavaFX Application Thread] DEBUG FXGLAssetLoaderServi - Loading from file system: jar:file:///Users/leowong/IdeaProjects/SpaceX-Invader/build/libs/SpaceX-Invader-1.0-SNAPSHOT.jar!/assets/textures/icon/spacex-invader-favicon-black.png
15:59:20.040 [JavaFX Application Thread] DEBUG FXGLAssetLoaderServi - Loading from file system: jar:file:///Users/leowong/.gradle/caches/modules-2/files-2.1/com.github.almasb/fxgl/17.2/35db6ae960eec2dcfd19262d3b7f9c42f0e95bc3/fxgl-17.2.jar!/fxglassets/textures/fxgl_default_cursor.png
15:59:20.045 [JavaFX Application Thread] DEBUG Input                - Registered new binding: Screenshot - CTRL+8
15:59:20.045 [JavaFX Application Thread] DEBUG Input                - Registered new binding: System info dump - CTRL+9
15:59:20.046 [JavaFX Application Thread] DEBUG Input                - Registered new binding: Restart - CTRL+R
15:59:20.046 [JavaFX Application Thread] DEBUG Input                - Registered new binding: Toggle Debug Camera - CTRL+7
15:59:20.049 [JavaFX Application Thread] DEBUG LoopRunner           - Starting loop
15:59:20.049 [JavaFX Application Thread] DEBUG LoopRunner           - Initializing JavaFX AnimationTimerLoop
15:59:20.052 [JavaFX Application Thread] DEBUG Input                - Clearing active input actions
15:59:20.062 [JavaFX Application Thread] DEBUG GameApplicationServi - Removing overlay from FXGLStartupScene and adding to FXGLMainMenuDummyScene
15:59:20.062 [JavaFX Application Thread] DEBUG PrimaryStageWindow   - FXGLStartupScene -> FXGLMainMenuDummyScene
15:59:20.062 [JavaFX Application Thread] DEBUG PrimaryStageWindow   - Push state: MainMenu
15:59:20.063 [JavaFX Application Thread] DEBUG Input                - Clearing active input actions
15:59:20.069 [JavaFX Application Thread] DEBUG GameApplicationServi - Removing overlay from FXGLMainMenuDummyScene and adding to MainMenu
15:59:20.070 [JavaFX Application Thread] DEBUG PrimaryStageWindow   - FXGLMainMenuDummyScene -> MainMenu
15:59:20.129 [JavaFX Application Thread] DEBUG FXGLApplication      - Registering font factories with UI factory
15:59:21.957 [JavaFX Application Thread] DEBUG Menu                 - fireNewGame()
15:59:21.958 [JavaFX Application Thread] DEBUG GameApplicationServi - Starting new game
15:59:21.959 [JavaFX Application Thread] DEBUG PrimaryStageWindow   - Pop state: MainMenu
15:59:21.959 [JavaFX Application Thread] DEBUG Input                - Clearing active input actions
15:59:21.960 [JavaFX Application Thread] DEBUG GameApplicationServi - Removing overlay from MainMenu and adding to FXGLMainMenuDummyScene
15:59:21.961 [JavaFX Application Thread] DEBUG PrimaryStageWindow   - FXGLMainMenuDummyScene <- MainMenu
15:59:21.961 [JavaFX Application Thread] DEBUG Input                - Clearing active input actions
15:59:21.971 [JavaFX Application Thread] DEBUG GameApplicationServi - Removing overlay from FXGLMainMenuDummyScene and adding to FXGLLoadingScene
15:59:21.972 [JavaFX Application Thread] DEBUG PrimaryStageWindow   - FXGLMainMenuDummyScene -> FXGLLoadingScene
15:59:21.972 [JavaFX Application Thread] DEBUG GameApplicationServi - Clearing previous game
15:59:21.972 [JavaFX Application Thread] DEBUG GameScene            - Clearing game scene
15:59:21.972 [JavaFX Application Thread] DEBUG GameWorld            - Clearing game world
15:59:21.972 [JavaFX Application Thread] DEBUG PhysicsWorld         - Clearing physics world
15:59:21.975 [FXGL Background Thread 2 ] DEBUG FXGLApplication      - Initializing game
15:59:21.983 [FXGL Background Thread 2 ] DEBUG FXGLAssetLoaderServi - Loading from file system: jar:file:///Users/leowong/IdeaProjects/SpaceX-Invader/build/libs/SpaceX-Invader-1.0-SNAPSHOT.jar!/assets/textures/player/SpaceX.png
15:59:22.003 [FXGL Background Thread 2 ] INFO  FXGLApplication      - Game initialization took: 0.029 sec
15:59:22.017 [JavaFX Application Thread] DEBUG Input                - Clearing active input actions
15:59:22.024 [JavaFX Application Thread] DEBUG GameApplicationServi - Removing overlay from FXGLLoadingScene and adding to GameScene
15:59:22.024 [JavaFX Application Thread] DEBUG PrimaryStageWindow   - FXGLLoadingScene -> GameScene
15:59:22.042 [JavaFX Application Thread] DEBUG FXGLAssetLoaderServi - Loading from file system: jar:file:///Users/leowong/IdeaProjects/SpaceX-Invader/build/libs/SpaceX-Invader-1.0-SNAPSHOT.jar!/assets/textures/enemy/alien.png
15:59:22.968 [FXGL Background Thread 3 ] DEBUG Engine               - Logging environment variables
15:59:22.969 [FXGL Background Thread 3 ] DEBUG Engine               - achievements: []
15:59:22.970 [FXGL Background Thread 3 ] DEBUG Engine               - actualHeight: 600.0
15:59:22.970 [FXGL Background Thread 3 ] DEBUG Engine               - actualHeightProperty: ReadOnlyDoubleProperty [value: 600.0]
15:59:22.970 [FXGL Background Thread 3 ] DEBUG Engine               - actualWidth: 450.0
15:59:22.970 [FXGL Background Thread 3 ] DEBUG Engine               - actualWidthProperty: ReadOnlyDoubleProperty [value: 450.0]
15:59:22.970 [FXGL Background Thread 3 ] DEBUG Engine               - appIcon: icon/spacex-invader-favicon-black.png
15:59:22.970 [FXGL Background Thread 3 ] DEBUG Engine               - applicationMode: DEVELOPER
15:59:22.970 [FXGL Background Thread 3 ] DEBUG Engine               - cSSList: [fxgl_dark.css]
15:59:22.970 [FXGL Background Thread 3 ] DEBUG Engine               - collisionDetectionStrategy: BRUTE_FORCE
15:59:22.971 [FXGL Background Thread 3 ] DEBUG Engine               - configClass: Optional.empty
15:59:22.971 [FXGL Background Thread 3 ] DEBUG Engine               - credits: []
15:59:22.972 [FXGL Background Thread 3 ] DEBUG Engine               - defaultCursor: CursorInfo(imageName=fxgl_default_cursor.png, hotspotX=7.0, hotspotY=6.0)
15:59:22.973 [FXGL Background Thread 3 ] DEBUG Engine               - devBBoxColorProperty: ObjectProperty [value: 0xff0000ff]
15:59:22.973 [FXGL Background Thread 3 ] DEBUG Engine               - devEnableDebugCameraProperty: BooleanProperty [value: false]
15:59:22.973 [FXGL Background Thread 3 ] DEBUG Engine               - devSensorColorProperty: ObjectProperty [value: 0xffff00ff]
15:59:22.973 [FXGL Background Thread 3 ] DEBUG Engine               - devShowBBoxProperty: BooleanProperty [value: false]
15:59:22.973 [FXGL Background Thread 3 ] DEBUG Engine               - devShowPositionProperty: BooleanProperty [value: false]
15:59:22.974 [FXGL Background Thread 3 ] DEBUG Engine               - enabledMenuItems: []
15:59:22.974 [FXGL Background Thread 3 ] DEBUG Engine               - engineServices: [class com.almasb.fxgl.app.services.FXGLAssetLoaderService, class com.almasb.fxgl.app.FXGLApplication$GameApplicationService, class com.almasb.fxgl.app.services.FXGLDialogService, class com.almasb.fxgl.app.services.IOTaskExecutorService, class com.almasb.fxgl.io.FileSystemService, class com.almasb.fxgl.localization.LocalizationService, class com.almasb.fxgl.app.services.SystemBundleService, class com.almasb.fxgl.profile.SaveLoadService, class com.almasb.fxgl.ui.FXGLUIFactoryServiceProvider, class com.almasb.fxgl.ui.FXGLDialogFactoryServiceProvider, class com.almasb.fxgl.audio.AudioPlayer, class com.almasb.fxgl.notification.impl.NotificationServiceProvider, class com.almasb.fxgl.achievement.AchievementService, class com.almasb.fxgl.cutscene.CutsceneService, class com.almasb.fxgl.minigames.MiniGameService, class com.almasb.fxgl.net.NetService, class com.almasb.fxgl.app.services.UpdaterService, class com.almasb.fxgl.dev.DevService]
15:59:22.974 [FXGL Background Thread 3 ] DEBUG Engine               - fontGame: Abel-Regular.ttf
15:59:22.974 [FXGL Background Thread 3 ] DEBUG Engine               - fontMono: TerminalLandMono-Regular.otf
15:59:22.974 [FXGL Background Thread 3 ] DEBUG Engine               - fontText: Courier-Prime.ttf
15:59:22.974 [FXGL Background Thread 3 ] DEBUG Engine               - fontUI: VarelaRound-Regular.ttf
15:59:22.975 [FXGL Background Thread 3 ] DEBUG Engine               - fullScreen: BooleanProperty [value: false]
15:59:22.975 [FXGL Background Thread 3 ] DEBUG Engine               - gameDifficulty: MEDIUM
15:59:22.975 [FXGL Background Thread 3 ] DEBUG Engine               - gameDifficultyProperty: ObjectProperty [value: MEDIUM]
15:59:22.975 [FXGL Background Thread 3 ] DEBUG Engine               - globalMusicVolume: 0.5
15:59:22.975 [FXGL Background Thread 3 ] DEBUG Engine               - globalMusicVolumeProperty: DoubleProperty [value: 0.5]
15:59:22.975 [FXGL Background Thread 3 ] DEBUG Engine               - globalSoundVolume: 0.5
15:59:22.975 [FXGL Background Thread 3 ] DEBUG Engine               - globalSoundVolumeProperty: DoubleProperty [value: 0.5]
15:59:22.976 [FXGL Background Thread 3 ] DEBUG Engine               - height: 600
15:59:22.976 [FXGL Background Thread 3 ] DEBUG Engine               - is3D: false
15:59:22.976 [FXGL Background Thread 3 ] DEBUG Engine               - isAndroid: false
15:59:22.976 [FXGL Background Thread 3 ] DEBUG Engine               - isBrowser: false
15:59:22.976 [FXGL Background Thread 3 ] DEBUG Engine               - isClickFeedbackEnabled: false
15:59:22.976 [FXGL Background Thread 3 ] DEBUG Engine               - isCloseConfirmation: true
15:59:22.976 [FXGL Background Thread 3 ] DEBUG Engine               - isDesktop: true
15:59:22.976 [FXGL Background Thread 3 ] DEBUG Engine               - isDeveloperMenuEnabled: false
15:59:22.976 [FXGL Background Thread 3 ] DEBUG Engine               - isEmbedded: false
15:59:22.977 [FXGL Background Thread 3 ] DEBUG Engine               - isEntityPreloadEnabled: true
15:59:22.977 [FXGL Background Thread 3 ] DEBUG Engine               - isExperimentalTiledLargeMap: false
15:59:22.977 [FXGL Background Thread 3 ] DEBUG Engine               - isFileSystemWriteAllowed: true
15:59:22.977 [FXGL Background Thread 3 ] DEBUG Engine               - isFullScreenAllowed: false
15:59:22.977 [FXGL Background Thread 3 ] DEBUG Engine               - isFullScreenFromStart: false
15:59:22.978 [FXGL Background Thread 3 ] DEBUG Engine               - isGameMenuEnabled: true
15:59:22.978 [FXGL Background Thread 3 ] DEBUG Engine               - isIOS: false
15:59:22.978 [FXGL Background Thread 3 ] DEBUG Engine               - isIntroEnabled: false
15:59:22.978 [FXGL Background Thread 3 ] DEBUG Engine               - isLinux: false
15:59:22.979 [FXGL Background Thread 3 ] DEBUG Engine               - isMac: true
15:59:22.979 [FXGL Background Thread 3 ] DEBUG Engine               - isMainMenuEnabled: true
15:59:22.979 [FXGL Background Thread 3 ] DEBUG Engine               - isManualResizeEnabled: false
15:59:22.979 [FXGL Background Thread 3 ] DEBUG Engine               - isMobile: false
15:59:22.980 [FXGL Background Thread 3 ] DEBUG Engine               - isNative: false
15:59:22.980 [FXGL Background Thread 3 ] DEBUG Engine               - isPauseMusicWhenMinimized: true
15:59:22.980 [FXGL Background Thread 3 ] DEBUG Engine               - isPreserveResizeRatio: false
15:59:22.980 [FXGL Background Thread 3 ] DEBUG Engine               - isProfilingEnabled: false
15:59:22.980 [FXGL Background Thread 3 ] DEBUG Engine               - isScaleAffectedOnResize: true
15:59:22.980 [FXGL Background Thread 3 ] DEBUG Engine               - isSingleStep: false
15:59:22.980 [FXGL Background Thread 3 ] DEBUG Engine               - isUserProfileEnabled: false
15:59:22.981 [FXGL Background Thread 3 ] DEBUG Engine               - isWindows: false
15:59:22.981 [FXGL Background Thread 3 ] DEBUG Engine               - language: ObjectProperty [value: ENGLISH]
15:59:22.981 [FXGL Background Thread 3 ] DEBUG Engine               - menuKey: ESCAPE
15:59:22.981 [FXGL Background Thread 3 ] DEBUG Engine               - mouseSensitivity: 0.2
15:59:22.981 [FXGL Background Thread 3 ] DEBUG Engine               - notificationViewClass: class com.almasb.fxgl.notification.view.XboxNotificationView
15:59:22.981 [FXGL Background Thread 3 ] DEBUG Engine               - pixelsPerMeter: 50.0
15:59:22.981 [FXGL Background Thread 3 ] DEBUG Engine               - platform: MAC
15:59:22.981 [FXGL Background Thread 3 ] DEBUG Engine               - prefHeightProperty: ReadOnlyDoubleProperty [value: 600.0]
15:59:22.982 [FXGL Background Thread 3 ] DEBUG Engine               - prefWidthProperty: ReadOnlyDoubleProperty [value: 450.0]
15:59:22.982 [FXGL Background Thread 3 ] DEBUG Engine               - profileDir: profiles/
15:59:22.982 [FXGL Background Thread 3 ] DEBUG Engine               - profileName: StringProperty [value: DEFAULT]
15:59:22.982 [FXGL Background Thread 3 ] DEBUG Engine               - randomSeed: -1
15:59:22.982 [FXGL Background Thread 3 ] DEBUG Engine               - runtimeInfo: RuntimeInfo(platform=MAC, version=17.2, build=20.08.2022 16.50)
15:59:22.983 [FXGL Background Thread 3 ] DEBUG Engine               - saveFileExt: sav
15:59:22.983 [FXGL Background Thread 3 ] DEBUG Engine               - scaledHeightProp$fxgl: DoubleProperty [bound, value: 600.0]
15:59:22.983 [FXGL Background Thread 3 ] DEBUG Engine               - scaledWidthProp$fxgl: DoubleProperty [bound, value: 450.0]
15:59:22.983 [FXGL Background Thread 3 ] DEBUG Engine               - sceneFactory: com.ood.spacexinvader.GameStart$1@683289a0
15:59:22.983 [FXGL Background Thread 3 ] DEBUG Engine               - secondsIn24h: 60
15:59:22.983 [FXGL Background Thread 3 ] DEBUG Engine               - soundMenuBack: menu/back.wav
15:59:22.984 [FXGL Background Thread 3 ] DEBUG Engine               - soundMenuPress: menu/press.wav
15:59:22.984 [FXGL Background Thread 3 ] DEBUG Engine               - soundMenuSelect: menu/select.wav
15:59:22.984 [FXGL Background Thread 3 ] DEBUG Engine               - soundNotification: core/notification.wav
15:59:22.984 [FXGL Background Thread 3 ] DEBUG Engine               - stageStyle: DECORATED
15:59:22.984 [FXGL Background Thread 3 ] DEBUG Engine               - supportedLanguages: [ENGLISH, FRENCH, GERMAN, HUNGARIAN, RUSSIAN]
15:59:22.985 [FXGL Background Thread 3 ] DEBUG Engine               - ticksPerSecond: -1
15:59:22.985 [FXGL Background Thread 3 ] DEBUG Engine               - title: SpaceX Invader
15:59:22.985 [FXGL Background Thread 3 ] DEBUG Engine               - urlGithub: https://github.com/AlmasB/FXGL
15:59:22.985 [FXGL Background Thread 3 ] DEBUG Engine               - urlLeaderboard: http://fxgl-top.herokuapp.com/
15:59:22.986 [FXGL Background Thread 3 ] DEBUG Engine               - urlPOM: https://raw.githubusercontent.com/AlmasB/FXGL/release/README.md
15:59:22.986 [FXGL Background Thread 3 ] DEBUG Engine               - userAppClass: class com.ood.spacexinvader.GameStart
15:59:22.986 [FXGL Background Thread 3 ] DEBUG Engine               - version: 0.0
15:59:22.986 [FXGL Background Thread 3 ] DEBUG Engine               - versionCheckDays: 7
15:59:22.986 [FXGL Background Thread 3 ] DEBUG Engine               - width: 450
15:59:22.986 [FXGL Background Thread 3 ] DEBUG Engine               - Logging services
15:59:22.986 [FXGL Background Thread 3 ] DEBUG Engine               - class com.almasb.fxgl.app.services.FXGLAssetLoaderService
15:59:22.986 [FXGL Background Thread 3 ] DEBUG Engine               - class com.almasb.fxgl.app.FXGLApplication$GameApplicationService
15:59:22.986 [FXGL Background Thread 3 ] DEBUG Engine               - class com.almasb.fxgl.app.services.FXGLDialogService
15:59:22.986 [FXGL Background Thread 3 ] DEBUG Engine               - class com.almasb.fxgl.app.services.IOTaskExecutorService
15:59:22.987 [FXGL Background Thread 3 ] DEBUG Engine               - class com.almasb.fxgl.io.FileSystemService
15:59:22.987 [FXGL Background Thread 3 ] DEBUG Engine               - class com.almasb.fxgl.localization.LocalizationService
15:59:22.987 [FXGL Background Thread 3 ] DEBUG Engine               - class com.almasb.fxgl.app.services.SystemBundleService
15:59:22.987 [FXGL Background Thread 3 ] DEBUG Engine               - class com.almasb.fxgl.profile.SaveLoadService
15:59:22.987 [FXGL Background Thread 3 ] DEBUG Engine               - class com.almasb.fxgl.ui.FXGLUIFactoryServiceProvider
15:59:22.987 [FXGL Background Thread 3 ] DEBUG Engine               - class com.almasb.fxgl.ui.FXGLDialogFactoryServiceProvider
15:59:22.987 [FXGL Background Thread 3 ] DEBUG Engine               - class com.almasb.fxgl.audio.AudioPlayer
15:59:22.987 [FXGL Background Thread 3 ] DEBUG Engine               - class com.almasb.fxgl.notification.impl.NotificationServiceProvider
15:59:22.988 [FXGL Background Thread 3 ] DEBUG Engine               - class com.almasb.fxgl.achievement.AchievementService
15:59:22.988 [FXGL Background Thread 3 ] DEBUG Engine               - class com.almasb.fxgl.cutscene.CutsceneService
15:59:22.988 [FXGL Background Thread 3 ] DEBUG Engine               - class com.almasb.fxgl.minigames.MiniGameService
15:59:22.988 [FXGL Background Thread 3 ] DEBUG Engine               - class com.almasb.fxgl.net.NetService
15:59:22.988 [FXGL Background Thread 3 ] DEBUG Engine               - class com.almasb.fxgl.app.services.UpdaterService
15:59:22.988 [FXGL Background Thread 3 ] DEBUG Engine               - class com.almasb.fxgl.dev.DevService
15:59:24.878 [JavaFX Application Thread] DEBUG PrimaryStageWindow   - Push state: DialogSubScene
15:59:24.878 [JavaFX Application Thread] DEBUG Input                - Clearing active input actions
15:59:24.879 [JavaFX Application Thread] DEBUG GameApplicationServi - Removing overlay from GameScene and adding to DialogSubScene
15:59:24.880 [JavaFX Application Thread] DEBUG PrimaryStageWindow   - GameScene -> DialogSubScene
15:59:25.903 [JavaFX Application Thread] DEBUG PrimaryStageWindow   - Pop state: DialogSubScene
15:59:25.903 [JavaFX Application Thread] DEBUG Input                - Clearing active input actions
15:59:25.904 [JavaFX Application Thread] DEBUG GameApplicationServi - Removing overlay from DialogSubScene and adding to GameScene
15:59:25.905 [JavaFX Application Thread] DEBUG PrimaryStageWindow   - GameScene <- DialogSubScene
15:59:25.905 [JavaFX Application Thread] DEBUG FXGLApplication      - Exiting FXGL
15:59:25.905 [JavaFX Application Thread] DEBUG LoopRunner           - Stopping loop
15:59:25.905 [JavaFX Application Thread] DEBUG SystemBundleService  - Saving FXGL system data
15:59:25.908 [JavaFX Application Thread] DEBUG FileSystemAccess     - Writing to: /Users/leowong/IdeaProjects/SpaceX-Invader/system/fxgl.bundle
15:59:25.910 [JavaFX Application Thread] DEBUG Async                - Shutting down background threads
15:59:25.911 [JavaFX Application Thread] DEBUG PrimaryStageWindow   - Closing main window
15:59:25.943 [JavaFX Application Thread] DEBUG Logger               - Closing Logger
