14:51:30.093 [main                     ] DEBUG Logger               - Configured Logger
14:51:30.134 [main                     ] DEBUG GameApplication      - Logging settings
Title: SpaceX Invader
Version: 0.0
Width: 450
Height: 600
Fullscreen: false
Intro: false
Profiling: false
Single step:false
App Mode: DEVELOPER
Menu Key: ESCAPE
Stage Style: DECORATED
Scene Factory: class com.ood.spacexinvader.GameStart$1

14:51:30.731 [JavaFX Application Thread] DEBUG FXGLApplication      - Initializing FXGL
14:51:30.740 [JavaFX Application Thread] INFO  Engine               - FXGL-17.2 (20.08.2022 16.50) on MAC (J:17.0.3 FX:17.0.2-ea)
14:51:30.741 [JavaFX Application Thread] DEBUG Engine               - JRE Vendor Name: Eclipse Adoptium
14:51:30.742 [JavaFX Application Thread] DEBUG Engine               - Running on OS: Mac OS X version 13.1
14:51:30.742 [JavaFX Application Thread] DEBUG Engine               - Architecture: x86_64
14:51:30.742 [JavaFX Application Thread] INFO  Engine               - Source code and latest versions at: https://github.com/AlmasB/FXGL
14:51:30.743 [JavaFX Application Thread] INFO  Engine               -       Ask questions and discuss at: https://github.com/AlmasB/FXGL/discussions
14:51:30.743 [JavaFX Application Thread] INFO  Engine               -              Join the FXGL chat at: https://gitter.im/AlmasB/FXGL
14:51:30.887 [JavaFX Application Thread] DEBUG PrimaryStageWindow   - Creating a JavaFX scene
14:51:30.947 [JavaFX Application Thread] DEBUG PrimaryStageWindow   - Target settings size: 450.0 x 600.0
14:51:30.948 [JavaFX Application Thread] DEBUG PrimaryStageWindow   - Scaled scene size:    450.0 x 600.0
14:51:30.948 [JavaFX Application Thread] DEBUG PrimaryStageWindow   - Scaled ratio: (1.0, 1.0)
14:51:30.949 [JavaFX Application Thread] DEBUG PrimaryStageWindow   - Set initial scene to FXGLStartupScene
14:51:30.960 [JavaFX Application Thread] DEBUG PrimaryStageWindow   - Opening main window
14:51:31.083 [JavaFX Application Thread] DEBUG PrimaryStageWindow   - Window border size: (0.0, 28.0)
14:51:31.084 [JavaFX Application Thread] DEBUG PrimaryStageWindow   - Scaled size: 450.0 x 600.0
14:51:31.084 [JavaFX Application Thread] DEBUG PrimaryStageWindow   - Scaled ratio: (1.0, 1.0)
14:51:31.085 [JavaFX Application Thread] DEBUG PrimaryStageWindow   - Scene size: 450.0 x 600.0
14:51:31.086 [JavaFX Application Thread] DEBUG PrimaryStageWindow   - Stage size: 450.0 x 628.0
14:51:31.098 [FXGL Background Thread 1 ] DEBUG Engine               - Initializing environment variables
14:51:31.151 [FXGL Background Thread 1 ] DEBUG FXGLAssetLoaderServi - User app class for loading assets: class com.ood.spacexinvader.GameStart
14:51:31.151 [FXGL Background Thread 1 ] DEBUG GameApplicationServi - Applying CSS: fxgl_dark.css
14:51:31.153 [FXGL Background Thread 1 ] DEBUG FXGLAssetLoaderServi - Loading from file system: jar:file:///Users/leowong/.gradle/caches/modules-2/files-2.1/com.github.almasb/fxgl/17.2/35db6ae960eec2dcfd19262d3b7f9c42f0e95bc3/fxgl-17.2.jar!/fxglassets/ui/css/fxgl_dark.css
14:51:31.295 [FXGL Background Thread 1 ] DEBUG GameApplicationServi - Initializing application scenes
14:51:31.720 [FXGL Background Thread 1 ] DEBUG GameWorld            - Game world initialized
14:51:31.799 [FXGL Background Thread 1 ] DEBUG PhysicsWorld         - Physics world initialized: appHeight=600, physics.ppm=50.0
14:51:31.799 [FXGL Background Thread 1 ] DEBUG PhysicsWorld         - Using strategy: BRUTE_FORCE
14:51:31.804 [FXGL Background Thread 1 ] DEBUG GameScene            - Game scene initialized: 450x600
14:51:31.837 [FXGL Background Thread 1 ] WARN  FXGL.DefaultMenu     - FXGLDefaultMenu is not designed for resolutions < 800x600
14:51:31.837 [FXGL Background Thread 1 ] DEBUG FXGL.DefaultMenu     - createMenuBodyGameMenu()
14:51:31.859 [FXGL Background Thread 1 ] DEBUG FXGL.DefaultMenu     - createOptionsMenu()
14:51:31.876 [FXGL Background Thread 1 ] DEBUG FXGLAssetLoaderServi - Loading from file system: jar:file:///Users/leowong/.gradle/caches/modules-2/files-2.1/com.github.almasb/fxgl/17.2/35db6ae960eec2dcfd19262d3b7f9c42f0e95bc3/fxgl-17.2.jar!/fxglassets/textures/particles/smoke.png
14:51:32.070 [FXGL Background Thread 1 ] DEBUG FXGLAssetLoaderServi - Loading from file system: jar:file:///Users/leowong/.gradle/caches/modules-2/files-2.1/com.github.almasb/fxgl/17.2/35db6ae960eec2dcfd19262d3b7f9c42f0e95bc3/fxgl-17.2.jar!/fxglassets/textures/particles/trace_horizontal.png
14:51:32.102 [FXGL Background Thread 1 ] DEBUG GameApplicationServi - Application scenes initialized
14:51:32.118 [FXGL Background Thread 1 ] DEBUG SystemBundleService  - Loading FXGL system data
14:51:32.125 [FXGL Background Thread 1 ] DEBUG FileSystemAccess     - Reading from: /Users/leowong/IdeaProjects/SpaceX-Invader/system/fxgl.bundle
14:51:32.136 [FXGL Background Thread 1 ] DEBUG SystemBundleService  - Bundle FXGL: {}
14:51:32.136 [FXGL Background Thread 1 ] DEBUG UpdaterService       - Checking for updates
14:51:32.141 [FXGL Background Thread 4 ] DEBUG FXGLApplication      - Loading fonts
14:51:32.142 [FXGL Background Thread 4 ] DEBUG FXGLAssetLoaderServi - Loading from file system: jar:file:///Users/leowong/.gradle/caches/modules-2/files-2.1/com.github.almasb/fxgl/17.2/35db6ae960eec2dcfd19262d3b7f9c42f0e95bc3/fxgl-17.2.jar!/fxglassets/ui/fonts/VarelaRound-Regular.ttf
14:51:32.142 [FXGL Background Thread 1 ] DEBUG FXGLApplication      - Loading default localization
14:51:32.143 [FXGL Background Thread 1 ] DEBUG FXGLAssetLoaderServi - Loading from file system: jar:file:///Users/leowong/.gradle/caches/modules-2/files-2.1/com.github.almasb/fxgl/17.2/35db6ae960eec2dcfd19262d3b7f9c42f0e95bc3/fxgl-17.2.jar!/fxglassets/languages/english.lang
14:51:32.157 [FXGL Background Thread 4 ] DEBUG FXGLAssetLoaderServi - Loading from file system: jar:file:///Users/leowong/.gradle/caches/modules-2/files-2.1/com.github.almasb/fxgl/17.2/35db6ae960eec2dcfd19262d3b7f9c42f0e95bc3/fxgl-17.2.jar!/fxglassets/ui/fonts/Abel-Regular.ttf
14:51:32.161 [FXGL Background Thread 4 ] DEBUG FXGLAssetLoaderServi - Loading from file system: jar:file:///Users/leowong/.gradle/caches/modules-2/files-2.1/com.github.almasb/fxgl/17.2/35db6ae960eec2dcfd19262d3b7f9c42f0e95bc3/fxgl-17.2.jar!/fxglassets/ui/fonts/TerminalLandMono-Regular.otf
14:51:32.166 [FXGL Background Thread 1 ] INFO  FXGLApplication      - FXGL initialization took: 1.068 sec
14:51:32.167 [FXGL Background Thread 4 ] DEBUG FXGLAssetLoaderServi - Loading from file system: jar:file:///Users/leowong/.gradle/caches/modules-2/files-2.1/com.github.almasb/fxgl/17.2/35db6ae960eec2dcfd19262d3b7f9c42f0e95bc3/fxgl-17.2.jar!/fxglassets/ui/fonts/Courier-Prime.ttf
14:51:32.188 [JavaFX Application Thread] DEBUG Input                - Registered new binding: Left - A
14:51:32.188 [JavaFX Application Thread] DEBUG Input                - Registered new binding: Right - D
14:51:32.189 [JavaFX Application Thread] DEBUG Input                - Registered new binding: Shoot - J
14:51:32.189 [JavaFX Application Thread] DEBUG FXGLAssetLoaderServi - Loading from file system: jar:file:///Users/leowong/IdeaProjects/SpaceX-Invader/build/libs/SpaceX-Invader-1.0-SNAPSHOT.jar!/assets/textures/icon/spacex-invader-favicon-black.png
14:51:32.211 [JavaFX Application Thread] DEBUG FXGLAssetLoaderServi - Loading from file system: jar:file:///Users/leowong/.gradle/caches/modules-2/files-2.1/com.github.almasb/fxgl/17.2/35db6ae960eec2dcfd19262d3b7f9c42f0e95bc3/fxgl-17.2.jar!/fxglassets/textures/fxgl_default_cursor.png
14:51:32.215 [JavaFX Application Thread] DEBUG Input                - Registered new binding: Screenshot - CTRL+8
14:51:32.216 [JavaFX Application Thread] DEBUG Input                - Registered new binding: System info dump - CTRL+9
14:51:32.216 [JavaFX Application Thread] DEBUG Input                - Registered new binding: Restart - CTRL+R
14:51:32.217 [JavaFX Application Thread] DEBUG Input                - Registered new binding: Toggle Debug Camera - CTRL+7
14:51:32.219 [JavaFX Application Thread] DEBUG LoopRunner           - Starting loop
14:51:32.220 [JavaFX Application Thread] DEBUG LoopRunner           - Initializing JavaFX AnimationTimerLoop
14:51:32.223 [JavaFX Application Thread] DEBUG Input                - Clearing active input actions
14:51:32.235 [JavaFX Application Thread] DEBUG GameApplicationServi - Removing overlay from FXGLStartupScene and adding to FXGLMainMenuDummyScene
14:51:32.235 [JavaFX Application Thread] DEBUG PrimaryStageWindow   - FXGLStartupScene -> FXGLMainMenuDummyScene
14:51:32.236 [JavaFX Application Thread] DEBUG PrimaryStageWindow   - Push state: MainMenu
14:51:32.236 [JavaFX Application Thread] DEBUG Input                - Clearing active input actions
14:51:32.244 [JavaFX Application Thread] DEBUG GameApplicationServi - Removing overlay from FXGLMainMenuDummyScene and adding to MainMenu
14:51:32.245 [JavaFX Application Thread] DEBUG PrimaryStageWindow   - FXGLMainMenuDummyScene -> MainMenu
14:51:32.313 [JavaFX Application Thread] DEBUG FXGLApplication      - Registering font factories with UI factory
14:51:33.790 [JavaFX Application Thread] DEBUG GameApplicationServi - Starting new game
14:51:33.790 [JavaFX Application Thread] DEBUG PrimaryStageWindow   - Pop state: MainMenu
14:51:33.790 [JavaFX Application Thread] DEBUG Input                - Clearing active input actions
14:51:33.792 [JavaFX Application Thread] DEBUG GameApplicationServi - Removing overlay from MainMenu and adding to FXGLMainMenuDummyScene
14:51:33.792 [JavaFX Application Thread] DEBUG PrimaryStageWindow   - FXGLMainMenuDummyScene <- MainMenu
14:51:33.793 [JavaFX Application Thread] DEBUG Input                - Clearing active input actions
14:51:33.799 [JavaFX Application Thread] DEBUG GameApplicationServi - Removing overlay from FXGLMainMenuDummyScene and adding to FXGLLoadingScene
14:51:33.799 [JavaFX Application Thread] DEBUG PrimaryStageWindow   - FXGLMainMenuDummyScene -> FXGLLoadingScene
14:51:33.799 [JavaFX Application Thread] DEBUG GameApplicationServi - Clearing previous game
14:51:33.800 [JavaFX Application Thread] DEBUG GameScene            - Clearing game scene
14:51:33.800 [JavaFX Application Thread] DEBUG GameWorld            - Clearing game world
14:51:33.800 [JavaFX Application Thread] DEBUG PhysicsWorld         - Clearing physics world
14:51:33.801 [FXGL Background Thread 4 ] DEBUG FXGLApplication      - Initializing game
14:51:33.804 [FXGL Background Thread 4 ] DEBUG FXGLAssetLoaderServi - Loading from file system: jar:file:///Users/leowong/IdeaProjects/SpaceX-Invader/build/libs/SpaceX-Invader-1.0-SNAPSHOT.jar!/assets/textures/player/SpaceX.png
14:51:33.827 [FXGL Background Thread 4 ] INFO  FXGLApplication      - Game initialization took: 0.025 sec
14:51:33.829 [JavaFX Application Thread] DEBUG Input                - Clearing active input actions
14:51:33.835 [JavaFX Application Thread] DEBUG GameApplicationServi - Removing overlay from FXGLLoadingScene and adding to GameScene
14:51:33.836 [JavaFX Application Thread] DEBUG PrimaryStageWindow   - FXGLLoadingScene -> GameScene
14:51:35.143 [FXGL Background Thread 3 ] DEBUG Engine               - Logging environment variables
14:51:35.144 [FXGL Background Thread 3 ] DEBUG Engine               - achievements: []
14:51:35.144 [FXGL Background Thread 3 ] DEBUG Engine               - actualHeight: 600.0
14:51:35.144 [FXGL Background Thread 3 ] DEBUG Engine               - actualHeightProperty: ReadOnlyDoubleProperty [value: 600.0]
14:51:35.145 [FXGL Background Thread 3 ] DEBUG Engine               - actualWidth: 450.0
14:51:35.145 [FXGL Background Thread 3 ] DEBUG Engine               - actualWidthProperty: ReadOnlyDoubleProperty [value: 450.0]
14:51:35.145 [FXGL Background Thread 3 ] DEBUG Engine               - appIcon: icon/spacex-invader-favicon-black.png
14:51:35.145 [FXGL Background Thread 3 ] DEBUG Engine               - applicationMode: DEVELOPER
14:51:35.145 [FXGL Background Thread 3 ] DEBUG Engine               - cSSList: [fxgl_dark.css]
14:51:35.146 [FXGL Background Thread 3 ] DEBUG Engine               - collisionDetectionStrategy: BRUTE_FORCE
14:51:35.146 [FXGL Background Thread 3 ] DEBUG Engine               - configClass: Optional.empty
14:51:35.146 [FXGL Background Thread 3 ] DEBUG Engine               - credits: []
14:51:35.147 [FXGL Background Thread 3 ] DEBUG Engine               - defaultCursor: CursorInfo(imageName=fxgl_default_cursor.png, hotspotX=7.0, hotspotY=6.0)
14:51:35.147 [FXGL Background Thread 3 ] DEBUG Engine               - devBBoxColorProperty: ObjectProperty [value: 0xff0000ff]
14:51:35.147 [FXGL Background Thread 3 ] DEBUG Engine               - devEnableDebugCameraProperty: BooleanProperty [value: false]
14:51:35.147 [FXGL Background Thread 3 ] DEBUG Engine               - devSensorColorProperty: ObjectProperty [value: 0xffff00ff]
14:51:35.148 [FXGL Background Thread 3 ] DEBUG Engine               - devShowBBoxProperty: BooleanProperty [value: false]
14:51:35.148 [FXGL Background Thread 3 ] DEBUG Engine               - devShowPositionProperty: BooleanProperty [value: false]
14:51:35.148 [FXGL Background Thread 3 ] DEBUG Engine               - enabledMenuItems: []
14:51:35.148 [FXGL Background Thread 3 ] DEBUG Engine               - engineServices: [class com.almasb.fxgl.app.services.FXGLAssetLoaderService, class com.almasb.fxgl.app.FXGLApplication$GameApplicationService, class com.almasb.fxgl.app.services.FXGLDialogService, class com.almasb.fxgl.app.services.IOTaskExecutorService, class com.almasb.fxgl.io.FileSystemService, class com.almasb.fxgl.localization.LocalizationService, class com.almasb.fxgl.app.services.SystemBundleService, class com.almasb.fxgl.profile.SaveLoadService, class com.almasb.fxgl.ui.FXGLUIFactoryServiceProvider, class com.almasb.fxgl.ui.FXGLDialogFactoryServiceProvider, class com.almasb.fxgl.audio.AudioPlayer, class com.almasb.fxgl.notification.impl.NotificationServiceProvider, class com.almasb.fxgl.achievement.AchievementService, class com.almasb.fxgl.cutscene.CutsceneService, class com.almasb.fxgl.minigames.MiniGameService, class com.almasb.fxgl.net.NetService, class com.almasb.fxgl.app.services.UpdaterService, class com.almasb.fxgl.dev.DevService]
14:51:35.148 [FXGL Background Thread 3 ] DEBUG Engine               - fontGame: Abel-Regular.ttf
14:51:35.149 [FXGL Background Thread 3 ] DEBUG Engine               - fontMono: TerminalLandMono-Regular.otf
14:51:35.149 [FXGL Background Thread 3 ] DEBUG Engine               - fontText: Courier-Prime.ttf
14:51:35.149 [FXGL Background Thread 3 ] DEBUG Engine               - fontUI: VarelaRound-Regular.ttf
14:51:35.149 [FXGL Background Thread 3 ] DEBUG Engine               - fullScreen: BooleanProperty [value: false]
14:51:35.149 [FXGL Background Thread 3 ] DEBUG Engine               - gameDifficulty: MEDIUM
14:51:35.149 [FXGL Background Thread 3 ] DEBUG Engine               - gameDifficultyProperty: ObjectProperty [value: MEDIUM]
14:51:35.150 [FXGL Background Thread 3 ] DEBUG Engine               - globalMusicVolume: 0.5
14:51:35.150 [FXGL Background Thread 3 ] DEBUG Engine               - globalMusicVolumeProperty: DoubleProperty [value: 0.5]
14:51:35.150 [FXGL Background Thread 3 ] DEBUG Engine               - globalSoundVolume: 0.5
14:51:35.150 [FXGL Background Thread 3 ] DEBUG Engine               - globalSoundVolumeProperty: DoubleProperty [value: 0.5]
14:51:35.151 [FXGL Background Thread 3 ] DEBUG Engine               - height: 600
14:51:35.151 [FXGL Background Thread 3 ] DEBUG Engine               - is3D: false
14:51:35.151 [FXGL Background Thread 3 ] DEBUG Engine               - isAndroid: false
14:51:35.151 [FXGL Background Thread 3 ] DEBUG Engine               - isBrowser: false
14:51:35.151 [FXGL Background Thread 3 ] DEBUG Engine               - isClickFeedbackEnabled: false
14:51:35.152 [FXGL Background Thread 3 ] DEBUG Engine               - isCloseConfirmation: false
14:51:35.152 [FXGL Background Thread 3 ] DEBUG Engine               - isDesktop: true
14:51:35.152 [FXGL Background Thread 3 ] DEBUG Engine               - isDeveloperMenuEnabled: false
14:51:35.152 [FXGL Background Thread 3 ] DEBUG Engine               - isEmbedded: false
14:51:35.152 [FXGL Background Thread 3 ] DEBUG Engine               - isEntityPreloadEnabled: true
14:51:35.152 [FXGL Background Thread 3 ] DEBUG Engine               - isExperimentalTiledLargeMap: false
14:51:35.152 [FXGL Background Thread 3 ] DEBUG Engine               - isFileSystemWriteAllowed: true
14:51:35.153 [FXGL Background Thread 3 ] DEBUG Engine               - isFullScreenAllowed: false
14:51:35.153 [FXGL Background Thread 3 ] DEBUG Engine               - isFullScreenFromStart: false
14:51:35.153 [FXGL Background Thread 3 ] DEBUG Engine               - isGameMenuEnabled: true
14:51:35.153 [FXGL Background Thread 3 ] DEBUG Engine               - isIOS: false
14:51:35.153 [FXGL Background Thread 3 ] DEBUG Engine               - isIntroEnabled: false
14:51:35.153 [FXGL Background Thread 3 ] DEBUG Engine               - isLinux: false
14:51:35.153 [FXGL Background Thread 3 ] DEBUG Engine               - isMac: true
14:51:35.153 [FXGL Background Thread 3 ] DEBUG Engine               - isMainMenuEnabled: true
14:51:35.153 [FXGL Background Thread 3 ] DEBUG Engine               - isManualResizeEnabled: false
14:51:35.153 [FXGL Background Thread 3 ] DEBUG Engine               - isMobile: false
14:51:35.154 [FXGL Background Thread 3 ] DEBUG Engine               - isNative: false
14:51:35.154 [FXGL Background Thread 3 ] DEBUG Engine               - isPauseMusicWhenMinimized: true
14:51:35.154 [FXGL Background Thread 3 ] DEBUG Engine               - isPreserveResizeRatio: false
14:51:35.154 [FXGL Background Thread 3 ] DEBUG Engine               - isProfilingEnabled: false
14:51:35.154 [FXGL Background Thread 3 ] DEBUG Engine               - isScaleAffectedOnResize: true
14:51:35.154 [FXGL Background Thread 3 ] DEBUG Engine               - isSingleStep: false
14:51:35.155 [FXGL Background Thread 3 ] DEBUG Engine               - isUserProfileEnabled: false
14:51:35.155 [FXGL Background Thread 3 ] DEBUG Engine               - isWindows: false
14:51:35.155 [FXGL Background Thread 3 ] DEBUG Engine               - language: ObjectProperty [value: ENGLISH]
14:51:35.155 [FXGL Background Thread 3 ] DEBUG Engine               - menuKey: ESCAPE
14:51:35.155 [FXGL Background Thread 3 ] DEBUG Engine               - mouseSensitivity: 0.2
14:51:35.155 [FXGL Background Thread 3 ] DEBUG Engine               - notificationViewClass: class com.almasb.fxgl.notification.view.XboxNotificationView
14:51:35.155 [FXGL Background Thread 3 ] DEBUG Engine               - pixelsPerMeter: 50.0
14:51:35.156 [FXGL Background Thread 3 ] DEBUG Engine               - platform: MAC
14:51:35.156 [FXGL Background Thread 3 ] DEBUG Engine               - prefHeightProperty: ReadOnlyDoubleProperty [value: 600.0]
14:51:35.156 [FXGL Background Thread 3 ] DEBUG Engine               - prefWidthProperty: ReadOnlyDoubleProperty [value: 450.0]
14:51:35.156 [FXGL Background Thread 3 ] DEBUG Engine               - profileDir: profiles/
14:51:35.156 [FXGL Background Thread 3 ] DEBUG Engine               - profileName: StringProperty [value: DEFAULT]
14:51:35.156 [FXGL Background Thread 3 ] DEBUG Engine               - randomSeed: -1
14:51:35.157 [FXGL Background Thread 3 ] DEBUG Engine               - runtimeInfo: RuntimeInfo(platform=MAC, version=17.2, build=20.08.2022 16.50)
14:51:35.157 [FXGL Background Thread 3 ] DEBUG Engine               - saveFileExt: sav
14:51:35.157 [FXGL Background Thread 3 ] DEBUG Engine               - scaledHeightProp$fxgl: DoubleProperty [bound, value: 600.0]
14:51:35.157 [FXGL Background Thread 3 ] DEBUG Engine               - scaledWidthProp$fxgl: DoubleProperty [bound, value: 450.0]
14:51:35.157 [FXGL Background Thread 3 ] DEBUG Engine               - sceneFactory: com.ood.spacexinvader.GameStart$1@a3ad2c0
14:51:35.158 [FXGL Background Thread 3 ] DEBUG Engine               - secondsIn24h: 60
14:51:35.158 [FXGL Background Thread 3 ] DEBUG Engine               - soundMenuBack: menu/back.wav
14:51:35.158 [FXGL Background Thread 3 ] DEBUG Engine               - soundMenuPress: menu/press.wav
14:51:35.158 [FXGL Background Thread 3 ] DEBUG Engine               - soundMenuSelect: menu/select.wav
14:51:35.158 [FXGL Background Thread 3 ] DEBUG Engine               - soundNotification: core/notification.wav
14:51:35.158 [FXGL Background Thread 3 ] DEBUG Engine               - stageStyle: DECORATED
14:51:35.159 [FXGL Background Thread 3 ] DEBUG Engine               - supportedLanguages: [ENGLISH, FRENCH, GERMAN, HUNGARIAN, RUSSIAN]
14:51:35.159 [FXGL Background Thread 3 ] DEBUG Engine               - ticksPerSecond: -1
14:51:35.159 [FXGL Background Thread 3 ] DEBUG Engine               - title: SpaceX Invader
14:51:35.159 [FXGL Background Thread 3 ] DEBUG Engine               - urlGithub: https://github.com/AlmasB/FXGL
14:51:35.160 [FXGL Background Thread 3 ] DEBUG Engine               - urlLeaderboard: http://fxgl-top.herokuapp.com/
14:51:35.160 [FXGL Background Thread 3 ] DEBUG Engine               - urlPOM: https://raw.githubusercontent.com/AlmasB/FXGL/release/README.md
14:51:35.160 [FXGL Background Thread 3 ] DEBUG Engine               - userAppClass: class com.ood.spacexinvader.GameStart
14:51:35.160 [FXGL Background Thread 3 ] DEBUG Engine               - version: 0.0
14:51:35.160 [FXGL Background Thread 3 ] DEBUG Engine               - versionCheckDays: 7
14:51:35.160 [FXGL Background Thread 3 ] DEBUG Engine               - width: 450
14:51:35.160 [FXGL Background Thread 3 ] DEBUG Engine               - Logging services
14:51:35.160 [FXGL Background Thread 3 ] DEBUG Engine               - class com.almasb.fxgl.app.services.FXGLAssetLoaderService
14:51:35.160 [FXGL Background Thread 3 ] DEBUG Engine               - class com.almasb.fxgl.app.FXGLApplication$GameApplicationService
14:51:35.160 [FXGL Background Thread 3 ] DEBUG Engine               - class com.almasb.fxgl.app.services.FXGLDialogService
14:51:35.161 [FXGL Background Thread 3 ] DEBUG Engine               - class com.almasb.fxgl.app.services.IOTaskExecutorService
14:51:35.161 [FXGL Background Thread 3 ] DEBUG Engine               - class com.almasb.fxgl.io.FileSystemService
14:51:35.161 [FXGL Background Thread 3 ] DEBUG Engine               - class com.almasb.fxgl.localization.LocalizationService
14:51:35.161 [FXGL Background Thread 3 ] DEBUG Engine               - class com.almasb.fxgl.app.services.SystemBundleService
14:51:35.161 [FXGL Background Thread 3 ] DEBUG Engine               - class com.almasb.fxgl.profile.SaveLoadService
14:51:35.161 [FXGL Background Thread 3 ] DEBUG Engine               - class com.almasb.fxgl.ui.FXGLUIFactoryServiceProvider
14:51:35.161 [FXGL Background Thread 3 ] DEBUG Engine               - class com.almasb.fxgl.ui.FXGLDialogFactoryServiceProvider
14:51:35.161 [FXGL Background Thread 3 ] DEBUG Engine               - class com.almasb.fxgl.audio.AudioPlayer
14:51:35.161 [FXGL Background Thread 3 ] DEBUG Engine               - class com.almasb.fxgl.notification.impl.NotificationServiceProvider
14:51:35.161 [FXGL Background Thread 3 ] DEBUG Engine               - class com.almasb.fxgl.achievement.AchievementService
14:51:35.161 [FXGL Background Thread 3 ] DEBUG Engine               - class com.almasb.fxgl.cutscene.CutsceneService
14:51:35.161 [FXGL Background Thread 3 ] DEBUG Engine               - class com.almasb.fxgl.minigames.MiniGameService
14:51:35.162 [FXGL Background Thread 3 ] DEBUG Engine               - class com.almasb.fxgl.net.NetService
14:51:35.162 [FXGL Background Thread 3 ] DEBUG Engine               - class com.almasb.fxgl.app.services.UpdaterService
14:51:35.162 [FXGL Background Thread 3 ] DEBUG Engine               - class com.almasb.fxgl.dev.DevService
14:51:40.751 [JavaFX Application Thread] DEBUG FXGLApplication      - Exiting FXGL
14:51:40.752 [JavaFX Application Thread] DEBUG LoopRunner           - Stopping loop
14:51:40.752 [JavaFX Application Thread] DEBUG SystemBundleService  - Saving FXGL system data
14:51:40.756 [JavaFX Application Thread] DEBUG FileSystemAccess     - Writing to: /Users/leowong/IdeaProjects/SpaceX-Invader/system/fxgl.bundle
14:51:40.758 [JavaFX Application Thread] DEBUG Async                - Shutting down background threads
14:51:40.758 [JavaFX Application Thread] DEBUG PrimaryStageWindow   - Closing main window
14:51:40.768 [JavaFX Application Thread] DEBUG Logger               - Closing Logger
