11:12:13.423 [main                     ] DEBUG Logger               - Configured Logger
11:12:13.477 [main                     ] DEBUG GameApplication      - Logging settings
Title: SpaceX Invader
Version: 0.0
Width: 450
Height: 600
Fullscreen: false
Intro: false
Profiling: false
Single step:false
App Mode: DEVELOPER
Menu Key: ESCAPE
Stage Style: DECORATED
Scene Factory: class com.ood.spacexinvader.GameStart$1

11:12:14.121 [JavaFX Application Thread] DEBUG FXGLApplication      - Initializing FXGL
11:12:14.132 [JavaFX Application Thread] INFO  Engine               - FXGL-17.2 (20.08.2022 16.50) on MAC (J:17.0.3 FX:18)
11:12:14.133 [JavaFX Application Thread] DEBUG Engine               - JRE Vendor Name: Eclipse Adoptium
11:12:14.134 [JavaFX Application Thread] DEBUG Engine               - Running on OS: Mac OS X version 13.1
11:12:14.134 [JavaFX Application Thread] DEBUG Engine               - Architecture: x86_64
11:12:14.134 [JavaFX Application Thread] INFO  Engine               - Source code and latest versions at: https://github.com/AlmasB/FXGL
11:12:14.135 [JavaFX Application Thread] INFO  Engine               -       Ask questions and discuss at: https://github.com/AlmasB/FXGL/discussions
11:12:14.135 [JavaFX Application Thread] INFO  Engine               -              Join the FXGL chat at: https://gitter.im/AlmasB/FXGL
11:12:14.376 [JavaFX Application Thread] DEBUG PrimaryStageWindow   - Creating a JavaFX scene
11:12:14.484 [JavaFX Application Thread] DEBUG PrimaryStageWindow   - Target settings size: 450.0 x 600.0
11:12:14.485 [JavaFX Application Thread] DEBUG PrimaryStageWindow   - Scaled scene size:    450.0 x 600.0
11:12:14.486 [JavaFX Application Thread] DEBUG PrimaryStageWindow   - Scaled ratio: (1.0, 1.0)
11:12:14.488 [JavaFX Application Thread] DEBUG PrimaryStageWindow   - Set initial scene to FXGLStartupScene
11:12:14.503 [JavaFX Application Thread] DEBUG PrimaryStageWindow   - Opening main window
11:12:14.668 [JavaFX Application Thread] DEBUG PrimaryStageWindow   - Window border size: (0.0, 28.0)
11:12:14.668 [JavaFX Application Thread] DEBUG PrimaryStageWindow   - Scaled size: 450.0 x 600.0
11:12:14.668 [JavaFX Application Thread] DEBUG PrimaryStageWindow   - Scaled ratio: (1.0, 1.0)
11:12:14.669 [JavaFX Application Thread] DEBUG PrimaryStageWindow   - Scene size: 450.0 x 600.0
11:12:14.669 [JavaFX Application Thread] DEBUG PrimaryStageWindow   - Stage size: 450.0 x 628.0
11:12:14.681 [FXGL Background Thread 1 ] DEBUG Engine               - Initializing environment variables
11:12:14.768 [FXGL Background Thread 1 ] DEBUG FXGLAssetLoaderServi - User app class for loading assets: class com.ood.spacexinvader.GameStart
11:12:14.768 [FXGL Background Thread 1 ] DEBUG GameApplicationServi - Applying CSS: fxgl_dark.css
11:12:14.770 [FXGL Background Thread 1 ] DEBUG FXGLAssetLoaderServi - Loading from file system: jar:file:///Users/leowong/.gradle/caches/modules-2/files-2.1/com.github.almasb/fxgl/17.2/35db6ae960eec2dcfd19262d3b7f9c42f0e95bc3/fxgl-17.2.jar!/fxglassets/ui/css/fxgl_dark.css
11:12:15.024 [FXGL Background Thread 1 ] DEBUG GameApplicationServi - Initializing application scenes
11:12:15.435 [FXGL Background Thread 1 ] DEBUG GameWorld            - Game world initialized
11:12:15.518 [FXGL Background Thread 1 ] DEBUG PhysicsWorld         - Physics world initialized: appHeight=600, physics.ppm=50.0
11:12:15.519 [FXGL Background Thread 1 ] DEBUG PhysicsWorld         - Using strategy: BRUTE_FORCE
11:12:15.524 [FXGL Background Thread 1 ] DEBUG GameScene            - Game scene initialized: 450x600
11:12:15.636 [FXGL Background Thread 1 ] DEBUG GameApplicationServi - Application scenes initialized
11:12:15.662 [FXGL Background Thread 1 ] DEBUG SystemBundleService  - Loading FXGL system data
11:12:15.669 [FXGL Background Thread 1 ] DEBUG FileSystemAccess     - Reading from: /Users/leowong/IdeaProjects/SpaceX-Invader/system/fxgl.bundle
11:12:15.682 [FXGL Background Thread 1 ] DEBUG SystemBundleService  - Bundle FXGL: {}
11:12:15.682 [FXGL Background Thread 1 ] DEBUG UpdaterService       - Checking for updates
11:12:15.690 [FXGL Background Thread 4 ] DEBUG FXGLApplication      - Loading fonts
11:12:15.691 [FXGL Background Thread 4 ] DEBUG FXGLAssetLoaderServi - Loading from file system: jar:file:///Users/leowong/.gradle/caches/modules-2/files-2.1/com.github.almasb/fxgl/17.2/35db6ae960eec2dcfd19262d3b7f9c42f0e95bc3/fxgl-17.2.jar!/fxglassets/ui/fonts/VarelaRound-Regular.ttf
11:12:15.692 [FXGL Background Thread 1 ] DEBUG FXGLApplication      - Loading default localization
11:12:15.693 [FXGL Background Thread 1 ] DEBUG FXGLAssetLoaderServi - Loading from file system: jar:file:///Users/leowong/.gradle/caches/modules-2/files-2.1/com.github.almasb/fxgl/17.2/35db6ae960eec2dcfd19262d3b7f9c42f0e95bc3/fxgl-17.2.jar!/fxglassets/languages/english.lang
11:12:15.711 [FXGL Background Thread 4 ] DEBUG FXGLAssetLoaderServi - Loading from file system: jar:file:///Users/leowong/.gradle/caches/modules-2/files-2.1/com.github.almasb/fxgl/17.2/35db6ae960eec2dcfd19262d3b7f9c42f0e95bc3/fxgl-17.2.jar!/fxglassets/ui/fonts/Abel-Regular.ttf
11:12:15.717 [FXGL Background Thread 4 ] DEBUG FXGLAssetLoaderServi - Loading from file system: jar:file:///Users/leowong/.gradle/caches/modules-2/files-2.1/com.github.almasb/fxgl/17.2/35db6ae960eec2dcfd19262d3b7f9c42f0e95bc3/fxgl-17.2.jar!/fxglassets/ui/fonts/TerminalLandMono-Regular.otf
11:12:15.718 [FXGL Background Thread 1 ] INFO  FXGLApplication      - FXGL initialization took: 1.037 sec
11:12:15.733 [FXGL Background Thread 4 ] DEBUG FXGLAssetLoaderServi - Loading from file system: jar:file:///Users/leowong/.gradle/caches/modules-2/files-2.1/com.github.almasb/fxgl/17.2/35db6ae960eec2dcfd19262d3b7f9c42f0e95bc3/fxgl-17.2.jar!/fxglassets/ui/fonts/Courier-Prime.ttf
11:12:15.744 [JavaFX Application Thread] DEBUG Input                - Registered new binding: Left - A
11:12:15.745 [JavaFX Application Thread] DEBUG Input                - Registered new binding: Right - D
11:12:15.745 [JavaFX Application Thread] DEBUG Input                - Registered new binding: Shoot - J
11:12:15.746 [JavaFX Application Thread] DEBUG FXGLAssetLoaderServi - Loading from file system: file:/Users/leowong/IdeaProjects/SpaceX-Invader/build/resources/main/assets/textures/icon/spacex-invader-favicon-black.png
11:12:15.792 [JavaFX Application Thread] DEBUG FXGLAssetLoaderServi - Loading from file system: jar:file:///Users/leowong/.gradle/caches/modules-2/files-2.1/com.github.almasb/fxgl/17.2/35db6ae960eec2dcfd19262d3b7f9c42f0e95bc3/fxgl-17.2.jar!/fxglassets/textures/fxgl_default_cursor.png
11:12:15.796 [JavaFX Application Thread] DEBUG Input                - Registered new binding: Screenshot - CTRL+8
11:12:15.797 [JavaFX Application Thread] DEBUG Input                - Registered new binding: System info dump - CTRL+9
11:12:15.797 [JavaFX Application Thread] DEBUG Input                - Registered new binding: Restart - CTRL+R
11:12:15.798 [JavaFX Application Thread] DEBUG Input                - Registered new binding: Toggle Debug Camera - CTRL+7
11:12:15.800 [JavaFX Application Thread] DEBUG LoopRunner           - Starting loop
11:12:15.800 [JavaFX Application Thread] DEBUG LoopRunner           - Initializing JavaFX AnimationTimerLoop
11:12:15.802 [JavaFX Application Thread] DEBUG Input                - Clearing active input actions
11:12:15.814 [JavaFX Application Thread] DEBUG GameApplicationServi - Removing overlay from FXGLStartupScene and adding to FXGLMainMenuDummyScene
11:12:15.815 [JavaFX Application Thread] DEBUG PrimaryStageWindow   - FXGLStartupScene -> FXGLMainMenuDummyScene
11:12:15.815 [JavaFX Application Thread] DEBUG PrimaryStageWindow   - Push state: MainMenu
11:12:15.815 [JavaFX Application Thread] DEBUG Input                - Clearing active input actions
11:12:15.825 [JavaFX Application Thread] DEBUG GameApplicationServi - Removing overlay from FXGLMainMenuDummyScene and adding to MainMenu
11:12:15.826 [JavaFX Application Thread] DEBUG PrimaryStageWindow   - FXGLMainMenuDummyScene -> MainMenu
11:12:15.892 [JavaFX Application Thread] DEBUG FXGLApplication      - Registering font factories with UI factory
11:12:16.685 [JavaFX Application Thread] DEBUG PrimaryStageWindow   - Push state: DialogSubScene
11:12:16.685 [JavaFX Application Thread] DEBUG Input                - Clearing active input actions
11:12:16.686 [JavaFX Application Thread] DEBUG GameApplicationServi - Removing overlay from MainMenu and adding to DialogSubScene
11:12:16.687 [JavaFX Application Thread] DEBUG PrimaryStageWindow   - MainMenu -> DialogSubScene
11:12:17.760 [JavaFX Application Thread] DEBUG PrimaryStageWindow   - Pop state: DialogSubScene
11:12:17.760 [JavaFX Application Thread] DEBUG Input                - Clearing active input actions
11:12:17.761 [JavaFX Application Thread] DEBUG GameApplicationServi - Removing overlay from DialogSubScene and adding to MainMenu
11:12:17.763 [JavaFX Application Thread] DEBUG PrimaryStageWindow   - MainMenu <- DialogSubScene
11:12:17.763 [JavaFX Application Thread] DEBUG FXGLApplication      - Exiting FXGL
11:12:17.763 [JavaFX Application Thread] DEBUG LoopRunner           - Stopping loop
11:12:17.763 [JavaFX Application Thread] DEBUG SystemBundleService  - Saving FXGL system data
11:12:17.767 [JavaFX Application Thread] DEBUG FileSystemAccess     - Writing to: /Users/leowong/IdeaProjects/SpaceX-Invader/system/fxgl.bundle
11:12:17.768 [JavaFX Application Thread] DEBUG Async                - Shutting down background threads
11:12:17.769 [JavaFX Application Thread] DEBUG PrimaryStageWindow   - Closing main window
11:12:17.783 [JavaFX Application Thread] DEBUG Logger               - Closing Logger
