10:39:32.726 [main                     ] DEBUG Logger               - Configured Logger
10:39:32.777 [main                     ] DEBUG GameApplication      - Logging settings
Title: SpaceX Invader
Version: 0.0
Width: 450
Height: 600
Fullscreen: false
Intro: false
Profiling: false
Single step:false
App Mode: DEVELOPER
Menu Key: ESCAPE
Stage Style: DECORATED
Scene Factory: class com.almasb.fxgl.app.scene.SceneFactory

10:39:33.297 [JavaFX Application Thread] DEBUG FXGLApplication      - Initializing FXGL
10:39:33.304 [JavaFX Application Thread] INFO  Engine               - FXGL-17.2 (20.08.2022 16.50) on MAC (J:17.0.3 FX:17.0.2-ea)
10:39:33.305 [JavaFX Application Thread] DEBUG Engine               - JRE Vendor Name: Eclipse Adoptium
10:39:33.306 [JavaFX Application Thread] DEBUG Engine               - Running on OS: Mac OS X version 13.1
10:39:33.306 [JavaFX Application Thread] DEBUG Engine               - Architecture: x86_64
10:39:33.306 [JavaFX Application Thread] INFO  Engine               - Source code and latest versions at: https://github.com/AlmasB/FXGL
10:39:33.306 [JavaFX Application Thread] INFO  Engine               -       Ask questions and discuss at: https://github.com/AlmasB/FXGL/discussions
10:39:33.307 [JavaFX Application Thread] INFO  Engine               -              Join the FXGL chat at: https://gitter.im/AlmasB/FXGL
10:39:33.427 [JavaFX Application Thread] DEBUG PrimaryStageWindow   - Creating a JavaFX scene
10:39:33.493 [JavaFX Application Thread] DEBUG PrimaryStageWindow   - Target settings size: 450.0 x 600.0
10:39:33.493 [JavaFX Application Thread] DEBUG PrimaryStageWindow   - Scaled scene size:    450.0 x 600.0
10:39:33.494 [JavaFX Application Thread] DEBUG PrimaryStageWindow   - Scaled ratio: (1.0, 1.0)
10:39:33.495 [JavaFX Application Thread] DEBUG PrimaryStageWindow   - Set initial scene to FXGLStartupScene
10:39:33.505 [JavaFX Application Thread] DEBUG PrimaryStageWindow   - Opening main window
10:39:33.630 [JavaFX Application Thread] DEBUG PrimaryStageWindow   - Window border size: (0.0, 28.0)
10:39:33.630 [JavaFX Application Thread] DEBUG PrimaryStageWindow   - Scaled size: 450.0 x 600.0
10:39:33.631 [JavaFX Application Thread] DEBUG PrimaryStageWindow   - Scaled ratio: (1.0, 1.0)
10:39:33.631 [JavaFX Application Thread] DEBUG PrimaryStageWindow   - Scene size: 450.0 x 600.0
10:39:33.631 [JavaFX Application Thread] DEBUG PrimaryStageWindow   - Stage size: 450.0 x 628.0
10:39:33.638 [FXGL Background Thread 1 ] DEBUG Engine               - Initializing environment variables
10:39:33.683 [FXGL Background Thread 1 ] DEBUG FXGLAssetLoaderServi - User app class for loading assets: class com.ood.spacexinvader.GameStart
10:39:33.683 [FXGL Background Thread 1 ] DEBUG GameApplicationServi - Applying CSS: fxgl_dark.css
10:39:33.684 [FXGL Background Thread 1 ] DEBUG FXGLAssetLoaderServi - Loading from file system: jar:file:///Users/leowong/.gradle/caches/modules-2/files-2.1/com.github.almasb/fxgl/17.2/35db6ae960eec2dcfd19262d3b7f9c42f0e95bc3/fxgl-17.2.jar!/fxglassets/ui/css/fxgl_dark.css
10:39:33.746 [FXGL Background Thread 1 ] DEBUG GameApplicationServi - Initializing application scenes
10:39:34.155 [FXGL Background Thread 1 ] DEBUG GameWorld            - Game world initialized
10:39:34.233 [FXGL Background Thread 1 ] DEBUG PhysicsWorld         - Physics world initialized: appHeight=600, physics.ppm=50.0
10:39:34.233 [FXGL Background Thread 1 ] DEBUG PhysicsWorld         - Using strategy: BRUTE_FORCE
10:39:34.242 [FXGL Background Thread 1 ] DEBUG GameScene            - Game scene initialized: 450x600
10:39:34.260 [FXGL Background Thread 1 ] WARN  FXGL.DefaultMenu     - FXGLDefaultMenu is not designed for resolutions < 800x600
10:39:34.260 [FXGL Background Thread 1 ] DEBUG FXGL.DefaultMenu     - createMenuBodyGameMenu()
10:39:34.278 [FXGL Background Thread 1 ] DEBUG FXGL.DefaultMenu     - createOptionsMenu()
10:39:34.291 [FXGL Background Thread 1 ] DEBUG FXGLAssetLoaderServi - Loading from file system: jar:file:///Users/leowong/.gradle/caches/modules-2/files-2.1/com.github.almasb/fxgl/17.2/35db6ae960eec2dcfd19262d3b7f9c42f0e95bc3/fxgl-17.2.jar!/fxglassets/textures/particles/smoke.png
10:39:34.396 [FXGL Background Thread 1 ] DEBUG FXGLAssetLoaderServi - Loading from file system: jar:file:///Users/leowong/.gradle/caches/modules-2/files-2.1/com.github.almasb/fxgl/17.2/35db6ae960eec2dcfd19262d3b7f9c42f0e95bc3/fxgl-17.2.jar!/fxglassets/textures/particles/trace_horizontal.png
10:39:34.428 [FXGL Background Thread 1 ] DEBUG GameApplicationServi - Application scenes initialized
10:39:34.447 [FXGL Background Thread 1 ] DEBUG SystemBundleService  - Loading FXGL system data
10:39:34.453 [FXGL Background Thread 1 ] DEBUG FileSystemAccess     - Reading from: /Users/leowong/IdeaProjects/SpaceX-Invader/system/fxgl.bundle
10:39:34.464 [FXGL Background Thread 1 ] DEBUG SystemBundleService  - Bundle FXGL: {}
10:39:34.464 [FXGL Background Thread 1 ] DEBUG UpdaterService       - Checking for updates
10:39:34.470 [FXGL Background Thread 4 ] DEBUG FXGLApplication      - Loading fonts
10:39:34.470 [FXGL Background Thread 4 ] DEBUG FXGLAssetLoaderServi - Loading from file system: jar:file:///Users/leowong/.gradle/caches/modules-2/files-2.1/com.github.almasb/fxgl/17.2/35db6ae960eec2dcfd19262d3b7f9c42f0e95bc3/fxgl-17.2.jar!/fxglassets/ui/fonts/VarelaRound-Regular.ttf
10:39:34.471 [FXGL Background Thread 1 ] DEBUG FXGLApplication      - Loading default localization
10:39:34.472 [FXGL Background Thread 1 ] DEBUG FXGLAssetLoaderServi - Loading from file system: jar:file:///Users/leowong/.gradle/caches/modules-2/files-2.1/com.github.almasb/fxgl/17.2/35db6ae960eec2dcfd19262d3b7f9c42f0e95bc3/fxgl-17.2.jar!/fxglassets/languages/english.lang
10:39:34.493 [FXGL Background Thread 4 ] DEBUG FXGLAssetLoaderServi - Loading from file system: jar:file:///Users/leowong/.gradle/caches/modules-2/files-2.1/com.github.almasb/fxgl/17.2/35db6ae960eec2dcfd19262d3b7f9c42f0e95bc3/fxgl-17.2.jar!/fxglassets/ui/fonts/Abel-Regular.ttf
10:39:34.498 [FXGL Background Thread 4 ] DEBUG FXGLAssetLoaderServi - Loading from file system: jar:file:///Users/leowong/.gradle/caches/modules-2/files-2.1/com.github.almasb/fxgl/17.2/35db6ae960eec2dcfd19262d3b7f9c42f0e95bc3/fxgl-17.2.jar!/fxglassets/ui/fonts/TerminalLandMono-Regular.otf
10:39:34.502 [FXGL Background Thread 1 ] INFO  FXGLApplication      - FXGL initialization took: 0.864 sec
10:39:34.503 [JavaFX Application Thread] DEBUG FXGLAssetLoaderServi - Loading from file system: jar:file:///Users/leowong/IdeaProjects/SpaceX-Invader/build/libs/SpaceX-Invader-1.0-SNAPSHOT.jar!/assets/textures/icon/spacex-invader-favicon-black.png
10:39:34.504 [FXGL Background Thread 4 ] DEBUG FXGLAssetLoaderServi - Loading from file system: jar:file:///Users/leowong/.gradle/caches/modules-2/files-2.1/com.github.almasb/fxgl/17.2/35db6ae960eec2dcfd19262d3b7f9c42f0e95bc3/fxgl-17.2.jar!/fxglassets/ui/fonts/Courier-Prime.ttf
10:39:34.524 [JavaFX Application Thread] DEBUG FXGLAssetLoaderServi - Loading from file system: jar:file:///Users/leowong/.gradle/caches/modules-2/files-2.1/com.github.almasb/fxgl/17.2/35db6ae960eec2dcfd19262d3b7f9c42f0e95bc3/fxgl-17.2.jar!/fxglassets/textures/fxgl_default_cursor.png
10:39:34.538 [JavaFX Application Thread] DEBUG Input                - Registered new binding: Screenshot - CTRL+8
10:39:34.539 [JavaFX Application Thread] DEBUG Input                - Registered new binding: System info dump - CTRL+9
10:39:34.539 [JavaFX Application Thread] DEBUG Input                - Registered new binding: Restart - CTRL+R
10:39:34.540 [JavaFX Application Thread] DEBUG Input                - Registered new binding: Toggle Debug Camera - CTRL+7
10:39:34.543 [JavaFX Application Thread] DEBUG LoopRunner           - Starting loop
10:39:34.543 [JavaFX Application Thread] DEBUG LoopRunner           - Initializing JavaFX AnimationTimerLoop
10:39:34.544 [JavaFX Application Thread] DEBUG GameApplicationServi - Starting new game
10:39:34.545 [JavaFX Application Thread] DEBUG Input                - Clearing active input actions
10:39:34.555 [JavaFX Application Thread] DEBUG GameApplicationServi - Removing overlay from FXGLStartupScene and adding to FXGLLoadingScene
10:39:34.556 [JavaFX Application Thread] DEBUG PrimaryStageWindow   - FXGLStartupScene -> FXGLLoadingScene
10:39:34.556 [JavaFX Application Thread] DEBUG GameApplicationServi - Clearing previous game
10:39:34.556 [JavaFX Application Thread] DEBUG GameScene            - Clearing game scene
10:39:34.556 [JavaFX Application Thread] DEBUG GameWorld            - Clearing game world
10:39:34.556 [JavaFX Application Thread] DEBUG PhysicsWorld         - Clearing physics world
10:39:34.558 [FXGL Background Thread 4 ] DEBUG FXGLApplication      - Initializing game
10:39:34.561 [FXGL Background Thread 4 ] WARN  FXGLAssetLoaderServi - Asset "/assets/textures/SpaceX.png" was not found!
10:39:34.562 [FXGL Background Thread 4 ] WARN  FXGLAssetLoaderServi - Failed to load IMAGE
10:39:34.619 [JavaFX Application Thread] DEBUG FXGLApplication      - Registering font factories with UI factory
10:39:34.674 [FXGL Background Thread 4 ] INFO  FXGLApplication      - Game initialization took: 0.116 sec
10:39:34.707 [JavaFX Application Thread] DEBUG Input                - Clearing active input actions
10:39:34.718 [JavaFX Application Thread] DEBUG GameApplicationServi - Removing overlay from FXGLLoadingScene and adding to GameScene
10:39:34.719 [JavaFX Application Thread] DEBUG PrimaryStageWindow   - FXGLLoadingScene -> GameScene
10:39:35.757 [JavaFX Application Thread] DEBUG FXGLApplication      - Exiting FXGL
10:39:35.757 [JavaFX Application Thread] DEBUG LoopRunner           - Stopping loop
10:39:35.757 [JavaFX Application Thread] DEBUG SystemBundleService  - Saving FXGL system data
10:39:35.760 [JavaFX Application Thread] DEBUG FileSystemAccess     - Writing to: /Users/leowong/IdeaProjects/SpaceX-Invader/system/fxgl.bundle
10:39:35.762 [JavaFX Application Thread] DEBUG Async                - Shutting down background threads
10:39:35.762 [JavaFX Application Thread] DEBUG PrimaryStageWindow   - Closing main window
10:39:35.774 [JavaFX Application Thread] DEBUG Logger               - Closing Logger
