10:37:16.878 [main                     ] DEBUG Logger               - Configured Logger
10:37:16.914 [main                     ] DEBUG GameApplication      - Logging settings
Title: SpaceX Invader
Version: 0.0
Width: 450
Height: 600
Fullscreen: false
Intro: false
Profiling: false
Single step:false
App Mode: DEVELOPER
Menu Key: ESCAPE
Stage Style: DECORATED
Scene Factory: class com.almasb.fxgl.app.scene.SceneFactory

10:37:17.479 [JavaFX Application Thread] DEBUG FXGLApplication      - Initializing FXGL
10:37:17.485 [JavaFX Application Thread] INFO  Engine               - FXGL-17.2 (20.08.2022 16.50) on MAC (J:17.0.3 FX:17.0.2-ea)
10:37:17.486 [JavaFX Application Thread] DEBUG Engine               - JRE Vendor Name: Eclipse Adoptium
10:37:17.487 [JavaFX Application Thread] DEBUG Engine               - Running on OS: Mac OS X version 13.1
10:37:17.487 [JavaFX Application Thread] DEBUG Engine               - Architecture: x86_64
10:37:17.487 [JavaFX Application Thread] INFO  Engine               - Source code and latest versions at: https://github.com/AlmasB/FXGL
10:37:17.487 [JavaFX Application Thread] INFO  Engine               -       Ask questions and discuss at: https://github.com/AlmasB/FXGL/discussions
10:37:17.488 [JavaFX Application Thread] INFO  Engine               -              Join the FXGL chat at: https://gitter.im/AlmasB/FXGL
10:37:17.623 [JavaFX Application Thread] DEBUG PrimaryStageWindow   - Creating a JavaFX scene
10:37:17.716 [JavaFX Application Thread] DEBUG PrimaryStageWindow   - Target settings size: 450.0 x 600.0
10:37:17.717 [JavaFX Application Thread] DEBUG PrimaryStageWindow   - Scaled scene size:    450.0 x 600.0
10:37:17.718 [JavaFX Application Thread] DEBUG PrimaryStageWindow   - Scaled ratio: (1.0, 1.0)
10:37:17.719 [JavaFX Application Thread] DEBUG PrimaryStageWindow   - Set initial scene to FXGLStartupScene
10:37:17.733 [JavaFX Application Thread] DEBUG PrimaryStageWindow   - Opening main window
10:37:17.891 [JavaFX Application Thread] DEBUG PrimaryStageWindow   - Window border size: (0.0, 28.0)
10:37:17.891 [JavaFX Application Thread] DEBUG PrimaryStageWindow   - Scaled size: 450.0 x 600.0
10:37:17.892 [JavaFX Application Thread] DEBUG PrimaryStageWindow   - Scaled ratio: (1.0, 1.0)
10:37:17.892 [JavaFX Application Thread] DEBUG PrimaryStageWindow   - Scene size: 450.0 x 600.0
10:37:17.893 [JavaFX Application Thread] DEBUG PrimaryStageWindow   - Stage size: 450.0 x 628.0
10:37:17.903 [FXGL Background Thread 1 ] DEBUG Engine               - Initializing environment variables
10:37:17.948 [FXGL Background Thread 1 ] DEBUG FXGLAssetLoaderServi - User app class for loading assets: class com.ood.spacexinvader.GameStart
10:37:17.949 [FXGL Background Thread 1 ] DEBUG GameApplicationServi - Applying CSS: fxgl_dark.css
10:37:17.951 [FXGL Background Thread 1 ] DEBUG FXGLAssetLoaderServi - Loading from file system: jar:file:///Users/leowong/.gradle/caches/modules-2/files-2.1/com.github.almasb/fxgl/17.2/35db6ae960eec2dcfd19262d3b7f9c42f0e95bc3/fxgl-17.2.jar!/fxglassets/ui/css/fxgl_dark.css
10:37:18.124 [FXGL Background Thread 1 ] DEBUG GameApplicationServi - Initializing application scenes
10:37:18.579 [FXGL Background Thread 1 ] DEBUG GameWorld            - Game world initialized
10:37:18.702 [FXGL Background Thread 1 ] DEBUG PhysicsWorld         - Physics world initialized: appHeight=600, physics.ppm=50.0
10:37:18.703 [FXGL Background Thread 1 ] DEBUG PhysicsWorld         - Using strategy: BRUTE_FORCE
10:37:18.710 [FXGL Background Thread 1 ] DEBUG GameScene            - Game scene initialized: 450x600
10:37:18.729 [FXGL Background Thread 1 ] WARN  FXGL.DefaultMenu     - FXGLDefaultMenu is not designed for resolutions < 800x600
10:37:18.729 [FXGL Background Thread 1 ] DEBUG FXGL.DefaultMenu     - createMenuBodyGameMenu()
10:37:18.765 [FXGL Background Thread 1 ] DEBUG FXGL.DefaultMenu     - createOptionsMenu()
10:37:18.784 [FXGL Background Thread 1 ] DEBUG FXGLAssetLoaderServi - Loading from file system: jar:file:///Users/leowong/.gradle/caches/modules-2/files-2.1/com.github.almasb/fxgl/17.2/35db6ae960eec2dcfd19262d3b7f9c42f0e95bc3/fxgl-17.2.jar!/fxglassets/textures/particles/smoke.png
10:37:18.963 [FXGL Background Thread 1 ] DEBUG FXGLAssetLoaderServi - Loading from file system: jar:file:///Users/leowong/.gradle/caches/modules-2/files-2.1/com.github.almasb/fxgl/17.2/35db6ae960eec2dcfd19262d3b7f9c42f0e95bc3/fxgl-17.2.jar!/fxglassets/textures/particles/trace_horizontal.png
10:37:18.997 [FXGL Background Thread 1 ] DEBUG GameApplicationServi - Application scenes initialized
10:37:19.016 [FXGL Background Thread 1 ] DEBUG SystemBundleService  - Loading FXGL system data
10:37:19.022 [FXGL Background Thread 1 ] DEBUG FileSystemAccess     - Reading from: /Users/leowong/IdeaProjects/SpaceX-Invader/system/fxgl.bundle
10:37:19.034 [FXGL Background Thread 1 ] DEBUG SystemBundleService  - Bundle FXGL: {}
10:37:19.034 [FXGL Background Thread 1 ] DEBUG UpdaterService       - Checking for updates
10:37:19.050 [FXGL Background Thread 4 ] DEBUG FXGLApplication      - Loading fonts
10:37:19.050 [FXGL Background Thread 4 ] DEBUG FXGLAssetLoaderServi - Loading from file system: jar:file:///Users/leowong/.gradle/caches/modules-2/files-2.1/com.github.almasb/fxgl/17.2/35db6ae960eec2dcfd19262d3b7f9c42f0e95bc3/fxgl-17.2.jar!/fxglassets/ui/fonts/VarelaRound-Regular.ttf
10:37:19.050 [FXGL Background Thread 1 ] DEBUG FXGLApplication      - Loading default localization
10:37:19.051 [FXGL Background Thread 1 ] DEBUG FXGLAssetLoaderServi - Loading from file system: jar:file:///Users/leowong/.gradle/caches/modules-2/files-2.1/com.github.almasb/fxgl/17.2/35db6ae960eec2dcfd19262d3b7f9c42f0e95bc3/fxgl-17.2.jar!/fxglassets/languages/english.lang
10:37:19.069 [FXGL Background Thread 4 ] DEBUG FXGLAssetLoaderServi - Loading from file system: jar:file:///Users/leowong/.gradle/caches/modules-2/files-2.1/com.github.almasb/fxgl/17.2/35db6ae960eec2dcfd19262d3b7f9c42f0e95bc3/fxgl-17.2.jar!/fxglassets/ui/fonts/Abel-Regular.ttf
10:37:19.072 [FXGL Background Thread 1 ] INFO  FXGLApplication      - FXGL initialization took: 1.169 sec
10:37:19.074 [JavaFX Application Thread] DEBUG FXGLAssetLoaderServi - Loading from file system: jar:file:///Users/leowong/IdeaProjects/SpaceX-Invader/build/libs/SpaceX-Invader-1.0-SNAPSHOT.jar!/assets/textures/icon/spacex-invader-favicon-black.png
10:37:19.076 [FXGL Background Thread 4 ] DEBUG FXGLAssetLoaderServi - Loading from file system: jar:file:///Users/leowong/.gradle/caches/modules-2/files-2.1/com.github.almasb/fxgl/17.2/35db6ae960eec2dcfd19262d3b7f9c42f0e95bc3/fxgl-17.2.jar!/fxglassets/ui/fonts/TerminalLandMono-Regular.otf
10:37:19.081 [FXGL Background Thread 4 ] DEBUG FXGLAssetLoaderServi - Loading from file system: jar:file:///Users/leowong/.gradle/caches/modules-2/files-2.1/com.github.almasb/fxgl/17.2/35db6ae960eec2dcfd19262d3b7f9c42f0e95bc3/fxgl-17.2.jar!/fxglassets/ui/fonts/Courier-Prime.ttf
10:37:19.094 [JavaFX Application Thread] DEBUG FXGLAssetLoaderServi - Loading from file system: jar:file:///Users/leowong/.gradle/caches/modules-2/files-2.1/com.github.almasb/fxgl/17.2/35db6ae960eec2dcfd19262d3b7f9c42f0e95bc3/fxgl-17.2.jar!/fxglassets/textures/fxgl_default_cursor.png
10:37:19.108 [JavaFX Application Thread] DEBUG Input                - Registered new binding: Screenshot - CTRL+8
10:37:19.109 [JavaFX Application Thread] DEBUG Input                - Registered new binding: System info dump - CTRL+9
10:37:19.109 [JavaFX Application Thread] DEBUG Input                - Registered new binding: Restart - CTRL+R
10:37:19.110 [JavaFX Application Thread] DEBUG Input                - Registered new binding: Toggle Debug Camera - CTRL+7
10:37:19.112 [JavaFX Application Thread] DEBUG LoopRunner           - Starting loop
10:37:19.112 [JavaFX Application Thread] DEBUG LoopRunner           - Initializing JavaFX AnimationTimerLoop
10:37:19.113 [JavaFX Application Thread] DEBUG GameApplicationServi - Starting new game
10:37:19.114 [JavaFX Application Thread] DEBUG Input                - Clearing active input actions
10:37:19.128 [JavaFX Application Thread] DEBUG GameApplicationServi - Removing overlay from FXGLStartupScene and adding to FXGLLoadingScene
10:37:19.129 [JavaFX Application Thread] DEBUG PrimaryStageWindow   - FXGLStartupScene -> FXGLLoadingScene
10:37:19.129 [JavaFX Application Thread] DEBUG GameApplicationServi - Clearing previous game
10:37:19.129 [JavaFX Application Thread] DEBUG GameScene            - Clearing game scene
10:37:19.129 [JavaFX Application Thread] DEBUG GameWorld            - Clearing game world
10:37:19.129 [JavaFX Application Thread] DEBUG PhysicsWorld         - Clearing physics world
10:37:19.133 [FXGL Background Thread 4 ] DEBUG FXGLApplication      - Initializing game
10:37:19.136 [FXGL Background Thread 4 ] DEBUG FXGLAssetLoaderServi - Loading from file system: jar:file:///Users/leowong/IdeaProjects/SpaceX-Invader/build/libs/SpaceX-Invader-1.0-SNAPSHOT.jar!/assets/textures/SpaceX.png
10:37:19.166 [FXGL Background Thread 4 ] INFO  FXGLApplication      - Game initialization took: 0.033 sec
10:37:19.214 [JavaFX Application Thread] DEBUG FXGLApplication      - Registering font factories with UI factory
10:37:19.279 [JavaFX Application Thread] DEBUG Input                - Clearing active input actions
10:37:19.291 [JavaFX Application Thread] DEBUG GameApplicationServi - Removing overlay from FXGLLoadingScene and adding to GameScene
10:37:19.292 [JavaFX Application Thread] DEBUG PrimaryStageWindow   - FXGLLoadingScene -> GameScene
10:37:22.050 [FXGL Background Thread 3 ] DEBUG Engine               - Logging environment variables
10:37:22.051 [FXGL Background Thread 3 ] DEBUG Engine               - achievements: []
10:37:22.051 [FXGL Background Thread 3 ] DEBUG Engine               - actualHeight: 600.0
10:37:22.052 [FXGL Background Thread 3 ] DEBUG Engine               - actualHeightProperty: ReadOnlyDoubleProperty [value: 600.0]
10:37:22.052 [FXGL Background Thread 3 ] DEBUG Engine               - actualWidth: 450.0
10:37:22.052 [FXGL Background Thread 3 ] DEBUG Engine               - actualWidthProperty: ReadOnlyDoubleProperty [value: 450.0]
10:37:22.052 [FXGL Background Thread 3 ] DEBUG Engine               - appIcon: icon/spacex-invader-favicon-black.png
10:37:22.052 [FXGL Background Thread 3 ] DEBUG Engine               - applicationMode: DEVELOPER
10:37:22.053 [FXGL Background Thread 3 ] DEBUG Engine               - cSSList: [fxgl_dark.css]
10:37:22.053 [FXGL Background Thread 3 ] DEBUG Engine               - collisionDetectionStrategy: BRUTE_FORCE
10:37:22.053 [FXGL Background Thread 3 ] DEBUG Engine               - configClass: Optional.empty
10:37:22.053 [FXGL Background Thread 3 ] DEBUG Engine               - credits: []
10:37:22.053 [FXGL Background Thread 3 ] DEBUG Engine               - defaultCursor: CursorInfo(imageName=fxgl_default_cursor.png, hotspotX=7.0, hotspotY=6.0)
10:37:22.054 [FXGL Background Thread 3 ] DEBUG Engine               - devBBoxColorProperty: ObjectProperty [value: 0xff0000ff]
10:37:22.054 [FXGL Background Thread 3 ] DEBUG Engine               - devEnableDebugCameraProperty: BooleanProperty [value: false]
10:37:22.054 [FXGL Background Thread 3 ] DEBUG Engine               - devSensorColorProperty: ObjectProperty [value: 0xffff00ff]
10:37:22.054 [FXGL Background Thread 3 ] DEBUG Engine               - devShowBBoxProperty: BooleanProperty [value: false]
10:37:22.054 [FXGL Background Thread 3 ] DEBUG Engine               - devShowPositionProperty: BooleanProperty [value: false]
10:37:22.054 [FXGL Background Thread 3 ] DEBUG Engine               - enabledMenuItems: []
10:37:22.055 [FXGL Background Thread 3 ] DEBUG Engine               - engineServices: [class com.almasb.fxgl.app.services.FXGLAssetLoaderService, class com.almasb.fxgl.app.FXGLApplication$GameApplicationService, class com.almasb.fxgl.app.services.FXGLDialogService, class com.almasb.fxgl.app.services.IOTaskExecutorService, class com.almasb.fxgl.io.FileSystemService, class com.almasb.fxgl.localization.LocalizationService, class com.almasb.fxgl.app.services.SystemBundleService, class com.almasb.fxgl.profile.SaveLoadService, class com.almasb.fxgl.ui.FXGLUIFactoryServiceProvider, class com.almasb.fxgl.ui.FXGLDialogFactoryServiceProvider, class com.almasb.fxgl.audio.AudioPlayer, class com.almasb.fxgl.notification.impl.NotificationServiceProvider, class com.almasb.fxgl.achievement.AchievementService, class com.almasb.fxgl.cutscene.CutsceneService, class com.almasb.fxgl.minigames.MiniGameService, class com.almasb.fxgl.net.NetService, class com.almasb.fxgl.app.services.UpdaterService, class com.almasb.fxgl.dev.DevService]
10:37:22.055 [FXGL Background Thread 3 ] DEBUG Engine               - fontGame: Abel-Regular.ttf
10:37:22.055 [FXGL Background Thread 3 ] DEBUG Engine               - fontMono: TerminalLandMono-Regular.otf
10:37:22.055 [FXGL Background Thread 3 ] DEBUG Engine               - fontText: Courier-Prime.ttf
10:37:22.055 [FXGL Background Thread 3 ] DEBUG Engine               - fontUI: VarelaRound-Regular.ttf
10:37:22.055 [FXGL Background Thread 3 ] DEBUG Engine               - fullScreen: BooleanProperty [value: false]
10:37:22.055 [FXGL Background Thread 3 ] DEBUG Engine               - gameDifficulty: MEDIUM
10:37:22.055 [FXGL Background Thread 3 ] DEBUG Engine               - gameDifficultyProperty: ObjectProperty [value: MEDIUM]
10:37:22.055 [FXGL Background Thread 3 ] DEBUG Engine               - globalMusicVolume: 0.5
10:37:22.056 [FXGL Background Thread 3 ] DEBUG Engine               - globalMusicVolumeProperty: DoubleProperty [value: 0.5]
10:37:22.056 [FXGL Background Thread 3 ] DEBUG Engine               - globalSoundVolume: 0.5
10:37:22.056 [FXGL Background Thread 3 ] DEBUG Engine               - globalSoundVolumeProperty: DoubleProperty [value: 0.5]
10:37:22.056 [FXGL Background Thread 3 ] DEBUG Engine               - height: 600
10:37:22.056 [FXGL Background Thread 3 ] DEBUG Engine               - is3D: false
10:37:22.056 [FXGL Background Thread 3 ] DEBUG Engine               - isAndroid: false
10:37:22.056 [FXGL Background Thread 3 ] DEBUG Engine               - isBrowser: false
10:37:22.056 [FXGL Background Thread 3 ] DEBUG Engine               - isClickFeedbackEnabled: false
10:37:22.057 [FXGL Background Thread 3 ] DEBUG Engine               - isCloseConfirmation: false
10:37:22.057 [FXGL Background Thread 3 ] DEBUG Engine               - isDesktop: true
10:37:22.057 [FXGL Background Thread 3 ] DEBUG Engine               - isDeveloperMenuEnabled: false
10:37:22.057 [FXGL Background Thread 3 ] DEBUG Engine               - isEmbedded: false
10:37:22.057 [FXGL Background Thread 3 ] DEBUG Engine               - isEntityPreloadEnabled: true
10:37:22.057 [FXGL Background Thread 3 ] DEBUG Engine               - isExperimentalTiledLargeMap: false
10:37:22.057 [FXGL Background Thread 3 ] DEBUG Engine               - isFileSystemWriteAllowed: true
10:37:22.057 [FXGL Background Thread 3 ] DEBUG Engine               - isFullScreenAllowed: false
10:37:22.057 [FXGL Background Thread 3 ] DEBUG Engine               - isFullScreenFromStart: false
10:37:22.058 [FXGL Background Thread 3 ] DEBUG Engine               - isGameMenuEnabled: true
10:37:22.058 [FXGL Background Thread 3 ] DEBUG Engine               - isIOS: false
10:37:22.058 [FXGL Background Thread 3 ] DEBUG Engine               - isIntroEnabled: false
10:37:22.058 [FXGL Background Thread 3 ] DEBUG Engine               - isLinux: false
10:37:22.058 [FXGL Background Thread 3 ] DEBUG Engine               - isMac: true
10:37:22.058 [FXGL Background Thread 3 ] DEBUG Engine               - isMainMenuEnabled: false
10:37:22.058 [FXGL Background Thread 3 ] DEBUG Engine               - isManualResizeEnabled: false
10:37:22.059 [FXGL Background Thread 3 ] DEBUG Engine               - isMobile: false
10:37:22.059 [FXGL Background Thread 3 ] DEBUG Engine               - isNative: false
10:37:22.059 [FXGL Background Thread 3 ] DEBUG Engine               - isPauseMusicWhenMinimized: true
10:37:22.059 [FXGL Background Thread 3 ] DEBUG Engine               - isPreserveResizeRatio: false
10:37:22.059 [FXGL Background Thread 3 ] DEBUG Engine               - isProfilingEnabled: false
10:37:22.060 [FXGL Background Thread 3 ] DEBUG Engine               - isScaleAffectedOnResize: true
10:37:22.060 [FXGL Background Thread 3 ] DEBUG Engine               - isSingleStep: false
10:37:22.060 [FXGL Background Thread 3 ] DEBUG Engine               - isUserProfileEnabled: false
10:37:22.060 [FXGL Background Thread 3 ] DEBUG Engine               - isWindows: false
10:37:22.060 [FXGL Background Thread 3 ] DEBUG Engine               - language: ObjectProperty [value: ENGLISH]
10:37:22.060 [FXGL Background Thread 3 ] DEBUG Engine               - menuKey: ESCAPE
10:37:22.061 [FXGL Background Thread 3 ] DEBUG Engine               - mouseSensitivity: 0.2
10:37:22.061 [FXGL Background Thread 3 ] DEBUG Engine               - notificationViewClass: class com.almasb.fxgl.notification.view.XboxNotificationView
10:37:22.061 [FXGL Background Thread 3 ] DEBUG Engine               - pixelsPerMeter: 50.0
10:37:22.061 [FXGL Background Thread 3 ] DEBUG Engine               - platform: MAC
10:37:22.061 [FXGL Background Thread 3 ] DEBUG Engine               - prefHeightProperty: ReadOnlyDoubleProperty [value: 600.0]
10:37:22.062 [FXGL Background Thread 3 ] DEBUG Engine               - prefWidthProperty: ReadOnlyDoubleProperty [value: 450.0]
10:37:22.062 [FXGL Background Thread 3 ] DEBUG Engine               - profileDir: profiles/
10:37:22.062 [FXGL Background Thread 3 ] DEBUG Engine               - profileName: StringProperty [value: DEFAULT]
10:37:22.062 [FXGL Background Thread 3 ] DEBUG Engine               - randomSeed: -1
10:37:22.062 [FXGL Background Thread 3 ] DEBUG Engine               - runtimeInfo: RuntimeInfo(platform=MAC, version=17.2, build=20.08.2022 16.50)
10:37:22.063 [FXGL Background Thread 3 ] DEBUG Engine               - saveFileExt: sav
10:37:22.063 [FXGL Background Thread 3 ] DEBUG Engine               - scaledHeightProp$fxgl: DoubleProperty [bound, value: 600.0]
10:37:22.063 [FXGL Background Thread 3 ] DEBUG Engine               - scaledWidthProp$fxgl: DoubleProperty [bound, value: 450.0]
10:37:22.063 [FXGL Background Thread 3 ] DEBUG Engine               - sceneFactory: com.almasb.fxgl.app.scene.SceneFactory@6022426a
10:37:22.063 [FXGL Background Thread 3 ] DEBUG Engine               - secondsIn24h: 60
10:37:22.063 [FXGL Background Thread 3 ] DEBUG Engine               - soundMenuBack: menu/back.wav
10:37:22.063 [FXGL Background Thread 3 ] DEBUG Engine               - soundMenuPress: menu/press.wav
10:37:22.064 [FXGL Background Thread 3 ] DEBUG Engine               - soundMenuSelect: menu/select.wav
10:37:22.064 [FXGL Background Thread 3 ] DEBUG Engine               - soundNotification: core/notification.wav
10:37:22.064 [FXGL Background Thread 3 ] DEBUG Engine               - stageStyle: DECORATED
10:37:22.064 [FXGL Background Thread 3 ] DEBUG Engine               - supportedLanguages: [ENGLISH, FRENCH, GERMAN, HUNGARIAN, RUSSIAN]
10:37:22.064 [FXGL Background Thread 3 ] DEBUG Engine               - ticksPerSecond: -1
10:37:22.064 [FXGL Background Thread 3 ] DEBUG Engine               - title: SpaceX Invader
10:37:22.064 [FXGL Background Thread 3 ] DEBUG Engine               - urlGithub: https://github.com/AlmasB/FXGL
10:37:22.064 [FXGL Background Thread 3 ] DEBUG Engine               - urlLeaderboard: http://fxgl-top.herokuapp.com/
10:37:22.064 [FXGL Background Thread 3 ] DEBUG Engine               - urlPOM: https://raw.githubusercontent.com/AlmasB/FXGL/release/README.md
10:37:22.064 [FXGL Background Thread 3 ] DEBUG Engine               - userAppClass: class com.ood.spacexinvader.GameStart
10:37:22.065 [FXGL Background Thread 3 ] DEBUG Engine               - version: 0.0
10:37:22.065 [FXGL Background Thread 3 ] DEBUG Engine               - versionCheckDays: 7
10:37:22.065 [FXGL Background Thread 3 ] DEBUG Engine               - width: 450
10:37:22.065 [FXGL Background Thread 3 ] DEBUG Engine               - Logging services
10:37:22.065 [FXGL Background Thread 3 ] DEBUG Engine               - class com.almasb.fxgl.app.services.FXGLAssetLoaderService
10:37:22.065 [FXGL Background Thread 3 ] DEBUG Engine               - class com.almasb.fxgl.app.FXGLApplication$GameApplicationService
10:37:22.065 [FXGL Background Thread 3 ] DEBUG Engine               - class com.almasb.fxgl.app.services.FXGLDialogService
10:37:22.065 [FXGL Background Thread 3 ] DEBUG Engine               - class com.almasb.fxgl.app.services.IOTaskExecutorService
10:37:22.065 [FXGL Background Thread 3 ] DEBUG Engine               - class com.almasb.fxgl.io.FileSystemService
10:37:22.065 [FXGL Background Thread 3 ] DEBUG Engine               - class com.almasb.fxgl.localization.LocalizationService
10:37:22.065 [FXGL Background Thread 3 ] DEBUG Engine               - class com.almasb.fxgl.app.services.SystemBundleService
10:37:22.066 [FXGL Background Thread 3 ] DEBUG Engine               - class com.almasb.fxgl.profile.SaveLoadService
10:37:22.066 [FXGL Background Thread 3 ] DEBUG Engine               - class com.almasb.fxgl.ui.FXGLUIFactoryServiceProvider
10:37:22.066 [FXGL Background Thread 3 ] DEBUG Engine               - class com.almasb.fxgl.ui.FXGLDialogFactoryServiceProvider
10:37:22.066 [FXGL Background Thread 3 ] DEBUG Engine               - class com.almasb.fxgl.audio.AudioPlayer
10:37:22.066 [FXGL Background Thread 3 ] DEBUG Engine               - class com.almasb.fxgl.notification.impl.NotificationServiceProvider
10:37:22.066 [FXGL Background Thread 3 ] DEBUG Engine               - class com.almasb.fxgl.achievement.AchievementService
10:37:22.066 [FXGL Background Thread 3 ] DEBUG Engine               - class com.almasb.fxgl.cutscene.CutsceneService
10:37:22.066 [FXGL Background Thread 3 ] DEBUG Engine               - class com.almasb.fxgl.minigames.MiniGameService
10:37:22.066 [FXGL Background Thread 3 ] DEBUG Engine               - class com.almasb.fxgl.net.NetService
10:37:22.067 [FXGL Background Thread 3 ] DEBUG Engine               - class com.almasb.fxgl.app.services.UpdaterService
10:37:22.067 [FXGL Background Thread 3 ] DEBUG Engine               - class com.almasb.fxgl.dev.DevService
10:37:22.108 [JavaFX Application Thread] DEBUG FXGLApplication      - Exiting FXGL
10:37:22.108 [JavaFX Application Thread] DEBUG LoopRunner           - Stopping loop
10:37:22.108 [JavaFX Application Thread] DEBUG SystemBundleService  - Saving FXGL system data
10:37:22.110 [JavaFX Application Thread] DEBUG FileSystemAccess     - Writing to: /Users/leowong/IdeaProjects/SpaceX-Invader/system/fxgl.bundle
10:37:22.112 [JavaFX Application Thread] DEBUG Async                - Shutting down background threads
10:37:22.112 [JavaFX Application Thread] DEBUG PrimaryStageWindow   - Closing main window
10:37:22.122 [JavaFX Application Thread] DEBUG Logger               - Closing Logger
