00:06:02.532 [main                     ] DEBUG Logger               - Configured Logger
00:06:02.598 [main                     ] DEBUG GameApplication      - Logging settings
Title: SpaceX Invader
Version: 0.0
Width: 450
Height: 600
Fullscreen: false
Intro: false
Profiling: false
Single step:false
App Mode: DEVELOPER
Menu Key: ESCAPE
Stage Style: DECORATED
Scene Factory: class com.ood.spacexinvader.GameStart$1

00:06:03.278 [JavaFX Application Thread] DEBUG FXGLApplication      - Initializing FXGL
00:06:03.285 [JavaFX Application Thread] INFO  Engine               - FXGL-17.2 (20.08.2022 16.50) on MAC (J:17.0.3 FX:18)
00:06:03.286 [JavaFX Application Thread] DEBUG Engine               - JRE Vendor Name: Eclipse Adoptium
00:06:03.286 [JavaFX Application Thread] DEBUG Engine               - Running on OS: Mac OS X version 13.1
00:06:03.287 [JavaFX Application Thread] DEBUG Engine               - Architecture: x86_64
00:06:03.287 [JavaFX Application Thread] INFO  Engine               - Source code and latest versions at: https://github.com/AlmasB/FXGL
00:06:03.287 [JavaFX Application Thread] INFO  Engine               -       Ask questions and discuss at: https://github.com/AlmasB/FXGL/discussions
00:06:03.287 [JavaFX Application Thread] INFO  Engine               -              Join the FXGL chat at: https://gitter.im/AlmasB/FXGL
00:06:03.493 [JavaFX Application Thread] DEBUG PrimaryStageWindow   - Creating a JavaFX scene
00:06:03.634 [JavaFX Application Thread] DEBUG PrimaryStageWindow   - Target settings size: 450.0 x 600.0
00:06:03.634 [JavaFX Application Thread] DEBUG PrimaryStageWindow   - Scaled scene size:    450.0 x 600.0
00:06:03.635 [JavaFX Application Thread] DEBUG PrimaryStageWindow   - Scaled ratio: (1.0, 1.0)
00:06:03.637 [JavaFX Application Thread] DEBUG PrimaryStageWindow   - Set initial scene to FXGLStartupScene
00:06:03.651 [JavaFX Application Thread] DEBUG PrimaryStageWindow   - Opening main window
00:06:03.787 [JavaFX Application Thread] DEBUG PrimaryStageWindow   - Window border size: (0.0, 28.0)
00:06:03.788 [JavaFX Application Thread] DEBUG PrimaryStageWindow   - Scaled size: 450.0 x 600.0
00:06:03.788 [JavaFX Application Thread] DEBUG PrimaryStageWindow   - Scaled ratio: (1.0, 1.0)
00:06:03.789 [JavaFX Application Thread] DEBUG PrimaryStageWindow   - Scene size: 450.0 x 600.0
00:06:03.789 [JavaFX Application Thread] DEBUG PrimaryStageWindow   - Stage size: 450.0 x 628.0
00:06:03.799 [FXGL Background Thread 1 ] DEBUG Engine               - Initializing environment variables
00:06:03.871 [FXGL Background Thread 1 ] DEBUG FXGLAssetLoaderServi - User app class for loading assets: class com.ood.spacexinvader.GameStart
00:06:03.872 [FXGL Background Thread 1 ] DEBUG GameApplicationServi - Applying CSS: fxgl_dark.css
00:06:03.874 [FXGL Background Thread 1 ] DEBUG FXGLAssetLoaderServi - Loading from file system: jar:file:///Users/leowong/.gradle/caches/modules-2/files-2.1/com.github.almasb/fxgl/17.2/35db6ae960eec2dcfd19262d3b7f9c42f0e95bc3/fxgl-17.2.jar!/fxglassets/ui/css/fxgl_dark.css
00:06:04.019 [FXGL Background Thread 1 ] DEBUG GameApplicationServi - Initializing application scenes
00:06:04.451 [FXGL Background Thread 1 ] DEBUG GameWorld            - Game world initialized
00:06:04.555 [FXGL Background Thread 1 ] DEBUG PhysicsWorld         - Physics world initialized: appHeight=600, physics.ppm=50.0
00:06:04.555 [FXGL Background Thread 1 ] DEBUG PhysicsWorld         - Using strategy: BRUTE_FORCE
00:06:04.561 [FXGL Background Thread 1 ] DEBUG GameScene            - Game scene initialized: 450x600
00:06:04.676 [FXGL Background Thread 1 ] DEBUG GameApplicationServi - Application scenes initialized
00:06:04.749 [FXGL Background Thread 1 ] DEBUG SystemBundleService  - Loading FXGL system data
00:06:04.766 [FXGL Background Thread 1 ] DEBUG FileSystemAccess     - Reading from: /Users/leowong/IdeaProjects/SpaceX-Invader/system/fxgl.bundle
00:06:04.787 [FXGL Background Thread 1 ] DEBUG SystemBundleService  - Bundle FXGL: {}
00:06:04.787 [FXGL Background Thread 1 ] DEBUG UpdaterService       - Checking for updates
00:06:04.828 [FXGL Background Thread 4 ] DEBUG FXGLApplication      - Loading fonts
00:06:04.829 [FXGL Background Thread 4 ] DEBUG FXGLAssetLoaderServi - Loading from file system: jar:file:///Users/leowong/.gradle/caches/modules-2/files-2.1/com.github.almasb/fxgl/17.2/35db6ae960eec2dcfd19262d3b7f9c42f0e95bc3/fxgl-17.2.jar!/fxglassets/ui/fonts/VarelaRound-Regular.ttf
00:06:04.830 [FXGL Background Thread 1 ] DEBUG FXGLApplication      - Loading default localization
00:06:04.831 [FXGL Background Thread 1 ] DEBUG FXGLAssetLoaderServi - Loading from file system: jar:file:///Users/leowong/.gradle/caches/modules-2/files-2.1/com.github.almasb/fxgl/17.2/35db6ae960eec2dcfd19262d3b7f9c42f0e95bc3/fxgl-17.2.jar!/fxglassets/languages/english.lang
00:06:04.849 [FXGL Background Thread 4 ] DEBUG FXGLAssetLoaderServi - Loading from file system: jar:file:///Users/leowong/.gradle/caches/modules-2/files-2.1/com.github.almasb/fxgl/17.2/35db6ae960eec2dcfd19262d3b7f9c42f0e95bc3/fxgl-17.2.jar!/fxglassets/ui/fonts/Abel-Regular.ttf
00:06:04.855 [FXGL Background Thread 4 ] DEBUG FXGLAssetLoaderServi - Loading from file system: jar:file:///Users/leowong/.gradle/caches/modules-2/files-2.1/com.github.almasb/fxgl/17.2/35db6ae960eec2dcfd19262d3b7f9c42f0e95bc3/fxgl-17.2.jar!/fxglassets/ui/fonts/TerminalLandMono-Regular.otf
00:06:04.859 [FXGL Background Thread 1 ] INFO  FXGLApplication      - FXGL initialization took: 1.059 sec
00:06:04.861 [FXGL Background Thread 4 ] DEBUG FXGLAssetLoaderServi - Loading from file system: jar:file:///Users/leowong/.gradle/caches/modules-2/files-2.1/com.github.almasb/fxgl/17.2/35db6ae960eec2dcfd19262d3b7f9c42f0e95bc3/fxgl-17.2.jar!/fxglassets/ui/fonts/Courier-Prime.ttf
00:06:04.875 [JavaFX Application Thread] DEBUG Input                - Registered new binding: Left - A
00:06:04.876 [JavaFX Application Thread] DEBUG Input                - Registered new binding: Right - D
00:06:04.876 [JavaFX Application Thread] DEBUG Input                - Registered new binding: Shoot - J
00:06:04.877 [JavaFX Application Thread] DEBUG FXGLAssetLoaderServi - Loading from file system: jar:file:///Users/leowong/IdeaProjects/SpaceX-Invader/build/libs/SpaceX-Invader-1.0.jar!/assets/textures/icon/spacex-invader-favicon-black.png
00:06:04.925 [JavaFX Application Thread] DEBUG FXGLAssetLoaderServi - Loading from file system: jar:file:///Users/leowong/.gradle/caches/modules-2/files-2.1/com.github.almasb/fxgl/17.2/35db6ae960eec2dcfd19262d3b7f9c42f0e95bc3/fxgl-17.2.jar!/fxglassets/textures/fxgl_default_cursor.png
00:06:04.931 [JavaFX Application Thread] DEBUG Input                - Registered new binding: Screenshot - CTRL+8
00:06:04.932 [JavaFX Application Thread] DEBUG Input                - Registered new binding: System info dump - CTRL+9
00:06:04.933 [JavaFX Application Thread] DEBUG Input                - Registered new binding: Restart - CTRL+R
00:06:04.934 [JavaFX Application Thread] DEBUG Input                - Registered new binding: Toggle Debug Camera - CTRL+7
00:06:04.937 [JavaFX Application Thread] DEBUG LoopRunner           - Starting loop
00:06:04.937 [JavaFX Application Thread] DEBUG LoopRunner           - Initializing JavaFX AnimationTimerLoop
00:06:04.942 [JavaFX Application Thread] DEBUG Input                - Clearing active input actions
00:06:04.956 [JavaFX Application Thread] DEBUG GameApplicationServi - Removing overlay from FXGLStartupScene and adding to FXGLMainMenuDummyScene
00:06:04.957 [JavaFX Application Thread] DEBUG PrimaryStageWindow   - FXGLStartupScene -> FXGLMainMenuDummyScene
00:06:04.957 [JavaFX Application Thread] DEBUG PrimaryStageWindow   - Push state: MainMenu
00:06:04.958 [JavaFX Application Thread] DEBUG Input                - Clearing active input actions
00:06:04.975 [JavaFX Application Thread] DEBUG GameApplicationServi - Removing overlay from FXGLMainMenuDummyScene and adding to MainMenu
00:06:04.976 [JavaFX Application Thread] DEBUG PrimaryStageWindow   - FXGLMainMenuDummyScene -> MainMenu
00:06:05.065 [JavaFX Application Thread] DEBUG FXGLApplication      - Registering font factories with UI factory
00:06:05.821 [JavaFX Application Thread] DEBUG PrimaryStageWindow   - Push state: DialogSubScene
00:06:05.821 [JavaFX Application Thread] DEBUG Input                - Clearing active input actions
00:06:05.822 [JavaFX Application Thread] DEBUG GameApplicationServi - Removing overlay from MainMenu and adding to DialogSubScene
00:06:05.822 [JavaFX Application Thread] DEBUG PrimaryStageWindow   - MainMenu -> DialogSubScene
00:06:07.087 [JavaFX Application Thread] DEBUG PrimaryStageWindow   - Pop state: DialogSubScene
00:06:07.087 [JavaFX Application Thread] DEBUG Input                - Clearing active input actions
00:06:07.089 [JavaFX Application Thread] DEBUG GameApplicationServi - Removing overlay from DialogSubScene and adding to MainMenu
00:06:07.089 [JavaFX Application Thread] DEBUG PrimaryStageWindow   - MainMenu <- DialogSubScene
00:06:07.090 [JavaFX Application Thread] DEBUG FXGLApplication      - Exiting FXGL
00:06:07.090 [JavaFX Application Thread] DEBUG LoopRunner           - Stopping loop
00:06:07.090 [JavaFX Application Thread] DEBUG SystemBundleService  - Saving FXGL system data
00:06:07.092 [JavaFX Application Thread] DEBUG FileSystemAccess     - Writing to: /Users/leowong/IdeaProjects/SpaceX-Invader/system/fxgl.bundle
00:06:07.095 [JavaFX Application Thread] DEBUG Async                - Shutting down background threads
00:06:07.095 [JavaFX Application Thread] DEBUG PrimaryStageWindow   - Closing main window
00:06:07.105 [JavaFX Application Thread] DEBUG Logger               - Closing Logger
