13:58:23.058 [main                     ] DEBUG Logger               - Configured Logger
13:58:23.098 [main                     ] DEBUG GameApplication      - Logging settings
Title: SpaceX Invader
Version: 0.0
Width: 450
Height: 600
Fullscreen: false
Intro: false
Profiling: false
Single step:false
App Mode: DEVELOPER
Menu Key: ESCAPE
Stage Style: DECORATED
Scene Factory: class com.ood.spacexinvader.GameStart$1

13:58:23.631 [JavaFX Application Thread] DEBUG FXGLApplication      - Initializing FXGL
13:58:23.638 [JavaFX Application Thread] INFO  Engine               - FXGL-17.2 (20.08.2022 16.50) on MAC (J:17.0.3 FX:17.0.2-ea)
13:58:23.639 [JavaFX Application Thread] DEBUG Engine               - JRE Vendor Name: Eclipse Adoptium
13:58:23.639 [JavaFX Application Thread] DEBUG Engine               - Running on OS: Mac OS X version 13.1
13:58:23.639 [JavaFX Application Thread] DEBUG Engine               - Architecture: x86_64
13:58:23.640 [JavaFX Application Thread] INFO  Engine               - Source code and latest versions at: https://github.com/AlmasB/FXGL
13:58:23.640 [JavaFX Application Thread] INFO  Engine               -       Ask questions and discuss at: https://github.com/AlmasB/FXGL/discussions
13:58:23.640 [JavaFX Application Thread] INFO  Engine               -              Join the FXGL chat at: https://gitter.im/AlmasB/FXGL
13:58:23.798 [JavaFX Application Thread] DEBUG PrimaryStageWindow   - Creating a JavaFX scene
13:58:23.862 [JavaFX Application Thread] DEBUG PrimaryStageWindow   - Target settings size: 450.0 x 600.0
13:58:23.863 [JavaFX Application Thread] DEBUG PrimaryStageWindow   - Scaled scene size:    450.0 x 600.0
13:58:23.863 [JavaFX Application Thread] DEBUG PrimaryStageWindow   - Scaled ratio: (1.0, 1.0)
13:58:23.865 [JavaFX Application Thread] DEBUG PrimaryStageWindow   - Set initial scene to FXGLStartupScene
13:58:23.875 [JavaFX Application Thread] DEBUG PrimaryStageWindow   - Opening main window
13:58:23.992 [JavaFX Application Thread] DEBUG PrimaryStageWindow   - Window border size: (0.0, 28.0)
13:58:23.993 [JavaFX Application Thread] DEBUG PrimaryStageWindow   - Scaled size: 450.0 x 600.0
13:58:23.993 [JavaFX Application Thread] DEBUG PrimaryStageWindow   - Scaled ratio: (1.0, 1.0)
13:58:23.993 [JavaFX Application Thread] DEBUG PrimaryStageWindow   - Scene size: 450.0 x 600.0
13:58:23.994 [JavaFX Application Thread] DEBUG PrimaryStageWindow   - Stage size: 450.0 x 628.0
13:58:24.005 [FXGL Background Thread 1 ] DEBUG Engine               - Initializing environment variables
13:58:24.066 [FXGL Background Thread 1 ] DEBUG FXGLAssetLoaderServi - User app class for loading assets: class com.ood.spacexinvader.GameStart
13:58:24.067 [FXGL Background Thread 1 ] DEBUG GameApplicationServi - Applying CSS: fxgl_dark.css
13:58:24.068 [FXGL Background Thread 1 ] DEBUG FXGLAssetLoaderServi - Loading from file system: jar:file:///Users/leowong/.gradle/caches/modules-2/files-2.1/com.github.almasb/fxgl/17.2/35db6ae960eec2dcfd19262d3b7f9c42f0e95bc3/fxgl-17.2.jar!/fxglassets/ui/css/fxgl_dark.css
13:58:24.232 [FXGL Background Thread 1 ] DEBUG GameApplicationServi - Initializing application scenes
13:58:24.519 [FXGL Background Thread 1 ] DEBUG GameWorld            - Game world initialized
13:58:24.587 [FXGL Background Thread 1 ] DEBUG PhysicsWorld         - Physics world initialized: appHeight=600, physics.ppm=50.0
13:58:24.587 [FXGL Background Thread 1 ] DEBUG PhysicsWorld         - Using strategy: BRUTE_FORCE
13:58:24.592 [FXGL Background Thread 1 ] DEBUG GameScene            - Game scene initialized: 450x600
13:58:24.606 [FXGL Background Thread 1 ] WARN  FXGL.DefaultMenu     - FXGLDefaultMenu is not designed for resolutions < 800x600
13:58:24.606 [FXGL Background Thread 1 ] DEBUG FXGL.DefaultMenu     - createMenuBodyGameMenu()
13:58:24.631 [FXGL Background Thread 1 ] DEBUG FXGL.DefaultMenu     - createOptionsMenu()
13:58:24.645 [FXGL Background Thread 1 ] DEBUG FXGLAssetLoaderServi - Loading from file system: jar:file:///Users/leowong/.gradle/caches/modules-2/files-2.1/com.github.almasb/fxgl/17.2/35db6ae960eec2dcfd19262d3b7f9c42f0e95bc3/fxgl-17.2.jar!/fxglassets/textures/particles/smoke.png
13:58:24.761 [FXGL Background Thread 1 ] DEBUG FXGLAssetLoaderServi - Loading from file system: jar:file:///Users/leowong/.gradle/caches/modules-2/files-2.1/com.github.almasb/fxgl/17.2/35db6ae960eec2dcfd19262d3b7f9c42f0e95bc3/fxgl-17.2.jar!/fxglassets/textures/particles/trace_horizontal.png
13:58:24.793 [FXGL Background Thread 1 ] DEBUG GameApplicationServi - Application scenes initialized
13:58:24.810 [FXGL Background Thread 1 ] DEBUG SystemBundleService  - Loading FXGL system data
13:58:24.816 [FXGL Background Thread 1 ] DEBUG FileSystemAccess     - Reading from: /Users/leowong/IdeaProjects/SpaceX-Invader/system/fxgl.bundle
13:58:24.828 [FXGL Background Thread 1 ] DEBUG SystemBundleService  - Bundle FXGL: {}
13:58:24.828 [FXGL Background Thread 1 ] DEBUG UpdaterService       - Checking for updates
13:58:24.834 [FXGL Background Thread 4 ] DEBUG FXGLApplication      - Loading fonts
13:58:24.834 [FXGL Background Thread 4 ] DEBUG FXGLAssetLoaderServi - Loading from file system: jar:file:///Users/leowong/.gradle/caches/modules-2/files-2.1/com.github.almasb/fxgl/17.2/35db6ae960eec2dcfd19262d3b7f9c42f0e95bc3/fxgl-17.2.jar!/fxglassets/ui/fonts/VarelaRound-Regular.ttf
13:58:24.835 [FXGL Background Thread 1 ] DEBUG FXGLApplication      - Loading default localization
13:58:24.836 [FXGL Background Thread 1 ] DEBUG FXGLAssetLoaderServi - Loading from file system: jar:file:///Users/leowong/.gradle/caches/modules-2/files-2.1/com.github.almasb/fxgl/17.2/35db6ae960eec2dcfd19262d3b7f9c42f0e95bc3/fxgl-17.2.jar!/fxglassets/languages/english.lang
13:58:24.850 [FXGL Background Thread 4 ] DEBUG FXGLAssetLoaderServi - Loading from file system: jar:file:///Users/leowong/.gradle/caches/modules-2/files-2.1/com.github.almasb/fxgl/17.2/35db6ae960eec2dcfd19262d3b7f9c42f0e95bc3/fxgl-17.2.jar!/fxglassets/ui/fonts/Abel-Regular.ttf
13:58:24.862 [FXGL Background Thread 4 ] DEBUG FXGLAssetLoaderServi - Loading from file system: jar:file:///Users/leowong/.gradle/caches/modules-2/files-2.1/com.github.almasb/fxgl/17.2/35db6ae960eec2dcfd19262d3b7f9c42f0e95bc3/fxgl-17.2.jar!/fxglassets/ui/fonts/TerminalLandMono-Regular.otf
13:58:24.865 [FXGL Background Thread 1 ] INFO  FXGLApplication      - FXGL initialization took: 0.860 sec
13:58:24.868 [FXGL Background Thread 4 ] DEBUG FXGLAssetLoaderServi - Loading from file system: jar:file:///Users/leowong/.gradle/caches/modules-2/files-2.1/com.github.almasb/fxgl/17.2/35db6ae960eec2dcfd19262d3b7f9c42f0e95bc3/fxgl-17.2.jar!/fxglassets/ui/fonts/Courier-Prime.ttf
13:58:24.876 [JavaFX Application Thread] DEBUG Input                - Registered new binding: Move Left - Left
13:58:24.877 [JavaFX Application Thread] DEBUG Input                - Registered new binding: Move Right - Right
13:58:24.877 [JavaFX Application Thread] DEBUG FXGLAssetLoaderServi - Loading from file system: jar:file:///Users/leowong/IdeaProjects/SpaceX-Invader/build/libs/SpaceX-Invader-1.0-SNAPSHOT.jar!/assets/textures/icon/spacex-invader-favicon-black.png
13:58:24.898 [JavaFX Application Thread] DEBUG FXGLAssetLoaderServi - Loading from file system: jar:file:///Users/leowong/.gradle/caches/modules-2/files-2.1/com.github.almasb/fxgl/17.2/35db6ae960eec2dcfd19262d3b7f9c42f0e95bc3/fxgl-17.2.jar!/fxglassets/textures/fxgl_default_cursor.png
13:58:24.902 [JavaFX Application Thread] DEBUG Input                - Registered new binding: Screenshot - CTRL+8
13:58:24.904 [JavaFX Application Thread] DEBUG Input                - Registered new binding: System info dump - CTRL+9
13:58:24.904 [JavaFX Application Thread] DEBUG Input                - Registered new binding: Restart - CTRL+R
13:58:24.906 [JavaFX Application Thread] DEBUG Input                - Registered new binding: Toggle Debug Camera - CTRL+7
13:58:24.909 [JavaFX Application Thread] DEBUG LoopRunner           - Starting loop
13:58:24.910 [JavaFX Application Thread] DEBUG LoopRunner           - Initializing JavaFX AnimationTimerLoop
13:58:24.911 [JavaFX Application Thread] DEBUG GameApplicationServi - Starting new game
13:58:24.911 [JavaFX Application Thread] DEBUG Input                - Clearing active input actions
13:58:24.928 [JavaFX Application Thread] DEBUG GameApplicationServi - Removing overlay from FXGLStartupScene and adding to FXGLLoadingScene
13:58:24.929 [JavaFX Application Thread] DEBUG PrimaryStageWindow   - FXGLStartupScene -> FXGLLoadingScene
13:58:24.930 [JavaFX Application Thread] DEBUG GameApplicationServi - Clearing previous game
13:58:24.930 [JavaFX Application Thread] DEBUG GameScene            - Clearing game scene
13:58:24.930 [JavaFX Application Thread] DEBUG GameWorld            - Clearing game world
13:58:24.930 [JavaFX Application Thread] DEBUG PhysicsWorld         - Clearing physics world
13:58:24.932 [FXGL Background Thread 4 ] DEBUG FXGLApplication      - Initializing game
13:58:24.935 [FXGL Background Thread 4 ] DEBUG FXGLAssetLoaderServi - Loading from file system: jar:file:///Users/leowong/IdeaProjects/SpaceX-Invader/build/libs/SpaceX-Invader-1.0-SNAPSHOT.jar!/assets/textures/player/SpaceX.png
13:58:24.965 [FXGL Background Thread 4 ] INFO  FXGLApplication      - Game initialization took: 0.032 sec
13:58:25.001 [JavaFX Application Thread] DEBUG FXGLApplication      - Registering font factories with UI factory
13:58:25.053 [JavaFX Application Thread] DEBUG Input                - Clearing active input actions
13:58:25.061 [JavaFX Application Thread] DEBUG GameApplicationServi - Removing overlay from FXGLLoadingScene and adding to GameScene
13:58:25.062 [JavaFX Application Thread] DEBUG PrimaryStageWindow   - FXGLLoadingScene -> GameScene
13:58:27.835 [FXGL Background Thread 3 ] DEBUG Engine               - Logging environment variables
13:58:27.836 [FXGL Background Thread 3 ] DEBUG Engine               - achievements: []
13:58:27.837 [FXGL Background Thread 3 ] DEBUG Engine               - actualHeight: 600.0
13:58:27.837 [FXGL Background Thread 3 ] DEBUG Engine               - actualHeightProperty: ReadOnlyDoubleProperty [value: 600.0]
13:58:27.837 [FXGL Background Thread 3 ] DEBUG Engine               - actualWidth: 450.0
13:58:27.837 [FXGL Background Thread 3 ] DEBUG Engine               - actualWidthProperty: ReadOnlyDoubleProperty [value: 450.0]
13:58:27.837 [FXGL Background Thread 3 ] DEBUG Engine               - appIcon: icon/spacex-invader-favicon-black.png
13:58:27.838 [FXGL Background Thread 3 ] DEBUG Engine               - applicationMode: DEVELOPER
13:58:27.838 [FXGL Background Thread 3 ] DEBUG Engine               - cSSList: [fxgl_dark.css]
13:58:27.838 [FXGL Background Thread 3 ] DEBUG Engine               - collisionDetectionStrategy: BRUTE_FORCE
13:58:27.838 [FXGL Background Thread 3 ] DEBUG Engine               - configClass: Optional.empty
13:58:27.838 [FXGL Background Thread 3 ] DEBUG Engine               - credits: []
13:58:27.839 [FXGL Background Thread 3 ] DEBUG Engine               - defaultCursor: CursorInfo(imageName=fxgl_default_cursor.png, hotspotX=7.0, hotspotY=6.0)
13:58:27.839 [FXGL Background Thread 3 ] DEBUG Engine               - devBBoxColorProperty: ObjectProperty [value: 0xff0000ff]
13:58:27.839 [FXGL Background Thread 3 ] DEBUG Engine               - devEnableDebugCameraProperty: BooleanProperty [value: false]
13:58:27.840 [FXGL Background Thread 3 ] DEBUG Engine               - devSensorColorProperty: ObjectProperty [value: 0xffff00ff]
13:58:27.840 [FXGL Background Thread 3 ] DEBUG Engine               - devShowBBoxProperty: BooleanProperty [value: false]
13:58:27.840 [FXGL Background Thread 3 ] DEBUG Engine               - devShowPositionProperty: BooleanProperty [value: false]
13:58:27.841 [FXGL Background Thread 3 ] DEBUG Engine               - enabledMenuItems: []
13:58:27.841 [FXGL Background Thread 3 ] DEBUG Engine               - engineServices: [class com.almasb.fxgl.app.services.FXGLAssetLoaderService, class com.almasb.fxgl.app.FXGLApplication$GameApplicationService, class com.almasb.fxgl.app.services.FXGLDialogService, class com.almasb.fxgl.app.services.IOTaskExecutorService, class com.almasb.fxgl.io.FileSystemService, class com.almasb.fxgl.localization.LocalizationService, class com.almasb.fxgl.app.services.SystemBundleService, class com.almasb.fxgl.profile.SaveLoadService, class com.almasb.fxgl.ui.FXGLUIFactoryServiceProvider, class com.almasb.fxgl.ui.FXGLDialogFactoryServiceProvider, class com.almasb.fxgl.audio.AudioPlayer, class com.almasb.fxgl.notification.impl.NotificationServiceProvider, class com.almasb.fxgl.achievement.AchievementService, class com.almasb.fxgl.cutscene.CutsceneService, class com.almasb.fxgl.minigames.MiniGameService, class com.almasb.fxgl.net.NetService, class com.almasb.fxgl.app.services.UpdaterService, class com.almasb.fxgl.dev.DevService]
13:58:27.841 [FXGL Background Thread 3 ] DEBUG Engine               - fontGame: Abel-Regular.ttf
13:58:27.842 [FXGL Background Thread 3 ] DEBUG Engine               - fontMono: TerminalLandMono-Regular.otf
13:58:27.842 [FXGL Background Thread 3 ] DEBUG Engine               - fontText: Courier-Prime.ttf
13:58:27.842 [FXGL Background Thread 3 ] DEBUG Engine               - fontUI: VarelaRound-Regular.ttf
13:58:27.842 [FXGL Background Thread 3 ] DEBUG Engine               - fullScreen: BooleanProperty [value: false]
13:58:27.842 [FXGL Background Thread 3 ] DEBUG Engine               - gameDifficulty: MEDIUM
13:58:27.842 [FXGL Background Thread 3 ] DEBUG Engine               - gameDifficultyProperty: ObjectProperty [value: MEDIUM]
13:58:27.843 [FXGL Background Thread 3 ] DEBUG Engine               - globalMusicVolume: 0.5
13:58:27.843 [FXGL Background Thread 3 ] DEBUG Engine               - globalMusicVolumeProperty: DoubleProperty [value: 0.5]
13:58:27.843 [FXGL Background Thread 3 ] DEBUG Engine               - globalSoundVolume: 0.5
13:58:27.843 [FXGL Background Thread 3 ] DEBUG Engine               - globalSoundVolumeProperty: DoubleProperty [value: 0.5]
13:58:27.843 [FXGL Background Thread 3 ] DEBUG Engine               - height: 600
13:58:27.843 [FXGL Background Thread 3 ] DEBUG Engine               - is3D: false
13:58:27.843 [FXGL Background Thread 3 ] DEBUG Engine               - isAndroid: false
13:58:27.844 [FXGL Background Thread 3 ] DEBUG Engine               - isBrowser: false
13:58:27.844 [FXGL Background Thread 3 ] DEBUG Engine               - isClickFeedbackEnabled: false
13:58:27.844 [FXGL Background Thread 3 ] DEBUG Engine               - isCloseConfirmation: false
13:58:27.844 [FXGL Background Thread 3 ] DEBUG Engine               - isDesktop: true
13:58:27.844 [FXGL Background Thread 3 ] DEBUG Engine               - isDeveloperMenuEnabled: false
13:58:27.844 [FXGL Background Thread 3 ] DEBUG Engine               - isEmbedded: false
13:58:27.844 [FXGL Background Thread 3 ] DEBUG Engine               - isEntityPreloadEnabled: true
13:58:27.844 [FXGL Background Thread 3 ] DEBUG Engine               - isExperimentalTiledLargeMap: false
13:58:27.844 [FXGL Background Thread 3 ] DEBUG Engine               - isFileSystemWriteAllowed: true
13:58:27.845 [FXGL Background Thread 3 ] DEBUG Engine               - isFullScreenAllowed: false
13:58:27.845 [FXGL Background Thread 3 ] DEBUG Engine               - isFullScreenFromStart: false
13:58:27.845 [FXGL Background Thread 3 ] DEBUG Engine               - isGameMenuEnabled: true
13:58:27.845 [FXGL Background Thread 3 ] DEBUG Engine               - isIOS: false
13:58:27.845 [FXGL Background Thread 3 ] DEBUG Engine               - isIntroEnabled: false
13:58:27.845 [FXGL Background Thread 3 ] DEBUG Engine               - isLinux: false
13:58:27.846 [FXGL Background Thread 3 ] DEBUG Engine               - isMac: true
13:58:27.846 [FXGL Background Thread 3 ] DEBUG Engine               - isMainMenuEnabled: false
13:58:27.846 [FXGL Background Thread 3 ] DEBUG Engine               - isManualResizeEnabled: false
13:58:27.846 [FXGL Background Thread 3 ] DEBUG Engine               - isMobile: false
13:58:27.846 [FXGL Background Thread 3 ] DEBUG Engine               - isNative: false
13:58:27.846 [FXGL Background Thread 3 ] DEBUG Engine               - isPauseMusicWhenMinimized: true
13:58:27.847 [FXGL Background Thread 3 ] DEBUG Engine               - isPreserveResizeRatio: false
13:58:27.847 [FXGL Background Thread 3 ] DEBUG Engine               - isProfilingEnabled: false
13:58:27.847 [FXGL Background Thread 3 ] DEBUG Engine               - isScaleAffectedOnResize: true
13:58:27.847 [FXGL Background Thread 3 ] DEBUG Engine               - isSingleStep: false
13:58:27.848 [FXGL Background Thread 3 ] DEBUG Engine               - isUserProfileEnabled: false
13:58:27.848 [FXGL Background Thread 3 ] DEBUG Engine               - isWindows: false
13:58:27.848 [FXGL Background Thread 3 ] DEBUG Engine               - language: ObjectProperty [value: ENGLISH]
13:58:27.848 [FXGL Background Thread 3 ] DEBUG Engine               - menuKey: ESCAPE
13:58:27.848 [FXGL Background Thread 3 ] DEBUG Engine               - mouseSensitivity: 0.2
13:58:27.848 [FXGL Background Thread 3 ] DEBUG Engine               - notificationViewClass: class com.almasb.fxgl.notification.view.XboxNotificationView
13:58:27.848 [FXGL Background Thread 3 ] DEBUG Engine               - pixelsPerMeter: 50.0
13:58:27.848 [FXGL Background Thread 3 ] DEBUG Engine               - platform: MAC
13:58:27.849 [FXGL Background Thread 3 ] DEBUG Engine               - prefHeightProperty: ReadOnlyDoubleProperty [value: 600.0]
13:58:27.849 [FXGL Background Thread 3 ] DEBUG Engine               - prefWidthProperty: ReadOnlyDoubleProperty [value: 450.0]
13:58:27.849 [FXGL Background Thread 3 ] DEBUG Engine               - profileDir: profiles/
13:58:27.849 [FXGL Background Thread 3 ] DEBUG Engine               - profileName: StringProperty [value: DEFAULT]
13:58:27.849 [FXGL Background Thread 3 ] DEBUG Engine               - randomSeed: -1
13:58:27.850 [FXGL Background Thread 3 ] DEBUG Engine               - runtimeInfo: RuntimeInfo(platform=MAC, version=17.2, build=20.08.2022 16.50)
13:58:27.850 [FXGL Background Thread 3 ] DEBUG Engine               - saveFileExt: sav
13:58:27.850 [FXGL Background Thread 3 ] DEBUG Engine               - scaledHeightProp$fxgl: DoubleProperty [bound, value: 600.0]
13:58:27.850 [FXGL Background Thread 3 ] DEBUG Engine               - scaledWidthProp$fxgl: DoubleProperty [bound, value: 450.0]
13:58:27.850 [FXGL Background Thread 3 ] DEBUG Engine               - sceneFactory: com.ood.spacexinvader.GameStart$1@40ba8cb1
13:58:27.851 [FXGL Background Thread 3 ] DEBUG Engine               - secondsIn24h: 60
13:58:27.851 [FXGL Background Thread 3 ] DEBUG Engine               - soundMenuBack: menu/back.wav
13:58:27.851 [FXGL Background Thread 3 ] DEBUG Engine               - soundMenuPress: menu/press.wav
13:58:27.851 [FXGL Background Thread 3 ] DEBUG Engine               - soundMenuSelect: menu/select.wav
13:58:27.851 [FXGL Background Thread 3 ] DEBUG Engine               - soundNotification: core/notification.wav
13:58:27.851 [FXGL Background Thread 3 ] DEBUG Engine               - stageStyle: DECORATED
13:58:27.852 [FXGL Background Thread 3 ] DEBUG Engine               - supportedLanguages: [ENGLISH, FRENCH, GERMAN, HUNGARIAN, RUSSIAN]
13:58:27.852 [FXGL Background Thread 3 ] DEBUG Engine               - ticksPerSecond: -1
13:58:27.852 [FXGL Background Thread 3 ] DEBUG Engine               - title: SpaceX Invader
13:58:27.852 [FXGL Background Thread 3 ] DEBUG Engine               - urlGithub: https://github.com/AlmasB/FXGL
13:58:27.852 [FXGL Background Thread 3 ] DEBUG Engine               - urlLeaderboard: http://fxgl-top.herokuapp.com/
13:58:27.852 [FXGL Background Thread 3 ] DEBUG Engine               - urlPOM: https://raw.githubusercontent.com/AlmasB/FXGL/release/README.md
13:58:27.852 [FXGL Background Thread 3 ] DEBUG Engine               - userAppClass: class com.ood.spacexinvader.GameStart
13:58:27.852 [FXGL Background Thread 3 ] DEBUG Engine               - version: 0.0
13:58:27.852 [FXGL Background Thread 3 ] DEBUG Engine               - versionCheckDays: 7
13:58:27.852 [FXGL Background Thread 3 ] DEBUG Engine               - width: 450
13:58:27.853 [FXGL Background Thread 3 ] DEBUG Engine               - Logging services
13:58:27.853 [FXGL Background Thread 3 ] DEBUG Engine               - class com.almasb.fxgl.app.services.FXGLAssetLoaderService
13:58:27.853 [FXGL Background Thread 3 ] DEBUG Engine               - class com.almasb.fxgl.app.FXGLApplication$GameApplicationService
13:58:27.853 [FXGL Background Thread 3 ] DEBUG Engine               - class com.almasb.fxgl.app.services.FXGLDialogService
13:58:27.853 [FXGL Background Thread 3 ] DEBUG Engine               - class com.almasb.fxgl.app.services.IOTaskExecutorService
13:58:27.853 [FXGL Background Thread 3 ] DEBUG Engine               - class com.almasb.fxgl.io.FileSystemService
13:58:27.853 [FXGL Background Thread 3 ] DEBUG Engine               - class com.almasb.fxgl.localization.LocalizationService
13:58:27.853 [FXGL Background Thread 3 ] DEBUG Engine               - class com.almasb.fxgl.app.services.SystemBundleService
13:58:27.853 [FXGL Background Thread 3 ] DEBUG Engine               - class com.almasb.fxgl.profile.SaveLoadService
13:58:27.853 [FXGL Background Thread 3 ] DEBUG Engine               - class com.almasb.fxgl.ui.FXGLUIFactoryServiceProvider
13:58:27.854 [FXGL Background Thread 3 ] DEBUG Engine               - class com.almasb.fxgl.ui.FXGLDialogFactoryServiceProvider
13:58:27.854 [FXGL Background Thread 3 ] DEBUG Engine               - class com.almasb.fxgl.audio.AudioPlayer
13:58:27.854 [FXGL Background Thread 3 ] DEBUG Engine               - class com.almasb.fxgl.notification.impl.NotificationServiceProvider
13:58:27.854 [FXGL Background Thread 3 ] DEBUG Engine               - class com.almasb.fxgl.achievement.AchievementService
13:58:27.854 [FXGL Background Thread 3 ] DEBUG Engine               - class com.almasb.fxgl.cutscene.CutsceneService
13:58:27.854 [FXGL Background Thread 3 ] DEBUG Engine               - class com.almasb.fxgl.minigames.MiniGameService
13:58:27.854 [FXGL Background Thread 3 ] DEBUG Engine               - class com.almasb.fxgl.net.NetService
13:58:27.854 [FXGL Background Thread 3 ] DEBUG Engine               - class com.almasb.fxgl.app.services.UpdaterService
13:58:27.854 [FXGL Background Thread 3 ] DEBUG Engine               - class com.almasb.fxgl.dev.DevService
13:58:29.728 [JavaFX Application Thread] DEBUG FXGLApplication      - Exiting FXGL
13:58:29.728 [JavaFX Application Thread] DEBUG LoopRunner           - Stopping loop
13:58:29.728 [JavaFX Application Thread] DEBUG SystemBundleService  - Saving FXGL system data
13:58:29.731 [JavaFX Application Thread] DEBUG FileSystemAccess     - Writing to: /Users/leowong/IdeaProjects/SpaceX-Invader/system/fxgl.bundle
13:58:29.733 [JavaFX Application Thread] DEBUG Async                - Shutting down background threads
13:58:29.734 [JavaFX Application Thread] DEBUG PrimaryStageWindow   - Closing main window
13:58:29.746 [JavaFX Application Thread] DEBUG Logger               - Closing Logger
