10:33:41.785 [main                     ] DEBUG Logger               - Configured Logger
10:33:41.824 [main                     ] DEBUG GameApplication      - Logging settings
Title: SpaceX Invader
Version: 0.0
Width: 450
Height: 600
Fullscreen: false
Intro: false
Profiling: false
Single step:false
App Mode: DEVELOPER
Menu Key: ESCAPE
Stage Style: DECORATED
Scene Factory: class com.almasb.fxgl.app.scene.SceneFactory

10:33:42.327 [JavaFX Application Thread] DEBUG FXGLApplication      - Initializing FXGL
10:33:42.334 [JavaFX Application Thread] INFO  Engine               - FXGL-17.2 (20.08.2022 16.50) on MAC (J:17.0.3 FX:17.0.2-ea)
10:33:42.335 [JavaFX Application Thread] DEBUG Engine               - JRE Vendor Name: Eclipse Adoptium
10:33:42.335 [JavaFX Application Thread] DEBUG Engine               - Running on OS: Mac OS X version 13.1
10:33:42.335 [JavaFX Application Thread] DEBUG Engine               - Architecture: x86_64
10:33:42.335 [JavaFX Application Thread] INFO  Engine               - Source code and latest versions at: https://github.com/AlmasB/FXGL
10:33:42.336 [JavaFX Application Thread] INFO  Engine               -       Ask questions and discuss at: https://github.com/AlmasB/FXGL/discussions
10:33:42.336 [JavaFX Application Thread] INFO  Engine               -              Join the FXGL chat at: https://gitter.im/AlmasB/FXGL
10:33:42.440 [JavaFX Application Thread] DEBUG PrimaryStageWindow   - Creating a JavaFX scene
10:33:42.510 [JavaFX Application Thread] DEBUG PrimaryStageWindow   - Target settings size: 450.0 x 600.0
10:33:42.510 [JavaFX Application Thread] DEBUG PrimaryStageWindow   - Scaled scene size:    450.0 x 600.0
10:33:42.511 [JavaFX Application Thread] DEBUG PrimaryStageWindow   - Scaled ratio: (1.0, 1.0)
10:33:42.513 [JavaFX Application Thread] DEBUG PrimaryStageWindow   - Set initial scene to FXGLStartupScene
10:33:42.523 [JavaFX Application Thread] DEBUG PrimaryStageWindow   - Opening main window
10:33:42.654 [JavaFX Application Thread] DEBUG PrimaryStageWindow   - Window border size: (0.0, 28.0)
10:33:42.655 [JavaFX Application Thread] DEBUG PrimaryStageWindow   - Scaled size: 450.0 x 600.0
10:33:42.655 [JavaFX Application Thread] DEBUG PrimaryStageWindow   - Scaled ratio: (1.0, 1.0)
10:33:42.655 [JavaFX Application Thread] DEBUG PrimaryStageWindow   - Scene size: 450.0 x 600.0
10:33:42.656 [JavaFX Application Thread] DEBUG PrimaryStageWindow   - Stage size: 450.0 x 628.0
10:33:42.664 [FXGL Background Thread 1 ] DEBUG Engine               - Initializing environment variables
10:33:42.714 [FXGL Background Thread 1 ] DEBUG FXGLAssetLoaderServi - User app class for loading assets: class com.ood.spacexinvader.GameStart
10:33:42.714 [FXGL Background Thread 1 ] DEBUG GameApplicationServi - Applying CSS: fxgl_dark.css
10:33:42.716 [FXGL Background Thread 1 ] DEBUG FXGLAssetLoaderServi - Loading from file system: jar:file:///Users/leowong/.gradle/caches/modules-2/files-2.1/com.github.almasb/fxgl/17.2/35db6ae960eec2dcfd19262d3b7f9c42f0e95bc3/fxgl-17.2.jar!/fxglassets/ui/css/fxgl_dark.css
10:33:42.785 [FXGL Background Thread 1 ] DEBUG GameApplicationServi - Initializing application scenes
10:33:43.051 [FXGL Background Thread 1 ] DEBUG GameWorld            - Game world initialized
10:33:43.128 [FXGL Background Thread 1 ] DEBUG PhysicsWorld         - Physics world initialized: appHeight=600, physics.ppm=50.0
10:33:43.128 [FXGL Background Thread 1 ] DEBUG PhysicsWorld         - Using strategy: BRUTE_FORCE
10:33:43.134 [FXGL Background Thread 1 ] DEBUG GameScene            - Game scene initialized: 450x600
10:33:43.149 [FXGL Background Thread 1 ] WARN  FXGL.DefaultMenu     - FXGLDefaultMenu is not designed for resolutions < 800x600
10:33:43.150 [FXGL Background Thread 1 ] DEBUG FXGL.DefaultMenu     - createMenuBodyGameMenu()
10:33:43.167 [FXGL Background Thread 1 ] DEBUG FXGL.DefaultMenu     - createOptionsMenu()
10:33:43.183 [FXGL Background Thread 1 ] DEBUG FXGLAssetLoaderServi - Loading from file system: jar:file:///Users/leowong/.gradle/caches/modules-2/files-2.1/com.github.almasb/fxgl/17.2/35db6ae960eec2dcfd19262d3b7f9c42f0e95bc3/fxgl-17.2.jar!/fxglassets/textures/particles/smoke.png
10:33:43.322 [FXGL Background Thread 1 ] DEBUG FXGLAssetLoaderServi - Loading from file system: jar:file:///Users/leowong/.gradle/caches/modules-2/files-2.1/com.github.almasb/fxgl/17.2/35db6ae960eec2dcfd19262d3b7f9c42f0e95bc3/fxgl-17.2.jar!/fxglassets/textures/particles/trace_horizontal.png
10:33:43.353 [FXGL Background Thread 1 ] DEBUG GameApplicationServi - Application scenes initialized
10:33:43.371 [FXGL Background Thread 1 ] DEBUG SystemBundleService  - Loading FXGL system data
10:33:43.377 [FXGL Background Thread 1 ] DEBUG FileSystemAccess     - Reading from: /Users/leowong/IdeaProjects/SpaceX-Invader/system/fxgl.bundle
10:33:43.388 [FXGL Background Thread 1 ] DEBUG SystemBundleService  - Bundle FXGL: {}
10:33:43.389 [FXGL Background Thread 1 ] DEBUG UpdaterService       - Checking for updates
10:33:43.394 [FXGL Background Thread 4 ] DEBUG FXGLApplication      - Loading fonts
10:33:43.395 [FXGL Background Thread 4 ] DEBUG FXGLAssetLoaderServi - Loading from file system: jar:file:///Users/leowong/.gradle/caches/modules-2/files-2.1/com.github.almasb/fxgl/17.2/35db6ae960eec2dcfd19262d3b7f9c42f0e95bc3/fxgl-17.2.jar!/fxglassets/ui/fonts/VarelaRound-Regular.ttf
10:33:43.395 [FXGL Background Thread 1 ] DEBUG FXGLApplication      - Loading default localization
10:33:43.396 [FXGL Background Thread 1 ] DEBUG FXGLAssetLoaderServi - Loading from file system: jar:file:///Users/leowong/.gradle/caches/modules-2/files-2.1/com.github.almasb/fxgl/17.2/35db6ae960eec2dcfd19262d3b7f9c42f0e95bc3/fxgl-17.2.jar!/fxglassets/languages/english.lang
10:33:43.408 [FXGL Background Thread 4 ] DEBUG FXGLAssetLoaderServi - Loading from file system: jar:file:///Users/leowong/.gradle/caches/modules-2/files-2.1/com.github.almasb/fxgl/17.2/35db6ae960eec2dcfd19262d3b7f9c42f0e95bc3/fxgl-17.2.jar!/fxglassets/ui/fonts/Abel-Regular.ttf
10:33:43.412 [FXGL Background Thread 4 ] DEBUG FXGLAssetLoaderServi - Loading from file system: jar:file:///Users/leowong/.gradle/caches/modules-2/files-2.1/com.github.almasb/fxgl/17.2/35db6ae960eec2dcfd19262d3b7f9c42f0e95bc3/fxgl-17.2.jar!/fxglassets/ui/fonts/TerminalLandMono-Regular.otf
10:33:43.427 [FXGL Background Thread 1 ] INFO  FXGLApplication      - FXGL initialization took: 0.762 sec
10:33:43.427 [FXGL Background Thread 4 ] DEBUG FXGLAssetLoaderServi - Loading from file system: jar:file:///Users/leowong/.gradle/caches/modules-2/files-2.1/com.github.almasb/fxgl/17.2/35db6ae960eec2dcfd19262d3b7f9c42f0e95bc3/fxgl-17.2.jar!/fxglassets/ui/fonts/Courier-Prime.ttf
10:33:43.428 [JavaFX Application Thread] DEBUG FXGLAssetLoaderServi - Loading from file system: jar:file:///Users/leowong/IdeaProjects/SpaceX-Invader/build/libs/SpaceX-Invader-1.0-SNAPSHOT.jar!/assets/textures/icon/spacex-invader-favicon-black.png
10:33:43.447 [JavaFX Application Thread] DEBUG FXGLAssetLoaderServi - Loading from file system: jar:file:///Users/leowong/.gradle/caches/modules-2/files-2.1/com.github.almasb/fxgl/17.2/35db6ae960eec2dcfd19262d3b7f9c42f0e95bc3/fxgl-17.2.jar!/fxglassets/textures/fxgl_default_cursor.png
10:33:43.461 [JavaFX Application Thread] DEBUG Input                - Registered new binding: Screenshot - CTRL+8
10:33:43.462 [JavaFX Application Thread] DEBUG Input                - Registered new binding: System info dump - CTRL+9
10:33:43.463 [JavaFX Application Thread] DEBUG Input                - Registered new binding: Restart - CTRL+R
10:33:43.464 [JavaFX Application Thread] DEBUG Input                - Registered new binding: Toggle Debug Camera - CTRL+7
10:33:43.465 [JavaFX Application Thread] DEBUG LoopRunner           - Starting loop
10:33:43.466 [JavaFX Application Thread] DEBUG LoopRunner           - Initializing JavaFX AnimationTimerLoop
10:33:43.467 [JavaFX Application Thread] DEBUG GameApplicationServi - Starting new game
10:33:43.467 [JavaFX Application Thread] DEBUG Input                - Clearing active input actions
10:33:43.483 [JavaFX Application Thread] DEBUG GameApplicationServi - Removing overlay from FXGLStartupScene and adding to FXGLLoadingScene
10:33:43.483 [JavaFX Application Thread] DEBUG PrimaryStageWindow   - FXGLStartupScene -> FXGLLoadingScene
10:33:43.483 [JavaFX Application Thread] DEBUG GameApplicationServi - Clearing previous game
10:33:43.484 [JavaFX Application Thread] DEBUG GameScene            - Clearing game scene
10:33:43.484 [JavaFX Application Thread] DEBUG GameWorld            - Clearing game world
10:33:43.484 [JavaFX Application Thread] DEBUG PhysicsWorld         - Clearing physics world
10:33:43.485 [FXGL Background Thread 4 ] DEBUG FXGLApplication      - Initializing game
10:33:43.489 [FXGL Background Thread 4 ] DEBUG FXGLAssetLoaderServi - Loading from file system: jar:file:///Users/leowong/IdeaProjects/SpaceX-Invader/build/libs/SpaceX-Invader-1.0-SNAPSHOT.jar!/assets/textures/SpaceX.png
10:33:43.546 [JavaFX Application Thread] DEBUG FXGLApplication      - Registering font factories with UI factory
10:33:43.612 [FXGL Background Thread 4 ] INFO  FXGLApplication      - Game initialization took: 0.126 sec
10:33:43.690 [JavaFX Application Thread] DEBUG Input                - Clearing active input actions
10:33:43.700 [JavaFX Application Thread] DEBUG GameApplicationServi - Removing overlay from FXGLLoadingScene and adding to GameScene
10:33:43.700 [JavaFX Application Thread] DEBUG PrimaryStageWindow   - FXGLLoadingScene -> GameScene
10:33:45.586 [JavaFX Application Thread] DEBUG FXGLApplication      - Exiting FXGL
10:33:45.586 [JavaFX Application Thread] DEBUG LoopRunner           - Stopping loop
10:33:45.586 [JavaFX Application Thread] DEBUG SystemBundleService  - Saving FXGL system data
10:33:45.589 [JavaFX Application Thread] DEBUG FileSystemAccess     - Writing to: /Users/leowong/IdeaProjects/SpaceX-Invader/system/fxgl.bundle
10:33:45.591 [JavaFX Application Thread] DEBUG Async                - Shutting down background threads
10:33:45.592 [JavaFX Application Thread] DEBUG PrimaryStageWindow   - Closing main window
10:33:45.603 [JavaFX Application Thread] DEBUG Logger               - Closing Logger
