15:20:37.614 [main                     ] DEBUG Logger               - Configured Logger
15:20:37.654 [main                     ] DEBUG GameApplication      - Logging settings
Title: SpaceX Invader
Version: 0.0
Width: 450
Height: 600
Fullscreen: false
Intro: false
Profiling: false
Single step:false
App Mode: DEVELOPER
Menu Key: ESCAPE
Stage Style: DECORATED
Scene Factory: class com.ood.spacexinvader.GameStart$1

15:20:38.261 [JavaFX Application Thread] DEBUG FXGLApplication      - Initializing FXGL
15:20:38.268 [JavaFX Application Thread] INFO  Engine               - FXGL-17.2 (20.08.2022 16.50) on MAC (J:17.0.3 FX:17.0.2-ea)
15:20:38.268 [JavaFX Application Thread] DEBUG Engine               - JRE Vendor Name: Eclipse Adoptium
15:20:38.269 [JavaFX Application Thread] DEBUG Engine               - Running on OS: Mac OS X version 13.1
15:20:38.269 [JavaFX Application Thread] DEBUG Engine               - Architecture: x86_64
15:20:38.269 [JavaFX Application Thread] INFO  Engine               - Source code and latest versions at: https://github.com/AlmasB/FXGL
15:20:38.269 [JavaFX Application Thread] INFO  Engine               -       Ask questions and discuss at: https://github.com/AlmasB/FXGL/discussions
15:20:38.269 [JavaFX Application Thread] INFO  Engine               -              Join the FXGL chat at: https://gitter.im/AlmasB/FXGL
15:20:38.396 [JavaFX Application Thread] DEBUG PrimaryStageWindow   - Creating a JavaFX scene
15:20:38.461 [JavaFX Application Thread] DEBUG PrimaryStageWindow   - Target settings size: 450.0 x 600.0
15:20:38.462 [JavaFX Application Thread] DEBUG PrimaryStageWindow   - Scaled scene size:    450.0 x 600.0
15:20:38.462 [JavaFX Application Thread] DEBUG PrimaryStageWindow   - Scaled ratio: (1.0, 1.0)
15:20:38.463 [JavaFX Application Thread] DEBUG PrimaryStageWindow   - Set initial scene to FXGLStartupScene
15:20:38.475 [JavaFX Application Thread] DEBUG PrimaryStageWindow   - Opening main window
15:20:38.599 [JavaFX Application Thread] DEBUG PrimaryStageWindow   - Window border size: (0.0, 28.0)
15:20:38.600 [JavaFX Application Thread] DEBUG PrimaryStageWindow   - Scaled size: 450.0 x 600.0
15:20:38.600 [JavaFX Application Thread] DEBUG PrimaryStageWindow   - Scaled ratio: (1.0, 1.0)
15:20:38.601 [JavaFX Application Thread] DEBUG PrimaryStageWindow   - Scene size: 450.0 x 600.0
15:20:38.602 [JavaFX Application Thread] DEBUG PrimaryStageWindow   - Stage size: 450.0 x 628.0
15:20:38.614 [FXGL Background Thread 1 ] DEBUG Engine               - Initializing environment variables
15:20:38.701 [FXGL Background Thread 1 ] DEBUG FXGLAssetLoaderServi - User app class for loading assets: class com.ood.spacexinvader.GameStart
15:20:38.702 [FXGL Background Thread 1 ] DEBUG GameApplicationServi - Applying CSS: fxgl_dark.css
15:20:38.703 [FXGL Background Thread 1 ] DEBUG FXGLAssetLoaderServi - Loading from file system: jar:file:///Users/leowong/.gradle/caches/modules-2/files-2.1/com.github.almasb/fxgl/17.2/35db6ae960eec2dcfd19262d3b7f9c42f0e95bc3/fxgl-17.2.jar!/fxglassets/ui/css/fxgl_dark.css
15:20:38.980 [FXGL Background Thread 1 ] DEBUG GameApplicationServi - Initializing application scenes
15:20:39.290 [FXGL Background Thread 1 ] DEBUG GameWorld            - Game world initialized
15:20:39.354 [FXGL Background Thread 1 ] DEBUG PhysicsWorld         - Physics world initialized: appHeight=600, physics.ppm=50.0
15:20:39.354 [FXGL Background Thread 1 ] DEBUG PhysicsWorld         - Using strategy: BRUTE_FORCE
15:20:39.359 [FXGL Background Thread 1 ] DEBUG GameScene            - Game scene initialized: 450x600
15:20:39.426 [FXGL Background Thread 1 ] DEBUG GameApplicationServi - Application scenes initialized
15:20:39.464 [FXGL Background Thread 1 ] DEBUG SystemBundleService  - Loading FXGL system data
15:20:39.471 [FXGL Background Thread 1 ] DEBUG FileSystemAccess     - Reading from: /Users/leowong/IdeaProjects/SpaceX-Invader/system/fxgl.bundle
15:20:39.483 [FXGL Background Thread 1 ] DEBUG SystemBundleService  - Bundle FXGL: {}
15:20:39.483 [FXGL Background Thread 1 ] DEBUG UpdaterService       - Checking for updates
15:20:39.491 [FXGL Background Thread 4 ] DEBUG FXGLApplication      - Loading fonts
15:20:39.492 [FXGL Background Thread 4 ] DEBUG FXGLAssetLoaderServi - Loading from file system: jar:file:///Users/leowong/.gradle/caches/modules-2/files-2.1/com.github.almasb/fxgl/17.2/35db6ae960eec2dcfd19262d3b7f9c42f0e95bc3/fxgl-17.2.jar!/fxglassets/ui/fonts/VarelaRound-Regular.ttf
15:20:39.492 [FXGL Background Thread 1 ] DEBUG FXGLApplication      - Loading default localization
15:20:39.493 [FXGL Background Thread 1 ] DEBUG FXGLAssetLoaderServi - Loading from file system: jar:file:///Users/leowong/.gradle/caches/modules-2/files-2.1/com.github.almasb/fxgl/17.2/35db6ae960eec2dcfd19262d3b7f9c42f0e95bc3/fxgl-17.2.jar!/fxglassets/languages/english.lang
15:20:39.513 [FXGL Background Thread 4 ] DEBUG FXGLAssetLoaderServi - Loading from file system: jar:file:///Users/leowong/.gradle/caches/modules-2/files-2.1/com.github.almasb/fxgl/17.2/35db6ae960eec2dcfd19262d3b7f9c42f0e95bc3/fxgl-17.2.jar!/fxglassets/ui/fonts/Abel-Regular.ttf
15:20:39.517 [FXGL Background Thread 1 ] INFO  FXGLApplication      - FXGL initialization took: 0.902 sec
15:20:39.519 [FXGL Background Thread 4 ] DEBUG FXGLAssetLoaderServi - Loading from file system: jar:file:///Users/leowong/.gradle/caches/modules-2/files-2.1/com.github.almasb/fxgl/17.2/35db6ae960eec2dcfd19262d3b7f9c42f0e95bc3/fxgl-17.2.jar!/fxglassets/ui/fonts/TerminalLandMono-Regular.otf
15:20:39.524 [FXGL Background Thread 4 ] DEBUG FXGLAssetLoaderServi - Loading from file system: jar:file:///Users/leowong/.gradle/caches/modules-2/files-2.1/com.github.almasb/fxgl/17.2/35db6ae960eec2dcfd19262d3b7f9c42f0e95bc3/fxgl-17.2.jar!/fxglassets/ui/fonts/Courier-Prime.ttf
15:20:39.528 [JavaFX Application Thread] DEBUG Input                - Registered new binding: Left - A
15:20:39.529 [JavaFX Application Thread] DEBUG Input                - Registered new binding: Right - D
15:20:39.529 [JavaFX Application Thread] DEBUG Input                - Registered new binding: Shoot - J
15:20:39.530 [JavaFX Application Thread] DEBUG FXGLAssetLoaderServi - Loading from file system: jar:file:///Users/leowong/IdeaProjects/SpaceX-Invader/build/libs/SpaceX-Invader-1.0-SNAPSHOT.jar!/assets/textures/icon/spacex-invader-favicon-black.png
15:20:39.576 [JavaFX Application Thread] DEBUG FXGLAssetLoaderServi - Loading from file system: jar:file:///Users/leowong/.gradle/caches/modules-2/files-2.1/com.github.almasb/fxgl/17.2/35db6ae960eec2dcfd19262d3b7f9c42f0e95bc3/fxgl-17.2.jar!/fxglassets/textures/fxgl_default_cursor.png
15:20:39.580 [JavaFX Application Thread] DEBUG Input                - Registered new binding: Screenshot - CTRL+8
15:20:39.581 [JavaFX Application Thread] DEBUG Input                - Registered new binding: System info dump - CTRL+9
15:20:39.582 [JavaFX Application Thread] DEBUG Input                - Registered new binding: Restart - CTRL+R
15:20:39.583 [JavaFX Application Thread] DEBUG Input                - Registered new binding: Toggle Debug Camera - CTRL+7
15:20:39.586 [JavaFX Application Thread] DEBUG LoopRunner           - Starting loop
15:20:39.586 [JavaFX Application Thread] DEBUG LoopRunner           - Initializing JavaFX AnimationTimerLoop
15:20:39.590 [JavaFX Application Thread] DEBUG Input                - Clearing active input actions
15:20:39.601 [JavaFX Application Thread] DEBUG GameApplicationServi - Removing overlay from FXGLStartupScene and adding to FXGLMainMenuDummyScene
15:20:39.602 [JavaFX Application Thread] DEBUG PrimaryStageWindow   - FXGLStartupScene -> FXGLMainMenuDummyScene
15:20:39.602 [JavaFX Application Thread] DEBUG PrimaryStageWindow   - Push state: MainMenu
15:20:39.603 [JavaFX Application Thread] DEBUG Input                - Clearing active input actions
15:20:39.614 [JavaFX Application Thread] DEBUG GameApplicationServi - Removing overlay from FXGLMainMenuDummyScene and adding to MainMenu
15:20:39.615 [JavaFX Application Thread] DEBUG PrimaryStageWindow   - FXGLMainMenuDummyScene -> MainMenu
15:20:39.682 [JavaFX Application Thread] DEBUG FXGLApplication      - Registering font factories with UI factory
15:20:41.005 [JavaFX Application Thread] DEBUG GameApplicationServi - Starting new game
15:20:41.005 [JavaFX Application Thread] DEBUG PrimaryStageWindow   - Pop state: MainMenu
15:20:41.006 [JavaFX Application Thread] DEBUG Input                - Clearing active input actions
15:20:41.007 [JavaFX Application Thread] DEBUG GameApplicationServi - Removing overlay from MainMenu and adding to FXGLMainMenuDummyScene
15:20:41.008 [JavaFX Application Thread] DEBUG PrimaryStageWindow   - FXGLMainMenuDummyScene <- MainMenu
15:20:41.008 [JavaFX Application Thread] DEBUG Input                - Clearing active input actions
15:20:41.015 [JavaFX Application Thread] DEBUG GameApplicationServi - Removing overlay from FXGLMainMenuDummyScene and adding to FXGLLoadingScene
15:20:41.016 [JavaFX Application Thread] DEBUG PrimaryStageWindow   - FXGLMainMenuDummyScene -> FXGLLoadingScene
15:20:41.016 [JavaFX Application Thread] DEBUG GameApplicationServi - Clearing previous game
15:20:41.016 [JavaFX Application Thread] DEBUG GameScene            - Clearing game scene
15:20:41.016 [JavaFX Application Thread] DEBUG GameWorld            - Clearing game world
15:20:41.017 [JavaFX Application Thread] DEBUG PhysicsWorld         - Clearing physics world
15:20:41.019 [FXGL Background Thread 2 ] DEBUG FXGLApplication      - Initializing game
15:20:41.026 [FXGL Background Thread 2 ] DEBUG FXGLAssetLoaderServi - Loading from file system: jar:file:///Users/leowong/IdeaProjects/SpaceX-Invader/build/libs/SpaceX-Invader-1.0-SNAPSHOT.jar!/assets/textures/player/SpaceX.png
15:20:41.047 [FXGL Background Thread 2 ] INFO  FXGLApplication      - Game initialization took: 0.028 sec
15:20:41.072 [JavaFX Application Thread] DEBUG Input                - Clearing active input actions
15:20:41.082 [JavaFX Application Thread] DEBUG GameApplicationServi - Removing overlay from FXGLLoadingScene and adding to GameScene
15:20:41.082 [JavaFX Application Thread] DEBUG PrimaryStageWindow   - FXGLLoadingScene -> GameScene
15:20:42.491 [FXGL Background Thread 3 ] DEBUG Engine               - Logging environment variables
15:20:42.492 [FXGL Background Thread 3 ] DEBUG Engine               - achievements: []
15:20:42.493 [FXGL Background Thread 3 ] DEBUG Engine               - actualHeight: 600.0
15:20:42.493 [FXGL Background Thread 3 ] DEBUG Engine               - actualHeightProperty: ReadOnlyDoubleProperty [value: 600.0]
15:20:42.493 [FXGL Background Thread 3 ] DEBUG Engine               - actualWidth: 450.0
15:20:42.493 [FXGL Background Thread 3 ] DEBUG Engine               - actualWidthProperty: ReadOnlyDoubleProperty [value: 450.0]
15:20:42.494 [FXGL Background Thread 3 ] DEBUG Engine               - appIcon: icon/spacex-invader-favicon-black.png
15:20:42.494 [FXGL Background Thread 3 ] DEBUG Engine               - applicationMode: DEVELOPER
15:20:42.494 [FXGL Background Thread 3 ] DEBUG Engine               - cSSList: [fxgl_dark.css]
15:20:42.494 [FXGL Background Thread 3 ] DEBUG Engine               - collisionDetectionStrategy: BRUTE_FORCE
15:20:42.494 [FXGL Background Thread 3 ] DEBUG Engine               - configClass: Optional.empty
15:20:42.495 [FXGL Background Thread 3 ] DEBUG Engine               - credits: []
15:20:42.498 [FXGL Background Thread 3 ] DEBUG Engine               - defaultCursor: CursorInfo(imageName=fxgl_default_cursor.png, hotspotX=7.0, hotspotY=6.0)
15:20:42.499 [FXGL Background Thread 3 ] DEBUG Engine               - devBBoxColorProperty: ObjectProperty [value: 0xff0000ff]
15:20:42.500 [FXGL Background Thread 3 ] DEBUG Engine               - devEnableDebugCameraProperty: BooleanProperty [value: false]
15:20:42.501 [FXGL Background Thread 3 ] DEBUG Engine               - devSensorColorProperty: ObjectProperty [value: 0xffff00ff]
15:20:42.501 [FXGL Background Thread 3 ] DEBUG Engine               - devShowBBoxProperty: BooleanProperty [value: false]
15:20:42.501 [FXGL Background Thread 3 ] DEBUG Engine               - devShowPositionProperty: BooleanProperty [value: false]
15:20:42.502 [FXGL Background Thread 3 ] DEBUG Engine               - enabledMenuItems: []
15:20:42.502 [FXGL Background Thread 3 ] DEBUG Engine               - engineServices: [class com.almasb.fxgl.app.services.FXGLAssetLoaderService, class com.almasb.fxgl.app.FXGLApplication$GameApplicationService, class com.almasb.fxgl.app.services.FXGLDialogService, class com.almasb.fxgl.app.services.IOTaskExecutorService, class com.almasb.fxgl.io.FileSystemService, class com.almasb.fxgl.localization.LocalizationService, class com.almasb.fxgl.app.services.SystemBundleService, class com.almasb.fxgl.profile.SaveLoadService, class com.almasb.fxgl.ui.FXGLUIFactoryServiceProvider, class com.almasb.fxgl.ui.FXGLDialogFactoryServiceProvider, class com.almasb.fxgl.audio.AudioPlayer, class com.almasb.fxgl.notification.impl.NotificationServiceProvider, class com.almasb.fxgl.achievement.AchievementService, class com.almasb.fxgl.cutscene.CutsceneService, class com.almasb.fxgl.minigames.MiniGameService, class com.almasb.fxgl.net.NetService, class com.almasb.fxgl.app.services.UpdaterService, class com.almasb.fxgl.dev.DevService]
15:20:42.502 [FXGL Background Thread 3 ] DEBUG Engine               - fontGame: Abel-Regular.ttf
15:20:42.502 [FXGL Background Thread 3 ] DEBUG Engine               - fontMono: TerminalLandMono-Regular.otf
15:20:42.503 [FXGL Background Thread 3 ] DEBUG Engine               - fontText: Courier-Prime.ttf
15:20:42.503 [FXGL Background Thread 3 ] DEBUG Engine               - fontUI: VarelaRound-Regular.ttf
15:20:42.503 [FXGL Background Thread 3 ] DEBUG Engine               - fullScreen: BooleanProperty [value: false]
15:20:42.503 [FXGL Background Thread 3 ] DEBUG Engine               - gameDifficulty: MEDIUM
15:20:42.503 [FXGL Background Thread 3 ] DEBUG Engine               - gameDifficultyProperty: ObjectProperty [value: MEDIUM]
15:20:42.504 [FXGL Background Thread 3 ] DEBUG Engine               - globalMusicVolume: 0.5
15:20:42.504 [FXGL Background Thread 3 ] DEBUG Engine               - globalMusicVolumeProperty: DoubleProperty [value: 0.5]
15:20:42.504 [FXGL Background Thread 3 ] DEBUG Engine               - globalSoundVolume: 0.5
15:20:42.504 [FXGL Background Thread 3 ] DEBUG Engine               - globalSoundVolumeProperty: DoubleProperty [value: 0.5]
15:20:42.504 [FXGL Background Thread 3 ] DEBUG Engine               - height: 600
15:20:42.504 [FXGL Background Thread 3 ] DEBUG Engine               - is3D: false
15:20:42.505 [FXGL Background Thread 3 ] DEBUG Engine               - isAndroid: false
15:20:42.505 [FXGL Background Thread 3 ] DEBUG Engine               - isBrowser: false
15:20:42.505 [FXGL Background Thread 3 ] DEBUG Engine               - isClickFeedbackEnabled: false
15:20:42.505 [FXGL Background Thread 3 ] DEBUG Engine               - isCloseConfirmation: true
15:20:42.505 [FXGL Background Thread 3 ] DEBUG Engine               - isDesktop: true
15:20:42.505 [FXGL Background Thread 3 ] DEBUG Engine               - isDeveloperMenuEnabled: false
15:20:42.506 [FXGL Background Thread 3 ] DEBUG Engine               - isEmbedded: false
15:20:42.506 [FXGL Background Thread 3 ] DEBUG Engine               - isEntityPreloadEnabled: true
15:20:42.506 [FXGL Background Thread 3 ] DEBUG Engine               - isExperimentalTiledLargeMap: false
15:20:42.506 [FXGL Background Thread 3 ] DEBUG Engine               - isFileSystemWriteAllowed: true
15:20:42.506 [FXGL Background Thread 3 ] DEBUG Engine               - isFullScreenAllowed: false
15:20:42.506 [FXGL Background Thread 3 ] DEBUG Engine               - isFullScreenFromStart: false
15:20:42.507 [FXGL Background Thread 3 ] DEBUG Engine               - isGameMenuEnabled: true
15:20:42.507 [FXGL Background Thread 3 ] DEBUG Engine               - isIOS: false
15:20:42.507 [FXGL Background Thread 3 ] DEBUG Engine               - isIntroEnabled: false
15:20:42.507 [FXGL Background Thread 3 ] DEBUG Engine               - isLinux: false
15:20:42.507 [FXGL Background Thread 3 ] DEBUG Engine               - isMac: true
15:20:42.507 [FXGL Background Thread 3 ] DEBUG Engine               - isMainMenuEnabled: true
15:20:42.508 [FXGL Background Thread 3 ] DEBUG Engine               - isManualResizeEnabled: false
15:20:42.508 [FXGL Background Thread 3 ] DEBUG Engine               - isMobile: false
15:20:42.508 [FXGL Background Thread 3 ] DEBUG Engine               - isNative: false
15:20:42.508 [FXGL Background Thread 3 ] DEBUG Engine               - isPauseMusicWhenMinimized: true
15:20:42.508 [FXGL Background Thread 3 ] DEBUG Engine               - isPreserveResizeRatio: false
15:20:42.508 [FXGL Background Thread 3 ] DEBUG Engine               - isProfilingEnabled: false
15:20:42.508 [FXGL Background Thread 3 ] DEBUG Engine               - isScaleAffectedOnResize: true
15:20:42.509 [FXGL Background Thread 3 ] DEBUG Engine               - isSingleStep: false
15:20:42.509 [FXGL Background Thread 3 ] DEBUG Engine               - isUserProfileEnabled: false
15:20:42.509 [FXGL Background Thread 3 ] DEBUG Engine               - isWindows: false
15:20:42.509 [FXGL Background Thread 3 ] DEBUG Engine               - language: ObjectProperty [value: ENGLISH]
15:20:42.509 [FXGL Background Thread 3 ] DEBUG Engine               - menuKey: ESCAPE
15:20:42.509 [FXGL Background Thread 3 ] DEBUG Engine               - mouseSensitivity: 0.2
15:20:42.509 [FXGL Background Thread 3 ] DEBUG Engine               - notificationViewClass: class com.almasb.fxgl.notification.view.XboxNotificationView
15:20:42.509 [FXGL Background Thread 3 ] DEBUG Engine               - pixelsPerMeter: 50.0
15:20:42.509 [FXGL Background Thread 3 ] DEBUG Engine               - platform: MAC
15:20:42.510 [FXGL Background Thread 3 ] DEBUG Engine               - prefHeightProperty: ReadOnlyDoubleProperty [value: 600.0]
15:20:42.510 [FXGL Background Thread 3 ] DEBUG Engine               - prefWidthProperty: ReadOnlyDoubleProperty [value: 450.0]
15:20:42.510 [FXGL Background Thread 3 ] DEBUG Engine               - profileDir: profiles/
15:20:42.510 [FXGL Background Thread 3 ] DEBUG Engine               - profileName: StringProperty [value: DEFAULT]
15:20:42.510 [FXGL Background Thread 3 ] DEBUG Engine               - randomSeed: -1
15:20:42.511 [FXGL Background Thread 3 ] DEBUG Engine               - runtimeInfo: RuntimeInfo(platform=MAC, version=17.2, build=20.08.2022 16.50)
15:20:42.511 [FXGL Background Thread 3 ] DEBUG Engine               - saveFileExt: sav
15:20:42.511 [FXGL Background Thread 3 ] DEBUG Engine               - scaledHeightProp$fxgl: DoubleProperty [bound, value: 600.0]
15:20:42.512 [FXGL Background Thread 3 ] DEBUG Engine               - scaledWidthProp$fxgl: DoubleProperty [bound, value: 450.0]
15:20:42.512 [FXGL Background Thread 3 ] DEBUG Engine               - sceneFactory: com.ood.spacexinvader.GameStart$1@2eebfbfe
15:20:42.512 [FXGL Background Thread 3 ] DEBUG Engine               - secondsIn24h: 60
15:20:42.512 [FXGL Background Thread 3 ] DEBUG Engine               - soundMenuBack: menu/back.wav
15:20:42.512 [FXGL Background Thread 3 ] DEBUG Engine               - soundMenuPress: menu/press.wav
15:20:42.512 [FXGL Background Thread 3 ] DEBUG Engine               - soundMenuSelect: menu/select.wav
15:20:42.513 [FXGL Background Thread 3 ] DEBUG Engine               - soundNotification: core/notification.wav
15:20:42.513 [FXGL Background Thread 3 ] DEBUG Engine               - stageStyle: DECORATED
15:20:42.513 [FXGL Background Thread 3 ] DEBUG Engine               - supportedLanguages: [ENGLISH, FRENCH, GERMAN, HUNGARIAN, RUSSIAN]
15:20:42.513 [FXGL Background Thread 3 ] DEBUG Engine               - ticksPerSecond: -1
15:20:42.513 [FXGL Background Thread 3 ] DEBUG Engine               - title: SpaceX Invader
15:20:42.513 [FXGL Background Thread 3 ] DEBUG Engine               - urlGithub: https://github.com/AlmasB/FXGL
15:20:42.513 [FXGL Background Thread 3 ] DEBUG Engine               - urlLeaderboard: http://fxgl-top.herokuapp.com/
15:20:42.514 [FXGL Background Thread 3 ] DEBUG Engine               - urlPOM: https://raw.githubusercontent.com/AlmasB/FXGL/release/README.md
15:20:42.514 [FXGL Background Thread 3 ] DEBUG Engine               - userAppClass: class com.ood.spacexinvader.GameStart
15:20:42.514 [FXGL Background Thread 3 ] DEBUG Engine               - version: 0.0
15:20:42.514 [FXGL Background Thread 3 ] DEBUG Engine               - versionCheckDays: 7
15:20:42.514 [FXGL Background Thread 3 ] DEBUG Engine               - width: 450
15:20:42.514 [FXGL Background Thread 3 ] DEBUG Engine               - Logging services
15:20:42.514 [FXGL Background Thread 3 ] DEBUG Engine               - class com.almasb.fxgl.app.services.FXGLAssetLoaderService
15:20:42.514 [FXGL Background Thread 3 ] DEBUG Engine               - class com.almasb.fxgl.app.FXGLApplication$GameApplicationService
15:20:42.515 [FXGL Background Thread 3 ] DEBUG Engine               - class com.almasb.fxgl.app.services.FXGLDialogService
15:20:42.515 [FXGL Background Thread 3 ] DEBUG Engine               - class com.almasb.fxgl.app.services.IOTaskExecutorService
15:20:42.515 [FXGL Background Thread 3 ] DEBUG Engine               - class com.almasb.fxgl.io.FileSystemService
15:20:42.515 [FXGL Background Thread 3 ] DEBUG Engine               - class com.almasb.fxgl.localization.LocalizationService
15:20:42.515 [FXGL Background Thread 3 ] DEBUG Engine               - class com.almasb.fxgl.app.services.SystemBundleService
15:20:42.515 [FXGL Background Thread 3 ] DEBUG Engine               - class com.almasb.fxgl.profile.SaveLoadService
15:20:42.515 [FXGL Background Thread 3 ] DEBUG Engine               - class com.almasb.fxgl.ui.FXGLUIFactoryServiceProvider
15:20:42.515 [FXGL Background Thread 3 ] DEBUG Engine               - class com.almasb.fxgl.ui.FXGLDialogFactoryServiceProvider
15:20:42.515 [FXGL Background Thread 3 ] DEBUG Engine               - class com.almasb.fxgl.audio.AudioPlayer
15:20:42.515 [FXGL Background Thread 3 ] DEBUG Engine               - class com.almasb.fxgl.notification.impl.NotificationServiceProvider
15:20:42.515 [FXGL Background Thread 3 ] DEBUG Engine               - class com.almasb.fxgl.achievement.AchievementService
15:20:42.515 [FXGL Background Thread 3 ] DEBUG Engine               - class com.almasb.fxgl.cutscene.CutsceneService
15:20:42.515 [FXGL Background Thread 3 ] DEBUG Engine               - class com.almasb.fxgl.minigames.MiniGameService
15:20:42.516 [FXGL Background Thread 3 ] DEBUG Engine               - class com.almasb.fxgl.net.NetService
15:20:42.516 [FXGL Background Thread 3 ] DEBUG Engine               - class com.almasb.fxgl.app.services.UpdaterService
15:20:42.516 [FXGL Background Thread 3 ] DEBUG Engine               - class com.almasb.fxgl.dev.DevService
15:21:13.916 [JavaFX Application Thread] DEBUG PrimaryStageWindow   - Push state: DialogSubScene
15:21:13.916 [JavaFX Application Thread] DEBUG Input                - Clearing active input actions
15:21:13.917 [JavaFX Application Thread] DEBUG GameApplicationServi - Removing overlay from GameScene and adding to DialogSubScene
15:21:13.917 [JavaFX Application Thread] DEBUG PrimaryStageWindow   - GameScene -> DialogSubScene
15:21:15.075 [JavaFX Application Thread] DEBUG PrimaryStageWindow   - Pop state: DialogSubScene
15:21:15.075 [JavaFX Application Thread] DEBUG Input                - Clearing active input actions
15:21:15.076 [JavaFX Application Thread] DEBUG GameApplicationServi - Removing overlay from DialogSubScene and adding to GameScene
15:21:15.076 [JavaFX Application Thread] DEBUG PrimaryStageWindow   - GameScene <- DialogSubScene
15:21:15.076 [JavaFX Application Thread] DEBUG FXGLApplication      - Exiting FXGL
15:21:15.076 [JavaFX Application Thread] DEBUG LoopRunner           - Stopping loop
15:21:15.076 [JavaFX Application Thread] DEBUG SystemBundleService  - Saving FXGL system data
15:21:15.078 [JavaFX Application Thread] DEBUG FileSystemAccess     - Writing to: /Users/leowong/IdeaProjects/SpaceX-Invader/system/fxgl.bundle
15:21:15.080 [JavaFX Application Thread] DEBUG Async                - Shutting down background threads
15:21:15.080 [JavaFX Application Thread] DEBUG PrimaryStageWindow   - Closing main window
15:21:15.107 [JavaFX Application Thread] DEBUG Logger               - Closing Logger
