17:48:43.920 [main                     ] DEBUG Logger               - Configured Logger
17:48:43.961 [main                     ] DEBUG GameApplication      - Logging settings
Title: SpaceX Invader
Version: 0.0
Width: 450
Height: 600
Fullscreen: false
Intro: false
Profiling: false
Single step:false
App Mode: DEVELOPER
Menu Key: ESCAPE
Stage Style: DECORATED
Scene Factory: class com.almasb.fxgl.app.scene.SceneFactory

17:48:44.602 [JavaFX Application Thread] DEBUG FXGLApplication      - Initializing FXGL
17:48:44.612 [JavaFX Application Thread] INFO  Engine               - FXGL-17.2 (20.08.2022 16.50) on MAC (J:17.0.3 FX:17.0.2-ea)
17:48:44.613 [JavaFX Application Thread] DEBUG Engine               - JRE Vendor Name: Eclipse Adoptium
17:48:44.613 [JavaFX Application Thread] DEBUG Engine               - Running on OS: Mac OS X version 13.1
17:48:44.614 [JavaFX Application Thread] DEBUG Engine               - Architecture: x86_64
17:48:44.614 [JavaFX Application Thread] INFO  Engine               - Source code and latest versions at: https://github.com/AlmasB/FXGL
17:48:44.614 [JavaFX Application Thread] INFO  Engine               -       Ask questions and discuss at: https://github.com/AlmasB/FXGL/discussions
17:48:44.614 [JavaFX Application Thread] INFO  Engine               -              Join the FXGL chat at: https://gitter.im/AlmasB/FXGL
17:48:44.783 [JavaFX Application Thread] DEBUG PrimaryStageWindow   - Creating a JavaFX scene
17:48:44.855 [JavaFX Application Thread] DEBUG PrimaryStageWindow   - Target settings size: 450.0 x 600.0
17:48:44.855 [JavaFX Application Thread] DEBUG PrimaryStageWindow   - Scaled scene size:    450.0 x 600.0
17:48:44.856 [JavaFX Application Thread] DEBUG PrimaryStageWindow   - Scaled ratio: (1.0, 1.0)
17:48:44.857 [JavaFX Application Thread] DEBUG PrimaryStageWindow   - Set initial scene to FXGLStartupScene
17:48:44.871 [JavaFX Application Thread] DEBUG PrimaryStageWindow   - Opening main window
17:48:45.018 [JavaFX Application Thread] DEBUG PrimaryStageWindow   - Window border size: (0.0, 28.0)
17:48:45.018 [JavaFX Application Thread] DEBUG PrimaryStageWindow   - Scaled size: 450.0 x 600.0
17:48:45.018 [JavaFX Application Thread] DEBUG PrimaryStageWindow   - Scaled ratio: (1.0, 1.0)
17:48:45.019 [JavaFX Application Thread] DEBUG PrimaryStageWindow   - Scene size: 450.0 x 600.0
17:48:45.019 [JavaFX Application Thread] DEBUG PrimaryStageWindow   - Stage size: 450.0 x 628.0
17:48:45.029 [FXGL Background Thread 1 ] DEBUG Engine               - Initializing environment variables
17:48:45.080 [FXGL Background Thread 1 ] DEBUG FXGLAssetLoaderServi - User app class for loading assets: class com.ood.spacexinvader.GameStart
17:48:45.081 [FXGL Background Thread 1 ] DEBUG GameApplicationServi - Applying CSS: fxgl_dark.css
17:48:45.082 [FXGL Background Thread 1 ] DEBUG FXGLAssetLoaderServi - Loading from file system: jar:file:///Users/leowong/.gradle/caches/modules-2/files-2.1/com.github.almasb/fxgl/17.2/35db6ae960eec2dcfd19262d3b7f9c42f0e95bc3/fxgl-17.2.jar!/fxglassets/ui/css/fxgl_dark.css
17:48:45.150 [FXGL Background Thread 1 ] DEBUG GameApplicationServi - Initializing application scenes
17:48:45.459 [FXGL Background Thread 1 ] DEBUG GameWorld            - Game world initialized
17:48:45.546 [FXGL Background Thread 1 ] DEBUG PhysicsWorld         - Physics world initialized: appHeight=600, physics.ppm=50.0
17:48:45.547 [FXGL Background Thread 1 ] DEBUG PhysicsWorld         - Using strategy: BRUTE_FORCE
17:48:45.555 [FXGL Background Thread 1 ] DEBUG GameScene            - Game scene initialized: 450x600
17:48:45.575 [FXGL Background Thread 1 ] WARN  FXGL.DefaultMenu     - FXGLDefaultMenu is not designed for resolutions < 800x600
17:48:45.575 [FXGL Background Thread 1 ] DEBUG FXGL.DefaultMenu     - createMenuBodyGameMenu()
17:48:45.603 [FXGL Background Thread 1 ] DEBUG FXGL.DefaultMenu     - createOptionsMenu()
17:48:45.620 [FXGL Background Thread 1 ] DEBUG FXGLAssetLoaderServi - Loading from file system: jar:file:///Users/leowong/.gradle/caches/modules-2/files-2.1/com.github.almasb/fxgl/17.2/35db6ae960eec2dcfd19262d3b7f9c42f0e95bc3/fxgl-17.2.jar!/fxglassets/textures/particles/smoke.png
17:48:45.775 [FXGL Background Thread 1 ] DEBUG FXGLAssetLoaderServi - Loading from file system: jar:file:///Users/leowong/.gradle/caches/modules-2/files-2.1/com.github.almasb/fxgl/17.2/35db6ae960eec2dcfd19262d3b7f9c42f0e95bc3/fxgl-17.2.jar!/fxglassets/textures/particles/trace_horizontal.png
17:48:45.838 [FXGL Background Thread 1 ] DEBUG GameApplicationServi - Application scenes initialized
17:48:45.857 [FXGL Background Thread 1 ] DEBUG SystemBundleService  - Loading FXGL system data
17:48:45.863 [FXGL Background Thread 1 ] DEBUG FileSystemAccess     - Reading from: /Users/leowong/IdeaProjects/SpaceX-Invader/system/fxgl.bundle
17:48:45.874 [FXGL Background Thread 1 ] DEBUG SystemBundleService  - Bundle FXGL: {}
17:48:45.874 [FXGL Background Thread 1 ] DEBUG UpdaterService       - Checking for updates
17:48:45.879 [FXGL Background Thread 4 ] DEBUG FXGLApplication      - Loading fonts
17:48:45.880 [FXGL Background Thread 4 ] DEBUG FXGLAssetLoaderServi - Loading from file system: jar:file:///Users/leowong/.gradle/caches/modules-2/files-2.1/com.github.almasb/fxgl/17.2/35db6ae960eec2dcfd19262d3b7f9c42f0e95bc3/fxgl-17.2.jar!/fxglassets/ui/fonts/VarelaRound-Regular.ttf
17:48:45.880 [FXGL Background Thread 1 ] DEBUG FXGLApplication      - Loading default localization
17:48:45.881 [FXGL Background Thread 1 ] DEBUG FXGLAssetLoaderServi - Loading from file system: jar:file:///Users/leowong/.gradle/caches/modules-2/files-2.1/com.github.almasb/fxgl/17.2/35db6ae960eec2dcfd19262d3b7f9c42f0e95bc3/fxgl-17.2.jar!/fxglassets/languages/english.lang
17:48:45.894 [FXGL Background Thread 4 ] DEBUG FXGLAssetLoaderServi - Loading from file system: jar:file:///Users/leowong/.gradle/caches/modules-2/files-2.1/com.github.almasb/fxgl/17.2/35db6ae960eec2dcfd19262d3b7f9c42f0e95bc3/fxgl-17.2.jar!/fxglassets/ui/fonts/Abel-Regular.ttf
17:48:45.900 [FXGL Background Thread 4 ] DEBUG FXGLAssetLoaderServi - Loading from file system: jar:file:///Users/leowong/.gradle/caches/modules-2/files-2.1/com.github.almasb/fxgl/17.2/35db6ae960eec2dcfd19262d3b7f9c42f0e95bc3/fxgl-17.2.jar!/fxglassets/ui/fonts/TerminalLandMono-Regular.otf
17:48:45.907 [FXGL Background Thread 4 ] DEBUG FXGLAssetLoaderServi - Loading from file system: jar:file:///Users/leowong/.gradle/caches/modules-2/files-2.1/com.github.almasb/fxgl/17.2/35db6ae960eec2dcfd19262d3b7f9c42f0e95bc3/fxgl-17.2.jar!/fxglassets/ui/fonts/Courier-Prime.ttf
17:48:45.910 [FXGL Background Thread 1 ] INFO  FXGLApplication      - FXGL initialization took: 0.881 sec
17:48:45.911 [JavaFX Application Thread] WARN  FXGLAssetLoaderServi - Asset "/assets/textures/spacex-invader-favicon-black.png" was not found!
17:48:45.912 [JavaFX Application Thread] WARN  FXGLAssetLoaderServi - Failed to load IMAGE
17:48:45.946 [JavaFX Application Thread] DEBUG FXGLAssetLoaderServi - Loading from file system: jar:file:///Users/leowong/.gradle/caches/modules-2/files-2.1/com.github.almasb/fxgl/17.2/35db6ae960eec2dcfd19262d3b7f9c42f0e95bc3/fxgl-17.2.jar!/fxglassets/textures/fxgl_default_cursor.png
17:48:45.965 [JavaFX Application Thread] DEBUG Input                - Registered new binding: Screenshot - CTRL+8
17:48:45.965 [JavaFX Application Thread] DEBUG Input                - Registered new binding: System info dump - CTRL+9
17:48:45.966 [JavaFX Application Thread] DEBUG Input                - Registered new binding: Restart - CTRL+R
17:48:45.967 [JavaFX Application Thread] DEBUG Input                - Registered new binding: Toggle Debug Camera - CTRL+7
17:48:45.970 [JavaFX Application Thread] DEBUG LoopRunner           - Starting loop
17:48:45.970 [JavaFX Application Thread] DEBUG LoopRunner           - Initializing JavaFX AnimationTimerLoop
17:48:45.971 [JavaFX Application Thread] DEBUG GameApplicationServi - Starting new game
17:48:45.972 [JavaFX Application Thread] DEBUG Input                - Clearing active input actions
17:48:45.988 [JavaFX Application Thread] DEBUG GameApplicationServi - Removing overlay from FXGLStartupScene and adding to FXGLLoadingScene
17:48:45.988 [JavaFX Application Thread] DEBUG PrimaryStageWindow   - FXGLStartupScene -> FXGLLoadingScene
17:48:45.989 [JavaFX Application Thread] DEBUG GameApplicationServi - Clearing previous game
17:48:45.989 [JavaFX Application Thread] DEBUG GameScene            - Clearing game scene
17:48:45.989 [JavaFX Application Thread] DEBUG GameWorld            - Clearing game world
17:48:45.989 [JavaFX Application Thread] DEBUG PhysicsWorld         - Clearing physics world
17:48:45.991 [JavaFX Application Thread] DEBUG FXGLApplication      - Registering font factories with UI factory
17:48:45.991 [FXGL Background Thread 4 ] DEBUG FXGLApplication      - Initializing game
17:48:45.993 [FXGL Background Thread 4 ] INFO  FXGLApplication      - Game initialization took: 0.001 sec
17:48:45.997 [JavaFX Application Thread] DEBUG Input                - Clearing active input actions
17:48:46.012 [JavaFX Application Thread] DEBUG GameApplicationServi - Removing overlay from FXGLLoadingScene and adding to GameScene
17:48:46.012 [JavaFX Application Thread] DEBUG PrimaryStageWindow   - FXGLLoadingScene -> GameScene
17:48:48.881 [FXGL Background Thread 3 ] DEBUG Engine               - Logging environment variables
17:48:48.882 [FXGL Background Thread 3 ] DEBUG Engine               - achievements: []
17:48:48.882 [FXGL Background Thread 3 ] DEBUG Engine               - actualHeight: 600.0
17:48:48.882 [FXGL Background Thread 3 ] DEBUG Engine               - actualHeightProperty: ReadOnlyDoubleProperty [value: 600.0]
17:48:48.883 [FXGL Background Thread 3 ] DEBUG Engine               - actualWidth: 450.0
17:48:48.883 [FXGL Background Thread 3 ] DEBUG Engine               - actualWidthProperty: ReadOnlyDoubleProperty [value: 450.0]
17:48:48.883 [FXGL Background Thread 3 ] DEBUG Engine               - appIcon: spacex-invader-favicon-black.png
17:48:48.883 [FXGL Background Thread 3 ] DEBUG Engine               - applicationMode: DEVELOPER
17:48:48.884 [FXGL Background Thread 3 ] DEBUG Engine               - cSSList: [fxgl_dark.css]
17:48:48.884 [FXGL Background Thread 3 ] DEBUG Engine               - collisionDetectionStrategy: BRUTE_FORCE
17:48:48.884 [FXGL Background Thread 3 ] DEBUG Engine               - configClass: Optional.empty
17:48:48.884 [FXGL Background Thread 3 ] DEBUG Engine               - credits: []
17:48:48.885 [FXGL Background Thread 3 ] DEBUG Engine               - defaultCursor: CursorInfo(imageName=fxgl_default_cursor.png, hotspotX=7.0, hotspotY=6.0)
17:48:48.886 [FXGL Background Thread 3 ] DEBUG Engine               - devBBoxColorProperty: ObjectProperty [value: 0xff0000ff]
17:48:48.886 [FXGL Background Thread 3 ] DEBUG Engine               - devEnableDebugCameraProperty: BooleanProperty [value: false]
17:48:48.886 [FXGL Background Thread 3 ] DEBUG Engine               - devSensorColorProperty: ObjectProperty [value: 0xffff00ff]
17:48:48.887 [FXGL Background Thread 3 ] DEBUG Engine               - devShowBBoxProperty: BooleanProperty [value: false]
17:48:48.887 [FXGL Background Thread 3 ] DEBUG Engine               - devShowPositionProperty: BooleanProperty [value: false]
17:48:48.887 [FXGL Background Thread 3 ] DEBUG Engine               - enabledMenuItems: []
17:48:48.887 [FXGL Background Thread 3 ] DEBUG Engine               - engineServices: [class com.almasb.fxgl.app.services.FXGLAssetLoaderService, class com.almasb.fxgl.app.FXGLApplication$GameApplicationService, class com.almasb.fxgl.app.services.FXGLDialogService, class com.almasb.fxgl.app.services.IOTaskExecutorService, class com.almasb.fxgl.io.FileSystemService, class com.almasb.fxgl.localization.LocalizationService, class com.almasb.fxgl.app.services.SystemBundleService, class com.almasb.fxgl.profile.SaveLoadService, class com.almasb.fxgl.ui.FXGLUIFactoryServiceProvider, class com.almasb.fxgl.ui.FXGLDialogFactoryServiceProvider, class com.almasb.fxgl.audio.AudioPlayer, class com.almasb.fxgl.notification.impl.NotificationServiceProvider, class com.almasb.fxgl.achievement.AchievementService, class com.almasb.fxgl.cutscene.CutsceneService, class com.almasb.fxgl.minigames.MiniGameService, class com.almasb.fxgl.net.NetService, class com.almasb.fxgl.app.services.UpdaterService, class com.almasb.fxgl.dev.DevService]
17:48:48.887 [FXGL Background Thread 3 ] DEBUG Engine               - fontGame: Abel-Regular.ttf
17:48:48.887 [FXGL Background Thread 3 ] DEBUG Engine               - fontMono: TerminalLandMono-Regular.otf
17:48:48.888 [FXGL Background Thread 3 ] DEBUG Engine               - fontText: Courier-Prime.ttf
17:48:48.888 [FXGL Background Thread 3 ] DEBUG Engine               - fontUI: VarelaRound-Regular.ttf
17:48:48.888 [FXGL Background Thread 3 ] DEBUG Engine               - fullScreen: BooleanProperty [value: false]
17:48:48.888 [FXGL Background Thread 3 ] DEBUG Engine               - gameDifficulty: MEDIUM
17:48:48.888 [FXGL Background Thread 3 ] DEBUG Engine               - gameDifficultyProperty: ObjectProperty [value: MEDIUM]
17:48:48.888 [FXGL Background Thread 3 ] DEBUG Engine               - globalMusicVolume: 0.5
17:48:48.889 [FXGL Background Thread 3 ] DEBUG Engine               - globalMusicVolumeProperty: DoubleProperty [value: 0.5]
17:48:48.889 [FXGL Background Thread 3 ] DEBUG Engine               - globalSoundVolume: 0.5
17:48:48.889 [FXGL Background Thread 3 ] DEBUG Engine               - globalSoundVolumeProperty: DoubleProperty [value: 0.5]
17:48:48.889 [FXGL Background Thread 3 ] DEBUG Engine               - height: 600
17:48:48.890 [FXGL Background Thread 3 ] DEBUG Engine               - is3D: false
17:48:48.890 [FXGL Background Thread 3 ] DEBUG Engine               - isAndroid: false
17:48:48.890 [FXGL Background Thread 3 ] DEBUG Engine               - isBrowser: false
17:48:48.890 [FXGL Background Thread 3 ] DEBUG Engine               - isClickFeedbackEnabled: false
17:48:48.890 [FXGL Background Thread 3 ] DEBUG Engine               - isCloseConfirmation: false
17:48:48.891 [FXGL Background Thread 3 ] DEBUG Engine               - isDesktop: true
17:48:48.891 [FXGL Background Thread 3 ] DEBUG Engine               - isDeveloperMenuEnabled: false
17:48:48.891 [FXGL Background Thread 3 ] DEBUG Engine               - isEmbedded: false
17:48:48.891 [FXGL Background Thread 3 ] DEBUG Engine               - isEntityPreloadEnabled: true
17:48:48.891 [FXGL Background Thread 3 ] DEBUG Engine               - isExperimentalTiledLargeMap: false
17:48:48.891 [FXGL Background Thread 3 ] DEBUG Engine               - isFileSystemWriteAllowed: true
17:48:48.892 [FXGL Background Thread 3 ] DEBUG Engine               - isFullScreenAllowed: false
17:48:48.892 [FXGL Background Thread 3 ] DEBUG Engine               - isFullScreenFromStart: false
17:48:48.892 [FXGL Background Thread 3 ] DEBUG Engine               - isGameMenuEnabled: true
17:48:48.892 [FXGL Background Thread 3 ] DEBUG Engine               - isIOS: false
17:48:48.892 [FXGL Background Thread 3 ] DEBUG Engine               - isIntroEnabled: false
17:48:48.892 [FXGL Background Thread 3 ] DEBUG Engine               - isLinux: false
17:48:48.893 [FXGL Background Thread 3 ] DEBUG Engine               - isMac: true
17:48:48.893 [FXGL Background Thread 3 ] DEBUG Engine               - isMainMenuEnabled: false
17:48:48.893 [FXGL Background Thread 3 ] DEBUG Engine               - isManualResizeEnabled: false
17:48:48.893 [FXGL Background Thread 3 ] DEBUG Engine               - isMobile: false
17:48:48.893 [FXGL Background Thread 3 ] DEBUG Engine               - isNative: false
17:48:48.894 [FXGL Background Thread 3 ] DEBUG Engine               - isPauseMusicWhenMinimized: true
17:48:48.894 [FXGL Background Thread 3 ] DEBUG Engine               - isPreserveResizeRatio: false
17:48:48.894 [FXGL Background Thread 3 ] DEBUG Engine               - isProfilingEnabled: false
17:48:48.894 [FXGL Background Thread 3 ] DEBUG Engine               - isScaleAffectedOnResize: true
17:48:48.894 [FXGL Background Thread 3 ] DEBUG Engine               - isSingleStep: false
17:48:48.894 [FXGL Background Thread 3 ] DEBUG Engine               - isUserProfileEnabled: false
17:48:48.895 [FXGL Background Thread 3 ] DEBUG Engine               - isWindows: false
17:48:48.895 [FXGL Background Thread 3 ] DEBUG Engine               - language: ObjectProperty [value: ENGLISH]
17:48:48.895 [FXGL Background Thread 3 ] DEBUG Engine               - menuKey: ESCAPE
17:48:48.895 [FXGL Background Thread 3 ] DEBUG Engine               - mouseSensitivity: 0.2
17:48:48.895 [FXGL Background Thread 3 ] DEBUG Engine               - notificationViewClass: class com.almasb.fxgl.notification.view.XboxNotificationView
17:48:48.895 [FXGL Background Thread 3 ] DEBUG Engine               - pixelsPerMeter: 50.0
17:48:48.896 [FXGL Background Thread 3 ] DEBUG Engine               - platform: MAC
17:48:48.896 [FXGL Background Thread 3 ] DEBUG Engine               - prefHeightProperty: ReadOnlyDoubleProperty [value: 600.0]
17:48:48.896 [FXGL Background Thread 3 ] DEBUG Engine               - prefWidthProperty: ReadOnlyDoubleProperty [value: 450.0]
17:48:48.896 [FXGL Background Thread 3 ] DEBUG Engine               - profileDir: profiles/
17:48:48.896 [FXGL Background Thread 3 ] DEBUG Engine               - profileName: StringProperty [value: DEFAULT]
17:48:48.896 [FXGL Background Thread 3 ] DEBUG Engine               - randomSeed: -1
17:48:48.897 [FXGL Background Thread 3 ] DEBUG Engine               - runtimeInfo: RuntimeInfo(platform=MAC, version=17.2, build=20.08.2022 16.50)
17:48:48.897 [FXGL Background Thread 3 ] DEBUG Engine               - saveFileExt: sav
17:48:48.897 [FXGL Background Thread 3 ] DEBUG Engine               - scaledHeightProp$fxgl: DoubleProperty [bound, value: 600.0]
17:48:48.898 [FXGL Background Thread 3 ] DEBUG Engine               - scaledWidthProp$fxgl: DoubleProperty [bound, value: 450.0]
17:48:48.898 [FXGL Background Thread 3 ] DEBUG Engine               - sceneFactory: com.almasb.fxgl.app.scene.SceneFactory@6e142e85
17:48:48.898 [FXGL Background Thread 3 ] DEBUG Engine               - secondsIn24h: 60
17:48:48.898 [FXGL Background Thread 3 ] DEBUG Engine               - soundMenuBack: menu/back.wav
17:48:48.898 [FXGL Background Thread 3 ] DEBUG Engine               - soundMenuPress: menu/press.wav
17:48:48.898 [FXGL Background Thread 3 ] DEBUG Engine               - soundMenuSelect: menu/select.wav
17:48:48.898 [FXGL Background Thread 3 ] DEBUG Engine               - soundNotification: core/notification.wav
17:48:48.899 [FXGL Background Thread 3 ] DEBUG Engine               - stageStyle: DECORATED
17:48:48.899 [FXGL Background Thread 3 ] DEBUG Engine               - supportedLanguages: [ENGLISH, FRENCH, GERMAN, HUNGARIAN, RUSSIAN]
17:48:48.899 [FXGL Background Thread 3 ] DEBUG Engine               - ticksPerSecond: -1
17:48:48.899 [FXGL Background Thread 3 ] DEBUG Engine               - title: SpaceX Invader
17:48:48.899 [FXGL Background Thread 3 ] DEBUG Engine               - urlGithub: https://github.com/AlmasB/FXGL
17:48:48.899 [FXGL Background Thread 3 ] DEBUG Engine               - urlLeaderboard: http://fxgl-top.herokuapp.com/
17:48:48.899 [FXGL Background Thread 3 ] DEBUG Engine               - urlPOM: https://raw.githubusercontent.com/AlmasB/FXGL/release/README.md
17:48:48.899 [FXGL Background Thread 3 ] DEBUG Engine               - userAppClass: class com.ood.spacexinvader.GameStart
17:48:48.900 [FXGL Background Thread 3 ] DEBUG Engine               - version: 0.0
17:48:48.900 [FXGL Background Thread 3 ] DEBUG Engine               - versionCheckDays: 7
17:48:48.900 [FXGL Background Thread 3 ] DEBUG Engine               - width: 450
17:48:48.900 [FXGL Background Thread 3 ] DEBUG Engine               - Logging services
17:48:48.900 [FXGL Background Thread 3 ] DEBUG Engine               - class com.almasb.fxgl.app.services.FXGLAssetLoaderService
17:48:48.900 [FXGL Background Thread 3 ] DEBUG Engine               - class com.almasb.fxgl.app.FXGLApplication$GameApplicationService
17:48:48.900 [FXGL Background Thread 3 ] DEBUG Engine               - class com.almasb.fxgl.app.services.FXGLDialogService
17:48:48.901 [FXGL Background Thread 3 ] DEBUG Engine               - class com.almasb.fxgl.app.services.IOTaskExecutorService
17:48:48.901 [FXGL Background Thread 3 ] DEBUG Engine               - class com.almasb.fxgl.io.FileSystemService
17:48:48.901 [FXGL Background Thread 3 ] DEBUG Engine               - class com.almasb.fxgl.localization.LocalizationService
17:48:48.901 [FXGL Background Thread 3 ] DEBUG Engine               - class com.almasb.fxgl.app.services.SystemBundleService
17:48:48.901 [FXGL Background Thread 3 ] DEBUG Engine               - class com.almasb.fxgl.profile.SaveLoadService
17:48:48.901 [FXGL Background Thread 3 ] DEBUG Engine               - class com.almasb.fxgl.ui.FXGLUIFactoryServiceProvider
17:48:48.901 [FXGL Background Thread 3 ] DEBUG Engine               - class com.almasb.fxgl.ui.FXGLDialogFactoryServiceProvider
17:48:48.901 [FXGL Background Thread 3 ] DEBUG Engine               - class com.almasb.fxgl.audio.AudioPlayer
17:48:48.901 [FXGL Background Thread 3 ] DEBUG Engine               - class com.almasb.fxgl.notification.impl.NotificationServiceProvider
17:48:48.902 [FXGL Background Thread 3 ] DEBUG Engine               - class com.almasb.fxgl.achievement.AchievementService
17:48:48.902 [FXGL Background Thread 3 ] DEBUG Engine               - class com.almasb.fxgl.cutscene.CutsceneService
17:48:48.902 [FXGL Background Thread 3 ] DEBUG Engine               - class com.almasb.fxgl.minigames.MiniGameService
17:48:48.902 [FXGL Background Thread 3 ] DEBUG Engine               - class com.almasb.fxgl.net.NetService
17:48:48.902 [FXGL Background Thread 3 ] DEBUG Engine               - class com.almasb.fxgl.app.services.UpdaterService
17:48:48.902 [FXGL Background Thread 3 ] DEBUG Engine               - class com.almasb.fxgl.dev.DevService
17:48:53.512 [JavaFX Application Thread] DEBUG FXGLApplication      - Exiting FXGL
17:48:53.512 [JavaFX Application Thread] DEBUG LoopRunner           - Stopping loop
17:48:53.513 [JavaFX Application Thread] DEBUG SystemBundleService  - Saving FXGL system data
17:48:53.515 [JavaFX Application Thread] DEBUG FileSystemAccess     - Writing to: /Users/leowong/IdeaProjects/SpaceX-Invader/system/fxgl.bundle
17:48:53.517 [JavaFX Application Thread] DEBUG Async                - Shutting down background threads
17:48:53.517 [JavaFX Application Thread] DEBUG PrimaryStageWindow   - Closing main window
17:48:53.527 [JavaFX Application Thread] DEBUG Logger               - Closing Logger
