15:49:04.248 [main                     ] DEBUG Logger               - Configured Logger
15:49:04.281 [main                     ] DEBUG GameApplication      - Logging settings
Title: SpaceX Invader
Version: 0.0
Width: 450
Height: 650
Fullscreen: false
Intro: false
Profiling: false
Single step:false
App Mode: DEVELOPER
Menu Key: ESCAPE
Stage Style: DECORATED
Scene Factory: class com.almasb.fxgl.app.scene.SceneFactory

15:49:04.798 [JavaFX Application Thread] DEBUG FXGLApplication      - Initializing FXGL
15:49:04.805 [JavaFX Application Thread] INFO  Engine               - FXGL-17.2 (20.08.2022 16.50) on MAC (J:17.0.3 FX:17.0.2-ea)
15:49:04.806 [JavaFX Application Thread] DEBUG Engine               - JRE Vendor Name: Eclipse Adoptium
15:49:04.806 [JavaFX Application Thread] DEBUG Engine               - Running on OS: Mac OS X version 13.1
15:49:04.807 [JavaFX Application Thread] DEBUG Engine               - Architecture: x86_64
15:49:04.807 [JavaFX Application Thread] INFO  Engine               - Source code and latest versions at: https://github.com/AlmasB/FXGL
15:49:04.807 [JavaFX Application Thread] INFO  Engine               -       Ask questions and discuss at: https://github.com/AlmasB/FXGL/discussions
15:49:04.808 [JavaFX Application Thread] INFO  Engine               -              Join the FXGL chat at: https://gitter.im/AlmasB/FXGL
15:49:04.926 [JavaFX Application Thread] DEBUG PrimaryStageWindow   - Creating a JavaFX scene
15:49:05.000 [JavaFX Application Thread] DEBUG PrimaryStageWindow   - Target settings size: 450.0 x 650.0
15:49:05.000 [JavaFX Application Thread] DEBUG PrimaryStageWindow   - Scaled scene size:    450.0 x 650.0
15:49:05.001 [JavaFX Application Thread] DEBUG PrimaryStageWindow   - Scaled ratio: (1.0, 1.0)
15:49:05.003 [JavaFX Application Thread] DEBUG PrimaryStageWindow   - Set initial scene to FXGLStartupScene
15:49:05.017 [JavaFX Application Thread] DEBUG PrimaryStageWindow   - Opening main window
15:49:05.157 [JavaFX Application Thread] DEBUG PrimaryStageWindow   - Window border size: (0.0, 28.0)
15:49:05.157 [JavaFX Application Thread] DEBUG PrimaryStageWindow   - Scaled size: 450.0 x 650.0
15:49:05.158 [JavaFX Application Thread] DEBUG PrimaryStageWindow   - Scaled ratio: (1.0, 1.0)
15:49:05.159 [JavaFX Application Thread] DEBUG PrimaryStageWindow   - Scene size: 450.0 x 650.0
15:49:05.159 [JavaFX Application Thread] DEBUG PrimaryStageWindow   - Stage size: 450.0 x 678.0
15:49:05.169 [FXGL Background Thread 1 ] DEBUG Engine               - Initializing environment variables
15:49:05.225 [FXGL Background Thread 1 ] DEBUG FXGLAssetLoaderServi - User app class for loading assets: class com.ood.spacexinvader.GameStart
15:49:05.225 [FXGL Background Thread 1 ] DEBUG GameApplicationServi - Applying CSS: fxgl_dark.css
15:49:05.226 [FXGL Background Thread 1 ] DEBUG FXGLAssetLoaderServi - Loading from file system: jar:file:///Users/leowong/.gradle/caches/modules-2/files-2.1/com.github.almasb/fxgl/17.2/35db6ae960eec2dcfd19262d3b7f9c42f0e95bc3/fxgl-17.2.jar!/fxglassets/ui/css/fxgl_dark.css
15:49:05.308 [FXGL Background Thread 1 ] DEBUG GameApplicationServi - Initializing application scenes
15:49:05.688 [FXGL Background Thread 1 ] DEBUG GameWorld            - Game world initialized
15:49:05.767 [FXGL Background Thread 1 ] DEBUG PhysicsWorld         - Physics world initialized: appHeight=650, physics.ppm=50.0
15:49:05.767 [FXGL Background Thread 1 ] DEBUG PhysicsWorld         - Using strategy: BRUTE_FORCE
15:49:05.775 [FXGL Background Thread 1 ] DEBUG GameScene            - Game scene initialized: 450x650
15:49:05.790 [FXGL Background Thread 1 ] WARN  FXGL.DefaultMenu     - FXGLDefaultMenu is not designed for resolutions < 800x600
15:49:05.790 [FXGL Background Thread 1 ] DEBUG FXGL.DefaultMenu     - createMenuBodyGameMenu()
15:49:05.805 [FXGL Background Thread 1 ] DEBUG FXGL.DefaultMenu     - createOptionsMenu()
15:49:05.818 [FXGL Background Thread 1 ] DEBUG FXGLAssetLoaderServi - Loading from file system: jar:file:///Users/leowong/.gradle/caches/modules-2/files-2.1/com.github.almasb/fxgl/17.2/35db6ae960eec2dcfd19262d3b7f9c42f0e95bc3/fxgl-17.2.jar!/fxglassets/textures/particles/smoke.png
15:49:05.944 [FXGL Background Thread 1 ] DEBUG FXGLAssetLoaderServi - Loading from file system: jar:file:///Users/leowong/.gradle/caches/modules-2/files-2.1/com.github.almasb/fxgl/17.2/35db6ae960eec2dcfd19262d3b7f9c42f0e95bc3/fxgl-17.2.jar!/fxglassets/textures/particles/trace_horizontal.png
15:49:05.983 [FXGL Background Thread 1 ] DEBUG GameApplicationServi - Application scenes initialized
15:49:06.013 [FXGL Background Thread 1 ] DEBUG SystemBundleService  - Loading FXGL system data
15:49:06.023 [FXGL Background Thread 1 ] DEBUG FileSystemAccess     - Reading from: /Users/leowong/IdeaProjects/SpaceX-Invader/system/fxgl.bundle
15:49:06.036 [FXGL Background Thread 1 ] DEBUG SystemBundleService  - Bundle FXGL: {}
15:49:06.036 [FXGL Background Thread 1 ] DEBUG UpdaterService       - Checking for updates
15:49:06.044 [FXGL Background Thread 4 ] DEBUG FXGLApplication      - Loading fonts
15:49:06.045 [FXGL Background Thread 4 ] DEBUG FXGLAssetLoaderServi - Loading from file system: jar:file:///Users/leowong/.gradle/caches/modules-2/files-2.1/com.github.almasb/fxgl/17.2/35db6ae960eec2dcfd19262d3b7f9c42f0e95bc3/fxgl-17.2.jar!/fxglassets/ui/fonts/VarelaRound-Regular.ttf
15:49:06.045 [FXGL Background Thread 1 ] DEBUG FXGLApplication      - Loading default localization
15:49:06.046 [FXGL Background Thread 1 ] DEBUG FXGLAssetLoaderServi - Loading from file system: jar:file:///Users/leowong/.gradle/caches/modules-2/files-2.1/com.github.almasb/fxgl/17.2/35db6ae960eec2dcfd19262d3b7f9c42f0e95bc3/fxgl-17.2.jar!/fxglassets/languages/english.lang
15:49:06.060 [FXGL Background Thread 4 ] DEBUG FXGLAssetLoaderServi - Loading from file system: jar:file:///Users/leowong/.gradle/caches/modules-2/files-2.1/com.github.almasb/fxgl/17.2/35db6ae960eec2dcfd19262d3b7f9c42f0e95bc3/fxgl-17.2.jar!/fxglassets/ui/fonts/Abel-Regular.ttf
15:49:06.064 [FXGL Background Thread 4 ] DEBUG FXGLAssetLoaderServi - Loading from file system: jar:file:///Users/leowong/.gradle/caches/modules-2/files-2.1/com.github.almasb/fxgl/17.2/35db6ae960eec2dcfd19262d3b7f9c42f0e95bc3/fxgl-17.2.jar!/fxglassets/ui/fonts/TerminalLandMono-Regular.otf
15:49:06.065 [FXGL Background Thread 1 ] INFO  FXGLApplication      - FXGL initialization took: 0.896 sec
15:49:06.066 [JavaFX Application Thread] DEBUG FXGLAssetLoaderServi - Loading from file system: jar:file:///Users/leowong/.gradle/caches/modules-2/files-2.1/com.github.almasb/fxgl/17.2/35db6ae960eec2dcfd19262d3b7f9c42f0e95bc3/fxgl-17.2.jar!/fxglassets/textures/fxgl_icon.png
15:49:06.070 [FXGL Background Thread 4 ] DEBUG FXGLAssetLoaderServi - Loading from file system: jar:file:///Users/leowong/.gradle/caches/modules-2/files-2.1/com.github.almasb/fxgl/17.2/35db6ae960eec2dcfd19262d3b7f9c42f0e95bc3/fxgl-17.2.jar!/fxglassets/ui/fonts/Courier-Prime.ttf
15:49:06.101 [JavaFX Application Thread] DEBUG FXGLAssetLoaderServi - Loading from file system: jar:file:///Users/leowong/.gradle/caches/modules-2/files-2.1/com.github.almasb/fxgl/17.2/35db6ae960eec2dcfd19262d3b7f9c42f0e95bc3/fxgl-17.2.jar!/fxglassets/textures/fxgl_default_cursor.png
15:49:06.113 [JavaFX Application Thread] DEBUG Input                - Registered new binding: Screenshot - CTRL+8
15:49:06.114 [JavaFX Application Thread] DEBUG Input                - Registered new binding: System info dump - CTRL+9
15:49:06.114 [JavaFX Application Thread] DEBUG Input                - Registered new binding: Restart - CTRL+R
15:49:06.115 [JavaFX Application Thread] DEBUG Input                - Registered new binding: Toggle Debug Camera - CTRL+7
15:49:06.117 [JavaFX Application Thread] DEBUG LoopRunner           - Starting loop
15:49:06.117 [JavaFX Application Thread] DEBUG LoopRunner           - Initializing JavaFX AnimationTimerLoop
15:49:06.118 [JavaFX Application Thread] DEBUG GameApplicationServi - Starting new game
15:49:06.119 [JavaFX Application Thread] DEBUG Input                - Clearing active input actions
15:49:06.129 [JavaFX Application Thread] DEBUG GameApplicationServi - Removing overlay from FXGLStartupScene and adding to FXGLLoadingScene
15:49:06.130 [JavaFX Application Thread] DEBUG PrimaryStageWindow   - FXGLStartupScene -> FXGLLoadingScene
15:49:06.130 [JavaFX Application Thread] DEBUG GameApplicationServi - Clearing previous game
15:49:06.130 [JavaFX Application Thread] DEBUG GameScene            - Clearing game scene
15:49:06.130 [JavaFX Application Thread] DEBUG GameWorld            - Clearing game world
15:49:06.130 [JavaFX Application Thread] DEBUG PhysicsWorld         - Clearing physics world
15:49:06.132 [FXGL Background Thread 4 ] DEBUG FXGLApplication      - Initializing game
15:49:06.133 [FXGL Background Thread 4 ] INFO  FXGLApplication      - Game initialization took: 0.001 sec
15:49:06.191 [JavaFX Application Thread] DEBUG FXGLApplication      - Registering font factories with UI factory
15:49:06.238 [JavaFX Application Thread] DEBUG Input                - Clearing active input actions
15:49:06.248 [JavaFX Application Thread] DEBUG GameApplicationServi - Removing overlay from FXGLLoadingScene and adding to GameScene
15:49:06.248 [JavaFX Application Thread] DEBUG PrimaryStageWindow   - FXGLLoadingScene -> GameScene
15:49:09.046 [FXGL Background Thread 3 ] DEBUG Engine               - Logging environment variables
15:49:09.048 [FXGL Background Thread 3 ] DEBUG Engine               - achievements: []
15:49:09.049 [FXGL Background Thread 3 ] DEBUG Engine               - actualHeight: 650.0
15:49:09.049 [FXGL Background Thread 3 ] DEBUG Engine               - actualHeightProperty: ReadOnlyDoubleProperty [value: 650.0]
15:49:09.050 [FXGL Background Thread 3 ] DEBUG Engine               - actualWidth: 450.0
15:49:09.050 [FXGL Background Thread 3 ] DEBUG Engine               - actualWidthProperty: ReadOnlyDoubleProperty [value: 450.0]
15:49:09.050 [FXGL Background Thread 3 ] DEBUG Engine               - appIcon: fxgl_icon.png
15:49:09.051 [FXGL Background Thread 3 ] DEBUG Engine               - applicationMode: DEVELOPER
15:49:09.051 [FXGL Background Thread 3 ] DEBUG Engine               - cSSList: [fxgl_dark.css]
15:49:09.051 [FXGL Background Thread 3 ] DEBUG Engine               - collisionDetectionStrategy: BRUTE_FORCE
15:49:09.051 [FXGL Background Thread 3 ] DEBUG Engine               - configClass: Optional.empty
15:49:09.052 [FXGL Background Thread 3 ] DEBUG Engine               - credits: []
15:49:09.052 [FXGL Background Thread 3 ] DEBUG Engine               - defaultCursor: CursorInfo(imageName=fxgl_default_cursor.png, hotspotX=7.0, hotspotY=6.0)
15:49:09.053 [FXGL Background Thread 3 ] DEBUG Engine               - devBBoxColorProperty: ObjectProperty [value: 0xff0000ff]
15:49:09.053 [FXGL Background Thread 3 ] DEBUG Engine               - devEnableDebugCameraProperty: BooleanProperty [value: false]
15:49:09.054 [FXGL Background Thread 3 ] DEBUG Engine               - devSensorColorProperty: ObjectProperty [value: 0xffff00ff]
15:49:09.055 [FXGL Background Thread 3 ] DEBUG Engine               - devShowBBoxProperty: BooleanProperty [value: false]
15:49:09.055 [FXGL Background Thread 3 ] DEBUG Engine               - devShowPositionProperty: BooleanProperty [value: false]
15:49:09.055 [FXGL Background Thread 3 ] DEBUG Engine               - enabledMenuItems: []
15:49:09.055 [FXGL Background Thread 3 ] DEBUG Engine               - engineServices: [class com.almasb.fxgl.app.services.FXGLAssetLoaderService, class com.almasb.fxgl.app.FXGLApplication$GameApplicationService, class com.almasb.fxgl.app.services.FXGLDialogService, class com.almasb.fxgl.app.services.IOTaskExecutorService, class com.almasb.fxgl.io.FileSystemService, class com.almasb.fxgl.localization.LocalizationService, class com.almasb.fxgl.app.services.SystemBundleService, class com.almasb.fxgl.profile.SaveLoadService, class com.almasb.fxgl.ui.FXGLUIFactoryServiceProvider, class com.almasb.fxgl.ui.FXGLDialogFactoryServiceProvider, class com.almasb.fxgl.audio.AudioPlayer, class com.almasb.fxgl.notification.impl.NotificationServiceProvider, class com.almasb.fxgl.achievement.AchievementService, class com.almasb.fxgl.cutscene.CutsceneService, class com.almasb.fxgl.minigames.MiniGameService, class com.almasb.fxgl.net.NetService, class com.almasb.fxgl.app.services.UpdaterService, class com.almasb.fxgl.dev.DevService]
15:49:09.056 [FXGL Background Thread 3 ] DEBUG Engine               - fontGame: Abel-Regular.ttf
15:49:09.056 [FXGL Background Thread 3 ] DEBUG Engine               - fontMono: TerminalLandMono-Regular.otf
15:49:09.056 [FXGL Background Thread 3 ] DEBUG Engine               - fontText: Courier-Prime.ttf
15:49:09.056 [FXGL Background Thread 3 ] DEBUG Engine               - fontUI: VarelaRound-Regular.ttf
15:49:09.057 [FXGL Background Thread 3 ] DEBUG Engine               - fullScreen: BooleanProperty [value: false]
15:49:09.057 [FXGL Background Thread 3 ] DEBUG Engine               - gameDifficulty: MEDIUM
15:49:09.057 [FXGL Background Thread 3 ] DEBUG Engine               - gameDifficultyProperty: ObjectProperty [value: MEDIUM]
15:49:09.057 [FXGL Background Thread 3 ] DEBUG Engine               - globalMusicVolume: 0.5
15:49:09.058 [FXGL Background Thread 3 ] DEBUG Engine               - globalMusicVolumeProperty: DoubleProperty [value: 0.5]
15:49:09.058 [FXGL Background Thread 3 ] DEBUG Engine               - globalSoundVolume: 0.5
15:49:09.058 [FXGL Background Thread 3 ] DEBUG Engine               - globalSoundVolumeProperty: DoubleProperty [value: 0.5]
15:49:09.058 [FXGL Background Thread 3 ] DEBUG Engine               - height: 650
15:49:09.058 [FXGL Background Thread 3 ] DEBUG Engine               - is3D: false
15:49:09.058 [FXGL Background Thread 3 ] DEBUG Engine               - isAndroid: false
15:49:09.059 [FXGL Background Thread 3 ] DEBUG Engine               - isBrowser: false
15:49:09.059 [FXGL Background Thread 3 ] DEBUG Engine               - isClickFeedbackEnabled: false
15:49:09.059 [FXGL Background Thread 3 ] DEBUG Engine               - isCloseConfirmation: false
15:49:09.059 [FXGL Background Thread 3 ] DEBUG Engine               - isDesktop: true
15:49:09.060 [FXGL Background Thread 3 ] DEBUG Engine               - isDeveloperMenuEnabled: false
15:49:09.060 [FXGL Background Thread 3 ] DEBUG Engine               - isEmbedded: false
15:49:09.060 [FXGL Background Thread 3 ] DEBUG Engine               - isEntityPreloadEnabled: true
15:49:09.060 [FXGL Background Thread 3 ] DEBUG Engine               - isExperimentalTiledLargeMap: false
15:49:09.060 [FXGL Background Thread 3 ] DEBUG Engine               - isFileSystemWriteAllowed: true
15:49:09.060 [FXGL Background Thread 3 ] DEBUG Engine               - isFullScreenAllowed: false
15:49:09.061 [FXGL Background Thread 3 ] DEBUG Engine               - isFullScreenFromStart: false
15:49:09.061 [FXGL Background Thread 3 ] DEBUG Engine               - isGameMenuEnabled: true
15:49:09.061 [FXGL Background Thread 3 ] DEBUG Engine               - isIOS: false
15:49:09.061 [FXGL Background Thread 3 ] DEBUG Engine               - isIntroEnabled: false
15:49:09.061 [FXGL Background Thread 3 ] DEBUG Engine               - isLinux: false
15:49:09.062 [FXGL Background Thread 3 ] DEBUG Engine               - isMac: true
15:49:09.062 [FXGL Background Thread 3 ] DEBUG Engine               - isMainMenuEnabled: false
15:49:09.062 [FXGL Background Thread 3 ] DEBUG Engine               - isManualResizeEnabled: false
15:49:09.063 [FXGL Background Thread 3 ] DEBUG Engine               - isMobile: false
15:49:09.063 [FXGL Background Thread 3 ] DEBUG Engine               - isNative: false
15:49:09.063 [FXGL Background Thread 3 ] DEBUG Engine               - isPauseMusicWhenMinimized: true
15:49:09.063 [FXGL Background Thread 3 ] DEBUG Engine               - isPreserveResizeRatio: false
15:49:09.063 [FXGL Background Thread 3 ] DEBUG Engine               - isProfilingEnabled: false
15:49:09.063 [FXGL Background Thread 3 ] DEBUG Engine               - isScaleAffectedOnResize: true
15:49:09.063 [FXGL Background Thread 3 ] DEBUG Engine               - isSingleStep: false
15:49:09.064 [FXGL Background Thread 3 ] DEBUG Engine               - isUserProfileEnabled: false
15:49:09.064 [FXGL Background Thread 3 ] DEBUG Engine               - isWindows: false
15:49:09.064 [FXGL Background Thread 3 ] DEBUG Engine               - language: ObjectProperty [value: ENGLISH]
15:49:09.064 [FXGL Background Thread 3 ] DEBUG Engine               - menuKey: ESCAPE
15:49:09.064 [FXGL Background Thread 3 ] DEBUG Engine               - mouseSensitivity: 0.2
15:49:09.065 [FXGL Background Thread 3 ] DEBUG Engine               - notificationViewClass: class com.almasb.fxgl.notification.view.XboxNotificationView
15:49:09.065 [FXGL Background Thread 3 ] DEBUG Engine               - pixelsPerMeter: 50.0
15:49:09.065 [FXGL Background Thread 3 ] DEBUG Engine               - platform: MAC
15:49:09.065 [FXGL Background Thread 3 ] DEBUG Engine               - prefHeightProperty: ReadOnlyDoubleProperty [value: 650.0]
15:49:09.065 [FXGL Background Thread 3 ] DEBUG Engine               - prefWidthProperty: ReadOnlyDoubleProperty [value: 450.0]
15:49:09.065 [FXGL Background Thread 3 ] DEBUG Engine               - profileDir: profiles/
15:49:09.066 [FXGL Background Thread 3 ] DEBUG Engine               - profileName: StringProperty [value: DEFAULT]
15:49:09.066 [FXGL Background Thread 3 ] DEBUG Engine               - randomSeed: -1
15:49:09.066 [FXGL Background Thread 3 ] DEBUG Engine               - runtimeInfo: RuntimeInfo(platform=MAC, version=17.2, build=20.08.2022 16.50)
15:49:09.066 [FXGL Background Thread 3 ] DEBUG Engine               - saveFileExt: sav
15:49:09.067 [FXGL Background Thread 3 ] DEBUG Engine               - scaledHeightProp$fxgl: DoubleProperty [bound, value: 650.0]
15:49:09.067 [FXGL Background Thread 3 ] DEBUG Engine               - scaledWidthProp$fxgl: DoubleProperty [bound, value: 450.0]
15:49:09.067 [FXGL Background Thread 3 ] DEBUG Engine               - sceneFactory: com.almasb.fxgl.app.scene.SceneFactory@73f55d47
15:49:09.067 [FXGL Background Thread 3 ] DEBUG Engine               - secondsIn24h: 60
15:49:09.067 [FXGL Background Thread 3 ] DEBUG Engine               - soundMenuBack: menu/back.wav
15:49:09.067 [FXGL Background Thread 3 ] DEBUG Engine               - soundMenuPress: menu/press.wav
15:49:09.067 [FXGL Background Thread 3 ] DEBUG Engine               - soundMenuSelect: menu/select.wav
15:49:09.067 [FXGL Background Thread 3 ] DEBUG Engine               - soundNotification: core/notification.wav
15:49:09.068 [FXGL Background Thread 3 ] DEBUG Engine               - stageStyle: DECORATED
15:49:09.068 [FXGL Background Thread 3 ] DEBUG Engine               - supportedLanguages: [ENGLISH, FRENCH, GERMAN, HUNGARIAN, RUSSIAN]
15:49:09.068 [FXGL Background Thread 3 ] DEBUG Engine               - ticksPerSecond: -1
15:49:09.068 [FXGL Background Thread 3 ] DEBUG Engine               - title: SpaceX Invader
15:49:09.068 [FXGL Background Thread 3 ] DEBUG Engine               - urlGithub: https://github.com/AlmasB/FXGL
15:49:09.068 [FXGL Background Thread 3 ] DEBUG Engine               - urlLeaderboard: http://fxgl-top.herokuapp.com/
15:49:09.068 [FXGL Background Thread 3 ] DEBUG Engine               - urlPOM: https://raw.githubusercontent.com/AlmasB/FXGL/release/README.md
15:49:09.069 [FXGL Background Thread 3 ] DEBUG Engine               - userAppClass: class com.ood.spacexinvader.GameStart
15:49:09.069 [FXGL Background Thread 3 ] DEBUG Engine               - version: 0.0
15:49:09.069 [FXGL Background Thread 3 ] DEBUG Engine               - versionCheckDays: 7
15:49:09.069 [FXGL Background Thread 3 ] DEBUG Engine               - width: 450
15:49:09.069 [FXGL Background Thread 3 ] DEBUG Engine               - Logging services
15:49:09.069 [FXGL Background Thread 3 ] DEBUG Engine               - class com.almasb.fxgl.app.services.FXGLAssetLoaderService
15:49:09.069 [FXGL Background Thread 3 ] DEBUG Engine               - class com.almasb.fxgl.app.FXGLApplication$GameApplicationService
15:49:09.070 [FXGL Background Thread 3 ] DEBUG Engine               - class com.almasb.fxgl.app.services.FXGLDialogService
15:49:09.070 [FXGL Background Thread 3 ] DEBUG Engine               - class com.almasb.fxgl.app.services.IOTaskExecutorService
15:49:09.070 [FXGL Background Thread 3 ] DEBUG Engine               - class com.almasb.fxgl.io.FileSystemService
15:49:09.070 [FXGL Background Thread 3 ] DEBUG Engine               - class com.almasb.fxgl.localization.LocalizationService
15:49:09.070 [FXGL Background Thread 3 ] DEBUG Engine               - class com.almasb.fxgl.app.services.SystemBundleService
15:49:09.070 [FXGL Background Thread 3 ] DEBUG Engine               - class com.almasb.fxgl.profile.SaveLoadService
15:49:09.070 [FXGL Background Thread 3 ] DEBUG Engine               - class com.almasb.fxgl.ui.FXGLUIFactoryServiceProvider
15:49:09.070 [FXGL Background Thread 3 ] DEBUG Engine               - class com.almasb.fxgl.ui.FXGLDialogFactoryServiceProvider
15:49:09.071 [FXGL Background Thread 3 ] DEBUG Engine               - class com.almasb.fxgl.audio.AudioPlayer
15:49:09.071 [FXGL Background Thread 3 ] DEBUG Engine               - class com.almasb.fxgl.notification.impl.NotificationServiceProvider
15:49:09.071 [FXGL Background Thread 3 ] DEBUG Engine               - class com.almasb.fxgl.achievement.AchievementService
15:49:09.071 [FXGL Background Thread 3 ] DEBUG Engine               - class com.almasb.fxgl.cutscene.CutsceneService
15:49:09.071 [FXGL Background Thread 3 ] DEBUG Engine               - class com.almasb.fxgl.minigames.MiniGameService
15:49:09.071 [FXGL Background Thread 3 ] DEBUG Engine               - class com.almasb.fxgl.net.NetService
15:49:09.071 [FXGL Background Thread 3 ] DEBUG Engine               - class com.almasb.fxgl.app.services.UpdaterService
15:49:09.071 [FXGL Background Thread 3 ] DEBUG Engine               - class com.almasb.fxgl.dev.DevService
15:49:09.602 [JavaFX Application Thread] DEBUG FXGLApplication      - Exiting FXGL
15:49:09.603 [JavaFX Application Thread] DEBUG LoopRunner           - Stopping loop
15:49:09.603 [JavaFX Application Thread] DEBUG SystemBundleService  - Saving FXGL system data
15:49:09.606 [JavaFX Application Thread] DEBUG FileSystemAccess     - Writing to: /Users/leowong/IdeaProjects/SpaceX-Invader/system/fxgl.bundle
15:49:09.608 [JavaFX Application Thread] DEBUG Async                - Shutting down background threads
15:49:09.609 [JavaFX Application Thread] DEBUG PrimaryStageWindow   - Closing main window
15:49:09.621 [JavaFX Application Thread] DEBUG Logger               - Closing Logger
