10:56:26.234 [main                     ] DEBUG Logger               - Configured Logger
10:56:26.267 [main                     ] DEBUG GameApplication      - Logging settings
Title: SpaceX Invader
Version: 0.0
Width: 450
Height: 600
Fullscreen: false
Intro: false
Profiling: false
Single step:false
App Mode: DEVELOPER
Menu Key: ESCAPE
Stage Style: DECORATED
Scene Factory: class com.ood.spacexinvader.GameStart$1

10:56:26.869 [JavaFX Application Thread] DEBUG FXGLApplication      - Initializing FXGL
10:56:26.876 [JavaFX Application Thread] INFO  Engine               - FXGL-17.2 (20.08.2022 16.50) on MAC (J:17.0.3 FX:17.0.2-ea)
10:56:26.876 [JavaFX Application Thread] DEBUG Engine               - JRE Vendor Name: Eclipse Adoptium
10:56:26.877 [JavaFX Application Thread] DEBUG Engine               - Running on OS: Mac OS X version 13.1
10:56:26.877 [JavaFX Application Thread] DEBUG Engine               - Architecture: x86_64
10:56:26.878 [JavaFX Application Thread] INFO  Engine               - Source code and latest versions at: https://github.com/AlmasB/FXGL
10:56:26.878 [JavaFX Application Thread] INFO  Engine               -       Ask questions and discuss at: https://github.com/AlmasB/FXGL/discussions
10:56:26.878 [JavaFX Application Thread] INFO  Engine               -              Join the FXGL chat at: https://gitter.im/AlmasB/FXGL
10:56:27.086 [JavaFX Application Thread] DEBUG PrimaryStageWindow   - Creating a JavaFX scene
10:56:27.169 [JavaFX Application Thread] DEBUG PrimaryStageWindow   - Target settings size: 450.0 x 600.0
10:56:27.170 [JavaFX Application Thread] DEBUG PrimaryStageWindow   - Scaled scene size:    450.0 x 600.0
10:56:27.170 [JavaFX Application Thread] DEBUG PrimaryStageWindow   - Scaled ratio: (1.0, 1.0)
10:56:27.172 [JavaFX Application Thread] DEBUG PrimaryStageWindow   - Set initial scene to FXGLStartupScene
10:56:27.184 [JavaFX Application Thread] DEBUG PrimaryStageWindow   - Opening main window
10:56:27.311 [JavaFX Application Thread] DEBUG PrimaryStageWindow   - Window border size: (0.0, 28.0)
10:56:27.312 [JavaFX Application Thread] DEBUG PrimaryStageWindow   - Scaled size: 450.0 x 600.0
10:56:27.312 [JavaFX Application Thread] DEBUG PrimaryStageWindow   - Scaled ratio: (1.0, 1.0)
10:56:27.313 [JavaFX Application Thread] DEBUG PrimaryStageWindow   - Scene size: 450.0 x 600.0
10:56:27.313 [JavaFX Application Thread] DEBUG PrimaryStageWindow   - Stage size: 450.0 x 628.0
10:56:27.324 [FXGL Background Thread 1 ] DEBUG Engine               - Initializing environment variables
10:56:27.384 [FXGL Background Thread 1 ] DEBUG FXGLAssetLoaderServi - User app class for loading assets: class com.ood.spacexinvader.GameStart
10:56:27.384 [FXGL Background Thread 1 ] DEBUG GameApplicationServi - Applying CSS: fxgl_dark.css
10:56:27.385 [FXGL Background Thread 1 ] DEBUG FXGLAssetLoaderServi - Loading from file system: jar:file:///Users/leowong/.gradle/caches/modules-2/files-2.1/com.github.almasb/fxgl/17.2/35db6ae960eec2dcfd19262d3b7f9c42f0e95bc3/fxgl-17.2.jar!/fxglassets/ui/css/fxgl_dark.css
10:56:27.518 [FXGL Background Thread 1 ] DEBUG GameApplicationServi - Initializing application scenes
10:56:27.991 [FXGL Background Thread 1 ] DEBUG GameWorld            - Game world initialized
10:56:28.122 [FXGL Background Thread 1 ] DEBUG PhysicsWorld         - Physics world initialized: appHeight=600, physics.ppm=50.0
10:56:28.122 [FXGL Background Thread 1 ] DEBUG PhysicsWorld         - Using strategy: BRUTE_FORCE
10:56:28.129 [FXGL Background Thread 1 ] DEBUG GameScene            - Game scene initialized: 450x600
10:56:28.248 [FXGL Background Thread 1 ] DEBUG GameApplicationServi - Application scenes initialized
10:56:28.278 [FXGL Background Thread 1 ] DEBUG SystemBundleService  - Loading FXGL system data
10:56:28.286 [FXGL Background Thread 1 ] DEBUG FileSystemAccess     - Reading from: /Users/leowong/IdeaProjects/SpaceX-Invader/system/fxgl.bundle
10:56:28.296 [FXGL Background Thread 1 ] DEBUG SystemBundleService  - Bundle FXGL: {}
10:56:28.296 [FXGL Background Thread 1 ] DEBUG UpdaterService       - Checking for updates
10:56:28.304 [FXGL Background Thread 4 ] DEBUG FXGLApplication      - Loading fonts
10:56:28.305 [FXGL Background Thread 4 ] DEBUG FXGLAssetLoaderServi - Loading from file system: jar:file:///Users/leowong/.gradle/caches/modules-2/files-2.1/com.github.almasb/fxgl/17.2/35db6ae960eec2dcfd19262d3b7f9c42f0e95bc3/fxgl-17.2.jar!/fxglassets/ui/fonts/VarelaRound-Regular.ttf
10:56:28.305 [FXGL Background Thread 1 ] DEBUG FXGLApplication      - Loading default localization
10:56:28.306 [FXGL Background Thread 1 ] DEBUG FXGLAssetLoaderServi - Loading from file system: jar:file:///Users/leowong/.gradle/caches/modules-2/files-2.1/com.github.almasb/fxgl/17.2/35db6ae960eec2dcfd19262d3b7f9c42f0e95bc3/fxgl-17.2.jar!/fxglassets/languages/english.lang
10:56:28.327 [FXGL Background Thread 4 ] DEBUG FXGLAssetLoaderServi - Loading from file system: jar:file:///Users/leowong/.gradle/caches/modules-2/files-2.1/com.github.almasb/fxgl/17.2/35db6ae960eec2dcfd19262d3b7f9c42f0e95bc3/fxgl-17.2.jar!/fxglassets/ui/fonts/Abel-Regular.ttf
10:56:28.332 [FXGL Background Thread 1 ] INFO  FXGLApplication      - FXGL initialization took: 1.008 sec
10:56:28.333 [FXGL Background Thread 4 ] DEBUG FXGLAssetLoaderServi - Loading from file system: jar:file:///Users/leowong/.gradle/caches/modules-2/files-2.1/com.github.almasb/fxgl/17.2/35db6ae960eec2dcfd19262d3b7f9c42f0e95bc3/fxgl-17.2.jar!/fxglassets/ui/fonts/TerminalLandMono-Regular.otf
10:56:28.338 [FXGL Background Thread 4 ] DEBUG FXGLAssetLoaderServi - Loading from file system: jar:file:///Users/leowong/.gradle/caches/modules-2/files-2.1/com.github.almasb/fxgl/17.2/35db6ae960eec2dcfd19262d3b7f9c42f0e95bc3/fxgl-17.2.jar!/fxglassets/ui/fonts/Courier-Prime.ttf
10:56:28.347 [JavaFX Application Thread] DEBUG Input                - Registered new binding: Left - A
10:56:28.347 [JavaFX Application Thread] DEBUG Input                - Registered new binding: Right - D
10:56:28.347 [JavaFX Application Thread] DEBUG Input                - Registered new binding: Shoot - J
10:56:28.347 [JavaFX Application Thread] DEBUG FXGLAssetLoaderServi - Loading from file system: jar:file:///Users/leowong/IdeaProjects/SpaceX-Invader/build/libs/SpaceX-Invader-1.0.jar!/assets/textures/icon/spacex-invader-favicon-black.png
10:56:28.383 [JavaFX Application Thread] DEBUG FXGLAssetLoaderServi - Loading from file system: jar:file:///Users/leowong/.gradle/caches/modules-2/files-2.1/com.github.almasb/fxgl/17.2/35db6ae960eec2dcfd19262d3b7f9c42f0e95bc3/fxgl-17.2.jar!/fxglassets/textures/fxgl_default_cursor.png
10:56:28.388 [JavaFX Application Thread] DEBUG Input                - Registered new binding: Screenshot - CTRL+8
10:56:28.389 [JavaFX Application Thread] DEBUG Input                - Registered new binding: System info dump - CTRL+9
10:56:28.389 [JavaFX Application Thread] DEBUG Input                - Registered new binding: Restart - CTRL+R
10:56:28.390 [JavaFX Application Thread] DEBUG Input                - Registered new binding: Toggle Debug Camera - CTRL+7
10:56:28.393 [JavaFX Application Thread] DEBUG LoopRunner           - Starting loop
10:56:28.393 [JavaFX Application Thread] DEBUG LoopRunner           - Initializing JavaFX AnimationTimerLoop
10:56:28.396 [JavaFX Application Thread] DEBUG Input                - Clearing active input actions
10:56:28.407 [JavaFX Application Thread] DEBUG GameApplicationServi - Removing overlay from FXGLStartupScene and adding to FXGLMainMenuDummyScene
10:56:28.408 [JavaFX Application Thread] DEBUG PrimaryStageWindow   - FXGLStartupScene -> FXGLMainMenuDummyScene
10:56:28.408 [JavaFX Application Thread] DEBUG PrimaryStageWindow   - Push state: MainMenu
10:56:28.409 [JavaFX Application Thread] DEBUG Input                - Clearing active input actions
10:56:28.421 [JavaFX Application Thread] DEBUG GameApplicationServi - Removing overlay from FXGLMainMenuDummyScene and adding to MainMenu
10:56:28.422 [JavaFX Application Thread] DEBUG PrimaryStageWindow   - FXGLMainMenuDummyScene -> MainMenu
10:56:28.530 [JavaFX Application Thread] DEBUG FXGLApplication      - Registering font factories with UI factory
10:56:29.393 [JavaFX Application Thread] DEBUG PrimaryStageWindow   - Push state: DialogSubScene
10:56:29.394 [JavaFX Application Thread] DEBUG Input                - Clearing active input actions
10:56:29.395 [JavaFX Application Thread] DEBUG GameApplicationServi - Removing overlay from MainMenu and adding to DialogSubScene
10:56:29.395 [JavaFX Application Thread] DEBUG PrimaryStageWindow   - MainMenu -> DialogSubScene
10:56:30.859 [JavaFX Application Thread] DEBUG PrimaryStageWindow   - Pop state: DialogSubScene
10:56:30.859 [JavaFX Application Thread] DEBUG Input                - Clearing active input actions
10:56:30.860 [JavaFX Application Thread] DEBUG GameApplicationServi - Removing overlay from DialogSubScene and adding to MainMenu
10:56:30.861 [JavaFX Application Thread] DEBUG PrimaryStageWindow   - MainMenu <- DialogSubScene
10:56:30.861 [JavaFX Application Thread] DEBUG FXGLApplication      - Exiting FXGL
10:56:30.861 [JavaFX Application Thread] DEBUG LoopRunner           - Stopping loop
10:56:30.861 [JavaFX Application Thread] DEBUG SystemBundleService  - Saving FXGL system data
10:56:30.864 [JavaFX Application Thread] DEBUG FileSystemAccess     - Writing to: /Users/leowong/IdeaProjects/SpaceX-Invader/system/fxgl.bundle
10:56:30.866 [JavaFX Application Thread] DEBUG Async                - Shutting down background threads
10:56:30.866 [JavaFX Application Thread] DEBUG PrimaryStageWindow   - Closing main window
10:56:30.877 [JavaFX Application Thread] DEBUG Logger               - Closing Logger
