17:51:08.227 [main                     ] DEBUG Logger               - Configured Logger
17:51:08.265 [main                     ] DEBUG GameApplication      - Logging settings
Title: SpaceX Invader
Version: 0.0
Width: 450
Height: 600
Fullscreen: false
Intro: false
Profiling: false
Single step:false
App Mode: DEVELOPER
Menu Key: ESCAPE
Stage Style: DECORATED
Scene Factory: class com.almasb.fxgl.app.scene.SceneFactory

17:51:08.819 [JavaFX Application Thread] DEBUG FXGLApplication      - Initializing FXGL
17:51:08.828 [JavaFX Application Thread] INFO  Engine               - FXGL-17.2 (20.08.2022 16.50) on MAC (J:17.0.3 FX:17.0.2-ea)
17:51:08.829 [JavaFX Application Thread] DEBUG Engine               - JRE Vendor Name: Eclipse Adoptium
17:51:08.830 [JavaFX Application Thread] DEBUG Engine               - Running on OS: Mac OS X version 13.1
17:51:08.830 [JavaFX Application Thread] DEBUG Engine               - Architecture: x86_64
17:51:08.830 [JavaFX Application Thread] INFO  Engine               - Source code and latest versions at: https://github.com/AlmasB/FXGL
17:51:08.831 [JavaFX Application Thread] INFO  Engine               -       Ask questions and discuss at: https://github.com/AlmasB/FXGL/discussions
17:51:08.831 [JavaFX Application Thread] INFO  Engine               -              Join the FXGL chat at: https://gitter.im/AlmasB/FXGL
17:51:08.983 [JavaFX Application Thread] DEBUG PrimaryStageWindow   - Creating a JavaFX scene
17:51:09.036 [JavaFX Application Thread] DEBUG PrimaryStageWindow   - Target settings size: 450.0 x 600.0
17:51:09.037 [JavaFX Application Thread] DEBUG PrimaryStageWindow   - Scaled scene size:    450.0 x 600.0
17:51:09.037 [JavaFX Application Thread] DEBUG PrimaryStageWindow   - Scaled ratio: (1.0, 1.0)
17:51:09.038 [JavaFX Application Thread] DEBUG PrimaryStageWindow   - Set initial scene to FXGLStartupScene
17:51:09.050 [JavaFX Application Thread] DEBUG PrimaryStageWindow   - Opening main window
17:51:09.166 [JavaFX Application Thread] DEBUG PrimaryStageWindow   - Window border size: (0.0, 28.0)
17:51:09.166 [JavaFX Application Thread] DEBUG PrimaryStageWindow   - Scaled size: 450.0 x 600.0
17:51:09.167 [JavaFX Application Thread] DEBUG PrimaryStageWindow   - Scaled ratio: (1.0, 1.0)
17:51:09.167 [JavaFX Application Thread] DEBUG PrimaryStageWindow   - Scene size: 450.0 x 600.0
17:51:09.167 [JavaFX Application Thread] DEBUG PrimaryStageWindow   - Stage size: 450.0 x 628.0
17:51:09.175 [FXGL Background Thread 1 ] DEBUG Engine               - Initializing environment variables
17:51:09.222 [FXGL Background Thread 1 ] DEBUG FXGLAssetLoaderServi - User app class for loading assets: class com.ood.spacexinvader.GameStart
17:51:09.223 [FXGL Background Thread 1 ] DEBUG GameApplicationServi - Applying CSS: fxgl_dark.css
17:51:09.223 [FXGL Background Thread 1 ] DEBUG FXGLAssetLoaderServi - Loading from file system: jar:file:///Users/leowong/.gradle/caches/modules-2/files-2.1/com.github.almasb/fxgl/17.2/35db6ae960eec2dcfd19262d3b7f9c42f0e95bc3/fxgl-17.2.jar!/fxglassets/ui/css/fxgl_dark.css
17:51:09.284 [FXGL Background Thread 1 ] DEBUG GameApplicationServi - Initializing application scenes
17:51:09.551 [FXGL Background Thread 1 ] DEBUG GameWorld            - Game world initialized
17:51:09.621 [FXGL Background Thread 1 ] DEBUG PhysicsWorld         - Physics world initialized: appHeight=600, physics.ppm=50.0
17:51:09.621 [FXGL Background Thread 1 ] DEBUG PhysicsWorld         - Using strategy: BRUTE_FORCE
17:51:09.629 [FXGL Background Thread 1 ] DEBUG GameScene            - Game scene initialized: 450x600
17:51:09.647 [FXGL Background Thread 1 ] WARN  FXGL.DefaultMenu     - FXGLDefaultMenu is not designed for resolutions < 800x600
17:51:09.647 [FXGL Background Thread 1 ] DEBUG FXGL.DefaultMenu     - createMenuBodyGameMenu()
17:51:09.668 [FXGL Background Thread 1 ] DEBUG FXGL.DefaultMenu     - createOptionsMenu()
17:51:09.683 [FXGL Background Thread 1 ] DEBUG FXGLAssetLoaderServi - Loading from file system: jar:file:///Users/leowong/.gradle/caches/modules-2/files-2.1/com.github.almasb/fxgl/17.2/35db6ae960eec2dcfd19262d3b7f9c42f0e95bc3/fxgl-17.2.jar!/fxglassets/textures/particles/smoke.png
17:51:09.806 [FXGL Background Thread 1 ] DEBUG FXGLAssetLoaderServi - Loading from file system: jar:file:///Users/leowong/.gradle/caches/modules-2/files-2.1/com.github.almasb/fxgl/17.2/35db6ae960eec2dcfd19262d3b7f9c42f0e95bc3/fxgl-17.2.jar!/fxglassets/textures/particles/trace_horizontal.png
17:51:09.847 [FXGL Background Thread 1 ] DEBUG GameApplicationServi - Application scenes initialized
17:51:09.865 [FXGL Background Thread 1 ] DEBUG SystemBundleService  - Loading FXGL system data
17:51:09.870 [FXGL Background Thread 1 ] DEBUG FileSystemAccess     - Reading from: /Users/leowong/IdeaProjects/SpaceX-Invader/system/fxgl.bundle
17:51:09.881 [FXGL Background Thread 1 ] DEBUG SystemBundleService  - Bundle FXGL: {}
17:51:09.881 [FXGL Background Thread 1 ] DEBUG UpdaterService       - Checking for updates
17:51:09.886 [FXGL Background Thread 4 ] DEBUG FXGLApplication      - Loading fonts
17:51:09.886 [FXGL Background Thread 4 ] DEBUG FXGLAssetLoaderServi - Loading from file system: jar:file:///Users/leowong/.gradle/caches/modules-2/files-2.1/com.github.almasb/fxgl/17.2/35db6ae960eec2dcfd19262d3b7f9c42f0e95bc3/fxgl-17.2.jar!/fxglassets/ui/fonts/VarelaRound-Regular.ttf
17:51:09.886 [FXGL Background Thread 1 ] DEBUG FXGLApplication      - Loading default localization
17:51:09.887 [FXGL Background Thread 1 ] DEBUG FXGLAssetLoaderServi - Loading from file system: jar:file:///Users/leowong/.gradle/caches/modules-2/files-2.1/com.github.almasb/fxgl/17.2/35db6ae960eec2dcfd19262d3b7f9c42f0e95bc3/fxgl-17.2.jar!/fxglassets/languages/english.lang
17:51:09.905 [FXGL Background Thread 4 ] DEBUG FXGLAssetLoaderServi - Loading from file system: jar:file:///Users/leowong/.gradle/caches/modules-2/files-2.1/com.github.almasb/fxgl/17.2/35db6ae960eec2dcfd19262d3b7f9c42f0e95bc3/fxgl-17.2.jar!/fxglassets/ui/fonts/Abel-Regular.ttf
17:51:09.910 [FXGL Background Thread 4 ] DEBUG FXGLAssetLoaderServi - Loading from file system: jar:file:///Users/leowong/.gradle/caches/modules-2/files-2.1/com.github.almasb/fxgl/17.2/35db6ae960eec2dcfd19262d3b7f9c42f0e95bc3/fxgl-17.2.jar!/fxglassets/ui/fonts/TerminalLandMono-Regular.otf
17:51:09.913 [FXGL Background Thread 1 ] INFO  FXGLApplication      - FXGL initialization took: 0.737 sec
17:51:09.915 [JavaFX Application Thread] DEBUG FXGLAssetLoaderServi - Loading from file system: jar:file:///Users/leowong/IdeaProjects/SpaceX-Invader/build/libs/SpaceX-Invader-1.0-SNAPSHOT.jar!/assets/textures/spacex-invader-favicon-black.png
17:51:09.917 [FXGL Background Thread 4 ] DEBUG FXGLAssetLoaderServi - Loading from file system: jar:file:///Users/leowong/.gradle/caches/modules-2/files-2.1/com.github.almasb/fxgl/17.2/35db6ae960eec2dcfd19262d3b7f9c42f0e95bc3/fxgl-17.2.jar!/fxglassets/ui/fonts/Courier-Prime.ttf
17:51:09.937 [JavaFX Application Thread] DEBUG FXGLAssetLoaderServi - Loading from file system: jar:file:///Users/leowong/.gradle/caches/modules-2/files-2.1/com.github.almasb/fxgl/17.2/35db6ae960eec2dcfd19262d3b7f9c42f0e95bc3/fxgl-17.2.jar!/fxglassets/textures/fxgl_default_cursor.png
17:51:09.955 [JavaFX Application Thread] DEBUG Input                - Registered new binding: Screenshot - CTRL+8
17:51:09.956 [JavaFX Application Thread] DEBUG Input                - Registered new binding: System info dump - CTRL+9
17:51:09.957 [JavaFX Application Thread] DEBUG Input                - Registered new binding: Restart - CTRL+R
17:51:09.958 [JavaFX Application Thread] DEBUG Input                - Registered new binding: Toggle Debug Camera - CTRL+7
17:51:09.961 [JavaFX Application Thread] DEBUG LoopRunner           - Starting loop
17:51:09.961 [JavaFX Application Thread] DEBUG LoopRunner           - Initializing JavaFX AnimationTimerLoop
17:51:09.963 [JavaFX Application Thread] DEBUG GameApplicationServi - Starting new game
17:51:09.963 [JavaFX Application Thread] DEBUG Input                - Clearing active input actions
17:51:09.980 [JavaFX Application Thread] DEBUG GameApplicationServi - Removing overlay from FXGLStartupScene and adding to FXGLLoadingScene
17:51:09.980 [JavaFX Application Thread] DEBUG PrimaryStageWindow   - FXGLStartupScene -> FXGLLoadingScene
17:51:09.981 [JavaFX Application Thread] DEBUG GameApplicationServi - Clearing previous game
17:51:09.981 [JavaFX Application Thread] DEBUG GameScene            - Clearing game scene
17:51:09.981 [JavaFX Application Thread] DEBUG GameWorld            - Clearing game world
17:51:09.981 [JavaFX Application Thread] DEBUG PhysicsWorld         - Clearing physics world
17:51:09.983 [FXGL Background Thread 4 ] DEBUG FXGLApplication      - Initializing game
17:51:09.984 [FXGL Background Thread 4 ] INFO  FXGLApplication      - Game initialization took: 0.001 sec
17:51:10.052 [JavaFX Application Thread] DEBUG FXGLApplication      - Registering font factories with UI factory
17:51:10.058 [JavaFX Application Thread] DEBUG Input                - Clearing active input actions
17:51:10.068 [JavaFX Application Thread] DEBUG GameApplicationServi - Removing overlay from FXGLLoadingScene and adding to GameScene
17:51:10.069 [JavaFX Application Thread] DEBUG PrimaryStageWindow   - FXGLLoadingScene -> GameScene
17:51:11.682 [JavaFX Application Thread] DEBUG FXGLApplication      - Exiting FXGL
17:51:11.683 [JavaFX Application Thread] DEBUG LoopRunner           - Stopping loop
17:51:11.683 [JavaFX Application Thread] DEBUG SystemBundleService  - Saving FXGL system data
17:51:11.686 [JavaFX Application Thread] DEBUG FileSystemAccess     - Writing to: /Users/leowong/IdeaProjects/SpaceX-Invader/system/fxgl.bundle
17:51:11.688 [JavaFX Application Thread] DEBUG Async                - Shutting down background threads
17:51:11.689 [JavaFX Application Thread] DEBUG PrimaryStageWindow   - Closing main window
17:51:11.700 [JavaFX Application Thread] DEBUG Logger               - Closing Logger
