11:10:59.353 [main                     ] DEBUG Logger               - Configured Logger
11:10:59.367 [main                     ] DEBUG GameApplication      - Logging settings
Title: SpaceX Invader
Version: 0.0
Width: 450
Height: 600
Fullscreen: false
Intro: false
Profiling: false
Single step:false
App Mode: DEVELOPER
Menu Key: ESCAPE
Stage Style: DECORATED
Scene Factory: class com.ood.spacexinvader.GameStart$1

11:10:59.573 [JavaFX Application Thread] DEBUG FXGLApplication      - Initializing FXGL
11:10:59.575 [JavaFX Application Thread] INFO  Engine               - FXGL-17.2 (20.08.2022 16.50) on MAC (J:17.0.4.1 FX:17.0.2-ea)
11:10:59.575 [JavaFX Application Thread] DEBUG Engine               - JRE Vendor Name: Oracle Corporation
11:10:59.576 [JavaFX Application Thread] DEBUG Engine               - Running on OS: Mac OS X version 13.0.1
11:10:59.576 [JavaFX Application Thread] DEBUG Engine               - Architecture: aarch64
11:10:59.576 [JavaFX Application Thread] INFO  Engine               - Source code and latest versions at: https://github.com/AlmasB/FXGL
11:10:59.576 [JavaFX Application Thread] INFO  Engine               -       Ask questions and discuss at: https://github.com/AlmasB/FXGL/discussions
11:10:59.576 [JavaFX Application Thread] INFO  Engine               -              Join the FXGL chat at: https://gitter.im/AlmasB/FXGL
11:10:59.616 [JavaFX Application Thread] DEBUG PrimaryStageWindow   - Creating a JavaFX scene
11:10:59.635 [JavaFX Application Thread] DEBUG PrimaryStageWindow   - Target settings size: 450.0 x 600.0
11:10:59.635 [JavaFX Application Thread] DEBUG PrimaryStageWindow   - Scaled scene size:    450.0 x 600.0
11:10:59.635 [JavaFX Application Thread] DEBUG PrimaryStageWindow   - Scaled ratio: (1.0, 1.0)
11:10:59.636 [JavaFX Application Thread] DEBUG PrimaryStageWindow   - Set initial scene to FXGLStartupScene
11:10:59.638 [JavaFX Application Thread] DEBUG PrimaryStageWindow   - Opening main window
11:10:59.675 [JavaFX Application Thread] DEBUG PrimaryStageWindow   - Window border size: (0.0, 28.0)
11:10:59.675 [JavaFX Application Thread] DEBUG PrimaryStageWindow   - Scaled size: 450.0 x 600.0
11:10:59.675 [JavaFX Application Thread] DEBUG PrimaryStageWindow   - Scaled ratio: (1.0, 1.0)
11:10:59.675 [JavaFX Application Thread] DEBUG PrimaryStageWindow   - Scene size: 450.0 x 600.0
11:10:59.675 [JavaFX Application Thread] DEBUG PrimaryStageWindow   - Stage size: 450.0 x 628.0
11:10:59.678 [FXGL Background Thread 1 ] DEBUG Engine               - Initializing environment variables
11:10:59.694 [FXGL Background Thread 1 ] DEBUG FXGLAssetLoaderServi - User app class for loading assets: class com.ood.spacexinvader.GameStart
11:10:59.694 [FXGL Background Thread 1 ] DEBUG GameApplicationServi - Applying CSS: fxgl_dark.css
11:10:59.695 [FXGL Background Thread 1 ] DEBUG FXGLAssetLoaderServi - Loading from file system: jar:file:///Users/hiimecho/.gradle/caches/modules-2/files-2.1/com.github.almasb/fxgl/17.2/35db6ae960eec2dcfd19262d3b7f9c42f0e95bc3/fxgl-17.2.jar!/fxglassets/ui/css/fxgl_dark.css
11:10:59.714 [FXGL Background Thread 1 ] DEBUG GameApplicationServi - Initializing application scenes
11:10:59.774 [FXGL Background Thread 1 ] DEBUG GameWorld            - Game world initialized
11:10:59.801 [FXGL Background Thread 1 ] DEBUG PhysicsWorld         - Physics world initialized: appHeight=600, physics.ppm=50.0
11:10:59.801 [FXGL Background Thread 1 ] DEBUG PhysicsWorld         - Using strategy: BRUTE_FORCE
11:10:59.803 [FXGL Background Thread 1 ] DEBUG GameScene            - Game scene initialized: 450x600
11:10:59.808 [FXGL Background Thread 1 ] WARN  FXGL.DefaultMenu     - FXGLDefaultMenu is not designed for resolutions < 800x600
11:10:59.808 [FXGL Background Thread 1 ] DEBUG FXGL.DefaultMenu     - createMenuBodyGameMenu()
11:10:59.815 [FXGL Background Thread 1 ] DEBUG FXGL.DefaultMenu     - createOptionsMenu()
11:10:59.821 [FXGL Background Thread 1 ] DEBUG FXGLAssetLoaderServi - Loading from file system: jar:file:///Users/hiimecho/.gradle/caches/modules-2/files-2.1/com.github.almasb/fxgl/17.2/35db6ae960eec2dcfd19262d3b7f9c42f0e95bc3/fxgl-17.2.jar!/fxglassets/textures/particles/smoke.png
11:10:59.873 [FXGL Background Thread 1 ] DEBUG FXGLAssetLoaderServi - Loading from file system: jar:file:///Users/hiimecho/.gradle/caches/modules-2/files-2.1/com.github.almasb/fxgl/17.2/35db6ae960eec2dcfd19262d3b7f9c42f0e95bc3/fxgl-17.2.jar!/fxglassets/textures/particles/trace_horizontal.png
11:10:59.892 [FXGL Background Thread 1 ] DEBUG GameApplicationServi - Application scenes initialized
11:10:59.901 [FXGL Background Thread 1 ] DEBUG SystemBundleService  - Loading FXGL system data
11:10:59.903 [FXGL Background Thread 1 ] DEBUG FileSystemAccess     - Reading from: /Users/hiimecho/Documents/Coding/Java/Coding/SpaceX-Invader/system/fxgl.bundle
11:10:59.908 [FXGL Background Thread 1 ] DEBUG SystemBundleService  - Bundle FXGL: {}
11:10:59.908 [FXGL Background Thread 1 ] DEBUG UpdaterService       - Checking for updates
11:10:59.909 [FXGL Background Thread 4 ] DEBUG FXGLApplication      - Loading fonts
11:10:59.909 [FXGL Background Thread 4 ] DEBUG FXGLAssetLoaderServi - Loading from file system: jar:file:///Users/hiimecho/.gradle/caches/modules-2/files-2.1/com.github.almasb/fxgl/17.2/35db6ae960eec2dcfd19262d3b7f9c42f0e95bc3/fxgl-17.2.jar!/fxglassets/ui/fonts/VarelaRound-Regular.ttf
11:10:59.910 [FXGL Background Thread 1 ] DEBUG FXGLApplication      - Loading default localization
11:10:59.910 [FXGL Background Thread 1 ] DEBUG FXGLAssetLoaderServi - Loading from file system: jar:file:///Users/hiimecho/.gradle/caches/modules-2/files-2.1/com.github.almasb/fxgl/17.2/35db6ae960eec2dcfd19262d3b7f9c42f0e95bc3/fxgl-17.2.jar!/fxglassets/languages/english.lang
11:10:59.919 [FXGL Background Thread 4 ] DEBUG FXGLAssetLoaderServi - Loading from file system: jar:file:///Users/hiimecho/.gradle/caches/modules-2/files-2.1/com.github.almasb/fxgl/17.2/35db6ae960eec2dcfd19262d3b7f9c42f0e95bc3/fxgl-17.2.jar!/fxglassets/ui/fonts/Abel-Regular.ttf
11:10:59.921 [FXGL Background Thread 1 ] INFO  FXGLApplication      - FXGL initialization took: 0.243 sec
11:10:59.921 [FXGL Background Thread 4 ] DEBUG FXGLAssetLoaderServi - Loading from file system: jar:file:///Users/hiimecho/.gradle/caches/modules-2/files-2.1/com.github.almasb/fxgl/17.2/35db6ae960eec2dcfd19262d3b7f9c42f0e95bc3/fxgl-17.2.jar!/fxglassets/ui/fonts/TerminalLandMono-Regular.otf
11:10:59.921 [JavaFX Application Thread] DEBUG FXGLAssetLoaderServi - Loading from file system: jar:file:///Users/hiimecho/.gradle/caches/modules-2/files-2.1/com.github.almasb/fxgl/17.2/35db6ae960eec2dcfd19262d3b7f9c42f0e95bc3/fxgl-17.2.jar!/fxglassets/textures/fxgl_icon.png
11:10:59.924 [FXGL Background Thread 4 ] DEBUG FXGLAssetLoaderServi - Loading from file system: jar:file:///Users/hiimecho/.gradle/caches/modules-2/files-2.1/com.github.almasb/fxgl/17.2/35db6ae960eec2dcfd19262d3b7f9c42f0e95bc3/fxgl-17.2.jar!/fxglassets/ui/fonts/Courier-Prime.ttf
11:10:59.936 [JavaFX Application Thread] DEBUG FXGLAssetLoaderServi - Loading from file system: jar:file:///Users/hiimecho/.gradle/caches/modules-2/files-2.1/com.github.almasb/fxgl/17.2/35db6ae960eec2dcfd19262d3b7f9c42f0e95bc3/fxgl-17.2.jar!/fxglassets/textures/fxgl_default_cursor.png
11:10:59.941 [JavaFX Application Thread] DEBUG Input                - Registered new binding: Screenshot - CTRL+8
11:10:59.941 [JavaFX Application Thread] DEBUG Input                - Registered new binding: System info dump - CTRL+9
11:10:59.941 [JavaFX Application Thread] DEBUG Input                - Registered new binding: Restart - CTRL+R
11:10:59.941 [JavaFX Application Thread] DEBUG Input                - Registered new binding: Toggle Debug Camera - CTRL+7
11:10:59.942 [JavaFX Application Thread] DEBUG LoopRunner           - Starting loop
11:10:59.942 [JavaFX Application Thread] DEBUG LoopRunner           - Initializing JavaFX AnimationTimerLoop
11:10:59.942 [JavaFX Application Thread] DEBUG GameApplicationServi - Starting new game
11:10:59.943 [JavaFX Application Thread] DEBUG Input                - Clearing active input actions
11:10:59.946 [JavaFX Application Thread] DEBUG GameApplicationServi - Removing overlay from FXGLStartupScene and adding to FXGLLoadingScene
11:10:59.946 [JavaFX Application Thread] DEBUG PrimaryStageWindow   - FXGLStartupScene -> FXGLLoadingScene
11:10:59.947 [JavaFX Application Thread] DEBUG GameApplicationServi - Clearing previous game
11:10:59.947 [JavaFX Application Thread] DEBUG GameScene            - Clearing game scene
11:10:59.947 [JavaFX Application Thread] DEBUG GameWorld            - Clearing game world
11:10:59.947 [JavaFX Application Thread] DEBUG PhysicsWorld         - Clearing physics world
11:10:59.947 [FXGL Background Thread 4 ] DEBUG FXGLApplication      - Initializing game
11:10:59.948 [FXGL Background Thread 4 ] INFO  FXGLApplication      - Game initialization took: 0.000 sec
11:10:59.967 [JavaFX Application Thread] DEBUG FXGLApplication      - Registering font factories with UI factory
11:10:59.970 [JavaFX Application Thread] DEBUG Input                - Clearing active input actions
11:10:59.974 [JavaFX Application Thread] DEBUG GameApplicationServi - Removing overlay from FXGLLoadingScene and adding to GameScene
11:10:59.974 [JavaFX Application Thread] DEBUG PrimaryStageWindow   - FXGLLoadingScene -> GameScene
11:11:00.288 [JavaFX Application Thread] DEBUG PrimaryStageWindow   - Push state: FXGLDefaultMenu
11:11:00.291 [JavaFX Application Thread] DEBUG Input                - Clearing active input actions
11:11:00.294 [JavaFX Application Thread] DEBUG GameApplicationServi - Removing overlay from GameScene and adding to FXGLDefaultMenu
11:11:00.294 [JavaFX Application Thread] DEBUG PrimaryStageWindow   - GameScene -> FXGLDefaultMenu
11:11:01.702 [JavaFX Application Thread] DEBUG Menu                 - fireExit()
11:11:01.703 [JavaFX Application Thread] DEBUG PrimaryStageWindow   - Push state: DialogSubScene
11:11:01.703 [JavaFX Application Thread] DEBUG Input                - Clearing active input actions
11:11:01.703 [JavaFX Application Thread] DEBUG GameApplicationServi - Removing overlay from FXGLDefaultMenu and adding to DialogSubScene
11:11:01.703 [JavaFX Application Thread] DEBUG PrimaryStageWindow   - FXGLDefaultMenu -> DialogSubScene
11:11:02.388 [JavaFX Application Thread] DEBUG PrimaryStageWindow   - Pop state: DialogSubScene
11:11:02.388 [JavaFX Application Thread] DEBUG Input                - Clearing active input actions
11:11:02.390 [JavaFX Application Thread] DEBUG GameApplicationServi - Removing overlay from DialogSubScene and adding to FXGLDefaultMenu
11:11:02.390 [JavaFX Application Thread] DEBUG PrimaryStageWindow   - FXGLDefaultMenu <- DialogSubScene
11:11:02.391 [JavaFX Application Thread] DEBUG FXGLApplication      - Exiting FXGL
11:11:02.391 [JavaFX Application Thread] DEBUG LoopRunner           - Stopping loop
11:11:02.391 [JavaFX Application Thread] DEBUG SystemBundleService  - Saving FXGL system data
11:11:02.394 [JavaFX Application Thread] DEBUG FileSystemAccess     - Writing to: /Users/hiimecho/Documents/Coding/Java/Coding/SpaceX-Invader/system/fxgl.bundle
11:11:02.396 [JavaFX Application Thread] DEBUG Async                - Shutting down background threads
11:11:02.396 [JavaFX Application Thread] DEBUG PrimaryStageWindow   - Closing main window
11:11:02.404 [JavaFX Application Thread] DEBUG Logger               - Closing Logger
