00:48:48.480 [main                     ] DEBUG Logger               - Configured Logger
00:48:48.527 [main                     ] DEBUG GameApplication      - Logging settings
Title: SpaceX Invader
Version: 0.0
Width: 450
Height: 600
Fullscreen: false
Intro: false
Profiling: false
Single step:false
App Mode: DEVELOPER
Menu Key: ESCAPE
Stage Style: DECORATED
Scene Factory: class com.ood.spacexinvader.GameStart$1

00:48:49.067 [JavaFX Application Thread] DEBUG FXGLApplication      - Initializing FXGL
00:48:49.073 [JavaFX Application Thread] INFO  Engine               - FXGL-17.2 (20.08.2022 16.50) on MAC (J:17.0.3 FX:17.0.2-ea)
00:48:49.074 [JavaFX Application Thread] DEBUG Engine               - JRE Vendor Name: Eclipse Adoptium
00:48:49.074 [JavaFX Application Thread] DEBUG Engine               - Running on OS: Mac OS X version 13.1
00:48:49.074 [JavaFX Application Thread] DEBUG Engine               - Architecture: x86_64
00:48:49.075 [JavaFX Application Thread] INFO  Engine               - Source code and latest versions at: https://github.com/AlmasB/FXGL
00:48:49.075 [JavaFX Application Thread] INFO  Engine               -       Ask questions and discuss at: https://github.com/AlmasB/FXGL/discussions
00:48:49.075 [JavaFX Application Thread] INFO  Engine               -              Join the FXGL chat at: https://gitter.im/AlmasB/FXGL
00:48:49.190 [JavaFX Application Thread] DEBUG PrimaryStageWindow   - Creating a JavaFX scene
00:48:49.259 [JavaFX Application Thread] DEBUG PrimaryStageWindow   - Target settings size: 450.0 x 600.0
00:48:49.260 [JavaFX Application Thread] DEBUG PrimaryStageWindow   - Scaled scene size:    450.0 x 600.0
00:48:49.260 [JavaFX Application Thread] DEBUG PrimaryStageWindow   - Scaled ratio: (1.0, 1.0)
00:48:49.261 [JavaFX Application Thread] DEBUG PrimaryStageWindow   - Set initial scene to FXGLStartupScene
00:48:49.270 [JavaFX Application Thread] DEBUG PrimaryStageWindow   - Opening main window
00:48:49.430 [JavaFX Application Thread] DEBUG PrimaryStageWindow   - Window border size: (0.0, 28.0)
00:48:49.431 [JavaFX Application Thread] DEBUG PrimaryStageWindow   - Scaled size: 450.0 x 600.0
00:48:49.431 [JavaFX Application Thread] DEBUG PrimaryStageWindow   - Scaled ratio: (1.0, 1.0)
00:48:49.432 [JavaFX Application Thread] DEBUG PrimaryStageWindow   - Scene size: 450.0 x 600.0
00:48:49.432 [JavaFX Application Thread] DEBUG PrimaryStageWindow   - Stage size: 450.0 x 628.0
00:48:49.441 [FXGL Background Thread 1 ] DEBUG Engine               - Initializing environment variables
00:48:49.492 [FXGL Background Thread 1 ] DEBUG FXGLAssetLoaderServi - User app class for loading assets: class com.ood.spacexinvader.GameStart
00:48:49.493 [FXGL Background Thread 1 ] DEBUG GameApplicationServi - Applying CSS: fxgl_dark.css
00:48:49.494 [FXGL Background Thread 1 ] DEBUG FXGLAssetLoaderServi - Loading from file system: jar:file:///Users/leowong/.gradle/caches/modules-2/files-2.1/com.github.almasb/fxgl/17.2/35db6ae960eec2dcfd19262d3b7f9c42f0e95bc3/fxgl-17.2.jar!/fxglassets/ui/css/fxgl_dark.css
00:48:49.581 [FXGL Background Thread 1 ] DEBUG GameApplicationServi - Initializing application scenes
00:48:50.063 [FXGL Background Thread 1 ] DEBUG GameWorld            - Game world initialized
00:48:50.154 [FXGL Background Thread 1 ] DEBUG PhysicsWorld         - Physics world initialized: appHeight=600, physics.ppm=50.0
00:48:50.155 [FXGL Background Thread 1 ] DEBUG PhysicsWorld         - Using strategy: BRUTE_FORCE
00:48:50.163 [FXGL Background Thread 1 ] DEBUG GameScene            - Game scene initialized: 450x600
00:48:50.261 [FXGL Background Thread 1 ] DEBUG GameApplicationServi - Application scenes initialized
00:48:50.285 [FXGL Background Thread 1 ] DEBUG SystemBundleService  - Loading FXGL system data
00:48:50.290 [FXGL Background Thread 1 ] DEBUG FileSystemAccess     - Reading from: /Users/leowong/IdeaProjects/SpaceX-Invader/system/fxgl.bundle
00:48:50.300 [FXGL Background Thread 1 ] DEBUG SystemBundleService  - Bundle FXGL: {}
00:48:50.300 [FXGL Background Thread 1 ] DEBUG UpdaterService       - Checking for updates
00:48:50.307 [FXGL Background Thread 4 ] DEBUG FXGLApplication      - Loading fonts
00:48:50.307 [FXGL Background Thread 4 ] DEBUG FXGLAssetLoaderServi - Loading from file system: jar:file:///Users/leowong/.gradle/caches/modules-2/files-2.1/com.github.almasb/fxgl/17.2/35db6ae960eec2dcfd19262d3b7f9c42f0e95bc3/fxgl-17.2.jar!/fxglassets/ui/fonts/VarelaRound-Regular.ttf
00:48:50.308 [FXGL Background Thread 1 ] DEBUG FXGLApplication      - Loading default localization
00:48:50.308 [FXGL Background Thread 1 ] DEBUG FXGLAssetLoaderServi - Loading from file system: jar:file:///Users/leowong/.gradle/caches/modules-2/files-2.1/com.github.almasb/fxgl/17.2/35db6ae960eec2dcfd19262d3b7f9c42f0e95bc3/fxgl-17.2.jar!/fxglassets/languages/english.lang
00:48:50.335 [FXGL Background Thread 4 ] DEBUG FXGLAssetLoaderServi - Loading from file system: jar:file:///Users/leowong/.gradle/caches/modules-2/files-2.1/com.github.almasb/fxgl/17.2/35db6ae960eec2dcfd19262d3b7f9c42f0e95bc3/fxgl-17.2.jar!/fxglassets/ui/fonts/Abel-Regular.ttf
00:48:50.338 [FXGL Background Thread 1 ] INFO  FXGLApplication      - FXGL initialization took: 0.897 sec
00:48:50.343 [FXGL Background Thread 4 ] DEBUG FXGLAssetLoaderServi - Loading from file system: jar:file:///Users/leowong/.gradle/caches/modules-2/files-2.1/com.github.almasb/fxgl/17.2/35db6ae960eec2dcfd19262d3b7f9c42f0e95bc3/fxgl-17.2.jar!/fxglassets/ui/fonts/TerminalLandMono-Regular.otf
00:48:50.350 [FXGL Background Thread 4 ] DEBUG FXGLAssetLoaderServi - Loading from file system: jar:file:///Users/leowong/.gradle/caches/modules-2/files-2.1/com.github.almasb/fxgl/17.2/35db6ae960eec2dcfd19262d3b7f9c42f0e95bc3/fxgl-17.2.jar!/fxglassets/ui/fonts/Courier-Prime.ttf
00:48:50.357 [JavaFX Application Thread] DEBUG Input                - Registered new binding: Left - A
00:48:50.357 [JavaFX Application Thread] DEBUG Input                - Registered new binding: Right - D
00:48:50.358 [JavaFX Application Thread] DEBUG Input                - Registered new binding: Shoot - J
00:48:50.358 [JavaFX Application Thread] DEBUG FXGLAssetLoaderServi - Loading from file system: jar:file:///Users/leowong/IdeaProjects/SpaceX-Invader/build/libs/SpaceX-Invader-1.0-SNAPSHOT.jar!/assets/textures/icon/spacex-invader-favicon-black.png
00:48:50.400 [JavaFX Application Thread] DEBUG FXGLAssetLoaderServi - Loading from file system: jar:file:///Users/leowong/.gradle/caches/modules-2/files-2.1/com.github.almasb/fxgl/17.2/35db6ae960eec2dcfd19262d3b7f9c42f0e95bc3/fxgl-17.2.jar!/fxglassets/textures/fxgl_default_cursor.png
00:48:50.405 [JavaFX Application Thread] DEBUG Input                - Registered new binding: Screenshot - CTRL+8
00:48:50.406 [JavaFX Application Thread] DEBUG Input                - Registered new binding: System info dump - CTRL+9
00:48:50.406 [JavaFX Application Thread] DEBUG Input                - Registered new binding: Restart - CTRL+R
00:48:50.407 [JavaFX Application Thread] DEBUG Input                - Registered new binding: Toggle Debug Camera - CTRL+7
00:48:50.410 [JavaFX Application Thread] DEBUG LoopRunner           - Starting loop
00:48:50.410 [JavaFX Application Thread] DEBUG LoopRunner           - Initializing JavaFX AnimationTimerLoop
00:48:50.415 [JavaFX Application Thread] DEBUG Input                - Clearing active input actions
00:48:50.427 [JavaFX Application Thread] DEBUG GameApplicationServi - Removing overlay from FXGLStartupScene and adding to FXGLMainMenuDummyScene
00:48:50.428 [JavaFX Application Thread] DEBUG PrimaryStageWindow   - FXGLStartupScene -> FXGLMainMenuDummyScene
00:48:50.429 [JavaFX Application Thread] DEBUG PrimaryStageWindow   - Push state: MainMenu
00:48:50.430 [JavaFX Application Thread] DEBUG Input                - Clearing active input actions
00:48:50.443 [JavaFX Application Thread] DEBUG GameApplicationServi - Removing overlay from FXGLMainMenuDummyScene and adding to MainMenu
00:48:50.443 [JavaFX Application Thread] DEBUG PrimaryStageWindow   - FXGLMainMenuDummyScene -> MainMenu
00:48:50.515 [JavaFX Application Thread] DEBUG FXGLApplication      - Registering font factories with UI factory
00:48:52.397 [JavaFX Application Thread] DEBUG Menu                 - fireNewGame()
00:48:52.398 [JavaFX Application Thread] DEBUG GameApplicationServi - Starting new game
00:48:52.398 [JavaFX Application Thread] DEBUG PrimaryStageWindow   - Pop state: MainMenu
00:48:52.399 [JavaFX Application Thread] DEBUG Input                - Clearing active input actions
00:48:52.401 [JavaFX Application Thread] DEBUG GameApplicationServi - Removing overlay from MainMenu and adding to FXGLMainMenuDummyScene
00:48:52.402 [JavaFX Application Thread] DEBUG PrimaryStageWindow   - FXGLMainMenuDummyScene <- MainMenu
00:48:52.403 [JavaFX Application Thread] DEBUG Input                - Clearing active input actions
00:48:52.414 [JavaFX Application Thread] DEBUG GameApplicationServi - Removing overlay from FXGLMainMenuDummyScene and adding to FXGLLoadingScene
00:48:52.415 [JavaFX Application Thread] DEBUG PrimaryStageWindow   - FXGLMainMenuDummyScene -> FXGLLoadingScene
00:48:52.415 [JavaFX Application Thread] DEBUG GameApplicationServi - Clearing previous game
00:48:52.415 [JavaFX Application Thread] DEBUG GameScene            - Clearing game scene
00:48:52.415 [JavaFX Application Thread] DEBUG GameWorld            - Clearing game world
00:48:52.415 [JavaFX Application Thread] DEBUG PhysicsWorld         - Clearing physics world
00:48:52.417 [FXGL Background Thread 2 ] DEBUG FXGLApplication      - Initializing game
00:48:52.425 [FXGL Background Thread 2 ] DEBUG FXGLAssetLoaderServi - Loading from file system: jar:file:///Users/leowong/IdeaProjects/SpaceX-Invader/build/libs/SpaceX-Invader-1.0-SNAPSHOT.jar!/assets/textures/enemy/alien.png
00:48:52.472 [FXGL Background Thread 2 ] DEBUG FXGLAssetLoaderServi - Loading from file system: jar:file:///Users/leowong/IdeaProjects/SpaceX-Invader/build/libs/SpaceX-Invader-1.0-SNAPSHOT.jar!/assets/textures/player/SpaceX.png
00:48:52.483 [FXGL Background Thread 2 ] INFO  FXGLApplication      - Game initialization took: 0.066 sec
00:48:52.484 [JavaFX Application Thread] DEBUG Input                - Clearing active input actions
00:48:52.496 [JavaFX Application Thread] DEBUG GameApplicationServi - Removing overlay from FXGLLoadingScene and adding to GameScene
00:48:52.496 [JavaFX Application Thread] DEBUG PrimaryStageWindow   - FXGLLoadingScene -> GameScene
00:48:53.022 [JavaFX Application Thread] WARN  FXGLAssetLoaderServi - Asset "/assets/sounds/bullet.wav" was not found!
00:48:53.023 [JavaFX Application Thread] WARN  FXGLAssetLoaderServi - Failed to load SOUND
00:48:53.309 [FXGL Background Thread 3 ] DEBUG Engine               - Logging environment variables
00:48:53.311 [FXGL Background Thread 3 ] DEBUG Engine               - achievements: []
00:48:53.311 [FXGL Background Thread 3 ] DEBUG Engine               - actualHeight: 600.0
00:48:53.311 [FXGL Background Thread 3 ] DEBUG Engine               - actualHeightProperty: ReadOnlyDoubleProperty [value: 600.0]
00:48:53.312 [FXGL Background Thread 3 ] DEBUG Engine               - actualWidth: 450.0
00:48:53.312 [FXGL Background Thread 3 ] DEBUG Engine               - actualWidthProperty: ReadOnlyDoubleProperty [value: 450.0]
00:48:53.313 [FXGL Background Thread 3 ] DEBUG Engine               - appIcon: icon/spacex-invader-favicon-black.png
00:48:53.313 [FXGL Background Thread 3 ] DEBUG Engine               - applicationMode: DEVELOPER
00:48:53.313 [FXGL Background Thread 3 ] DEBUG Engine               - cSSList: [fxgl_dark.css]
00:48:53.313 [FXGL Background Thread 3 ] DEBUG Engine               - collisionDetectionStrategy: BRUTE_FORCE
00:48:53.313 [FXGL Background Thread 3 ] DEBUG Engine               - configClass: Optional.empty
00:48:53.313 [FXGL Background Thread 3 ] DEBUG Engine               - credits: []
00:48:53.315 [FXGL Background Thread 3 ] DEBUG Engine               - defaultCursor: CursorInfo(imageName=fxgl_default_cursor.png, hotspotX=7.0, hotspotY=6.0)
00:48:53.315 [FXGL Background Thread 3 ] DEBUG Engine               - devBBoxColorProperty: ObjectProperty [value: 0xff0000ff]
00:48:53.316 [FXGL Background Thread 3 ] DEBUG Engine               - devEnableDebugCameraProperty: BooleanProperty [value: false]
00:48:53.316 [FXGL Background Thread 3 ] DEBUG Engine               - devSensorColorProperty: ObjectProperty [value: 0xffff00ff]
00:48:53.316 [FXGL Background Thread 3 ] DEBUG Engine               - devShowBBoxProperty: BooleanProperty [value: false]
00:48:53.316 [FXGL Background Thread 3 ] DEBUG Engine               - devShowPositionProperty: BooleanProperty [value: false]
00:48:53.317 [FXGL Background Thread 3 ] DEBUG Engine               - enabledMenuItems: []
00:48:53.317 [FXGL Background Thread 3 ] DEBUG Engine               - engineServices: [class com.almasb.fxgl.app.services.FXGLAssetLoaderService, class com.almasb.fxgl.app.FXGLApplication$GameApplicationService, class com.almasb.fxgl.app.services.FXGLDialogService, class com.almasb.fxgl.app.services.IOTaskExecutorService, class com.almasb.fxgl.io.FileSystemService, class com.almasb.fxgl.localization.LocalizationService, class com.almasb.fxgl.app.services.SystemBundleService, class com.almasb.fxgl.profile.SaveLoadService, class com.almasb.fxgl.ui.FXGLUIFactoryServiceProvider, class com.almasb.fxgl.ui.FXGLDialogFactoryServiceProvider, class com.almasb.fxgl.audio.AudioPlayer, class com.almasb.fxgl.notification.impl.NotificationServiceProvider, class com.almasb.fxgl.achievement.AchievementService, class com.almasb.fxgl.cutscene.CutsceneService, class com.almasb.fxgl.minigames.MiniGameService, class com.almasb.fxgl.net.NetService, class com.almasb.fxgl.app.services.UpdaterService, class com.almasb.fxgl.dev.DevService]
00:48:53.317 [FXGL Background Thread 3 ] DEBUG Engine               - fontGame: Abel-Regular.ttf
00:48:53.317 [FXGL Background Thread 3 ] DEBUG Engine               - fontMono: TerminalLandMono-Regular.otf
00:48:53.317 [FXGL Background Thread 3 ] DEBUG Engine               - fontText: Courier-Prime.ttf
00:48:53.318 [FXGL Background Thread 3 ] DEBUG Engine               - fontUI: VarelaRound-Regular.ttf
00:48:53.318 [FXGL Background Thread 3 ] DEBUG Engine               - fullScreen: BooleanProperty [value: false]
00:48:53.318 [FXGL Background Thread 3 ] DEBUG Engine               - gameDifficulty: MEDIUM
00:48:53.318 [FXGL Background Thread 3 ] DEBUG Engine               - gameDifficultyProperty: ObjectProperty [value: MEDIUM]
00:48:53.318 [FXGL Background Thread 3 ] DEBUG Engine               - globalMusicVolume: 0.5
00:48:53.318 [FXGL Background Thread 3 ] DEBUG Engine               - globalMusicVolumeProperty: DoubleProperty [value: 0.5]
00:48:53.319 [FXGL Background Thread 3 ] DEBUG Engine               - globalSoundVolume: 0.5
00:48:53.319 [FXGL Background Thread 3 ] DEBUG Engine               - globalSoundVolumeProperty: DoubleProperty [value: 0.5]
00:48:53.319 [FXGL Background Thread 3 ] DEBUG Engine               - height: 600
00:48:53.319 [FXGL Background Thread 3 ] DEBUG Engine               - is3D: false
00:48:53.319 [FXGL Background Thread 3 ] DEBUG Engine               - isAndroid: false
00:48:53.319 [FXGL Background Thread 3 ] DEBUG Engine               - isBrowser: false
00:48:53.319 [FXGL Background Thread 3 ] DEBUG Engine               - isClickFeedbackEnabled: false
00:48:53.320 [FXGL Background Thread 3 ] DEBUG Engine               - isCloseConfirmation: true
00:48:53.320 [FXGL Background Thread 3 ] DEBUG Engine               - isDesktop: true
00:48:53.320 [FXGL Background Thread 3 ] DEBUG Engine               - isDeveloperMenuEnabled: false
00:48:53.320 [FXGL Background Thread 3 ] DEBUG Engine               - isEmbedded: false
00:48:53.320 [FXGL Background Thread 3 ] DEBUG Engine               - isEntityPreloadEnabled: true
00:48:53.320 [FXGL Background Thread 3 ] DEBUG Engine               - isExperimentalTiledLargeMap: false
00:48:53.320 [FXGL Background Thread 3 ] DEBUG Engine               - isFileSystemWriteAllowed: true
00:48:53.320 [FXGL Background Thread 3 ] DEBUG Engine               - isFullScreenAllowed: false
00:48:53.321 [FXGL Background Thread 3 ] DEBUG Engine               - isFullScreenFromStart: false
00:48:53.321 [FXGL Background Thread 3 ] DEBUG Engine               - isGameMenuEnabled: true
00:48:53.321 [FXGL Background Thread 3 ] DEBUG Engine               - isIOS: false
00:48:53.321 [FXGL Background Thread 3 ] DEBUG Engine               - isIntroEnabled: false
00:48:53.321 [FXGL Background Thread 3 ] DEBUG Engine               - isLinux: false
00:48:53.321 [FXGL Background Thread 3 ] DEBUG Engine               - isMac: true
00:48:53.321 [FXGL Background Thread 3 ] DEBUG Engine               - isMainMenuEnabled: true
00:48:53.321 [FXGL Background Thread 3 ] DEBUG Engine               - isManualResizeEnabled: false
00:48:53.321 [FXGL Background Thread 3 ] DEBUG Engine               - isMobile: false
00:48:53.322 [FXGL Background Thread 3 ] DEBUG Engine               - isNative: false
00:48:53.322 [FXGL Background Thread 3 ] DEBUG Engine               - isPauseMusicWhenMinimized: true
00:48:53.322 [FXGL Background Thread 3 ] DEBUG Engine               - isPreserveResizeRatio: false
00:48:53.322 [FXGL Background Thread 3 ] DEBUG Engine               - isProfilingEnabled: false
00:48:53.322 [FXGL Background Thread 3 ] DEBUG Engine               - isScaleAffectedOnResize: true
00:48:53.322 [FXGL Background Thread 3 ] DEBUG Engine               - isSingleStep: false
00:48:53.323 [FXGL Background Thread 3 ] DEBUG Engine               - isUserProfileEnabled: false
00:48:53.323 [FXGL Background Thread 3 ] DEBUG Engine               - isWindows: false
00:48:53.323 [FXGL Background Thread 3 ] DEBUG Engine               - language: ObjectProperty [value: ENGLISH]
00:48:53.323 [FXGL Background Thread 3 ] DEBUG Engine               - menuKey: ESCAPE
00:48:53.323 [FXGL Background Thread 3 ] DEBUG Engine               - mouseSensitivity: 0.2
00:48:53.323 [FXGL Background Thread 3 ] DEBUG Engine               - notificationViewClass: class com.almasb.fxgl.notification.view.XboxNotificationView
00:48:53.323 [FXGL Background Thread 3 ] DEBUG Engine               - pixelsPerMeter: 50.0
00:48:53.324 [FXGL Background Thread 3 ] DEBUG Engine               - platform: MAC
00:48:53.324 [FXGL Background Thread 3 ] DEBUG Engine               - prefHeightProperty: ReadOnlyDoubleProperty [value: 600.0]
00:48:53.324 [FXGL Background Thread 3 ] DEBUG Engine               - prefWidthProperty: ReadOnlyDoubleProperty [value: 450.0]
00:48:53.324 [FXGL Background Thread 3 ] DEBUG Engine               - profileDir: profiles/
00:48:53.324 [FXGL Background Thread 3 ] DEBUG Engine               - profileName: StringProperty [value: DEFAULT]
00:48:53.324 [FXGL Background Thread 3 ] DEBUG Engine               - randomSeed: -1
00:48:53.325 [FXGL Background Thread 3 ] DEBUG Engine               - runtimeInfo: RuntimeInfo(platform=MAC, version=17.2, build=20.08.2022 16.50)
00:48:53.326 [FXGL Background Thread 3 ] DEBUG Engine               - saveFileExt: sav
00:48:53.326 [FXGL Background Thread 3 ] DEBUG Engine               - scaledHeightProp$fxgl: DoubleProperty [bound, value: 600.0]
00:48:53.326 [FXGL Background Thread 3 ] DEBUG Engine               - scaledWidthProp$fxgl: DoubleProperty [bound, value: 450.0]
00:48:53.326 [FXGL Background Thread 3 ] DEBUG Engine               - sceneFactory: com.ood.spacexinvader.GameStart$1@31e8c282
00:48:53.326 [FXGL Background Thread 3 ] DEBUG Engine               - secondsIn24h: 60
00:48:53.327 [FXGL Background Thread 3 ] DEBUG Engine               - soundMenuBack: menu/back.wav
00:48:53.327 [FXGL Background Thread 3 ] DEBUG Engine               - soundMenuPress: menu/press.wav
00:48:53.327 [FXGL Background Thread 3 ] DEBUG Engine               - soundMenuSelect: menu/select.wav
00:48:53.327 [FXGL Background Thread 3 ] DEBUG Engine               - soundNotification: core/notification.wav
00:48:53.327 [FXGL Background Thread 3 ] DEBUG Engine               - stageStyle: DECORATED
00:48:53.327 [FXGL Background Thread 3 ] DEBUG Engine               - supportedLanguages: [ENGLISH, FRENCH, GERMAN, HUNGARIAN, RUSSIAN]
00:48:53.327 [FXGL Background Thread 3 ] DEBUG Engine               - ticksPerSecond: -1
00:48:53.328 [FXGL Background Thread 3 ] DEBUG Engine               - title: SpaceX Invader
00:48:53.328 [FXGL Background Thread 3 ] DEBUG Engine               - urlGithub: https://github.com/AlmasB/FXGL
00:48:53.328 [FXGL Background Thread 3 ] DEBUG Engine               - urlLeaderboard: http://fxgl-top.herokuapp.com/
00:48:53.328 [FXGL Background Thread 3 ] DEBUG Engine               - urlPOM: https://raw.githubusercontent.com/AlmasB/FXGL/release/README.md
00:48:53.328 [FXGL Background Thread 3 ] DEBUG Engine               - userAppClass: class com.ood.spacexinvader.GameStart
00:48:53.328 [FXGL Background Thread 3 ] DEBUG Engine               - version: 0.0
00:48:53.328 [FXGL Background Thread 3 ] DEBUG Engine               - versionCheckDays: 7
00:48:53.328 [FXGL Background Thread 3 ] DEBUG Engine               - width: 450
00:48:53.328 [FXGL Background Thread 3 ] DEBUG Engine               - Logging services
00:48:53.328 [FXGL Background Thread 3 ] DEBUG Engine               - class com.almasb.fxgl.app.services.FXGLAssetLoaderService
00:48:53.329 [FXGL Background Thread 3 ] DEBUG Engine               - class com.almasb.fxgl.app.FXGLApplication$GameApplicationService
00:48:53.329 [FXGL Background Thread 3 ] DEBUG Engine               - class com.almasb.fxgl.app.services.FXGLDialogService
00:48:53.329 [FXGL Background Thread 3 ] DEBUG Engine               - class com.almasb.fxgl.app.services.IOTaskExecutorService
00:48:53.329 [FXGL Background Thread 3 ] DEBUG Engine               - class com.almasb.fxgl.io.FileSystemService
00:48:53.329 [FXGL Background Thread 3 ] DEBUG Engine               - class com.almasb.fxgl.localization.LocalizationService
00:48:53.329 [FXGL Background Thread 3 ] DEBUG Engine               - class com.almasb.fxgl.app.services.SystemBundleService
00:48:53.329 [FXGL Background Thread 3 ] DEBUG Engine               - class com.almasb.fxgl.profile.SaveLoadService
00:48:53.329 [FXGL Background Thread 3 ] DEBUG Engine               - class com.almasb.fxgl.ui.FXGLUIFactoryServiceProvider
00:48:53.329 [FXGL Background Thread 3 ] DEBUG Engine               - class com.almasb.fxgl.ui.FXGLDialogFactoryServiceProvider
00:48:53.329 [FXGL Background Thread 3 ] DEBUG Engine               - class com.almasb.fxgl.audio.AudioPlayer
00:48:53.329 [FXGL Background Thread 3 ] DEBUG Engine               - class com.almasb.fxgl.notification.impl.NotificationServiceProvider
00:48:53.329 [FXGL Background Thread 3 ] DEBUG Engine               - class com.almasb.fxgl.achievement.AchievementService
00:48:53.330 [FXGL Background Thread 3 ] DEBUG Engine               - class com.almasb.fxgl.cutscene.CutsceneService
00:48:53.330 [FXGL Background Thread 3 ] DEBUG Engine               - class com.almasb.fxgl.minigames.MiniGameService
00:48:53.330 [FXGL Background Thread 3 ] DEBUG Engine               - class com.almasb.fxgl.net.NetService
00:48:53.330 [FXGL Background Thread 3 ] DEBUG Engine               - class com.almasb.fxgl.app.services.UpdaterService
00:48:53.330 [FXGL Background Thread 3 ] DEBUG Engine               - class com.almasb.fxgl.dev.DevService
00:48:53.687 [JavaFX Application Thread] WARN  FXGLAssetLoaderServi - Asset "/assets/sounds/bullet.wav" was not found!
00:48:53.687 [JavaFX Application Thread] WARN  FXGLAssetLoaderServi - Failed to load SOUND
00:48:53.917 [JavaFX Application Thread] WARN  FXGLAssetLoaderServi - Asset "/assets/sounds/bullet.wav" was not found!
00:48:53.918 [JavaFX Application Thread] WARN  FXGLAssetLoaderServi - Failed to load SOUND
00:48:54.152 [JavaFX Application Thread] WARN  FXGLAssetLoaderServi - Asset "/assets/sounds/bullet.wav" was not found!
00:48:54.153 [JavaFX Application Thread] WARN  FXGLAssetLoaderServi - Failed to load SOUND
00:48:54.385 [JavaFX Application Thread] WARN  FXGLAssetLoaderServi - Asset "/assets/sounds/bullet.wav" was not found!
00:48:54.385 [JavaFX Application Thread] WARN  FXGLAssetLoaderServi - Failed to load SOUND
00:48:57.408 [JavaFX Application Thread] DEBUG PrimaryStageWindow   - Push state: DialogSubScene
00:48:57.408 [JavaFX Application Thread] DEBUG Input                - Clearing active input actions
00:48:57.410 [JavaFX Application Thread] DEBUG GameApplicationServi - Removing overlay from GameScene and adding to DialogSubScene
00:48:57.410 [JavaFX Application Thread] DEBUG PrimaryStageWindow   - GameScene -> DialogSubScene
00:48:58.270 [JavaFX Application Thread] DEBUG PrimaryStageWindow   - Pop state: DialogSubScene
00:48:58.271 [JavaFX Application Thread] DEBUG Input                - Clearing active input actions
00:48:58.272 [JavaFX Application Thread] DEBUG GameApplicationServi - Removing overlay from DialogSubScene and adding to GameScene
00:48:58.273 [JavaFX Application Thread] DEBUG PrimaryStageWindow   - GameScene <- DialogSubScene
00:48:58.273 [JavaFX Application Thread] DEBUG FXGLApplication      - Exiting FXGL
00:48:58.273 [JavaFX Application Thread] DEBUG LoopRunner           - Stopping loop
00:48:58.273 [JavaFX Application Thread] DEBUG SystemBundleService  - Saving FXGL system data
00:48:58.277 [JavaFX Application Thread] DEBUG FileSystemAccess     - Writing to: /Users/leowong/IdeaProjects/SpaceX-Invader/system/fxgl.bundle
00:48:58.279 [JavaFX Application Thread] DEBUG Async                - Shutting down background threads
00:48:58.280 [JavaFX Application Thread] DEBUG PrimaryStageWindow   - Closing main window
00:48:58.292 [JavaFX Application Thread] DEBUG Logger               - Closing Logger
