11:13:17.038 [main                     ] DEBUG Logger               - Configured Logger
11:13:17.052 [main                     ] DEBUG GameApplication      - Logging settings
Title: SpaceX Invader
Version: 0.0
Width: 450
Height: 600
Fullscreen: false
Intro: false
Profiling: false
Single step:false
App Mode: DEVELOPER
Menu Key: ESCAPE
Stage Style: DECORATED
Scene Factory: class com.ood.spacexinvader.GameStart$1

11:13:17.292 [JavaFX Application Thread] DEBUG FXGLApplication      - Initializing FXGL
11:13:17.295 [JavaFX Application Thread] INFO  Engine               - FXGL-17.2 (20.08.2022 16.50) on MAC (J:17.0.4.1 FX:17.0.2-ea)
11:13:17.295 [JavaFX Application Thread] DEBUG Engine               - JRE Vendor Name: Oracle Corporation
11:13:17.295 [JavaFX Application Thread] DEBUG Engine               - Running on OS: Mac OS X version 13.0.1
11:13:17.295 [JavaFX Application Thread] DEBUG Engine               - Architecture: aarch64
11:13:17.295 [JavaFX Application Thread] INFO  Engine               - Source code and latest versions at: https://github.com/AlmasB/FXGL
11:13:17.295 [JavaFX Application Thread] INFO  Engine               -       Ask questions and discuss at: https://github.com/AlmasB/FXGL/discussions
11:13:17.295 [JavaFX Application Thread] INFO  Engine               -              Join the FXGL chat at: https://gitter.im/AlmasB/FXGL
11:13:17.334 [JavaFX Application Thread] DEBUG PrimaryStageWindow   - Creating a JavaFX scene
11:13:17.353 [JavaFX Application Thread] DEBUG PrimaryStageWindow   - Target settings size: 450.0 x 600.0
11:13:17.353 [JavaFX Application Thread] DEBUG PrimaryStageWindow   - Scaled scene size:    450.0 x 600.0
11:13:17.353 [JavaFX Application Thread] DEBUG PrimaryStageWindow   - Scaled ratio: (1.0, 1.0)
11:13:17.354 [JavaFX Application Thread] DEBUG PrimaryStageWindow   - Set initial scene to FXGLStartupScene
11:13:17.356 [JavaFX Application Thread] DEBUG PrimaryStageWindow   - Opening main window
11:13:17.392 [JavaFX Application Thread] DEBUG PrimaryStageWindow   - Window border size: (0.0, 28.0)
11:13:17.393 [JavaFX Application Thread] DEBUG PrimaryStageWindow   - Scaled size: 450.0 x 600.0
11:13:17.393 [JavaFX Application Thread] DEBUG PrimaryStageWindow   - Scaled ratio: (1.0, 1.0)
11:13:17.393 [JavaFX Application Thread] DEBUG PrimaryStageWindow   - Scene size: 450.0 x 600.0
11:13:17.393 [JavaFX Application Thread] DEBUG PrimaryStageWindow   - Stage size: 450.0 x 628.0
11:13:17.395 [FXGL Background Thread 1 ] DEBUG Engine               - Initializing environment variables
11:13:17.409 [FXGL Background Thread 1 ] DEBUG FXGLAssetLoaderServi - User app class for loading assets: class com.ood.spacexinvader.GameStart
11:13:17.410 [FXGL Background Thread 1 ] DEBUG GameApplicationServi - Applying CSS: fxgl_dark.css
11:13:17.410 [FXGL Background Thread 1 ] DEBUG FXGLAssetLoaderServi - Loading from file system: jar:file:///Users/hiimecho/.gradle/caches/modules-2/files-2.1/com.github.almasb/fxgl/17.2/35db6ae960eec2dcfd19262d3b7f9c42f0e95bc3/fxgl-17.2.jar!/fxglassets/ui/css/fxgl_dark.css
11:13:17.448 [FXGL Background Thread 1 ] DEBUG GameApplicationServi - Initializing application scenes
11:13:17.519 [FXGL Background Thread 1 ] DEBUG GameWorld            - Game world initialized
11:13:17.552 [FXGL Background Thread 1 ] DEBUG PhysicsWorld         - Physics world initialized: appHeight=600, physics.ppm=50.0
11:13:17.553 [FXGL Background Thread 1 ] DEBUG PhysicsWorld         - Using strategy: BRUTE_FORCE
11:13:17.557 [FXGL Background Thread 1 ] DEBUG GameScene            - Game scene initialized: 450x600
11:13:17.568 [FXGL Background Thread 1 ] WARN  FXGL.DefaultMenu     - FXGLDefaultMenu is not designed for resolutions < 800x600
11:13:17.568 [FXGL Background Thread 1 ] DEBUG FXGL.DefaultMenu     - createMenuBodyGameMenu()
11:13:17.574 [FXGL Background Thread 1 ] DEBUG FXGL.DefaultMenu     - createOptionsMenu()
11:13:17.579 [FXGL Background Thread 1 ] DEBUG FXGLAssetLoaderServi - Loading from file system: jar:file:///Users/hiimecho/.gradle/caches/modules-2/files-2.1/com.github.almasb/fxgl/17.2/35db6ae960eec2dcfd19262d3b7f9c42f0e95bc3/fxgl-17.2.jar!/fxglassets/textures/particles/smoke.png
11:13:17.655 [FXGL Background Thread 1 ] DEBUG FXGLAssetLoaderServi - Loading from file system: jar:file:///Users/hiimecho/.gradle/caches/modules-2/files-2.1/com.github.almasb/fxgl/17.2/35db6ae960eec2dcfd19262d3b7f9c42f0e95bc3/fxgl-17.2.jar!/fxglassets/textures/particles/trace_horizontal.png
11:13:17.671 [FXGL Background Thread 1 ] DEBUG GameApplicationServi - Application scenes initialized
11:13:17.679 [FXGL Background Thread 1 ] DEBUG SystemBundleService  - Loading FXGL system data
11:13:17.682 [FXGL Background Thread 1 ] DEBUG FileSystemAccess     - Reading from: /Users/hiimecho/Documents/Coding/Java/Coding/SpaceX-Invader/system/fxgl.bundle
11:13:17.687 [FXGL Background Thread 1 ] DEBUG SystemBundleService  - Bundle FXGL: {}
11:13:17.687 [FXGL Background Thread 1 ] DEBUG UpdaterService       - Checking for updates
11:13:17.690 [FXGL Background Thread 1 ] DEBUG FXGLApplication      - Loading default localization
11:13:17.690 [FXGL Background Thread 4 ] DEBUG FXGLApplication      - Loading fonts
11:13:17.690 [FXGL Background Thread 1 ] DEBUG FXGLAssetLoaderServi - Loading from file system: jar:file:///Users/hiimecho/.gradle/caches/modules-2/files-2.1/com.github.almasb/fxgl/17.2/35db6ae960eec2dcfd19262d3b7f9c42f0e95bc3/fxgl-17.2.jar!/fxglassets/languages/english.lang
11:13:17.691 [FXGL Background Thread 4 ] DEBUG FXGLAssetLoaderServi - Loading from file system: jar:file:///Users/hiimecho/.gradle/caches/modules-2/files-2.1/com.github.almasb/fxgl/17.2/35db6ae960eec2dcfd19262d3b7f9c42f0e95bc3/fxgl-17.2.jar!/fxglassets/ui/fonts/VarelaRound-Regular.ttf
11:13:17.706 [FXGL Background Thread 1 ] INFO  FXGLApplication      - FXGL initialization took: 0.310 sec
11:13:17.711 [JavaFX Application Thread] DEBUG FXGLAssetLoaderServi - Loading from file system: jar:file:///Users/hiimecho/.gradle/caches/modules-2/files-2.1/com.github.almasb/fxgl/17.2/35db6ae960eec2dcfd19262d3b7f9c42f0e95bc3/fxgl-17.2.jar!/fxglassets/textures/fxgl_icon.png
11:13:17.711 [FXGL Background Thread 4 ] DEBUG FXGLAssetLoaderServi - Loading from file system: jar:file:///Users/hiimecho/.gradle/caches/modules-2/files-2.1/com.github.almasb/fxgl/17.2/35db6ae960eec2dcfd19262d3b7f9c42f0e95bc3/fxgl-17.2.jar!/fxglassets/ui/fonts/Abel-Regular.ttf
11:13:17.713 [FXGL Background Thread 4 ] DEBUG FXGLAssetLoaderServi - Loading from file system: jar:file:///Users/hiimecho/.gradle/caches/modules-2/files-2.1/com.github.almasb/fxgl/17.2/35db6ae960eec2dcfd19262d3b7f9c42f0e95bc3/fxgl-17.2.jar!/fxglassets/ui/fonts/TerminalLandMono-Regular.otf
11:13:17.716 [FXGL Background Thread 4 ] DEBUG FXGLAssetLoaderServi - Loading from file system: jar:file:///Users/hiimecho/.gradle/caches/modules-2/files-2.1/com.github.almasb/fxgl/17.2/35db6ae960eec2dcfd19262d3b7f9c42f0e95bc3/fxgl-17.2.jar!/fxglassets/ui/fonts/Courier-Prime.ttf
11:13:17.727 [JavaFX Application Thread] DEBUG FXGLAssetLoaderServi - Loading from file system: jar:file:///Users/hiimecho/.gradle/caches/modules-2/files-2.1/com.github.almasb/fxgl/17.2/35db6ae960eec2dcfd19262d3b7f9c42f0e95bc3/fxgl-17.2.jar!/fxglassets/textures/fxgl_default_cursor.png
11:13:17.732 [JavaFX Application Thread] DEBUG Input                - Registered new binding: Screenshot - CTRL+8
11:13:17.733 [JavaFX Application Thread] DEBUG Input                - Registered new binding: System info dump - CTRL+9
11:13:17.733 [JavaFX Application Thread] DEBUG Input                - Registered new binding: Restart - CTRL+R
11:13:17.733 [JavaFX Application Thread] DEBUG Input                - Registered new binding: Toggle Debug Camera - CTRL+7
11:13:17.734 [JavaFX Application Thread] DEBUG LoopRunner           - Starting loop
11:13:17.734 [JavaFX Application Thread] DEBUG LoopRunner           - Initializing JavaFX AnimationTimerLoop
11:13:17.735 [JavaFX Application Thread] DEBUG Input                - Clearing active input actions
11:13:17.738 [JavaFX Application Thread] DEBUG GameApplicationServi - Removing overlay from FXGLStartupScene and adding to FXGLMainMenuDummyScene
11:13:17.739 [JavaFX Application Thread] DEBUG PrimaryStageWindow   - FXGLStartupScene -> FXGLMainMenuDummyScene
11:13:17.739 [JavaFX Application Thread] DEBUG PrimaryStageWindow   - Push state: MainMenu
11:13:17.739 [JavaFX Application Thread] DEBUG Input                - Clearing active input actions
11:13:17.741 [JavaFX Application Thread] DEBUG GameApplicationServi - Removing overlay from FXGLMainMenuDummyScene and adding to MainMenu
11:13:17.742 [JavaFX Application Thread] DEBUG PrimaryStageWindow   - FXGLMainMenuDummyScene -> MainMenu
11:13:17.775 [JavaFX Application Thread] DEBUG FXGLApplication      - Registering font factories with UI factory
11:13:20.694 [FXGL Background Thread 3 ] DEBUG Engine               - Logging environment variables
11:13:20.696 [FXGL Background Thread 3 ] DEBUG Engine               - achievements: []
11:13:20.696 [FXGL Background Thread 3 ] DEBUG Engine               - actualHeight: 600.0
11:13:20.696 [FXGL Background Thread 3 ] DEBUG Engine               - actualHeightProperty: ReadOnlyDoubleProperty [value: 600.0]
11:13:20.697 [FXGL Background Thread 3 ] DEBUG Engine               - actualWidth: 450.0
11:13:20.697 [FXGL Background Thread 3 ] DEBUG Engine               - actualWidthProperty: ReadOnlyDoubleProperty [value: 450.0]
11:13:20.697 [FXGL Background Thread 3 ] DEBUG Engine               - appIcon: fxgl_icon.png
11:13:20.697 [FXGL Background Thread 3 ] DEBUG Engine               - applicationMode: DEVELOPER
11:13:20.697 [FXGL Background Thread 3 ] DEBUG Engine               - cSSList: [fxgl_dark.css]
11:13:20.698 [FXGL Background Thread 3 ] DEBUG Engine               - collisionDetectionStrategy: BRUTE_FORCE
11:13:20.698 [FXGL Background Thread 3 ] DEBUG Engine               - configClass: Optional.empty
11:13:20.698 [FXGL Background Thread 3 ] DEBUG Engine               - credits: []
11:13:20.699 [FXGL Background Thread 3 ] DEBUG Engine               - defaultCursor: CursorInfo(imageName=fxgl_default_cursor.png, hotspotX=7.0, hotspotY=6.0)
11:13:20.699 [FXGL Background Thread 3 ] DEBUG Engine               - devBBoxColorProperty: ObjectProperty [value: 0xff0000ff]
11:13:20.699 [FXGL Background Thread 3 ] DEBUG Engine               - devEnableDebugCameraProperty: BooleanProperty [value: false]
11:13:20.700 [FXGL Background Thread 3 ] DEBUG Engine               - devSensorColorProperty: ObjectProperty [value: 0xffff00ff]
11:13:20.700 [FXGL Background Thread 3 ] DEBUG Engine               - devShowBBoxProperty: BooleanProperty [value: false]
11:13:20.700 [FXGL Background Thread 3 ] DEBUG Engine               - devShowPositionProperty: BooleanProperty [value: false]
11:13:20.700 [FXGL Background Thread 3 ] DEBUG Engine               - enabledMenuItems: []
11:13:20.700 [FXGL Background Thread 3 ] DEBUG Engine               - engineServices: [class com.almasb.fxgl.app.services.FXGLAssetLoaderService, class com.almasb.fxgl.app.FXGLApplication$GameApplicationService, class com.almasb.fxgl.app.services.FXGLDialogService, class com.almasb.fxgl.app.services.IOTaskExecutorService, class com.almasb.fxgl.io.FileSystemService, class com.almasb.fxgl.localization.LocalizationService, class com.almasb.fxgl.app.services.SystemBundleService, class com.almasb.fxgl.profile.SaveLoadService, class com.almasb.fxgl.ui.FXGLUIFactoryServiceProvider, class com.almasb.fxgl.ui.FXGLDialogFactoryServiceProvider, class com.almasb.fxgl.audio.AudioPlayer, class com.almasb.fxgl.notification.impl.NotificationServiceProvider, class com.almasb.fxgl.achievement.AchievementService, class com.almasb.fxgl.cutscene.CutsceneService, class com.almasb.fxgl.minigames.MiniGameService, class com.almasb.fxgl.net.NetService, class com.almasb.fxgl.app.services.UpdaterService, class com.almasb.fxgl.dev.DevService]
11:13:20.700 [FXGL Background Thread 3 ] DEBUG Engine               - fontGame: Abel-Regular.ttf
11:13:20.701 [FXGL Background Thread 3 ] DEBUG Engine               - fontMono: TerminalLandMono-Regular.otf
11:13:20.701 [FXGL Background Thread 3 ] DEBUG Engine               - fontText: Courier-Prime.ttf
11:13:20.701 [FXGL Background Thread 3 ] DEBUG Engine               - fontUI: VarelaRound-Regular.ttf
11:13:20.701 [FXGL Background Thread 3 ] DEBUG Engine               - fullScreen: BooleanProperty [value: false]
11:13:20.701 [FXGL Background Thread 3 ] DEBUG Engine               - gameDifficulty: MEDIUM
11:13:20.701 [FXGL Background Thread 3 ] DEBUG Engine               - gameDifficultyProperty: ObjectProperty [value: MEDIUM]
11:13:20.701 [FXGL Background Thread 3 ] DEBUG Engine               - globalMusicVolume: 0.5
11:13:20.702 [FXGL Background Thread 3 ] DEBUG Engine               - globalMusicVolumeProperty: DoubleProperty [value: 0.5]
11:13:20.702 [FXGL Background Thread 3 ] DEBUG Engine               - globalSoundVolume: 0.5
11:13:20.702 [FXGL Background Thread 3 ] DEBUG Engine               - globalSoundVolumeProperty: DoubleProperty [value: 0.5]
11:13:20.702 [FXGL Background Thread 3 ] DEBUG Engine               - height: 600
11:13:20.702 [FXGL Background Thread 3 ] DEBUG Engine               - is3D: false
11:13:20.702 [FXGL Background Thread 3 ] DEBUG Engine               - isAndroid: false
11:13:20.702 [FXGL Background Thread 3 ] DEBUG Engine               - isBrowser: false
11:13:20.703 [FXGL Background Thread 3 ] DEBUG Engine               - isClickFeedbackEnabled: false
11:13:20.703 [FXGL Background Thread 3 ] DEBUG Engine               - isCloseConfirmation: false
11:13:20.703 [FXGL Background Thread 3 ] DEBUG Engine               - isDesktop: true
11:13:20.703 [FXGL Background Thread 3 ] DEBUG Engine               - isDeveloperMenuEnabled: false
11:13:20.703 [FXGL Background Thread 3 ] DEBUG Engine               - isEmbedded: false
11:13:20.703 [FXGL Background Thread 3 ] DEBUG Engine               - isEntityPreloadEnabled: true
11:13:20.703 [FXGL Background Thread 3 ] DEBUG Engine               - isExperimentalTiledLargeMap: false
11:13:20.704 [FXGL Background Thread 3 ] DEBUG Engine               - isFileSystemWriteAllowed: true
11:13:20.704 [FXGL Background Thread 3 ] DEBUG Engine               - isFullScreenAllowed: false
11:13:20.704 [FXGL Background Thread 3 ] DEBUG Engine               - isFullScreenFromStart: false
11:13:20.704 [FXGL Background Thread 3 ] DEBUG Engine               - isGameMenuEnabled: true
11:13:20.704 [FXGL Background Thread 3 ] DEBUG Engine               - isIOS: false
11:13:20.704 [FXGL Background Thread 3 ] DEBUG Engine               - isIntroEnabled: false
11:13:20.704 [FXGL Background Thread 3 ] DEBUG Engine               - isLinux: false
11:13:20.704 [FXGL Background Thread 3 ] DEBUG Engine               - isMac: true
11:13:20.704 [FXGL Background Thread 3 ] DEBUG Engine               - isMainMenuEnabled: true
11:13:20.704 [FXGL Background Thread 3 ] DEBUG Engine               - isManualResizeEnabled: false
11:13:20.704 [FXGL Background Thread 3 ] DEBUG Engine               - isMobile: false
11:13:20.704 [FXGL Background Thread 3 ] DEBUG Engine               - isNative: false
11:13:20.705 [FXGL Background Thread 3 ] DEBUG Engine               - isPauseMusicWhenMinimized: true
11:13:20.705 [FXGL Background Thread 3 ] DEBUG Engine               - isPreserveResizeRatio: false
11:13:20.705 [FXGL Background Thread 3 ] DEBUG Engine               - isProfilingEnabled: false
11:13:20.705 [FXGL Background Thread 3 ] DEBUG Engine               - isScaleAffectedOnResize: true
11:13:20.705 [FXGL Background Thread 3 ] DEBUG Engine               - isSingleStep: false
11:13:20.705 [FXGL Background Thread 3 ] DEBUG Engine               - isUserProfileEnabled: false
11:13:20.705 [FXGL Background Thread 3 ] DEBUG Engine               - isWindows: false
11:13:20.705 [FXGL Background Thread 3 ] DEBUG Engine               - language: ObjectProperty [value: ENGLISH]
11:13:20.705 [FXGL Background Thread 3 ] DEBUG Engine               - menuKey: ESCAPE
11:13:20.706 [FXGL Background Thread 3 ] DEBUG Engine               - mouseSensitivity: 0.2
11:13:20.706 [FXGL Background Thread 3 ] DEBUG Engine               - notificationViewClass: class com.almasb.fxgl.notification.view.XboxNotificationView
11:13:20.706 [FXGL Background Thread 3 ] DEBUG Engine               - pixelsPerMeter: 50.0
11:13:20.706 [FXGL Background Thread 3 ] DEBUG Engine               - platform: MAC
11:13:20.706 [FXGL Background Thread 3 ] DEBUG Engine               - prefHeightProperty: ReadOnlyDoubleProperty [value: 600.0]
11:13:20.706 [FXGL Background Thread 3 ] DEBUG Engine               - prefWidthProperty: ReadOnlyDoubleProperty [value: 450.0]
11:13:20.706 [FXGL Background Thread 3 ] DEBUG Engine               - profileDir: profiles/
11:13:20.706 [FXGL Background Thread 3 ] DEBUG Engine               - profileName: StringProperty [value: DEFAULT]
11:13:20.706 [FXGL Background Thread 3 ] DEBUG Engine               - randomSeed: -1
11:13:20.707 [FXGL Background Thread 3 ] DEBUG Engine               - runtimeInfo: RuntimeInfo(platform=MAC, version=17.2, build=20.08.2022 16.50)
11:13:20.707 [FXGL Background Thread 3 ] DEBUG Engine               - saveFileExt: sav
11:13:20.707 [FXGL Background Thread 3 ] DEBUG Engine               - scaledHeightProp$fxgl: DoubleProperty [bound, value: 600.0]
11:13:20.707 [FXGL Background Thread 3 ] DEBUG Engine               - scaledWidthProp$fxgl: DoubleProperty [bound, value: 450.0]
11:13:20.708 [FXGL Background Thread 3 ] DEBUG Engine               - sceneFactory: com.ood.spacexinvader.GameStart$1@5b78735b
11:13:20.708 [FXGL Background Thread 3 ] DEBUG Engine               - secondsIn24h: 60
11:13:20.708 [FXGL Background Thread 3 ] DEBUG Engine               - soundMenuBack: menu/back.wav
11:13:20.708 [FXGL Background Thread 3 ] DEBUG Engine               - soundMenuPress: menu/press.wav
11:13:20.708 [FXGL Background Thread 3 ] DEBUG Engine               - soundMenuSelect: menu/select.wav
11:13:20.708 [FXGL Background Thread 3 ] DEBUG Engine               - soundNotification: core/notification.wav
11:13:20.708 [FXGL Background Thread 3 ] DEBUG Engine               - stageStyle: DECORATED
11:13:20.708 [FXGL Background Thread 3 ] DEBUG Engine               - supportedLanguages: [ENGLISH, FRENCH, GERMAN, HUNGARIAN, RUSSIAN]
11:13:20.708 [FXGL Background Thread 3 ] DEBUG Engine               - ticksPerSecond: -1
11:13:20.708 [FXGL Background Thread 3 ] DEBUG Engine               - title: SpaceX Invader
11:13:20.708 [FXGL Background Thread 3 ] DEBUG Engine               - urlGithub: https://github.com/AlmasB/FXGL
11:13:20.708 [FXGL Background Thread 3 ] DEBUG Engine               - urlLeaderboard: http://fxgl-top.herokuapp.com/
11:13:20.708 [FXGL Background Thread 3 ] DEBUG Engine               - urlPOM: https://raw.githubusercontent.com/AlmasB/FXGL/release/README.md
11:13:20.708 [FXGL Background Thread 3 ] DEBUG Engine               - userAppClass: class com.ood.spacexinvader.GameStart
11:13:20.708 [FXGL Background Thread 3 ] DEBUG Engine               - version: 0.0
11:13:20.709 [FXGL Background Thread 3 ] DEBUG Engine               - versionCheckDays: 7
11:13:20.709 [FXGL Background Thread 3 ] DEBUG Engine               - width: 450
11:13:20.709 [FXGL Background Thread 3 ] DEBUG Engine               - Logging services
11:13:20.709 [FXGL Background Thread 3 ] DEBUG Engine               - class com.almasb.fxgl.app.services.FXGLAssetLoaderService
11:13:20.709 [FXGL Background Thread 3 ] DEBUG Engine               - class com.almasb.fxgl.app.FXGLApplication$GameApplicationService
11:13:20.709 [FXGL Background Thread 3 ] DEBUG Engine               - class com.almasb.fxgl.app.services.FXGLDialogService
11:13:20.709 [FXGL Background Thread 3 ] DEBUG Engine               - class com.almasb.fxgl.app.services.IOTaskExecutorService
11:13:20.709 [FXGL Background Thread 3 ] DEBUG Engine               - class com.almasb.fxgl.io.FileSystemService
11:13:20.709 [FXGL Background Thread 3 ] DEBUG Engine               - class com.almasb.fxgl.localization.LocalizationService
11:13:20.709 [FXGL Background Thread 3 ] DEBUG Engine               - class com.almasb.fxgl.app.services.SystemBundleService
11:13:20.709 [FXGL Background Thread 3 ] DEBUG Engine               - class com.almasb.fxgl.profile.SaveLoadService
11:13:20.709 [FXGL Background Thread 3 ] DEBUG Engine               - class com.almasb.fxgl.ui.FXGLUIFactoryServiceProvider
11:13:20.709 [FXGL Background Thread 3 ] DEBUG Engine               - class com.almasb.fxgl.ui.FXGLDialogFactoryServiceProvider
11:13:20.709 [FXGL Background Thread 3 ] DEBUG Engine               - class com.almasb.fxgl.audio.AudioPlayer
11:13:20.709 [FXGL Background Thread 3 ] DEBUG Engine               - class com.almasb.fxgl.notification.impl.NotificationServiceProvider
11:13:20.709 [FXGL Background Thread 3 ] DEBUG Engine               - class com.almasb.fxgl.achievement.AchievementService
11:13:20.710 [FXGL Background Thread 3 ] DEBUG Engine               - class com.almasb.fxgl.cutscene.CutsceneService
11:13:20.710 [FXGL Background Thread 3 ] DEBUG Engine               - class com.almasb.fxgl.minigames.MiniGameService
11:13:20.710 [FXGL Background Thread 3 ] DEBUG Engine               - class com.almasb.fxgl.net.NetService
11:13:20.710 [FXGL Background Thread 3 ] DEBUG Engine               - class com.almasb.fxgl.app.services.UpdaterService
11:13:20.710 [FXGL Background Thread 3 ] DEBUG Engine               - class com.almasb.fxgl.dev.DevService
11:13:25.122 [JavaFX Application Thread] DEBUG FXGLApplication      - Exiting FXGL
11:13:25.122 [JavaFX Application Thread] DEBUG LoopRunner           - Stopping loop
11:13:25.122 [JavaFX Application Thread] DEBUG SystemBundleService  - Saving FXGL system data
11:13:25.125 [JavaFX Application Thread] DEBUG FileSystemAccess     - Writing to: /Users/hiimecho/Documents/Coding/Java/Coding/SpaceX-Invader/system/fxgl.bundle
11:13:25.127 [JavaFX Application Thread] DEBUG Async                - Shutting down background threads
11:13:25.127 [JavaFX Application Thread] DEBUG PrimaryStageWindow   - Closing main window
11:13:25.134 [JavaFX Application Thread] DEBUG Logger               - Closing Logger
