14:55:44.738 [main                     ] DEBUG Logger               - Configured Logger
14:55:44.777 [main                     ] DEBUG GameApplication      - Logging settings
Title: SpaceX Invader
Version: 0.0
Width: 450
Height: 600
Fullscreen: false
Intro: false
Profiling: false
Single step:false
App Mode: DEVELOPER
Menu Key: ESCAPE
Stage Style: DECORATED
Scene Factory: class com.ood.spacexinvader.GameStart$1

14:55:45.350 [JavaFX Application Thread] DEBUG FXGLApplication      - Initializing FXGL
14:55:45.360 [JavaFX Application Thread] INFO  Engine               - FXGL-17.2 (20.08.2022 16.50) on MAC (J:17.0.3 FX:17.0.2-ea)
14:55:45.361 [JavaFX Application Thread] DEBUG Engine               - JRE Vendor Name: Eclipse Adoptium
14:55:45.361 [JavaFX Application Thread] DEBUG Engine               - Running on OS: Mac OS X version 13.1
14:55:45.362 [JavaFX Application Thread] DEBUG Engine               - Architecture: x86_64
14:55:45.362 [JavaFX Application Thread] INFO  Engine               - Source code and latest versions at: https://github.com/AlmasB/FXGL
14:55:45.362 [JavaFX Application Thread] INFO  Engine               -       Ask questions and discuss at: https://github.com/AlmasB/FXGL/discussions
14:55:45.362 [JavaFX Application Thread] INFO  Engine               -              Join the FXGL chat at: https://gitter.im/AlmasB/FXGL
14:55:45.495 [JavaFX Application Thread] DEBUG PrimaryStageWindow   - Creating a JavaFX scene
14:55:45.552 [JavaFX Application Thread] DEBUG PrimaryStageWindow   - Target settings size: 450.0 x 600.0
14:55:45.552 [JavaFX Application Thread] DEBUG PrimaryStageWindow   - Scaled scene size:    450.0 x 600.0
14:55:45.553 [JavaFX Application Thread] DEBUG PrimaryStageWindow   - Scaled ratio: (1.0, 1.0)
14:55:45.554 [JavaFX Application Thread] DEBUG PrimaryStageWindow   - Set initial scene to FXGLStartupScene
14:55:45.563 [JavaFX Application Thread] DEBUG PrimaryStageWindow   - Opening main window
14:55:45.685 [JavaFX Application Thread] DEBUG PrimaryStageWindow   - Window border size: (0.0, 28.0)
14:55:45.685 [JavaFX Application Thread] DEBUG PrimaryStageWindow   - Scaled size: 450.0 x 600.0
14:55:45.686 [JavaFX Application Thread] DEBUG PrimaryStageWindow   - Scaled ratio: (1.0, 1.0)
14:55:45.687 [JavaFX Application Thread] DEBUG PrimaryStageWindow   - Scene size: 450.0 x 600.0
14:55:45.687 [JavaFX Application Thread] DEBUG PrimaryStageWindow   - Stage size: 450.0 x 628.0
14:55:45.699 [FXGL Background Thread 1 ] DEBUG Engine               - Initializing environment variables
14:55:45.744 [FXGL Background Thread 1 ] DEBUG FXGLAssetLoaderServi - User app class for loading assets: class com.ood.spacexinvader.GameStart
14:55:45.744 [FXGL Background Thread 1 ] DEBUG GameApplicationServi - Applying CSS: fxgl_dark.css
14:55:45.745 [FXGL Background Thread 1 ] DEBUG FXGLAssetLoaderServi - Loading from file system: jar:file:///Users/leowong/.gradle/caches/modules-2/files-2.1/com.github.almasb/fxgl/17.2/35db6ae960eec2dcfd19262d3b7f9c42f0e95bc3/fxgl-17.2.jar!/fxglassets/ui/css/fxgl_dark.css
14:55:45.870 [FXGL Background Thread 1 ] DEBUG GameApplicationServi - Initializing application scenes
14:55:46.144 [FXGL Background Thread 1 ] DEBUG GameWorld            - Game world initialized
14:55:46.210 [FXGL Background Thread 1 ] DEBUG PhysicsWorld         - Physics world initialized: appHeight=600, physics.ppm=50.0
14:55:46.211 [FXGL Background Thread 1 ] DEBUG PhysicsWorld         - Using strategy: BRUTE_FORCE
14:55:46.216 [FXGL Background Thread 1 ] DEBUG GameScene            - Game scene initialized: 450x600
14:55:46.241 [FXGL Background Thread 1 ] WARN  FXGL.DefaultMenu     - FXGLDefaultMenu is not designed for resolutions < 800x600
14:55:46.241 [FXGL Background Thread 1 ] DEBUG FXGL.DefaultMenu     - createMenuBodyGameMenu()
14:55:46.255 [FXGL Background Thread 1 ] DEBUG FXGL.DefaultMenu     - createOptionsMenu()
14:55:46.268 [FXGL Background Thread 1 ] DEBUG FXGLAssetLoaderServi - Loading from file system: jar:file:///Users/leowong/.gradle/caches/modules-2/files-2.1/com.github.almasb/fxgl/17.2/35db6ae960eec2dcfd19262d3b7f9c42f0e95bc3/fxgl-17.2.jar!/fxglassets/textures/particles/smoke.png
14:55:46.396 [FXGL Background Thread 1 ] DEBUG FXGLAssetLoaderServi - Loading from file system: jar:file:///Users/leowong/.gradle/caches/modules-2/files-2.1/com.github.almasb/fxgl/17.2/35db6ae960eec2dcfd19262d3b7f9c42f0e95bc3/fxgl-17.2.jar!/fxglassets/textures/particles/trace_horizontal.png
14:55:46.434 [FXGL Background Thread 1 ] DEBUG GameApplicationServi - Application scenes initialized
14:55:46.453 [FXGL Background Thread 1 ] DEBUG SystemBundleService  - Loading FXGL system data
14:55:46.462 [FXGL Background Thread 1 ] DEBUG FileSystemAccess     - Reading from: /Users/leowong/IdeaProjects/SpaceX-Invader/system/fxgl.bundle
14:55:46.472 [FXGL Background Thread 1 ] DEBUG SystemBundleService  - Bundle FXGL: {}
14:55:46.473 [FXGL Background Thread 1 ] DEBUG UpdaterService       - Checking for updates
14:55:46.478 [FXGL Background Thread 4 ] DEBUG FXGLApplication      - Loading fonts
14:55:46.478 [FXGL Background Thread 1 ] DEBUG FXGLApplication      - Loading default localization
14:55:46.478 [FXGL Background Thread 4 ] DEBUG FXGLAssetLoaderServi - Loading from file system: jar:file:///Users/leowong/.gradle/caches/modules-2/files-2.1/com.github.almasb/fxgl/17.2/35db6ae960eec2dcfd19262d3b7f9c42f0e95bc3/fxgl-17.2.jar!/fxglassets/ui/fonts/VarelaRound-Regular.ttf
14:55:46.479 [FXGL Background Thread 1 ] DEBUG FXGLAssetLoaderServi - Loading from file system: jar:file:///Users/leowong/.gradle/caches/modules-2/files-2.1/com.github.almasb/fxgl/17.2/35db6ae960eec2dcfd19262d3b7f9c42f0e95bc3/fxgl-17.2.jar!/fxglassets/languages/english.lang
14:55:46.490 [FXGL Background Thread 4 ] DEBUG FXGLAssetLoaderServi - Loading from file system: jar:file:///Users/leowong/.gradle/caches/modules-2/files-2.1/com.github.almasb/fxgl/17.2/35db6ae960eec2dcfd19262d3b7f9c42f0e95bc3/fxgl-17.2.jar!/fxglassets/ui/fonts/Abel-Regular.ttf
14:55:46.494 [FXGL Background Thread 4 ] DEBUG FXGLAssetLoaderServi - Loading from file system: jar:file:///Users/leowong/.gradle/caches/modules-2/files-2.1/com.github.almasb/fxgl/17.2/35db6ae960eec2dcfd19262d3b7f9c42f0e95bc3/fxgl-17.2.jar!/fxglassets/ui/fonts/TerminalLandMono-Regular.otf
14:55:46.499 [FXGL Background Thread 1 ] INFO  FXGLApplication      - FXGL initialization took: 0.800 sec
14:55:46.500 [FXGL Background Thread 4 ] DEBUG FXGLAssetLoaderServi - Loading from file system: jar:file:///Users/leowong/.gradle/caches/modules-2/files-2.1/com.github.almasb/fxgl/17.2/35db6ae960eec2dcfd19262d3b7f9c42f0e95bc3/fxgl-17.2.jar!/fxglassets/ui/fonts/Courier-Prime.ttf
14:55:46.510 [JavaFX Application Thread] DEBUG Input                - Registered new binding: Left - A
14:55:46.518 [JavaFX Application Thread] DEBUG Input                - Registered new binding: Right - D
14:55:46.519 [JavaFX Application Thread] DEBUG Input                - Registered new binding: Shoot - J
14:55:46.519 [JavaFX Application Thread] DEBUG FXGLAssetLoaderServi - Loading from file system: jar:file:///Users/leowong/IdeaProjects/SpaceX-Invader/build/libs/SpaceX-Invader-1.0-SNAPSHOT.jar!/assets/textures/icon/spacex-invader-favicon-black.png
14:55:46.540 [JavaFX Application Thread] DEBUG FXGLAssetLoaderServi - Loading from file system: jar:file:///Users/leowong/.gradle/caches/modules-2/files-2.1/com.github.almasb/fxgl/17.2/35db6ae960eec2dcfd19262d3b7f9c42f0e95bc3/fxgl-17.2.jar!/fxglassets/textures/fxgl_default_cursor.png
14:55:46.544 [JavaFX Application Thread] DEBUG Input                - Registered new binding: Screenshot - CTRL+8
14:55:46.544 [JavaFX Application Thread] DEBUG Input                - Registered new binding: System info dump - CTRL+9
14:55:46.544 [JavaFX Application Thread] DEBUG Input                - Registered new binding: Restart - CTRL+R
14:55:46.545 [JavaFX Application Thread] DEBUG Input                - Registered new binding: Toggle Debug Camera - CTRL+7
14:55:46.548 [JavaFX Application Thread] DEBUG LoopRunner           - Starting loop
14:55:46.548 [JavaFX Application Thread] DEBUG LoopRunner           - Initializing JavaFX AnimationTimerLoop
14:55:46.550 [JavaFX Application Thread] DEBUG Input                - Clearing active input actions
14:55:46.560 [JavaFX Application Thread] DEBUG GameApplicationServi - Removing overlay from FXGLStartupScene and adding to FXGLMainMenuDummyScene
14:55:46.561 [JavaFX Application Thread] DEBUG PrimaryStageWindow   - FXGLStartupScene -> FXGLMainMenuDummyScene
14:55:46.561 [JavaFX Application Thread] DEBUG PrimaryStageWindow   - Push state: MainMenu
14:55:46.561 [JavaFX Application Thread] DEBUG Input                - Clearing active input actions
14:55:46.571 [JavaFX Application Thread] DEBUG GameApplicationServi - Removing overlay from FXGLMainMenuDummyScene and adding to MainMenu
14:55:46.572 [JavaFX Application Thread] DEBUG PrimaryStageWindow   - FXGLMainMenuDummyScene -> MainMenu
14:55:46.642 [JavaFX Application Thread] DEBUG FXGLApplication      - Registering font factories with UI factory
14:55:49.480 [FXGL Background Thread 3 ] DEBUG Engine               - Logging environment variables
14:55:49.482 [FXGL Background Thread 3 ] DEBUG Engine               - achievements: []
14:55:49.482 [FXGL Background Thread 3 ] DEBUG Engine               - actualHeight: 600.0
14:55:49.483 [FXGL Background Thread 3 ] DEBUG Engine               - actualHeightProperty: ReadOnlyDoubleProperty [value: 600.0]
14:55:49.483 [FXGL Background Thread 3 ] DEBUG Engine               - actualWidth: 450.0
14:55:49.483 [FXGL Background Thread 3 ] DEBUG Engine               - actualWidthProperty: ReadOnlyDoubleProperty [value: 450.0]
14:55:49.483 [FXGL Background Thread 3 ] DEBUG Engine               - appIcon: icon/spacex-invader-favicon-black.png
14:55:49.484 [FXGL Background Thread 3 ] DEBUG Engine               - applicationMode: DEVELOPER
14:55:49.484 [FXGL Background Thread 3 ] DEBUG Engine               - cSSList: [fxgl_dark.css]
14:55:49.484 [FXGL Background Thread 3 ] DEBUG Engine               - collisionDetectionStrategy: BRUTE_FORCE
14:55:49.484 [FXGL Background Thread 3 ] DEBUG Engine               - configClass: Optional.empty
14:55:49.485 [FXGL Background Thread 3 ] DEBUG Engine               - credits: []
14:55:49.486 [FXGL Background Thread 3 ] DEBUG Engine               - defaultCursor: CursorInfo(imageName=fxgl_default_cursor.png, hotspotX=7.0, hotspotY=6.0)
14:55:49.486 [FXGL Background Thread 3 ] DEBUG Engine               - devBBoxColorProperty: ObjectProperty [value: 0xff0000ff]
14:55:49.487 [FXGL Background Thread 3 ] DEBUG Engine               - devEnableDebugCameraProperty: BooleanProperty [value: false]
14:55:49.487 [FXGL Background Thread 3 ] DEBUG Engine               - devSensorColorProperty: ObjectProperty [value: 0xffff00ff]
14:55:49.488 [FXGL Background Thread 3 ] DEBUG Engine               - devShowBBoxProperty: BooleanProperty [value: false]
14:55:49.488 [FXGL Background Thread 3 ] DEBUG Engine               - devShowPositionProperty: BooleanProperty [value: false]
14:55:49.488 [FXGL Background Thread 3 ] DEBUG Engine               - enabledMenuItems: []
14:55:49.488 [FXGL Background Thread 3 ] DEBUG Engine               - engineServices: [class com.almasb.fxgl.app.services.FXGLAssetLoaderService, class com.almasb.fxgl.app.FXGLApplication$GameApplicationService, class com.almasb.fxgl.app.services.FXGLDialogService, class com.almasb.fxgl.app.services.IOTaskExecutorService, class com.almasb.fxgl.io.FileSystemService, class com.almasb.fxgl.localization.LocalizationService, class com.almasb.fxgl.app.services.SystemBundleService, class com.almasb.fxgl.profile.SaveLoadService, class com.almasb.fxgl.ui.FXGLUIFactoryServiceProvider, class com.almasb.fxgl.ui.FXGLDialogFactoryServiceProvider, class com.almasb.fxgl.audio.AudioPlayer, class com.almasb.fxgl.notification.impl.NotificationServiceProvider, class com.almasb.fxgl.achievement.AchievementService, class com.almasb.fxgl.cutscene.CutsceneService, class com.almasb.fxgl.minigames.MiniGameService, class com.almasb.fxgl.net.NetService, class com.almasb.fxgl.app.services.UpdaterService, class com.almasb.fxgl.dev.DevService]
14:55:49.489 [FXGL Background Thread 3 ] DEBUG Engine               - fontGame: Abel-Regular.ttf
14:55:49.489 [FXGL Background Thread 3 ] DEBUG Engine               - fontMono: TerminalLandMono-Regular.otf
14:55:49.489 [FXGL Background Thread 3 ] DEBUG Engine               - fontText: Courier-Prime.ttf
14:55:49.489 [FXGL Background Thread 3 ] DEBUG Engine               - fontUI: VarelaRound-Regular.ttf
14:55:49.489 [FXGL Background Thread 3 ] DEBUG Engine               - fullScreen: BooleanProperty [value: false]
14:55:49.490 [FXGL Background Thread 3 ] DEBUG Engine               - gameDifficulty: MEDIUM
14:55:49.490 [FXGL Background Thread 3 ] DEBUG Engine               - gameDifficultyProperty: ObjectProperty [value: MEDIUM]
14:55:49.490 [FXGL Background Thread 3 ] DEBUG Engine               - globalMusicVolume: 0.5
14:55:49.490 [FXGL Background Thread 3 ] DEBUG Engine               - globalMusicVolumeProperty: DoubleProperty [value: 0.5]
14:55:49.491 [FXGL Background Thread 3 ] DEBUG Engine               - globalSoundVolume: 0.5
14:55:49.491 [FXGL Background Thread 3 ] DEBUG Engine               - globalSoundVolumeProperty: DoubleProperty [value: 0.5]
14:55:49.491 [FXGL Background Thread 3 ] DEBUG Engine               - height: 600
14:55:49.491 [FXGL Background Thread 3 ] DEBUG Engine               - is3D: false
14:55:49.491 [FXGL Background Thread 3 ] DEBUG Engine               - isAndroid: false
14:55:49.492 [FXGL Background Thread 3 ] DEBUG Engine               - isBrowser: false
14:55:49.492 [FXGL Background Thread 3 ] DEBUG Engine               - isClickFeedbackEnabled: false
14:55:49.492 [FXGL Background Thread 3 ] DEBUG Engine               - isCloseConfirmation: false
14:55:49.493 [FXGL Background Thread 3 ] DEBUG Engine               - isDesktop: true
14:55:49.493 [FXGL Background Thread 3 ] DEBUG Engine               - isDeveloperMenuEnabled: false
14:55:49.493 [FXGL Background Thread 3 ] DEBUG Engine               - isEmbedded: false
14:55:49.493 [FXGL Background Thread 3 ] DEBUG Engine               - isEntityPreloadEnabled: true
14:55:49.493 [FXGL Background Thread 3 ] DEBUG Engine               - isExperimentalTiledLargeMap: false
14:55:49.494 [FXGL Background Thread 3 ] DEBUG Engine               - isFileSystemWriteAllowed: true
14:55:49.494 [FXGL Background Thread 3 ] DEBUG Engine               - isFullScreenAllowed: false
14:55:49.494 [FXGL Background Thread 3 ] DEBUG Engine               - isFullScreenFromStart: false
14:55:49.495 [FXGL Background Thread 3 ] DEBUG Engine               - isGameMenuEnabled: true
14:55:49.495 [FXGL Background Thread 3 ] DEBUG Engine               - isIOS: false
14:55:49.495 [FXGL Background Thread 3 ] DEBUG Engine               - isIntroEnabled: false
14:55:49.495 [FXGL Background Thread 3 ] DEBUG Engine               - isLinux: false
14:55:49.495 [FXGL Background Thread 3 ] DEBUG Engine               - isMac: true
14:55:49.495 [FXGL Background Thread 3 ] DEBUG Engine               - isMainMenuEnabled: true
14:55:49.495 [FXGL Background Thread 3 ] DEBUG Engine               - isManualResizeEnabled: false
14:55:49.496 [FXGL Background Thread 3 ] DEBUG Engine               - isMobile: false
14:55:49.496 [FXGL Background Thread 3 ] DEBUG Engine               - isNative: false
14:55:49.496 [FXGL Background Thread 3 ] DEBUG Engine               - isPauseMusicWhenMinimized: true
14:55:49.496 [FXGL Background Thread 3 ] DEBUG Engine               - isPreserveResizeRatio: false
14:55:49.496 [FXGL Background Thread 3 ] DEBUG Engine               - isProfilingEnabled: false
14:55:49.496 [FXGL Background Thread 3 ] DEBUG Engine               - isScaleAffectedOnResize: true
14:55:49.496 [FXGL Background Thread 3 ] DEBUG Engine               - isSingleStep: false
14:55:49.496 [FXGL Background Thread 3 ] DEBUG Engine               - isUserProfileEnabled: false
14:55:49.497 [FXGL Background Thread 3 ] DEBUG Engine               - isWindows: false
14:55:49.497 [FXGL Background Thread 3 ] DEBUG Engine               - language: ObjectProperty [value: ENGLISH]
14:55:49.497 [FXGL Background Thread 3 ] DEBUG Engine               - menuKey: ESCAPE
14:55:49.497 [FXGL Background Thread 3 ] DEBUG Engine               - mouseSensitivity: 0.2
14:55:49.497 [FXGL Background Thread 3 ] DEBUG Engine               - notificationViewClass: class com.almasb.fxgl.notification.view.XboxNotificationView
14:55:49.498 [FXGL Background Thread 3 ] DEBUG Engine               - pixelsPerMeter: 50.0
14:55:49.498 [FXGL Background Thread 3 ] DEBUG Engine               - platform: MAC
14:55:49.498 [FXGL Background Thread 3 ] DEBUG Engine               - prefHeightProperty: ReadOnlyDoubleProperty [value: 600.0]
14:55:49.498 [FXGL Background Thread 3 ] DEBUG Engine               - prefWidthProperty: ReadOnlyDoubleProperty [value: 450.0]
14:55:49.498 [FXGL Background Thread 3 ] DEBUG Engine               - profileDir: profiles/
14:55:49.499 [FXGL Background Thread 3 ] DEBUG Engine               - profileName: StringProperty [value: DEFAULT]
14:55:49.499 [FXGL Background Thread 3 ] DEBUG Engine               - randomSeed: -1
14:55:49.499 [FXGL Background Thread 3 ] DEBUG Engine               - runtimeInfo: RuntimeInfo(platform=MAC, version=17.2, build=20.08.2022 16.50)
14:55:49.499 [FXGL Background Thread 3 ] DEBUG Engine               - saveFileExt: sav
14:55:49.500 [FXGL Background Thread 3 ] DEBUG Engine               - scaledHeightProp$fxgl: DoubleProperty [bound, value: 600.0]
14:55:49.500 [FXGL Background Thread 3 ] DEBUG Engine               - scaledWidthProp$fxgl: DoubleProperty [bound, value: 450.0]
14:55:49.500 [FXGL Background Thread 3 ] DEBUG Engine               - sceneFactory: com.ood.spacexinvader.GameStart$1@3a8f479c
14:55:49.500 [FXGL Background Thread 3 ] DEBUG Engine               - secondsIn24h: 60
14:55:49.500 [FXGL Background Thread 3 ] DEBUG Engine               - soundMenuBack: menu/back.wav
14:55:49.500 [FXGL Background Thread 3 ] DEBUG Engine               - soundMenuPress: menu/press.wav
14:55:49.500 [FXGL Background Thread 3 ] DEBUG Engine               - soundMenuSelect: menu/select.wav
14:55:49.501 [FXGL Background Thread 3 ] DEBUG Engine               - soundNotification: core/notification.wav
14:55:49.501 [FXGL Background Thread 3 ] DEBUG Engine               - stageStyle: DECORATED
14:55:49.501 [FXGL Background Thread 3 ] DEBUG Engine               - supportedLanguages: [ENGLISH, FRENCH, GERMAN, HUNGARIAN, RUSSIAN]
14:55:49.501 [FXGL Background Thread 3 ] DEBUG Engine               - ticksPerSecond: -1
14:55:49.501 [FXGL Background Thread 3 ] DEBUG Engine               - title: SpaceX Invader
14:55:49.501 [FXGL Background Thread 3 ] DEBUG Engine               - urlGithub: https://github.com/AlmasB/FXGL
14:55:49.501 [FXGL Background Thread 3 ] DEBUG Engine               - urlLeaderboard: http://fxgl-top.herokuapp.com/
14:55:49.501 [FXGL Background Thread 3 ] DEBUG Engine               - urlPOM: https://raw.githubusercontent.com/AlmasB/FXGL/release/README.md
14:55:49.502 [FXGL Background Thread 3 ] DEBUG Engine               - userAppClass: class com.ood.spacexinvader.GameStart
14:55:49.502 [FXGL Background Thread 3 ] DEBUG Engine               - version: 0.0
14:55:49.502 [FXGL Background Thread 3 ] DEBUG Engine               - versionCheckDays: 7
14:55:49.502 [FXGL Background Thread 3 ] DEBUG Engine               - width: 450
14:55:49.502 [FXGL Background Thread 3 ] DEBUG Engine               - Logging services
14:55:49.503 [FXGL Background Thread 3 ] DEBUG Engine               - class com.almasb.fxgl.app.services.FXGLAssetLoaderService
14:55:49.503 [FXGL Background Thread 3 ] DEBUG Engine               - class com.almasb.fxgl.app.FXGLApplication$GameApplicationService
14:55:49.503 [FXGL Background Thread 3 ] DEBUG Engine               - class com.almasb.fxgl.app.services.FXGLDialogService
14:55:49.503 [FXGL Background Thread 3 ] DEBUG Engine               - class com.almasb.fxgl.app.services.IOTaskExecutorService
14:55:49.503 [FXGL Background Thread 3 ] DEBUG Engine               - class com.almasb.fxgl.io.FileSystemService
14:55:49.503 [FXGL Background Thread 3 ] DEBUG Engine               - class com.almasb.fxgl.localization.LocalizationService
14:55:49.503 [FXGL Background Thread 3 ] DEBUG Engine               - class com.almasb.fxgl.app.services.SystemBundleService
14:55:49.503 [FXGL Background Thread 3 ] DEBUG Engine               - class com.almasb.fxgl.profile.SaveLoadService
14:55:49.504 [FXGL Background Thread 3 ] DEBUG Engine               - class com.almasb.fxgl.ui.FXGLUIFactoryServiceProvider
14:55:49.504 [FXGL Background Thread 3 ] DEBUG Engine               - class com.almasb.fxgl.ui.FXGLDialogFactoryServiceProvider
14:55:49.504 [FXGL Background Thread 3 ] DEBUG Engine               - class com.almasb.fxgl.audio.AudioPlayer
14:55:49.504 [FXGL Background Thread 3 ] DEBUG Engine               - class com.almasb.fxgl.notification.impl.NotificationServiceProvider
14:55:49.504 [FXGL Background Thread 3 ] DEBUG Engine               - class com.almasb.fxgl.achievement.AchievementService
14:55:49.504 [FXGL Background Thread 3 ] DEBUG Engine               - class com.almasb.fxgl.cutscene.CutsceneService
14:55:49.504 [FXGL Background Thread 3 ] DEBUG Engine               - class com.almasb.fxgl.minigames.MiniGameService
14:55:49.504 [FXGL Background Thread 3 ] DEBUG Engine               - class com.almasb.fxgl.net.NetService
14:55:49.504 [FXGL Background Thread 3 ] DEBUG Engine               - class com.almasb.fxgl.app.services.UpdaterService
14:55:49.504 [FXGL Background Thread 3 ] DEBUG Engine               - class com.almasb.fxgl.dev.DevService
14:55:51.121 [JavaFX Application Thread] DEBUG GameApplicationServi - Starting new game
14:55:51.122 [JavaFX Application Thread] DEBUG PrimaryStageWindow   - Pop state: MainMenu
14:55:51.122 [JavaFX Application Thread] DEBUG Input                - Clearing active input actions
14:55:51.124 [JavaFX Application Thread] DEBUG GameApplicationServi - Removing overlay from MainMenu and adding to FXGLMainMenuDummyScene
14:55:51.124 [JavaFX Application Thread] DEBUG PrimaryStageWindow   - FXGLMainMenuDummyScene <- MainMenu
14:55:51.125 [JavaFX Application Thread] DEBUG Input                - Clearing active input actions
14:55:51.137 [JavaFX Application Thread] DEBUG GameApplicationServi - Removing overlay from FXGLMainMenuDummyScene and adding to FXGLLoadingScene
14:55:51.137 [JavaFX Application Thread] DEBUG PrimaryStageWindow   - FXGLMainMenuDummyScene -> FXGLLoadingScene
14:55:51.137 [JavaFX Application Thread] DEBUG GameApplicationServi - Clearing previous game
14:55:51.138 [JavaFX Application Thread] DEBUG GameScene            - Clearing game scene
14:55:51.138 [JavaFX Application Thread] DEBUG GameWorld            - Clearing game world
14:55:51.138 [JavaFX Application Thread] DEBUG PhysicsWorld         - Clearing physics world
14:55:51.140 [FXGL Background Thread 2 ] DEBUG FXGLApplication      - Initializing game
14:55:51.144 [FXGL Background Thread 2 ] DEBUG FXGLAssetLoaderServi - Loading from file system: jar:file:///Users/leowong/IdeaProjects/SpaceX-Invader/build/libs/SpaceX-Invader-1.0-SNAPSHOT.jar!/assets/textures/player/SpaceX.png
14:55:51.170 [FXGL Background Thread 2 ] INFO  FXGLApplication      - Game initialization took: 0.030 sec
14:55:51.171 [JavaFX Application Thread] DEBUG Input                - Clearing active input actions
14:55:51.178 [JavaFX Application Thread] DEBUG GameApplicationServi - Removing overlay from FXGLLoadingScene and adding to GameScene
14:55:51.179 [JavaFX Application Thread] DEBUG PrimaryStageWindow   - FXGLLoadingScene -> GameScene
14:56:17.533 [JavaFX Application Thread] DEBUG FXGLApplication      - Exiting FXGL
14:56:17.533 [JavaFX Application Thread] DEBUG LoopRunner           - Stopping loop
14:56:17.533 [JavaFX Application Thread] DEBUG SystemBundleService  - Saving FXGL system data
14:56:17.536 [JavaFX Application Thread] DEBUG FileSystemAccess     - Writing to: /Users/leowong/IdeaProjects/SpaceX-Invader/system/fxgl.bundle
14:56:17.537 [JavaFX Application Thread] DEBUG Async                - Shutting down background threads
14:56:17.538 [JavaFX Application Thread] DEBUG PrimaryStageWindow   - Closing main window
14:56:17.555 [JavaFX Application Thread] DEBUG Logger               - Closing Logger
