15:39:10.504 [main                     ] DEBUG Logger               - Configured Logger
15:39:10.525 [main                     ] DEBUG GameApplication      - Logging settings
Title: SpaceX Invader
Version: 0.0
Width: 450
Height: 600
Fullscreen: false
Intro: false
Profiling: false
Single step:false
App Mode: DEVELOPER
Menu Key: ESCAPE
Stage Style: DECORATED
Scene Factory: class com.ood.spacexinvader.GameStart$1

15:39:10.742 [JavaFX Application Thread] DEBUG FXGLApplication      - Initializing FXGL
15:39:10.744 [JavaFX Application Thread] INFO  Engine               - FXGL-17.2 (20.08.2022 16.50) on MAC (J:17.0.4.1 FX:17.0.2-ea)
15:39:10.744 [JavaFX Application Thread] DEBUG Engine               - JRE Vendor Name: Oracle Corporation
15:39:10.745 [JavaFX Application Thread] DEBUG Engine               - Running on OS: Mac OS X version 13.0.1
15:39:10.745 [JavaFX Application Thread] DEBUG Engine               - Architecture: aarch64
15:39:10.745 [JavaFX Application Thread] INFO  Engine               - Source code and latest versions at: https://github.com/AlmasB/FXGL
15:39:10.745 [JavaFX Application Thread] INFO  Engine               -       Ask questions and discuss at: https://github.com/AlmasB/FXGL/discussions
15:39:10.745 [JavaFX Application Thread] INFO  Engine               -              Join the FXGL chat at: https://gitter.im/AlmasB/FXGL
15:39:10.783 [JavaFX Application Thread] DEBUG PrimaryStageWindow   - Creating a JavaFX scene
15:39:10.802 [JavaFX Application Thread] DEBUG PrimaryStageWindow   - Target settings size: 450.0 x 600.0
15:39:10.802 [JavaFX Application Thread] DEBUG PrimaryStageWindow   - Scaled scene size:    450.0 x 600.0
15:39:10.802 [JavaFX Application Thread] DEBUG PrimaryStageWindow   - Scaled ratio: (1.0, 1.0)
15:39:10.803 [JavaFX Application Thread] DEBUG PrimaryStageWindow   - Set initial scene to FXGLStartupScene
15:39:10.805 [JavaFX Application Thread] DEBUG PrimaryStageWindow   - Opening main window
15:39:10.844 [JavaFX Application Thread] DEBUG PrimaryStageWindow   - Window border size: (0.0, 28.0)
15:39:10.844 [JavaFX Application Thread] DEBUG PrimaryStageWindow   - Scaled size: 450.0 x 600.0
15:39:10.844 [JavaFX Application Thread] DEBUG PrimaryStageWindow   - Scaled ratio: (1.0, 1.0)
15:39:10.844 [JavaFX Application Thread] DEBUG PrimaryStageWindow   - Scene size: 450.0 x 600.0
15:39:10.844 [JavaFX Application Thread] DEBUG PrimaryStageWindow   - Stage size: 450.0 x 628.0
15:39:10.847 [FXGL Background Thread 1 ] DEBUG Engine               - Initializing environment variables
15:39:10.862 [FXGL Background Thread 1 ] DEBUG FXGLAssetLoaderServi - User app class for loading assets: class com.ood.spacexinvader.GameStart
15:39:10.862 [FXGL Background Thread 1 ] DEBUG GameApplicationServi - Applying CSS: fxgl_dark.css
15:39:10.863 [FXGL Background Thread 1 ] DEBUG FXGLAssetLoaderServi - Loading from file system: jar:file:///Users/hiimecho/.gradle/caches/modules-2/files-2.1/com.github.almasb/fxgl/17.2/35db6ae960eec2dcfd19262d3b7f9c42f0e95bc3/fxgl-17.2.jar!/fxglassets/ui/css/fxgl_dark.css
15:39:10.886 [FXGL Background Thread 1 ] DEBUG GameApplicationServi - Initializing application scenes
15:39:10.946 [FXGL Background Thread 1 ] DEBUG GameWorld            - Game world initialized
15:39:10.971 [FXGL Background Thread 1 ] DEBUG PhysicsWorld         - Physics world initialized: appHeight=600, physics.ppm=50.0
15:39:10.972 [FXGL Background Thread 1 ] DEBUG PhysicsWorld         - Using strategy: BRUTE_FORCE
15:39:10.973 [FXGL Background Thread 1 ] DEBUG GameScene            - Game scene initialized: 450x600
15:39:10.986 [FXGL Background Thread 1 ] DEBUG GameApplicationServi - Application scenes initialized
15:39:10.992 [FXGL Background Thread 1 ] DEBUG SystemBundleService  - Loading FXGL system data
15:39:10.994 [FXGL Background Thread 1 ] DEBUG FileSystemAccess     - Reading from: /Users/hiimecho/Documents/Coding/Java/Coding/SpaceX-Invader/system/fxgl.bundle
15:39:10.998 [FXGL Background Thread 1 ] DEBUG SystemBundleService  - Bundle FXGL: {}
15:39:10.998 [FXGL Background Thread 1 ] DEBUG UpdaterService       - Checking for updates
15:39:11.003 [FXGL Background Thread 4 ] DEBUG FXGLApplication      - Loading fonts
15:39:11.003 [FXGL Background Thread 1 ] DEBUG FXGLApplication      - Loading default localization
15:39:11.003 [FXGL Background Thread 4 ] DEBUG FXGLAssetLoaderServi - Loading from file system: jar:file:///Users/hiimecho/.gradle/caches/modules-2/files-2.1/com.github.almasb/fxgl/17.2/35db6ae960eec2dcfd19262d3b7f9c42f0e95bc3/fxgl-17.2.jar!/fxglassets/ui/fonts/VarelaRound-Regular.ttf
15:39:11.003 [FXGL Background Thread 1 ] DEBUG FXGLAssetLoaderServi - Loading from file system: jar:file:///Users/hiimecho/.gradle/caches/modules-2/files-2.1/com.github.almasb/fxgl/17.2/35db6ae960eec2dcfd19262d3b7f9c42f0e95bc3/fxgl-17.2.jar!/fxglassets/languages/english.lang
15:39:11.012 [FXGL Background Thread 4 ] DEBUG FXGLAssetLoaderServi - Loading from file system: jar:file:///Users/hiimecho/.gradle/caches/modules-2/files-2.1/com.github.almasb/fxgl/17.2/35db6ae960eec2dcfd19262d3b7f9c42f0e95bc3/fxgl-17.2.jar!/fxglassets/ui/fonts/Abel-Regular.ttf
15:39:11.014 [FXGL Background Thread 4 ] DEBUG FXGLAssetLoaderServi - Loading from file system: jar:file:///Users/hiimecho/.gradle/caches/modules-2/files-2.1/com.github.almasb/fxgl/17.2/35db6ae960eec2dcfd19262d3b7f9c42f0e95bc3/fxgl-17.2.jar!/fxglassets/ui/fonts/TerminalLandMono-Regular.otf
15:39:11.017 [FXGL Background Thread 1 ] INFO  FXGLApplication      - FXGL initialization took: 0.170 sec
15:39:11.017 [FXGL Background Thread 4 ] DEBUG FXGLAssetLoaderServi - Loading from file system: jar:file:///Users/hiimecho/.gradle/caches/modules-2/files-2.1/com.github.almasb/fxgl/17.2/35db6ae960eec2dcfd19262d3b7f9c42f0e95bc3/fxgl-17.2.jar!/fxglassets/ui/fonts/Courier-Prime.ttf
15:39:11.022 [JavaFX Application Thread] DEBUG Input                - Registered new binding: Left - A
15:39:11.022 [JavaFX Application Thread] DEBUG Input                - Registered new binding: Right - D
15:39:11.022 [JavaFX Application Thread] DEBUG Input                - Registered new binding: Shoot - J
15:39:11.022 [JavaFX Application Thread] DEBUG FXGLAssetLoaderServi - Loading from file system: jar:file:///Users/hiimecho/Documents/Coding/Java/Coding/SpaceX-Invader/build/libs/SpaceX-Invader-1.0-SNAPSHOT.jar!/assets/textures/icon/spacex-invader-favicon-black.png
15:39:11.044 [JavaFX Application Thread] DEBUG FXGLAssetLoaderServi - Loading from file system: jar:file:///Users/hiimecho/.gradle/caches/modules-2/files-2.1/com.github.almasb/fxgl/17.2/35db6ae960eec2dcfd19262d3b7f9c42f0e95bc3/fxgl-17.2.jar!/fxglassets/textures/fxgl_default_cursor.png
15:39:11.046 [JavaFX Application Thread] DEBUG Input                - Registered new binding: Screenshot - CTRL+8
15:39:11.046 [JavaFX Application Thread] DEBUG Input                - Registered new binding: System info dump - CTRL+9
15:39:11.046 [JavaFX Application Thread] DEBUG Input                - Registered new binding: Restart - CTRL+R
15:39:11.047 [JavaFX Application Thread] DEBUG Input                - Registered new binding: Toggle Debug Camera - CTRL+7
15:39:11.047 [JavaFX Application Thread] DEBUG LoopRunner           - Starting loop
15:39:11.047 [JavaFX Application Thread] DEBUG LoopRunner           - Initializing JavaFX AnimationTimerLoop
15:39:11.048 [JavaFX Application Thread] DEBUG Input                - Clearing active input actions
15:39:11.052 [JavaFX Application Thread] DEBUG GameApplicationServi - Removing overlay from FXGLStartupScene and adding to FXGLMainMenuDummyScene
15:39:11.052 [JavaFX Application Thread] DEBUG PrimaryStageWindow   - FXGLStartupScene -> FXGLMainMenuDummyScene
15:39:11.053 [JavaFX Application Thread] DEBUG PrimaryStageWindow   - Push state: MainMenu
15:39:11.053 [JavaFX Application Thread] DEBUG Input                - Clearing active input actions
15:39:11.055 [JavaFX Application Thread] DEBUG GameApplicationServi - Removing overlay from FXGLMainMenuDummyScene and adding to MainMenu
15:39:11.056 [JavaFX Application Thread] DEBUG PrimaryStageWindow   - FXGLMainMenuDummyScene -> MainMenu
15:39:11.085 [JavaFX Application Thread] DEBUG FXGLApplication      - Registering font factories with UI factory
15:39:14.002 [FXGL Background Thread 3 ] DEBUG Engine               - Logging environment variables
15:39:14.004 [FXGL Background Thread 3 ] DEBUG Engine               - achievements: []
15:39:14.004 [FXGL Background Thread 3 ] DEBUG Engine               - actualHeight: 600.0
15:39:14.004 [FXGL Background Thread 3 ] DEBUG Engine               - actualHeightProperty: ReadOnlyDoubleProperty [value: 600.0]
15:39:14.005 [FXGL Background Thread 3 ] DEBUG Engine               - actualWidth: 450.0
15:39:14.005 [FXGL Background Thread 3 ] DEBUG Engine               - actualWidthProperty: ReadOnlyDoubleProperty [value: 450.0]
15:39:14.005 [FXGL Background Thread 3 ] DEBUG Engine               - appIcon: icon/spacex-invader-favicon-black.png
15:39:14.005 [FXGL Background Thread 3 ] DEBUG Engine               - applicationMode: DEVELOPER
15:39:14.007 [FXGL Background Thread 3 ] DEBUG Engine               - cSSList: [fxgl_dark.css]
15:39:14.007 [FXGL Background Thread 3 ] DEBUG Engine               - collisionDetectionStrategy: BRUTE_FORCE
15:39:14.007 [FXGL Background Thread 3 ] DEBUG Engine               - configClass: Optional.empty
15:39:14.007 [FXGL Background Thread 3 ] DEBUG Engine               - credits: []
15:39:14.010 [FXGL Background Thread 3 ] DEBUG Engine               - defaultCursor: CursorInfo(imageName=fxgl_default_cursor.png, hotspotX=7.0, hotspotY=6.0)
15:39:14.010 [FXGL Background Thread 3 ] DEBUG Engine               - devBBoxColorProperty: ObjectProperty [value: 0xff0000ff]
15:39:14.010 [FXGL Background Thread 3 ] DEBUG Engine               - devEnableDebugCameraProperty: BooleanProperty [value: false]
15:39:14.010 [FXGL Background Thread 3 ] DEBUG Engine               - devSensorColorProperty: ObjectProperty [value: 0xffff00ff]
15:39:14.011 [FXGL Background Thread 3 ] DEBUG Engine               - devShowBBoxProperty: BooleanProperty [value: false]
15:39:14.011 [FXGL Background Thread 3 ] DEBUG Engine               - devShowPositionProperty: BooleanProperty [value: false]
15:39:14.011 [FXGL Background Thread 3 ] DEBUG Engine               - enabledMenuItems: []
15:39:14.011 [FXGL Background Thread 3 ] DEBUG Engine               - engineServices: [class com.almasb.fxgl.app.services.FXGLAssetLoaderService, class com.almasb.fxgl.app.FXGLApplication$GameApplicationService, class com.almasb.fxgl.app.services.FXGLDialogService, class com.almasb.fxgl.app.services.IOTaskExecutorService, class com.almasb.fxgl.io.FileSystemService, class com.almasb.fxgl.localization.LocalizationService, class com.almasb.fxgl.app.services.SystemBundleService, class com.almasb.fxgl.profile.SaveLoadService, class com.almasb.fxgl.ui.FXGLUIFactoryServiceProvider, class com.almasb.fxgl.ui.FXGLDialogFactoryServiceProvider, class com.almasb.fxgl.audio.AudioPlayer, class com.almasb.fxgl.notification.impl.NotificationServiceProvider, class com.almasb.fxgl.achievement.AchievementService, class com.almasb.fxgl.cutscene.CutsceneService, class com.almasb.fxgl.minigames.MiniGameService, class com.almasb.fxgl.net.NetService, class com.almasb.fxgl.app.services.UpdaterService, class com.almasb.fxgl.dev.DevService]
15:39:14.011 [FXGL Background Thread 3 ] DEBUG Engine               - fontGame: Abel-Regular.ttf
15:39:14.011 [FXGL Background Thread 3 ] DEBUG Engine               - fontMono: TerminalLandMono-Regular.otf
15:39:14.012 [FXGL Background Thread 3 ] DEBUG Engine               - fontText: Courier-Prime.ttf
15:39:14.012 [FXGL Background Thread 3 ] DEBUG Engine               - fontUI: VarelaRound-Regular.ttf
15:39:14.012 [FXGL Background Thread 3 ] DEBUG Engine               - fullScreen: BooleanProperty [value: false]
15:39:14.012 [FXGL Background Thread 3 ] DEBUG Engine               - gameDifficulty: MEDIUM
15:39:14.012 [FXGL Background Thread 3 ] DEBUG Engine               - gameDifficultyProperty: ObjectProperty [value: MEDIUM]
15:39:14.012 [FXGL Background Thread 3 ] DEBUG Engine               - globalMusicVolume: 0.5
15:39:14.013 [FXGL Background Thread 3 ] DEBUG Engine               - globalMusicVolumeProperty: DoubleProperty [value: 0.5]
15:39:14.013 [FXGL Background Thread 3 ] DEBUG Engine               - globalSoundVolume: 0.5
15:39:14.013 [FXGL Background Thread 3 ] DEBUG Engine               - globalSoundVolumeProperty: DoubleProperty [value: 0.5]
15:39:14.013 [FXGL Background Thread 3 ] DEBUG Engine               - height: 600
15:39:14.013 [FXGL Background Thread 3 ] DEBUG Engine               - is3D: false
15:39:14.013 [FXGL Background Thread 3 ] DEBUG Engine               - isAndroid: false
15:39:14.013 [FXGL Background Thread 3 ] DEBUG Engine               - isBrowser: false
15:39:14.013 [FXGL Background Thread 3 ] DEBUG Engine               - isClickFeedbackEnabled: false
15:39:14.013 [FXGL Background Thread 3 ] DEBUG Engine               - isCloseConfirmation: true
15:39:14.014 [FXGL Background Thread 3 ] DEBUG Engine               - isDesktop: true
15:39:14.014 [FXGL Background Thread 3 ] DEBUG Engine               - isDeveloperMenuEnabled: false
15:39:14.014 [FXGL Background Thread 3 ] DEBUG Engine               - isEmbedded: false
15:39:14.014 [FXGL Background Thread 3 ] DEBUG Engine               - isEntityPreloadEnabled: true
15:39:14.014 [FXGL Background Thread 3 ] DEBUG Engine               - isExperimentalTiledLargeMap: false
15:39:14.014 [FXGL Background Thread 3 ] DEBUG Engine               - isFileSystemWriteAllowed: true
15:39:14.014 [FXGL Background Thread 3 ] DEBUG Engine               - isFullScreenAllowed: false
15:39:14.014 [FXGL Background Thread 3 ] DEBUG Engine               - isFullScreenFromStart: false
15:39:14.014 [FXGL Background Thread 3 ] DEBUG Engine               - isGameMenuEnabled: true
15:39:14.014 [FXGL Background Thread 3 ] DEBUG Engine               - isIOS: false
15:39:14.015 [FXGL Background Thread 3 ] DEBUG Engine               - isIntroEnabled: false
15:39:14.015 [FXGL Background Thread 3 ] DEBUG Engine               - isLinux: false
15:39:14.015 [FXGL Background Thread 3 ] DEBUG Engine               - isMac: true
15:39:14.015 [FXGL Background Thread 3 ] DEBUG Engine               - isMainMenuEnabled: true
15:39:14.015 [FXGL Background Thread 3 ] DEBUG Engine               - isManualResizeEnabled: false
15:39:14.015 [FXGL Background Thread 3 ] DEBUG Engine               - isMobile: false
15:39:14.015 [FXGL Background Thread 3 ] DEBUG Engine               - isNative: false
15:39:14.015 [FXGL Background Thread 3 ] DEBUG Engine               - isPauseMusicWhenMinimized: true
15:39:14.015 [FXGL Background Thread 3 ] DEBUG Engine               - isPreserveResizeRatio: false
15:39:14.015 [FXGL Background Thread 3 ] DEBUG Engine               - isProfilingEnabled: false
15:39:14.015 [FXGL Background Thread 3 ] DEBUG Engine               - isScaleAffectedOnResize: true
15:39:14.016 [FXGL Background Thread 3 ] DEBUG Engine               - isSingleStep: false
15:39:14.016 [FXGL Background Thread 3 ] DEBUG Engine               - isUserProfileEnabled: false
15:39:14.016 [FXGL Background Thread 3 ] DEBUG Engine               - isWindows: false
15:39:14.016 [FXGL Background Thread 3 ] DEBUG Engine               - language: ObjectProperty [value: ENGLISH]
15:39:14.016 [FXGL Background Thread 3 ] DEBUG Engine               - menuKey: ESCAPE
15:39:14.016 [FXGL Background Thread 3 ] DEBUG Engine               - mouseSensitivity: 0.2
15:39:14.016 [FXGL Background Thread 3 ] DEBUG Engine               - notificationViewClass: class com.almasb.fxgl.notification.view.XboxNotificationView
15:39:14.016 [FXGL Background Thread 3 ] DEBUG Engine               - pixelsPerMeter: 50.0
15:39:14.016 [FXGL Background Thread 3 ] DEBUG Engine               - platform: MAC
15:39:14.016 [FXGL Background Thread 3 ] DEBUG Engine               - prefHeightProperty: ReadOnlyDoubleProperty [value: 600.0]
15:39:14.017 [FXGL Background Thread 3 ] DEBUG Engine               - prefWidthProperty: ReadOnlyDoubleProperty [value: 450.0]
15:39:14.017 [FXGL Background Thread 3 ] DEBUG Engine               - profileDir: profiles/
15:39:14.017 [FXGL Background Thread 3 ] DEBUG Engine               - profileName: StringProperty [value: DEFAULT]
15:39:14.017 [FXGL Background Thread 3 ] DEBUG Engine               - randomSeed: -1
15:39:14.017 [FXGL Background Thread 3 ] DEBUG Engine               - runtimeInfo: RuntimeInfo(platform=MAC, version=17.2, build=20.08.2022 16.50)
15:39:14.017 [FXGL Background Thread 3 ] DEBUG Engine               - saveFileExt: sav
15:39:14.018 [FXGL Background Thread 3 ] DEBUG Engine               - scaledHeightProp$fxgl: DoubleProperty [bound, value: 600.0]
15:39:14.018 [FXGL Background Thread 3 ] DEBUG Engine               - scaledWidthProp$fxgl: DoubleProperty [bound, value: 450.0]
15:39:14.018 [FXGL Background Thread 3 ] DEBUG Engine               - sceneFactory: com.ood.spacexinvader.GameStart$1@1e206b5
15:39:14.018 [FXGL Background Thread 3 ] DEBUG Engine               - secondsIn24h: 60
15:39:14.018 [FXGL Background Thread 3 ] DEBUG Engine               - soundMenuBack: menu/back.wav
15:39:14.018 [FXGL Background Thread 3 ] DEBUG Engine               - soundMenuPress: menu/press.wav
15:39:14.018 [FXGL Background Thread 3 ] DEBUG Engine               - soundMenuSelect: menu/select.wav
15:39:14.018 [FXGL Background Thread 3 ] DEBUG Engine               - soundNotification: core/notification.wav
15:39:14.018 [FXGL Background Thread 3 ] DEBUG Engine               - stageStyle: DECORATED
15:39:14.018 [FXGL Background Thread 3 ] DEBUG Engine               - supportedLanguages: [ENGLISH, FRENCH, GERMAN, HUNGARIAN, RUSSIAN]
15:39:14.018 [FXGL Background Thread 3 ] DEBUG Engine               - ticksPerSecond: -1
15:39:14.019 [FXGL Background Thread 3 ] DEBUG Engine               - title: SpaceX Invader
15:39:14.019 [FXGL Background Thread 3 ] DEBUG Engine               - urlGithub: https://github.com/AlmasB/FXGL
15:39:14.019 [FXGL Background Thread 3 ] DEBUG Engine               - urlLeaderboard: http://fxgl-top.herokuapp.com/
15:39:14.019 [FXGL Background Thread 3 ] DEBUG Engine               - urlPOM: https://raw.githubusercontent.com/AlmasB/FXGL/release/README.md
15:39:14.019 [FXGL Background Thread 3 ] DEBUG Engine               - userAppClass: class com.ood.spacexinvader.GameStart
15:39:14.019 [FXGL Background Thread 3 ] DEBUG Engine               - version: 0.0
15:39:14.019 [FXGL Background Thread 3 ] DEBUG Engine               - versionCheckDays: 7
15:39:14.019 [FXGL Background Thread 3 ] DEBUG Engine               - width: 450
15:39:14.019 [FXGL Background Thread 3 ] DEBUG Engine               - Logging services
15:39:14.019 [FXGL Background Thread 3 ] DEBUG Engine               - class com.almasb.fxgl.app.services.FXGLAssetLoaderService
15:39:14.019 [FXGL Background Thread 3 ] DEBUG Engine               - class com.almasb.fxgl.app.FXGLApplication$GameApplicationService
15:39:14.019 [FXGL Background Thread 3 ] DEBUG Engine               - class com.almasb.fxgl.app.services.FXGLDialogService
15:39:14.019 [FXGL Background Thread 3 ] DEBUG Engine               - class com.almasb.fxgl.app.services.IOTaskExecutorService
15:39:14.020 [FXGL Background Thread 3 ] DEBUG Engine               - class com.almasb.fxgl.io.FileSystemService
15:39:14.020 [FXGL Background Thread 3 ] DEBUG Engine               - class com.almasb.fxgl.localization.LocalizationService
15:39:14.020 [FXGL Background Thread 3 ] DEBUG Engine               - class com.almasb.fxgl.app.services.SystemBundleService
15:39:14.020 [FXGL Background Thread 3 ] DEBUG Engine               - class com.almasb.fxgl.profile.SaveLoadService
15:39:14.020 [FXGL Background Thread 3 ] DEBUG Engine               - class com.almasb.fxgl.ui.FXGLUIFactoryServiceProvider
15:39:14.020 [FXGL Background Thread 3 ] DEBUG Engine               - class com.almasb.fxgl.ui.FXGLDialogFactoryServiceProvider
15:39:14.020 [FXGL Background Thread 3 ] DEBUG Engine               - class com.almasb.fxgl.audio.AudioPlayer
15:39:14.020 [FXGL Background Thread 3 ] DEBUG Engine               - class com.almasb.fxgl.notification.impl.NotificationServiceProvider
15:39:14.020 [FXGL Background Thread 3 ] DEBUG Engine               - class com.almasb.fxgl.achievement.AchievementService
15:39:14.020 [FXGL Background Thread 3 ] DEBUG Engine               - class com.almasb.fxgl.cutscene.CutsceneService
15:39:14.020 [FXGL Background Thread 3 ] DEBUG Engine               - class com.almasb.fxgl.minigames.MiniGameService
15:39:14.020 [FXGL Background Thread 3 ] DEBUG Engine               - class com.almasb.fxgl.net.NetService
15:39:14.020 [FXGL Background Thread 3 ] DEBUG Engine               - class com.almasb.fxgl.app.services.UpdaterService
15:39:14.020 [FXGL Background Thread 3 ] DEBUG Engine               - class com.almasb.fxgl.dev.DevService
15:39:14.387 [JavaFX Application Thread] DEBUG Menu                 - fireExit()
15:39:14.397 [JavaFX Application Thread] DEBUG PrimaryStageWindow   - Push state: DialogSubScene
15:39:14.397 [JavaFX Application Thread] DEBUG Input                - Clearing active input actions
15:39:14.398 [JavaFX Application Thread] DEBUG GameApplicationServi - Removing overlay from MainMenu and adding to DialogSubScene
15:39:14.398 [JavaFX Application Thread] DEBUG PrimaryStageWindow   - MainMenu -> DialogSubScene
15:39:15.136 [JavaFX Application Thread] DEBUG PrimaryStageWindow   - Pop state: DialogSubScene
15:39:15.136 [JavaFX Application Thread] DEBUG Input                - Clearing active input actions
15:39:15.136 [JavaFX Application Thread] DEBUG GameApplicationServi - Removing overlay from DialogSubScene and adding to MainMenu
15:39:15.137 [JavaFX Application Thread] DEBUG PrimaryStageWindow   - MainMenu <- DialogSubScene
15:39:15.137 [JavaFX Application Thread] DEBUG FXGLApplication      - Exiting FXGL
15:39:15.137 [JavaFX Application Thread] DEBUG LoopRunner           - Stopping loop
15:39:15.137 [JavaFX Application Thread] DEBUG SystemBundleService  - Saving FXGL system data
15:39:15.138 [JavaFX Application Thread] DEBUG FileSystemAccess     - Writing to: /Users/hiimecho/Documents/Coding/Java/Coding/SpaceX-Invader/system/fxgl.bundle
15:39:15.139 [JavaFX Application Thread] DEBUG Async                - Shutting down background threads
15:39:15.139 [JavaFX Application Thread] DEBUG PrimaryStageWindow   - Closing main window
15:39:15.144 [JavaFX Application Thread] DEBUG Logger               - Closing Logger
