19:31:13.210 [main                     ] DEBUG Logger               - Configured Logger
19:31:13.223 [main                     ] DEBUG GameApplication      - Logging settings
Title: SpaceX Invader
Version: 0.0
Width: 450
Height: 600
Fullscreen: false
Intro: false
Profiling: false
Single step:false
App Mode: DEVELOPER
Menu Key: ESCAPE
Stage Style: DECORATED
Scene Factory: class com.ood.spacexinvader.GameStart$1

19:31:13.446 [JavaFX Application Thread] DEBUG FXGLApplication      - Initializing FXGL
19:31:13.449 [JavaFX Application Thread] INFO  Engine               - FXGL-17.2 (20.08.2022 16.50) on MAC (J:17.0.4.1 FX:17.0.2-ea)
19:31:13.449 [JavaFX Application Thread] DEBUG Engine               - JRE Vendor Name: Oracle Corporation
19:31:13.449 [JavaFX Application Thread] DEBUG Engine               - Running on OS: Mac OS X version 13.0.1
19:31:13.449 [JavaFX Application Thread] DEBUG Engine               - Architecture: aarch64
19:31:13.449 [JavaFX Application Thread] INFO  Engine               - Source code and latest versions at: https://github.com/AlmasB/FXGL
19:31:13.449 [JavaFX Application Thread] INFO  Engine               -       Ask questions and discuss at: https://github.com/AlmasB/FXGL/discussions
19:31:13.449 [JavaFX Application Thread] INFO  Engine               -              Join the FXGL chat at: https://gitter.im/AlmasB/FXGL
19:31:13.489 [JavaFX Application Thread] DEBUG PrimaryStageWindow   - Creating a JavaFX scene
19:31:13.508 [JavaFX Application Thread] DEBUG PrimaryStageWindow   - Target settings size: 450.0 x 600.0
19:31:13.508 [JavaFX Application Thread] DEBUG PrimaryStageWindow   - Scaled scene size:    450.0 x 600.0
19:31:13.508 [JavaFX Application Thread] DEBUG PrimaryStageWindow   - Scaled ratio: (1.0, 1.0)
19:31:13.508 [JavaFX Application Thread] DEBUG PrimaryStageWindow   - Set initial scene to FXGLStartupScene
19:31:13.511 [JavaFX Application Thread] DEBUG PrimaryStageWindow   - Opening main window
19:31:13.547 [JavaFX Application Thread] DEBUG PrimaryStageWindow   - Window border size: (0.0, 28.0)
19:31:13.547 [JavaFX Application Thread] DEBUG PrimaryStageWindow   - Scaled size: 450.0 x 600.0
19:31:13.548 [JavaFX Application Thread] DEBUG PrimaryStageWindow   - Scaled ratio: (1.0, 1.0)
19:31:13.548 [JavaFX Application Thread] DEBUG PrimaryStageWindow   - Scene size: 450.0 x 600.0
19:31:13.548 [JavaFX Application Thread] DEBUG PrimaryStageWindow   - Stage size: 450.0 x 628.0
19:31:13.550 [FXGL Background Thread 1 ] DEBUG Engine               - Initializing environment variables
19:31:13.565 [FXGL Background Thread 1 ] DEBUG FXGLAssetLoaderServi - User app class for loading assets: class com.ood.spacexinvader.GameStart
19:31:13.565 [FXGL Background Thread 1 ] DEBUG GameApplicationServi - Applying CSS: fxgl_dark.css
19:31:13.565 [FXGL Background Thread 1 ] DEBUG FXGLAssetLoaderServi - Loading from file system: jar:file:///Users/hiimecho/.gradle/caches/modules-2/files-2.1/com.github.almasb/fxgl/17.2/35db6ae960eec2dcfd19262d3b7f9c42f0e95bc3/fxgl-17.2.jar!/fxglassets/ui/css/fxgl_dark.css
19:31:13.586 [FXGL Background Thread 1 ] DEBUG GameApplicationServi - Initializing application scenes
19:31:13.647 [FXGL Background Thread 1 ] DEBUG GameWorld            - Game world initialized
19:31:13.673 [FXGL Background Thread 1 ] DEBUG PhysicsWorld         - Physics world initialized: appHeight=600, physics.ppm=50.0
19:31:13.673 [FXGL Background Thread 1 ] DEBUG PhysicsWorld         - Using strategy: BRUTE_FORCE
19:31:13.675 [FXGL Background Thread 1 ] DEBUG GameScene            - Game scene initialized: 450x600
19:31:13.692 [FXGL Background Thread 1 ] DEBUG GameApplicationServi - Application scenes initialized
19:31:13.698 [FXGL Background Thread 1 ] DEBUG SystemBundleService  - Loading FXGL system data
19:31:13.700 [FXGL Background Thread 1 ] DEBUG FileSystemAccess     - Reading from: /Users/hiimecho/Documents/Coding/Java/Coding/SpaceX-Invader/system/fxgl.bundle
19:31:13.703 [FXGL Background Thread 1 ] DEBUG SystemBundleService  - Bundle FXGL: {}
19:31:13.704 [FXGL Background Thread 1 ] DEBUG UpdaterService       - Checking for updates
19:31:13.706 [FXGL Background Thread 4 ] DEBUG FXGLApplication      - Loading fonts
19:31:13.706 [FXGL Background Thread 1 ] DEBUG FXGLApplication      - Loading default localization
19:31:13.706 [FXGL Background Thread 4 ] DEBUG FXGLAssetLoaderServi - Loading from file system: jar:file:///Users/hiimecho/.gradle/caches/modules-2/files-2.1/com.github.almasb/fxgl/17.2/35db6ae960eec2dcfd19262d3b7f9c42f0e95bc3/fxgl-17.2.jar!/fxglassets/ui/fonts/VarelaRound-Regular.ttf
19:31:13.706 [FXGL Background Thread 1 ] DEBUG FXGLAssetLoaderServi - Loading from file system: jar:file:///Users/hiimecho/.gradle/caches/modules-2/files-2.1/com.github.almasb/fxgl/17.2/35db6ae960eec2dcfd19262d3b7f9c42f0e95bc3/fxgl-17.2.jar!/fxglassets/languages/english.lang
19:31:13.715 [FXGL Background Thread 4 ] DEBUG FXGLAssetLoaderServi - Loading from file system: jar:file:///Users/hiimecho/.gradle/caches/modules-2/files-2.1/com.github.almasb/fxgl/17.2/35db6ae960eec2dcfd19262d3b7f9c42f0e95bc3/fxgl-17.2.jar!/fxglassets/ui/fonts/Abel-Regular.ttf
19:31:13.716 [FXGL Background Thread 1 ] INFO  FXGLApplication      - FXGL initialization took: 0.165 sec
19:31:13.718 [FXGL Background Thread 4 ] DEBUG FXGLAssetLoaderServi - Loading from file system: jar:file:///Users/hiimecho/.gradle/caches/modules-2/files-2.1/com.github.almasb/fxgl/17.2/35db6ae960eec2dcfd19262d3b7f9c42f0e95bc3/fxgl-17.2.jar!/fxglassets/ui/fonts/TerminalLandMono-Regular.otf
19:31:13.719 [FXGL Background Thread 4 ] DEBUG FXGLAssetLoaderServi - Loading from file system: jar:file:///Users/hiimecho/.gradle/caches/modules-2/files-2.1/com.github.almasb/fxgl/17.2/35db6ae960eec2dcfd19262d3b7f9c42f0e95bc3/fxgl-17.2.jar!/fxglassets/ui/fonts/Courier-Prime.ttf
19:31:13.720 [JavaFX Application Thread] DEBUG Input                - Registered new binding: Left - A
19:31:13.720 [JavaFX Application Thread] DEBUG Input                - Registered new binding: Right - D
19:31:13.720 [JavaFX Application Thread] DEBUG Input                - Registered new binding: Shoot - J
19:31:13.720 [JavaFX Application Thread] DEBUG FXGLAssetLoaderServi - Loading from file system: jar:file:///Users/hiimecho/Documents/Coding/Java/Coding/SpaceX-Invader/build/libs/SpaceX-Invader-1.0-SNAPSHOT.jar!/assets/textures/icon/spacex-invader-favicon-black.png
19:31:13.743 [JavaFX Application Thread] DEBUG FXGLAssetLoaderServi - Loading from file system: jar:file:///Users/hiimecho/.gradle/caches/modules-2/files-2.1/com.github.almasb/fxgl/17.2/35db6ae960eec2dcfd19262d3b7f9c42f0e95bc3/fxgl-17.2.jar!/fxglassets/textures/fxgl_default_cursor.png
19:31:13.745 [JavaFX Application Thread] DEBUG Input                - Registered new binding: Screenshot - CTRL+8
19:31:13.746 [JavaFX Application Thread] DEBUG Input                - Registered new binding: System info dump - CTRL+9
19:31:13.746 [JavaFX Application Thread] DEBUG Input                - Registered new binding: Restart - CTRL+R
19:31:13.746 [JavaFX Application Thread] DEBUG Input                - Registered new binding: Toggle Debug Camera - CTRL+7
19:31:13.747 [JavaFX Application Thread] DEBUG LoopRunner           - Starting loop
19:31:13.747 [JavaFX Application Thread] DEBUG LoopRunner           - Initializing JavaFX AnimationTimerLoop
19:31:13.748 [JavaFX Application Thread] DEBUG Input                - Clearing active input actions
19:31:13.753 [JavaFX Application Thread] DEBUG GameApplicationServi - Removing overlay from FXGLStartupScene and adding to FXGLMainMenuDummyScene
19:31:13.753 [JavaFX Application Thread] DEBUG PrimaryStageWindow   - FXGLStartupScene -> FXGLMainMenuDummyScene
19:31:13.753 [JavaFX Application Thread] DEBUG PrimaryStageWindow   - Push state: MainMenu
19:31:13.753 [JavaFX Application Thread] DEBUG Input                - Clearing active input actions
19:31:13.758 [JavaFX Application Thread] DEBUG GameApplicationServi - Removing overlay from FXGLMainMenuDummyScene and adding to MainMenu
19:31:13.759 [JavaFX Application Thread] DEBUG PrimaryStageWindow   - FXGLMainMenuDummyScene -> MainMenu
19:31:13.790 [JavaFX Application Thread] DEBUG FXGLApplication      - Registering font factories with UI factory
19:31:16.706 [FXGL Background Thread 3 ] DEBUG Engine               - Logging environment variables
19:31:16.708 [FXGL Background Thread 3 ] DEBUG Engine               - achievements: []
19:31:16.708 [FXGL Background Thread 3 ] DEBUG Engine               - actualHeight: 600.0
19:31:16.708 [FXGL Background Thread 3 ] DEBUG Engine               - actualHeightProperty: ReadOnlyDoubleProperty [value: 600.0]
19:31:16.708 [FXGL Background Thread 3 ] DEBUG Engine               - actualWidth: 450.0
19:31:16.709 [FXGL Background Thread 3 ] DEBUG Engine               - actualWidthProperty: ReadOnlyDoubleProperty [value: 450.0]
19:31:16.709 [FXGL Background Thread 3 ] DEBUG Engine               - appIcon: icon/spacex-invader-favicon-black.png
19:31:16.709 [FXGL Background Thread 3 ] DEBUG Engine               - applicationMode: DEVELOPER
19:31:16.709 [FXGL Background Thread 3 ] DEBUG Engine               - cSSList: [fxgl_dark.css]
19:31:16.709 [FXGL Background Thread 3 ] DEBUG Engine               - collisionDetectionStrategy: BRUTE_FORCE
19:31:16.709 [FXGL Background Thread 3 ] DEBUG Engine               - configClass: Optional.empty
19:31:16.710 [FXGL Background Thread 3 ] DEBUG Engine               - credits: []
19:31:16.712 [FXGL Background Thread 3 ] DEBUG Engine               - defaultCursor: CursorInfo(imageName=fxgl_default_cursor.png, hotspotX=7.0, hotspotY=6.0)
19:31:16.712 [FXGL Background Thread 3 ] DEBUG Engine               - devBBoxColorProperty: ObjectProperty [value: 0xff0000ff]
19:31:16.713 [FXGL Background Thread 3 ] DEBUG Engine               - devEnableDebugCameraProperty: BooleanProperty [value: false]
19:31:16.713 [FXGL Background Thread 3 ] DEBUG Engine               - devSensorColorProperty: ObjectProperty [value: 0xffff00ff]
19:31:16.713 [FXGL Background Thread 3 ] DEBUG Engine               - devShowBBoxProperty: BooleanProperty [value: false]
19:31:16.713 [FXGL Background Thread 3 ] DEBUG Engine               - devShowPositionProperty: BooleanProperty [value: false]
19:31:16.713 [FXGL Background Thread 3 ] DEBUG Engine               - enabledMenuItems: []
19:31:16.713 [FXGL Background Thread 3 ] DEBUG Engine               - engineServices: [class com.almasb.fxgl.app.services.FXGLAssetLoaderService, class com.almasb.fxgl.app.FXGLApplication$GameApplicationService, class com.almasb.fxgl.app.services.FXGLDialogService, class com.almasb.fxgl.app.services.IOTaskExecutorService, class com.almasb.fxgl.io.FileSystemService, class com.almasb.fxgl.localization.LocalizationService, class com.almasb.fxgl.app.services.SystemBundleService, class com.almasb.fxgl.profile.SaveLoadService, class com.almasb.fxgl.ui.FXGLUIFactoryServiceProvider, class com.almasb.fxgl.ui.FXGLDialogFactoryServiceProvider, class com.almasb.fxgl.audio.AudioPlayer, class com.almasb.fxgl.notification.impl.NotificationServiceProvider, class com.almasb.fxgl.achievement.AchievementService, class com.almasb.fxgl.cutscene.CutsceneService, class com.almasb.fxgl.minigames.MiniGameService, class com.almasb.fxgl.net.NetService, class com.almasb.fxgl.app.services.UpdaterService, class com.almasb.fxgl.dev.DevService]
19:31:16.713 [FXGL Background Thread 3 ] DEBUG Engine               - fontGame: Abel-Regular.ttf
19:31:16.713 [FXGL Background Thread 3 ] DEBUG Engine               - fontMono: TerminalLandMono-Regular.otf
19:31:16.713 [FXGL Background Thread 3 ] DEBUG Engine               - fontText: Courier-Prime.ttf
19:31:16.714 [FXGL Background Thread 3 ] DEBUG Engine               - fontUI: VarelaRound-Regular.ttf
19:31:16.714 [FXGL Background Thread 3 ] DEBUG Engine               - fullScreen: BooleanProperty [value: false]
19:31:16.714 [FXGL Background Thread 3 ] DEBUG Engine               - gameDifficulty: MEDIUM
19:31:16.714 [FXGL Background Thread 3 ] DEBUG Engine               - gameDifficultyProperty: ObjectProperty [value: MEDIUM]
19:31:16.714 [FXGL Background Thread 3 ] DEBUG Engine               - globalMusicVolume: 0.5
19:31:16.715 [FXGL Background Thread 3 ] DEBUG Engine               - globalMusicVolumeProperty: DoubleProperty [value: 0.5]
19:31:16.715 [FXGL Background Thread 3 ] DEBUG Engine               - globalSoundVolume: 0.5
19:31:16.715 [FXGL Background Thread 3 ] DEBUG Engine               - globalSoundVolumeProperty: DoubleProperty [value: 0.5]
19:31:16.715 [FXGL Background Thread 3 ] DEBUG Engine               - height: 600
19:31:16.715 [FXGL Background Thread 3 ] DEBUG Engine               - is3D: false
19:31:16.715 [FXGL Background Thread 3 ] DEBUG Engine               - isAndroid: false
19:31:16.715 [FXGL Background Thread 3 ] DEBUG Engine               - isBrowser: false
19:31:16.715 [FXGL Background Thread 3 ] DEBUG Engine               - isClickFeedbackEnabled: false
19:31:16.715 [FXGL Background Thread 3 ] DEBUG Engine               - isCloseConfirmation: true
19:31:16.716 [FXGL Background Thread 3 ] DEBUG Engine               - isDesktop: true
19:31:16.716 [FXGL Background Thread 3 ] DEBUG Engine               - isDeveloperMenuEnabled: false
19:31:16.716 [FXGL Background Thread 3 ] DEBUG Engine               - isEmbedded: false
19:31:16.716 [FXGL Background Thread 3 ] DEBUG Engine               - isEntityPreloadEnabled: true
19:31:16.716 [FXGL Background Thread 3 ] DEBUG Engine               - isExperimentalTiledLargeMap: false
19:31:16.716 [FXGL Background Thread 3 ] DEBUG Engine               - isFileSystemWriteAllowed: true
19:31:16.716 [FXGL Background Thread 3 ] DEBUG Engine               - isFullScreenAllowed: false
19:31:16.716 [FXGL Background Thread 3 ] DEBUG Engine               - isFullScreenFromStart: false
19:31:16.717 [FXGL Background Thread 3 ] DEBUG Engine               - isGameMenuEnabled: true
19:31:16.717 [FXGL Background Thread 3 ] DEBUG Engine               - isIOS: false
19:31:16.717 [FXGL Background Thread 3 ] DEBUG Engine               - isIntroEnabled: false
19:31:16.717 [FXGL Background Thread 3 ] DEBUG Engine               - isLinux: false
19:31:16.717 [FXGL Background Thread 3 ] DEBUG Engine               - isMac: true
19:31:16.717 [FXGL Background Thread 3 ] DEBUG Engine               - isMainMenuEnabled: true
19:31:16.717 [FXGL Background Thread 3 ] DEBUG Engine               - isManualResizeEnabled: false
19:31:16.717 [FXGL Background Thread 3 ] DEBUG Engine               - isMobile: false
19:31:16.717 [FXGL Background Thread 3 ] DEBUG Engine               - isNative: false
19:31:16.717 [FXGL Background Thread 3 ] DEBUG Engine               - isPauseMusicWhenMinimized: true
19:31:16.717 [FXGL Background Thread 3 ] DEBUG Engine               - isPreserveResizeRatio: false
19:31:16.718 [FXGL Background Thread 3 ] DEBUG Engine               - isProfilingEnabled: false
19:31:16.718 [FXGL Background Thread 3 ] DEBUG Engine               - isScaleAffectedOnResize: true
19:31:16.718 [FXGL Background Thread 3 ] DEBUG Engine               - isSingleStep: false
19:31:16.718 [FXGL Background Thread 3 ] DEBUG Engine               - isUserProfileEnabled: false
19:31:16.718 [FXGL Background Thread 3 ] DEBUG Engine               - isWindows: false
19:31:16.718 [FXGL Background Thread 3 ] DEBUG Engine               - language: ObjectProperty [value: ENGLISH]
19:31:16.718 [FXGL Background Thread 3 ] DEBUG Engine               - menuKey: ESCAPE
19:31:16.718 [FXGL Background Thread 3 ] DEBUG Engine               - mouseSensitivity: 0.2
19:31:16.718 [FXGL Background Thread 3 ] DEBUG Engine               - notificationViewClass: class com.almasb.fxgl.notification.view.XboxNotificationView
19:31:16.718 [FXGL Background Thread 3 ] DEBUG Engine               - pixelsPerMeter: 50.0
19:31:16.719 [FXGL Background Thread 3 ] DEBUG Engine               - platform: MAC
19:31:16.719 [FXGL Background Thread 3 ] DEBUG Engine               - prefHeightProperty: ReadOnlyDoubleProperty [value: 600.0]
19:31:16.719 [FXGL Background Thread 3 ] DEBUG Engine               - prefWidthProperty: ReadOnlyDoubleProperty [value: 450.0]
19:31:16.719 [FXGL Background Thread 3 ] DEBUG Engine               - profileDir: profiles/
19:31:16.719 [FXGL Background Thread 3 ] DEBUG Engine               - profileName: StringProperty [value: DEFAULT]
19:31:16.719 [FXGL Background Thread 3 ] DEBUG Engine               - randomSeed: -1
19:31:16.719 [FXGL Background Thread 3 ] DEBUG Engine               - runtimeInfo: RuntimeInfo(platform=MAC, version=17.2, build=20.08.2022 16.50)
19:31:16.720 [FXGL Background Thread 3 ] DEBUG Engine               - saveFileExt: sav
19:31:16.720 [FXGL Background Thread 3 ] DEBUG Engine               - scaledHeightProp$fxgl: DoubleProperty [bound, value: 600.0]
19:31:16.720 [FXGL Background Thread 3 ] DEBUG Engine               - scaledWidthProp$fxgl: DoubleProperty [bound, value: 450.0]
19:31:16.720 [FXGL Background Thread 3 ] DEBUG Engine               - sceneFactory: com.ood.spacexinvader.GameStart$1@c8ae04e
19:31:16.720 [FXGL Background Thread 3 ] DEBUG Engine               - secondsIn24h: 60
19:31:16.720 [FXGL Background Thread 3 ] DEBUG Engine               - soundMenuBack: menu/back.wav
19:31:16.720 [FXGL Background Thread 3 ] DEBUG Engine               - soundMenuPress: menu/press.wav
19:31:16.720 [FXGL Background Thread 3 ] DEBUG Engine               - soundMenuSelect: menu/select.wav
19:31:16.720 [FXGL Background Thread 3 ] DEBUG Engine               - soundNotification: core/notification.wav
19:31:16.720 [FXGL Background Thread 3 ] DEBUG Engine               - stageStyle: DECORATED
19:31:16.720 [FXGL Background Thread 3 ] DEBUG Engine               - supportedLanguages: [ENGLISH, FRENCH, GERMAN, HUNGARIAN, RUSSIAN]
19:31:16.720 [FXGL Background Thread 3 ] DEBUG Engine               - ticksPerSecond: -1
19:31:16.721 [FXGL Background Thread 3 ] DEBUG Engine               - title: SpaceX Invader
19:31:16.721 [FXGL Background Thread 3 ] DEBUG Engine               - urlGithub: https://github.com/AlmasB/FXGL
19:31:16.721 [FXGL Background Thread 3 ] DEBUG Engine               - urlLeaderboard: http://fxgl-top.herokuapp.com/
19:31:16.721 [FXGL Background Thread 3 ] DEBUG Engine               - urlPOM: https://raw.githubusercontent.com/AlmasB/FXGL/release/README.md
19:31:16.721 [FXGL Background Thread 3 ] DEBUG Engine               - userAppClass: class com.ood.spacexinvader.GameStart
19:31:16.721 [FXGL Background Thread 3 ] DEBUG Engine               - version: 0.0
19:31:16.721 [FXGL Background Thread 3 ] DEBUG Engine               - versionCheckDays: 7
19:31:16.721 [FXGL Background Thread 3 ] DEBUG Engine               - width: 450
19:31:16.721 [FXGL Background Thread 3 ] DEBUG Engine               - Logging services
19:31:16.721 [FXGL Background Thread 3 ] DEBUG Engine               - class com.almasb.fxgl.app.services.FXGLAssetLoaderService
19:31:16.721 [FXGL Background Thread 3 ] DEBUG Engine               - class com.almasb.fxgl.app.FXGLApplication$GameApplicationService
19:31:16.721 [FXGL Background Thread 3 ] DEBUG Engine               - class com.almasb.fxgl.app.services.FXGLDialogService
19:31:16.721 [FXGL Background Thread 3 ] DEBUG Engine               - class com.almasb.fxgl.app.services.IOTaskExecutorService
19:31:16.721 [FXGL Background Thread 3 ] DEBUG Engine               - class com.almasb.fxgl.io.FileSystemService
19:31:16.721 [FXGL Background Thread 3 ] DEBUG Engine               - class com.almasb.fxgl.localization.LocalizationService
19:31:16.722 [FXGL Background Thread 3 ] DEBUG Engine               - class com.almasb.fxgl.app.services.SystemBundleService
19:31:16.722 [FXGL Background Thread 3 ] DEBUG Engine               - class com.almasb.fxgl.profile.SaveLoadService
19:31:16.722 [FXGL Background Thread 3 ] DEBUG Engine               - class com.almasb.fxgl.ui.FXGLUIFactoryServiceProvider
19:31:16.722 [FXGL Background Thread 3 ] DEBUG Engine               - class com.almasb.fxgl.ui.FXGLDialogFactoryServiceProvider
19:31:16.722 [FXGL Background Thread 3 ] DEBUG Engine               - class com.almasb.fxgl.audio.AudioPlayer
19:31:16.722 [FXGL Background Thread 3 ] DEBUG Engine               - class com.almasb.fxgl.notification.impl.NotificationServiceProvider
19:31:16.722 [FXGL Background Thread 3 ] DEBUG Engine               - class com.almasb.fxgl.achievement.AchievementService
19:31:16.722 [FXGL Background Thread 3 ] DEBUG Engine               - class com.almasb.fxgl.cutscene.CutsceneService
19:31:16.722 [FXGL Background Thread 3 ] DEBUG Engine               - class com.almasb.fxgl.minigames.MiniGameService
19:31:16.722 [FXGL Background Thread 3 ] DEBUG Engine               - class com.almasb.fxgl.net.NetService
19:31:16.722 [FXGL Background Thread 3 ] DEBUG Engine               - class com.almasb.fxgl.app.services.UpdaterService
19:31:16.722 [FXGL Background Thread 3 ] DEBUG Engine               - class com.almasb.fxgl.dev.DevService
19:31:17.840 [JavaFX Application Thread] DEBUG PrimaryStageWindow   - Push state: DialogSubScene
19:31:17.840 [JavaFX Application Thread] DEBUG Input                - Clearing active input actions
19:31:17.841 [JavaFX Application Thread] DEBUG GameApplicationServi - Removing overlay from MainMenu and adding to DialogSubScene
19:31:17.841 [JavaFX Application Thread] DEBUG PrimaryStageWindow   - MainMenu -> DialogSubScene
19:31:18.581 [JavaFX Application Thread] DEBUG PrimaryStageWindow   - Pop state: DialogSubScene
19:31:18.581 [JavaFX Application Thread] DEBUG Input                - Clearing active input actions
19:31:18.582 [JavaFX Application Thread] DEBUG GameApplicationServi - Removing overlay from DialogSubScene and adding to MainMenu
19:31:18.583 [JavaFX Application Thread] DEBUG PrimaryStageWindow   - MainMenu <- DialogSubScene
19:31:18.584 [JavaFX Application Thread] DEBUG FXGLApplication      - Exiting FXGL
19:31:18.584 [JavaFX Application Thread] DEBUG LoopRunner           - Stopping loop
19:31:18.584 [JavaFX Application Thread] DEBUG SystemBundleService  - Saving FXGL system data
19:31:18.586 [JavaFX Application Thread] DEBUG FileSystemAccess     - Writing to: /Users/hiimecho/Documents/Coding/Java/Coding/SpaceX-Invader/system/fxgl.bundle
19:31:18.588 [JavaFX Application Thread] DEBUG Async                - Shutting down background threads
19:31:18.589 [JavaFX Application Thread] DEBUG PrimaryStageWindow   - Closing main window
19:31:18.598 [JavaFX Application Thread] DEBUG Logger               - Closing Logger
