11:33:19.222 [main                     ] DEBUG Logger               - Configured Logger
11:33:19.259 [main                     ] DEBUG GameApplication      - Logging settings
Title: SpaceX Invader
Version: 0.0
Width: 450
Height: 600
Fullscreen: false
Intro: false
Profiling: false
Single step:false
App Mode: DEVELOPER
Menu Key: ESCAPE
Stage Style: DECORATED
Scene Factory: class com.ood.spacexinvader.GameStart$1

11:33:19.899 [JavaFX Application Thread] DEBUG FXGLApplication      - Initializing FXGL
11:33:19.907 [JavaFX Application Thread] INFO  Engine               - FXGL-17.2 (20.08.2022 16.50) on MAC (J:17.0.3 FX:17.0.2-ea)
11:33:19.908 [JavaFX Application Thread] DEBUG Engine               - JRE Vendor Name: Eclipse Adoptium
11:33:19.908 [JavaFX Application Thread] DEBUG Engine               - Running on OS: Mac OS X version 13.1
11:33:19.908 [JavaFX Application Thread] DEBUG Engine               - Architecture: x86_64
11:33:19.909 [JavaFX Application Thread] INFO  Engine               - Source code and latest versions at: https://github.com/AlmasB/FXGL
11:33:19.909 [JavaFX Application Thread] INFO  Engine               -       Ask questions and discuss at: https://github.com/AlmasB/FXGL/discussions
11:33:19.909 [JavaFX Application Thread] INFO  Engine               -              Join the FXGL chat at: https://gitter.im/AlmasB/FXGL
11:33:20.074 [JavaFX Application Thread] DEBUG PrimaryStageWindow   - Creating a JavaFX scene
11:33:20.148 [JavaFX Application Thread] DEBUG PrimaryStageWindow   - Target settings size: 450.0 x 600.0
11:33:20.148 [JavaFX Application Thread] DEBUG PrimaryStageWindow   - Scaled scene size:    450.0 x 600.0
11:33:20.149 [JavaFX Application Thread] DEBUG PrimaryStageWindow   - Scaled ratio: (1.0, 1.0)
11:33:20.151 [JavaFX Application Thread] DEBUG PrimaryStageWindow   - Set initial scene to FXGLStartupScene
11:33:20.165 [JavaFX Application Thread] DEBUG PrimaryStageWindow   - Opening main window
11:33:20.322 [JavaFX Application Thread] DEBUG PrimaryStageWindow   - Window border size: (0.0, 28.0)
11:33:20.323 [JavaFX Application Thread] DEBUG PrimaryStageWindow   - Scaled size: 450.0 x 600.0
11:33:20.324 [JavaFX Application Thread] DEBUG PrimaryStageWindow   - Scaled ratio: (1.0, 1.0)
11:33:20.325 [JavaFX Application Thread] DEBUG PrimaryStageWindow   - Scene size: 450.0 x 600.0
11:33:20.325 [JavaFX Application Thread] DEBUG PrimaryStageWindow   - Stage size: 450.0 x 628.0
11:33:20.337 [FXGL Background Thread 1 ] DEBUG Engine               - Initializing environment variables
11:33:20.471 [FXGL Background Thread 1 ] DEBUG FXGLAssetLoaderServi - User app class for loading assets: class com.ood.spacexinvader.GameStart
11:33:20.472 [FXGL Background Thread 1 ] DEBUG GameApplicationServi - Applying CSS: fxgl_dark.css
11:33:20.473 [FXGL Background Thread 1 ] DEBUG FXGLAssetLoaderServi - Loading from file system: jar:file:///Users/leowong/.gradle/caches/modules-2/files-2.1/com.github.almasb/fxgl/17.2/35db6ae960eec2dcfd19262d3b7f9c42f0e95bc3/fxgl-17.2.jar!/fxglassets/ui/css/fxgl_dark.css
11:33:20.671 [FXGL Background Thread 1 ] DEBUG GameApplicationServi - Initializing application scenes
11:33:21.167 [FXGL Background Thread 1 ] DEBUG GameWorld            - Game world initialized
11:33:21.243 [FXGL Background Thread 1 ] DEBUG PhysicsWorld         - Physics world initialized: appHeight=600, physics.ppm=50.0
11:33:21.244 [FXGL Background Thread 1 ] DEBUG PhysicsWorld         - Using strategy: BRUTE_FORCE
11:33:21.249 [FXGL Background Thread 1 ] DEBUG GameScene            - Game scene initialized: 450x600
11:33:21.338 [FXGL Background Thread 1 ] DEBUG GameApplicationServi - Application scenes initialized
11:33:21.363 [FXGL Background Thread 1 ] DEBUG SystemBundleService  - Loading FXGL system data
11:33:21.371 [FXGL Background Thread 1 ] DEBUG FileSystemAccess     - Reading from: /Users/leowong/IdeaProjects/SpaceX-Invader/system/fxgl.bundle
11:33:21.381 [FXGL Background Thread 1 ] DEBUG SystemBundleService  - Bundle FXGL: {}
11:33:21.382 [FXGL Background Thread 1 ] DEBUG UpdaterService       - Checking for updates
11:33:21.390 [FXGL Background Thread 4 ] DEBUG FXGLApplication      - Loading fonts
11:33:21.390 [FXGL Background Thread 4 ] DEBUG FXGLAssetLoaderServi - Loading from file system: jar:file:///Users/leowong/.gradle/caches/modules-2/files-2.1/com.github.almasb/fxgl/17.2/35db6ae960eec2dcfd19262d3b7f9c42f0e95bc3/fxgl-17.2.jar!/fxglassets/ui/fonts/VarelaRound-Regular.ttf
11:33:21.391 [FXGL Background Thread 1 ] DEBUG FXGLApplication      - Loading default localization
11:33:21.391 [FXGL Background Thread 1 ] DEBUG FXGLAssetLoaderServi - Loading from file system: jar:file:///Users/leowong/.gradle/caches/modules-2/files-2.1/com.github.almasb/fxgl/17.2/35db6ae960eec2dcfd19262d3b7f9c42f0e95bc3/fxgl-17.2.jar!/fxglassets/languages/english.lang
11:33:21.414 [FXGL Background Thread 1 ] INFO  FXGLApplication      - FXGL initialization took: 1.077 sec
11:33:21.426 [JavaFX Application Thread] DEBUG Input                - Registered new binding: Left - A
11:33:21.426 [JavaFX Application Thread] DEBUG Input                - Registered new binding: Right - D
11:33:21.426 [JavaFX Application Thread] DEBUG Input                - Registered new binding: Shoot - J
11:33:21.426 [JavaFX Application Thread] DEBUG FXGLAssetLoaderServi - Loading from file system: jar:file:///Users/leowong/IdeaProjects/SpaceX-Invader/build/libs/SpaceX-Invader-1.0-SNAPSHOT.jar!/assets/textures/icon/spacex-invader-favicon-black.png
11:33:21.444 [FXGL Background Thread 4 ] DEBUG FXGLAssetLoaderServi - Loading from file system: jar:file:///Users/leowong/.gradle/caches/modules-2/files-2.1/com.github.almasb/fxgl/17.2/35db6ae960eec2dcfd19262d3b7f9c42f0e95bc3/fxgl-17.2.jar!/fxglassets/ui/fonts/Abel-Regular.ttf
11:33:21.449 [FXGL Background Thread 4 ] DEBUG FXGLAssetLoaderServi - Loading from file system: jar:file:///Users/leowong/.gradle/caches/modules-2/files-2.1/com.github.almasb/fxgl/17.2/35db6ae960eec2dcfd19262d3b7f9c42f0e95bc3/fxgl-17.2.jar!/fxglassets/ui/fonts/TerminalLandMono-Regular.otf
11:33:21.454 [FXGL Background Thread 4 ] DEBUG FXGLAssetLoaderServi - Loading from file system: jar:file:///Users/leowong/.gradle/caches/modules-2/files-2.1/com.github.almasb/fxgl/17.2/35db6ae960eec2dcfd19262d3b7f9c42f0e95bc3/fxgl-17.2.jar!/fxglassets/ui/fonts/Courier-Prime.ttf
11:33:21.464 [JavaFX Application Thread] DEBUG FXGLAssetLoaderServi - Loading from file system: jar:file:///Users/leowong/.gradle/caches/modules-2/files-2.1/com.github.almasb/fxgl/17.2/35db6ae960eec2dcfd19262d3b7f9c42f0e95bc3/fxgl-17.2.jar!/fxglassets/textures/fxgl_default_cursor.png
11:33:21.469 [JavaFX Application Thread] DEBUG Input                - Registered new binding: Screenshot - CTRL+8
11:33:21.470 [JavaFX Application Thread] DEBUG Input                - Registered new binding: System info dump - CTRL+9
11:33:21.470 [JavaFX Application Thread] DEBUG Input                - Registered new binding: Restart - CTRL+R
11:33:21.471 [JavaFX Application Thread] DEBUG Input                - Registered new binding: Toggle Debug Camera - CTRL+7
11:33:21.474 [JavaFX Application Thread] DEBUG LoopRunner           - Starting loop
11:33:21.474 [JavaFX Application Thread] DEBUG LoopRunner           - Initializing JavaFX AnimationTimerLoop
11:33:21.477 [JavaFX Application Thread] DEBUG Input                - Clearing active input actions
11:33:21.487 [JavaFX Application Thread] DEBUG GameApplicationServi - Removing overlay from FXGLStartupScene and adding to FXGLMainMenuDummyScene
11:33:21.488 [JavaFX Application Thread] DEBUG PrimaryStageWindow   - FXGLStartupScene -> FXGLMainMenuDummyScene
11:33:21.488 [JavaFX Application Thread] DEBUG PrimaryStageWindow   - Push state: MainMenu
11:33:21.488 [JavaFX Application Thread] DEBUG Input                - Clearing active input actions
11:33:21.499 [JavaFX Application Thread] DEBUG GameApplicationServi - Removing overlay from FXGLMainMenuDummyScene and adding to MainMenu
11:33:21.500 [JavaFX Application Thread] DEBUG PrimaryStageWindow   - FXGLMainMenuDummyScene -> MainMenu
11:33:21.561 [JavaFX Application Thread] DEBUG FXGLApplication      - Registering font factories with UI factory
11:33:23.378 [JavaFX Application Thread] DEBUG Menu                 - fireNewGame()
11:33:23.378 [JavaFX Application Thread] DEBUG GameApplicationServi - Starting new game
11:33:23.378 [JavaFX Application Thread] DEBUG PrimaryStageWindow   - Pop state: MainMenu
11:33:23.379 [JavaFX Application Thread] DEBUG Input                - Clearing active input actions
11:33:23.379 [JavaFX Application Thread] DEBUG GameApplicationServi - Removing overlay from MainMenu and adding to FXGLMainMenuDummyScene
11:33:23.380 [JavaFX Application Thread] DEBUG PrimaryStageWindow   - FXGLMainMenuDummyScene <- MainMenu
11:33:23.380 [JavaFX Application Thread] DEBUG Input                - Clearing active input actions
11:33:23.390 [JavaFX Application Thread] DEBUG GameApplicationServi - Removing overlay from FXGLMainMenuDummyScene and adding to FXGLLoadingScene
11:33:23.391 [JavaFX Application Thread] DEBUG PrimaryStageWindow   - FXGLMainMenuDummyScene -> FXGLLoadingScene
11:33:23.391 [JavaFX Application Thread] DEBUG GameApplicationServi - Clearing previous game
11:33:23.391 [JavaFX Application Thread] DEBUG GameScene            - Clearing game scene
11:33:23.391 [JavaFX Application Thread] DEBUG GameWorld            - Clearing game world
11:33:23.392 [JavaFX Application Thread] DEBUG PhysicsWorld         - Clearing physics world
11:33:23.394 [FXGL Background Thread 2 ] DEBUG FXGLApplication      - Initializing game
11:33:23.401 [FXGL Background Thread 2 ] DEBUG FXGLAssetLoaderServi - Loading from file system: jar:file:///Users/leowong/IdeaProjects/SpaceX-Invader/build/libs/SpaceX-Invader-1.0-SNAPSHOT.jar!/assets/textures/enemy/alien.png
11:33:23.455 [FXGL Background Thread 2 ] DEBUG FXGLAssetLoaderServi - Loading from file system: jar:file:///Users/leowong/IdeaProjects/SpaceX-Invader/build/libs/SpaceX-Invader-1.0-SNAPSHOT.jar!/assets/textures/player/SpaceX.png
11:33:23.467 [FXGL Background Thread 2 ] INFO  FXGLApplication      - Game initialization took: 0.073 sec
11:33:23.468 [JavaFX Application Thread] DEBUG Input                - Clearing active input actions
11:33:23.478 [JavaFX Application Thread] DEBUG GameApplicationServi - Removing overlay from FXGLLoadingScene and adding to GameScene
11:33:23.478 [JavaFX Application Thread] DEBUG PrimaryStageWindow   - FXGLLoadingScene -> GameScene
11:33:24.391 [FXGL Background Thread 3 ] DEBUG Engine               - Logging environment variables
11:33:24.393 [FXGL Background Thread 3 ] DEBUG Engine               - achievements: []
11:33:24.394 [FXGL Background Thread 3 ] DEBUG Engine               - actualHeight: 600.0
11:33:24.394 [FXGL Background Thread 3 ] DEBUG Engine               - actualHeightProperty: ReadOnlyDoubleProperty [value: 600.0]
11:33:24.394 [FXGL Background Thread 3 ] DEBUG Engine               - actualWidth: 450.0
11:33:24.395 [FXGL Background Thread 3 ] DEBUG Engine               - actualWidthProperty: ReadOnlyDoubleProperty [value: 450.0]
11:33:24.395 [FXGL Background Thread 3 ] DEBUG Engine               - appIcon: icon/spacex-invader-favicon-black.png
11:33:24.395 [FXGL Background Thread 3 ] DEBUG Engine               - applicationMode: DEVELOPER
11:33:24.395 [FXGL Background Thread 3 ] DEBUG Engine               - cSSList: [fxgl_dark.css]
11:33:24.396 [FXGL Background Thread 3 ] DEBUG Engine               - collisionDetectionStrategy: BRUTE_FORCE
11:33:24.396 [FXGL Background Thread 3 ] DEBUG Engine               - configClass: Optional.empty
11:33:24.396 [FXGL Background Thread 3 ] DEBUG Engine               - credits: []
11:33:24.398 [FXGL Background Thread 3 ] DEBUG Engine               - defaultCursor: CursorInfo(imageName=fxgl_default_cursor.png, hotspotX=7.0, hotspotY=6.0)
11:33:24.399 [FXGL Background Thread 3 ] DEBUG Engine               - devBBoxColorProperty: ObjectProperty [value: 0xff0000ff]
11:33:24.399 [FXGL Background Thread 3 ] DEBUG Engine               - devEnableDebugCameraProperty: BooleanProperty [value: false]
11:33:24.399 [FXGL Background Thread 3 ] DEBUG Engine               - devSensorColorProperty: ObjectProperty [value: 0xffff00ff]
11:33:24.399 [FXGL Background Thread 3 ] DEBUG Engine               - devShowBBoxProperty: BooleanProperty [value: false]
11:33:24.400 [FXGL Background Thread 3 ] DEBUG Engine               - devShowPositionProperty: BooleanProperty [value: false]
11:33:24.400 [FXGL Background Thread 3 ] DEBUG Engine               - enabledMenuItems: []
11:33:24.400 [FXGL Background Thread 3 ] DEBUG Engine               - engineServices: [class com.almasb.fxgl.app.services.FXGLAssetLoaderService, class com.almasb.fxgl.app.FXGLApplication$GameApplicationService, class com.almasb.fxgl.app.services.FXGLDialogService, class com.almasb.fxgl.app.services.IOTaskExecutorService, class com.almasb.fxgl.io.FileSystemService, class com.almasb.fxgl.localization.LocalizationService, class com.almasb.fxgl.app.services.SystemBundleService, class com.almasb.fxgl.profile.SaveLoadService, class com.almasb.fxgl.ui.FXGLUIFactoryServiceProvider, class com.almasb.fxgl.ui.FXGLDialogFactoryServiceProvider, class com.almasb.fxgl.audio.AudioPlayer, class com.almasb.fxgl.notification.impl.NotificationServiceProvider, class com.almasb.fxgl.achievement.AchievementService, class com.almasb.fxgl.cutscene.CutsceneService, class com.almasb.fxgl.minigames.MiniGameService, class com.almasb.fxgl.net.NetService, class com.almasb.fxgl.app.services.UpdaterService, class com.almasb.fxgl.dev.DevService]
11:33:24.400 [FXGL Background Thread 3 ] DEBUG Engine               - fontGame: Abel-Regular.ttf
11:33:24.400 [FXGL Background Thread 3 ] DEBUG Engine               - fontMono: TerminalLandMono-Regular.otf
11:33:24.401 [FXGL Background Thread 3 ] DEBUG Engine               - fontText: Courier-Prime.ttf
11:33:24.401 [FXGL Background Thread 3 ] DEBUG Engine               - fontUI: VarelaRound-Regular.ttf
11:33:24.401 [FXGL Background Thread 3 ] DEBUG Engine               - fullScreen: BooleanProperty [value: false]
11:33:24.401 [FXGL Background Thread 3 ] DEBUG Engine               - gameDifficulty: MEDIUM
11:33:24.401 [FXGL Background Thread 3 ] DEBUG Engine               - gameDifficultyProperty: ObjectProperty [value: MEDIUM]
11:33:24.401 [FXGL Background Thread 3 ] DEBUG Engine               - globalMusicVolume: 0.5
11:33:24.401 [FXGL Background Thread 3 ] DEBUG Engine               - globalMusicVolumeProperty: DoubleProperty [value: 0.5]
11:33:24.402 [FXGL Background Thread 3 ] DEBUG Engine               - globalSoundVolume: 0.5
11:33:24.402 [FXGL Background Thread 3 ] DEBUG Engine               - globalSoundVolumeProperty: DoubleProperty [value: 0.5]
11:33:24.402 [FXGL Background Thread 3 ] DEBUG Engine               - height: 600
11:33:24.402 [FXGL Background Thread 3 ] DEBUG Engine               - is3D: false
11:33:24.402 [FXGL Background Thread 3 ] DEBUG Engine               - isAndroid: false
11:33:24.402 [FXGL Background Thread 3 ] DEBUG Engine               - isBrowser: false
11:33:24.402 [FXGL Background Thread 3 ] DEBUG Engine               - isClickFeedbackEnabled: false
11:33:24.402 [FXGL Background Thread 3 ] DEBUG Engine               - isCloseConfirmation: true
11:33:24.402 [FXGL Background Thread 3 ] DEBUG Engine               - isDesktop: true
11:33:24.403 [FXGL Background Thread 3 ] DEBUG Engine               - isDeveloperMenuEnabled: false
11:33:24.403 [FXGL Background Thread 3 ] DEBUG Engine               - isEmbedded: false
11:33:24.403 [FXGL Background Thread 3 ] DEBUG Engine               - isEntityPreloadEnabled: true
11:33:24.403 [FXGL Background Thread 3 ] DEBUG Engine               - isExperimentalTiledLargeMap: false
11:33:24.403 [FXGL Background Thread 3 ] DEBUG Engine               - isFileSystemWriteAllowed: true
11:33:24.403 [FXGL Background Thread 3 ] DEBUG Engine               - isFullScreenAllowed: false
11:33:24.403 [FXGL Background Thread 3 ] DEBUG Engine               - isFullScreenFromStart: false
11:33:24.403 [FXGL Background Thread 3 ] DEBUG Engine               - isGameMenuEnabled: true
11:33:24.404 [FXGL Background Thread 3 ] DEBUG Engine               - isIOS: false
11:33:24.404 [FXGL Background Thread 3 ] DEBUG Engine               - isIntroEnabled: false
11:33:24.404 [FXGL Background Thread 3 ] DEBUG Engine               - isLinux: false
11:33:24.404 [FXGL Background Thread 3 ] DEBUG Engine               - isMac: true
11:33:24.404 [FXGL Background Thread 3 ] DEBUG Engine               - isMainMenuEnabled: true
11:33:24.405 [FXGL Background Thread 3 ] DEBUG Engine               - isManualResizeEnabled: false
11:33:24.405 [FXGL Background Thread 3 ] DEBUG Engine               - isMobile: false
11:33:24.405 [FXGL Background Thread 3 ] DEBUG Engine               - isNative: false
11:33:24.405 [FXGL Background Thread 3 ] DEBUG Engine               - isPauseMusicWhenMinimized: true
11:33:24.405 [FXGL Background Thread 3 ] DEBUG Engine               - isPreserveResizeRatio: false
11:33:24.405 [FXGL Background Thread 3 ] DEBUG Engine               - isProfilingEnabled: false
11:33:24.405 [FXGL Background Thread 3 ] DEBUG Engine               - isScaleAffectedOnResize: true
11:33:24.406 [FXGL Background Thread 3 ] DEBUG Engine               - isSingleStep: false
11:33:24.406 [FXGL Background Thread 3 ] DEBUG Engine               - isUserProfileEnabled: false
11:33:24.406 [FXGL Background Thread 3 ] DEBUG Engine               - isWindows: false
11:33:24.406 [FXGL Background Thread 3 ] DEBUG Engine               - language: ObjectProperty [value: ENGLISH]
11:33:24.406 [FXGL Background Thread 3 ] DEBUG Engine               - menuKey: ESCAPE
11:33:24.406 [FXGL Background Thread 3 ] DEBUG Engine               - mouseSensitivity: 0.2
11:33:24.407 [FXGL Background Thread 3 ] DEBUG Engine               - notificationViewClass: class com.almasb.fxgl.notification.view.XboxNotificationView
11:33:24.407 [FXGL Background Thread 3 ] DEBUG Engine               - pixelsPerMeter: 50.0
11:33:24.407 [FXGL Background Thread 3 ] DEBUG Engine               - platform: MAC
11:33:24.407 [FXGL Background Thread 3 ] DEBUG Engine               - prefHeightProperty: ReadOnlyDoubleProperty [value: 600.0]
11:33:24.407 [FXGL Background Thread 3 ] DEBUG Engine               - prefWidthProperty: ReadOnlyDoubleProperty [value: 450.0]
11:33:24.407 [FXGL Background Thread 3 ] DEBUG Engine               - profileDir: profiles/
11:33:24.407 [FXGL Background Thread 3 ] DEBUG Engine               - profileName: StringProperty [value: DEFAULT]
11:33:24.407 [FXGL Background Thread 3 ] DEBUG Engine               - randomSeed: -1
11:33:24.408 [FXGL Background Thread 3 ] DEBUG Engine               - runtimeInfo: RuntimeInfo(platform=MAC, version=17.2, build=20.08.2022 16.50)
11:33:24.408 [FXGL Background Thread 3 ] DEBUG Engine               - saveFileExt: sav
11:33:24.408 [FXGL Background Thread 3 ] DEBUG Engine               - scaledHeightProp$fxgl: DoubleProperty [bound, value: 600.0]
11:33:24.408 [FXGL Background Thread 3 ] DEBUG Engine               - scaledWidthProp$fxgl: DoubleProperty [bound, value: 450.0]
11:33:24.408 [FXGL Background Thread 3 ] DEBUG Engine               - sceneFactory: com.ood.spacexinvader.GameStart$1@1035285f
11:33:24.409 [FXGL Background Thread 3 ] DEBUG Engine               - secondsIn24h: 60
11:33:24.409 [FXGL Background Thread 3 ] DEBUG Engine               - soundMenuBack: menu/back.wav
11:33:24.409 [FXGL Background Thread 3 ] DEBUG Engine               - soundMenuPress: menu/press.wav
11:33:24.409 [FXGL Background Thread 3 ] DEBUG Engine               - soundMenuSelect: menu/select.wav
11:33:24.409 [FXGL Background Thread 3 ] DEBUG Engine               - soundNotification: core/notification.wav
11:33:24.409 [FXGL Background Thread 3 ] DEBUG Engine               - stageStyle: DECORATED
11:33:24.409 [FXGL Background Thread 3 ] DEBUG Engine               - supportedLanguages: [ENGLISH, FRENCH, GERMAN, HUNGARIAN, RUSSIAN]
11:33:24.409 [FXGL Background Thread 3 ] DEBUG Engine               - ticksPerSecond: -1
11:33:24.409 [FXGL Background Thread 3 ] DEBUG Engine               - title: SpaceX Invader
11:33:24.409 [FXGL Background Thread 3 ] DEBUG Engine               - urlGithub: https://github.com/AlmasB/FXGL
11:33:24.410 [FXGL Background Thread 3 ] DEBUG Engine               - urlLeaderboard: http://fxgl-top.herokuapp.com/
11:33:24.410 [FXGL Background Thread 3 ] DEBUG Engine               - urlPOM: https://raw.githubusercontent.com/AlmasB/FXGL/release/README.md
11:33:24.410 [FXGL Background Thread 3 ] DEBUG Engine               - userAppClass: class com.ood.spacexinvader.GameStart
11:33:24.410 [FXGL Background Thread 3 ] DEBUG Engine               - version: 0.0
11:33:24.410 [FXGL Background Thread 3 ] DEBUG Engine               - versionCheckDays: 7
11:33:24.410 [FXGL Background Thread 3 ] DEBUG Engine               - width: 450
11:33:24.410 [FXGL Background Thread 3 ] DEBUG Engine               - Logging services
11:33:24.410 [FXGL Background Thread 3 ] DEBUG Engine               - class com.almasb.fxgl.app.services.FXGLAssetLoaderService
11:33:24.410 [FXGL Background Thread 3 ] DEBUG Engine               - class com.almasb.fxgl.app.FXGLApplication$GameApplicationService
11:33:24.411 [FXGL Background Thread 3 ] DEBUG Engine               - class com.almasb.fxgl.app.services.FXGLDialogService
11:33:24.411 [FXGL Background Thread 3 ] DEBUG Engine               - class com.almasb.fxgl.app.services.IOTaskExecutorService
11:33:24.411 [FXGL Background Thread 3 ] DEBUG Engine               - class com.almasb.fxgl.io.FileSystemService
11:33:24.411 [FXGL Background Thread 3 ] DEBUG Engine               - class com.almasb.fxgl.localization.LocalizationService
11:33:24.411 [FXGL Background Thread 3 ] DEBUG Engine               - class com.almasb.fxgl.app.services.SystemBundleService
11:33:24.411 [FXGL Background Thread 3 ] DEBUG Engine               - class com.almasb.fxgl.profile.SaveLoadService
11:33:24.411 [FXGL Background Thread 3 ] DEBUG Engine               - class com.almasb.fxgl.ui.FXGLUIFactoryServiceProvider
11:33:24.411 [FXGL Background Thread 3 ] DEBUG Engine               - class com.almasb.fxgl.ui.FXGLDialogFactoryServiceProvider
11:33:24.412 [FXGL Background Thread 3 ] DEBUG Engine               - class com.almasb.fxgl.audio.AudioPlayer
11:33:24.412 [FXGL Background Thread 3 ] DEBUG Engine               - class com.almasb.fxgl.notification.impl.NotificationServiceProvider
11:33:24.412 [FXGL Background Thread 3 ] DEBUG Engine               - class com.almasb.fxgl.achievement.AchievementService
11:33:24.412 [FXGL Background Thread 3 ] DEBUG Engine               - class com.almasb.fxgl.cutscene.CutsceneService
11:33:24.412 [FXGL Background Thread 3 ] DEBUG Engine               - class com.almasb.fxgl.minigames.MiniGameService
11:33:24.412 [FXGL Background Thread 3 ] DEBUG Engine               - class com.almasb.fxgl.net.NetService
11:33:24.412 [FXGL Background Thread 3 ] DEBUG Engine               - class com.almasb.fxgl.app.services.UpdaterService
11:33:24.412 [FXGL Background Thread 3 ] DEBUG Engine               - class com.almasb.fxgl.dev.DevService
11:33:24.812 [JavaFX Application Thread] DEBUG FXGLAssetLoaderServi - Loading from file system: jar:file:///Users/leowong/IdeaProjects/SpaceX-Invader/build/libs/SpaceX-Invader-1.0-SNAPSHOT.jar!/assets/sounds/bullet.wav
11:33:36.429 [JavaFX Application Thread] DEBUG PrimaryStageWindow   - Push state: DialogSubScene
11:33:36.429 [JavaFX Application Thread] DEBUG Input                - Clearing active input actions
11:33:36.430 [JavaFX Application Thread] DEBUG GameApplicationServi - Removing overlay from GameScene and adding to DialogSubScene
11:33:36.431 [JavaFX Application Thread] DEBUG PrimaryStageWindow   - GameScene -> DialogSubScene
11:33:38.297 [JavaFX Application Thread] DEBUG PrimaryStageWindow   - Pop state: DialogSubScene
11:33:38.298 [JavaFX Application Thread] DEBUG Input                - Clearing active input actions
11:33:38.298 [JavaFX Application Thread] DEBUG GameApplicationServi - Removing overlay from DialogSubScene and adding to GameScene
11:33:38.299 [JavaFX Application Thread] DEBUG PrimaryStageWindow   - GameScene <- DialogSubScene
11:33:38.299 [JavaFX Application Thread] DEBUG Input                - Clearing active input actions
11:33:38.304 [JavaFX Application Thread] DEBUG GameApplicationServi - Removing overlay from GameScene and adding to FXGLMainMenuDummyScene
11:33:38.304 [JavaFX Application Thread] DEBUG PrimaryStageWindow   - GameScene -> FXGLMainMenuDummyScene
11:33:38.304 [JavaFX Application Thread] DEBUG PrimaryStageWindow   - Push state: MainMenu
11:33:38.304 [JavaFX Application Thread] DEBUG Input                - Clearing active input actions
11:33:38.306 [JavaFX Application Thread] DEBUG GameApplicationServi - Removing overlay from FXGLMainMenuDummyScene and adding to MainMenu
11:33:38.306 [JavaFX Application Thread] DEBUG PrimaryStageWindow   - FXGLMainMenuDummyScene -> MainMenu
11:33:40.366 [JavaFX Application Thread] DEBUG PrimaryStageWindow   - Push state: DialogSubScene
11:33:40.366 [JavaFX Application Thread] DEBUG Input                - Clearing active input actions
11:33:40.368 [JavaFX Application Thread] DEBUG GameApplicationServi - Removing overlay from MainMenu and adding to DialogSubScene
11:33:40.368 [JavaFX Application Thread] DEBUG PrimaryStageWindow   - MainMenu -> DialogSubScene
11:33:41.407 [JavaFX Application Thread] DEBUG PrimaryStageWindow   - Pop state: DialogSubScene
11:33:41.408 [JavaFX Application Thread] DEBUG Input                - Clearing active input actions
11:33:41.408 [JavaFX Application Thread] DEBUG GameApplicationServi - Removing overlay from DialogSubScene and adding to MainMenu
11:33:41.409 [JavaFX Application Thread] DEBUG PrimaryStageWindow   - MainMenu <- DialogSubScene
11:33:41.409 [JavaFX Application Thread] DEBUG FXGLApplication      - Exiting FXGL
11:33:41.409 [JavaFX Application Thread] DEBUG LoopRunner           - Stopping loop
11:33:41.409 [JavaFX Application Thread] DEBUG SystemBundleService  - Saving FXGL system data
11:33:41.412 [JavaFX Application Thread] DEBUG FileSystemAccess     - Writing to: /Users/leowong/IdeaProjects/SpaceX-Invader/system/fxgl.bundle
11:33:41.414 [JavaFX Application Thread] DEBUG Async                - Shutting down background threads
11:33:41.414 [JavaFX Application Thread] DEBUG PrimaryStageWindow   - Closing main window
11:33:41.426 [JavaFX Application Thread] DEBUG Logger               - Closing Logger
