10:38:46.551 [main                     ] DEBUG Logger               - Configured Logger
10:38:46.591 [main                     ] DEBUG GameApplication      - Logging settings
Title: SpaceX Invader
Version: 0.0
Width: 450
Height: 600
Fullscreen: false
Intro: false
Profiling: false
Single step:false
App Mode: DEVELOPER
Menu Key: ESCAPE
Stage Style: DECORATED
Scene Factory: class com.almasb.fxgl.app.scene.SceneFactory

10:38:47.087 [JavaFX Application Thread] DEBUG FXGLApplication      - Initializing FXGL
10:38:47.093 [JavaFX Application Thread] INFO  Engine               - FXGL-17.2 (20.08.2022 16.50) on MAC (J:17.0.3 FX:17.0.2-ea)
10:38:47.094 [JavaFX Application Thread] DEBUG Engine               - JRE Vendor Name: Eclipse Adoptium
10:38:47.094 [JavaFX Application Thread] DEBUG Engine               - Running on OS: Mac OS X version 13.1
10:38:47.094 [JavaFX Application Thread] DEBUG Engine               - Architecture: x86_64
10:38:47.095 [JavaFX Application Thread] INFO  Engine               - Source code and latest versions at: https://github.com/AlmasB/FXGL
10:38:47.095 [JavaFX Application Thread] INFO  Engine               -       Ask questions and discuss at: https://github.com/AlmasB/FXGL/discussions
10:38:47.095 [JavaFX Application Thread] INFO  Engine               -              Join the FXGL chat at: https://gitter.im/AlmasB/FXGL
10:38:47.193 [JavaFX Application Thread] DEBUG PrimaryStageWindow   - Creating a JavaFX scene
10:38:47.258 [JavaFX Application Thread] DEBUG PrimaryStageWindow   - Target settings size: 450.0 x 600.0
10:38:47.259 [JavaFX Application Thread] DEBUG PrimaryStageWindow   - Scaled scene size:    450.0 x 600.0
10:38:47.259 [JavaFX Application Thread] DEBUG PrimaryStageWindow   - Scaled ratio: (1.0, 1.0)
10:38:47.260 [JavaFX Application Thread] DEBUG PrimaryStageWindow   - Set initial scene to FXGLStartupScene
10:38:47.271 [JavaFX Application Thread] DEBUG PrimaryStageWindow   - Opening main window
10:38:47.364 [JavaFX Application Thread] DEBUG PrimaryStageWindow   - Window border size: (0.0, 28.0)
10:38:47.364 [JavaFX Application Thread] DEBUG PrimaryStageWindow   - Scaled size: 450.0 x 600.0
10:38:47.364 [JavaFX Application Thread] DEBUG PrimaryStageWindow   - Scaled ratio: (1.0, 1.0)
10:38:47.365 [JavaFX Application Thread] DEBUG PrimaryStageWindow   - Scene size: 450.0 x 600.0
10:38:47.365 [JavaFX Application Thread] DEBUG PrimaryStageWindow   - Stage size: 450.0 x 628.0
10:38:47.371 [FXGL Background Thread 1 ] DEBUG Engine               - Initializing environment variables
10:38:47.413 [FXGL Background Thread 1 ] DEBUG FXGLAssetLoaderServi - User app class for loading assets: class com.ood.spacexinvader.GameStart
10:38:47.413 [FXGL Background Thread 1 ] DEBUG GameApplicationServi - Applying CSS: fxgl_dark.css
10:38:47.414 [FXGL Background Thread 1 ] DEBUG FXGLAssetLoaderServi - Loading from file system: jar:file:///Users/leowong/.gradle/caches/modules-2/files-2.1/com.github.almasb/fxgl/17.2/35db6ae960eec2dcfd19262d3b7f9c42f0e95bc3/fxgl-17.2.jar!/fxglassets/ui/css/fxgl_dark.css
10:38:47.476 [FXGL Background Thread 1 ] DEBUG GameApplicationServi - Initializing application scenes
10:38:47.776 [FXGL Background Thread 1 ] DEBUG GameWorld            - Game world initialized
10:38:47.846 [FXGL Background Thread 1 ] DEBUG PhysicsWorld         - Physics world initialized: appHeight=600, physics.ppm=50.0
10:38:47.846 [FXGL Background Thread 1 ] DEBUG PhysicsWorld         - Using strategy: BRUTE_FORCE
10:38:47.851 [FXGL Background Thread 1 ] DEBUG GameScene            - Game scene initialized: 450x600
10:38:47.864 [FXGL Background Thread 1 ] WARN  FXGL.DefaultMenu     - FXGLDefaultMenu is not designed for resolutions < 800x600
10:38:47.864 [FXGL Background Thread 1 ] DEBUG FXGL.DefaultMenu     - createMenuBodyGameMenu()
10:38:47.880 [FXGL Background Thread 1 ] DEBUG FXGL.DefaultMenu     - createOptionsMenu()
10:38:47.893 [FXGL Background Thread 1 ] DEBUG FXGLAssetLoaderServi - Loading from file system: jar:file:///Users/leowong/.gradle/caches/modules-2/files-2.1/com.github.almasb/fxgl/17.2/35db6ae960eec2dcfd19262d3b7f9c42f0e95bc3/fxgl-17.2.jar!/fxglassets/textures/particles/smoke.png
10:38:47.996 [FXGL Background Thread 1 ] DEBUG FXGLAssetLoaderServi - Loading from file system: jar:file:///Users/leowong/.gradle/caches/modules-2/files-2.1/com.github.almasb/fxgl/17.2/35db6ae960eec2dcfd19262d3b7f9c42f0e95bc3/fxgl-17.2.jar!/fxglassets/textures/particles/trace_horizontal.png
10:38:48.032 [FXGL Background Thread 1 ] DEBUG GameApplicationServi - Application scenes initialized
10:38:48.047 [FXGL Background Thread 1 ] DEBUG SystemBundleService  - Loading FXGL system data
10:38:48.053 [FXGL Background Thread 1 ] DEBUG FileSystemAccess     - Reading from: /Users/leowong/IdeaProjects/SpaceX-Invader/system/fxgl.bundle
10:38:48.063 [FXGL Background Thread 1 ] DEBUG SystemBundleService  - Bundle FXGL: {}
10:38:48.063 [FXGL Background Thread 1 ] DEBUG UpdaterService       - Checking for updates
10:38:48.067 [FXGL Background Thread 4 ] DEBUG FXGLApplication      - Loading fonts
10:38:48.068 [FXGL Background Thread 4 ] DEBUG FXGLAssetLoaderServi - Loading from file system: jar:file:///Users/leowong/.gradle/caches/modules-2/files-2.1/com.github.almasb/fxgl/17.2/35db6ae960eec2dcfd19262d3b7f9c42f0e95bc3/fxgl-17.2.jar!/fxglassets/ui/fonts/VarelaRound-Regular.ttf
10:38:48.068 [FXGL Background Thread 1 ] DEBUG FXGLApplication      - Loading default localization
10:38:48.068 [FXGL Background Thread 1 ] DEBUG FXGLAssetLoaderServi - Loading from file system: jar:file:///Users/leowong/.gradle/caches/modules-2/files-2.1/com.github.almasb/fxgl/17.2/35db6ae960eec2dcfd19262d3b7f9c42f0e95bc3/fxgl-17.2.jar!/fxglassets/languages/english.lang
10:38:48.079 [FXGL Background Thread 4 ] DEBUG FXGLAssetLoaderServi - Loading from file system: jar:file:///Users/leowong/.gradle/caches/modules-2/files-2.1/com.github.almasb/fxgl/17.2/35db6ae960eec2dcfd19262d3b7f9c42f0e95bc3/fxgl-17.2.jar!/fxglassets/ui/fonts/Abel-Regular.ttf
10:38:48.084 [FXGL Background Thread 4 ] DEBUG FXGLAssetLoaderServi - Loading from file system: jar:file:///Users/leowong/.gradle/caches/modules-2/files-2.1/com.github.almasb/fxgl/17.2/35db6ae960eec2dcfd19262d3b7f9c42f0e95bc3/fxgl-17.2.jar!/fxglassets/ui/fonts/TerminalLandMono-Regular.otf
10:38:48.088 [FXGL Background Thread 1 ] INFO  FXGLApplication      - FXGL initialization took: 0.716 sec
10:38:48.089 [JavaFX Application Thread] DEBUG FXGLAssetLoaderServi - Loading from file system: jar:file:///Users/leowong/IdeaProjects/SpaceX-Invader/build/libs/SpaceX-Invader-1.0-SNAPSHOT.jar!/assets/textures/icon/spacex-invader-favicon-black.png
10:38:48.091 [FXGL Background Thread 4 ] DEBUG FXGLAssetLoaderServi - Loading from file system: jar:file:///Users/leowong/.gradle/caches/modules-2/files-2.1/com.github.almasb/fxgl/17.2/35db6ae960eec2dcfd19262d3b7f9c42f0e95bc3/fxgl-17.2.jar!/fxglassets/ui/fonts/Courier-Prime.ttf
10:38:48.121 [JavaFX Application Thread] DEBUG FXGLAssetLoaderServi - Loading from file system: jar:file:///Users/leowong/.gradle/caches/modules-2/files-2.1/com.github.almasb/fxgl/17.2/35db6ae960eec2dcfd19262d3b7f9c42f0e95bc3/fxgl-17.2.jar!/fxglassets/textures/fxgl_default_cursor.png
10:38:48.136 [JavaFX Application Thread] DEBUG Input                - Registered new binding: Screenshot - CTRL+8
10:38:48.136 [JavaFX Application Thread] DEBUG Input                - Registered new binding: System info dump - CTRL+9
10:38:48.137 [JavaFX Application Thread] DEBUG Input                - Registered new binding: Restart - CTRL+R
10:38:48.137 [JavaFX Application Thread] DEBUG Input                - Registered new binding: Toggle Debug Camera - CTRL+7
10:38:48.139 [JavaFX Application Thread] DEBUG LoopRunner           - Starting loop
10:38:48.139 [JavaFX Application Thread] DEBUG LoopRunner           - Initializing JavaFX AnimationTimerLoop
10:38:48.140 [JavaFX Application Thread] DEBUG GameApplicationServi - Starting new game
10:38:48.141 [JavaFX Application Thread] DEBUG Input                - Clearing active input actions
10:38:48.151 [JavaFX Application Thread] DEBUG GameApplicationServi - Removing overlay from FXGLStartupScene and adding to FXGLLoadingScene
10:38:48.152 [JavaFX Application Thread] DEBUG PrimaryStageWindow   - FXGLStartupScene -> FXGLLoadingScene
10:38:48.152 [JavaFX Application Thread] DEBUG GameApplicationServi - Clearing previous game
10:38:48.152 [JavaFX Application Thread] DEBUG GameScene            - Clearing game scene
10:38:48.152 [JavaFX Application Thread] DEBUG GameWorld            - Clearing game world
10:38:48.152 [JavaFX Application Thread] DEBUG PhysicsWorld         - Clearing physics world
10:38:48.154 [FXGL Background Thread 4 ] DEBUG FXGLApplication      - Initializing game
10:38:48.157 [FXGL Background Thread 4 ] DEBUG FXGLAssetLoaderServi - Loading from file system: jar:file:///Users/leowong/IdeaProjects/SpaceX-Invader/build/libs/SpaceX-Invader-1.0-SNAPSHOT.jar!/assets/textures/SpaceX.png
10:38:48.187 [FXGL Background Thread 4 ] INFO  FXGLApplication      - Game initialization took: 0.033 sec
10:38:48.215 [JavaFX Application Thread] DEBUG FXGLApplication      - Registering font factories with UI factory
10:38:48.269 [JavaFX Application Thread] DEBUG Input                - Clearing active input actions
10:38:48.280 [JavaFX Application Thread] DEBUG GameApplicationServi - Removing overlay from FXGLLoadingScene and adding to GameScene
10:38:48.281 [JavaFX Application Thread] DEBUG PrimaryStageWindow   - FXGLLoadingScene -> GameScene
10:38:51.070 [FXGL Background Thread 3 ] DEBUG Engine               - Logging environment variables
10:38:51.072 [FXGL Background Thread 3 ] DEBUG Engine               - achievements: []
10:38:51.072 [FXGL Background Thread 3 ] DEBUG Engine               - actualHeight: 600.0
10:38:51.073 [FXGL Background Thread 3 ] DEBUG Engine               - actualHeightProperty: ReadOnlyDoubleProperty [value: 600.0]
10:38:51.073 [FXGL Background Thread 3 ] DEBUG Engine               - actualWidth: 450.0
10:38:51.074 [FXGL Background Thread 3 ] DEBUG Engine               - actualWidthProperty: ReadOnlyDoubleProperty [value: 450.0]
10:38:51.074 [FXGL Background Thread 3 ] DEBUG Engine               - appIcon: icon/spacex-invader-favicon-black.png
10:38:51.074 [FXGL Background Thread 3 ] DEBUG Engine               - applicationMode: DEVELOPER
10:38:51.074 [FXGL Background Thread 3 ] DEBUG Engine               - cSSList: [fxgl_dark.css]
10:38:51.075 [FXGL Background Thread 3 ] DEBUG Engine               - collisionDetectionStrategy: BRUTE_FORCE
10:38:51.075 [FXGL Background Thread 3 ] DEBUG Engine               - configClass: Optional.empty
10:38:51.075 [FXGL Background Thread 3 ] DEBUG Engine               - credits: []
10:38:51.076 [FXGL Background Thread 3 ] DEBUG Engine               - defaultCursor: CursorInfo(imageName=fxgl_default_cursor.png, hotspotX=7.0, hotspotY=6.0)
10:38:51.076 [FXGL Background Thread 3 ] DEBUG Engine               - devBBoxColorProperty: ObjectProperty [value: 0xff0000ff]
10:38:51.077 [FXGL Background Thread 3 ] DEBUG Engine               - devEnableDebugCameraProperty: BooleanProperty [value: false]
10:38:51.077 [FXGL Background Thread 3 ] DEBUG Engine               - devSensorColorProperty: ObjectProperty [value: 0xffff00ff]
10:38:51.077 [FXGL Background Thread 3 ] DEBUG Engine               - devShowBBoxProperty: BooleanProperty [value: false]
10:38:51.078 [FXGL Background Thread 3 ] DEBUG Engine               - devShowPositionProperty: BooleanProperty [value: false]
10:38:51.078 [FXGL Background Thread 3 ] DEBUG Engine               - enabledMenuItems: []
10:38:51.078 [FXGL Background Thread 3 ] DEBUG Engine               - engineServices: [class com.almasb.fxgl.app.services.FXGLAssetLoaderService, class com.almasb.fxgl.app.FXGLApplication$GameApplicationService, class com.almasb.fxgl.app.services.FXGLDialogService, class com.almasb.fxgl.app.services.IOTaskExecutorService, class com.almasb.fxgl.io.FileSystemService, class com.almasb.fxgl.localization.LocalizationService, class com.almasb.fxgl.app.services.SystemBundleService, class com.almasb.fxgl.profile.SaveLoadService, class com.almasb.fxgl.ui.FXGLUIFactoryServiceProvider, class com.almasb.fxgl.ui.FXGLDialogFactoryServiceProvider, class com.almasb.fxgl.audio.AudioPlayer, class com.almasb.fxgl.notification.impl.NotificationServiceProvider, class com.almasb.fxgl.achievement.AchievementService, class com.almasb.fxgl.cutscene.CutsceneService, class com.almasb.fxgl.minigames.MiniGameService, class com.almasb.fxgl.net.NetService, class com.almasb.fxgl.app.services.UpdaterService, class com.almasb.fxgl.dev.DevService]
10:38:51.078 [FXGL Background Thread 3 ] DEBUG Engine               - fontGame: Abel-Regular.ttf
10:38:51.078 [FXGL Background Thread 3 ] DEBUG Engine               - fontMono: TerminalLandMono-Regular.otf
10:38:51.079 [FXGL Background Thread 3 ] DEBUG Engine               - fontText: Courier-Prime.ttf
10:38:51.079 [FXGL Background Thread 3 ] DEBUG Engine               - fontUI: VarelaRound-Regular.ttf
10:38:51.080 [FXGL Background Thread 3 ] DEBUG Engine               - fullScreen: BooleanProperty [value: false]
10:38:51.080 [FXGL Background Thread 3 ] DEBUG Engine               - gameDifficulty: MEDIUM
10:38:51.080 [FXGL Background Thread 3 ] DEBUG Engine               - gameDifficultyProperty: ObjectProperty [value: MEDIUM]
10:38:51.081 [FXGL Background Thread 3 ] DEBUG Engine               - globalMusicVolume: 0.5
10:38:51.081 [FXGL Background Thread 3 ] DEBUG Engine               - globalMusicVolumeProperty: DoubleProperty [value: 0.5]
10:38:51.081 [FXGL Background Thread 3 ] DEBUG Engine               - globalSoundVolume: 0.5
10:38:51.081 [FXGL Background Thread 3 ] DEBUG Engine               - globalSoundVolumeProperty: DoubleProperty [value: 0.5]
10:38:51.082 [FXGL Background Thread 3 ] DEBUG Engine               - height: 600
10:38:51.082 [FXGL Background Thread 3 ] DEBUG Engine               - is3D: false
10:38:51.082 [FXGL Background Thread 3 ] DEBUG Engine               - isAndroid: false
10:38:51.082 [FXGL Background Thread 3 ] DEBUG Engine               - isBrowser: false
10:38:51.082 [FXGL Background Thread 3 ] DEBUG Engine               - isClickFeedbackEnabled: false
10:38:51.082 [FXGL Background Thread 3 ] DEBUG Engine               - isCloseConfirmation: false
10:38:51.083 [FXGL Background Thread 3 ] DEBUG Engine               - isDesktop: true
10:38:51.083 [FXGL Background Thread 3 ] DEBUG Engine               - isDeveloperMenuEnabled: false
10:38:51.083 [FXGL Background Thread 3 ] DEBUG Engine               - isEmbedded: false
10:38:51.083 [FXGL Background Thread 3 ] DEBUG Engine               - isEntityPreloadEnabled: true
10:38:51.084 [FXGL Background Thread 3 ] DEBUG Engine               - isExperimentalTiledLargeMap: false
10:38:51.084 [FXGL Background Thread 3 ] DEBUG Engine               - isFileSystemWriteAllowed: true
10:38:51.084 [FXGL Background Thread 3 ] DEBUG Engine               - isFullScreenAllowed: false
10:38:51.084 [FXGL Background Thread 3 ] DEBUG Engine               - isFullScreenFromStart: false
10:38:51.084 [FXGL Background Thread 3 ] DEBUG Engine               - isGameMenuEnabled: true
10:38:51.084 [FXGL Background Thread 3 ] DEBUG Engine               - isIOS: false
10:38:51.084 [FXGL Background Thread 3 ] DEBUG Engine               - isIntroEnabled: false
10:38:51.085 [FXGL Background Thread 3 ] DEBUG Engine               - isLinux: false
10:38:51.085 [FXGL Background Thread 3 ] DEBUG Engine               - isMac: true
10:38:51.085 [FXGL Background Thread 3 ] DEBUG Engine               - isMainMenuEnabled: false
10:38:51.085 [FXGL Background Thread 3 ] DEBUG Engine               - isManualResizeEnabled: false
10:38:51.086 [FXGL Background Thread 3 ] DEBUG Engine               - isMobile: false
10:38:51.086 [FXGL Background Thread 3 ] DEBUG Engine               - isNative: false
10:38:51.086 [FXGL Background Thread 3 ] DEBUG Engine               - isPauseMusicWhenMinimized: true
10:38:51.087 [FXGL Background Thread 3 ] DEBUG Engine               - isPreserveResizeRatio: false
10:38:51.087 [FXGL Background Thread 3 ] DEBUG Engine               - isProfilingEnabled: false
10:38:51.087 [FXGL Background Thread 3 ] DEBUG Engine               - isScaleAffectedOnResize: true
10:38:51.087 [FXGL Background Thread 3 ] DEBUG Engine               - isSingleStep: false
10:38:51.087 [FXGL Background Thread 3 ] DEBUG Engine               - isUserProfileEnabled: false
10:38:51.087 [FXGL Background Thread 3 ] DEBUG Engine               - isWindows: false
10:38:51.088 [FXGL Background Thread 3 ] DEBUG Engine               - language: ObjectProperty [value: ENGLISH]
10:38:51.088 [FXGL Background Thread 3 ] DEBUG Engine               - menuKey: ESCAPE
10:38:51.088 [FXGL Background Thread 3 ] DEBUG Engine               - mouseSensitivity: 0.2
10:38:51.088 [FXGL Background Thread 3 ] DEBUG Engine               - notificationViewClass: class com.almasb.fxgl.notification.view.XboxNotificationView
10:38:51.088 [FXGL Background Thread 3 ] DEBUG Engine               - pixelsPerMeter: 50.0
10:38:51.089 [FXGL Background Thread 3 ] DEBUG Engine               - platform: MAC
10:38:51.089 [FXGL Background Thread 3 ] DEBUG Engine               - prefHeightProperty: ReadOnlyDoubleProperty [value: 600.0]
10:38:51.089 [FXGL Background Thread 3 ] DEBUG Engine               - prefWidthProperty: ReadOnlyDoubleProperty [value: 450.0]
10:38:51.089 [FXGL Background Thread 3 ] DEBUG Engine               - profileDir: profiles/
10:38:51.089 [FXGL Background Thread 3 ] DEBUG Engine               - profileName: StringProperty [value: DEFAULT]
10:38:51.089 [FXGL Background Thread 3 ] DEBUG Engine               - randomSeed: -1
10:38:51.090 [FXGL Background Thread 3 ] DEBUG Engine               - runtimeInfo: RuntimeInfo(platform=MAC, version=17.2, build=20.08.2022 16.50)
10:38:51.090 [FXGL Background Thread 3 ] DEBUG Engine               - saveFileExt: sav
10:38:51.090 [FXGL Background Thread 3 ] DEBUG Engine               - scaledHeightProp$fxgl: DoubleProperty [bound, value: 600.0]
10:38:51.090 [FXGL Background Thread 3 ] DEBUG Engine               - scaledWidthProp$fxgl: DoubleProperty [bound, value: 450.0]
10:38:51.090 [FXGL Background Thread 3 ] DEBUG Engine               - sceneFactory: com.almasb.fxgl.app.scene.SceneFactory@5f18ff04
10:38:51.091 [FXGL Background Thread 3 ] DEBUG Engine               - secondsIn24h: 60
10:38:51.091 [FXGL Background Thread 3 ] DEBUG Engine               - soundMenuBack: menu/back.wav
10:38:51.091 [FXGL Background Thread 3 ] DEBUG Engine               - soundMenuPress: menu/press.wav
10:38:51.091 [FXGL Background Thread 3 ] DEBUG Engine               - soundMenuSelect: menu/select.wav
10:38:51.091 [FXGL Background Thread 3 ] DEBUG Engine               - soundNotification: core/notification.wav
10:38:51.091 [FXGL Background Thread 3 ] DEBUG Engine               - stageStyle: DECORATED
10:38:51.091 [FXGL Background Thread 3 ] DEBUG Engine               - supportedLanguages: [ENGLISH, FRENCH, GERMAN, HUNGARIAN, RUSSIAN]
10:38:51.091 [FXGL Background Thread 3 ] DEBUG Engine               - ticksPerSecond: -1
10:38:51.091 [FXGL Background Thread 3 ] DEBUG Engine               - title: SpaceX Invader
10:38:51.092 [FXGL Background Thread 3 ] DEBUG Engine               - urlGithub: https://github.com/AlmasB/FXGL
10:38:51.092 [FXGL Background Thread 3 ] DEBUG Engine               - urlLeaderboard: http://fxgl-top.herokuapp.com/
10:38:51.092 [FXGL Background Thread 3 ] DEBUG Engine               - urlPOM: https://raw.githubusercontent.com/AlmasB/FXGL/release/README.md
10:38:51.092 [FXGL Background Thread 3 ] DEBUG Engine               - userAppClass: class com.ood.spacexinvader.GameStart
10:38:51.092 [FXGL Background Thread 3 ] DEBUG Engine               - version: 0.0
10:38:51.092 [FXGL Background Thread 3 ] DEBUG Engine               - versionCheckDays: 7
10:38:51.092 [FXGL Background Thread 3 ] DEBUG Engine               - width: 450
10:38:51.092 [FXGL Background Thread 3 ] DEBUG Engine               - Logging services
10:38:51.092 [FXGL Background Thread 3 ] DEBUG Engine               - class com.almasb.fxgl.app.services.FXGLAssetLoaderService
10:38:51.092 [FXGL Background Thread 3 ] DEBUG Engine               - class com.almasb.fxgl.app.FXGLApplication$GameApplicationService
10:38:51.093 [FXGL Background Thread 3 ] DEBUG Engine               - class com.almasb.fxgl.app.services.FXGLDialogService
10:38:51.093 [FXGL Background Thread 3 ] DEBUG Engine               - class com.almasb.fxgl.app.services.IOTaskExecutorService
10:38:51.093 [FXGL Background Thread 3 ] DEBUG Engine               - class com.almasb.fxgl.io.FileSystemService
10:38:51.093 [FXGL Background Thread 3 ] DEBUG Engine               - class com.almasb.fxgl.localization.LocalizationService
10:38:51.093 [FXGL Background Thread 3 ] DEBUG Engine               - class com.almasb.fxgl.app.services.SystemBundleService
10:38:51.093 [FXGL Background Thread 3 ] DEBUG Engine               - class com.almasb.fxgl.profile.SaveLoadService
10:38:51.093 [FXGL Background Thread 3 ] DEBUG Engine               - class com.almasb.fxgl.ui.FXGLUIFactoryServiceProvider
10:38:51.094 [FXGL Background Thread 3 ] DEBUG Engine               - class com.almasb.fxgl.ui.FXGLDialogFactoryServiceProvider
10:38:51.094 [FXGL Background Thread 3 ] DEBUG Engine               - class com.almasb.fxgl.audio.AudioPlayer
10:38:51.094 [FXGL Background Thread 3 ] DEBUG Engine               - class com.almasb.fxgl.notification.impl.NotificationServiceProvider
10:38:51.094 [FXGL Background Thread 3 ] DEBUG Engine               - class com.almasb.fxgl.achievement.AchievementService
10:38:51.094 [FXGL Background Thread 3 ] DEBUG Engine               - class com.almasb.fxgl.cutscene.CutsceneService
10:38:51.094 [FXGL Background Thread 3 ] DEBUG Engine               - class com.almasb.fxgl.minigames.MiniGameService
10:38:51.095 [FXGL Background Thread 3 ] DEBUG Engine               - class com.almasb.fxgl.net.NetService
10:38:51.095 [FXGL Background Thread 3 ] DEBUG Engine               - class com.almasb.fxgl.app.services.UpdaterService
10:38:51.095 [FXGL Background Thread 3 ] DEBUG Engine               - class com.almasb.fxgl.dev.DevService
10:38:53.032 [JavaFX Application Thread] DEBUG FXGLApplication      - Exiting FXGL
10:38:53.033 [JavaFX Application Thread] DEBUG LoopRunner           - Stopping loop
10:38:53.033 [JavaFX Application Thread] DEBUG SystemBundleService  - Saving FXGL system data
10:38:53.036 [JavaFX Application Thread] DEBUG FileSystemAccess     - Writing to: /Users/leowong/IdeaProjects/SpaceX-Invader/system/fxgl.bundle
10:38:53.039 [JavaFX Application Thread] DEBUG Async                - Shutting down background threads
10:38:53.039 [JavaFX Application Thread] DEBUG PrimaryStageWindow   - Closing main window
10:38:53.051 [JavaFX Application Thread] DEBUG Logger               - Closing Logger
