15:25:38.080 [main                     ] DEBUG Logger               - Configured Logger
15:25:38.094 [main                     ] DEBUG GameApplication      - Logging settings
Title: SpaceX Invader
Version: 0.0
Width: 450
Height: 600
Fullscreen: false
Intro: false
Profiling: false
Single step:false
App Mode: DEVELOPER
Menu Key: ESCAPE
Stage Style: DECORATED
Scene Factory: class com.ood.spacexinvader.GameStart$1

15:25:38.337 [JavaFX Application Thread] DEBUG FXGLApplication      - Initializing FXGL
15:25:38.339 [JavaFX Application Thread] INFO  Engine               - FXGL-17.2 (20.08.2022 16.50) on MAC (J:17.0.4.1 FX:17.0.2-ea)
15:25:38.340 [JavaFX Application Thread] DEBUG Engine               - JRE Vendor Name: Oracle Corporation
15:25:38.340 [JavaFX Application Thread] DEBUG Engine               - Running on OS: Mac OS X version 13.0.1
15:25:38.340 [JavaFX Application Thread] DEBUG Engine               - Architecture: aarch64
15:25:38.340 [JavaFX Application Thread] INFO  Engine               - Source code and latest versions at: https://github.com/AlmasB/FXGL
15:25:38.340 [JavaFX Application Thread] INFO  Engine               -       Ask questions and discuss at: https://github.com/AlmasB/FXGL/discussions
15:25:38.340 [JavaFX Application Thread] INFO  Engine               -              Join the FXGL chat at: https://gitter.im/AlmasB/FXGL
15:25:38.378 [JavaFX Application Thread] DEBUG PrimaryStageWindow   - Creating a JavaFX scene
15:25:38.397 [JavaFX Application Thread] DEBUG PrimaryStageWindow   - Target settings size: 450.0 x 600.0
15:25:38.397 [JavaFX Application Thread] DEBUG PrimaryStageWindow   - Scaled scene size:    450.0 x 600.0
15:25:38.398 [JavaFX Application Thread] DEBUG PrimaryStageWindow   - Scaled ratio: (1.0, 1.0)
15:25:38.398 [JavaFX Application Thread] DEBUG PrimaryStageWindow   - Set initial scene to FXGLStartupScene
15:25:38.401 [JavaFX Application Thread] DEBUG PrimaryStageWindow   - Opening main window
15:25:38.438 [JavaFX Application Thread] DEBUG PrimaryStageWindow   - Window border size: (0.0, 28.0)
15:25:38.438 [JavaFX Application Thread] DEBUG PrimaryStageWindow   - Scaled size: 450.0 x 600.0
15:25:38.438 [JavaFX Application Thread] DEBUG PrimaryStageWindow   - Scaled ratio: (1.0, 1.0)
15:25:38.438 [JavaFX Application Thread] DEBUG PrimaryStageWindow   - Scene size: 450.0 x 600.0
15:25:38.438 [JavaFX Application Thread] DEBUG PrimaryStageWindow   - Stage size: 450.0 x 628.0
15:25:38.441 [FXGL Background Thread 1 ] DEBUG Engine               - Initializing environment variables
15:25:38.455 [FXGL Background Thread 1 ] DEBUG FXGLAssetLoaderServi - User app class for loading assets: class com.ood.spacexinvader.GameStart
15:25:38.455 [FXGL Background Thread 1 ] DEBUG GameApplicationServi - Applying CSS: fxgl_dark.css
15:25:38.456 [FXGL Background Thread 1 ] DEBUG FXGLAssetLoaderServi - Loading from file system: jar:file:///Users/hiimecho/.gradle/caches/modules-2/files-2.1/com.github.almasb/fxgl/17.2/35db6ae960eec2dcfd19262d3b7f9c42f0e95bc3/fxgl-17.2.jar!/fxglassets/ui/css/fxgl_dark.css
15:25:38.478 [FXGL Background Thread 1 ] DEBUG GameApplicationServi - Initializing application scenes
15:25:38.559 [FXGL Background Thread 1 ] DEBUG GameWorld            - Game world initialized
15:25:38.586 [FXGL Background Thread 1 ] DEBUG PhysicsWorld         - Physics world initialized: appHeight=600, physics.ppm=50.0
15:25:38.586 [FXGL Background Thread 1 ] DEBUG PhysicsWorld         - Using strategy: BRUTE_FORCE
15:25:38.588 [FXGL Background Thread 1 ] DEBUG GameScene            - Game scene initialized: 450x600
15:25:38.603 [FXGL Background Thread 1 ] DEBUG GameApplicationServi - Application scenes initialized
15:25:38.609 [FXGL Background Thread 1 ] DEBUG SystemBundleService  - Loading FXGL system data
15:25:38.611 [FXGL Background Thread 1 ] DEBUG FileSystemAccess     - Reading from: /Users/hiimecho/Documents/Coding/Java/Coding/SpaceX-Invader/system/fxgl.bundle
15:25:38.614 [FXGL Background Thread 1 ] DEBUG SystemBundleService  - Bundle FXGL: {}
15:25:38.614 [FXGL Background Thread 1 ] DEBUG UpdaterService       - Checking for updates
15:25:38.616 [FXGL Background Thread 4 ] DEBUG FXGLApplication      - Loading fonts
15:25:38.616 [FXGL Background Thread 4 ] DEBUG FXGLAssetLoaderServi - Loading from file system: jar:file:///Users/hiimecho/.gradle/caches/modules-2/files-2.1/com.github.almasb/fxgl/17.2/35db6ae960eec2dcfd19262d3b7f9c42f0e95bc3/fxgl-17.2.jar!/fxglassets/ui/fonts/VarelaRound-Regular.ttf
15:25:38.616 [FXGL Background Thread 1 ] DEBUG FXGLApplication      - Loading default localization
15:25:38.617 [FXGL Background Thread 1 ] DEBUG FXGLAssetLoaderServi - Loading from file system: jar:file:///Users/hiimecho/.gradle/caches/modules-2/files-2.1/com.github.almasb/fxgl/17.2/35db6ae960eec2dcfd19262d3b7f9c42f0e95bc3/fxgl-17.2.jar!/fxglassets/languages/english.lang
15:25:38.627 [FXGL Background Thread 1 ] INFO  FXGLApplication      - FXGL initialization took: 0.186 sec
15:25:38.628 [FXGL Background Thread 4 ] DEBUG FXGLAssetLoaderServi - Loading from file system: jar:file:///Users/hiimecho/.gradle/caches/modules-2/files-2.1/com.github.almasb/fxgl/17.2/35db6ae960eec2dcfd19262d3b7f9c42f0e95bc3/fxgl-17.2.jar!/fxglassets/ui/fonts/Abel-Regular.ttf
15:25:38.630 [FXGL Background Thread 4 ] DEBUG FXGLAssetLoaderServi - Loading from file system: jar:file:///Users/hiimecho/.gradle/caches/modules-2/files-2.1/com.github.almasb/fxgl/17.2/35db6ae960eec2dcfd19262d3b7f9c42f0e95bc3/fxgl-17.2.jar!/fxglassets/ui/fonts/TerminalLandMono-Regular.otf
15:25:38.632 [JavaFX Application Thread] DEBUG Input                - Registered new binding: Left - A
15:25:38.632 [JavaFX Application Thread] DEBUG Input                - Registered new binding: Right - D
15:25:38.632 [JavaFX Application Thread] DEBUG Input                - Registered new binding: Shoot - J
15:25:38.633 [JavaFX Application Thread] DEBUG FXGLAssetLoaderServi - Loading from file system: jar:file:///Users/hiimecho/Documents/Coding/Java/Coding/SpaceX-Invader/build/libs/SpaceX-Invader-1.0-SNAPSHOT.jar!/assets/textures/icon/spacex-invader-favicon-black.png
15:25:38.635 [FXGL Background Thread 4 ] DEBUG FXGLAssetLoaderServi - Loading from file system: jar:file:///Users/hiimecho/.gradle/caches/modules-2/files-2.1/com.github.almasb/fxgl/17.2/35db6ae960eec2dcfd19262d3b7f9c42f0e95bc3/fxgl-17.2.jar!/fxglassets/ui/fonts/Courier-Prime.ttf
15:25:38.657 [JavaFX Application Thread] DEBUG FXGLAssetLoaderServi - Loading from file system: jar:file:///Users/hiimecho/.gradle/caches/modules-2/files-2.1/com.github.almasb/fxgl/17.2/35db6ae960eec2dcfd19262d3b7f9c42f0e95bc3/fxgl-17.2.jar!/fxglassets/textures/fxgl_default_cursor.png
15:25:38.659 [JavaFX Application Thread] DEBUG Input                - Registered new binding: Screenshot - CTRL+8
15:25:38.659 [JavaFX Application Thread] DEBUG Input                - Registered new binding: System info dump - CTRL+9
15:25:38.659 [JavaFX Application Thread] DEBUG Input                - Registered new binding: Restart - CTRL+R
15:25:38.659 [JavaFX Application Thread] DEBUG Input                - Registered new binding: Toggle Debug Camera - CTRL+7
15:25:38.660 [JavaFX Application Thread] DEBUG LoopRunner           - Starting loop
15:25:38.660 [JavaFX Application Thread] DEBUG LoopRunner           - Initializing JavaFX AnimationTimerLoop
15:25:38.661 [JavaFX Application Thread] DEBUG Input                - Clearing active input actions
15:25:38.664 [JavaFX Application Thread] DEBUG GameApplicationServi - Removing overlay from FXGLStartupScene and adding to FXGLMainMenuDummyScene
15:25:38.665 [JavaFX Application Thread] DEBUG PrimaryStageWindow   - FXGLStartupScene -> FXGLMainMenuDummyScene
15:25:38.665 [JavaFX Application Thread] DEBUG PrimaryStageWindow   - Push state: MainMenu
15:25:38.665 [JavaFX Application Thread] DEBUG Input                - Clearing active input actions
15:25:38.668 [JavaFX Application Thread] DEBUG GameApplicationServi - Removing overlay from FXGLMainMenuDummyScene and adding to MainMenu
15:25:38.668 [JavaFX Application Thread] DEBUG PrimaryStageWindow   - FXGLMainMenuDummyScene -> MainMenu
15:25:38.688 [JavaFX Application Thread] DEBUG FXGLApplication      - Registering font factories with UI factory
15:25:39.816 [JavaFX Application Thread] DEBUG GameApplicationServi - Starting new game
15:25:39.817 [JavaFX Application Thread] DEBUG PrimaryStageWindow   - Pop state: MainMenu
15:25:39.817 [JavaFX Application Thread] DEBUG Input                - Clearing active input actions
15:25:39.819 [JavaFX Application Thread] DEBUG GameApplicationServi - Removing overlay from MainMenu and adding to FXGLMainMenuDummyScene
15:25:39.820 [JavaFX Application Thread] DEBUG PrimaryStageWindow   - FXGLMainMenuDummyScene <- MainMenu
15:25:39.821 [JavaFX Application Thread] DEBUG Input                - Clearing active input actions
15:25:39.829 [JavaFX Application Thread] DEBUG GameApplicationServi - Removing overlay from FXGLMainMenuDummyScene and adding to FXGLLoadingScene
15:25:39.829 [JavaFX Application Thread] DEBUG PrimaryStageWindow   - FXGLMainMenuDummyScene -> FXGLLoadingScene
15:25:39.830 [JavaFX Application Thread] DEBUG GameApplicationServi - Clearing previous game
15:25:39.830 [JavaFX Application Thread] DEBUG GameScene            - Clearing game scene
15:25:39.830 [JavaFX Application Thread] DEBUG GameWorld            - Clearing game world
15:25:39.830 [JavaFX Application Thread] DEBUG PhysicsWorld         - Clearing physics world
15:25:39.832 [FXGL Background Thread 2 ] DEBUG FXGLApplication      - Initializing game
15:25:39.838 [FXGL Background Thread 2 ] DEBUG FXGLAssetLoaderServi - Loading from file system: jar:file:///Users/hiimecho/Documents/Coding/Java/Coding/SpaceX-Invader/build/libs/SpaceX-Invader-1.0-SNAPSHOT.jar!/assets/textures/player/SpaceX.png
15:25:39.854 [FXGL Background Thread 2 ] INFO  FXGLApplication      - Game initialization took: 0.022 sec
15:25:39.862 [JavaFX Application Thread] DEBUG Input                - Clearing active input actions
15:25:39.866 [JavaFX Application Thread] DEBUG GameApplicationServi - Removing overlay from FXGLLoadingScene and adding to GameScene
15:25:39.867 [JavaFX Application Thread] DEBUG PrimaryStageWindow   - FXGLLoadingScene -> GameScene
15:25:40.967 [JavaFX Application Thread] DEBUG PrimaryStageWindow   - Push state: PauseMenu
15:25:40.968 [JavaFX Application Thread] DEBUG Input                - Clearing active input actions
15:25:40.968 [JavaFX Application Thread] DEBUG GameApplicationServi - Removing overlay from GameScene and adding to PauseMenu
15:25:40.968 [JavaFX Application Thread] DEBUG PrimaryStageWindow   - GameScene -> PauseMenu
15:25:41.619 [FXGL Background Thread 3 ] DEBUG Engine               - Logging environment variables
15:25:41.620 [FXGL Background Thread 3 ] DEBUG Engine               - achievements: []
15:25:41.620 [FXGL Background Thread 3 ] DEBUG Engine               - actualHeight: 600.0
15:25:41.620 [FXGL Background Thread 3 ] DEBUG Engine               - actualHeightProperty: ReadOnlyDoubleProperty [value: 600.0]
15:25:41.620 [FXGL Background Thread 3 ] DEBUG Engine               - actualWidth: 450.0
15:25:41.620 [FXGL Background Thread 3 ] DEBUG Engine               - actualWidthProperty: ReadOnlyDoubleProperty [value: 450.0]
15:25:41.620 [FXGL Background Thread 3 ] DEBUG Engine               - appIcon: icon/spacex-invader-favicon-black.png
15:25:41.620 [FXGL Background Thread 3 ] DEBUG Engine               - applicationMode: DEVELOPER
15:25:41.620 [FXGL Background Thread 3 ] DEBUG Engine               - cSSList: [fxgl_dark.css]
15:25:41.620 [FXGL Background Thread 3 ] DEBUG Engine               - collisionDetectionStrategy: BRUTE_FORCE
15:25:41.620 [FXGL Background Thread 3 ] DEBUG Engine               - configClass: Optional.empty
15:25:41.620 [FXGL Background Thread 3 ] DEBUG Engine               - credits: []
15:25:41.621 [FXGL Background Thread 3 ] DEBUG Engine               - defaultCursor: CursorInfo(imageName=fxgl_default_cursor.png, hotspotX=7.0, hotspotY=6.0)
15:25:41.622 [FXGL Background Thread 3 ] DEBUG Engine               - devBBoxColorProperty: ObjectProperty [value: 0xff0000ff]
15:25:41.622 [FXGL Background Thread 3 ] DEBUG Engine               - devEnableDebugCameraProperty: BooleanProperty [value: false]
15:25:41.622 [FXGL Background Thread 3 ] DEBUG Engine               - devSensorColorProperty: ObjectProperty [value: 0xffff00ff]
15:25:41.622 [FXGL Background Thread 3 ] DEBUG Engine               - devShowBBoxProperty: BooleanProperty [value: false]
15:25:41.622 [FXGL Background Thread 3 ] DEBUG Engine               - devShowPositionProperty: BooleanProperty [value: false]
15:25:41.622 [FXGL Background Thread 3 ] DEBUG Engine               - enabledMenuItems: []
15:25:41.622 [FXGL Background Thread 3 ] DEBUG Engine               - engineServices: [class com.almasb.fxgl.app.services.FXGLAssetLoaderService, class com.almasb.fxgl.app.FXGLApplication$GameApplicationService, class com.almasb.fxgl.app.services.FXGLDialogService, class com.almasb.fxgl.app.services.IOTaskExecutorService, class com.almasb.fxgl.io.FileSystemService, class com.almasb.fxgl.localization.LocalizationService, class com.almasb.fxgl.app.services.SystemBundleService, class com.almasb.fxgl.profile.SaveLoadService, class com.almasb.fxgl.ui.FXGLUIFactoryServiceProvider, class com.almasb.fxgl.ui.FXGLDialogFactoryServiceProvider, class com.almasb.fxgl.audio.AudioPlayer, class com.almasb.fxgl.notification.impl.NotificationServiceProvider, class com.almasb.fxgl.achievement.AchievementService, class com.almasb.fxgl.cutscene.CutsceneService, class com.almasb.fxgl.minigames.MiniGameService, class com.almasb.fxgl.net.NetService, class com.almasb.fxgl.app.services.UpdaterService, class com.almasb.fxgl.dev.DevService]
15:25:41.622 [FXGL Background Thread 3 ] DEBUG Engine               - fontGame: Abel-Regular.ttf
15:25:41.622 [FXGL Background Thread 3 ] DEBUG Engine               - fontMono: TerminalLandMono-Regular.otf
15:25:41.622 [FXGL Background Thread 3 ] DEBUG Engine               - fontText: Courier-Prime.ttf
15:25:41.622 [FXGL Background Thread 3 ] DEBUG Engine               - fontUI: VarelaRound-Regular.ttf
15:25:41.622 [FXGL Background Thread 3 ] DEBUG Engine               - fullScreen: BooleanProperty [value: false]
15:25:41.623 [FXGL Background Thread 3 ] DEBUG Engine               - gameDifficulty: MEDIUM
15:25:41.623 [FXGL Background Thread 3 ] DEBUG Engine               - gameDifficultyProperty: ObjectProperty [value: MEDIUM]
15:25:41.623 [FXGL Background Thread 3 ] DEBUG Engine               - globalMusicVolume: 0.5
15:25:41.623 [FXGL Background Thread 3 ] DEBUG Engine               - globalMusicVolumeProperty: DoubleProperty [value: 0.5]
15:25:41.623 [FXGL Background Thread 3 ] DEBUG Engine               - globalSoundVolume: 0.5
15:25:41.623 [FXGL Background Thread 3 ] DEBUG Engine               - globalSoundVolumeProperty: DoubleProperty [value: 0.5]
15:25:41.623 [FXGL Background Thread 3 ] DEBUG Engine               - height: 600
15:25:41.623 [FXGL Background Thread 3 ] DEBUG Engine               - is3D: false
15:25:41.623 [FXGL Background Thread 3 ] DEBUG Engine               - isAndroid: false
15:25:41.623 [FXGL Background Thread 3 ] DEBUG Engine               - isBrowser: false
15:25:41.623 [FXGL Background Thread 3 ] DEBUG Engine               - isClickFeedbackEnabled: false
15:25:41.623 [FXGL Background Thread 3 ] DEBUG Engine               - isCloseConfirmation: true
15:25:41.623 [FXGL Background Thread 3 ] DEBUG Engine               - isDesktop: true
15:25:41.623 [FXGL Background Thread 3 ] DEBUG Engine               - isDeveloperMenuEnabled: false
15:25:41.623 [FXGL Background Thread 3 ] DEBUG Engine               - isEmbedded: false
15:25:41.623 [FXGL Background Thread 3 ] DEBUG Engine               - isEntityPreloadEnabled: true
15:25:41.623 [FXGL Background Thread 3 ] DEBUG Engine               - isExperimentalTiledLargeMap: false
15:25:41.623 [FXGL Background Thread 3 ] DEBUG Engine               - isFileSystemWriteAllowed: true
15:25:41.624 [FXGL Background Thread 3 ] DEBUG Engine               - isFullScreenAllowed: false
15:25:41.624 [FXGL Background Thread 3 ] DEBUG Engine               - isFullScreenFromStart: false
15:25:41.624 [FXGL Background Thread 3 ] DEBUG Engine               - isGameMenuEnabled: true
15:25:41.624 [FXGL Background Thread 3 ] DEBUG Engine               - isIOS: false
15:25:41.624 [FXGL Background Thread 3 ] DEBUG Engine               - isIntroEnabled: false
15:25:41.624 [FXGL Background Thread 3 ] DEBUG Engine               - isLinux: false
15:25:41.624 [FXGL Background Thread 3 ] DEBUG Engine               - isMac: true
15:25:41.624 [FXGL Background Thread 3 ] DEBUG Engine               - isMainMenuEnabled: true
15:25:41.624 [FXGL Background Thread 3 ] DEBUG Engine               - isManualResizeEnabled: false
15:25:41.624 [FXGL Background Thread 3 ] DEBUG Engine               - isMobile: false
15:25:41.624 [FXGL Background Thread 3 ] DEBUG Engine               - isNative: false
15:25:41.624 [FXGL Background Thread 3 ] DEBUG Engine               - isPauseMusicWhenMinimized: true
15:25:41.624 [FXGL Background Thread 3 ] DEBUG Engine               - isPreserveResizeRatio: false
15:25:41.624 [FXGL Background Thread 3 ] DEBUG Engine               - isProfilingEnabled: false
15:25:41.624 [FXGL Background Thread 3 ] DEBUG Engine               - isScaleAffectedOnResize: true
15:25:41.624 [FXGL Background Thread 3 ] DEBUG Engine               - isSingleStep: false
15:25:41.624 [FXGL Background Thread 3 ] DEBUG Engine               - isUserProfileEnabled: false
15:25:41.624 [FXGL Background Thread 3 ] DEBUG Engine               - isWindows: false
15:25:41.624 [FXGL Background Thread 3 ] DEBUG Engine               - language: ObjectProperty [value: ENGLISH]
15:25:41.624 [FXGL Background Thread 3 ] DEBUG Engine               - menuKey: ESCAPE
15:25:41.624 [FXGL Background Thread 3 ] DEBUG Engine               - mouseSensitivity: 0.2
15:25:41.624 [FXGL Background Thread 3 ] DEBUG Engine               - notificationViewClass: class com.almasb.fxgl.notification.view.XboxNotificationView
15:25:41.624 [FXGL Background Thread 3 ] DEBUG Engine               - pixelsPerMeter: 50.0
15:25:41.625 [FXGL Background Thread 3 ] DEBUG Engine               - platform: MAC
15:25:41.625 [FXGL Background Thread 3 ] DEBUG Engine               - prefHeightProperty: ReadOnlyDoubleProperty [value: 600.0]
15:25:41.625 [FXGL Background Thread 3 ] DEBUG Engine               - prefWidthProperty: ReadOnlyDoubleProperty [value: 450.0]
15:25:41.625 [FXGL Background Thread 3 ] DEBUG Engine               - profileDir: profiles/
15:25:41.625 [FXGL Background Thread 3 ] DEBUG Engine               - profileName: StringProperty [value: DEFAULT]
15:25:41.625 [FXGL Background Thread 3 ] DEBUG Engine               - randomSeed: -1
15:25:41.625 [FXGL Background Thread 3 ] DEBUG Engine               - runtimeInfo: RuntimeInfo(platform=MAC, version=17.2, build=20.08.2022 16.50)
15:25:41.625 [FXGL Background Thread 3 ] DEBUG Engine               - saveFileExt: sav
15:25:41.625 [FXGL Background Thread 3 ] DEBUG Engine               - scaledHeightProp$fxgl: DoubleProperty [bound, value: 600.0]
15:25:41.625 [FXGL Background Thread 3 ] DEBUG Engine               - scaledWidthProp$fxgl: DoubleProperty [bound, value: 450.0]
15:25:41.625 [FXGL Background Thread 3 ] DEBUG Engine               - sceneFactory: com.ood.spacexinvader.GameStart$1@40613f13
15:25:41.625 [FXGL Background Thread 3 ] DEBUG Engine               - secondsIn24h: 60
15:25:41.625 [FXGL Background Thread 3 ] DEBUG Engine               - soundMenuBack: menu/back.wav
15:25:41.625 [FXGL Background Thread 3 ] DEBUG Engine               - soundMenuPress: menu/press.wav
15:25:41.625 [FXGL Background Thread 3 ] DEBUG Engine               - soundMenuSelect: menu/select.wav
15:25:41.625 [FXGL Background Thread 3 ] DEBUG Engine               - soundNotification: core/notification.wav
15:25:41.626 [FXGL Background Thread 3 ] DEBUG Engine               - stageStyle: DECORATED
15:25:41.626 [FXGL Background Thread 3 ] DEBUG Engine               - supportedLanguages: [ENGLISH, FRENCH, GERMAN, HUNGARIAN, RUSSIAN]
15:25:41.626 [FXGL Background Thread 3 ] DEBUG Engine               - ticksPerSecond: -1
15:25:41.626 [FXGL Background Thread 3 ] DEBUG Engine               - title: SpaceX Invader
15:25:41.626 [FXGL Background Thread 3 ] DEBUG Engine               - urlGithub: https://github.com/AlmasB/FXGL
15:25:41.626 [FXGL Background Thread 3 ] DEBUG Engine               - urlLeaderboard: http://fxgl-top.herokuapp.com/
15:25:41.626 [FXGL Background Thread 3 ] DEBUG Engine               - urlPOM: https://raw.githubusercontent.com/AlmasB/FXGL/release/README.md
15:25:41.626 [FXGL Background Thread 3 ] DEBUG Engine               - userAppClass: class com.ood.spacexinvader.GameStart
15:25:41.626 [FXGL Background Thread 3 ] DEBUG Engine               - version: 0.0
15:25:41.626 [FXGL Background Thread 3 ] DEBUG Engine               - versionCheckDays: 7
15:25:41.626 [FXGL Background Thread 3 ] DEBUG Engine               - width: 450
15:25:41.626 [FXGL Background Thread 3 ] DEBUG Engine               - Logging services
15:25:41.626 [FXGL Background Thread 3 ] DEBUG Engine               - class com.almasb.fxgl.app.services.FXGLAssetLoaderService
15:25:41.626 [FXGL Background Thread 3 ] DEBUG Engine               - class com.almasb.fxgl.app.FXGLApplication$GameApplicationService
15:25:41.626 [FXGL Background Thread 3 ] DEBUG Engine               - class com.almasb.fxgl.app.services.FXGLDialogService
15:25:41.626 [FXGL Background Thread 3 ] DEBUG Engine               - class com.almasb.fxgl.app.services.IOTaskExecutorService
15:25:41.626 [FXGL Background Thread 3 ] DEBUG Engine               - class com.almasb.fxgl.io.FileSystemService
15:25:41.626 [FXGL Background Thread 3 ] DEBUG Engine               - class com.almasb.fxgl.localization.LocalizationService
15:25:41.626 [FXGL Background Thread 3 ] DEBUG Engine               - class com.almasb.fxgl.app.services.SystemBundleService
15:25:41.626 [FXGL Background Thread 3 ] DEBUG Engine               - class com.almasb.fxgl.profile.SaveLoadService
15:25:41.626 [FXGL Background Thread 3 ] DEBUG Engine               - class com.almasb.fxgl.ui.FXGLUIFactoryServiceProvider
15:25:41.626 [FXGL Background Thread 3 ] DEBUG Engine               - class com.almasb.fxgl.ui.FXGLDialogFactoryServiceProvider
15:25:41.626 [FXGL Background Thread 3 ] DEBUG Engine               - class com.almasb.fxgl.audio.AudioPlayer
15:25:41.626 [FXGL Background Thread 3 ] DEBUG Engine               - class com.almasb.fxgl.notification.impl.NotificationServiceProvider
15:25:41.626 [FXGL Background Thread 3 ] DEBUG Engine               - class com.almasb.fxgl.achievement.AchievementService
15:25:41.626 [FXGL Background Thread 3 ] DEBUG Engine               - class com.almasb.fxgl.cutscene.CutsceneService
15:25:41.626 [FXGL Background Thread 3 ] DEBUG Engine               - class com.almasb.fxgl.minigames.MiniGameService
15:25:41.626 [FXGL Background Thread 3 ] DEBUG Engine               - class com.almasb.fxgl.net.NetService
15:25:41.626 [FXGL Background Thread 3 ] DEBUG Engine               - class com.almasb.fxgl.app.services.UpdaterService
15:25:41.626 [FXGL Background Thread 3 ] DEBUG Engine               - class com.almasb.fxgl.dev.DevService
15:25:41.631 [JavaFX Application Thread] DEBUG Menu                 - fireExitToMainMenu()
15:25:41.635 [JavaFX Application Thread] DEBUG PrimaryStageWindow   - Push state: DialogSubScene
15:25:41.635 [JavaFX Application Thread] DEBUG Input                - Clearing active input actions
15:25:41.636 [JavaFX Application Thread] DEBUG GameApplicationServi - Removing overlay from PauseMenu and adding to DialogSubScene
15:25:41.636 [JavaFX Application Thread] DEBUG PrimaryStageWindow   - PauseMenu -> DialogSubScene
15:25:42.782 [JavaFX Application Thread] DEBUG PrimaryStageWindow   - Pop state: DialogSubScene
15:25:42.782 [JavaFX Application Thread] DEBUG Input                - Clearing active input actions
15:25:42.783 [JavaFX Application Thread] DEBUG GameApplicationServi - Removing overlay from DialogSubScene and adding to PauseMenu
15:25:42.784 [JavaFX Application Thread] DEBUG PrimaryStageWindow   - PauseMenu <- DialogSubScene
15:25:42.784 [JavaFX Application Thread] DEBUG PrimaryStageWindow   - Pop state: PauseMenu
15:25:42.784 [JavaFX Application Thread] DEBUG Input                - Clearing active input actions
15:25:42.784 [JavaFX Application Thread] DEBUG GameApplicationServi - Removing overlay from PauseMenu and adding to GameScene
15:25:42.784 [JavaFX Application Thread] DEBUG PrimaryStageWindow   - GameScene <- PauseMenu
15:25:42.784 [JavaFX Application Thread] DEBUG Input                - Clearing active input actions
15:25:42.791 [JavaFX Application Thread] DEBUG GameApplicationServi - Removing overlay from GameScene and adding to FXGLMainMenuDummyScene
15:25:42.791 [JavaFX Application Thread] DEBUG PrimaryStageWindow   - GameScene -> FXGLMainMenuDummyScene
15:25:42.791 [JavaFX Application Thread] DEBUG PrimaryStageWindow   - Push state: MainMenu
15:25:42.791 [JavaFX Application Thread] DEBUG Input                - Clearing active input actions
15:25:42.792 [JavaFX Application Thread] DEBUG GameApplicationServi - Removing overlay from FXGLMainMenuDummyScene and adding to MainMenu
15:25:42.793 [JavaFX Application Thread] DEBUG PrimaryStageWindow   - FXGLMainMenuDummyScene -> MainMenu
15:25:44.349 [JavaFX Application Thread] DEBUG GameApplicationServi - Starting new game
15:25:44.350 [JavaFX Application Thread] DEBUG PrimaryStageWindow   - Pop state: MainMenu
15:25:44.350 [JavaFX Application Thread] DEBUG Input                - Clearing active input actions
15:25:44.351 [JavaFX Application Thread] DEBUG GameApplicationServi - Removing overlay from MainMenu and adding to FXGLMainMenuDummyScene
15:25:44.351 [JavaFX Application Thread] DEBUG PrimaryStageWindow   - FXGLMainMenuDummyScene <- MainMenu
15:25:44.351 [JavaFX Application Thread] DEBUG Input                - Clearing active input actions
15:25:44.359 [JavaFX Application Thread] DEBUG GameApplicationServi - Removing overlay from FXGLMainMenuDummyScene and adding to FXGLLoadingScene
15:25:44.359 [JavaFX Application Thread] DEBUG PrimaryStageWindow   - FXGLMainMenuDummyScene -> FXGLLoadingScene
15:25:44.359 [JavaFX Application Thread] DEBUG GameApplicationServi - Clearing previous game
15:25:44.359 [JavaFX Application Thread] DEBUG GameScene            - Clearing game scene
15:25:44.359 [JavaFX Application Thread] DEBUG GameWorld            - Clearing game world
15:25:44.361 [JavaFX Application Thread] DEBUG PhysicsWorld         - Clearing physics world
15:25:44.361 [FXGL Background Thread 2 ] DEBUG FXGLApplication      - Initializing game
15:25:44.362 [FXGL Background Thread 2 ] INFO  FXGLApplication      - Game initialization took: 0.001 sec
15:25:44.365 [JavaFX Application Thread] DEBUG Input                - Clearing active input actions
15:25:44.370 [JavaFX Application Thread] DEBUG GameApplicationServi - Removing overlay from FXGLLoadingScene and adding to GameScene
15:25:44.370 [JavaFX Application Thread] DEBUG PrimaryStageWindow   - FXGLLoadingScene -> GameScene
15:25:45.249 [JavaFX Application Thread] DEBUG PrimaryStageWindow   - Push state: PauseMenu
15:25:45.250 [JavaFX Application Thread] DEBUG Input                - Clearing active input actions
15:25:45.250 [JavaFX Application Thread] DEBUG GameApplicationServi - Removing overlay from GameScene and adding to PauseMenu
15:25:45.251 [JavaFX Application Thread] DEBUG PrimaryStageWindow   - GameScene -> PauseMenu
15:25:45.782 [JavaFX Application Thread] DEBUG Menu                 - fireExitToMainMenu()
15:25:45.783 [JavaFX Application Thread] DEBUG PrimaryStageWindow   - Push state: DialogSubScene
15:25:45.783 [JavaFX Application Thread] DEBUG Input                - Clearing active input actions
15:25:45.784 [JavaFX Application Thread] DEBUG GameApplicationServi - Removing overlay from PauseMenu and adding to DialogSubScene
15:25:45.785 [JavaFX Application Thread] DEBUG PrimaryStageWindow   - PauseMenu -> DialogSubScene
15:25:46.683 [JavaFX Application Thread] DEBUG PrimaryStageWindow   - Pop state: DialogSubScene
15:25:46.683 [JavaFX Application Thread] DEBUG Input                - Clearing active input actions
15:25:46.684 [JavaFX Application Thread] DEBUG GameApplicationServi - Removing overlay from DialogSubScene and adding to PauseMenu
15:25:46.684 [JavaFX Application Thread] DEBUG PrimaryStageWindow   - PauseMenu <- DialogSubScene
15:25:46.685 [JavaFX Application Thread] DEBUG PrimaryStageWindow   - Pop state: PauseMenu
15:25:46.685 [JavaFX Application Thread] DEBUG Input                - Clearing active input actions
15:25:46.685 [JavaFX Application Thread] DEBUG GameApplicationServi - Removing overlay from PauseMenu and adding to GameScene
15:25:46.686 [JavaFX Application Thread] DEBUG PrimaryStageWindow   - GameScene <- PauseMenu
15:25:46.686 [JavaFX Application Thread] DEBUG Input                - Clearing active input actions
15:25:46.691 [JavaFX Application Thread] DEBUG GameApplicationServi - Removing overlay from GameScene and adding to FXGLMainMenuDummyScene
15:25:46.691 [JavaFX Application Thread] DEBUG PrimaryStageWindow   - GameScene -> FXGLMainMenuDummyScene
15:25:46.691 [JavaFX Application Thread] DEBUG PrimaryStageWindow   - Push state: MainMenu
15:25:46.692 [JavaFX Application Thread] DEBUG Input                - Clearing active input actions
15:25:46.692 [JavaFX Application Thread] DEBUG GameApplicationServi - Removing overlay from FXGLMainMenuDummyScene and adding to MainMenu
15:25:46.692 [JavaFX Application Thread] DEBUG PrimaryStageWindow   - FXGLMainMenuDummyScene -> MainMenu
15:25:51.348 [JavaFX Application Thread] DEBUG Menu                 - fireExit()
15:25:51.348 [JavaFX Application Thread] DEBUG PrimaryStageWindow   - Push state: DialogSubScene
15:25:51.348 [JavaFX Application Thread] DEBUG Input                - Clearing active input actions
15:25:51.349 [JavaFX Application Thread] DEBUG GameApplicationServi - Removing overlay from MainMenu and adding to DialogSubScene
15:25:51.349 [JavaFX Application Thread] DEBUG PrimaryStageWindow   - MainMenu -> DialogSubScene
15:25:53.516 [JavaFX Application Thread] DEBUG PrimaryStageWindow   - Pop state: DialogSubScene
15:25:53.516 [JavaFX Application Thread] DEBUG Input                - Clearing active input actions
15:25:53.517 [JavaFX Application Thread] DEBUG GameApplicationServi - Removing overlay from DialogSubScene and adding to MainMenu
15:25:53.517 [JavaFX Application Thread] DEBUG PrimaryStageWindow   - MainMenu <- DialogSubScene
15:26:00.500 [JavaFX Application Thread] DEBUG Menu                 - fireExit()
15:26:00.502 [JavaFX Application Thread] DEBUG PrimaryStageWindow   - Push state: DialogSubScene
15:26:00.502 [JavaFX Application Thread] DEBUG Input                - Clearing active input actions
15:26:00.503 [JavaFX Application Thread] DEBUG GameApplicationServi - Removing overlay from MainMenu and adding to DialogSubScene
15:26:00.504 [JavaFX Application Thread] DEBUG PrimaryStageWindow   - MainMenu -> DialogSubScene
15:26:01.249 [JavaFX Application Thread] DEBUG PrimaryStageWindow   - Pop state: DialogSubScene
15:26:01.249 [JavaFX Application Thread] DEBUG Input                - Clearing active input actions
15:26:01.250 [JavaFX Application Thread] DEBUG GameApplicationServi - Removing overlay from DialogSubScene and adding to MainMenu
15:26:01.251 [JavaFX Application Thread] DEBUG PrimaryStageWindow   - MainMenu <- DialogSubScene
15:26:01.251 [JavaFX Application Thread] DEBUG FXGLApplication      - Exiting FXGL
15:26:01.251 [JavaFX Application Thread] DEBUG LoopRunner           - Stopping loop
15:26:01.251 [JavaFX Application Thread] DEBUG SystemBundleService  - Saving FXGL system data
15:26:01.254 [JavaFX Application Thread] DEBUG FileSystemAccess     - Writing to: /Users/hiimecho/Documents/Coding/Java/Coding/SpaceX-Invader/system/fxgl.bundle
15:26:01.257 [JavaFX Application Thread] DEBUG Async                - Shutting down background threads
15:26:01.257 [JavaFX Application Thread] DEBUG PrimaryStageWindow   - Closing main window
15:26:01.267 [JavaFX Application Thread] DEBUG Logger               - Closing Logger
