16:24:09.467 [main                     ] DEBUG Logger               - Configured Logger
16:24:09.509 [main                     ] DEBUG GameApplication      - Logging settings
Title: SpaceX Invader
Version: 0.0
Width: 450
Height: 600
Fullscreen: false
Intro: false
Profiling: false
Single step:false
App Mode: DEVELOPER
Menu Key: ESCAPE
Stage Style: DECORATED
Scene Factory: class com.ood.spacexinvader.GameStart$1

16:24:10.056 [JavaFX Application Thread] DEBUG FXGLApplication      - Initializing FXGL
16:24:10.063 [JavaFX Application Thread] INFO  Engine               - FXGL-17.2 (20.08.2022 16.50) on MAC (J:17.0.3 FX:17.0.2-ea)
16:24:10.064 [JavaFX Application Thread] DEBUG Engine               - JRE Vendor Name: Eclipse Adoptium
16:24:10.064 [JavaFX Application Thread] DEBUG Engine               - Running on OS: Mac OS X version 13.1
16:24:10.064 [JavaFX Application Thread] DEBUG Engine               - Architecture: x86_64
16:24:10.064 [JavaFX Application Thread] INFO  Engine               - Source code and latest versions at: https://github.com/AlmasB/FXGL
16:24:10.065 [JavaFX Application Thread] INFO  Engine               -       Ask questions and discuss at: https://github.com/AlmasB/FXGL/discussions
16:24:10.065 [JavaFX Application Thread] INFO  Engine               -              Join the FXGL chat at: https://gitter.im/AlmasB/FXGL
16:24:10.189 [JavaFX Application Thread] DEBUG PrimaryStageWindow   - Creating a JavaFX scene
16:24:10.259 [JavaFX Application Thread] DEBUG PrimaryStageWindow   - Target settings size: 450.0 x 600.0
16:24:10.260 [JavaFX Application Thread] DEBUG PrimaryStageWindow   - Scaled scene size:    450.0 x 600.0
16:24:10.261 [JavaFX Application Thread] DEBUG PrimaryStageWindow   - Scaled ratio: (1.0, 1.0)
16:24:10.262 [JavaFX Application Thread] DEBUG PrimaryStageWindow   - Set initial scene to FXGLStartupScene
16:24:10.274 [JavaFX Application Thread] DEBUG PrimaryStageWindow   - Opening main window
16:24:10.409 [JavaFX Application Thread] DEBUG PrimaryStageWindow   - Window border size: (0.0, 28.0)
16:24:10.409 [JavaFX Application Thread] DEBUG PrimaryStageWindow   - Scaled size: 450.0 x 600.0
16:24:10.409 [JavaFX Application Thread] DEBUG PrimaryStageWindow   - Scaled ratio: (1.0, 1.0)
16:24:10.410 [JavaFX Application Thread] DEBUG PrimaryStageWindow   - Scene size: 450.0 x 600.0
16:24:10.410 [JavaFX Application Thread] DEBUG PrimaryStageWindow   - Stage size: 450.0 x 628.0
16:24:10.418 [FXGL Background Thread 1 ] DEBUG Engine               - Initializing environment variables
16:24:10.474 [FXGL Background Thread 1 ] DEBUG FXGLAssetLoaderServi - User app class for loading assets: class com.ood.spacexinvader.GameStart
16:24:10.475 [FXGL Background Thread 1 ] DEBUG GameApplicationServi - Applying CSS: fxgl_dark.css
16:24:10.476 [FXGL Background Thread 1 ] DEBUG FXGLAssetLoaderServi - Loading from file system: jar:file:///Users/leowong/.gradle/caches/modules-2/files-2.1/com.github.almasb/fxgl/17.2/35db6ae960eec2dcfd19262d3b7f9c42f0e95bc3/fxgl-17.2.jar!/fxglassets/ui/css/fxgl_dark.css
16:24:10.649 [FXGL Background Thread 1 ] DEBUG GameApplicationServi - Initializing application scenes
16:24:11.095 [FXGL Background Thread 1 ] DEBUG GameWorld            - Game world initialized
16:24:11.180 [FXGL Background Thread 1 ] DEBUG PhysicsWorld         - Physics world initialized: appHeight=600, physics.ppm=50.0
16:24:11.180 [FXGL Background Thread 1 ] DEBUG PhysicsWorld         - Using strategy: BRUTE_FORCE
16:24:11.186 [FXGL Background Thread 1 ] DEBUG GameScene            - Game scene initialized: 450x600
16:24:11.243 [FXGL Background Thread 1 ] DEBUG GameApplicationServi - Application scenes initialized
16:24:11.264 [FXGL Background Thread 1 ] DEBUG SystemBundleService  - Loading FXGL system data
16:24:11.269 [FXGL Background Thread 1 ] DEBUG FileSystemAccess     - Reading from: /Users/leowong/IdeaProjects/SpaceX-Invader/system/fxgl.bundle
16:24:11.278 [FXGL Background Thread 1 ] DEBUG SystemBundleService  - Bundle FXGL: {}
16:24:11.279 [FXGL Background Thread 1 ] DEBUG UpdaterService       - Checking for updates
16:24:11.287 [FXGL Background Thread 4 ] DEBUG FXGLApplication      - Loading fonts
16:24:11.288 [FXGL Background Thread 4 ] DEBUG FXGLAssetLoaderServi - Loading from file system: jar:file:///Users/leowong/.gradle/caches/modules-2/files-2.1/com.github.almasb/fxgl/17.2/35db6ae960eec2dcfd19262d3b7f9c42f0e95bc3/fxgl-17.2.jar!/fxglassets/ui/fonts/VarelaRound-Regular.ttf
16:24:11.288 [FXGL Background Thread 1 ] DEBUG FXGLApplication      - Loading default localization
16:24:11.289 [FXGL Background Thread 1 ] DEBUG FXGLAssetLoaderServi - Loading from file system: jar:file:///Users/leowong/.gradle/caches/modules-2/files-2.1/com.github.almasb/fxgl/17.2/35db6ae960eec2dcfd19262d3b7f9c42f0e95bc3/fxgl-17.2.jar!/fxglassets/languages/english.lang
16:24:11.311 [FXGL Background Thread 4 ] DEBUG FXGLAssetLoaderServi - Loading from file system: jar:file:///Users/leowong/.gradle/caches/modules-2/files-2.1/com.github.almasb/fxgl/17.2/35db6ae960eec2dcfd19262d3b7f9c42f0e95bc3/fxgl-17.2.jar!/fxglassets/ui/fonts/Abel-Regular.ttf
16:24:11.313 [FXGL Background Thread 1 ] INFO  FXGLApplication      - FXGL initialization took: 0.895 sec
16:24:11.318 [FXGL Background Thread 4 ] DEBUG FXGLAssetLoaderServi - Loading from file system: jar:file:///Users/leowong/.gradle/caches/modules-2/files-2.1/com.github.almasb/fxgl/17.2/35db6ae960eec2dcfd19262d3b7f9c42f0e95bc3/fxgl-17.2.jar!/fxglassets/ui/fonts/TerminalLandMono-Regular.otf
16:24:11.327 [FXGL Background Thread 4 ] DEBUG FXGLAssetLoaderServi - Loading from file system: jar:file:///Users/leowong/.gradle/caches/modules-2/files-2.1/com.github.almasb/fxgl/17.2/35db6ae960eec2dcfd19262d3b7f9c42f0e95bc3/fxgl-17.2.jar!/fxglassets/ui/fonts/Courier-Prime.ttf
16:24:11.330 [JavaFX Application Thread] DEBUG Input                - Registered new binding: Left - A
16:24:11.330 [JavaFX Application Thread] DEBUG Input                - Registered new binding: Right - D
16:24:11.330 [JavaFX Application Thread] DEBUG Input                - Registered new binding: Shoot - J
16:24:11.331 [JavaFX Application Thread] DEBUG FXGLAssetLoaderServi - Loading from file system: jar:file:///Users/leowong/IdeaProjects/SpaceX-Invader/build/libs/SpaceX-Invader-1.0-SNAPSHOT.jar!/assets/textures/icon/spacex-invader-favicon-black.png
16:24:11.391 [JavaFX Application Thread] DEBUG FXGLAssetLoaderServi - Loading from file system: jar:file:///Users/leowong/.gradle/caches/modules-2/files-2.1/com.github.almasb/fxgl/17.2/35db6ae960eec2dcfd19262d3b7f9c42f0e95bc3/fxgl-17.2.jar!/fxglassets/textures/fxgl_default_cursor.png
16:24:11.396 [JavaFX Application Thread] DEBUG Input                - Registered new binding: Screenshot - CTRL+8
16:24:11.397 [JavaFX Application Thread] DEBUG Input                - Registered new binding: System info dump - CTRL+9
16:24:11.397 [JavaFX Application Thread] DEBUG Input                - Registered new binding: Restart - CTRL+R
16:24:11.399 [JavaFX Application Thread] DEBUG Input                - Registered new binding: Toggle Debug Camera - CTRL+7
16:24:11.402 [JavaFX Application Thread] DEBUG LoopRunner           - Starting loop
16:24:11.402 [JavaFX Application Thread] DEBUG LoopRunner           - Initializing JavaFX AnimationTimerLoop
16:24:11.406 [JavaFX Application Thread] DEBUG Input                - Clearing active input actions
16:24:11.419 [JavaFX Application Thread] DEBUG GameApplicationServi - Removing overlay from FXGLStartupScene and adding to FXGLMainMenuDummyScene
16:24:11.420 [JavaFX Application Thread] DEBUG PrimaryStageWindow   - FXGLStartupScene -> FXGLMainMenuDummyScene
16:24:11.421 [JavaFX Application Thread] DEBUG PrimaryStageWindow   - Push state: MainMenu
16:24:11.421 [JavaFX Application Thread] DEBUG Input                - Clearing active input actions
16:24:11.435 [JavaFX Application Thread] DEBUG GameApplicationServi - Removing overlay from FXGLMainMenuDummyScene and adding to MainMenu
16:24:11.436 [JavaFX Application Thread] DEBUG PrimaryStageWindow   - FXGLMainMenuDummyScene -> MainMenu
16:24:11.506 [JavaFX Application Thread] DEBUG FXGLApplication      - Registering font factories with UI factory
16:24:13.019 [JavaFX Application Thread] DEBUG Menu                 - fireNewGame()
16:24:13.020 [JavaFX Application Thread] DEBUG GameApplicationServi - Starting new game
16:24:13.020 [JavaFX Application Thread] DEBUG PrimaryStageWindow   - Pop state: MainMenu
16:24:13.020 [JavaFX Application Thread] DEBUG Input                - Clearing active input actions
16:24:13.021 [JavaFX Application Thread] DEBUG GameApplicationServi - Removing overlay from MainMenu and adding to FXGLMainMenuDummyScene
16:24:13.022 [JavaFX Application Thread] DEBUG PrimaryStageWindow   - FXGLMainMenuDummyScene <- MainMenu
16:24:13.022 [JavaFX Application Thread] DEBUG Input                - Clearing active input actions
16:24:13.030 [JavaFX Application Thread] DEBUG GameApplicationServi - Removing overlay from FXGLMainMenuDummyScene and adding to FXGLLoadingScene
16:24:13.030 [JavaFX Application Thread] DEBUG PrimaryStageWindow   - FXGLMainMenuDummyScene -> FXGLLoadingScene
16:24:13.031 [JavaFX Application Thread] DEBUG GameApplicationServi - Clearing previous game
16:24:13.031 [JavaFX Application Thread] DEBUG GameScene            - Clearing game scene
16:24:13.031 [JavaFX Application Thread] DEBUG GameWorld            - Clearing game world
16:24:13.031 [JavaFX Application Thread] DEBUG PhysicsWorld         - Clearing physics world
16:24:13.033 [FXGL Background Thread 2 ] DEBUG FXGLApplication      - Initializing game
16:24:13.042 [FXGL Background Thread 2 ] DEBUG FXGLAssetLoaderServi - Loading from file system: jar:file:///Users/leowong/IdeaProjects/SpaceX-Invader/build/libs/SpaceX-Invader-1.0-SNAPSHOT.jar!/assets/textures/player/SpaceX.png
16:24:13.063 [FXGL Background Thread 2 ] INFO  FXGLApplication      - Game initialization took: 0.029 sec
16:24:13.064 [JavaFX Application Thread] DEBUG Input                - Clearing active input actions
16:24:13.074 [JavaFX Application Thread] DEBUG GameApplicationServi - Removing overlay from FXGLLoadingScene and adding to GameScene
16:24:13.075 [JavaFX Application Thread] DEBUG PrimaryStageWindow   - FXGLLoadingScene -> GameScene
16:24:14.289 [FXGL Background Thread 3 ] DEBUG Engine               - Logging environment variables
16:24:14.289 [FXGL Background Thread 3 ] DEBUG Engine               - achievements: []
16:24:14.290 [FXGL Background Thread 3 ] DEBUG Engine               - actualHeight: 600.0
16:24:14.290 [FXGL Background Thread 3 ] DEBUG Engine               - actualHeightProperty: ReadOnlyDoubleProperty [value: 600.0]
16:24:14.290 [FXGL Background Thread 3 ] DEBUG Engine               - actualWidth: 450.0
16:24:14.290 [FXGL Background Thread 3 ] DEBUG Engine               - actualWidthProperty: ReadOnlyDoubleProperty [value: 450.0]
16:24:14.291 [FXGL Background Thread 3 ] DEBUG Engine               - appIcon: icon/spacex-invader-favicon-black.png
16:24:14.291 [FXGL Background Thread 3 ] DEBUG Engine               - applicationMode: DEVELOPER
16:24:14.291 [FXGL Background Thread 3 ] DEBUG Engine               - cSSList: [fxgl_dark.css]
16:24:14.291 [FXGL Background Thread 3 ] DEBUG Engine               - collisionDetectionStrategy: BRUTE_FORCE
16:24:14.291 [FXGL Background Thread 3 ] DEBUG Engine               - configClass: Optional.empty
16:24:14.292 [FXGL Background Thread 3 ] DEBUG Engine               - credits: []
16:24:14.294 [FXGL Background Thread 3 ] DEBUG Engine               - defaultCursor: CursorInfo(imageName=fxgl_default_cursor.png, hotspotX=7.0, hotspotY=6.0)
16:24:14.294 [FXGL Background Thread 3 ] DEBUG Engine               - devBBoxColorProperty: ObjectProperty [value: 0xff0000ff]
16:24:14.295 [FXGL Background Thread 3 ] DEBUG Engine               - devEnableDebugCameraProperty: BooleanProperty [value: false]
16:24:14.295 [FXGL Background Thread 3 ] DEBUG Engine               - devSensorColorProperty: ObjectProperty [value: 0xffff00ff]
16:24:14.295 [FXGL Background Thread 3 ] DEBUG Engine               - devShowBBoxProperty: BooleanProperty [value: false]
16:24:14.295 [FXGL Background Thread 3 ] DEBUG Engine               - devShowPositionProperty: BooleanProperty [value: false]
16:24:14.296 [FXGL Background Thread 3 ] DEBUG Engine               - enabledMenuItems: []
16:24:14.296 [FXGL Background Thread 3 ] DEBUG Engine               - engineServices: [class com.almasb.fxgl.app.services.FXGLAssetLoaderService, class com.almasb.fxgl.app.FXGLApplication$GameApplicationService, class com.almasb.fxgl.app.services.FXGLDialogService, class com.almasb.fxgl.app.services.IOTaskExecutorService, class com.almasb.fxgl.io.FileSystemService, class com.almasb.fxgl.localization.LocalizationService, class com.almasb.fxgl.app.services.SystemBundleService, class com.almasb.fxgl.profile.SaveLoadService, class com.almasb.fxgl.ui.FXGLUIFactoryServiceProvider, class com.almasb.fxgl.ui.FXGLDialogFactoryServiceProvider, class com.almasb.fxgl.audio.AudioPlayer, class com.almasb.fxgl.notification.impl.NotificationServiceProvider, class com.almasb.fxgl.achievement.AchievementService, class com.almasb.fxgl.cutscene.CutsceneService, class com.almasb.fxgl.minigames.MiniGameService, class com.almasb.fxgl.net.NetService, class com.almasb.fxgl.app.services.UpdaterService, class com.almasb.fxgl.dev.DevService]
16:24:14.296 [FXGL Background Thread 3 ] DEBUG Engine               - fontGame: Abel-Regular.ttf
16:24:14.296 [FXGL Background Thread 3 ] DEBUG Engine               - fontMono: TerminalLandMono-Regular.otf
16:24:14.297 [FXGL Background Thread 3 ] DEBUG Engine               - fontText: Courier-Prime.ttf
16:24:14.297 [FXGL Background Thread 3 ] DEBUG Engine               - fontUI: VarelaRound-Regular.ttf
16:24:14.297 [FXGL Background Thread 3 ] DEBUG Engine               - fullScreen: BooleanProperty [value: false]
16:24:14.297 [FXGL Background Thread 3 ] DEBUG Engine               - gameDifficulty: MEDIUM
16:24:14.297 [FXGL Background Thread 3 ] DEBUG Engine               - gameDifficultyProperty: ObjectProperty [value: MEDIUM]
16:24:14.298 [FXGL Background Thread 3 ] DEBUG Engine               - globalMusicVolume: 0.5
16:24:14.298 [FXGL Background Thread 3 ] DEBUG Engine               - globalMusicVolumeProperty: DoubleProperty [value: 0.5]
16:24:14.298 [FXGL Background Thread 3 ] DEBUG Engine               - globalSoundVolume: 0.5
16:24:14.299 [FXGL Background Thread 3 ] DEBUG Engine               - globalSoundVolumeProperty: DoubleProperty [value: 0.5]
16:24:14.299 [FXGL Background Thread 3 ] DEBUG Engine               - height: 600
16:24:14.299 [FXGL Background Thread 3 ] DEBUG Engine               - is3D: false
16:24:14.300 [FXGL Background Thread 3 ] DEBUG Engine               - isAndroid: false
16:24:14.300 [FXGL Background Thread 3 ] DEBUG Engine               - isBrowser: false
16:24:14.300 [FXGL Background Thread 3 ] DEBUG Engine               - isClickFeedbackEnabled: false
16:24:14.300 [FXGL Background Thread 3 ] DEBUG Engine               - isCloseConfirmation: true
16:24:14.300 [FXGL Background Thread 3 ] DEBUG Engine               - isDesktop: true
16:24:14.300 [FXGL Background Thread 3 ] DEBUG Engine               - isDeveloperMenuEnabled: false
16:24:14.301 [FXGL Background Thread 3 ] DEBUG Engine               - isEmbedded: false
16:24:14.301 [FXGL Background Thread 3 ] DEBUG Engine               - isEntityPreloadEnabled: true
16:24:14.301 [FXGL Background Thread 3 ] DEBUG Engine               - isExperimentalTiledLargeMap: false
16:24:14.301 [FXGL Background Thread 3 ] DEBUG Engine               - isFileSystemWriteAllowed: true
16:24:14.301 [FXGL Background Thread 3 ] DEBUG Engine               - isFullScreenAllowed: false
16:24:14.301 [FXGL Background Thread 3 ] DEBUG Engine               - isFullScreenFromStart: false
16:24:14.302 [FXGL Background Thread 3 ] DEBUG Engine               - isGameMenuEnabled: true
16:24:14.302 [FXGL Background Thread 3 ] DEBUG Engine               - isIOS: false
16:24:14.302 [FXGL Background Thread 3 ] DEBUG Engine               - isIntroEnabled: false
16:24:14.302 [FXGL Background Thread 3 ] DEBUG Engine               - isLinux: false
16:24:14.302 [FXGL Background Thread 3 ] DEBUG Engine               - isMac: true
16:24:14.302 [FXGL Background Thread 3 ] DEBUG Engine               - isMainMenuEnabled: true
16:24:14.303 [FXGL Background Thread 3 ] DEBUG Engine               - isManualResizeEnabled: false
16:24:14.303 [FXGL Background Thread 3 ] DEBUG Engine               - isMobile: false
16:24:14.303 [FXGL Background Thread 3 ] DEBUG Engine               - isNative: false
16:24:14.303 [FXGL Background Thread 3 ] DEBUG Engine               - isPauseMusicWhenMinimized: true
16:24:14.303 [FXGL Background Thread 3 ] DEBUG Engine               - isPreserveResizeRatio: false
16:24:14.303 [FXGL Background Thread 3 ] DEBUG Engine               - isProfilingEnabled: false
16:24:14.304 [FXGL Background Thread 3 ] DEBUG Engine               - isScaleAffectedOnResize: true
16:24:14.304 [FXGL Background Thread 3 ] DEBUG Engine               - isSingleStep: false
16:24:14.304 [FXGL Background Thread 3 ] DEBUG Engine               - isUserProfileEnabled: false
16:24:14.304 [FXGL Background Thread 3 ] DEBUG Engine               - isWindows: false
16:24:14.304 [FXGL Background Thread 3 ] DEBUG Engine               - language: ObjectProperty [value: ENGLISH]
16:24:14.304 [FXGL Background Thread 3 ] DEBUG Engine               - menuKey: ESCAPE
16:24:14.304 [FXGL Background Thread 3 ] DEBUG Engine               - mouseSensitivity: 0.2
16:24:14.304 [FXGL Background Thread 3 ] DEBUG Engine               - notificationViewClass: class com.almasb.fxgl.notification.view.XboxNotificationView
16:24:14.304 [FXGL Background Thread 3 ] DEBUG Engine               - pixelsPerMeter: 50.0
16:24:14.304 [FXGL Background Thread 3 ] DEBUG Engine               - platform: MAC
16:24:14.305 [FXGL Background Thread 3 ] DEBUG Engine               - prefHeightProperty: ReadOnlyDoubleProperty [value: 600.0]
16:24:14.305 [FXGL Background Thread 3 ] DEBUG Engine               - prefWidthProperty: ReadOnlyDoubleProperty [value: 450.0]
16:24:14.305 [FXGL Background Thread 3 ] DEBUG Engine               - profileDir: profiles/
16:24:14.305 [FXGL Background Thread 3 ] DEBUG Engine               - profileName: StringProperty [value: DEFAULT]
16:24:14.306 [FXGL Background Thread 3 ] DEBUG Engine               - randomSeed: -1
16:24:14.306 [FXGL Background Thread 3 ] DEBUG Engine               - runtimeInfo: RuntimeInfo(platform=MAC, version=17.2, build=20.08.2022 16.50)
16:24:14.306 [FXGL Background Thread 3 ] DEBUG Engine               - saveFileExt: sav
16:24:14.306 [FXGL Background Thread 3 ] DEBUG Engine               - scaledHeightProp$fxgl: DoubleProperty [bound, value: 600.0]
16:24:14.306 [FXGL Background Thread 3 ] DEBUG Engine               - scaledWidthProp$fxgl: DoubleProperty [bound, value: 450.0]
16:24:14.307 [FXGL Background Thread 3 ] DEBUG Engine               - sceneFactory: com.ood.spacexinvader.GameStart$1@6c3516d1
16:24:14.307 [FXGL Background Thread 3 ] DEBUG Engine               - secondsIn24h: 60
16:24:14.307 [FXGL Background Thread 3 ] DEBUG Engine               - soundMenuBack: menu/back.wav
16:24:14.307 [FXGL Background Thread 3 ] DEBUG Engine               - soundMenuPress: menu/press.wav
16:24:14.307 [FXGL Background Thread 3 ] DEBUG Engine               - soundMenuSelect: menu/select.wav
16:24:14.307 [FXGL Background Thread 3 ] DEBUG Engine               - soundNotification: core/notification.wav
16:24:14.307 [FXGL Background Thread 3 ] DEBUG Engine               - stageStyle: DECORATED
16:24:14.307 [FXGL Background Thread 3 ] DEBUG Engine               - supportedLanguages: [ENGLISH, FRENCH, GERMAN, HUNGARIAN, RUSSIAN]
16:24:14.308 [FXGL Background Thread 3 ] DEBUG Engine               - ticksPerSecond: -1
16:24:14.308 [FXGL Background Thread 3 ] DEBUG Engine               - title: SpaceX Invader
16:24:14.308 [FXGL Background Thread 3 ] DEBUG Engine               - urlGithub: https://github.com/AlmasB/FXGL
16:24:14.308 [FXGL Background Thread 3 ] DEBUG Engine               - urlLeaderboard: http://fxgl-top.herokuapp.com/
16:24:14.308 [FXGL Background Thread 3 ] DEBUG Engine               - urlPOM: https://raw.githubusercontent.com/AlmasB/FXGL/release/README.md
16:24:14.309 [FXGL Background Thread 3 ] DEBUG Engine               - userAppClass: class com.ood.spacexinvader.GameStart
16:24:14.309 [FXGL Background Thread 3 ] DEBUG Engine               - version: 0.0
16:24:14.309 [FXGL Background Thread 3 ] DEBUG Engine               - versionCheckDays: 7
16:24:14.309 [FXGL Background Thread 3 ] DEBUG Engine               - width: 450
16:24:14.309 [FXGL Background Thread 3 ] DEBUG Engine               - Logging services
16:24:14.309 [FXGL Background Thread 3 ] DEBUG Engine               - class com.almasb.fxgl.app.services.FXGLAssetLoaderService
16:24:14.309 [FXGL Background Thread 3 ] DEBUG Engine               - class com.almasb.fxgl.app.FXGLApplication$GameApplicationService
16:24:14.309 [FXGL Background Thread 3 ] DEBUG Engine               - class com.almasb.fxgl.app.services.FXGLDialogService
16:24:14.310 [FXGL Background Thread 3 ] DEBUG Engine               - class com.almasb.fxgl.app.services.IOTaskExecutorService
16:24:14.310 [FXGL Background Thread 3 ] DEBUG Engine               - class com.almasb.fxgl.io.FileSystemService
16:24:14.310 [FXGL Background Thread 3 ] DEBUG Engine               - class com.almasb.fxgl.localization.LocalizationService
16:24:14.310 [FXGL Background Thread 3 ] DEBUG Engine               - class com.almasb.fxgl.app.services.SystemBundleService
16:24:14.310 [FXGL Background Thread 3 ] DEBUG Engine               - class com.almasb.fxgl.profile.SaveLoadService
16:24:14.310 [FXGL Background Thread 3 ] DEBUG Engine               - class com.almasb.fxgl.ui.FXGLUIFactoryServiceProvider
16:24:14.310 [FXGL Background Thread 3 ] DEBUG Engine               - class com.almasb.fxgl.ui.FXGLDialogFactoryServiceProvider
16:24:14.310 [FXGL Background Thread 3 ] DEBUG Engine               - class com.almasb.fxgl.audio.AudioPlayer
16:24:14.310 [FXGL Background Thread 3 ] DEBUG Engine               - class com.almasb.fxgl.notification.impl.NotificationServiceProvider
16:24:14.311 [FXGL Background Thread 3 ] DEBUG Engine               - class com.almasb.fxgl.achievement.AchievementService
16:24:14.311 [FXGL Background Thread 3 ] DEBUG Engine               - class com.almasb.fxgl.cutscene.CutsceneService
16:24:14.311 [FXGL Background Thread 3 ] DEBUG Engine               - class com.almasb.fxgl.minigames.MiniGameService
16:24:14.311 [FXGL Background Thread 3 ] DEBUG Engine               - class com.almasb.fxgl.net.NetService
16:24:14.311 [FXGL Background Thread 3 ] DEBUG Engine               - class com.almasb.fxgl.app.services.UpdaterService
16:24:14.311 [FXGL Background Thread 3 ] DEBUG Engine               - class com.almasb.fxgl.dev.DevService
16:24:16.356 [JavaFX Application Thread] DEBUG PrimaryStageWindow   - Push state: DialogSubScene
16:24:16.356 [JavaFX Application Thread] DEBUG Input                - Clearing active input actions
16:24:16.357 [JavaFX Application Thread] DEBUG GameApplicationServi - Removing overlay from GameScene and adding to DialogSubScene
16:24:16.358 [JavaFX Application Thread] DEBUG PrimaryStageWindow   - GameScene -> DialogSubScene
16:24:17.559 [JavaFX Application Thread] DEBUG PrimaryStageWindow   - Pop state: DialogSubScene
16:24:17.559 [JavaFX Application Thread] DEBUG Input                - Clearing active input actions
16:24:17.560 [JavaFX Application Thread] DEBUG GameApplicationServi - Removing overlay from DialogSubScene and adding to GameScene
16:24:17.561 [JavaFX Application Thread] DEBUG PrimaryStageWindow   - GameScene <- DialogSubScene
16:24:17.561 [JavaFX Application Thread] DEBUG FXGLApplication      - Exiting FXGL
16:24:17.561 [JavaFX Application Thread] DEBUG LoopRunner           - Stopping loop
16:24:17.561 [JavaFX Application Thread] DEBUG SystemBundleService  - Saving FXGL system data
16:24:17.564 [JavaFX Application Thread] DEBUG FileSystemAccess     - Writing to: /Users/leowong/IdeaProjects/SpaceX-Invader/system/fxgl.bundle
16:24:17.566 [JavaFX Application Thread] DEBUG Async                - Shutting down background threads
16:24:17.566 [JavaFX Application Thread] DEBUG PrimaryStageWindow   - Closing main window
16:24:17.576 [JavaFX Application Thread] DEBUG Logger               - Closing Logger
