00:40:30.950 [main                     ] DEBUG Logger               - Configured Logger
00:40:30.986 [main                     ] DEBUG GameApplication      - Logging settings
Title: SpaceX Invader
Version: 0.0
Width: 450
Height: 600
Fullscreen: false
Intro: false
Profiling: false
Single step:false
App Mode: DEVELOPER
Menu Key: ESCAPE
Stage Style: DECORATED
Scene Factory: class com.ood.spacexinvader.GameStart$1

00:40:31.518 [JavaFX Application Thread] DEBUG FXGLApplication      - Initializing FXGL
00:40:31.526 [JavaFX Application Thread] INFO  Engine               - FXGL-17.2 (20.08.2022 16.50) on MAC (J:17.0.3 FX:17.0.2-ea)
00:40:31.526 [JavaFX Application Thread] DEBUG Engine               - JRE Vendor Name: Eclipse Adoptium
00:40:31.527 [JavaFX Application Thread] DEBUG Engine               - Running on OS: Mac OS X version 13.1
00:40:31.527 [JavaFX Application Thread] DEBUG Engine               - Architecture: x86_64
00:40:31.527 [JavaFX Application Thread] INFO  Engine               - Source code and latest versions at: https://github.com/AlmasB/FXGL
00:40:31.527 [JavaFX Application Thread] INFO  Engine               -       Ask questions and discuss at: https://github.com/AlmasB/FXGL/discussions
00:40:31.527 [JavaFX Application Thread] INFO  Engine               -              Join the FXGL chat at: https://gitter.im/AlmasB/FXGL
00:40:31.648 [JavaFX Application Thread] DEBUG PrimaryStageWindow   - Creating a JavaFX scene
00:40:31.717 [JavaFX Application Thread] DEBUG PrimaryStageWindow   - Target settings size: 450.0 x 600.0
00:40:31.717 [JavaFX Application Thread] DEBUG PrimaryStageWindow   - Scaled scene size:    450.0 x 600.0
00:40:31.718 [JavaFX Application Thread] DEBUG PrimaryStageWindow   - Scaled ratio: (1.0, 1.0)
00:40:31.719 [JavaFX Application Thread] DEBUG PrimaryStageWindow   - Set initial scene to FXGLStartupScene
00:40:31.728 [JavaFX Application Thread] DEBUG PrimaryStageWindow   - Opening main window
00:40:31.831 [JavaFX Application Thread] DEBUG PrimaryStageWindow   - Window border size: (0.0, 28.0)
00:40:31.832 [JavaFX Application Thread] DEBUG PrimaryStageWindow   - Scaled size: 450.0 x 600.0
00:40:31.832 [JavaFX Application Thread] DEBUG PrimaryStageWindow   - Scaled ratio: (1.0, 1.0)
00:40:31.833 [JavaFX Application Thread] DEBUG PrimaryStageWindow   - Scene size: 450.0 x 600.0
00:40:31.834 [JavaFX Application Thread] DEBUG PrimaryStageWindow   - Stage size: 450.0 x 628.0
00:40:31.841 [FXGL Background Thread 1 ] DEBUG Engine               - Initializing environment variables
00:40:31.909 [FXGL Background Thread 1 ] DEBUG FXGLAssetLoaderServi - User app class for loading assets: class com.ood.spacexinvader.GameStart
00:40:31.911 [FXGL Background Thread 1 ] DEBUG GameApplicationServi - Applying CSS: fxgl_dark.css
00:40:31.913 [FXGL Background Thread 1 ] DEBUG FXGLAssetLoaderServi - Loading from file system: jar:file:///Users/leowong/.gradle/caches/modules-2/files-2.1/com.github.almasb/fxgl/17.2/35db6ae960eec2dcfd19262d3b7f9c42f0e95bc3/fxgl-17.2.jar!/fxglassets/ui/css/fxgl_dark.css
00:40:31.972 [FXGL Background Thread 1 ] DEBUG GameApplicationServi - Initializing application scenes
00:40:32.493 [FXGL Background Thread 1 ] DEBUG GameWorld            - Game world initialized
00:40:32.586 [FXGL Background Thread 1 ] DEBUG PhysicsWorld         - Physics world initialized: appHeight=600, physics.ppm=50.0
00:40:32.586 [FXGL Background Thread 1 ] DEBUG PhysicsWorld         - Using strategy: BRUTE_FORCE
00:40:32.593 [FXGL Background Thread 1 ] DEBUG GameScene            - Game scene initialized: 450x600
00:40:32.687 [FXGL Background Thread 1 ] DEBUG GameApplicationServi - Application scenes initialized
00:40:32.707 [FXGL Background Thread 1 ] DEBUG SystemBundleService  - Loading FXGL system data
00:40:32.712 [FXGL Background Thread 1 ] DEBUG FileSystemAccess     - Reading from: /Users/leowong/IdeaProjects/SpaceX-Invader/system/fxgl.bundle
00:40:32.721 [FXGL Background Thread 1 ] DEBUG SystemBundleService  - Bundle FXGL: {}
00:40:32.721 [FXGL Background Thread 1 ] DEBUG UpdaterService       - Checking for updates
00:40:32.728 [FXGL Background Thread 4 ] DEBUG FXGLApplication      - Loading fonts
00:40:32.728 [FXGL Background Thread 4 ] DEBUG FXGLAssetLoaderServi - Loading from file system: jar:file:///Users/leowong/.gradle/caches/modules-2/files-2.1/com.github.almasb/fxgl/17.2/35db6ae960eec2dcfd19262d3b7f9c42f0e95bc3/fxgl-17.2.jar!/fxglassets/ui/fonts/VarelaRound-Regular.ttf
00:40:32.729 [FXGL Background Thread 1 ] DEBUG FXGLApplication      - Loading default localization
00:40:32.730 [FXGL Background Thread 1 ] DEBUG FXGLAssetLoaderServi - Loading from file system: jar:file:///Users/leowong/.gradle/caches/modules-2/files-2.1/com.github.almasb/fxgl/17.2/35db6ae960eec2dcfd19262d3b7f9c42f0e95bc3/fxgl-17.2.jar!/fxglassets/languages/english.lang
00:40:32.753 [FXGL Background Thread 4 ] DEBUG FXGLAssetLoaderServi - Loading from file system: jar:file:///Users/leowong/.gradle/caches/modules-2/files-2.1/com.github.almasb/fxgl/17.2/35db6ae960eec2dcfd19262d3b7f9c42f0e95bc3/fxgl-17.2.jar!/fxglassets/ui/fonts/Abel-Regular.ttf
00:40:32.754 [FXGL Background Thread 1 ] INFO  FXGLApplication      - FXGL initialization took: 0.912 sec
00:40:32.758 [FXGL Background Thread 4 ] DEBUG FXGLAssetLoaderServi - Loading from file system: jar:file:///Users/leowong/.gradle/caches/modules-2/files-2.1/com.github.almasb/fxgl/17.2/35db6ae960eec2dcfd19262d3b7f9c42f0e95bc3/fxgl-17.2.jar!/fxglassets/ui/fonts/TerminalLandMono-Regular.otf
00:40:32.763 [FXGL Background Thread 4 ] DEBUG FXGLAssetLoaderServi - Loading from file system: jar:file:///Users/leowong/.gradle/caches/modules-2/files-2.1/com.github.almasb/fxgl/17.2/35db6ae960eec2dcfd19262d3b7f9c42f0e95bc3/fxgl-17.2.jar!/fxglassets/ui/fonts/Courier-Prime.ttf
00:40:32.767 [JavaFX Application Thread] DEBUG Input                - Registered new binding: Left - A
00:40:32.768 [JavaFX Application Thread] DEBUG Input                - Registered new binding: Right - D
00:40:32.768 [JavaFX Application Thread] DEBUG Input                - Registered new binding: Shoot - J
00:40:32.769 [JavaFX Application Thread] DEBUG FXGLAssetLoaderServi - Loading from file system: jar:file:///Users/leowong/IdeaProjects/SpaceX-Invader/build/libs/SpaceX-Invader-1.0-SNAPSHOT.jar!/assets/textures/icon/spacex-invader-favicon-black.png
00:40:32.815 [JavaFX Application Thread] DEBUG FXGLAssetLoaderServi - Loading from file system: jar:file:///Users/leowong/.gradle/caches/modules-2/files-2.1/com.github.almasb/fxgl/17.2/35db6ae960eec2dcfd19262d3b7f9c42f0e95bc3/fxgl-17.2.jar!/fxglassets/textures/fxgl_default_cursor.png
00:40:32.821 [JavaFX Application Thread] DEBUG Input                - Registered new binding: Screenshot - CTRL+8
00:40:32.822 [JavaFX Application Thread] DEBUG Input                - Registered new binding: System info dump - CTRL+9
00:40:32.822 [JavaFX Application Thread] DEBUG Input                - Registered new binding: Restart - CTRL+R
00:40:32.824 [JavaFX Application Thread] DEBUG Input                - Registered new binding: Toggle Debug Camera - CTRL+7
00:40:32.826 [JavaFX Application Thread] DEBUG LoopRunner           - Starting loop
00:40:32.827 [JavaFX Application Thread] DEBUG LoopRunner           - Initializing JavaFX AnimationTimerLoop
00:40:32.829 [JavaFX Application Thread] DEBUG Input                - Clearing active input actions
00:40:32.844 [JavaFX Application Thread] DEBUG GameApplicationServi - Removing overlay from FXGLStartupScene and adding to FXGLMainMenuDummyScene
00:40:32.845 [JavaFX Application Thread] DEBUG PrimaryStageWindow   - FXGLStartupScene -> FXGLMainMenuDummyScene
00:40:32.845 [JavaFX Application Thread] DEBUG PrimaryStageWindow   - Push state: MainMenu
00:40:32.845 [JavaFX Application Thread] DEBUG Input                - Clearing active input actions
00:40:32.860 [JavaFX Application Thread] DEBUG GameApplicationServi - Removing overlay from FXGLMainMenuDummyScene and adding to MainMenu
00:40:32.860 [JavaFX Application Thread] DEBUG PrimaryStageWindow   - FXGLMainMenuDummyScene -> MainMenu
00:40:32.933 [JavaFX Application Thread] DEBUG FXGLApplication      - Registering font factories with UI factory
00:40:35.164 [JavaFX Application Thread] DEBUG PrimaryStageWindow   - Push state: DialogSubScene
00:40:35.164 [JavaFX Application Thread] DEBUG Input                - Clearing active input actions
00:40:35.166 [JavaFX Application Thread] DEBUG GameApplicationServi - Removing overlay from MainMenu and adding to DialogSubScene
00:40:35.166 [JavaFX Application Thread] DEBUG PrimaryStageWindow   - MainMenu -> DialogSubScene
00:40:35.730 [FXGL Background Thread 3 ] DEBUG Engine               - Logging environment variables
00:40:35.732 [FXGL Background Thread 3 ] DEBUG Engine               - achievements: []
00:40:35.733 [FXGL Background Thread 3 ] DEBUG Engine               - actualHeight: 600.0
00:40:35.733 [FXGL Background Thread 3 ] DEBUG Engine               - actualHeightProperty: ReadOnlyDoubleProperty [value: 600.0]
00:40:35.734 [FXGL Background Thread 3 ] DEBUG Engine               - actualWidth: 450.0
00:40:35.734 [FXGL Background Thread 3 ] DEBUG Engine               - actualWidthProperty: ReadOnlyDoubleProperty [value: 450.0]
00:40:35.734 [FXGL Background Thread 3 ] DEBUG Engine               - appIcon: icon/spacex-invader-favicon-black.png
00:40:35.734 [FXGL Background Thread 3 ] DEBUG Engine               - applicationMode: DEVELOPER
00:40:35.735 [FXGL Background Thread 3 ] DEBUG Engine               - cSSList: [fxgl_dark.css]
00:40:35.735 [FXGL Background Thread 3 ] DEBUG Engine               - collisionDetectionStrategy: BRUTE_FORCE
00:40:35.736 [FXGL Background Thread 3 ] DEBUG Engine               - configClass: Optional.empty
00:40:35.736 [FXGL Background Thread 3 ] DEBUG Engine               - credits: []
00:40:35.739 [FXGL Background Thread 3 ] DEBUG Engine               - defaultCursor: CursorInfo(imageName=fxgl_default_cursor.png, hotspotX=7.0, hotspotY=6.0)
00:40:35.740 [FXGL Background Thread 3 ] DEBUG Engine               - devBBoxColorProperty: ObjectProperty [value: 0xff0000ff]
00:40:35.740 [FXGL Background Thread 3 ] DEBUG Engine               - devEnableDebugCameraProperty: BooleanProperty [value: false]
00:40:35.741 [FXGL Background Thread 3 ] DEBUG Engine               - devSensorColorProperty: ObjectProperty [value: 0xffff00ff]
00:40:35.741 [FXGL Background Thread 3 ] DEBUG Engine               - devShowBBoxProperty: BooleanProperty [value: false]
00:40:35.741 [FXGL Background Thread 3 ] DEBUG Engine               - devShowPositionProperty: BooleanProperty [value: false]
00:40:35.741 [FXGL Background Thread 3 ] DEBUG Engine               - enabledMenuItems: []
00:40:35.742 [FXGL Background Thread 3 ] DEBUG Engine               - engineServices: [class com.almasb.fxgl.app.services.FXGLAssetLoaderService, class com.almasb.fxgl.app.FXGLApplication$GameApplicationService, class com.almasb.fxgl.app.services.FXGLDialogService, class com.almasb.fxgl.app.services.IOTaskExecutorService, class com.almasb.fxgl.io.FileSystemService, class com.almasb.fxgl.localization.LocalizationService, class com.almasb.fxgl.app.services.SystemBundleService, class com.almasb.fxgl.profile.SaveLoadService, class com.almasb.fxgl.ui.FXGLUIFactoryServiceProvider, class com.almasb.fxgl.ui.FXGLDialogFactoryServiceProvider, class com.almasb.fxgl.audio.AudioPlayer, class com.almasb.fxgl.notification.impl.NotificationServiceProvider, class com.almasb.fxgl.achievement.AchievementService, class com.almasb.fxgl.cutscene.CutsceneService, class com.almasb.fxgl.minigames.MiniGameService, class com.almasb.fxgl.net.NetService, class com.almasb.fxgl.app.services.UpdaterService, class com.almasb.fxgl.dev.DevService]
00:40:35.742 [FXGL Background Thread 3 ] DEBUG Engine               - fontGame: Abel-Regular.ttf
00:40:35.742 [FXGL Background Thread 3 ] DEBUG Engine               - fontMono: TerminalLandMono-Regular.otf
00:40:35.742 [FXGL Background Thread 3 ] DEBUG Engine               - fontText: Courier-Prime.ttf
00:40:35.742 [FXGL Background Thread 3 ] DEBUG Engine               - fontUI: VarelaRound-Regular.ttf
00:40:35.742 [FXGL Background Thread 3 ] DEBUG Engine               - fullScreen: BooleanProperty [value: false]
00:40:35.743 [FXGL Background Thread 3 ] DEBUG Engine               - gameDifficulty: MEDIUM
00:40:35.743 [FXGL Background Thread 3 ] DEBUG Engine               - gameDifficultyProperty: ObjectProperty [value: MEDIUM]
00:40:35.743 [FXGL Background Thread 3 ] DEBUG Engine               - globalMusicVolume: 0.5
00:40:35.743 [FXGL Background Thread 3 ] DEBUG Engine               - globalMusicVolumeProperty: DoubleProperty [value: 0.5]
00:40:35.743 [FXGL Background Thread 3 ] DEBUG Engine               - globalSoundVolume: 0.5
00:40:35.744 [FXGL Background Thread 3 ] DEBUG Engine               - globalSoundVolumeProperty: DoubleProperty [value: 0.5]
00:40:35.744 [FXGL Background Thread 3 ] DEBUG Engine               - height: 600
00:40:35.744 [FXGL Background Thread 3 ] DEBUG Engine               - is3D: false
00:40:35.745 [FXGL Background Thread 3 ] DEBUG Engine               - isAndroid: false
00:40:35.745 [FXGL Background Thread 3 ] DEBUG Engine               - isBrowser: false
00:40:35.745 [FXGL Background Thread 3 ] DEBUG Engine               - isClickFeedbackEnabled: false
00:40:35.746 [FXGL Background Thread 3 ] DEBUG Engine               - isCloseConfirmation: true
00:40:35.746 [FXGL Background Thread 3 ] DEBUG Engine               - isDesktop: true
00:40:35.746 [FXGL Background Thread 3 ] DEBUG Engine               - isDeveloperMenuEnabled: false
00:40:35.746 [FXGL Background Thread 3 ] DEBUG Engine               - isEmbedded: false
00:40:35.747 [FXGL Background Thread 3 ] DEBUG Engine               - isEntityPreloadEnabled: true
00:40:35.747 [FXGL Background Thread 3 ] DEBUG Engine               - isExperimentalTiledLargeMap: false
00:40:35.747 [FXGL Background Thread 3 ] DEBUG Engine               - isFileSystemWriteAllowed: true
00:40:35.747 [FXGL Background Thread 3 ] DEBUG Engine               - isFullScreenAllowed: false
00:40:35.747 [FXGL Background Thread 3 ] DEBUG Engine               - isFullScreenFromStart: false
00:40:35.747 [FXGL Background Thread 3 ] DEBUG Engine               - isGameMenuEnabled: true
00:40:35.747 [FXGL Background Thread 3 ] DEBUG Engine               - isIOS: false
00:40:35.748 [FXGL Background Thread 3 ] DEBUG Engine               - isIntroEnabled: false
00:40:35.748 [FXGL Background Thread 3 ] DEBUG Engine               - isLinux: false
00:40:35.748 [FXGL Background Thread 3 ] DEBUG Engine               - isMac: true
00:40:35.748 [FXGL Background Thread 3 ] DEBUG Engine               - isMainMenuEnabled: true
00:40:35.748 [FXGL Background Thread 3 ] DEBUG Engine               - isManualResizeEnabled: false
00:40:35.748 [FXGL Background Thread 3 ] DEBUG Engine               - isMobile: false
00:40:35.749 [FXGL Background Thread 3 ] DEBUG Engine               - isNative: false
00:40:35.749 [FXGL Background Thread 3 ] DEBUG Engine               - isPauseMusicWhenMinimized: true
00:40:35.749 [FXGL Background Thread 3 ] DEBUG Engine               - isPreserveResizeRatio: false
00:40:35.749 [FXGL Background Thread 3 ] DEBUG Engine               - isProfilingEnabled: false
00:40:35.749 [FXGL Background Thread 3 ] DEBUG Engine               - isScaleAffectedOnResize: true
00:40:35.749 [FXGL Background Thread 3 ] DEBUG Engine               - isSingleStep: false
00:40:35.750 [FXGL Background Thread 3 ] DEBUG Engine               - isUserProfileEnabled: false
00:40:35.750 [FXGL Background Thread 3 ] DEBUG Engine               - isWindows: false
00:40:35.750 [FXGL Background Thread 3 ] DEBUG Engine               - language: ObjectProperty [value: ENGLISH]
00:40:35.750 [FXGL Background Thread 3 ] DEBUG Engine               - menuKey: ESCAPE
00:40:35.750 [FXGL Background Thread 3 ] DEBUG Engine               - mouseSensitivity: 0.2
00:40:35.751 [FXGL Background Thread 3 ] DEBUG Engine               - notificationViewClass: class com.almasb.fxgl.notification.view.XboxNotificationView
00:40:35.751 [FXGL Background Thread 3 ] DEBUG Engine               - pixelsPerMeter: 50.0
00:40:35.751 [FXGL Background Thread 3 ] DEBUG Engine               - platform: MAC
00:40:35.751 [FXGL Background Thread 3 ] DEBUG Engine               - prefHeightProperty: ReadOnlyDoubleProperty [value: 600.0]
00:40:35.751 [FXGL Background Thread 3 ] DEBUG Engine               - prefWidthProperty: ReadOnlyDoubleProperty [value: 450.0]
00:40:35.751 [FXGL Background Thread 3 ] DEBUG Engine               - profileDir: profiles/
00:40:35.751 [FXGL Background Thread 3 ] DEBUG Engine               - profileName: StringProperty [value: DEFAULT]
00:40:35.752 [FXGL Background Thread 3 ] DEBUG Engine               - randomSeed: -1
00:40:35.752 [FXGL Background Thread 3 ] DEBUG Engine               - runtimeInfo: RuntimeInfo(platform=MAC, version=17.2, build=20.08.2022 16.50)
00:40:35.752 [FXGL Background Thread 3 ] DEBUG Engine               - saveFileExt: sav
00:40:35.752 [FXGL Background Thread 3 ] DEBUG Engine               - scaledHeightProp$fxgl: DoubleProperty [bound, value: 600.0]
00:40:35.753 [FXGL Background Thread 3 ] DEBUG Engine               - scaledWidthProp$fxgl: DoubleProperty [bound, value: 450.0]
00:40:35.753 [FXGL Background Thread 3 ] DEBUG Engine               - sceneFactory: com.ood.spacexinvader.GameStart$1@f7f25d
00:40:35.753 [FXGL Background Thread 3 ] DEBUG Engine               - secondsIn24h: 60
00:40:35.753 [FXGL Background Thread 3 ] DEBUG Engine               - soundMenuBack: menu/back.wav
00:40:35.753 [FXGL Background Thread 3 ] DEBUG Engine               - soundMenuPress: menu/press.wav
00:40:35.753 [FXGL Background Thread 3 ] DEBUG Engine               - soundMenuSelect: menu/select.wav
00:40:35.753 [FXGL Background Thread 3 ] DEBUG Engine               - soundNotification: core/notification.wav
00:40:35.753 [FXGL Background Thread 3 ] DEBUG Engine               - stageStyle: DECORATED
00:40:35.754 [FXGL Background Thread 3 ] DEBUG Engine               - supportedLanguages: [ENGLISH, FRENCH, GERMAN, HUNGARIAN, RUSSIAN]
00:40:35.754 [FXGL Background Thread 3 ] DEBUG Engine               - ticksPerSecond: -1
00:40:35.754 [FXGL Background Thread 3 ] DEBUG Engine               - title: SpaceX Invader
00:40:35.754 [FXGL Background Thread 3 ] DEBUG Engine               - urlGithub: https://github.com/AlmasB/FXGL
00:40:35.754 [FXGL Background Thread 3 ] DEBUG Engine               - urlLeaderboard: http://fxgl-top.herokuapp.com/
00:40:35.754 [FXGL Background Thread 3 ] DEBUG Engine               - urlPOM: https://raw.githubusercontent.com/AlmasB/FXGL/release/README.md
00:40:35.754 [FXGL Background Thread 3 ] DEBUG Engine               - userAppClass: class com.ood.spacexinvader.GameStart
00:40:35.755 [FXGL Background Thread 3 ] DEBUG Engine               - version: 0.0
00:40:35.755 [FXGL Background Thread 3 ] DEBUG Engine               - versionCheckDays: 7
00:40:35.755 [FXGL Background Thread 3 ] DEBUG Engine               - width: 450
00:40:35.755 [FXGL Background Thread 3 ] DEBUG Engine               - Logging services
00:40:35.755 [FXGL Background Thread 3 ] DEBUG Engine               - class com.almasb.fxgl.app.services.FXGLAssetLoaderService
00:40:35.755 [FXGL Background Thread 3 ] DEBUG Engine               - class com.almasb.fxgl.app.FXGLApplication$GameApplicationService
00:40:35.755 [FXGL Background Thread 3 ] DEBUG Engine               - class com.almasb.fxgl.app.services.FXGLDialogService
00:40:35.755 [FXGL Background Thread 3 ] DEBUG Engine               - class com.almasb.fxgl.app.services.IOTaskExecutorService
00:40:35.755 [FXGL Background Thread 3 ] DEBUG Engine               - class com.almasb.fxgl.io.FileSystemService
00:40:35.755 [FXGL Background Thread 3 ] DEBUG Engine               - class com.almasb.fxgl.localization.LocalizationService
00:40:35.756 [FXGL Background Thread 3 ] DEBUG Engine               - class com.almasb.fxgl.app.services.SystemBundleService
00:40:35.756 [FXGL Background Thread 3 ] DEBUG Engine               - class com.almasb.fxgl.profile.SaveLoadService
00:40:35.756 [FXGL Background Thread 3 ] DEBUG Engine               - class com.almasb.fxgl.ui.FXGLUIFactoryServiceProvider
00:40:35.756 [FXGL Background Thread 3 ] DEBUG Engine               - class com.almasb.fxgl.ui.FXGLDialogFactoryServiceProvider
00:40:35.756 [FXGL Background Thread 3 ] DEBUG Engine               - class com.almasb.fxgl.audio.AudioPlayer
00:40:35.756 [FXGL Background Thread 3 ] DEBUG Engine               - class com.almasb.fxgl.notification.impl.NotificationServiceProvider
00:40:35.756 [FXGL Background Thread 3 ] DEBUG Engine               - class com.almasb.fxgl.achievement.AchievementService
00:40:35.756 [FXGL Background Thread 3 ] DEBUG Engine               - class com.almasb.fxgl.cutscene.CutsceneService
00:40:35.756 [FXGL Background Thread 3 ] DEBUG Engine               - class com.almasb.fxgl.minigames.MiniGameService
00:40:35.756 [FXGL Background Thread 3 ] DEBUG Engine               - class com.almasb.fxgl.net.NetService
00:40:35.757 [FXGL Background Thread 3 ] DEBUG Engine               - class com.almasb.fxgl.app.services.UpdaterService
00:40:35.757 [FXGL Background Thread 3 ] DEBUG Engine               - class com.almasb.fxgl.dev.DevService
00:40:36.771 [JavaFX Application Thread] DEBUG PrimaryStageWindow   - Pop state: DialogSubScene
00:40:36.772 [JavaFX Application Thread] DEBUG Input                - Clearing active input actions
00:40:36.773 [JavaFX Application Thread] DEBUG GameApplicationServi - Removing overlay from DialogSubScene and adding to MainMenu
00:40:36.774 [JavaFX Application Thread] DEBUG PrimaryStageWindow   - MainMenu <- DialogSubScene
00:40:36.774 [JavaFX Application Thread] DEBUG FXGLApplication      - Exiting FXGL
00:40:36.774 [JavaFX Application Thread] DEBUG LoopRunner           - Stopping loop
00:40:36.774 [JavaFX Application Thread] DEBUG SystemBundleService  - Saving FXGL system data
00:40:36.777 [JavaFX Application Thread] DEBUG FileSystemAccess     - Writing to: /Users/leowong/IdeaProjects/SpaceX-Invader/system/fxgl.bundle
00:40:36.779 [JavaFX Application Thread] DEBUG Async                - Shutting down background threads
00:40:36.779 [JavaFX Application Thread] DEBUG PrimaryStageWindow   - Closing main window
00:40:36.790 [JavaFX Application Thread] DEBUG Logger               - Closing Logger
