17:24:09.497 [main                     ] DEBUG Logger               - Configured Logger
17:24:09.545 [main                     ] DEBUG GameApplication      - Logging settings
Title: SpaceX Invader
Version: 0.0
Width: 450
Height: 600
Fullscreen: false
Intro: false
Profiling: false
Single step:false
App Mode: DEVELOPER
Menu Key: ESCAPE
Stage Style: DECORATED
Scene Factory: class com.almasb.fxgl.app.scene.SceneFactory

17:24:10.123 [JavaFX Application Thread] DEBUG FXGLApplication      - Initializing FXGL
17:24:10.131 [JavaFX Application Thread] INFO  Engine               - FXGL-17.2 (20.08.2022 16.50) on MAC (J:17.0.3 FX:17.0.2-ea)
17:24:10.132 [JavaFX Application Thread] DEBUG Engine               - JRE Vendor Name: Eclipse Adoptium
17:24:10.132 [JavaFX Application Thread] DEBUG Engine               - Running on OS: Mac OS X version 13.1
17:24:10.133 [JavaFX Application Thread] DEBUG Engine               - Architecture: x86_64
17:24:10.133 [JavaFX Application Thread] INFO  Engine               - Source code and latest versions at: https://github.com/AlmasB/FXGL
17:24:10.133 [JavaFX Application Thread] INFO  Engine               -       Ask questions and discuss at: https://github.com/AlmasB/FXGL/discussions
17:24:10.133 [JavaFX Application Thread] INFO  Engine               -              Join the FXGL chat at: https://gitter.im/AlmasB/FXGL
17:24:10.267 [JavaFX Application Thread] DEBUG PrimaryStageWindow   - Creating a JavaFX scene
17:24:10.336 [JavaFX Application Thread] DEBUG PrimaryStageWindow   - Target settings size: 450.0 x 600.0
17:24:10.337 [JavaFX Application Thread] DEBUG PrimaryStageWindow   - Scaled scene size:    450.0 x 600.0
17:24:10.337 [JavaFX Application Thread] DEBUG PrimaryStageWindow   - Scaled ratio: (1.0, 1.0)
17:24:10.339 [JavaFX Application Thread] DEBUG PrimaryStageWindow   - Set initial scene to FXGLStartupScene
17:24:10.351 [JavaFX Application Thread] DEBUG PrimaryStageWindow   - Opening main window
17:24:10.472 [JavaFX Application Thread] DEBUG PrimaryStageWindow   - Window border size: (0.0, 28.0)
17:24:10.473 [JavaFX Application Thread] DEBUG PrimaryStageWindow   - Scaled size: 450.0 x 600.0
17:24:10.473 [JavaFX Application Thread] DEBUG PrimaryStageWindow   - Scaled ratio: (1.0, 1.0)
17:24:10.473 [JavaFX Application Thread] DEBUG PrimaryStageWindow   - Scene size: 450.0 x 600.0
17:24:10.474 [JavaFX Application Thread] DEBUG PrimaryStageWindow   - Stage size: 450.0 x 628.0
17:24:10.482 [FXGL Background Thread 1 ] DEBUG Engine               - Initializing environment variables
17:24:10.537 [FXGL Background Thread 1 ] DEBUG FXGLAssetLoaderServi - User app class for loading assets: class com.ood.spacexinvader.GameStart
17:24:10.537 [FXGL Background Thread 1 ] DEBUG GameApplicationServi - Applying CSS: fxgl_dark.css
17:24:10.538 [FXGL Background Thread 1 ] DEBUG FXGLAssetLoaderServi - Loading from file system: jar:file:///Users/leowong/.gradle/caches/modules-2/files-2.1/com.github.almasb/fxgl/17.2/35db6ae960eec2dcfd19262d3b7f9c42f0e95bc3/fxgl-17.2.jar!/fxglassets/ui/css/fxgl_dark.css
17:24:10.618 [FXGL Background Thread 1 ] DEBUG GameApplicationServi - Initializing application scenes
17:24:10.951 [FXGL Background Thread 1 ] DEBUG GameWorld            - Game world initialized
17:24:11.008 [FXGL Background Thread 1 ] DEBUG PhysicsWorld         - Physics world initialized: appHeight=600, physics.ppm=50.0
17:24:11.008 [FXGL Background Thread 1 ] DEBUG PhysicsWorld         - Using strategy: BRUTE_FORCE
17:24:11.015 [FXGL Background Thread 1 ] DEBUG GameScene            - Game scene initialized: 450x600
17:24:11.029 [FXGL Background Thread 1 ] WARN  FXGL.DefaultMenu     - FXGLDefaultMenu is not designed for resolutions < 800x600
17:24:11.030 [FXGL Background Thread 1 ] DEBUG FXGL.DefaultMenu     - createMenuBodyGameMenu()
17:24:11.046 [FXGL Background Thread 1 ] DEBUG FXGL.DefaultMenu     - createOptionsMenu()
17:24:11.058 [FXGL Background Thread 1 ] DEBUG FXGLAssetLoaderServi - Loading from file system: jar:file:///Users/leowong/.gradle/caches/modules-2/files-2.1/com.github.almasb/fxgl/17.2/35db6ae960eec2dcfd19262d3b7f9c42f0e95bc3/fxgl-17.2.jar!/fxglassets/textures/particles/smoke.png
17:24:11.170 [FXGL Background Thread 1 ] DEBUG FXGLAssetLoaderServi - Loading from file system: jar:file:///Users/leowong/.gradle/caches/modules-2/files-2.1/com.github.almasb/fxgl/17.2/35db6ae960eec2dcfd19262d3b7f9c42f0e95bc3/fxgl-17.2.jar!/fxglassets/textures/particles/trace_horizontal.png
17:24:11.207 [FXGL Background Thread 1 ] DEBUG GameApplicationServi - Application scenes initialized
17:24:11.223 [FXGL Background Thread 1 ] DEBUG SystemBundleService  - Loading FXGL system data
17:24:11.228 [FXGL Background Thread 1 ] DEBUG FileSystemAccess     - Reading from: /Users/leowong/IdeaProjects/SpaceX-Invader/system/fxgl.bundle
17:24:11.241 [FXGL Background Thread 1 ] DEBUG SystemBundleService  - Bundle FXGL: {}
17:24:11.241 [FXGL Background Thread 1 ] DEBUG UpdaterService       - Checking for updates
17:24:11.247 [FXGL Background Thread 4 ] DEBUG FXGLApplication      - Loading fonts
17:24:11.247 [FXGL Background Thread 4 ] DEBUG FXGLAssetLoaderServi - Loading from file system: jar:file:///Users/leowong/.gradle/caches/modules-2/files-2.1/com.github.almasb/fxgl/17.2/35db6ae960eec2dcfd19262d3b7f9c42f0e95bc3/fxgl-17.2.jar!/fxglassets/ui/fonts/VarelaRound-Regular.ttf
17:24:11.248 [FXGL Background Thread 1 ] DEBUG FXGLApplication      - Loading default localization
17:24:11.248 [FXGL Background Thread 1 ] DEBUG FXGLAssetLoaderServi - Loading from file system: jar:file:///Users/leowong/.gradle/caches/modules-2/files-2.1/com.github.almasb/fxgl/17.2/35db6ae960eec2dcfd19262d3b7f9c42f0e95bc3/fxgl-17.2.jar!/fxglassets/languages/english.lang
17:24:11.271 [FXGL Background Thread 4 ] DEBUG FXGLAssetLoaderServi - Loading from file system: jar:file:///Users/leowong/.gradle/caches/modules-2/files-2.1/com.github.almasb/fxgl/17.2/35db6ae960eec2dcfd19262d3b7f9c42f0e95bc3/fxgl-17.2.jar!/fxglassets/ui/fonts/Abel-Regular.ttf
17:24:11.276 [FXGL Background Thread 4 ] DEBUG FXGLAssetLoaderServi - Loading from file system: jar:file:///Users/leowong/.gradle/caches/modules-2/files-2.1/com.github.almasb/fxgl/17.2/35db6ae960eec2dcfd19262d3b7f9c42f0e95bc3/fxgl-17.2.jar!/fxglassets/ui/fonts/TerminalLandMono-Regular.otf
17:24:11.278 [FXGL Background Thread 1 ] INFO  FXGLApplication      - FXGL initialization took: 0.796 sec
17:24:11.279 [JavaFX Application Thread] WARN  FXGLAssetLoaderServi - Asset "/assets/textures/spacex-invader-favicon-black.png" was not found!
17:24:11.280 [JavaFX Application Thread] WARN  FXGLAssetLoaderServi - Failed to load IMAGE
17:24:11.281 [FXGL Background Thread 4 ] DEBUG FXGLAssetLoaderServi - Loading from file system: jar:file:///Users/leowong/.gradle/caches/modules-2/files-2.1/com.github.almasb/fxgl/17.2/35db6ae960eec2dcfd19262d3b7f9c42f0e95bc3/fxgl-17.2.jar!/fxglassets/ui/fonts/Courier-Prime.ttf
17:24:11.303 [JavaFX Application Thread] DEBUG FXGLAssetLoaderServi - Loading from file system: jar:file:///Users/leowong/.gradle/caches/modules-2/files-2.1/com.github.almasb/fxgl/17.2/35db6ae960eec2dcfd19262d3b7f9c42f0e95bc3/fxgl-17.2.jar!/fxglassets/textures/fxgl_default_cursor.png
17:24:11.315 [JavaFX Application Thread] DEBUG Input                - Registered new binding: Screenshot - CTRL+8
17:24:11.316 [JavaFX Application Thread] DEBUG Input                - Registered new binding: System info dump - CTRL+9
17:24:11.316 [JavaFX Application Thread] DEBUG Input                - Registered new binding: Restart - CTRL+R
17:24:11.317 [JavaFX Application Thread] DEBUG Input                - Registered new binding: Toggle Debug Camera - CTRL+7
17:24:11.319 [JavaFX Application Thread] DEBUG LoopRunner           - Starting loop
17:24:11.320 [JavaFX Application Thread] DEBUG LoopRunner           - Initializing JavaFX AnimationTimerLoop
17:24:11.321 [JavaFX Application Thread] DEBUG GameApplicationServi - Starting new game
17:24:11.321 [JavaFX Application Thread] DEBUG Input                - Clearing active input actions
17:24:11.337 [JavaFX Application Thread] DEBUG GameApplicationServi - Removing overlay from FXGLStartupScene and adding to FXGLLoadingScene
17:24:11.338 [JavaFX Application Thread] DEBUG PrimaryStageWindow   - FXGLStartupScene -> FXGLLoadingScene
17:24:11.339 [JavaFX Application Thread] DEBUG GameApplicationServi - Clearing previous game
17:24:11.339 [JavaFX Application Thread] DEBUG GameScene            - Clearing game scene
17:24:11.339 [JavaFX Application Thread] DEBUG GameWorld            - Clearing game world
17:24:11.339 [JavaFX Application Thread] DEBUG PhysicsWorld         - Clearing physics world
17:24:11.341 [JavaFX Application Thread] DEBUG FXGLApplication      - Registering font factories with UI factory
17:24:11.341 [FXGL Background Thread 4 ] DEBUG FXGLApplication      - Initializing game
17:24:11.344 [FXGL Background Thread 4 ] INFO  FXGLApplication      - Game initialization took: 0.002 sec
17:24:11.399 [JavaFX Application Thread] DEBUG Input                - Clearing active input actions
17:24:11.410 [JavaFX Application Thread] DEBUG GameApplicationServi - Removing overlay from FXGLLoadingScene and adding to GameScene
17:24:11.411 [JavaFX Application Thread] DEBUG PrimaryStageWindow   - FXGLLoadingScene -> GameScene
17:24:12.885 [JavaFX Application Thread] DEBUG FXGLApplication      - Exiting FXGL
17:24:12.885 [JavaFX Application Thread] DEBUG LoopRunner           - Stopping loop
17:24:12.886 [JavaFX Application Thread] DEBUG SystemBundleService  - Saving FXGL system data
17:24:12.888 [JavaFX Application Thread] DEBUG FileSystemAccess     - Writing to: /Users/leowong/IdeaProjects/SpaceX-Invader/system/fxgl.bundle
17:24:12.890 [JavaFX Application Thread] DEBUG Async                - Shutting down background threads
17:24:12.891 [JavaFX Application Thread] DEBUG PrimaryStageWindow   - Closing main window
17:24:12.901 [JavaFX Application Thread] DEBUG Logger               - Closing Logger
