10:49:05.153 [main                     ] DEBUG Logger               - Configured Logger
10:49:05.197 [main                     ] DEBUG GameApplication      - Logging settings
Title: SpaceX Invader
Version: 0.0
Width: 450
Height: 600
Fullscreen: false
Intro: false
Profiling: false
Single step:false
App Mode: DEVELOPER
Menu Key: ESCAPE
Stage Style: DECORATED
Scene Factory: class com.ood.spacexinvader.GameStart$1

10:49:05.764 [JavaFX Application Thread] DEBUG FXGLApplication      - Initializing FXGL
10:49:05.775 [JavaFX Application Thread] INFO  Engine               - FXGL-17.2 (20.08.2022 16.50) on MAC (J:17.0.3 FX:17.0.2-ea)
10:49:05.776 [JavaFX Application Thread] DEBUG Engine               - JRE Vendor Name: Eclipse Adoptium
10:49:05.776 [JavaFX Application Thread] DEBUG Engine               - Running on OS: Mac OS X version 13.1
10:49:05.777 [JavaFX Application Thread] DEBUG Engine               - Architecture: x86_64
10:49:05.777 [JavaFX Application Thread] INFO  Engine               - Source code and latest versions at: https://github.com/AlmasB/FXGL
10:49:05.777 [JavaFX Application Thread] INFO  Engine               -       Ask questions and discuss at: https://github.com/AlmasB/FXGL/discussions
10:49:05.777 [JavaFX Application Thread] INFO  Engine               -              Join the FXGL chat at: https://gitter.im/AlmasB/FXGL
10:49:05.921 [JavaFX Application Thread] DEBUG PrimaryStageWindow   - Creating a JavaFX scene
10:49:06.013 [JavaFX Application Thread] DEBUG PrimaryStageWindow   - Target settings size: 450.0 x 600.0
10:49:06.013 [JavaFX Application Thread] DEBUG PrimaryStageWindow   - Scaled scene size:    450.0 x 600.0
10:49:06.014 [JavaFX Application Thread] DEBUG PrimaryStageWindow   - Scaled ratio: (1.0, 1.0)
10:49:06.016 [JavaFX Application Thread] DEBUG PrimaryStageWindow   - Set initial scene to FXGLStartupScene
10:49:06.033 [JavaFX Application Thread] DEBUG PrimaryStageWindow   - Opening main window
10:49:06.189 [JavaFX Application Thread] DEBUG PrimaryStageWindow   - Window border size: (0.0, 28.0)
10:49:06.190 [JavaFX Application Thread] DEBUG PrimaryStageWindow   - Scaled size: 450.0 x 600.0
10:49:06.191 [JavaFX Application Thread] DEBUG PrimaryStageWindow   - Scaled ratio: (1.0, 1.0)
10:49:06.192 [JavaFX Application Thread] DEBUG PrimaryStageWindow   - Scene size: 450.0 x 600.0
10:49:06.193 [JavaFX Application Thread] DEBUG PrimaryStageWindow   - Stage size: 450.0 x 628.0
10:49:06.207 [FXGL Background Thread 1 ] DEBUG Engine               - Initializing environment variables
10:49:06.266 [FXGL Background Thread 1 ] DEBUG FXGLAssetLoaderServi - User app class for loading assets: class com.ood.spacexinvader.GameStart
10:49:06.267 [FXGL Background Thread 1 ] DEBUG GameApplicationServi - Applying CSS: fxgl_dark.css
10:49:06.268 [FXGL Background Thread 1 ] DEBUG FXGLAssetLoaderServi - Loading from file system: jar:file:///Users/leowong/.gradle/caches/modules-2/files-2.1/com.github.almasb/fxgl/17.2/35db6ae960eec2dcfd19262d3b7f9c42f0e95bc3/fxgl-17.2.jar!/fxglassets/ui/css/fxgl_dark.css
10:49:06.385 [FXGL Background Thread 1 ] DEBUG GameApplicationServi - Initializing application scenes
10:49:07.091 [FXGL Background Thread 1 ] DEBUG GameWorld            - Game world initialized
10:49:07.210 [FXGL Background Thread 1 ] DEBUG PhysicsWorld         - Physics world initialized: appHeight=600, physics.ppm=50.0
10:49:07.211 [FXGL Background Thread 1 ] DEBUG PhysicsWorld         - Using strategy: BRUTE_FORCE
10:49:07.219 [FXGL Background Thread 1 ] DEBUG GameScene            - Game scene initialized: 450x600
10:49:07.307 [FXGL Background Thread 1 ] DEBUG GameApplicationServi - Application scenes initialized
10:49:07.328 [FXGL Background Thread 1 ] DEBUG SystemBundleService  - Loading FXGL system data
10:49:07.334 [FXGL Background Thread 1 ] DEBUG FileSystemAccess     - Reading from: /Users/leowong/IdeaProjects/SpaceX-Invader/system/fxgl.bundle
10:49:07.345 [FXGL Background Thread 1 ] DEBUG SystemBundleService  - Bundle FXGL: {}
10:49:07.346 [FXGL Background Thread 1 ] DEBUG UpdaterService       - Checking for updates
10:49:07.354 [FXGL Background Thread 4 ] DEBUG FXGLApplication      - Loading fonts
10:49:07.355 [FXGL Background Thread 4 ] DEBUG FXGLAssetLoaderServi - Loading from file system: jar:file:///Users/leowong/.gradle/caches/modules-2/files-2.1/com.github.almasb/fxgl/17.2/35db6ae960eec2dcfd19262d3b7f9c42f0e95bc3/fxgl-17.2.jar!/fxglassets/ui/fonts/VarelaRound-Regular.ttf
10:49:07.355 [FXGL Background Thread 1 ] DEBUG FXGLApplication      - Loading default localization
10:49:07.356 [FXGL Background Thread 1 ] DEBUG FXGLAssetLoaderServi - Loading from file system: jar:file:///Users/leowong/.gradle/caches/modules-2/files-2.1/com.github.almasb/fxgl/17.2/35db6ae960eec2dcfd19262d3b7f9c42f0e95bc3/fxgl-17.2.jar!/fxglassets/languages/english.lang
10:49:07.376 [FXGL Background Thread 1 ] INFO  FXGLApplication      - FXGL initialization took: 1.168 sec
10:49:07.376 [FXGL Background Thread 4 ] DEBUG FXGLAssetLoaderServi - Loading from file system: jar:file:///Users/leowong/.gradle/caches/modules-2/files-2.1/com.github.almasb/fxgl/17.2/35db6ae960eec2dcfd19262d3b7f9c42f0e95bc3/fxgl-17.2.jar!/fxglassets/ui/fonts/Abel-Regular.ttf
10:49:07.381 [FXGL Background Thread 4 ] DEBUG FXGLAssetLoaderServi - Loading from file system: jar:file:///Users/leowong/.gradle/caches/modules-2/files-2.1/com.github.almasb/fxgl/17.2/35db6ae960eec2dcfd19262d3b7f9c42f0e95bc3/fxgl-17.2.jar!/fxglassets/ui/fonts/TerminalLandMono-Regular.otf
10:49:07.387 [FXGL Background Thread 4 ] DEBUG FXGLAssetLoaderServi - Loading from file system: jar:file:///Users/leowong/.gradle/caches/modules-2/files-2.1/com.github.almasb/fxgl/17.2/35db6ae960eec2dcfd19262d3b7f9c42f0e95bc3/fxgl-17.2.jar!/fxglassets/ui/fonts/Courier-Prime.ttf
10:49:07.390 [JavaFX Application Thread] DEBUG Input                - Registered new binding: Left - A
10:49:07.390 [JavaFX Application Thread] DEBUG Input                - Registered new binding: Right - D
10:49:07.391 [JavaFX Application Thread] DEBUG Input                - Registered new binding: Shoot - J
10:49:07.391 [JavaFX Application Thread] DEBUG FXGLAssetLoaderServi - Loading from file system: jar:file:///Users/leowong/IdeaProjects/SpaceX-Invader/build/libs/SpaceX-Invader-1.0.jar!/assets/textures/icon/spacex-invader-favicon-black.png
10:49:07.428 [JavaFX Application Thread] DEBUG FXGLAssetLoaderServi - Loading from file system: jar:file:///Users/leowong/.gradle/caches/modules-2/files-2.1/com.github.almasb/fxgl/17.2/35db6ae960eec2dcfd19262d3b7f9c42f0e95bc3/fxgl-17.2.jar!/fxglassets/textures/fxgl_default_cursor.png
10:49:07.432 [JavaFX Application Thread] DEBUG Input                - Registered new binding: Screenshot - CTRL+8
10:49:07.433 [JavaFX Application Thread] DEBUG Input                - Registered new binding: System info dump - CTRL+9
10:49:07.434 [JavaFX Application Thread] DEBUG Input                - Registered new binding: Restart - CTRL+R
10:49:07.435 [JavaFX Application Thread] DEBUG Input                - Registered new binding: Toggle Debug Camera - CTRL+7
10:49:07.438 [JavaFX Application Thread] DEBUG LoopRunner           - Starting loop
10:49:07.438 [JavaFX Application Thread] DEBUG LoopRunner           - Initializing JavaFX AnimationTimerLoop
10:49:07.442 [JavaFX Application Thread] DEBUG Input                - Clearing active input actions
10:49:07.453 [JavaFX Application Thread] DEBUG GameApplicationServi - Removing overlay from FXGLStartupScene and adding to FXGLMainMenuDummyScene
10:49:07.453 [JavaFX Application Thread] DEBUG PrimaryStageWindow   - FXGLStartupScene -> FXGLMainMenuDummyScene
10:49:07.454 [JavaFX Application Thread] DEBUG PrimaryStageWindow   - Push state: MainMenu
10:49:07.454 [JavaFX Application Thread] DEBUG Input                - Clearing active input actions
10:49:07.464 [JavaFX Application Thread] DEBUG GameApplicationServi - Removing overlay from FXGLMainMenuDummyScene and adding to MainMenu
10:49:07.465 [JavaFX Application Thread] DEBUG PrimaryStageWindow   - FXGLMainMenuDummyScene -> MainMenu
10:49:07.545 [JavaFX Application Thread] DEBUG FXGLApplication      - Registering font factories with UI factory
10:49:09.639 [JavaFX Application Thread] DEBUG Menu                 - fireNewGame()
10:49:09.640 [JavaFX Application Thread] DEBUG GameApplicationServi - Starting new game
10:49:09.640 [JavaFX Application Thread] DEBUG PrimaryStageWindow   - Pop state: MainMenu
10:49:09.640 [JavaFX Application Thread] DEBUG Input                - Clearing active input actions
10:49:09.642 [JavaFX Application Thread] DEBUG GameApplicationServi - Removing overlay from MainMenu and adding to FXGLMainMenuDummyScene
10:49:09.643 [JavaFX Application Thread] DEBUG PrimaryStageWindow   - FXGLMainMenuDummyScene <- MainMenu
10:49:09.644 [JavaFX Application Thread] DEBUG Input                - Clearing active input actions
10:49:09.658 [JavaFX Application Thread] DEBUG GameApplicationServi - Removing overlay from FXGLMainMenuDummyScene and adding to FXGLLoadingScene
10:49:09.658 [JavaFX Application Thread] DEBUG PrimaryStageWindow   - FXGLMainMenuDummyScene -> FXGLLoadingScene
10:49:09.658 [JavaFX Application Thread] DEBUG GameApplicationServi - Clearing previous game
10:49:09.658 [JavaFX Application Thread] DEBUG GameScene            - Clearing game scene
10:49:09.659 [JavaFX Application Thread] DEBUG GameWorld            - Clearing game world
10:49:09.659 [JavaFX Application Thread] DEBUG PhysicsWorld         - Clearing physics world
10:49:09.661 [FXGL Background Thread 2 ] DEBUG FXGLApplication      - Initializing game
10:49:09.669 [FXGL Background Thread 2 ] DEBUG FXGLAssetLoaderServi - Loading from file system: jar:file:///Users/leowong/IdeaProjects/SpaceX-Invader/build/libs/SpaceX-Invader-1.0.jar!/assets/textures/enemy/alien.png
10:49:09.722 [FXGL Background Thread 2 ] DEBUG FXGLAssetLoaderServi - Loading from file system: jar:file:///Users/leowong/IdeaProjects/SpaceX-Invader/build/libs/SpaceX-Invader-1.0.jar!/assets/textures/player/SpaceX.png
10:49:09.732 [FXGL Background Thread 2 ] INFO  FXGLApplication      - Game initialization took: 0.071 sec
10:49:09.733 [JavaFX Application Thread] DEBUG Input                - Clearing active input actions
10:49:09.742 [JavaFX Application Thread] DEBUG GameApplicationServi - Removing overlay from FXGLLoadingScene and adding to GameScene
10:49:09.743 [JavaFX Application Thread] DEBUG PrimaryStageWindow   - FXGLLoadingScene -> GameScene
10:49:10.353 [FXGL Background Thread 3 ] DEBUG Engine               - Logging environment variables
10:49:10.354 [FXGL Background Thread 3 ] DEBUG Engine               - achievements: []
10:49:10.354 [FXGL Background Thread 3 ] DEBUG Engine               - actualHeight: 600.0
10:49:10.354 [FXGL Background Thread 3 ] DEBUG Engine               - actualHeightProperty: ReadOnlyDoubleProperty [value: 600.0]
10:49:10.354 [FXGL Background Thread 3 ] DEBUG Engine               - actualWidth: 450.0
10:49:10.354 [FXGL Background Thread 3 ] DEBUG Engine               - actualWidthProperty: ReadOnlyDoubleProperty [value: 450.0]
10:49:10.354 [FXGL Background Thread 3 ] DEBUG Engine               - appIcon: icon/spacex-invader-favicon-black.png
10:49:10.354 [FXGL Background Thread 3 ] DEBUG Engine               - applicationMode: DEVELOPER
10:49:10.355 [FXGL Background Thread 3 ] DEBUG Engine               - cSSList: [fxgl_dark.css]
10:49:10.355 [FXGL Background Thread 3 ] DEBUG Engine               - collisionDetectionStrategy: BRUTE_FORCE
10:49:10.355 [FXGL Background Thread 3 ] DEBUG Engine               - configClass: Optional.empty
10:49:10.355 [FXGL Background Thread 3 ] DEBUG Engine               - credits: []
10:49:10.356 [FXGL Background Thread 3 ] DEBUG Engine               - defaultCursor: CursorInfo(imageName=fxgl_default_cursor.png, hotspotX=7.0, hotspotY=6.0)
10:49:10.356 [FXGL Background Thread 3 ] DEBUG Engine               - devBBoxColorProperty: ObjectProperty [value: 0xff0000ff]
10:49:10.357 [FXGL Background Thread 3 ] DEBUG Engine               - devEnableDebugCameraProperty: BooleanProperty [value: false]
10:49:10.357 [FXGL Background Thread 3 ] DEBUG Engine               - devSensorColorProperty: ObjectProperty [value: 0xffff00ff]
10:49:10.357 [FXGL Background Thread 3 ] DEBUG Engine               - devShowBBoxProperty: BooleanProperty [value: false]
10:49:10.357 [FXGL Background Thread 3 ] DEBUG Engine               - devShowPositionProperty: BooleanProperty [value: false]
10:49:10.357 [FXGL Background Thread 3 ] DEBUG Engine               - enabledMenuItems: []
10:49:10.357 [FXGL Background Thread 3 ] DEBUG Engine               - engineServices: [class com.almasb.fxgl.app.services.FXGLAssetLoaderService, class com.almasb.fxgl.app.FXGLApplication$GameApplicationService, class com.almasb.fxgl.app.services.FXGLDialogService, class com.almasb.fxgl.app.services.IOTaskExecutorService, class com.almasb.fxgl.io.FileSystemService, class com.almasb.fxgl.localization.LocalizationService, class com.almasb.fxgl.app.services.SystemBundleService, class com.almasb.fxgl.profile.SaveLoadService, class com.almasb.fxgl.ui.FXGLUIFactoryServiceProvider, class com.almasb.fxgl.ui.FXGLDialogFactoryServiceProvider, class com.almasb.fxgl.audio.AudioPlayer, class com.almasb.fxgl.notification.impl.NotificationServiceProvider, class com.almasb.fxgl.achievement.AchievementService, class com.almasb.fxgl.cutscene.CutsceneService, class com.almasb.fxgl.minigames.MiniGameService, class com.almasb.fxgl.net.NetService, class com.almasb.fxgl.app.services.UpdaterService, class com.almasb.fxgl.dev.DevService]
10:49:10.357 [FXGL Background Thread 3 ] DEBUG Engine               - fontGame: Abel-Regular.ttf
10:49:10.357 [FXGL Background Thread 3 ] DEBUG Engine               - fontMono: TerminalLandMono-Regular.otf
10:49:10.357 [FXGL Background Thread 3 ] DEBUG Engine               - fontText: Courier-Prime.ttf
10:49:10.358 [FXGL Background Thread 3 ] DEBUG Engine               - fontUI: VarelaRound-Regular.ttf
10:49:10.358 [FXGL Background Thread 3 ] DEBUG Engine               - fullScreen: BooleanProperty [value: false]
10:49:10.358 [FXGL Background Thread 3 ] DEBUG Engine               - gameDifficulty: MEDIUM
10:49:10.358 [FXGL Background Thread 3 ] DEBUG Engine               - gameDifficultyProperty: ObjectProperty [value: MEDIUM]
10:49:10.358 [FXGL Background Thread 3 ] DEBUG Engine               - globalMusicVolume: 0.5
10:49:10.358 [FXGL Background Thread 3 ] DEBUG Engine               - globalMusicVolumeProperty: DoubleProperty [value: 0.5]
10:49:10.358 [FXGL Background Thread 3 ] DEBUG Engine               - globalSoundVolume: 0.5
10:49:10.359 [FXGL Background Thread 3 ] DEBUG Engine               - globalSoundVolumeProperty: DoubleProperty [value: 0.5]
10:49:10.359 [FXGL Background Thread 3 ] DEBUG Engine               - height: 600
10:49:10.359 [FXGL Background Thread 3 ] DEBUG Engine               - is3D: false
10:49:10.359 [FXGL Background Thread 3 ] DEBUG Engine               - isAndroid: false
10:49:10.359 [FXGL Background Thread 3 ] DEBUG Engine               - isBrowser: false
10:49:10.360 [FXGL Background Thread 3 ] DEBUG Engine               - isClickFeedbackEnabled: false
10:49:10.360 [FXGL Background Thread 3 ] DEBUG Engine               - isCloseConfirmation: true
10:49:10.360 [FXGL Background Thread 3 ] DEBUG Engine               - isDesktop: true
10:49:10.360 [FXGL Background Thread 3 ] DEBUG Engine               - isDeveloperMenuEnabled: false
10:49:10.360 [FXGL Background Thread 3 ] DEBUG Engine               - isEmbedded: false
10:49:10.360 [FXGL Background Thread 3 ] DEBUG Engine               - isEntityPreloadEnabled: true
10:49:10.361 [FXGL Background Thread 3 ] DEBUG Engine               - isExperimentalTiledLargeMap: false
10:49:10.361 [FXGL Background Thread 3 ] DEBUG Engine               - isFileSystemWriteAllowed: true
10:49:10.361 [FXGL Background Thread 3 ] DEBUG Engine               - isFullScreenAllowed: false
10:49:10.361 [FXGL Background Thread 3 ] DEBUG Engine               - isFullScreenFromStart: false
10:49:10.361 [FXGL Background Thread 3 ] DEBUG Engine               - isGameMenuEnabled: true
10:49:10.361 [FXGL Background Thread 3 ] DEBUG Engine               - isIOS: false
10:49:10.362 [FXGL Background Thread 3 ] DEBUG Engine               - isIntroEnabled: false
10:49:10.362 [FXGL Background Thread 3 ] DEBUG Engine               - isLinux: false
10:49:10.362 [FXGL Background Thread 3 ] DEBUG Engine               - isMac: true
10:49:10.362 [FXGL Background Thread 3 ] DEBUG Engine               - isMainMenuEnabled: true
10:49:10.362 [FXGL Background Thread 3 ] DEBUG Engine               - isManualResizeEnabled: false
10:49:10.362 [FXGL Background Thread 3 ] DEBUG Engine               - isMobile: false
10:49:10.362 [FXGL Background Thread 3 ] DEBUG Engine               - isNative: false
10:49:10.362 [FXGL Background Thread 3 ] DEBUG Engine               - isPauseMusicWhenMinimized: true
10:49:10.363 [FXGL Background Thread 3 ] DEBUG Engine               - isPreserveResizeRatio: false
10:49:10.363 [FXGL Background Thread 3 ] DEBUG Engine               - isProfilingEnabled: false
10:49:10.363 [FXGL Background Thread 3 ] DEBUG Engine               - isScaleAffectedOnResize: true
10:49:10.363 [FXGL Background Thread 3 ] DEBUG Engine               - isSingleStep: false
10:49:10.363 [FXGL Background Thread 3 ] DEBUG Engine               - isUserProfileEnabled: false
10:49:10.363 [FXGL Background Thread 3 ] DEBUG Engine               - isWindows: false
10:49:10.364 [FXGL Background Thread 3 ] DEBUG Engine               - language: ObjectProperty [value: ENGLISH]
10:49:10.364 [FXGL Background Thread 3 ] DEBUG Engine               - menuKey: ESCAPE
10:49:10.364 [FXGL Background Thread 3 ] DEBUG Engine               - mouseSensitivity: 0.2
10:49:10.364 [FXGL Background Thread 3 ] DEBUG Engine               - notificationViewClass: class com.almasb.fxgl.notification.view.XboxNotificationView
10:49:10.364 [FXGL Background Thread 3 ] DEBUG Engine               - pixelsPerMeter: 50.0
10:49:10.364 [FXGL Background Thread 3 ] DEBUG Engine               - platform: MAC
10:49:10.364 [FXGL Background Thread 3 ] DEBUG Engine               - prefHeightProperty: ReadOnlyDoubleProperty [value: 600.0]
10:49:10.364 [FXGL Background Thread 3 ] DEBUG Engine               - prefWidthProperty: ReadOnlyDoubleProperty [value: 450.0]
10:49:10.364 [FXGL Background Thread 3 ] DEBUG Engine               - profileDir: profiles/
10:49:10.365 [FXGL Background Thread 3 ] DEBUG Engine               - profileName: StringProperty [value: DEFAULT]
10:49:10.365 [FXGL Background Thread 3 ] DEBUG Engine               - randomSeed: -1
10:49:10.365 [FXGL Background Thread 3 ] DEBUG Engine               - runtimeInfo: RuntimeInfo(platform=MAC, version=17.2, build=20.08.2022 16.50)
10:49:10.365 [FXGL Background Thread 3 ] DEBUG Engine               - saveFileExt: sav
10:49:10.365 [FXGL Background Thread 3 ] DEBUG Engine               - scaledHeightProp$fxgl: DoubleProperty [bound, value: 600.0]
10:49:10.365 [FXGL Background Thread 3 ] DEBUG Engine               - scaledWidthProp$fxgl: DoubleProperty [bound, value: 450.0]
10:49:10.366 [FXGL Background Thread 3 ] DEBUG Engine               - sceneFactory: com.ood.spacexinvader.GameStart$1@44759114
10:49:10.366 [FXGL Background Thread 3 ] DEBUG Engine               - secondsIn24h: 60
10:49:10.366 [FXGL Background Thread 3 ] DEBUG Engine               - soundMenuBack: menu/back.wav
10:49:10.366 [FXGL Background Thread 3 ] DEBUG Engine               - soundMenuPress: menu/press.wav
10:49:10.366 [FXGL Background Thread 3 ] DEBUG Engine               - soundMenuSelect: menu/select.wav
10:49:10.366 [FXGL Background Thread 3 ] DEBUG Engine               - soundNotification: core/notification.wav
10:49:10.366 [FXGL Background Thread 3 ] DEBUG Engine               - stageStyle: DECORATED
10:49:10.366 [FXGL Background Thread 3 ] DEBUG Engine               - supportedLanguages: [ENGLISH, FRENCH, GERMAN, HUNGARIAN, RUSSIAN]
10:49:10.367 [FXGL Background Thread 3 ] DEBUG Engine               - ticksPerSecond: -1
10:49:10.367 [FXGL Background Thread 3 ] DEBUG Engine               - title: SpaceX Invader
10:49:10.367 [FXGL Background Thread 3 ] DEBUG Engine               - urlGithub: https://github.com/AlmasB/FXGL
10:49:10.367 [FXGL Background Thread 3 ] DEBUG Engine               - urlLeaderboard: http://fxgl-top.herokuapp.com/
10:49:10.367 [FXGL Background Thread 3 ] DEBUG Engine               - urlPOM: https://raw.githubusercontent.com/AlmasB/FXGL/release/README.md
10:49:10.367 [FXGL Background Thread 3 ] DEBUG Engine               - userAppClass: class com.ood.spacexinvader.GameStart
10:49:10.367 [FXGL Background Thread 3 ] DEBUG Engine               - version: 0.0
10:49:10.368 [FXGL Background Thread 3 ] DEBUG Engine               - versionCheckDays: 7
10:49:10.368 [FXGL Background Thread 3 ] DEBUG Engine               - width: 450
10:49:10.368 [FXGL Background Thread 3 ] DEBUG Engine               - Logging services
10:49:10.368 [FXGL Background Thread 3 ] DEBUG Engine               - class com.almasb.fxgl.app.services.FXGLAssetLoaderService
10:49:10.368 [FXGL Background Thread 3 ] DEBUG Engine               - class com.almasb.fxgl.app.FXGLApplication$GameApplicationService
10:49:10.368 [FXGL Background Thread 3 ] DEBUG Engine               - class com.almasb.fxgl.app.services.FXGLDialogService
10:49:10.368 [FXGL Background Thread 3 ] DEBUG Engine               - class com.almasb.fxgl.app.services.IOTaskExecutorService
10:49:10.368 [FXGL Background Thread 3 ] DEBUG Engine               - class com.almasb.fxgl.io.FileSystemService
10:49:10.369 [FXGL Background Thread 3 ] DEBUG Engine               - class com.almasb.fxgl.localization.LocalizationService
10:49:10.369 [FXGL Background Thread 3 ] DEBUG Engine               - class com.almasb.fxgl.app.services.SystemBundleService
10:49:10.369 [FXGL Background Thread 3 ] DEBUG Engine               - class com.almasb.fxgl.profile.SaveLoadService
10:49:10.369 [FXGL Background Thread 3 ] DEBUG Engine               - class com.almasb.fxgl.ui.FXGLUIFactoryServiceProvider
10:49:10.369 [FXGL Background Thread 3 ] DEBUG Engine               - class com.almasb.fxgl.ui.FXGLDialogFactoryServiceProvider
10:49:10.369 [FXGL Background Thread 3 ] DEBUG Engine               - class com.almasb.fxgl.audio.AudioPlayer
10:49:10.369 [FXGL Background Thread 3 ] DEBUG Engine               - class com.almasb.fxgl.notification.impl.NotificationServiceProvider
10:49:10.369 [FXGL Background Thread 3 ] DEBUG Engine               - class com.almasb.fxgl.achievement.AchievementService
10:49:10.370 [FXGL Background Thread 3 ] DEBUG Engine               - class com.almasb.fxgl.cutscene.CutsceneService
10:49:10.370 [FXGL Background Thread 3 ] DEBUG Engine               - class com.almasb.fxgl.minigames.MiniGameService
10:49:10.370 [FXGL Background Thread 3 ] DEBUG Engine               - class com.almasb.fxgl.net.NetService
10:49:10.370 [FXGL Background Thread 3 ] DEBUG Engine               - class com.almasb.fxgl.app.services.UpdaterService
10:49:10.370 [FXGL Background Thread 3 ] DEBUG Engine               - class com.almasb.fxgl.dev.DevService
10:49:10.852 [JavaFX Application Thread] DEBUG PrimaryStageWindow   - Push state: PauseMenu
10:49:10.852 [JavaFX Application Thread] DEBUG Input                - Clearing active input actions
10:49:10.853 [JavaFX Application Thread] DEBUG GameApplicationServi - Removing overlay from GameScene and adding to PauseMenu
10:49:10.853 [JavaFX Application Thread] DEBUG PrimaryStageWindow   - GameScene -> PauseMenu
10:49:11.806 [JavaFX Application Thread] DEBUG Menu                 - fireExitToMainMenu()
10:49:11.814 [JavaFX Application Thread] DEBUG PrimaryStageWindow   - Push state: DialogSubScene
10:49:11.815 [JavaFX Application Thread] DEBUG Input                - Clearing active input actions
10:49:11.816 [JavaFX Application Thread] DEBUG GameApplicationServi - Removing overlay from PauseMenu and adding to DialogSubScene
10:49:11.816 [JavaFX Application Thread] DEBUG PrimaryStageWindow   - PauseMenu -> DialogSubScene
10:49:12.573 [JavaFX Application Thread] DEBUG PrimaryStageWindow   - Pop state: DialogSubScene
10:49:12.573 [JavaFX Application Thread] DEBUG Input                - Clearing active input actions
10:49:12.575 [JavaFX Application Thread] DEBUG GameApplicationServi - Removing overlay from DialogSubScene and adding to PauseMenu
10:49:12.576 [JavaFX Application Thread] DEBUG PrimaryStageWindow   - PauseMenu <- DialogSubScene
10:49:12.576 [JavaFX Application Thread] DEBUG PrimaryStageWindow   - Pop state: PauseMenu
10:49:12.576 [JavaFX Application Thread] DEBUG Input                - Clearing active input actions
10:49:12.577 [JavaFX Application Thread] DEBUG GameApplicationServi - Removing overlay from PauseMenu and adding to GameScene
10:49:12.577 [JavaFX Application Thread] DEBUG PrimaryStageWindow   - GameScene <- PauseMenu
10:49:12.578 [JavaFX Application Thread] DEBUG Input                - Clearing active input actions
10:49:12.585 [JavaFX Application Thread] DEBUG GameApplicationServi - Removing overlay from GameScene and adding to FXGLMainMenuDummyScene
10:49:12.585 [JavaFX Application Thread] DEBUG PrimaryStageWindow   - GameScene -> FXGLMainMenuDummyScene
10:49:12.586 [JavaFX Application Thread] DEBUG PrimaryStageWindow   - Push state: MainMenu
10:49:12.586 [JavaFX Application Thread] DEBUG Input                - Clearing active input actions
10:49:12.587 [JavaFX Application Thread] DEBUG GameApplicationServi - Removing overlay from FXGLMainMenuDummyScene and adding to MainMenu
10:49:12.587 [JavaFX Application Thread] DEBUG PrimaryStageWindow   - FXGLMainMenuDummyScene -> MainMenu
10:49:13.906 [JavaFX Application Thread] DEBUG Menu                 - fireExit()
10:49:13.908 [JavaFX Application Thread] DEBUG PrimaryStageWindow   - Push state: DialogSubScene
10:49:13.908 [JavaFX Application Thread] DEBUG Input                - Clearing active input actions
10:49:13.910 [JavaFX Application Thread] DEBUG GameApplicationServi - Removing overlay from MainMenu and adding to DialogSubScene
10:49:13.910 [JavaFX Application Thread] DEBUG PrimaryStageWindow   - MainMenu -> DialogSubScene
10:49:14.727 [JavaFX Application Thread] DEBUG PrimaryStageWindow   - Pop state: DialogSubScene
10:49:14.727 [JavaFX Application Thread] DEBUG Input                - Clearing active input actions
10:49:14.728 [JavaFX Application Thread] DEBUG GameApplicationServi - Removing overlay from DialogSubScene and adding to MainMenu
10:49:14.729 [JavaFX Application Thread] DEBUG PrimaryStageWindow   - MainMenu <- DialogSubScene
10:49:14.729 [JavaFX Application Thread] DEBUG FXGLApplication      - Exiting FXGL
10:49:14.729 [JavaFX Application Thread] DEBUG LoopRunner           - Stopping loop
10:49:14.729 [JavaFX Application Thread] DEBUG SystemBundleService  - Saving FXGL system data
10:49:14.733 [JavaFX Application Thread] DEBUG FileSystemAccess     - Writing to: /Users/leowong/IdeaProjects/SpaceX-Invader/system/fxgl.bundle
10:49:14.736 [JavaFX Application Thread] DEBUG Async                - Shutting down background threads
10:49:14.736 [JavaFX Application Thread] DEBUG PrimaryStageWindow   - Closing main window
10:49:14.747 [JavaFX Application Thread] DEBUG Logger               - Closing Logger
