11:07:00.787 [main                     ] DEBUG Logger               - Configured Logger
11:07:00.802 [main                     ] DEBUG GameApplication      - Logging settings
Title: SpaceX Invader
Version: 0.0
Width: 450
Height: 600
Fullscreen: false
Intro: false
Profiling: false
Single step:false
App Mode: DEVELOPER
Menu Key: ESCAPE
Stage Style: DECORATED
Scene Factory: class com.ood.spacexinvader.GameStart$1

11:07:01.015 [JavaFX Application Thread] DEBUG FXGLApplication      - Initializing FXGL
11:07:01.017 [JavaFX Application Thread] INFO  Engine               - FXGL-17.2 (20.08.2022 16.50) on MAC (J:17.0.4.1 FX:17.0.2-ea)
11:07:01.018 [JavaFX Application Thread] DEBUG Engine               - JRE Vendor Name: Oracle Corporation
11:07:01.018 [JavaFX Application Thread] DEBUG Engine               - Running on OS: Mac OS X version 13.0.1
11:07:01.018 [JavaFX Application Thread] DEBUG Engine               - Architecture: aarch64
11:07:01.018 [JavaFX Application Thread] INFO  Engine               - Source code and latest versions at: https://github.com/AlmasB/FXGL
11:07:01.018 [JavaFX Application Thread] INFO  Engine               -       Ask questions and discuss at: https://github.com/AlmasB/FXGL/discussions
11:07:01.018 [JavaFX Application Thread] INFO  Engine               -              Join the FXGL chat at: https://gitter.im/AlmasB/FXGL
11:07:01.054 [JavaFX Application Thread] DEBUG PrimaryStageWindow   - Creating a JavaFX scene
11:07:01.072 [JavaFX Application Thread] DEBUG PrimaryStageWindow   - Target settings size: 450.0 x 600.0
11:07:01.072 [JavaFX Application Thread] DEBUG PrimaryStageWindow   - Scaled scene size:    450.0 x 600.0
11:07:01.072 [JavaFX Application Thread] DEBUG PrimaryStageWindow   - Scaled ratio: (1.0, 1.0)
11:07:01.073 [JavaFX Application Thread] DEBUG PrimaryStageWindow   - Set initial scene to FXGLStartupScene
11:07:01.075 [JavaFX Application Thread] DEBUG PrimaryStageWindow   - Opening main window
11:07:01.109 [JavaFX Application Thread] DEBUG PrimaryStageWindow   - Window border size: (0.0, 28.0)
11:07:01.109 [JavaFX Application Thread] DEBUG PrimaryStageWindow   - Scaled size: 450.0 x 600.0
11:07:01.109 [JavaFX Application Thread] DEBUG PrimaryStageWindow   - Scaled ratio: (1.0, 1.0)
11:07:01.109 [JavaFX Application Thread] DEBUG PrimaryStageWindow   - Scene size: 450.0 x 600.0
11:07:01.110 [JavaFX Application Thread] DEBUG PrimaryStageWindow   - Stage size: 450.0 x 628.0
11:07:01.112 [FXGL Background Thread 1 ] DEBUG Engine               - Initializing environment variables
11:07:01.124 [FXGL Background Thread 1 ] DEBUG FXGLAssetLoaderServi - User app class for loading assets: class com.ood.spacexinvader.GameStart
11:07:01.124 [FXGL Background Thread 1 ] DEBUG GameApplicationServi - Applying CSS: fxgl_dark.css
11:07:01.124 [FXGL Background Thread 1 ] DEBUG FXGLAssetLoaderServi - Loading from file system: jar:file:///Users/hiimecho/.gradle/caches/modules-2/files-2.1/com.github.almasb/fxgl/17.2/35db6ae960eec2dcfd19262d3b7f9c42f0e95bc3/fxgl-17.2.jar!/fxglassets/ui/css/fxgl_dark.css
11:07:01.146 [FXGL Background Thread 1 ] DEBUG GameApplicationServi - Initializing application scenes
11:07:01.218 [FXGL Background Thread 1 ] DEBUG GameWorld            - Game world initialized
11:07:01.242 [FXGL Background Thread 1 ] DEBUG PhysicsWorld         - Physics world initialized: appHeight=600, physics.ppm=50.0
11:07:01.242 [FXGL Background Thread 1 ] DEBUG PhysicsWorld         - Using strategy: BRUTE_FORCE
11:07:01.245 [FXGL Background Thread 1 ] DEBUG GameScene            - Game scene initialized: 450x600
11:07:01.248 [FXGL Background Thread 1 ] DEBUG GameApplicationServi - Application scenes initialized
11:07:01.259 [FXGL Background Thread 1 ] DEBUG SystemBundleService  - Loading FXGL system data
11:07:01.262 [FXGL Background Thread 1 ] DEBUG FileSystemAccess     - Reading from: /Users/hiimecho/Documents/Coding/Java/Coding/SpaceX-Invader/system/fxgl.bundle
11:07:01.265 [FXGL Background Thread 1 ] DEBUG SystemBundleService  - Bundle FXGL: {}
11:07:01.266 [FXGL Background Thread 1 ] DEBUG UpdaterService       - Checking for updates
11:07:01.268 [FXGL Background Thread 1 ] DEBUG FXGLApplication      - Loading default localization
11:07:01.268 [FXGL Background Thread 4 ] DEBUG FXGLApplication      - Loading fonts
11:07:01.268 [FXGL Background Thread 4 ] DEBUG FXGLAssetLoaderServi - Loading from file system: jar:file:///Users/hiimecho/.gradle/caches/modules-2/files-2.1/com.github.almasb/fxgl/17.2/35db6ae960eec2dcfd19262d3b7f9c42f0e95bc3/fxgl-17.2.jar!/fxglassets/ui/fonts/VarelaRound-Regular.ttf
11:07:01.268 [FXGL Background Thread 1 ] DEBUG FXGLAssetLoaderServi - Loading from file system: jar:file:///Users/hiimecho/.gradle/caches/modules-2/files-2.1/com.github.almasb/fxgl/17.2/35db6ae960eec2dcfd19262d3b7f9c42f0e95bc3/fxgl-17.2.jar!/fxglassets/languages/english.lang
11:07:01.274 [FXGL Background Thread 4 ] DEBUG FXGLAssetLoaderServi - Loading from file system: jar:file:///Users/hiimecho/.gradle/caches/modules-2/files-2.1/com.github.almasb/fxgl/17.2/35db6ae960eec2dcfd19262d3b7f9c42f0e95bc3/fxgl-17.2.jar!/fxglassets/ui/fonts/Abel-Regular.ttf
11:07:01.276 [FXGL Background Thread 4 ] DEBUG FXGLAssetLoaderServi - Loading from file system: jar:file:///Users/hiimecho/.gradle/caches/modules-2/files-2.1/com.github.almasb/fxgl/17.2/35db6ae960eec2dcfd19262d3b7f9c42f0e95bc3/fxgl-17.2.jar!/fxglassets/ui/fonts/TerminalLandMono-Regular.otf
11:07:01.280 [FXGL Background Thread 4 ] DEBUG FXGLAssetLoaderServi - Loading from file system: jar:file:///Users/hiimecho/.gradle/caches/modules-2/files-2.1/com.github.almasb/fxgl/17.2/35db6ae960eec2dcfd19262d3b7f9c42f0e95bc3/fxgl-17.2.jar!/fxglassets/ui/fonts/Courier-Prime.ttf
11:07:01.280 [FXGL Background Thread 1 ] INFO  FXGLApplication      - FXGL initialization took: 0.167 sec
11:07:01.281 [JavaFX Application Thread] DEBUG FXGLAssetLoaderServi - Loading from file system: jar:file:///Users/hiimecho/.gradle/caches/modules-2/files-2.1/com.github.almasb/fxgl/17.2/35db6ae960eec2dcfd19262d3b7f9c42f0e95bc3/fxgl-17.2.jar!/fxglassets/textures/fxgl_icon.png
11:07:01.308 [JavaFX Application Thread] DEBUG FXGLAssetLoaderServi - Loading from file system: jar:file:///Users/hiimecho/.gradle/caches/modules-2/files-2.1/com.github.almasb/fxgl/17.2/35db6ae960eec2dcfd19262d3b7f9c42f0e95bc3/fxgl-17.2.jar!/fxglassets/textures/fxgl_default_cursor.png
11:07:01.313 [JavaFX Application Thread] DEBUG Input                - Registered new binding: Screenshot - CTRL+8
11:07:01.314 [JavaFX Application Thread] DEBUG Input                - Registered new binding: System info dump - CTRL+9
11:07:01.314 [JavaFX Application Thread] DEBUG Input                - Registered new binding: Restart - CTRL+R
11:07:01.314 [JavaFX Application Thread] DEBUG Input                - Registered new binding: Toggle Debug Camera - CTRL+7
11:07:01.315 [JavaFX Application Thread] DEBUG LoopRunner           - Starting loop
11:07:01.315 [JavaFX Application Thread] DEBUG LoopRunner           - Initializing JavaFX AnimationTimerLoop
11:07:01.315 [JavaFX Application Thread] DEBUG GameApplicationServi - Starting new game
11:07:01.316 [JavaFX Application Thread] DEBUG Input                - Clearing active input actions
11:07:01.320 [JavaFX Application Thread] DEBUG GameApplicationServi - Removing overlay from FXGLStartupScene and adding to FXGLLoadingScene
11:07:01.321 [JavaFX Application Thread] DEBUG PrimaryStageWindow   - FXGLStartupScene -> FXGLLoadingScene
11:07:01.321 [JavaFX Application Thread] DEBUG GameApplicationServi - Clearing previous game
11:07:01.321 [JavaFX Application Thread] DEBUG GameScene            - Clearing game scene
11:07:01.321 [JavaFX Application Thread] DEBUG GameWorld            - Clearing game world
11:07:01.321 [JavaFX Application Thread] DEBUG PhysicsWorld         - Clearing physics world
11:07:01.322 [FXGL Background Thread 4 ] DEBUG FXGLApplication      - Initializing game
11:07:01.323 [FXGL Background Thread 4 ] INFO  FXGLApplication      - Game initialization took: 0.001 sec
11:07:01.340 [JavaFX Application Thread] DEBUG FXGLApplication      - Registering font factories with UI factory
11:07:01.348 [JavaFX Application Thread] DEBUG Input                - Clearing active input actions
11:07:01.350 [JavaFX Application Thread] DEBUG GameApplicationServi - Removing overlay from FXGLLoadingScene and adding to GameScene
11:07:01.350 [JavaFX Application Thread] DEBUG PrimaryStageWindow   - FXGLLoadingScene -> GameScene
11:07:02.526 [JavaFX Application Thread] DEBUG PrimaryStageWindow   - Push state: MainMenu
11:07:02.526 [JavaFX Application Thread] DEBUG Input                - Clearing active input actions
11:07:02.531 [JavaFX Application Thread] DEBUG GameApplicationServi - Removing overlay from GameScene and adding to MainMenu
11:07:02.531 [JavaFX Application Thread] DEBUG PrimaryStageWindow   - GameScene -> MainMenu
11:07:03.482 [JavaFX Application Thread] DEBUG PrimaryStageWindow   - Pop state: MainMenu
11:07:03.482 [JavaFX Application Thread] DEBUG Input                - Clearing active input actions
11:07:03.482 [JavaFX Application Thread] DEBUG GameApplicationServi - Removing overlay from MainMenu and adding to GameScene
11:07:03.483 [JavaFX Application Thread] DEBUG PrimaryStageWindow   - GameScene <- MainMenu
11:07:03.742 [JavaFX Application Thread] DEBUG PrimaryStageWindow   - Push state: MainMenu
11:07:03.743 [JavaFX Application Thread] DEBUG Input                - Clearing active input actions
11:07:03.744 [JavaFX Application Thread] DEBUG GameApplicationServi - Removing overlay from GameScene and adding to MainMenu
11:07:03.745 [JavaFX Application Thread] DEBUG PrimaryStageWindow   - GameScene -> MainMenu
11:07:04.272 [FXGL Background Thread 3 ] DEBUG Engine               - Logging environment variables
11:07:04.273 [FXGL Background Thread 3 ] DEBUG Engine               - achievements: []
11:07:04.273 [FXGL Background Thread 3 ] DEBUG Engine               - actualHeight: 600.0
11:07:04.273 [FXGL Background Thread 3 ] DEBUG Engine               - actualHeightProperty: ReadOnlyDoubleProperty [value: 600.0]
11:07:04.273 [FXGL Background Thread 3 ] DEBUG Engine               - actualWidth: 450.0
11:07:04.274 [FXGL Background Thread 3 ] DEBUG Engine               - actualWidthProperty: ReadOnlyDoubleProperty [value: 450.0]
11:07:04.274 [FXGL Background Thread 3 ] DEBUG Engine               - appIcon: fxgl_icon.png
11:07:04.274 [FXGL Background Thread 3 ] DEBUG Engine               - applicationMode: DEVELOPER
11:07:04.274 [FXGL Background Thread 3 ] DEBUG Engine               - cSSList: [fxgl_dark.css]
11:07:04.274 [FXGL Background Thread 3 ] DEBUG Engine               - collisionDetectionStrategy: BRUTE_FORCE
11:07:04.274 [FXGL Background Thread 3 ] DEBUG Engine               - configClass: Optional.empty
11:07:04.274 [FXGL Background Thread 3 ] DEBUG Engine               - credits: []
11:07:04.276 [FXGL Background Thread 3 ] DEBUG Engine               - defaultCursor: CursorInfo(imageName=fxgl_default_cursor.png, hotspotX=7.0, hotspotY=6.0)
11:07:04.277 [FXGL Background Thread 3 ] DEBUG Engine               - devBBoxColorProperty: ObjectProperty [value: 0xff0000ff]
11:07:04.277 [FXGL Background Thread 3 ] DEBUG Engine               - devEnableDebugCameraProperty: BooleanProperty [value: false]
11:07:04.277 [FXGL Background Thread 3 ] DEBUG Engine               - devSensorColorProperty: ObjectProperty [value: 0xffff00ff]
11:07:04.277 [FXGL Background Thread 3 ] DEBUG Engine               - devShowBBoxProperty: BooleanProperty [value: false]
11:07:04.277 [FXGL Background Thread 3 ] DEBUG Engine               - devShowPositionProperty: BooleanProperty [value: false]
11:07:04.277 [FXGL Background Thread 3 ] DEBUG Engine               - enabledMenuItems: []
11:07:04.277 [FXGL Background Thread 3 ] DEBUG Engine               - engineServices: [class com.almasb.fxgl.app.services.FXGLAssetLoaderService, class com.almasb.fxgl.app.FXGLApplication$GameApplicationService, class com.almasb.fxgl.app.services.FXGLDialogService, class com.almasb.fxgl.app.services.IOTaskExecutorService, class com.almasb.fxgl.io.FileSystemService, class com.almasb.fxgl.localization.LocalizationService, class com.almasb.fxgl.app.services.SystemBundleService, class com.almasb.fxgl.profile.SaveLoadService, class com.almasb.fxgl.ui.FXGLUIFactoryServiceProvider, class com.almasb.fxgl.ui.FXGLDialogFactoryServiceProvider, class com.almasb.fxgl.audio.AudioPlayer, class com.almasb.fxgl.notification.impl.NotificationServiceProvider, class com.almasb.fxgl.achievement.AchievementService, class com.almasb.fxgl.cutscene.CutsceneService, class com.almasb.fxgl.minigames.MiniGameService, class com.almasb.fxgl.net.NetService, class com.almasb.fxgl.app.services.UpdaterService, class com.almasb.fxgl.dev.DevService]
11:07:04.277 [FXGL Background Thread 3 ] DEBUG Engine               - fontGame: Abel-Regular.ttf
11:07:04.278 [FXGL Background Thread 3 ] DEBUG Engine               - fontMono: TerminalLandMono-Regular.otf
11:07:04.278 [FXGL Background Thread 3 ] DEBUG Engine               - fontText: Courier-Prime.ttf
11:07:04.278 [FXGL Background Thread 3 ] DEBUG Engine               - fontUI: VarelaRound-Regular.ttf
11:07:04.278 [FXGL Background Thread 3 ] DEBUG Engine               - fullScreen: BooleanProperty [value: false]
11:07:04.278 [FXGL Background Thread 3 ] DEBUG Engine               - gameDifficulty: MEDIUM
11:07:04.278 [FXGL Background Thread 3 ] DEBUG Engine               - gameDifficultyProperty: ObjectProperty [value: MEDIUM]
11:07:04.278 [FXGL Background Thread 3 ] DEBUG Engine               - globalMusicVolume: 0.5
11:07:04.278 [FXGL Background Thread 3 ] DEBUG Engine               - globalMusicVolumeProperty: DoubleProperty [value: 0.5]
11:07:04.278 [FXGL Background Thread 3 ] DEBUG Engine               - globalSoundVolume: 0.5
11:07:04.279 [FXGL Background Thread 3 ] DEBUG Engine               - globalSoundVolumeProperty: DoubleProperty [value: 0.5]
11:07:04.279 [FXGL Background Thread 3 ] DEBUG Engine               - height: 600
11:07:04.279 [FXGL Background Thread 3 ] DEBUG Engine               - is3D: false
11:07:04.279 [FXGL Background Thread 3 ] DEBUG Engine               - isAndroid: false
11:07:04.279 [FXGL Background Thread 3 ] DEBUG Engine               - isBrowser: false
11:07:04.279 [FXGL Background Thread 3 ] DEBUG Engine               - isClickFeedbackEnabled: false
11:07:04.279 [FXGL Background Thread 3 ] DEBUG Engine               - isCloseConfirmation: false
11:07:04.279 [FXGL Background Thread 3 ] DEBUG Engine               - isDesktop: true
11:07:04.279 [FXGL Background Thread 3 ] DEBUG Engine               - isDeveloperMenuEnabled: false
11:07:04.279 [FXGL Background Thread 3 ] DEBUG Engine               - isEmbedded: false
11:07:04.279 [FXGL Background Thread 3 ] DEBUG Engine               - isEntityPreloadEnabled: true
11:07:04.280 [FXGL Background Thread 3 ] DEBUG Engine               - isExperimentalTiledLargeMap: false
11:07:04.280 [FXGL Background Thread 3 ] DEBUG Engine               - isFileSystemWriteAllowed: true
11:07:04.280 [FXGL Background Thread 3 ] DEBUG Engine               - isFullScreenAllowed: false
11:07:04.280 [FXGL Background Thread 3 ] DEBUG Engine               - isFullScreenFromStart: false
11:07:04.280 [FXGL Background Thread 3 ] DEBUG Engine               - isGameMenuEnabled: true
11:07:04.280 [FXGL Background Thread 3 ] DEBUG Engine               - isIOS: false
11:07:04.280 [FXGL Background Thread 3 ] DEBUG Engine               - isIntroEnabled: false
11:07:04.280 [FXGL Background Thread 3 ] DEBUG Engine               - isLinux: false
11:07:04.280 [FXGL Background Thread 3 ] DEBUG Engine               - isMac: true
11:07:04.280 [FXGL Background Thread 3 ] DEBUG Engine               - isMainMenuEnabled: false
11:07:04.280 [FXGL Background Thread 3 ] DEBUG Engine               - isManualResizeEnabled: false
11:07:04.280 [FXGL Background Thread 3 ] DEBUG Engine               - isMobile: false
11:07:04.280 [FXGL Background Thread 3 ] DEBUG Engine               - isNative: false
11:07:04.281 [FXGL Background Thread 3 ] DEBUG Engine               - isPauseMusicWhenMinimized: true
11:07:04.281 [FXGL Background Thread 3 ] DEBUG Engine               - isPreserveResizeRatio: false
11:07:04.281 [FXGL Background Thread 3 ] DEBUG Engine               - isProfilingEnabled: false
11:07:04.281 [FXGL Background Thread 3 ] DEBUG Engine               - isScaleAffectedOnResize: true
11:07:04.281 [FXGL Background Thread 3 ] DEBUG Engine               - isSingleStep: false
11:07:04.281 [FXGL Background Thread 3 ] DEBUG Engine               - isUserProfileEnabled: false
11:07:04.281 [FXGL Background Thread 3 ] DEBUG Engine               - isWindows: false
11:07:04.281 [FXGL Background Thread 3 ] DEBUG Engine               - language: ObjectProperty [value: ENGLISH]
11:07:04.281 [FXGL Background Thread 3 ] DEBUG Engine               - menuKey: ESCAPE
11:07:04.281 [FXGL Background Thread 3 ] DEBUG Engine               - mouseSensitivity: 0.2
11:07:04.281 [FXGL Background Thread 3 ] DEBUG Engine               - notificationViewClass: class com.almasb.fxgl.notification.view.XboxNotificationView
11:07:04.281 [FXGL Background Thread 3 ] DEBUG Engine               - pixelsPerMeter: 50.0
11:07:04.281 [FXGL Background Thread 3 ] DEBUG Engine               - platform: MAC
11:07:04.281 [FXGL Background Thread 3 ] DEBUG Engine               - prefHeightProperty: ReadOnlyDoubleProperty [value: 600.0]
11:07:04.281 [FXGL Background Thread 3 ] DEBUG Engine               - prefWidthProperty: ReadOnlyDoubleProperty [value: 450.0]
11:07:04.282 [FXGL Background Thread 3 ] DEBUG Engine               - profileDir: profiles/
11:07:04.282 [FXGL Background Thread 3 ] DEBUG Engine               - profileName: StringProperty [value: DEFAULT]
11:07:04.282 [FXGL Background Thread 3 ] DEBUG Engine               - randomSeed: -1
11:07:04.282 [FXGL Background Thread 3 ] DEBUG Engine               - runtimeInfo: RuntimeInfo(platform=MAC, version=17.2, build=20.08.2022 16.50)
11:07:04.282 [FXGL Background Thread 3 ] DEBUG Engine               - saveFileExt: sav
11:07:04.282 [FXGL Background Thread 3 ] DEBUG Engine               - scaledHeightProp$fxgl: DoubleProperty [bound, value: 600.0]
11:07:04.282 [FXGL Background Thread 3 ] DEBUG Engine               - scaledWidthProp$fxgl: DoubleProperty [bound, value: 450.0]
11:07:04.282 [FXGL Background Thread 3 ] DEBUG Engine               - sceneFactory: com.ood.spacexinvader.GameStart$1@1f5e49f1
11:07:04.282 [FXGL Background Thread 3 ] DEBUG Engine               - secondsIn24h: 60
11:07:04.283 [FXGL Background Thread 3 ] DEBUG Engine               - soundMenuBack: menu/back.wav
11:07:04.283 [FXGL Background Thread 3 ] DEBUG Engine               - soundMenuPress: menu/press.wav
11:07:04.283 [FXGL Background Thread 3 ] DEBUG Engine               - soundMenuSelect: menu/select.wav
11:07:04.283 [FXGL Background Thread 3 ] DEBUG Engine               - soundNotification: core/notification.wav
11:07:04.283 [FXGL Background Thread 3 ] DEBUG Engine               - stageStyle: DECORATED
11:07:04.283 [FXGL Background Thread 3 ] DEBUG Engine               - supportedLanguages: [ENGLISH, FRENCH, GERMAN, HUNGARIAN, RUSSIAN]
11:07:04.283 [FXGL Background Thread 3 ] DEBUG Engine               - ticksPerSecond: -1
11:07:04.283 [FXGL Background Thread 3 ] DEBUG Engine               - title: SpaceX Invader
11:07:04.283 [FXGL Background Thread 3 ] DEBUG Engine               - urlGithub: https://github.com/AlmasB/FXGL
11:07:04.283 [FXGL Background Thread 3 ] DEBUG Engine               - urlLeaderboard: http://fxgl-top.herokuapp.com/
11:07:04.283 [FXGL Background Thread 3 ] DEBUG Engine               - urlPOM: https://raw.githubusercontent.com/AlmasB/FXGL/release/README.md
11:07:04.283 [FXGL Background Thread 3 ] DEBUG Engine               - userAppClass: class com.ood.spacexinvader.GameStart
11:07:04.283 [FXGL Background Thread 3 ] DEBUG Engine               - version: 0.0
11:07:04.283 [FXGL Background Thread 3 ] DEBUG Engine               - versionCheckDays: 7
11:07:04.283 [FXGL Background Thread 3 ] DEBUG Engine               - width: 450
11:07:04.283 [FXGL Background Thread 3 ] DEBUG Engine               - Logging services
11:07:04.284 [FXGL Background Thread 3 ] DEBUG Engine               - class com.almasb.fxgl.app.services.FXGLAssetLoaderService
11:07:04.284 [FXGL Background Thread 3 ] DEBUG Engine               - class com.almasb.fxgl.app.FXGLApplication$GameApplicationService
11:07:04.284 [FXGL Background Thread 3 ] DEBUG Engine               - class com.almasb.fxgl.app.services.FXGLDialogService
11:07:04.284 [FXGL Background Thread 3 ] DEBUG Engine               - class com.almasb.fxgl.app.services.IOTaskExecutorService
11:07:04.284 [FXGL Background Thread 3 ] DEBUG Engine               - class com.almasb.fxgl.io.FileSystemService
11:07:04.284 [FXGL Background Thread 3 ] DEBUG Engine               - class com.almasb.fxgl.localization.LocalizationService
11:07:04.284 [FXGL Background Thread 3 ] DEBUG Engine               - class com.almasb.fxgl.app.services.SystemBundleService
11:07:04.284 [FXGL Background Thread 3 ] DEBUG Engine               - class com.almasb.fxgl.profile.SaveLoadService
11:07:04.284 [FXGL Background Thread 3 ] DEBUG Engine               - class com.almasb.fxgl.ui.FXGLUIFactoryServiceProvider
11:07:04.284 [FXGL Background Thread 3 ] DEBUG Engine               - class com.almasb.fxgl.ui.FXGLDialogFactoryServiceProvider
11:07:04.284 [FXGL Background Thread 3 ] DEBUG Engine               - class com.almasb.fxgl.audio.AudioPlayer
11:07:04.284 [FXGL Background Thread 3 ] DEBUG Engine               - class com.almasb.fxgl.notification.impl.NotificationServiceProvider
11:07:04.284 [FXGL Background Thread 3 ] DEBUG Engine               - class com.almasb.fxgl.achievement.AchievementService
11:07:04.284 [FXGL Background Thread 3 ] DEBUG Engine               - class com.almasb.fxgl.cutscene.CutsceneService
11:07:04.284 [FXGL Background Thread 3 ] DEBUG Engine               - class com.almasb.fxgl.minigames.MiniGameService
11:07:04.284 [FXGL Background Thread 3 ] DEBUG Engine               - class com.almasb.fxgl.net.NetService
11:07:04.284 [FXGL Background Thread 3 ] DEBUG Engine               - class com.almasb.fxgl.app.services.UpdaterService
11:07:04.284 [FXGL Background Thread 3 ] DEBUG Engine               - class com.almasb.fxgl.dev.DevService
11:07:07.195 [JavaFX Application Thread] DEBUG PrimaryStageWindow   - Pop state: MainMenu
11:07:07.196 [JavaFX Application Thread] DEBUG Input                - Clearing active input actions
11:07:07.196 [JavaFX Application Thread] DEBUG GameApplicationServi - Removing overlay from MainMenu and adding to GameScene
11:07:07.197 [JavaFX Application Thread] DEBUG PrimaryStageWindow   - GameScene <- MainMenu
11:07:07.578 [JavaFX Application Thread] DEBUG PrimaryStageWindow   - Push state: MainMenu
11:07:07.579 [JavaFX Application Thread] DEBUG Input                - Clearing active input actions
11:07:07.580 [JavaFX Application Thread] DEBUG GameApplicationServi - Removing overlay from GameScene and adding to MainMenu
11:07:07.580 [JavaFX Application Thread] DEBUG PrimaryStageWindow   - GameScene -> MainMenu
11:07:08.043 [JavaFX Application Thread] DEBUG PrimaryStageWindow   - Pop state: MainMenu
11:07:08.043 [JavaFX Application Thread] DEBUG Input                - Clearing active input actions
11:07:08.044 [JavaFX Application Thread] DEBUG GameApplicationServi - Removing overlay from MainMenu and adding to GameScene
11:07:08.044 [JavaFX Application Thread] DEBUG PrimaryStageWindow   - GameScene <- MainMenu
11:07:08.345 [JavaFX Application Thread] DEBUG PrimaryStageWindow   - Push state: MainMenu
11:07:08.346 [JavaFX Application Thread] DEBUG Input                - Clearing active input actions
11:07:08.346 [JavaFX Application Thread] DEBUG GameApplicationServi - Removing overlay from GameScene and adding to MainMenu
11:07:08.347 [JavaFX Application Thread] DEBUG PrimaryStageWindow   - GameScene -> MainMenu
11:07:08.628 [JavaFX Application Thread] DEBUG PrimaryStageWindow   - Pop state: MainMenu
11:07:08.629 [JavaFX Application Thread] DEBUG Input                - Clearing active input actions
11:07:08.629 [JavaFX Application Thread] DEBUG GameApplicationServi - Removing overlay from MainMenu and adding to GameScene
11:07:08.630 [JavaFX Application Thread] DEBUG PrimaryStageWindow   - GameScene <- MainMenu
11:07:09.177 [JavaFX Application Thread] DEBUG FXGLApplication      - Exiting FXGL
11:07:09.177 [JavaFX Application Thread] DEBUG LoopRunner           - Stopping loop
11:07:09.177 [JavaFX Application Thread] DEBUG SystemBundleService  - Saving FXGL system data
11:07:09.179 [JavaFX Application Thread] DEBUG FileSystemAccess     - Writing to: /Users/hiimecho/Documents/Coding/Java/Coding/SpaceX-Invader/system/fxgl.bundle
11:07:09.181 [JavaFX Application Thread] DEBUG Async                - Shutting down background threads
11:07:09.181 [JavaFX Application Thread] DEBUG PrimaryStageWindow   - Closing main window
11:07:09.191 [JavaFX Application Thread] DEBUG Logger               - Closing Logger
