10:58:06.464 [main                     ] DEBUG Logger               - Configured Logger
10:58:06.502 [main                     ] DEBUG GameApplication      - Logging settings
Title: SpaceX Invader
Version: 0.0
Width: 450
Height: 600
Fullscreen: false
Intro: false
Profiling: false
Single step:false
App Mode: DEVELOPER
Menu Key: ESCAPE
Stage Style: DECORATED
Scene Factory: class com.almasb.fxgl.app.scene.SceneFactory

10:58:07.084 [JavaFX Application Thread] DEBUG FXGLApplication      - Initializing FXGL
10:58:07.093 [JavaFX Application Thread] INFO  Engine               - FXGL-17.2 (20.08.2022 16.50) on MAC (J:17.0.3 FX:17.0.2-ea)
10:58:07.094 [JavaFX Application Thread] DEBUG Engine               - JRE Vendor Name: Eclipse Adoptium
10:58:07.095 [JavaFX Application Thread] DEBUG Engine               - Running on OS: Mac OS X version 13.1
10:58:07.095 [JavaFX Application Thread] DEBUG Engine               - Architecture: x86_64
10:58:07.096 [JavaFX Application Thread] INFO  Engine               - Source code and latest versions at: https://github.com/AlmasB/FXGL
10:58:07.096 [JavaFX Application Thread] INFO  Engine               -       Ask questions and discuss at: https://github.com/AlmasB/FXGL/discussions
10:58:07.096 [JavaFX Application Thread] INFO  Engine               -              Join the FXGL chat at: https://gitter.im/AlmasB/FXGL
10:58:07.254 [JavaFX Application Thread] DEBUG PrimaryStageWindow   - Creating a JavaFX scene
10:58:07.320 [JavaFX Application Thread] DEBUG PrimaryStageWindow   - Target settings size: 450.0 x 600.0
10:58:07.321 [JavaFX Application Thread] DEBUG PrimaryStageWindow   - Scaled scene size:    450.0 x 600.0
10:58:07.321 [JavaFX Application Thread] DEBUG PrimaryStageWindow   - Scaled ratio: (1.0, 1.0)
10:58:07.323 [JavaFX Application Thread] DEBUG PrimaryStageWindow   - Set initial scene to FXGLStartupScene
10:58:07.333 [JavaFX Application Thread] DEBUG PrimaryStageWindow   - Opening main window
10:58:07.492 [JavaFX Application Thread] DEBUG PrimaryStageWindow   - Window border size: (0.0, 28.0)
10:58:07.492 [JavaFX Application Thread] DEBUG PrimaryStageWindow   - Scaled size: 450.0 x 600.0
10:58:07.493 [JavaFX Application Thread] DEBUG PrimaryStageWindow   - Scaled ratio: (1.0, 1.0)
10:58:07.493 [JavaFX Application Thread] DEBUG PrimaryStageWindow   - Scene size: 450.0 x 600.0
10:58:07.494 [JavaFX Application Thread] DEBUG PrimaryStageWindow   - Stage size: 450.0 x 628.0
10:58:07.506 [FXGL Background Thread 1 ] DEBUG Engine               - Initializing environment variables
10:58:07.562 [FXGL Background Thread 1 ] DEBUG FXGLAssetLoaderServi - User app class for loading assets: class com.ood.spacexinvader.GameStart
10:58:07.563 [FXGL Background Thread 1 ] DEBUG GameApplicationServi - Applying CSS: fxgl_dark.css
10:58:07.565 [FXGL Background Thread 1 ] DEBUG FXGLAssetLoaderServi - Loading from file system: jar:file:///Users/leowong/.gradle/caches/modules-2/files-2.1/com.github.almasb/fxgl/17.2/35db6ae960eec2dcfd19262d3b7f9c42f0e95bc3/fxgl-17.2.jar!/fxglassets/ui/css/fxgl_dark.css
10:58:07.652 [FXGL Background Thread 1 ] DEBUG GameApplicationServi - Initializing application scenes
10:58:08.192 [FXGL Background Thread 1 ] DEBUG GameWorld            - Game world initialized
10:58:08.290 [FXGL Background Thread 1 ] DEBUG PhysicsWorld         - Physics world initialized: appHeight=600, physics.ppm=50.0
10:58:08.291 [FXGL Background Thread 1 ] DEBUG PhysicsWorld         - Using strategy: BRUTE_FORCE
10:58:08.298 [FXGL Background Thread 1 ] DEBUG GameScene            - Game scene initialized: 450x600
10:58:08.320 [FXGL Background Thread 1 ] WARN  FXGL.DefaultMenu     - FXGLDefaultMenu is not designed for resolutions < 800x600
10:58:08.321 [FXGL Background Thread 1 ] DEBUG FXGL.DefaultMenu     - createMenuBodyGameMenu()
10:58:08.358 [FXGL Background Thread 1 ] DEBUG FXGL.DefaultMenu     - createOptionsMenu()
10:58:08.381 [FXGL Background Thread 1 ] DEBUG FXGLAssetLoaderServi - Loading from file system: jar:file:///Users/leowong/.gradle/caches/modules-2/files-2.1/com.github.almasb/fxgl/17.2/35db6ae960eec2dcfd19262d3b7f9c42f0e95bc3/fxgl-17.2.jar!/fxglassets/textures/particles/smoke.png
10:58:08.538 [FXGL Background Thread 1 ] DEBUG FXGLAssetLoaderServi - Loading from file system: jar:file:///Users/leowong/.gradle/caches/modules-2/files-2.1/com.github.almasb/fxgl/17.2/35db6ae960eec2dcfd19262d3b7f9c42f0e95bc3/fxgl-17.2.jar!/fxglassets/textures/particles/trace_horizontal.png
10:58:08.566 [FXGL Background Thread 1 ] DEBUG GameApplicationServi - Application scenes initialized
10:58:08.588 [FXGL Background Thread 1 ] DEBUG SystemBundleService  - Loading FXGL system data
10:58:08.595 [FXGL Background Thread 1 ] DEBUG FileSystemAccess     - Reading from: /Users/leowong/IdeaProjects/SpaceX-Invader/system/fxgl.bundle
10:58:08.604 [FXGL Background Thread 1 ] DEBUG SystemBundleService  - Bundle FXGL: {}
10:58:08.604 [FXGL Background Thread 1 ] DEBUG UpdaterService       - Checking for updates
10:58:08.609 [FXGL Background Thread 4 ] DEBUG FXGLApplication      - Loading fonts
10:58:08.609 [FXGL Background Thread 4 ] DEBUG FXGLAssetLoaderServi - Loading from file system: jar:file:///Users/leowong/.gradle/caches/modules-2/files-2.1/com.github.almasb/fxgl/17.2/35db6ae960eec2dcfd19262d3b7f9c42f0e95bc3/fxgl-17.2.jar!/fxglassets/ui/fonts/VarelaRound-Regular.ttf
10:58:08.609 [FXGL Background Thread 1 ] DEBUG FXGLApplication      - Loading default localization
10:58:08.610 [FXGL Background Thread 1 ] DEBUG FXGLAssetLoaderServi - Loading from file system: jar:file:///Users/leowong/.gradle/caches/modules-2/files-2.1/com.github.almasb/fxgl/17.2/35db6ae960eec2dcfd19262d3b7f9c42f0e95bc3/fxgl-17.2.jar!/fxglassets/languages/english.lang
10:58:08.623 [FXGL Background Thread 4 ] DEBUG FXGLAssetLoaderServi - Loading from file system: jar:file:///Users/leowong/.gradle/caches/modules-2/files-2.1/com.github.almasb/fxgl/17.2/35db6ae960eec2dcfd19262d3b7f9c42f0e95bc3/fxgl-17.2.jar!/fxglassets/ui/fonts/Abel-Regular.ttf
10:58:08.627 [FXGL Background Thread 4 ] DEBUG FXGLAssetLoaderServi - Loading from file system: jar:file:///Users/leowong/.gradle/caches/modules-2/files-2.1/com.github.almasb/fxgl/17.2/35db6ae960eec2dcfd19262d3b7f9c42f0e95bc3/fxgl-17.2.jar!/fxglassets/ui/fonts/TerminalLandMono-Regular.otf
10:58:08.631 [FXGL Background Thread 1 ] INFO  FXGLApplication      - FXGL initialization took: 1.124 sec
10:58:08.632 [FXGL Background Thread 4 ] DEBUG FXGLAssetLoaderServi - Loading from file system: jar:file:///Users/leowong/.gradle/caches/modules-2/files-2.1/com.github.almasb/fxgl/17.2/35db6ae960eec2dcfd19262d3b7f9c42f0e95bc3/fxgl-17.2.jar!/fxglassets/ui/fonts/Courier-Prime.ttf
10:58:08.643 [JavaFX Application Thread] DEBUG Input                - Registered new binding: Move Left - Left
10:58:08.643 [JavaFX Application Thread] DEBUG Input                - Registered new binding: Move Right - Right
10:58:08.644 [JavaFX Application Thread] DEBUG FXGLAssetLoaderServi - Loading from file system: jar:file:///Users/leowong/IdeaProjects/SpaceX-Invader/build/libs/SpaceX-Invader-1.0-SNAPSHOT.jar!/assets/textures/icon/spacex-invader-favicon-black.png
10:58:08.663 [JavaFX Application Thread] DEBUG FXGLAssetLoaderServi - Loading from file system: jar:file:///Users/leowong/.gradle/caches/modules-2/files-2.1/com.github.almasb/fxgl/17.2/35db6ae960eec2dcfd19262d3b7f9c42f0e95bc3/fxgl-17.2.jar!/fxglassets/textures/fxgl_default_cursor.png
10:58:08.667 [JavaFX Application Thread] DEBUG Input                - Registered new binding: Screenshot - CTRL+8
10:58:08.668 [JavaFX Application Thread] DEBUG Input                - Registered new binding: System info dump - CTRL+9
10:58:08.669 [JavaFX Application Thread] DEBUG Input                - Registered new binding: Restart - CTRL+R
10:58:08.670 [JavaFX Application Thread] DEBUG Input                - Registered new binding: Toggle Debug Camera - CTRL+7
10:58:08.673 [JavaFX Application Thread] DEBUG LoopRunner           - Starting loop
10:58:08.673 [JavaFX Application Thread] DEBUG LoopRunner           - Initializing JavaFX AnimationTimerLoop
10:58:08.674 [JavaFX Application Thread] DEBUG GameApplicationServi - Starting new game
10:58:08.675 [JavaFX Application Thread] DEBUG Input                - Clearing active input actions
10:58:08.688 [JavaFX Application Thread] DEBUG GameApplicationServi - Removing overlay from FXGLStartupScene and adding to FXGLLoadingScene
10:58:08.689 [JavaFX Application Thread] DEBUG PrimaryStageWindow   - FXGLStartupScene -> FXGLLoadingScene
10:58:08.690 [JavaFX Application Thread] DEBUG GameApplicationServi - Clearing previous game
10:58:08.690 [JavaFX Application Thread] DEBUG GameScene            - Clearing game scene
10:58:08.690 [JavaFX Application Thread] DEBUG GameWorld            - Clearing game world
10:58:08.690 [JavaFX Application Thread] DEBUG PhysicsWorld         - Clearing physics world
10:58:08.692 [FXGL Background Thread 4 ] DEBUG FXGLApplication      - Initializing game
10:58:08.696 [FXGL Background Thread 4 ] DEBUG FXGLAssetLoaderServi - Loading from file system: jar:file:///Users/leowong/IdeaProjects/SpaceX-Invader/build/libs/SpaceX-Invader-1.0-SNAPSHOT.jar!/assets/textures/player/SpaceX.png
10:58:08.719 [FXGL Background Thread 4 ] INFO  FXGLApplication      - Game initialization took: 0.026 sec
10:58:08.755 [JavaFX Application Thread] DEBUG FXGLApplication      - Registering font factories with UI factory
10:58:08.812 [JavaFX Application Thread] DEBUG Input                - Clearing active input actions
10:58:08.823 [JavaFX Application Thread] DEBUG GameApplicationServi - Removing overlay from FXGLLoadingScene and adding to GameScene
10:58:08.824 [JavaFX Application Thread] DEBUG PrimaryStageWindow   - FXGLLoadingScene -> GameScene
10:58:11.612 [FXGL Background Thread 3 ] DEBUG Engine               - Logging environment variables
10:58:11.614 [FXGL Background Thread 3 ] DEBUG Engine               - achievements: []
10:58:11.614 [FXGL Background Thread 3 ] DEBUG Engine               - actualHeight: 600.0
10:58:11.614 [FXGL Background Thread 3 ] DEBUG Engine               - actualHeightProperty: ReadOnlyDoubleProperty [value: 600.0]
10:58:11.615 [FXGL Background Thread 3 ] DEBUG Engine               - actualWidth: 450.0
10:58:11.615 [FXGL Background Thread 3 ] DEBUG Engine               - actualWidthProperty: ReadOnlyDoubleProperty [value: 450.0]
10:58:11.615 [FXGL Background Thread 3 ] DEBUG Engine               - appIcon: icon/spacex-invader-favicon-black.png
10:58:11.615 [FXGL Background Thread 3 ] DEBUG Engine               - applicationMode: DEVELOPER
10:58:11.616 [FXGL Background Thread 3 ] DEBUG Engine               - cSSList: [fxgl_dark.css]
10:58:11.616 [FXGL Background Thread 3 ] DEBUG Engine               - collisionDetectionStrategy: BRUTE_FORCE
10:58:11.616 [FXGL Background Thread 3 ] DEBUG Engine               - configClass: Optional.empty
10:58:11.617 [FXGL Background Thread 3 ] DEBUG Engine               - credits: []
10:58:11.617 [FXGL Background Thread 3 ] DEBUG Engine               - defaultCursor: CursorInfo(imageName=fxgl_default_cursor.png, hotspotX=7.0, hotspotY=6.0)
10:58:11.618 [FXGL Background Thread 3 ] DEBUG Engine               - devBBoxColorProperty: ObjectProperty [value: 0xff0000ff]
10:58:11.618 [FXGL Background Thread 3 ] DEBUG Engine               - devEnableDebugCameraProperty: BooleanProperty [value: false]
10:58:11.618 [FXGL Background Thread 3 ] DEBUG Engine               - devSensorColorProperty: ObjectProperty [value: 0xffff00ff]
10:58:11.618 [FXGL Background Thread 3 ] DEBUG Engine               - devShowBBoxProperty: BooleanProperty [value: false]
10:58:11.619 [FXGL Background Thread 3 ] DEBUG Engine               - devShowPositionProperty: BooleanProperty [value: false]
10:58:11.619 [FXGL Background Thread 3 ] DEBUG Engine               - enabledMenuItems: []
10:58:11.619 [FXGL Background Thread 3 ] DEBUG Engine               - engineServices: [class com.almasb.fxgl.app.services.FXGLAssetLoaderService, class com.almasb.fxgl.app.FXGLApplication$GameApplicationService, class com.almasb.fxgl.app.services.FXGLDialogService, class com.almasb.fxgl.app.services.IOTaskExecutorService, class com.almasb.fxgl.io.FileSystemService, class com.almasb.fxgl.localization.LocalizationService, class com.almasb.fxgl.app.services.SystemBundleService, class com.almasb.fxgl.profile.SaveLoadService, class com.almasb.fxgl.ui.FXGLUIFactoryServiceProvider, class com.almasb.fxgl.ui.FXGLDialogFactoryServiceProvider, class com.almasb.fxgl.audio.AudioPlayer, class com.almasb.fxgl.notification.impl.NotificationServiceProvider, class com.almasb.fxgl.achievement.AchievementService, class com.almasb.fxgl.cutscene.CutsceneService, class com.almasb.fxgl.minigames.MiniGameService, class com.almasb.fxgl.net.NetService, class com.almasb.fxgl.app.services.UpdaterService, class com.almasb.fxgl.dev.DevService]
10:58:11.619 [FXGL Background Thread 3 ] DEBUG Engine               - fontGame: Abel-Regular.ttf
10:58:11.619 [FXGL Background Thread 3 ] DEBUG Engine               - fontMono: TerminalLandMono-Regular.otf
10:58:11.619 [FXGL Background Thread 3 ] DEBUG Engine               - fontText: Courier-Prime.ttf
10:58:11.619 [FXGL Background Thread 3 ] DEBUG Engine               - fontUI: VarelaRound-Regular.ttf
10:58:11.620 [FXGL Background Thread 3 ] DEBUG Engine               - fullScreen: BooleanProperty [value: false]
10:58:11.620 [FXGL Background Thread 3 ] DEBUG Engine               - gameDifficulty: MEDIUM
10:58:11.620 [FXGL Background Thread 3 ] DEBUG Engine               - gameDifficultyProperty: ObjectProperty [value: MEDIUM]
10:58:11.620 [FXGL Background Thread 3 ] DEBUG Engine               - globalMusicVolume: 0.5
10:58:11.620 [FXGL Background Thread 3 ] DEBUG Engine               - globalMusicVolumeProperty: DoubleProperty [value: 0.5]
10:58:11.621 [FXGL Background Thread 3 ] DEBUG Engine               - globalSoundVolume: 0.5
10:58:11.621 [FXGL Background Thread 3 ] DEBUG Engine               - globalSoundVolumeProperty: DoubleProperty [value: 0.5]
10:58:11.621 [FXGL Background Thread 3 ] DEBUG Engine               - height: 600
10:58:11.621 [FXGL Background Thread 3 ] DEBUG Engine               - is3D: false
10:58:11.621 [FXGL Background Thread 3 ] DEBUG Engine               - isAndroid: false
10:58:11.621 [FXGL Background Thread 3 ] DEBUG Engine               - isBrowser: false
10:58:11.621 [FXGL Background Thread 3 ] DEBUG Engine               - isClickFeedbackEnabled: false
10:58:11.622 [FXGL Background Thread 3 ] DEBUG Engine               - isCloseConfirmation: false
10:58:11.622 [FXGL Background Thread 3 ] DEBUG Engine               - isDesktop: true
10:58:11.622 [FXGL Background Thread 3 ] DEBUG Engine               - isDeveloperMenuEnabled: false
10:58:11.622 [FXGL Background Thread 3 ] DEBUG Engine               - isEmbedded: false
10:58:11.622 [FXGL Background Thread 3 ] DEBUG Engine               - isEntityPreloadEnabled: true
10:58:11.623 [FXGL Background Thread 3 ] DEBUG Engine               - isExperimentalTiledLargeMap: false
10:58:11.623 [FXGL Background Thread 3 ] DEBUG Engine               - isFileSystemWriteAllowed: true
10:58:11.623 [FXGL Background Thread 3 ] DEBUG Engine               - isFullScreenAllowed: false
10:58:11.623 [FXGL Background Thread 3 ] DEBUG Engine               - isFullScreenFromStart: false
10:58:11.623 [FXGL Background Thread 3 ] DEBUG Engine               - isGameMenuEnabled: true
10:58:11.624 [FXGL Background Thread 3 ] DEBUG Engine               - isIOS: false
10:58:11.624 [FXGL Background Thread 3 ] DEBUG Engine               - isIntroEnabled: false
10:58:11.624 [FXGL Background Thread 3 ] DEBUG Engine               - isLinux: false
10:58:11.625 [FXGL Background Thread 3 ] DEBUG Engine               - isMac: true
10:58:11.625 [FXGL Background Thread 3 ] DEBUG Engine               - isMainMenuEnabled: false
10:58:11.625 [FXGL Background Thread 3 ] DEBUG Engine               - isManualResizeEnabled: false
10:58:11.625 [FXGL Background Thread 3 ] DEBUG Engine               - isMobile: false
10:58:11.626 [FXGL Background Thread 3 ] DEBUG Engine               - isNative: false
10:58:11.626 [FXGL Background Thread 3 ] DEBUG Engine               - isPauseMusicWhenMinimized: true
10:58:11.626 [FXGL Background Thread 3 ] DEBUG Engine               - isPreserveResizeRatio: false
10:58:11.626 [FXGL Background Thread 3 ] DEBUG Engine               - isProfilingEnabled: false
10:58:11.627 [FXGL Background Thread 3 ] DEBUG Engine               - isScaleAffectedOnResize: true
10:58:11.627 [FXGL Background Thread 3 ] DEBUG Engine               - isSingleStep: false
10:58:11.627 [FXGL Background Thread 3 ] DEBUG Engine               - isUserProfileEnabled: false
10:58:11.627 [FXGL Background Thread 3 ] DEBUG Engine               - isWindows: false
10:58:11.628 [FXGL Background Thread 3 ] DEBUG Engine               - language: ObjectProperty [value: ENGLISH]
10:58:11.628 [FXGL Background Thread 3 ] DEBUG Engine               - menuKey: ESCAPE
10:58:11.628 [FXGL Background Thread 3 ] DEBUG Engine               - mouseSensitivity: 0.2
10:58:11.628 [FXGL Background Thread 3 ] DEBUG Engine               - notificationViewClass: class com.almasb.fxgl.notification.view.XboxNotificationView
10:58:11.628 [FXGL Background Thread 3 ] DEBUG Engine               - pixelsPerMeter: 50.0
10:58:11.628 [FXGL Background Thread 3 ] DEBUG Engine               - platform: MAC
10:58:11.628 [FXGL Background Thread 3 ] DEBUG Engine               - prefHeightProperty: ReadOnlyDoubleProperty [value: 600.0]
10:58:11.629 [FXGL Background Thread 3 ] DEBUG Engine               - prefWidthProperty: ReadOnlyDoubleProperty [value: 450.0]
10:58:11.629 [FXGL Background Thread 3 ] DEBUG Engine               - profileDir: profiles/
10:58:11.629 [FXGL Background Thread 3 ] DEBUG Engine               - profileName: StringProperty [value: DEFAULT]
10:58:11.629 [FXGL Background Thread 3 ] DEBUG Engine               - randomSeed: -1
10:58:11.629 [FXGL Background Thread 3 ] DEBUG Engine               - runtimeInfo: RuntimeInfo(platform=MAC, version=17.2, build=20.08.2022 16.50)
10:58:11.629 [FXGL Background Thread 3 ] DEBUG Engine               - saveFileExt: sav
10:58:11.630 [FXGL Background Thread 3 ] DEBUG Engine               - scaledHeightProp$fxgl: DoubleProperty [bound, value: 600.0]
10:58:11.630 [FXGL Background Thread 3 ] DEBUG Engine               - scaledWidthProp$fxgl: DoubleProperty [bound, value: 450.0]
10:58:11.630 [FXGL Background Thread 3 ] DEBUG Engine               - sceneFactory: com.almasb.fxgl.app.scene.SceneFactory@453e14b4
10:58:11.630 [FXGL Background Thread 3 ] DEBUG Engine               - secondsIn24h: 60
10:58:11.630 [FXGL Background Thread 3 ] DEBUG Engine               - soundMenuBack: menu/back.wav
10:58:11.630 [FXGL Background Thread 3 ] DEBUG Engine               - soundMenuPress: menu/press.wav
10:58:11.631 [FXGL Background Thread 3 ] DEBUG Engine               - soundMenuSelect: menu/select.wav
10:58:11.631 [FXGL Background Thread 3 ] DEBUG Engine               - soundNotification: core/notification.wav
10:58:11.631 [FXGL Background Thread 3 ] DEBUG Engine               - stageStyle: DECORATED
10:58:11.631 [FXGL Background Thread 3 ] DEBUG Engine               - supportedLanguages: [ENGLISH, FRENCH, GERMAN, HUNGARIAN, RUSSIAN]
10:58:11.631 [FXGL Background Thread 3 ] DEBUG Engine               - ticksPerSecond: -1
10:58:11.631 [FXGL Background Thread 3 ] DEBUG Engine               - title: SpaceX Invader
10:58:11.631 [FXGL Background Thread 3 ] DEBUG Engine               - urlGithub: https://github.com/AlmasB/FXGL
10:58:11.631 [FXGL Background Thread 3 ] DEBUG Engine               - urlLeaderboard: http://fxgl-top.herokuapp.com/
10:58:11.632 [FXGL Background Thread 3 ] DEBUG Engine               - urlPOM: https://raw.githubusercontent.com/AlmasB/FXGL/release/README.md
10:58:11.632 [FXGL Background Thread 3 ] DEBUG Engine               - userAppClass: class com.ood.spacexinvader.GameStart
10:58:11.632 [FXGL Background Thread 3 ] DEBUG Engine               - version: 0.0
10:58:11.632 [FXGL Background Thread 3 ] DEBUG Engine               - versionCheckDays: 7
10:58:11.632 [FXGL Background Thread 3 ] DEBUG Engine               - width: 450
10:58:11.632 [FXGL Background Thread 3 ] DEBUG Engine               - Logging services
10:58:11.632 [FXGL Background Thread 3 ] DEBUG Engine               - class com.almasb.fxgl.app.services.FXGLAssetLoaderService
10:58:11.633 [FXGL Background Thread 3 ] DEBUG Engine               - class com.almasb.fxgl.app.FXGLApplication$GameApplicationService
10:58:11.633 [FXGL Background Thread 3 ] DEBUG Engine               - class com.almasb.fxgl.app.services.FXGLDialogService
10:58:11.633 [FXGL Background Thread 3 ] DEBUG Engine               - class com.almasb.fxgl.app.services.IOTaskExecutorService
10:58:11.633 [FXGL Background Thread 3 ] DEBUG Engine               - class com.almasb.fxgl.io.FileSystemService
10:58:11.633 [FXGL Background Thread 3 ] DEBUG Engine               - class com.almasb.fxgl.localization.LocalizationService
10:58:11.633 [FXGL Background Thread 3 ] DEBUG Engine               - class com.almasb.fxgl.app.services.SystemBundleService
10:58:11.633 [FXGL Background Thread 3 ] DEBUG Engine               - class com.almasb.fxgl.profile.SaveLoadService
10:58:11.633 [FXGL Background Thread 3 ] DEBUG Engine               - class com.almasb.fxgl.ui.FXGLUIFactoryServiceProvider
10:58:11.633 [FXGL Background Thread 3 ] DEBUG Engine               - class com.almasb.fxgl.ui.FXGLDialogFactoryServiceProvider
10:58:11.633 [FXGL Background Thread 3 ] DEBUG Engine               - class com.almasb.fxgl.audio.AudioPlayer
10:58:11.634 [FXGL Background Thread 3 ] DEBUG Engine               - class com.almasb.fxgl.notification.impl.NotificationServiceProvider
10:58:11.634 [FXGL Background Thread 3 ] DEBUG Engine               - class com.almasb.fxgl.achievement.AchievementService
10:58:11.634 [FXGL Background Thread 3 ] DEBUG Engine               - class com.almasb.fxgl.cutscene.CutsceneService
10:58:11.634 [FXGL Background Thread 3 ] DEBUG Engine               - class com.almasb.fxgl.minigames.MiniGameService
10:58:11.634 [FXGL Background Thread 3 ] DEBUG Engine               - class com.almasb.fxgl.net.NetService
10:58:11.634 [FXGL Background Thread 3 ] DEBUG Engine               - class com.almasb.fxgl.app.services.UpdaterService
10:58:11.634 [FXGL Background Thread 3 ] DEBUG Engine               - class com.almasb.fxgl.dev.DevService
10:58:11.730 [JavaFX Application Thread] DEBUG FXGLApplication      - Exiting FXGL
10:58:11.730 [JavaFX Application Thread] DEBUG LoopRunner           - Stopping loop
10:58:11.730 [JavaFX Application Thread] DEBUG SystemBundleService  - Saving FXGL system data
10:58:11.733 [JavaFX Application Thread] DEBUG FileSystemAccess     - Writing to: /Users/leowong/IdeaProjects/SpaceX-Invader/system/fxgl.bundle
10:58:11.735 [JavaFX Application Thread] DEBUG Async                - Shutting down background threads
10:58:11.736 [JavaFX Application Thread] DEBUG PrimaryStageWindow   - Closing main window
10:58:11.747 [JavaFX Application Thread] DEBUG Logger               - Closing Logger
