14:58:06.143 [main                     ] DEBUG Logger               - Configured Logger
14:58:06.157 [main                     ] DEBUG GameApplication      - Logging settings
Title: SpaceX Invader
Version: 0.0
Width: 450
Height: 600
Fullscreen: false
Intro: false
Profiling: false
Single step:false
App Mode: DEVELOPER
Menu Key: ESCAPE
Stage Style: DECORATED
Scene Factory: class com.ood.spacexinvader.GameStart$1

14:58:06.390 [JavaFX Application Thread] DEBUG FXGLApplication      - Initializing FXGL
14:58:06.393 [JavaFX Application Thread] INFO  Engine               - FXGL-17.2 (20.08.2022 16.50) on MAC (J:17.0.4.1 FX:17.0.2-ea)
14:58:06.394 [JavaFX Application Thread] DEBUG Engine               - JRE Vendor Name: Oracle Corporation
14:58:06.394 [JavaFX Application Thread] DEBUG Engine               - Running on OS: Mac OS X version 13.0.1
14:58:06.394 [JavaFX Application Thread] DEBUG Engine               - Architecture: aarch64
14:58:06.394 [JavaFX Application Thread] INFO  Engine               - Source code and latest versions at: https://github.com/AlmasB/FXGL
14:58:06.394 [JavaFX Application Thread] INFO  Engine               -       Ask questions and discuss at: https://github.com/AlmasB/FXGL/discussions
14:58:06.394 [JavaFX Application Thread] INFO  Engine               -              Join the FXGL chat at: https://gitter.im/AlmasB/FXGL
14:58:06.432 [JavaFX Application Thread] DEBUG PrimaryStageWindow   - Creating a JavaFX scene
14:58:06.451 [JavaFX Application Thread] DEBUG PrimaryStageWindow   - Target settings size: 450.0 x 600.0
14:58:06.451 [JavaFX Application Thread] DEBUG PrimaryStageWindow   - Scaled scene size:    450.0 x 600.0
14:58:06.452 [JavaFX Application Thread] DEBUG PrimaryStageWindow   - Scaled ratio: (1.0, 1.0)
14:58:06.452 [JavaFX Application Thread] DEBUG PrimaryStageWindow   - Set initial scene to FXGLStartupScene
14:58:06.455 [JavaFX Application Thread] DEBUG PrimaryStageWindow   - Opening main window
14:58:06.489 [JavaFX Application Thread] DEBUG PrimaryStageWindow   - Window border size: (0.0, 28.0)
14:58:06.490 [JavaFX Application Thread] DEBUG PrimaryStageWindow   - Scaled size: 450.0 x 600.0
14:58:06.490 [JavaFX Application Thread] DEBUG PrimaryStageWindow   - Scaled ratio: (1.0, 1.0)
14:58:06.490 [JavaFX Application Thread] DEBUG PrimaryStageWindow   - Scene size: 450.0 x 600.0
14:58:06.490 [JavaFX Application Thread] DEBUG PrimaryStageWindow   - Stage size: 450.0 x 628.0
14:58:06.493 [FXGL Background Thread 1 ] DEBUG Engine               - Initializing environment variables
14:58:06.506 [FXGL Background Thread 1 ] DEBUG FXGLAssetLoaderServi - User app class for loading assets: class com.ood.spacexinvader.GameStart
14:58:06.506 [FXGL Background Thread 1 ] DEBUG GameApplicationServi - Applying CSS: fxgl_dark.css
14:58:06.506 [FXGL Background Thread 1 ] DEBUG FXGLAssetLoaderServi - Loading from file system: jar:file:///Users/hiimecho/.gradle/caches/modules-2/files-2.1/com.github.almasb/fxgl/17.2/35db6ae960eec2dcfd19262d3b7f9c42f0e95bc3/fxgl-17.2.jar!/fxglassets/ui/css/fxgl_dark.css
14:58:06.529 [FXGL Background Thread 1 ] DEBUG GameApplicationServi - Initializing application scenes
14:58:06.600 [FXGL Background Thread 1 ] DEBUG GameWorld            - Game world initialized
14:58:06.626 [FXGL Background Thread 1 ] DEBUG PhysicsWorld         - Physics world initialized: appHeight=600, physics.ppm=50.0
14:58:06.626 [FXGL Background Thread 1 ] DEBUG PhysicsWorld         - Using strategy: BRUTE_FORCE
14:58:06.628 [FXGL Background Thread 1 ] DEBUG GameScene            - Game scene initialized: 450x600
14:58:06.645 [FXGL Background Thread 1 ] DEBUG GameApplicationServi - Application scenes initialized
14:58:06.653 [FXGL Background Thread 1 ] DEBUG SystemBundleService  - Loading FXGL system data
14:58:06.656 [FXGL Background Thread 1 ] DEBUG FileSystemAccess     - Reading from: /Users/hiimecho/Documents/Coding/Java/Coding/SpaceX-Invader/system/fxgl.bundle
14:58:06.661 [FXGL Background Thread 1 ] DEBUG SystemBundleService  - Bundle FXGL: {}
14:58:06.661 [FXGL Background Thread 1 ] DEBUG UpdaterService       - Checking for updates
14:58:06.664 [FXGL Background Thread 4 ] DEBUG FXGLApplication      - Loading fonts
14:58:06.664 [FXGL Background Thread 4 ] DEBUG FXGLAssetLoaderServi - Loading from file system: jar:file:///Users/hiimecho/.gradle/caches/modules-2/files-2.1/com.github.almasb/fxgl/17.2/35db6ae960eec2dcfd19262d3b7f9c42f0e95bc3/fxgl-17.2.jar!/fxglassets/ui/fonts/VarelaRound-Regular.ttf
14:58:06.665 [FXGL Background Thread 1 ] DEBUG FXGLApplication      - Loading default localization
14:58:06.665 [FXGL Background Thread 1 ] DEBUG FXGLAssetLoaderServi - Loading from file system: jar:file:///Users/hiimecho/.gradle/caches/modules-2/files-2.1/com.github.almasb/fxgl/17.2/35db6ae960eec2dcfd19262d3b7f9c42f0e95bc3/fxgl-17.2.jar!/fxglassets/languages/english.lang
14:58:06.686 [FXGL Background Thread 4 ] DEBUG FXGLAssetLoaderServi - Loading from file system: jar:file:///Users/hiimecho/.gradle/caches/modules-2/files-2.1/com.github.almasb/fxgl/17.2/35db6ae960eec2dcfd19262d3b7f9c42f0e95bc3/fxgl-17.2.jar!/fxglassets/ui/fonts/Abel-Regular.ttf
14:58:06.688 [FXGL Background Thread 1 ] INFO  FXGLApplication      - FXGL initialization took: 0.194 sec
14:58:06.689 [FXGL Background Thread 4 ] DEBUG FXGLAssetLoaderServi - Loading from file system: jar:file:///Users/hiimecho/.gradle/caches/modules-2/files-2.1/com.github.almasb/fxgl/17.2/35db6ae960eec2dcfd19262d3b7f9c42f0e95bc3/fxgl-17.2.jar!/fxglassets/ui/fonts/TerminalLandMono-Regular.otf
14:58:06.690 [FXGL Background Thread 4 ] DEBUG FXGLAssetLoaderServi - Loading from file system: jar:file:///Users/hiimecho/.gradle/caches/modules-2/files-2.1/com.github.almasb/fxgl/17.2/35db6ae960eec2dcfd19262d3b7f9c42f0e95bc3/fxgl-17.2.jar!/fxglassets/ui/fonts/Courier-Prime.ttf
14:58:06.692 [JavaFX Application Thread] DEBUG Input                - Registered new binding: Left - A
14:58:06.692 [JavaFX Application Thread] DEBUG Input                - Registered new binding: Right - D
14:58:06.692 [JavaFX Application Thread] DEBUG Input                - Registered new binding: Shoot - J
14:58:06.692 [JavaFX Application Thread] DEBUG FXGLAssetLoaderServi - Loading from file system: jar:file:///Users/hiimecho/Documents/Coding/Java/Coding/SpaceX-Invader/build/libs/SpaceX-Invader-1.0-SNAPSHOT.jar!/assets/textures/icon/spacex-invader-favicon-black.png
14:58:06.713 [JavaFX Application Thread] DEBUG FXGLAssetLoaderServi - Loading from file system: jar:file:///Users/hiimecho/.gradle/caches/modules-2/files-2.1/com.github.almasb/fxgl/17.2/35db6ae960eec2dcfd19262d3b7f9c42f0e95bc3/fxgl-17.2.jar!/fxglassets/textures/fxgl_default_cursor.png
14:58:06.714 [JavaFX Application Thread] DEBUG Input                - Registered new binding: Screenshot - CTRL+8
14:58:06.715 [JavaFX Application Thread] DEBUG Input                - Registered new binding: System info dump - CTRL+9
14:58:06.715 [JavaFX Application Thread] DEBUG Input                - Registered new binding: Restart - CTRL+R
14:58:06.715 [JavaFX Application Thread] DEBUG Input                - Registered new binding: Toggle Debug Camera - CTRL+7
14:58:06.716 [JavaFX Application Thread] DEBUG LoopRunner           - Starting loop
14:58:06.716 [JavaFX Application Thread] DEBUG LoopRunner           - Initializing JavaFX AnimationTimerLoop
14:58:06.718 [JavaFX Application Thread] DEBUG Input                - Clearing active input actions
14:58:06.722 [JavaFX Application Thread] DEBUG GameApplicationServi - Removing overlay from FXGLStartupScene and adding to FXGLMainMenuDummyScene
14:58:06.722 [JavaFX Application Thread] DEBUG PrimaryStageWindow   - FXGLStartupScene -> FXGLMainMenuDummyScene
14:58:06.722 [JavaFX Application Thread] DEBUG PrimaryStageWindow   - Push state: MainMenu
14:58:06.722 [JavaFX Application Thread] DEBUG Input                - Clearing active input actions
14:58:06.725 [JavaFX Application Thread] DEBUG GameApplicationServi - Removing overlay from FXGLMainMenuDummyScene and adding to MainMenu
14:58:06.726 [JavaFX Application Thread] DEBUG PrimaryStageWindow   - FXGLMainMenuDummyScene -> MainMenu
14:58:06.745 [JavaFX Application Thread] DEBUG FXGLApplication      - Registering font factories with UI factory
14:58:08.096 [JavaFX Application Thread] DEBUG Menu                 - fireExit()
14:58:08.104 [JavaFX Application Thread] DEBUG PrimaryStageWindow   - Push state: DialogSubScene
14:58:08.105 [JavaFX Application Thread] DEBUG Input                - Clearing active input actions
14:58:08.106 [JavaFX Application Thread] DEBUG GameApplicationServi - Removing overlay from MainMenu and adding to DialogSubScene
14:58:08.106 [JavaFX Application Thread] DEBUG PrimaryStageWindow   - MainMenu -> DialogSubScene
14:58:08.781 [JavaFX Application Thread] DEBUG PrimaryStageWindow   - Pop state: DialogSubScene
14:58:08.782 [JavaFX Application Thread] DEBUG Input                - Clearing active input actions
14:58:08.784 [JavaFX Application Thread] DEBUG GameApplicationServi - Removing overlay from DialogSubScene and adding to MainMenu
14:58:08.784 [JavaFX Application Thread] DEBUG PrimaryStageWindow   - MainMenu <- DialogSubScene
14:58:08.785 [JavaFX Application Thread] DEBUG FXGLApplication      - Exiting FXGL
14:58:08.785 [JavaFX Application Thread] DEBUG LoopRunner           - Stopping loop
14:58:08.785 [JavaFX Application Thread] DEBUG SystemBundleService  - Saving FXGL system data
14:58:08.787 [JavaFX Application Thread] DEBUG FileSystemAccess     - Writing to: /Users/hiimecho/Documents/Coding/Java/Coding/SpaceX-Invader/system/fxgl.bundle
14:58:08.790 [JavaFX Application Thread] DEBUG Async                - Shutting down background threads
14:58:08.790 [JavaFX Application Thread] DEBUG PrimaryStageWindow   - Closing main window
14:58:08.800 [JavaFX Application Thread] DEBUG Logger               - Closing Logger
