16:11:18.854 [main                     ] DEBUG Logger               - Configured Logger
16:11:18.891 [main                     ] DEBUG GameApplication      - Logging settings
Title: SpaceX Invader
Version: 0.0
Width: 450
Height: 600
Fullscreen: false
Intro: false
Profiling: false
Single step:false
App Mode: DEVELOPER
Menu Key: ESCAPE
Stage Style: DECORATED
Scene Factory: class com.ood.spacexinvader.GameStart$1

16:11:19.437 [JavaFX Application Thread] DEBUG FXGLApplication      - Initializing FXGL
16:11:19.444 [JavaFX Application Thread] INFO  Engine               - FXGL-17.2 (20.08.2022 16.50) on MAC (J:17.0.3 FX:17.0.2-ea)
16:11:19.445 [JavaFX Application Thread] DEBUG Engine               - JRE Vendor Name: Eclipse Adoptium
16:11:19.445 [JavaFX Application Thread] DEBUG Engine               - Running on OS: Mac OS X version 13.1
16:11:19.445 [JavaFX Application Thread] DEBUG Engine               - Architecture: x86_64
16:11:19.445 [JavaFX Application Thread] INFO  Engine               - Source code and latest versions at: https://github.com/AlmasB/FXGL
16:11:19.446 [JavaFX Application Thread] INFO  Engine               -       Ask questions and discuss at: https://github.com/AlmasB/FXGL/discussions
16:11:19.446 [JavaFX Application Thread] INFO  Engine               -              Join the FXGL chat at: https://gitter.im/AlmasB/FXGL
16:11:19.572 [JavaFX Application Thread] DEBUG PrimaryStageWindow   - Creating a JavaFX scene
16:11:19.640 [JavaFX Application Thread] DEBUG PrimaryStageWindow   - Target settings size: 450.0 x 600.0
16:11:19.640 [JavaFX Application Thread] DEBUG PrimaryStageWindow   - Scaled scene size:    450.0 x 600.0
16:11:19.641 [JavaFX Application Thread] DEBUG PrimaryStageWindow   - Scaled ratio: (1.0, 1.0)
16:11:19.643 [JavaFX Application Thread] DEBUG PrimaryStageWindow   - Set initial scene to FXGLStartupScene
16:11:19.654 [JavaFX Application Thread] DEBUG PrimaryStageWindow   - Opening main window
16:11:19.766 [JavaFX Application Thread] DEBUG PrimaryStageWindow   - Window border size: (0.0, 28.0)
16:11:19.766 [JavaFX Application Thread] DEBUG PrimaryStageWindow   - Scaled size: 450.0 x 600.0
16:11:19.767 [JavaFX Application Thread] DEBUG PrimaryStageWindow   - Scaled ratio: (1.0, 1.0)
16:11:19.767 [JavaFX Application Thread] DEBUG PrimaryStageWindow   - Scene size: 450.0 x 600.0
16:11:19.767 [JavaFX Application Thread] DEBUG PrimaryStageWindow   - Stage size: 450.0 x 628.0
16:11:19.774 [FXGL Background Thread 1 ] DEBUG Engine               - Initializing environment variables
16:11:19.821 [FXGL Background Thread 1 ] DEBUG FXGLAssetLoaderServi - User app class for loading assets: class com.ood.spacexinvader.GameStart
16:11:19.822 [FXGL Background Thread 1 ] DEBUG GameApplicationServi - Applying CSS: fxgl_dark.css
16:11:19.824 [FXGL Background Thread 1 ] DEBUG FXGLAssetLoaderServi - Loading from file system: jar:file:///Users/leowong/.gradle/caches/modules-2/files-2.1/com.github.almasb/fxgl/17.2/35db6ae960eec2dcfd19262d3b7f9c42f0e95bc3/fxgl-17.2.jar!/fxglassets/ui/css/fxgl_dark.css
16:11:19.893 [FXGL Background Thread 1 ] DEBUG GameApplicationServi - Initializing application scenes
16:11:20.417 [FXGL Background Thread 1 ] DEBUG GameWorld            - Game world initialized
16:11:20.482 [FXGL Background Thread 1 ] DEBUG PhysicsWorld         - Physics world initialized: appHeight=600, physics.ppm=50.0
16:11:20.482 [FXGL Background Thread 1 ] DEBUG PhysicsWorld         - Using strategy: BRUTE_FORCE
16:11:20.489 [FXGL Background Thread 1 ] DEBUG GameScene            - Game scene initialized: 450x600
16:11:20.543 [FXGL Background Thread 1 ] DEBUG GameApplicationServi - Application scenes initialized
16:11:20.567 [FXGL Background Thread 1 ] DEBUG SystemBundleService  - Loading FXGL system data
16:11:20.578 [FXGL Background Thread 1 ] DEBUG FileSystemAccess     - Reading from: /Users/leowong/IdeaProjects/SpaceX-Invader/system/fxgl.bundle
16:11:20.594 [FXGL Background Thread 1 ] DEBUG SystemBundleService  - Bundle FXGL: {}
16:11:20.595 [FXGL Background Thread 1 ] DEBUG UpdaterService       - Checking for updates
16:11:20.606 [FXGL Background Thread 4 ] DEBUG FXGLApplication      - Loading fonts
16:11:20.606 [FXGL Background Thread 4 ] DEBUG FXGLAssetLoaderServi - Loading from file system: jar:file:///Users/leowong/.gradle/caches/modules-2/files-2.1/com.github.almasb/fxgl/17.2/35db6ae960eec2dcfd19262d3b7f9c42f0e95bc3/fxgl-17.2.jar!/fxglassets/ui/fonts/VarelaRound-Regular.ttf
16:11:20.607 [FXGL Background Thread 1 ] DEBUG FXGLApplication      - Loading default localization
16:11:20.607 [FXGL Background Thread 1 ] DEBUG FXGLAssetLoaderServi - Loading from file system: jar:file:///Users/leowong/.gradle/caches/modules-2/files-2.1/com.github.almasb/fxgl/17.2/35db6ae960eec2dcfd19262d3b7f9c42f0e95bc3/fxgl-17.2.jar!/fxglassets/languages/english.lang
16:11:20.638 [FXGL Background Thread 4 ] DEBUG FXGLAssetLoaderServi - Loading from file system: jar:file:///Users/leowong/.gradle/caches/modules-2/files-2.1/com.github.almasb/fxgl/17.2/35db6ae960eec2dcfd19262d3b7f9c42f0e95bc3/fxgl-17.2.jar!/fxglassets/ui/fonts/Abel-Regular.ttf
16:11:20.642 [FXGL Background Thread 1 ] INFO  FXGLApplication      - FXGL initialization took: 0.867 sec
16:11:20.645 [FXGL Background Thread 4 ] DEBUG FXGLAssetLoaderServi - Loading from file system: jar:file:///Users/leowong/.gradle/caches/modules-2/files-2.1/com.github.almasb/fxgl/17.2/35db6ae960eec2dcfd19262d3b7f9c42f0e95bc3/fxgl-17.2.jar!/fxglassets/ui/fonts/TerminalLandMono-Regular.otf
16:11:20.654 [FXGL Background Thread 4 ] DEBUG FXGLAssetLoaderServi - Loading from file system: jar:file:///Users/leowong/.gradle/caches/modules-2/files-2.1/com.github.almasb/fxgl/17.2/35db6ae960eec2dcfd19262d3b7f9c42f0e95bc3/fxgl-17.2.jar!/fxglassets/ui/fonts/Courier-Prime.ttf
16:11:20.658 [JavaFX Application Thread] DEBUG Input                - Registered new binding: Left - A
16:11:20.659 [JavaFX Application Thread] DEBUG Input                - Registered new binding: Right - D
16:11:20.659 [JavaFX Application Thread] DEBUG Input                - Registered new binding: Shoot - J
16:11:20.660 [JavaFX Application Thread] DEBUG FXGLAssetLoaderServi - Loading from file system: jar:file:///Users/leowong/IdeaProjects/SpaceX-Invader/build/libs/SpaceX-Invader-1.0-SNAPSHOT.jar!/assets/textures/icon/spacex-invader-favicon-black.png
16:11:20.717 [JavaFX Application Thread] DEBUG FXGLAssetLoaderServi - Loading from file system: jar:file:///Users/leowong/.gradle/caches/modules-2/files-2.1/com.github.almasb/fxgl/17.2/35db6ae960eec2dcfd19262d3b7f9c42f0e95bc3/fxgl-17.2.jar!/fxglassets/textures/fxgl_default_cursor.png
16:11:20.723 [JavaFX Application Thread] DEBUG Input                - Registered new binding: Screenshot - CTRL+8
16:11:20.724 [JavaFX Application Thread] DEBUG Input                - Registered new binding: System info dump - CTRL+9
16:11:20.725 [JavaFX Application Thread] DEBUG Input                - Registered new binding: Restart - CTRL+R
16:11:20.726 [JavaFX Application Thread] DEBUG Input                - Registered new binding: Toggle Debug Camera - CTRL+7
16:11:20.729 [JavaFX Application Thread] DEBUG LoopRunner           - Starting loop
16:11:20.729 [JavaFX Application Thread] DEBUG LoopRunner           - Initializing JavaFX AnimationTimerLoop
16:11:20.732 [JavaFX Application Thread] DEBUG Input                - Clearing active input actions
16:11:20.746 [JavaFX Application Thread] DEBUG GameApplicationServi - Removing overlay from FXGLStartupScene and adding to FXGLMainMenuDummyScene
16:11:20.747 [JavaFX Application Thread] DEBUG PrimaryStageWindow   - FXGLStartupScene -> FXGLMainMenuDummyScene
16:11:20.747 [JavaFX Application Thread] DEBUG PrimaryStageWindow   - Push state: MainMenu
16:11:20.747 [JavaFX Application Thread] DEBUG Input                - Clearing active input actions
16:11:20.760 [JavaFX Application Thread] DEBUG GameApplicationServi - Removing overlay from FXGLMainMenuDummyScene and adding to MainMenu
16:11:20.761 [JavaFX Application Thread] DEBUG PrimaryStageWindow   - FXGLMainMenuDummyScene -> MainMenu
16:11:20.822 [JavaFX Application Thread] DEBUG FXGLApplication      - Registering font factories with UI factory
16:11:22.927 [JavaFX Application Thread] DEBUG Menu                 - fireNewGame()
16:11:22.927 [JavaFX Application Thread] DEBUG GameApplicationServi - Starting new game
16:11:22.928 [JavaFX Application Thread] DEBUG PrimaryStageWindow   - Pop state: MainMenu
16:11:22.928 [JavaFX Application Thread] DEBUG Input                - Clearing active input actions
16:11:22.929 [JavaFX Application Thread] DEBUG GameApplicationServi - Removing overlay from MainMenu and adding to FXGLMainMenuDummyScene
16:11:22.930 [JavaFX Application Thread] DEBUG PrimaryStageWindow   - FXGLMainMenuDummyScene <- MainMenu
16:11:22.931 [JavaFX Application Thread] DEBUG Input                - Clearing active input actions
16:11:22.939 [JavaFX Application Thread] DEBUG GameApplicationServi - Removing overlay from FXGLMainMenuDummyScene and adding to FXGLLoadingScene
16:11:22.940 [JavaFX Application Thread] DEBUG PrimaryStageWindow   - FXGLMainMenuDummyScene -> FXGLLoadingScene
16:11:22.940 [JavaFX Application Thread] DEBUG GameApplicationServi - Clearing previous game
16:11:22.940 [JavaFX Application Thread] DEBUG GameScene            - Clearing game scene
16:11:22.940 [JavaFX Application Thread] DEBUG GameWorld            - Clearing game world
16:11:22.940 [JavaFX Application Thread] DEBUG PhysicsWorld         - Clearing physics world
16:11:22.942 [FXGL Background Thread 2 ] DEBUG FXGLApplication      - Initializing game
16:11:22.951 [FXGL Background Thread 2 ] DEBUG FXGLAssetLoaderServi - Loading from file system: jar:file:///Users/leowong/IdeaProjects/SpaceX-Invader/build/libs/SpaceX-Invader-1.0-SNAPSHOT.jar!/assets/textures/enemy/alien.png
16:11:23.005 [FXGL Background Thread 2 ] DEBUG FXGLAssetLoaderServi - Loading from file system: jar:file:///Users/leowong/IdeaProjects/SpaceX-Invader/build/libs/SpaceX-Invader-1.0-SNAPSHOT.jar!/assets/textures/player/SpaceX.png
16:11:23.012 [FXGL Background Thread 2 ] INFO  FXGLApplication      - Game initialization took: 0.069 sec
16:11:23.012 [JavaFX Application Thread] DEBUG Input                - Clearing active input actions
16:11:23.020 [JavaFX Application Thread] DEBUG GameApplicationServi - Removing overlay from FXGLLoadingScene and adding to GameScene
16:11:23.021 [JavaFX Application Thread] DEBUG PrimaryStageWindow   - FXGLLoadingScene -> GameScene
16:11:23.607 [FXGL Background Thread 3 ] DEBUG Engine               - Logging environment variables
16:11:23.609 [FXGL Background Thread 3 ] DEBUG Engine               - achievements: []
16:11:23.609 [FXGL Background Thread 3 ] DEBUG Engine               - actualHeight: 600.0
16:11:23.610 [FXGL Background Thread 3 ] DEBUG Engine               - actualHeightProperty: ReadOnlyDoubleProperty [value: 600.0]
16:11:23.610 [FXGL Background Thread 3 ] DEBUG Engine               - actualWidth: 450.0
16:11:23.611 [FXGL Background Thread 3 ] DEBUG Engine               - actualWidthProperty: ReadOnlyDoubleProperty [value: 450.0]
16:11:23.611 [FXGL Background Thread 3 ] DEBUG Engine               - appIcon: icon/spacex-invader-favicon-black.png
16:11:23.611 [FXGL Background Thread 3 ] DEBUG Engine               - applicationMode: DEVELOPER
16:11:23.611 [FXGL Background Thread 3 ] DEBUG Engine               - cSSList: [fxgl_dark.css]
16:11:23.611 [FXGL Background Thread 3 ] DEBUG Engine               - collisionDetectionStrategy: BRUTE_FORCE
16:11:23.612 [FXGL Background Thread 3 ] DEBUG Engine               - configClass: Optional.empty
16:11:23.612 [FXGL Background Thread 3 ] DEBUG Engine               - credits: []
16:11:23.614 [FXGL Background Thread 3 ] DEBUG Engine               - defaultCursor: CursorInfo(imageName=fxgl_default_cursor.png, hotspotX=7.0, hotspotY=6.0)
16:11:23.614 [FXGL Background Thread 3 ] DEBUG Engine               - devBBoxColorProperty: ObjectProperty [value: 0xff0000ff]
16:11:23.615 [FXGL Background Thread 3 ] DEBUG Engine               - devEnableDebugCameraProperty: BooleanProperty [value: false]
16:11:23.615 [FXGL Background Thread 3 ] DEBUG Engine               - devSensorColorProperty: ObjectProperty [value: 0xffff00ff]
16:11:23.615 [FXGL Background Thread 3 ] DEBUG Engine               - devShowBBoxProperty: BooleanProperty [value: false]
16:11:23.616 [FXGL Background Thread 3 ] DEBUG Engine               - devShowPositionProperty: BooleanProperty [value: false]
16:11:23.616 [FXGL Background Thread 3 ] DEBUG Engine               - enabledMenuItems: []
16:11:23.616 [FXGL Background Thread 3 ] DEBUG Engine               - engineServices: [class com.almasb.fxgl.app.services.FXGLAssetLoaderService, class com.almasb.fxgl.app.FXGLApplication$GameApplicationService, class com.almasb.fxgl.app.services.FXGLDialogService, class com.almasb.fxgl.app.services.IOTaskExecutorService, class com.almasb.fxgl.io.FileSystemService, class com.almasb.fxgl.localization.LocalizationService, class com.almasb.fxgl.app.services.SystemBundleService, class com.almasb.fxgl.profile.SaveLoadService, class com.almasb.fxgl.ui.FXGLUIFactoryServiceProvider, class com.almasb.fxgl.ui.FXGLDialogFactoryServiceProvider, class com.almasb.fxgl.audio.AudioPlayer, class com.almasb.fxgl.notification.impl.NotificationServiceProvider, class com.almasb.fxgl.achievement.AchievementService, class com.almasb.fxgl.cutscene.CutsceneService, class com.almasb.fxgl.minigames.MiniGameService, class com.almasb.fxgl.net.NetService, class com.almasb.fxgl.app.services.UpdaterService, class com.almasb.fxgl.dev.DevService]
16:11:23.617 [FXGL Background Thread 3 ] DEBUG Engine               - fontGame: Abel-Regular.ttf
16:11:23.617 [FXGL Background Thread 3 ] DEBUG Engine               - fontMono: TerminalLandMono-Regular.otf
16:11:23.617 [FXGL Background Thread 3 ] DEBUG Engine               - fontText: Courier-Prime.ttf
16:11:23.617 [FXGL Background Thread 3 ] DEBUG Engine               - fontUI: VarelaRound-Regular.ttf
16:11:23.617 [FXGL Background Thread 3 ] DEBUG Engine               - fullScreen: BooleanProperty [value: false]
16:11:23.617 [FXGL Background Thread 3 ] DEBUG Engine               - gameDifficulty: MEDIUM
16:11:23.617 [FXGL Background Thread 3 ] DEBUG Engine               - gameDifficultyProperty: ObjectProperty [value: MEDIUM]
16:11:23.618 [FXGL Background Thread 3 ] DEBUG Engine               - globalMusicVolume: 0.5
16:11:23.618 [FXGL Background Thread 3 ] DEBUG Engine               - globalMusicVolumeProperty: DoubleProperty [value: 0.5]
16:11:23.618 [FXGL Background Thread 3 ] DEBUG Engine               - globalSoundVolume: 0.5
16:11:23.618 [FXGL Background Thread 3 ] DEBUG Engine               - globalSoundVolumeProperty: DoubleProperty [value: 0.5]
16:11:23.618 [FXGL Background Thread 3 ] DEBUG Engine               - height: 600
16:11:23.619 [FXGL Background Thread 3 ] DEBUG Engine               - is3D: false
16:11:23.619 [FXGL Background Thread 3 ] DEBUG Engine               - isAndroid: false
16:11:23.619 [FXGL Background Thread 3 ] DEBUG Engine               - isBrowser: false
16:11:23.619 [FXGL Background Thread 3 ] DEBUG Engine               - isClickFeedbackEnabled: false
16:11:23.619 [FXGL Background Thread 3 ] DEBUG Engine               - isCloseConfirmation: true
16:11:23.619 [FXGL Background Thread 3 ] DEBUG Engine               - isDesktop: true
16:11:23.620 [FXGL Background Thread 3 ] DEBUG Engine               - isDeveloperMenuEnabled: false
16:11:23.620 [FXGL Background Thread 3 ] DEBUG Engine               - isEmbedded: false
16:11:23.620 [FXGL Background Thread 3 ] DEBUG Engine               - isEntityPreloadEnabled: true
16:11:23.620 [FXGL Background Thread 3 ] DEBUG Engine               - isExperimentalTiledLargeMap: false
16:11:23.620 [FXGL Background Thread 3 ] DEBUG Engine               - isFileSystemWriteAllowed: true
16:11:23.620 [FXGL Background Thread 3 ] DEBUG Engine               - isFullScreenAllowed: false
16:11:23.620 [FXGL Background Thread 3 ] DEBUG Engine               - isFullScreenFromStart: false
16:11:23.620 [FXGL Background Thread 3 ] DEBUG Engine               - isGameMenuEnabled: true
16:11:23.621 [FXGL Background Thread 3 ] DEBUG Engine               - isIOS: false
16:11:23.621 [FXGL Background Thread 3 ] DEBUG Engine               - isIntroEnabled: false
16:11:23.621 [FXGL Background Thread 3 ] DEBUG Engine               - isLinux: false
16:11:23.621 [FXGL Background Thread 3 ] DEBUG Engine               - isMac: true
16:11:23.621 [FXGL Background Thread 3 ] DEBUG Engine               - isMainMenuEnabled: true
16:11:23.621 [FXGL Background Thread 3 ] DEBUG Engine               - isManualResizeEnabled: false
16:11:23.621 [FXGL Background Thread 3 ] DEBUG Engine               - isMobile: false
16:11:23.621 [FXGL Background Thread 3 ] DEBUG Engine               - isNative: false
16:11:23.622 [FXGL Background Thread 3 ] DEBUG Engine               - isPauseMusicWhenMinimized: true
16:11:23.622 [FXGL Background Thread 3 ] DEBUG Engine               - isPreserveResizeRatio: false
16:11:23.622 [FXGL Background Thread 3 ] DEBUG Engine               - isProfilingEnabled: false
16:11:23.622 [FXGL Background Thread 3 ] DEBUG Engine               - isScaleAffectedOnResize: true
16:11:23.622 [FXGL Background Thread 3 ] DEBUG Engine               - isSingleStep: false
16:11:23.622 [FXGL Background Thread 3 ] DEBUG Engine               - isUserProfileEnabled: false
16:11:23.622 [FXGL Background Thread 3 ] DEBUG Engine               - isWindows: false
16:11:23.623 [FXGL Background Thread 3 ] DEBUG Engine               - language: ObjectProperty [value: ENGLISH]
16:11:23.623 [FXGL Background Thread 3 ] DEBUG Engine               - menuKey: ESCAPE
16:11:23.623 [FXGL Background Thread 3 ] DEBUG Engine               - mouseSensitivity: 0.2
16:11:23.623 [FXGL Background Thread 3 ] DEBUG Engine               - notificationViewClass: class com.almasb.fxgl.notification.view.XboxNotificationView
16:11:23.623 [FXGL Background Thread 3 ] DEBUG Engine               - pixelsPerMeter: 50.0
16:11:23.623 [FXGL Background Thread 3 ] DEBUG Engine               - platform: MAC
16:11:23.624 [FXGL Background Thread 3 ] DEBUG Engine               - prefHeightProperty: ReadOnlyDoubleProperty [value: 600.0]
16:11:23.624 [FXGL Background Thread 3 ] DEBUG Engine               - prefWidthProperty: ReadOnlyDoubleProperty [value: 450.0]
16:11:23.624 [FXGL Background Thread 3 ] DEBUG Engine               - profileDir: profiles/
16:11:23.624 [FXGL Background Thread 3 ] DEBUG Engine               - profileName: StringProperty [value: DEFAULT]
16:11:23.625 [FXGL Background Thread 3 ] DEBUG Engine               - randomSeed: -1
16:11:23.625 [FXGL Background Thread 3 ] DEBUG Engine               - runtimeInfo: RuntimeInfo(platform=MAC, version=17.2, build=20.08.2022 16.50)
16:11:23.625 [FXGL Background Thread 3 ] DEBUG Engine               - saveFileExt: sav
16:11:23.625 [FXGL Background Thread 3 ] DEBUG Engine               - scaledHeightProp$fxgl: DoubleProperty [bound, value: 600.0]
16:11:23.625 [FXGL Background Thread 3 ] DEBUG Engine               - scaledWidthProp$fxgl: DoubleProperty [bound, value: 450.0]
16:11:23.626 [FXGL Background Thread 3 ] DEBUG Engine               - sceneFactory: com.ood.spacexinvader.GameStart$1@6846cf7a
16:11:23.626 [FXGL Background Thread 3 ] DEBUG Engine               - secondsIn24h: 60
16:11:23.626 [FXGL Background Thread 3 ] DEBUG Engine               - soundMenuBack: menu/back.wav
16:11:23.626 [FXGL Background Thread 3 ] DEBUG Engine               - soundMenuPress: menu/press.wav
16:11:23.626 [FXGL Background Thread 3 ] DEBUG Engine               - soundMenuSelect: menu/select.wav
16:11:23.626 [FXGL Background Thread 3 ] DEBUG Engine               - soundNotification: core/notification.wav
16:11:23.627 [FXGL Background Thread 3 ] DEBUG Engine               - stageStyle: DECORATED
16:11:23.627 [FXGL Background Thread 3 ] DEBUG Engine               - supportedLanguages: [ENGLISH, FRENCH, GERMAN, HUNGARIAN, RUSSIAN]
16:11:23.627 [FXGL Background Thread 3 ] DEBUG Engine               - ticksPerSecond: -1
16:11:23.627 [FXGL Background Thread 3 ] DEBUG Engine               - title: SpaceX Invader
16:11:23.627 [FXGL Background Thread 3 ] DEBUG Engine               - urlGithub: https://github.com/AlmasB/FXGL
16:11:23.627 [FXGL Background Thread 3 ] DEBUG Engine               - urlLeaderboard: http://fxgl-top.herokuapp.com/
16:11:23.627 [FXGL Background Thread 3 ] DEBUG Engine               - urlPOM: https://raw.githubusercontent.com/AlmasB/FXGL/release/README.md
16:11:23.627 [FXGL Background Thread 3 ] DEBUG Engine               - userAppClass: class com.ood.spacexinvader.GameStart
16:11:23.627 [FXGL Background Thread 3 ] DEBUG Engine               - version: 0.0
16:11:23.627 [FXGL Background Thread 3 ] DEBUG Engine               - versionCheckDays: 7
16:11:23.628 [FXGL Background Thread 3 ] DEBUG Engine               - width: 450
16:11:23.628 [FXGL Background Thread 3 ] DEBUG Engine               - Logging services
16:11:23.628 [FXGL Background Thread 3 ] DEBUG Engine               - class com.almasb.fxgl.app.services.FXGLAssetLoaderService
16:11:23.628 [FXGL Background Thread 3 ] DEBUG Engine               - class com.almasb.fxgl.app.FXGLApplication$GameApplicationService
16:11:23.628 [FXGL Background Thread 3 ] DEBUG Engine               - class com.almasb.fxgl.app.services.FXGLDialogService
16:11:23.628 [FXGL Background Thread 3 ] DEBUG Engine               - class com.almasb.fxgl.app.services.IOTaskExecutorService
16:11:23.628 [FXGL Background Thread 3 ] DEBUG Engine               - class com.almasb.fxgl.io.FileSystemService
16:11:23.628 [FXGL Background Thread 3 ] DEBUG Engine               - class com.almasb.fxgl.localization.LocalizationService
16:11:23.628 [FXGL Background Thread 3 ] DEBUG Engine               - class com.almasb.fxgl.app.services.SystemBundleService
16:11:23.628 [FXGL Background Thread 3 ] DEBUG Engine               - class com.almasb.fxgl.profile.SaveLoadService
16:11:23.628 [FXGL Background Thread 3 ] DEBUG Engine               - class com.almasb.fxgl.ui.FXGLUIFactoryServiceProvider
16:11:23.629 [FXGL Background Thread 3 ] DEBUG Engine               - class com.almasb.fxgl.ui.FXGLDialogFactoryServiceProvider
16:11:23.629 [FXGL Background Thread 3 ] DEBUG Engine               - class com.almasb.fxgl.audio.AudioPlayer
16:11:23.629 [FXGL Background Thread 3 ] DEBUG Engine               - class com.almasb.fxgl.notification.impl.NotificationServiceProvider
16:11:23.629 [FXGL Background Thread 3 ] DEBUG Engine               - class com.almasb.fxgl.achievement.AchievementService
16:11:23.629 [FXGL Background Thread 3 ] DEBUG Engine               - class com.almasb.fxgl.cutscene.CutsceneService
16:11:23.629 [FXGL Background Thread 3 ] DEBUG Engine               - class com.almasb.fxgl.minigames.MiniGameService
16:11:23.629 [FXGL Background Thread 3 ] DEBUG Engine               - class com.almasb.fxgl.net.NetService
16:11:23.629 [FXGL Background Thread 3 ] DEBUG Engine               - class com.almasb.fxgl.app.services.UpdaterService
16:11:23.629 [FXGL Background Thread 3 ] DEBUG Engine               - class com.almasb.fxgl.dev.DevService
16:11:44.110 [JavaFX Application Thread] DEBUG PrimaryStageWindow   - Push state: DialogSubScene
16:11:44.110 [JavaFX Application Thread] DEBUG Input                - Clearing active input actions
16:11:44.111 [JavaFX Application Thread] DEBUG GameApplicationServi - Removing overlay from GameScene and adding to DialogSubScene
16:11:44.111 [JavaFX Application Thread] DEBUG PrimaryStageWindow   - GameScene -> DialogSubScene
16:11:45.003 [JavaFX Application Thread] DEBUG PrimaryStageWindow   - Pop state: DialogSubScene
16:11:45.003 [JavaFX Application Thread] DEBUG Input                - Clearing active input actions
16:11:45.004 [JavaFX Application Thread] DEBUG GameApplicationServi - Removing overlay from DialogSubScene and adding to GameScene
16:11:45.005 [JavaFX Application Thread] DEBUG PrimaryStageWindow   - GameScene <- DialogSubScene
16:11:45.005 [JavaFX Application Thread] DEBUG FXGLApplication      - Exiting FXGL
16:11:45.005 [JavaFX Application Thread] DEBUG LoopRunner           - Stopping loop
16:11:45.006 [JavaFX Application Thread] DEBUG SystemBundleService  - Saving FXGL system data
16:11:45.009 [JavaFX Application Thread] DEBUG FileSystemAccess     - Writing to: /Users/leowong/IdeaProjects/SpaceX-Invader/system/fxgl.bundle
16:11:45.013 [JavaFX Application Thread] DEBUG Async                - Shutting down background threads
16:11:45.013 [JavaFX Application Thread] DEBUG PrimaryStageWindow   - Closing main window
16:11:45.025 [JavaFX Application Thread] DEBUG Logger               - Closing Logger
