19:05:17.498 [main                     ] DEBUG Logger               - Configured Logger
19:05:17.511 [main                     ] DEBUG GameApplication      - Logging settings
Title: SpaceX Invader
Version: 0.0
Width: 450
Height: 600
Fullscreen: false
Intro: false
Profiling: false
Single step:false
App Mode: DEVELOPER
Menu Key: ESCAPE
Stage Style: DECORATED
Scene Factory: class com.ood.spacexinvader.GameStart$1

19:05:17.736 [JavaFX Application Thread] DEBUG FXGLApplication      - Initializing FXGL
19:05:17.739 [JavaFX Application Thread] INFO  Engine               - FXGL-17.2 (20.08.2022 16.50) on MAC (J:17.0.4.1 FX:17.0.2-ea)
19:05:17.739 [JavaFX Application Thread] DEBUG Engine               - JRE Vendor Name: Oracle Corporation
19:05:17.739 [JavaFX Application Thread] DEBUG Engine               - Running on OS: Mac OS X version 13.0.1
19:05:17.739 [JavaFX Application Thread] DEBUG Engine               - Architecture: aarch64
19:05:17.739 [JavaFX Application Thread] INFO  Engine               - Source code and latest versions at: https://github.com/AlmasB/FXGL
19:05:17.739 [JavaFX Application Thread] INFO  Engine               -       Ask questions and discuss at: https://github.com/AlmasB/FXGL/discussions
19:05:17.740 [JavaFX Application Thread] INFO  Engine               -              Join the FXGL chat at: https://gitter.im/AlmasB/FXGL
19:05:17.778 [JavaFX Application Thread] DEBUG PrimaryStageWindow   - Creating a JavaFX scene
19:05:17.797 [JavaFX Application Thread] DEBUG PrimaryStageWindow   - Target settings size: 450.0 x 600.0
19:05:17.797 [JavaFX Application Thread] DEBUG PrimaryStageWindow   - Scaled scene size:    450.0 x 600.0
19:05:17.797 [JavaFX Application Thread] DEBUG PrimaryStageWindow   - Scaled ratio: (1.0, 1.0)
19:05:17.798 [JavaFX Application Thread] DEBUG PrimaryStageWindow   - Set initial scene to FXGLStartupScene
19:05:17.800 [JavaFX Application Thread] DEBUG PrimaryStageWindow   - Opening main window
19:05:17.833 [JavaFX Application Thread] DEBUG PrimaryStageWindow   - Window border size: (0.0, 28.0)
19:05:17.834 [JavaFX Application Thread] DEBUG PrimaryStageWindow   - Scaled size: 450.0 x 600.0
19:05:17.834 [JavaFX Application Thread] DEBUG PrimaryStageWindow   - Scaled ratio: (1.0, 1.0)
19:05:17.834 [JavaFX Application Thread] DEBUG PrimaryStageWindow   - Scene size: 450.0 x 600.0
19:05:17.834 [JavaFX Application Thread] DEBUG PrimaryStageWindow   - Stage size: 450.0 x 628.0
19:05:17.837 [FXGL Background Thread 1 ] DEBUG Engine               - Initializing environment variables
19:05:17.850 [FXGL Background Thread 1 ] DEBUG FXGLAssetLoaderServi - User app class for loading assets: class com.ood.spacexinvader.GameStart
19:05:17.850 [FXGL Background Thread 1 ] DEBUG GameApplicationServi - Applying CSS: fxgl_dark.css
19:05:17.850 [FXGL Background Thread 1 ] DEBUG FXGLAssetLoaderServi - Loading from file system: jar:file:///Users/hiimecho/.gradle/caches/modules-2/files-2.1/com.github.almasb/fxgl/17.2/35db6ae960eec2dcfd19262d3b7f9c42f0e95bc3/fxgl-17.2.jar!/fxglassets/ui/css/fxgl_dark.css
19:05:17.872 [FXGL Background Thread 1 ] DEBUG GameApplicationServi - Initializing application scenes
19:05:17.945 [FXGL Background Thread 1 ] DEBUG GameWorld            - Game world initialized
19:05:17.971 [FXGL Background Thread 1 ] DEBUG PhysicsWorld         - Physics world initialized: appHeight=600, physics.ppm=50.0
19:05:17.971 [FXGL Background Thread 1 ] DEBUG PhysicsWorld         - Using strategy: BRUTE_FORCE
19:05:17.974 [FXGL Background Thread 1 ] DEBUG GameScene            - Game scene initialized: 450x600
19:05:17.991 [FXGL Background Thread 1 ] DEBUG GameApplicationServi - Application scenes initialized
19:05:17.998 [FXGL Background Thread 1 ] DEBUG SystemBundleService  - Loading FXGL system data
19:05:18.000 [FXGL Background Thread 1 ] DEBUG FileSystemAccess     - Reading from: /Users/hiimecho/Documents/Coding/Java/Coding/SpaceX-Invader/system/fxgl.bundle
19:05:18.003 [FXGL Background Thread 1 ] DEBUG SystemBundleService  - Bundle FXGL: {}
19:05:18.003 [FXGL Background Thread 1 ] DEBUG UpdaterService       - Checking for updates
19:05:18.005 [FXGL Background Thread 1 ] DEBUG FXGLApplication      - Loading default localization
19:05:18.005 [FXGL Background Thread 4 ] DEBUG FXGLApplication      - Loading fonts
19:05:18.006 [FXGL Background Thread 1 ] DEBUG FXGLAssetLoaderServi - Loading from file system: jar:file:///Users/hiimecho/.gradle/caches/modules-2/files-2.1/com.github.almasb/fxgl/17.2/35db6ae960eec2dcfd19262d3b7f9c42f0e95bc3/fxgl-17.2.jar!/fxglassets/languages/english.lang
19:05:18.006 [FXGL Background Thread 4 ] DEBUG FXGLAssetLoaderServi - Loading from file system: jar:file:///Users/hiimecho/.gradle/caches/modules-2/files-2.1/com.github.almasb/fxgl/17.2/35db6ae960eec2dcfd19262d3b7f9c42f0e95bc3/fxgl-17.2.jar!/fxglassets/ui/fonts/VarelaRound-Regular.ttf
19:05:18.012 [FXGL Background Thread 4 ] DEBUG FXGLAssetLoaderServi - Loading from file system: jar:file:///Users/hiimecho/.gradle/caches/modules-2/files-2.1/com.github.almasb/fxgl/17.2/35db6ae960eec2dcfd19262d3b7f9c42f0e95bc3/fxgl-17.2.jar!/fxglassets/ui/fonts/Abel-Regular.ttf
19:05:18.013 [FXGL Background Thread 1 ] INFO  FXGLApplication      - FXGL initialization took: 0.176 sec
19:05:18.014 [FXGL Background Thread 4 ] DEBUG FXGLAssetLoaderServi - Loading from file system: jar:file:///Users/hiimecho/.gradle/caches/modules-2/files-2.1/com.github.almasb/fxgl/17.2/35db6ae960eec2dcfd19262d3b7f9c42f0e95bc3/fxgl-17.2.jar!/fxglassets/ui/fonts/TerminalLandMono-Regular.otf
19:05:18.015 [FXGL Background Thread 4 ] DEBUG FXGLAssetLoaderServi - Loading from file system: jar:file:///Users/hiimecho/.gradle/caches/modules-2/files-2.1/com.github.almasb/fxgl/17.2/35db6ae960eec2dcfd19262d3b7f9c42f0e95bc3/fxgl-17.2.jar!/fxglassets/ui/fonts/Courier-Prime.ttf
19:05:18.017 [JavaFX Application Thread] DEBUG Input                - Registered new binding: Left - A
19:05:18.017 [JavaFX Application Thread] DEBUG Input                - Registered new binding: Right - D
19:05:18.017 [JavaFX Application Thread] DEBUG Input                - Registered new binding: Shoot - J
19:05:18.017 [JavaFX Application Thread] DEBUG FXGLAssetLoaderServi - Loading from file system: jar:file:///Users/hiimecho/Documents/Coding/Java/Coding/SpaceX-Invader/build/libs/SpaceX-Invader-1.0-SNAPSHOT.jar!/assets/textures/icon/spacex-invader-favicon-black.png
19:05:18.035 [JavaFX Application Thread] DEBUG FXGLAssetLoaderServi - Loading from file system: jar:file:///Users/hiimecho/.gradle/caches/modules-2/files-2.1/com.github.almasb/fxgl/17.2/35db6ae960eec2dcfd19262d3b7f9c42f0e95bc3/fxgl-17.2.jar!/fxglassets/textures/fxgl_default_cursor.png
19:05:18.036 [JavaFX Application Thread] DEBUG Input                - Registered new binding: Screenshot - CTRL+8
19:05:18.037 [JavaFX Application Thread] DEBUG Input                - Registered new binding: System info dump - CTRL+9
19:05:18.037 [JavaFX Application Thread] DEBUG Input                - Registered new binding: Restart - CTRL+R
19:05:18.037 [JavaFX Application Thread] DEBUG Input                - Registered new binding: Toggle Debug Camera - CTRL+7
19:05:18.039 [JavaFX Application Thread] DEBUG LoopRunner           - Starting loop
19:05:18.039 [JavaFX Application Thread] DEBUG LoopRunner           - Initializing JavaFX AnimationTimerLoop
19:05:18.041 [JavaFX Application Thread] DEBUG Input                - Clearing active input actions
19:05:18.045 [JavaFX Application Thread] DEBUG GameApplicationServi - Removing overlay from FXGLStartupScene and adding to FXGLMainMenuDummyScene
19:05:18.046 [JavaFX Application Thread] DEBUG PrimaryStageWindow   - FXGLStartupScene -> FXGLMainMenuDummyScene
19:05:18.046 [JavaFX Application Thread] DEBUG PrimaryStageWindow   - Push state: MainMenu
19:05:18.046 [JavaFX Application Thread] DEBUG Input                - Clearing active input actions
19:05:18.050 [JavaFX Application Thread] DEBUG GameApplicationServi - Removing overlay from FXGLMainMenuDummyScene and adding to MainMenu
19:05:18.050 [JavaFX Application Thread] DEBUG PrimaryStageWindow   - FXGLMainMenuDummyScene -> MainMenu
19:05:18.073 [JavaFX Application Thread] DEBUG FXGLApplication      - Registering font factories with UI factory
19:05:19.591 [JavaFX Application Thread] DEBUG Menu                 - fireContinue()
19:05:19.592 [JavaFX Application Thread] DEBUG SaveLoadService      - Reading last modified save file from ./ with ext: sav
19:05:19.592 [JavaFX Application Thread] DEBUG SaveLoadService      - Reading save files from ./
19:05:19.598 [JavaFX Application Thread] DEBUG PrimaryStageWindow   - Push state: DialogSubScene
19:05:19.599 [JavaFX Application Thread] DEBUG Input                - Clearing active input actions
19:05:19.599 [JavaFX Application Thread] DEBUG GameApplicationServi - Removing overlay from MainMenu and adding to DialogSubScene
19:05:19.600 [JavaFX Application Thread] DEBUG PrimaryStageWindow   - MainMenu -> DialogSubScene
19:05:19.642 [FXGL Background Thread 2 ] WARN  SaveLoadService      - No save files found
19:05:19.643 [JavaFX Application Thread] DEBUG PrimaryStageWindow   - Pop state: DialogSubScene
19:05:19.643 [JavaFX Application Thread] DEBUG Input                - Clearing active input actions
19:05:19.644 [JavaFX Application Thread] DEBUG GameApplicationServi - Removing overlay from DialogSubScene and adding to MainMenu
19:05:19.644 [JavaFX Application Thread] DEBUG PrimaryStageWindow   - MainMenu <- DialogSubScene
19:05:20.525 [JavaFX Application Thread] DEBUG Menu                 - fireContinue()
19:05:20.525 [JavaFX Application Thread] DEBUG SaveLoadService      - Reading last modified save file from ./ with ext: sav
19:05:20.525 [JavaFX Application Thread] DEBUG SaveLoadService      - Reading save files from ./
19:05:20.525 [JavaFX Application Thread] DEBUG PrimaryStageWindow   - Push state: DialogSubScene
19:05:20.525 [JavaFX Application Thread] DEBUG Input                - Clearing active input actions
19:05:20.526 [JavaFX Application Thread] DEBUG GameApplicationServi - Removing overlay from MainMenu and adding to DialogSubScene
19:05:20.526 [JavaFX Application Thread] DEBUG PrimaryStageWindow   - MainMenu -> DialogSubScene
19:05:20.547 [FXGL Background Thread 2 ] WARN  SaveLoadService      - No save files found
19:05:20.547 [JavaFX Application Thread] DEBUG PrimaryStageWindow   - Pop state: DialogSubScene
19:05:20.547 [JavaFX Application Thread] DEBUG Input                - Clearing active input actions
19:05:20.548 [JavaFX Application Thread] DEBUG GameApplicationServi - Removing overlay from DialogSubScene and adding to MainMenu
19:05:20.548 [JavaFX Application Thread] DEBUG PrimaryStageWindow   - MainMenu <- DialogSubScene
19:05:21.010 [FXGL Background Thread 3 ] DEBUG Engine               - Logging environment variables
19:05:21.012 [FXGL Background Thread 3 ] DEBUG Engine               - achievements: []
19:05:21.012 [FXGL Background Thread 3 ] DEBUG Engine               - actualHeight: 600.0
19:05:21.012 [FXGL Background Thread 3 ] DEBUG Engine               - actualHeightProperty: ReadOnlyDoubleProperty [value: 600.0]
19:05:21.013 [FXGL Background Thread 3 ] DEBUG Engine               - actualWidth: 450.0
19:05:21.013 [FXGL Background Thread 3 ] DEBUG Engine               - actualWidthProperty: ReadOnlyDoubleProperty [value: 450.0]
19:05:21.013 [FXGL Background Thread 3 ] DEBUG Engine               - appIcon: icon/spacex-invader-favicon-black.png
19:05:21.013 [FXGL Background Thread 3 ] DEBUG Engine               - applicationMode: DEVELOPER
19:05:21.013 [FXGL Background Thread 3 ] DEBUG Engine               - cSSList: [fxgl_dark.css]
19:05:21.013 [FXGL Background Thread 3 ] DEBUG Engine               - collisionDetectionStrategy: BRUTE_FORCE
19:05:21.013 [FXGL Background Thread 3 ] DEBUG Engine               - configClass: Optional.empty
19:05:21.014 [FXGL Background Thread 3 ] DEBUG Engine               - credits: []
19:05:21.016 [FXGL Background Thread 3 ] DEBUG Engine               - defaultCursor: CursorInfo(imageName=fxgl_default_cursor.png, hotspotX=7.0, hotspotY=6.0)
19:05:21.016 [FXGL Background Thread 3 ] DEBUG Engine               - devBBoxColorProperty: ObjectProperty [value: 0xff0000ff]
19:05:21.017 [FXGL Background Thread 3 ] DEBUG Engine               - devEnableDebugCameraProperty: BooleanProperty [value: false]
19:05:21.017 [FXGL Background Thread 3 ] DEBUG Engine               - devSensorColorProperty: ObjectProperty [value: 0xffff00ff]
19:05:21.017 [FXGL Background Thread 3 ] DEBUG Engine               - devShowBBoxProperty: BooleanProperty [value: false]
19:05:21.017 [FXGL Background Thread 3 ] DEBUG Engine               - devShowPositionProperty: BooleanProperty [value: false]
19:05:21.017 [FXGL Background Thread 3 ] DEBUG Engine               - enabledMenuItems: []
19:05:21.017 [FXGL Background Thread 3 ] DEBUG Engine               - engineServices: [class com.almasb.fxgl.app.services.FXGLAssetLoaderService, class com.almasb.fxgl.app.FXGLApplication$GameApplicationService, class com.almasb.fxgl.app.services.FXGLDialogService, class com.almasb.fxgl.app.services.IOTaskExecutorService, class com.almasb.fxgl.io.FileSystemService, class com.almasb.fxgl.localization.LocalizationService, class com.almasb.fxgl.app.services.SystemBundleService, class com.almasb.fxgl.profile.SaveLoadService, class com.almasb.fxgl.ui.FXGLUIFactoryServiceProvider, class com.almasb.fxgl.ui.FXGLDialogFactoryServiceProvider, class com.almasb.fxgl.audio.AudioPlayer, class com.almasb.fxgl.notification.impl.NotificationServiceProvider, class com.almasb.fxgl.achievement.AchievementService, class com.almasb.fxgl.cutscene.CutsceneService, class com.almasb.fxgl.minigames.MiniGameService, class com.almasb.fxgl.net.NetService, class com.almasb.fxgl.app.services.UpdaterService, class com.almasb.fxgl.dev.DevService]
19:05:21.017 [FXGL Background Thread 3 ] DEBUG Engine               - fontGame: Abel-Regular.ttf
19:05:21.018 [FXGL Background Thread 3 ] DEBUG Engine               - fontMono: TerminalLandMono-Regular.otf
19:05:21.018 [FXGL Background Thread 3 ] DEBUG Engine               - fontText: Courier-Prime.ttf
19:05:21.018 [FXGL Background Thread 3 ] DEBUG Engine               - fontUI: VarelaRound-Regular.ttf
19:05:21.018 [FXGL Background Thread 3 ] DEBUG Engine               - fullScreen: BooleanProperty [value: false]
19:05:21.018 [FXGL Background Thread 3 ] DEBUG Engine               - gameDifficulty: MEDIUM
19:05:21.018 [FXGL Background Thread 3 ] DEBUG Engine               - gameDifficultyProperty: ObjectProperty [value: MEDIUM]
19:05:21.018 [FXGL Background Thread 3 ] DEBUG Engine               - globalMusicVolume: 0.5
19:05:21.018 [FXGL Background Thread 3 ] DEBUG Engine               - globalMusicVolumeProperty: DoubleProperty [value: 0.5]
19:05:21.018 [FXGL Background Thread 3 ] DEBUG Engine               - globalSoundVolume: 0.5
19:05:21.019 [FXGL Background Thread 3 ] DEBUG Engine               - globalSoundVolumeProperty: DoubleProperty [value: 0.5]
19:05:21.019 [FXGL Background Thread 3 ] DEBUG Engine               - height: 600
19:05:21.019 [FXGL Background Thread 3 ] DEBUG Engine               - is3D: false
19:05:21.019 [FXGL Background Thread 3 ] DEBUG Engine               - isAndroid: false
19:05:21.019 [FXGL Background Thread 3 ] DEBUG Engine               - isBrowser: false
19:05:21.019 [FXGL Background Thread 3 ] DEBUG Engine               - isClickFeedbackEnabled: false
19:05:21.019 [FXGL Background Thread 3 ] DEBUG Engine               - isCloseConfirmation: true
19:05:21.019 [FXGL Background Thread 3 ] DEBUG Engine               - isDesktop: true
19:05:21.019 [FXGL Background Thread 3 ] DEBUG Engine               - isDeveloperMenuEnabled: false
19:05:21.019 [FXGL Background Thread 3 ] DEBUG Engine               - isEmbedded: false
19:05:21.020 [FXGL Background Thread 3 ] DEBUG Engine               - isEntityPreloadEnabled: true
19:05:21.020 [FXGL Background Thread 3 ] DEBUG Engine               - isExperimentalTiledLargeMap: false
19:05:21.020 [FXGL Background Thread 3 ] DEBUG Engine               - isFileSystemWriteAllowed: true
19:05:21.020 [FXGL Background Thread 3 ] DEBUG Engine               - isFullScreenAllowed: false
19:05:21.020 [FXGL Background Thread 3 ] DEBUG Engine               - isFullScreenFromStart: false
19:05:21.020 [FXGL Background Thread 3 ] DEBUG Engine               - isGameMenuEnabled: true
19:05:21.020 [FXGL Background Thread 3 ] DEBUG Engine               - isIOS: false
19:05:21.020 [FXGL Background Thread 3 ] DEBUG Engine               - isIntroEnabled: false
19:05:21.020 [FXGL Background Thread 3 ] DEBUG Engine               - isLinux: false
19:05:21.020 [FXGL Background Thread 3 ] DEBUG Engine               - isMac: true
19:05:21.020 [FXGL Background Thread 3 ] DEBUG Engine               - isMainMenuEnabled: true
19:05:21.020 [FXGL Background Thread 3 ] DEBUG Engine               - isManualResizeEnabled: false
19:05:21.021 [FXGL Background Thread 3 ] DEBUG Engine               - isMobile: false
19:05:21.021 [FXGL Background Thread 3 ] DEBUG Engine               - isNative: false
19:05:21.021 [FXGL Background Thread 3 ] DEBUG Engine               - isPauseMusicWhenMinimized: true
19:05:21.021 [FXGL Background Thread 3 ] DEBUG Engine               - isPreserveResizeRatio: false
19:05:21.021 [FXGL Background Thread 3 ] DEBUG Engine               - isProfilingEnabled: false
19:05:21.021 [FXGL Background Thread 3 ] DEBUG Engine               - isScaleAffectedOnResize: true
19:05:21.021 [FXGL Background Thread 3 ] DEBUG Engine               - isSingleStep: false
19:05:21.021 [FXGL Background Thread 3 ] DEBUG Engine               - isUserProfileEnabled: false
19:05:21.021 [FXGL Background Thread 3 ] DEBUG Engine               - isWindows: false
19:05:21.021 [FXGL Background Thread 3 ] DEBUG Engine               - language: ObjectProperty [value: ENGLISH]
19:05:21.021 [FXGL Background Thread 3 ] DEBUG Engine               - menuKey: ESCAPE
19:05:21.021 [FXGL Background Thread 3 ] DEBUG Engine               - mouseSensitivity: 0.2
19:05:21.021 [FXGL Background Thread 3 ] DEBUG Engine               - notificationViewClass: class com.almasb.fxgl.notification.view.XboxNotificationView
19:05:21.022 [FXGL Background Thread 3 ] DEBUG Engine               - pixelsPerMeter: 50.0
19:05:21.022 [FXGL Background Thread 3 ] DEBUG Engine               - platform: MAC
19:05:21.022 [FXGL Background Thread 3 ] DEBUG Engine               - prefHeightProperty: ReadOnlyDoubleProperty [value: 600.0]
19:05:21.022 [FXGL Background Thread 3 ] DEBUG Engine               - prefWidthProperty: ReadOnlyDoubleProperty [value: 450.0]
19:05:21.022 [FXGL Background Thread 3 ] DEBUG Engine               - profileDir: profiles/
19:05:21.022 [FXGL Background Thread 3 ] DEBUG Engine               - profileName: StringProperty [value: DEFAULT]
19:05:21.022 [FXGL Background Thread 3 ] DEBUG Engine               - randomSeed: -1
19:05:21.022 [FXGL Background Thread 3 ] DEBUG Engine               - runtimeInfo: RuntimeInfo(platform=MAC, version=17.2, build=20.08.2022 16.50)
19:05:21.023 [FXGL Background Thread 3 ] DEBUG Engine               - saveFileExt: sav
19:05:21.023 [FXGL Background Thread 3 ] DEBUG Engine               - scaledHeightProp$fxgl: DoubleProperty [bound, value: 600.0]
19:05:21.023 [FXGL Background Thread 3 ] DEBUG Engine               - scaledWidthProp$fxgl: DoubleProperty [bound, value: 450.0]
19:05:21.023 [FXGL Background Thread 3 ] DEBUG Engine               - sceneFactory: com.ood.spacexinvader.GameStart$1@2f4a4f80
19:05:21.023 [FXGL Background Thread 3 ] DEBUG Engine               - secondsIn24h: 60
19:05:21.023 [FXGL Background Thread 3 ] DEBUG Engine               - soundMenuBack: menu/back.wav
19:05:21.023 [FXGL Background Thread 3 ] DEBUG Engine               - soundMenuPress: menu/press.wav
19:05:21.023 [FXGL Background Thread 3 ] DEBUG Engine               - soundMenuSelect: menu/select.wav
19:05:21.023 [FXGL Background Thread 3 ] DEBUG Engine               - soundNotification: core/notification.wav
19:05:21.023 [FXGL Background Thread 3 ] DEBUG Engine               - stageStyle: DECORATED
19:05:21.023 [FXGL Background Thread 3 ] DEBUG Engine               - supportedLanguages: [ENGLISH, FRENCH, GERMAN, HUNGARIAN, RUSSIAN]
19:05:21.023 [FXGL Background Thread 3 ] DEBUG Engine               - ticksPerSecond: -1
19:05:21.023 [FXGL Background Thread 3 ] DEBUG Engine               - title: SpaceX Invader
19:05:21.024 [FXGL Background Thread 3 ] DEBUG Engine               - urlGithub: https://github.com/AlmasB/FXGL
19:05:21.024 [FXGL Background Thread 3 ] DEBUG Engine               - urlLeaderboard: http://fxgl-top.herokuapp.com/
19:05:21.024 [FXGL Background Thread 3 ] DEBUG Engine               - urlPOM: https://raw.githubusercontent.com/AlmasB/FXGL/release/README.md
19:05:21.024 [FXGL Background Thread 3 ] DEBUG Engine               - userAppClass: class com.ood.spacexinvader.GameStart
19:05:21.024 [FXGL Background Thread 3 ] DEBUG Engine               - version: 0.0
19:05:21.024 [FXGL Background Thread 3 ] DEBUG Engine               - versionCheckDays: 7
19:05:21.024 [FXGL Background Thread 3 ] DEBUG Engine               - width: 450
19:05:21.024 [FXGL Background Thread 3 ] DEBUG Engine               - Logging services
19:05:21.024 [FXGL Background Thread 3 ] DEBUG Engine               - class com.almasb.fxgl.app.services.FXGLAssetLoaderService
19:05:21.024 [FXGL Background Thread 3 ] DEBUG Engine               - class com.almasb.fxgl.app.FXGLApplication$GameApplicationService
19:05:21.024 [FXGL Background Thread 3 ] DEBUG Engine               - class com.almasb.fxgl.app.services.FXGLDialogService
19:05:21.024 [FXGL Background Thread 3 ] DEBUG Engine               - class com.almasb.fxgl.app.services.IOTaskExecutorService
19:05:21.024 [FXGL Background Thread 3 ] DEBUG Engine               - class com.almasb.fxgl.io.FileSystemService
19:05:21.024 [FXGL Background Thread 3 ] DEBUG Engine               - class com.almasb.fxgl.localization.LocalizationService
19:05:21.024 [FXGL Background Thread 3 ] DEBUG Engine               - class com.almasb.fxgl.app.services.SystemBundleService
19:05:21.024 [FXGL Background Thread 3 ] DEBUG Engine               - class com.almasb.fxgl.profile.SaveLoadService
19:05:21.024 [FXGL Background Thread 3 ] DEBUG Engine               - class com.almasb.fxgl.ui.FXGLUIFactoryServiceProvider
19:05:21.024 [FXGL Background Thread 3 ] DEBUG Engine               - class com.almasb.fxgl.ui.FXGLDialogFactoryServiceProvider
19:05:21.024 [FXGL Background Thread 3 ] DEBUG Engine               - class com.almasb.fxgl.audio.AudioPlayer
19:05:21.024 [FXGL Background Thread 3 ] DEBUG Engine               - class com.almasb.fxgl.notification.impl.NotificationServiceProvider
19:05:21.025 [FXGL Background Thread 3 ] DEBUG Engine               - class com.almasb.fxgl.achievement.AchievementService
19:05:21.025 [FXGL Background Thread 3 ] DEBUG Engine               - class com.almasb.fxgl.cutscene.CutsceneService
19:05:21.025 [FXGL Background Thread 3 ] DEBUG Engine               - class com.almasb.fxgl.minigames.MiniGameService
19:05:21.025 [FXGL Background Thread 3 ] DEBUG Engine               - class com.almasb.fxgl.net.NetService
19:05:21.025 [FXGL Background Thread 3 ] DEBUG Engine               - class com.almasb.fxgl.app.services.UpdaterService
19:05:21.025 [FXGL Background Thread 3 ] DEBUG Engine               - class com.almasb.fxgl.dev.DevService
19:05:21.224 [JavaFX Application Thread] DEBUG Menu                 - fireContinue()
19:05:21.224 [JavaFX Application Thread] DEBUG SaveLoadService      - Reading last modified save file from ./ with ext: sav
19:05:21.224 [JavaFX Application Thread] DEBUG SaveLoadService      - Reading save files from ./
19:05:21.225 [JavaFX Application Thread] DEBUG PrimaryStageWindow   - Push state: DialogSubScene
19:05:21.225 [JavaFX Application Thread] DEBUG Input                - Clearing active input actions
19:05:21.225 [JavaFX Application Thread] DEBUG GameApplicationServi - Removing overlay from MainMenu and adding to DialogSubScene
19:05:21.225 [JavaFX Application Thread] DEBUG PrimaryStageWindow   - MainMenu -> DialogSubScene
19:05:21.246 [FXGL Background Thread 2 ] WARN  SaveLoadService      - No save files found
19:05:21.246 [JavaFX Application Thread] DEBUG PrimaryStageWindow   - Pop state: DialogSubScene
19:05:21.246 [JavaFX Application Thread] DEBUG Input                - Clearing active input actions
19:05:21.247 [JavaFX Application Thread] DEBUG GameApplicationServi - Removing overlay from DialogSubScene and adding to MainMenu
19:05:21.247 [JavaFX Application Thread] DEBUG PrimaryStageWindow   - MainMenu <- DialogSubScene
19:05:21.758 [JavaFX Application Thread] DEBUG Menu                 - fireNewGame()
19:05:21.759 [JavaFX Application Thread] DEBUG GameApplicationServi - Starting new game
19:05:21.759 [JavaFX Application Thread] DEBUG PrimaryStageWindow   - Pop state: MainMenu
19:05:21.759 [JavaFX Application Thread] DEBUG Input                - Clearing active input actions
19:05:21.760 [JavaFX Application Thread] DEBUG GameApplicationServi - Removing overlay from MainMenu and adding to FXGLMainMenuDummyScene
19:05:21.760 [JavaFX Application Thread] DEBUG PrimaryStageWindow   - FXGLMainMenuDummyScene <- MainMenu
19:05:21.761 [JavaFX Application Thread] DEBUG Input                - Clearing active input actions
19:05:21.772 [JavaFX Application Thread] DEBUG GameApplicationServi - Removing overlay from FXGLMainMenuDummyScene and adding to FXGLLoadingScene
19:05:21.772 [JavaFX Application Thread] DEBUG PrimaryStageWindow   - FXGLMainMenuDummyScene -> FXGLLoadingScene
19:05:21.772 [JavaFX Application Thread] DEBUG GameApplicationServi - Clearing previous game
19:05:21.772 [JavaFX Application Thread] DEBUG GameScene            - Clearing game scene
19:05:21.772 [JavaFX Application Thread] DEBUG GameWorld            - Clearing game world
19:05:21.772 [JavaFX Application Thread] DEBUG PhysicsWorld         - Clearing physics world
19:05:21.774 [FXGL Background Thread 2 ] DEBUG FXGLApplication      - Initializing game
19:05:21.779 [FXGL Background Thread 2 ] DEBUG FXGLAssetLoaderServi - Loading from file system: jar:file:///Users/hiimecho/Documents/Coding/Java/Coding/SpaceX-Invader/build/libs/SpaceX-Invader-1.0-SNAPSHOT.jar!/assets/textures/enemy/alien.png
19:05:21.808 [FXGL Background Thread 2 ] DEBUG FXGLAssetLoaderServi - Loading from file system: jar:file:///Users/hiimecho/Documents/Coding/Java/Coding/SpaceX-Invader/build/libs/SpaceX-Invader-1.0-SNAPSHOT.jar!/assets/textures/player/SpaceX.png
19:05:21.812 [FXGL Background Thread 2 ] INFO  FXGLApplication      - Game initialization took: 0.039 sec
19:05:21.813 [JavaFX Application Thread] DEBUG Input                - Clearing active input actions
19:05:21.817 [JavaFX Application Thread] DEBUG GameApplicationServi - Removing overlay from FXGLLoadingScene and adding to GameScene
19:05:21.817 [JavaFX Application Thread] DEBUG PrimaryStageWindow   - FXGLLoadingScene -> GameScene
19:05:23.854 [JavaFX Application Thread] DEBUG PrimaryStageWindow   - Push state: PauseMenu
19:05:23.855 [JavaFX Application Thread] DEBUG Input                - Clearing active input actions
19:05:23.855 [JavaFX Application Thread] DEBUG GameApplicationServi - Removing overlay from GameScene and adding to PauseMenu
19:05:23.856 [JavaFX Application Thread] DEBUG PrimaryStageWindow   - GameScene -> PauseMenu
19:05:24.407 [JavaFX Application Thread] DEBUG Menu                 - fireExitToMainMenu()
19:05:24.410 [JavaFX Application Thread] DEBUG PrimaryStageWindow   - Push state: DialogSubScene
19:05:24.410 [JavaFX Application Thread] DEBUG Input                - Clearing active input actions
19:05:24.410 [JavaFX Application Thread] DEBUG GameApplicationServi - Removing overlay from PauseMenu and adding to DialogSubScene
19:05:24.411 [JavaFX Application Thread] DEBUG PrimaryStageWindow   - PauseMenu -> DialogSubScene
19:05:25.058 [JavaFX Application Thread] DEBUG PrimaryStageWindow   - Pop state: DialogSubScene
19:05:25.058 [JavaFX Application Thread] DEBUG Input                - Clearing active input actions
19:05:25.058 [JavaFX Application Thread] DEBUG GameApplicationServi - Removing overlay from DialogSubScene and adding to PauseMenu
19:05:25.059 [JavaFX Application Thread] DEBUG PrimaryStageWindow   - PauseMenu <- DialogSubScene
19:05:25.059 [JavaFX Application Thread] DEBUG PrimaryStageWindow   - Pop state: PauseMenu
19:05:25.059 [JavaFX Application Thread] DEBUG Input                - Clearing active input actions
19:05:25.059 [JavaFX Application Thread] DEBUG GameApplicationServi - Removing overlay from PauseMenu and adding to GameScene
19:05:25.059 [JavaFX Application Thread] DEBUG PrimaryStageWindow   - GameScene <- PauseMenu
19:05:25.059 [JavaFX Application Thread] DEBUG Input                - Clearing active input actions
19:05:25.064 [JavaFX Application Thread] DEBUG GameApplicationServi - Removing overlay from GameScene and adding to FXGLMainMenuDummyScene
19:05:25.064 [JavaFX Application Thread] DEBUG PrimaryStageWindow   - GameScene -> FXGLMainMenuDummyScene
19:05:25.064 [JavaFX Application Thread] DEBUG PrimaryStageWindow   - Push state: MainMenu
19:05:25.064 [JavaFX Application Thread] DEBUG Input                - Clearing active input actions
19:05:25.066 [JavaFX Application Thread] DEBUG GameApplicationServi - Removing overlay from FXGLMainMenuDummyScene and adding to MainMenu
19:05:25.066 [JavaFX Application Thread] DEBUG PrimaryStageWindow   - FXGLMainMenuDummyScene -> MainMenu
19:05:27.425 [JavaFX Application Thread] DEBUG Menu                 - fireNewGame()
19:05:27.425 [JavaFX Application Thread] DEBUG GameApplicationServi - Starting new game
19:05:27.425 [JavaFX Application Thread] DEBUG PrimaryStageWindow   - Pop state: MainMenu
19:05:27.425 [JavaFX Application Thread] DEBUG Input                - Clearing active input actions
19:05:27.426 [JavaFX Application Thread] DEBUG GameApplicationServi - Removing overlay from MainMenu and adding to FXGLMainMenuDummyScene
19:05:27.426 [JavaFX Application Thread] DEBUG PrimaryStageWindow   - FXGLMainMenuDummyScene <- MainMenu
19:05:27.426 [JavaFX Application Thread] DEBUG Input                - Clearing active input actions
19:05:27.444 [JavaFX Application Thread] DEBUG GameApplicationServi - Removing overlay from FXGLMainMenuDummyScene and adding to FXGLLoadingScene
19:05:27.444 [JavaFX Application Thread] DEBUG PrimaryStageWindow   - FXGLMainMenuDummyScene -> FXGLLoadingScene
19:05:27.444 [JavaFX Application Thread] DEBUG GameApplicationServi - Clearing previous game
19:05:27.444 [JavaFX Application Thread] DEBUG GameScene            - Clearing game scene
19:05:27.444 [JavaFX Application Thread] DEBUG GameWorld            - Clearing game world
19:05:27.447 [JavaFX Application Thread] DEBUG PhysicsWorld         - Clearing physics world
19:05:27.448 [FXGL Background Thread 2 ] DEBUG FXGLApplication      - Initializing game
19:05:27.458 [FXGL Background Thread 2 ] INFO  FXGLApplication      - Game initialization took: 0.010 sec
19:05:27.459 [JavaFX Application Thread] DEBUG Input                - Clearing active input actions
19:05:27.465 [JavaFX Application Thread] DEBUG GameApplicationServi - Removing overlay from FXGLLoadingScene and adding to GameScene
19:05:27.465 [JavaFX Application Thread] DEBUG PrimaryStageWindow   - FXGLLoadingScene -> GameScene
19:05:28.256 [JavaFX Application Thread] DEBUG PrimaryStageWindow   - Push state: PauseMenu
19:05:28.256 [JavaFX Application Thread] DEBUG Input                - Clearing active input actions
19:05:28.257 [JavaFX Application Thread] DEBUG GameApplicationServi - Removing overlay from GameScene and adding to PauseMenu
19:05:28.258 [JavaFX Application Thread] DEBUG PrimaryStageWindow   - GameScene -> PauseMenu
19:05:28.757 [JavaFX Application Thread] DEBUG Menu                 - fireExitToMainMenu()
19:05:28.758 [JavaFX Application Thread] DEBUG PrimaryStageWindow   - Push state: DialogSubScene
19:05:28.758 [JavaFX Application Thread] DEBUG Input                - Clearing active input actions
19:05:28.759 [JavaFX Application Thread] DEBUG GameApplicationServi - Removing overlay from PauseMenu and adding to DialogSubScene
19:05:28.759 [JavaFX Application Thread] DEBUG PrimaryStageWindow   - PauseMenu -> DialogSubScene
19:05:29.308 [JavaFX Application Thread] DEBUG PrimaryStageWindow   - Pop state: DialogSubScene
19:05:29.308 [JavaFX Application Thread] DEBUG Input                - Clearing active input actions
19:05:29.309 [JavaFX Application Thread] DEBUG GameApplicationServi - Removing overlay from DialogSubScene and adding to PauseMenu
19:05:29.309 [JavaFX Application Thread] DEBUG PrimaryStageWindow   - PauseMenu <- DialogSubScene
19:05:29.309 [JavaFX Application Thread] DEBUG PrimaryStageWindow   - Pop state: PauseMenu
19:05:29.309 [JavaFX Application Thread] DEBUG Input                - Clearing active input actions
19:05:29.309 [JavaFX Application Thread] DEBUG GameApplicationServi - Removing overlay from PauseMenu and adding to GameScene
19:05:29.309 [JavaFX Application Thread] DEBUG PrimaryStageWindow   - GameScene <- PauseMenu
19:05:29.310 [JavaFX Application Thread] DEBUG Input                - Clearing active input actions
19:05:29.315 [JavaFX Application Thread] DEBUG GameApplicationServi - Removing overlay from GameScene and adding to FXGLMainMenuDummyScene
19:05:29.316 [JavaFX Application Thread] DEBUG PrimaryStageWindow   - GameScene -> FXGLMainMenuDummyScene
19:05:29.316 [JavaFX Application Thread] DEBUG PrimaryStageWindow   - Push state: MainMenu
19:05:29.316 [JavaFX Application Thread] DEBUG Input                - Clearing active input actions
19:05:29.316 [JavaFX Application Thread] DEBUG GameApplicationServi - Removing overlay from FXGLMainMenuDummyScene and adding to MainMenu
19:05:29.316 [JavaFX Application Thread] DEBUG PrimaryStageWindow   - FXGLMainMenuDummyScene -> MainMenu
19:05:35.858 [JavaFX Application Thread] DEBUG Menu                 - fireNewGame()
19:05:35.858 [JavaFX Application Thread] DEBUG GameApplicationServi - Starting new game
19:05:35.858 [JavaFX Application Thread] DEBUG PrimaryStageWindow   - Pop state: MainMenu
19:05:35.858 [JavaFX Application Thread] DEBUG Input                - Clearing active input actions
19:05:35.859 [JavaFX Application Thread] DEBUG GameApplicationServi - Removing overlay from MainMenu and adding to FXGLMainMenuDummyScene
19:05:35.859 [JavaFX Application Thread] DEBUG PrimaryStageWindow   - FXGLMainMenuDummyScene <- MainMenu
19:05:35.859 [JavaFX Application Thread] DEBUG Input                - Clearing active input actions
19:05:35.862 [JavaFX Application Thread] DEBUG GameApplicationServi - Removing overlay from FXGLMainMenuDummyScene and adding to FXGLLoadingScene
19:05:35.862 [JavaFX Application Thread] DEBUG PrimaryStageWindow   - FXGLMainMenuDummyScene -> FXGLLoadingScene
19:05:35.862 [JavaFX Application Thread] DEBUG GameApplicationServi - Clearing previous game
19:05:35.862 [JavaFX Application Thread] DEBUG GameScene            - Clearing game scene
19:05:35.862 [JavaFX Application Thread] DEBUG GameWorld            - Clearing game world
19:05:35.864 [JavaFX Application Thread] DEBUG PhysicsWorld         - Clearing physics world
19:05:35.865 [FXGL Background Thread 2 ] DEBUG FXGLApplication      - Initializing game
19:05:35.874 [FXGL Background Thread 2 ] INFO  FXGLApplication      - Game initialization took: 0.010 sec
19:05:35.875 [JavaFX Application Thread] DEBUG Input                - Clearing active input actions
19:05:35.877 [JavaFX Application Thread] DEBUG GameApplicationServi - Removing overlay from FXGLLoadingScene and adding to GameScene
19:05:35.878 [JavaFX Application Thread] DEBUG PrimaryStageWindow   - FXGLLoadingScene -> GameScene
19:05:37.734 [JavaFX Application Thread] DEBUG PrimaryStageWindow   - Push state: PauseMenu
19:05:37.734 [JavaFX Application Thread] DEBUG Input                - Clearing active input actions
19:05:37.735 [JavaFX Application Thread] DEBUG GameApplicationServi - Removing overlay from GameScene and adding to PauseMenu
19:05:37.735 [JavaFX Application Thread] DEBUG PrimaryStageWindow   - GameScene -> PauseMenu
19:05:38.358 [JavaFX Application Thread] DEBUG Menu                 - fireExitToMainMenu()
19:05:38.359 [JavaFX Application Thread] DEBUG PrimaryStageWindow   - Push state: DialogSubScene
19:05:38.359 [JavaFX Application Thread] DEBUG Input                - Clearing active input actions
19:05:38.360 [JavaFX Application Thread] DEBUG GameApplicationServi - Removing overlay from PauseMenu and adding to DialogSubScene
19:05:38.360 [JavaFX Application Thread] DEBUG PrimaryStageWindow   - PauseMenu -> DialogSubScene
19:05:38.859 [JavaFX Application Thread] DEBUG PrimaryStageWindow   - Pop state: DialogSubScene
19:05:38.859 [JavaFX Application Thread] DEBUG Input                - Clearing active input actions
19:05:38.860 [JavaFX Application Thread] DEBUG GameApplicationServi - Removing overlay from DialogSubScene and adding to PauseMenu
19:05:38.860 [JavaFX Application Thread] DEBUG PrimaryStageWindow   - PauseMenu <- DialogSubScene
19:05:38.861 [JavaFX Application Thread] DEBUG PrimaryStageWindow   - Pop state: PauseMenu
19:05:38.861 [JavaFX Application Thread] DEBUG Input                - Clearing active input actions
19:05:38.861 [JavaFX Application Thread] DEBUG GameApplicationServi - Removing overlay from PauseMenu and adding to GameScene
19:05:38.861 [JavaFX Application Thread] DEBUG PrimaryStageWindow   - GameScene <- PauseMenu
19:05:38.861 [JavaFX Application Thread] DEBUG Input                - Clearing active input actions
19:05:38.867 [JavaFX Application Thread] DEBUG GameApplicationServi - Removing overlay from GameScene and adding to FXGLMainMenuDummyScene
19:05:38.867 [JavaFX Application Thread] DEBUG PrimaryStageWindow   - GameScene -> FXGLMainMenuDummyScene
19:05:38.868 [JavaFX Application Thread] DEBUG PrimaryStageWindow   - Push state: MainMenu
19:05:38.868 [JavaFX Application Thread] DEBUG Input                - Clearing active input actions
19:05:38.868 [JavaFX Application Thread] DEBUG GameApplicationServi - Removing overlay from FXGLMainMenuDummyScene and adding to MainMenu
19:05:38.868 [JavaFX Application Thread] DEBUG PrimaryStageWindow   - FXGLMainMenuDummyScene -> MainMenu
19:05:39.759 [JavaFX Application Thread] DEBUG Menu                 - fireNewGame()
19:05:39.759 [JavaFX Application Thread] DEBUG GameApplicationServi - Starting new game
19:05:39.759 [JavaFX Application Thread] DEBUG PrimaryStageWindow   - Pop state: MainMenu
19:05:39.760 [JavaFX Application Thread] DEBUG Input                - Clearing active input actions
19:05:39.760 [JavaFX Application Thread] DEBUG GameApplicationServi - Removing overlay from MainMenu and adding to FXGLMainMenuDummyScene
19:05:39.761 [JavaFX Application Thread] DEBUG PrimaryStageWindow   - FXGLMainMenuDummyScene <- MainMenu
19:05:39.761 [JavaFX Application Thread] DEBUG Input                - Clearing active input actions
19:05:39.766 [JavaFX Application Thread] DEBUG GameApplicationServi - Removing overlay from FXGLMainMenuDummyScene and adding to FXGLLoadingScene
19:05:39.767 [JavaFX Application Thread] DEBUG PrimaryStageWindow   - FXGLMainMenuDummyScene -> FXGLLoadingScene
19:05:39.767 [JavaFX Application Thread] DEBUG GameApplicationServi - Clearing previous game
19:05:39.767 [JavaFX Application Thread] DEBUG GameScene            - Clearing game scene
19:05:39.767 [JavaFX Application Thread] DEBUG GameWorld            - Clearing game world
19:05:39.769 [JavaFX Application Thread] DEBUG PhysicsWorld         - Clearing physics world
19:05:39.769 [FXGL Background Thread 2 ] DEBUG FXGLApplication      - Initializing game
19:05:39.780 [FXGL Background Thread 2 ] INFO  FXGLApplication      - Game initialization took: 0.011 sec
19:05:39.781 [JavaFX Application Thread] DEBUG Input                - Clearing active input actions
19:05:39.783 [JavaFX Application Thread] DEBUG GameApplicationServi - Removing overlay from FXGLLoadingScene and adding to GameScene
19:05:39.783 [JavaFX Application Thread] DEBUG PrimaryStageWindow   - FXGLLoadingScene -> GameScene
19:05:41.351 [JavaFX Application Thread] DEBUG PrimaryStageWindow   - Push state: PauseMenu
19:05:41.351 [JavaFX Application Thread] DEBUG Input                - Clearing active input actions
19:05:41.351 [JavaFX Application Thread] DEBUG GameApplicationServi - Removing overlay from GameScene and adding to PauseMenu
19:05:41.352 [JavaFX Application Thread] DEBUG PrimaryStageWindow   - GameScene -> PauseMenu
19:05:42.158 [JavaFX Application Thread] DEBUG Menu                 - fireExitToMainMenu()
19:05:42.158 [JavaFX Application Thread] DEBUG PrimaryStageWindow   - Push state: DialogSubScene
19:05:42.159 [JavaFX Application Thread] DEBUG Input                - Clearing active input actions
19:05:42.159 [JavaFX Application Thread] DEBUG GameApplicationServi - Removing overlay from PauseMenu and adding to DialogSubScene
19:05:42.159 [JavaFX Application Thread] DEBUG PrimaryStageWindow   - PauseMenu -> DialogSubScene
19:05:42.826 [JavaFX Application Thread] DEBUG PrimaryStageWindow   - Pop state: DialogSubScene
19:05:42.826 [JavaFX Application Thread] DEBUG Input                - Clearing active input actions
19:05:42.827 [JavaFX Application Thread] DEBUG GameApplicationServi - Removing overlay from DialogSubScene and adding to PauseMenu
19:05:42.827 [JavaFX Application Thread] DEBUG PrimaryStageWindow   - PauseMenu <- DialogSubScene
19:05:42.827 [JavaFX Application Thread] DEBUG PrimaryStageWindow   - Pop state: PauseMenu
19:05:42.827 [JavaFX Application Thread] DEBUG Input                - Clearing active input actions
19:05:42.828 [JavaFX Application Thread] DEBUG GameApplicationServi - Removing overlay from PauseMenu and adding to GameScene
19:05:42.828 [JavaFX Application Thread] DEBUG PrimaryStageWindow   - GameScene <- PauseMenu
19:05:42.828 [JavaFX Application Thread] DEBUG Input                - Clearing active input actions
19:05:42.832 [JavaFX Application Thread] DEBUG GameApplicationServi - Removing overlay from GameScene and adding to FXGLMainMenuDummyScene
19:05:42.833 [JavaFX Application Thread] DEBUG PrimaryStageWindow   - GameScene -> FXGLMainMenuDummyScene
19:05:42.833 [JavaFX Application Thread] DEBUG PrimaryStageWindow   - Push state: MainMenu
19:05:42.833 [JavaFX Application Thread] DEBUG Input                - Clearing active input actions
19:05:42.834 [JavaFX Application Thread] DEBUG GameApplicationServi - Removing overlay from FXGLMainMenuDummyScene and adding to MainMenu
19:05:42.834 [JavaFX Application Thread] DEBUG PrimaryStageWindow   - FXGLMainMenuDummyScene -> MainMenu
19:05:43.976 [JavaFX Application Thread] DEBUG Menu                 - fireNewGame()
19:05:43.976 [JavaFX Application Thread] DEBUG GameApplicationServi - Starting new game
19:05:43.976 [JavaFX Application Thread] DEBUG PrimaryStageWindow   - Pop state: MainMenu
19:05:43.976 [JavaFX Application Thread] DEBUG Input                - Clearing active input actions
19:05:43.977 [JavaFX Application Thread] DEBUG GameApplicationServi - Removing overlay from MainMenu and adding to FXGLMainMenuDummyScene
19:05:43.977 [JavaFX Application Thread] DEBUG PrimaryStageWindow   - FXGLMainMenuDummyScene <- MainMenu
19:05:43.977 [JavaFX Application Thread] DEBUG Input                - Clearing active input actions
19:05:43.982 [JavaFX Application Thread] DEBUG GameApplicationServi - Removing overlay from FXGLMainMenuDummyScene and adding to FXGLLoadingScene
19:05:43.983 [JavaFX Application Thread] DEBUG PrimaryStageWindow   - FXGLMainMenuDummyScene -> FXGLLoadingScene
19:05:43.983 [JavaFX Application Thread] DEBUG GameApplicationServi - Clearing previous game
19:05:43.983 [JavaFX Application Thread] DEBUG GameScene            - Clearing game scene
19:05:43.983 [JavaFX Application Thread] DEBUG GameWorld            - Clearing game world
19:05:43.985 [JavaFX Application Thread] DEBUG PhysicsWorld         - Clearing physics world
19:05:43.985 [FXGL Background Thread 2 ] DEBUG FXGLApplication      - Initializing game
19:05:43.996 [FXGL Background Thread 2 ] INFO  FXGLApplication      - Game initialization took: 0.010 sec
19:05:43.996 [JavaFX Application Thread] DEBUG Input                - Clearing active input actions
19:05:43.999 [JavaFX Application Thread] DEBUG GameApplicationServi - Removing overlay from FXGLLoadingScene and adding to GameScene
19:05:43.999 [JavaFX Application Thread] DEBUG PrimaryStageWindow   - FXGLLoadingScene -> GameScene
19:05:44.754 [JavaFX Application Thread] DEBUG PrimaryStageWindow   - Push state: PauseMenu
19:05:44.754 [JavaFX Application Thread] DEBUG Input                - Clearing active input actions
19:05:44.755 [JavaFX Application Thread] DEBUG GameApplicationServi - Removing overlay from GameScene and adding to PauseMenu
19:05:44.755 [JavaFX Application Thread] DEBUG PrimaryStageWindow   - GameScene -> PauseMenu
19:05:45.292 [JavaFX Application Thread] DEBUG Menu                 - fireExitToMainMenu()
19:05:45.292 [JavaFX Application Thread] DEBUG PrimaryStageWindow   - Push state: DialogSubScene
19:05:45.292 [JavaFX Application Thread] DEBUG Input                - Clearing active input actions
19:05:45.293 [JavaFX Application Thread] DEBUG GameApplicationServi - Removing overlay from PauseMenu and adding to DialogSubScene
19:05:45.293 [JavaFX Application Thread] DEBUG PrimaryStageWindow   - PauseMenu -> DialogSubScene
19:05:46.059 [JavaFX Application Thread] DEBUG PrimaryStageWindow   - Pop state: DialogSubScene
19:05:46.060 [JavaFX Application Thread] DEBUG Input                - Clearing active input actions
19:05:46.060 [JavaFX Application Thread] DEBUG GameApplicationServi - Removing overlay from DialogSubScene and adding to PauseMenu
19:05:46.060 [JavaFX Application Thread] DEBUG PrimaryStageWindow   - PauseMenu <- DialogSubScene
19:05:46.061 [JavaFX Application Thread] DEBUG PrimaryStageWindow   - Pop state: PauseMenu
19:05:46.061 [JavaFX Application Thread] DEBUG Input                - Clearing active input actions
19:05:46.061 [JavaFX Application Thread] DEBUG GameApplicationServi - Removing overlay from PauseMenu and adding to GameScene
19:05:46.061 [JavaFX Application Thread] DEBUG PrimaryStageWindow   - GameScene <- PauseMenu
19:05:46.061 [JavaFX Application Thread] DEBUG Input                - Clearing active input actions
19:05:46.066 [JavaFX Application Thread] DEBUG GameApplicationServi - Removing overlay from GameScene and adding to FXGLMainMenuDummyScene
19:05:46.066 [JavaFX Application Thread] DEBUG PrimaryStageWindow   - GameScene -> FXGLMainMenuDummyScene
19:05:46.066 [JavaFX Application Thread] DEBUG PrimaryStageWindow   - Push state: MainMenu
19:05:46.066 [JavaFX Application Thread] DEBUG Input                - Clearing active input actions
19:05:46.066 [JavaFX Application Thread] DEBUG GameApplicationServi - Removing overlay from FXGLMainMenuDummyScene and adding to MainMenu
19:05:46.067 [JavaFX Application Thread] DEBUG PrimaryStageWindow   - FXGLMainMenuDummyScene -> MainMenu
19:05:47.276 [JavaFX Application Thread] DEBUG Menu                 - fireExit()
19:05:47.278 [JavaFX Application Thread] DEBUG PrimaryStageWindow   - Push state: DialogSubScene
19:05:47.278 [JavaFX Application Thread] DEBUG Input                - Clearing active input actions
19:05:47.279 [JavaFX Application Thread] DEBUG GameApplicationServi - Removing overlay from MainMenu and adding to DialogSubScene
19:05:47.279 [JavaFX Application Thread] DEBUG PrimaryStageWindow   - MainMenu -> DialogSubScene
19:05:48.041 [JavaFX Application Thread] DEBUG PrimaryStageWindow   - Pop state: DialogSubScene
19:05:48.041 [JavaFX Application Thread] DEBUG Input                - Clearing active input actions
19:05:48.041 [JavaFX Application Thread] DEBUG GameApplicationServi - Removing overlay from DialogSubScene and adding to MainMenu
19:05:48.041 [JavaFX Application Thread] DEBUG PrimaryStageWindow   - MainMenu <- DialogSubScene
19:05:48.042 [JavaFX Application Thread] DEBUG FXGLApplication      - Exiting FXGL
19:05:48.042 [JavaFX Application Thread] DEBUG LoopRunner           - Stopping loop
19:05:48.042 [JavaFX Application Thread] DEBUG SystemBundleService  - Saving FXGL system data
19:05:48.044 [JavaFX Application Thread] DEBUG FileSystemAccess     - Writing to: /Users/hiimecho/Documents/Coding/Java/Coding/SpaceX-Invader/system/fxgl.bundle
19:05:48.046 [JavaFX Application Thread] DEBUG Async                - Shutting down background threads
19:05:48.046 [JavaFX Application Thread] DEBUG PrimaryStageWindow   - Closing main window
19:05:48.052 [JavaFX Application Thread] DEBUG Logger               - Closing Logger
