20:01:29.502 [main                     ] DEBUG Logger               - Configured Logger
20:01:29.516 [main                     ] DEBUG GameApplication      - Logging settings
Title: SpaceX Invader
Version: 0.0
Width: 450
Height: 600
Fullscreen: false
Intro: false
Profiling: false
Single step:false
App Mode: DEVELOPER
Menu Key: ESCAPE
Stage Style: DECORATED
Scene Factory: class com.ood.spacexinvader.GameStart$1

20:01:29.749 [JavaFX Application Thread] DEBUG FXGLApplication      - Initializing FXGL
20:01:29.752 [JavaFX Application Thread] INFO  Engine               - FXGL-17.2 (20.08.2022 16.50) on MAC (J:17.0.4.1 FX:17.0.2-ea)
20:01:29.752 [JavaFX Application Thread] DEBUG Engine               - JRE Vendor Name: Oracle Corporation
20:01:29.752 [JavaFX Application Thread] DEBUG Engine               - Running on OS: Mac OS X version 13.0.1
20:01:29.752 [JavaFX Application Thread] DEBUG Engine               - Architecture: aarch64
20:01:29.752 [JavaFX Application Thread] INFO  Engine               - Source code and latest versions at: https://github.com/AlmasB/FXGL
20:01:29.753 [JavaFX Application Thread] INFO  Engine               -       Ask questions and discuss at: https://github.com/AlmasB/FXGL/discussions
20:01:29.753 [JavaFX Application Thread] INFO  Engine               -              Join the FXGL chat at: https://gitter.im/AlmasB/FXGL
20:01:29.791 [JavaFX Application Thread] DEBUG PrimaryStageWindow   - Creating a JavaFX scene
20:01:29.809 [JavaFX Application Thread] DEBUG PrimaryStageWindow   - Target settings size: 450.0 x 600.0
20:01:29.810 [JavaFX Application Thread] DEBUG PrimaryStageWindow   - Scaled scene size:    450.0 x 600.0
20:01:29.810 [JavaFX Application Thread] DEBUG PrimaryStageWindow   - Scaled ratio: (1.0, 1.0)
20:01:29.810 [JavaFX Application Thread] DEBUG PrimaryStageWindow   - Set initial scene to FXGLStartupScene
20:01:29.813 [JavaFX Application Thread] DEBUG PrimaryStageWindow   - Opening main window
20:01:29.848 [JavaFX Application Thread] DEBUG PrimaryStageWindow   - Window border size: (0.0, 28.0)
20:01:29.848 [JavaFX Application Thread] DEBUG PrimaryStageWindow   - Scaled size: 450.0 x 600.0
20:01:29.848 [JavaFX Application Thread] DEBUG PrimaryStageWindow   - Scaled ratio: (1.0, 1.0)
20:01:29.848 [JavaFX Application Thread] DEBUG PrimaryStageWindow   - Scene size: 450.0 x 600.0
20:01:29.848 [JavaFX Application Thread] DEBUG PrimaryStageWindow   - Stage size: 450.0 x 628.0
20:01:29.851 [FXGL Background Thread 1 ] DEBUG Engine               - Initializing environment variables
20:01:29.864 [FXGL Background Thread 1 ] DEBUG FXGLAssetLoaderServi - User app class for loading assets: class com.ood.spacexinvader.GameStart
20:01:29.864 [FXGL Background Thread 1 ] DEBUG GameApplicationServi - Applying CSS: fxgl_dark.css
20:01:29.864 [FXGL Background Thread 1 ] DEBUG FXGLAssetLoaderServi - Loading from file system: jar:file:///Users/hiimecho/.gradle/caches/modules-2/files-2.1/com.github.almasb/fxgl/17.2/35db6ae960eec2dcfd19262d3b7f9c42f0e95bc3/fxgl-17.2.jar!/fxglassets/ui/css/fxgl_dark.css
20:01:29.885 [FXGL Background Thread 1 ] DEBUG GameApplicationServi - Initializing application scenes
20:01:29.962 [FXGL Background Thread 1 ] DEBUG GameWorld            - Game world initialized
20:01:29.990 [FXGL Background Thread 1 ] DEBUG PhysicsWorld         - Physics world initialized: appHeight=600, physics.ppm=50.0
20:01:29.990 [FXGL Background Thread 1 ] DEBUG PhysicsWorld         - Using strategy: BRUTE_FORCE
20:01:29.992 [FXGL Background Thread 1 ] DEBUG GameScene            - Game scene initialized: 450x600
20:01:29.994 [JavaFX Application Thread] DEBUG LoopRunner           - Stopping loop
20:01:29.994 [JavaFX Application Thread] DEBUG LoopRunner           - Initializing JavaFX AnimationTimerLoop
20:01:29.995 [JavaFX Application Thread] FATAL FXGLApplication      - Uncaught Exception:
java.lang.IllegalArgumentException: Invalid URL: Invalid URL or resource not found
	at javafx.graphics/javafx.scene.image.Image.validateUrl(Image.java:1135)
	at javafx.graphics/javafx.scene.image.Image.<init>(Image.java:625)
	at spacexinvader@1.0-SNAPSHOT/com.ood.spacexinvader.MainMenu.<init>(MainMenu.java:23)
	at spacexinvader@1.0-SNAPSHOT/com.ood.spacexinvader.GameStart$1.newMainMenu(GameStart.java:36)
	at com.almasb.fxgl.all@17.2/com.almasb.fxgl.app.FXGLApplication$GameApplicationService.initAppScenes(FXGLApplication.kt:457)
	at com.almasb.fxgl.all@17.2/com.almasb.fxgl.app.FXGLApplication$GameApplicationService.onInit(FXGLApplication.kt:417)
	at com.almasb.fxgl.all@17.2/com.almasb.fxgl.app.Engine.initServices(Engine.kt:85)
	at com.almasb.fxgl.all@17.2/com.almasb.fxgl.app.FXGLApplication.startImpl$lambda-2(FXGLApplication.kt:138)
	at com.almasb.fxgl.core@17.2/com.almasb.fxgl.core.concurrent.IOTask.lambda$ofVoid$5(IOTask.java:184)
	at com.almasb.fxgl.core@17.2/com.almasb.fxgl.core.concurrent.IOTask$2.onExecute(IOTask.java:197)
	at com.almasb.fxgl.core@17.2/com.almasb.fxgl.core.concurrent.IOTask$1.call(IOTask.java:148)
	at javafx.graphics/javafx.concurrent.Task$TaskCallable.call(Task.java:1426)
	at java.base/java.util.concurrent.FutureTask.run(FutureTask.java:264)
	at java.base/java.util.concurrent.Executors$RunnableAdapter.call(Executors.java:539)
	at java.base/java.util.concurrent.FutureTask.run(FutureTask.java:264)
	at java.base/java.util.concurrent.ThreadPoolExecutor.runWorker(ThreadPoolExecutor.java:1136)
	at java.base/java.util.concurrent.ThreadPoolExecutor$Worker.run(ThreadPoolExecutor.java:635)
	at java.base/java.lang.Thread.run(Thread.java:833)
Caused by: java.lang.IllegalArgumentException: Invalid URL or resource not found
	at javafx.graphics/javafx.scene.image.Image.validateUrl(Image.java:1120)
	... 17 more

20:01:29.995 [JavaFX Application Thread] FATAL FXGLApplication      - Application will now exit
20:01:30.013 [JavaFX Application Thread] DEBUG PrimaryStageWindow   - Push state: ErrorSubScene
20:01:30.013 [JavaFX Application Thread] DEBUG Input                - Clearing active input actions
20:01:30.016 [JavaFX Application Thread] DEBUG GameApplicationServi - Removing overlay from FXGLStartupScene and adding to ErrorSubScene
20:01:30.016 [JavaFX Application Thread] DEBUG PrimaryStageWindow   - FXGLStartupScene -> ErrorSubScene
20:01:36.103 [JavaFX Application Thread] DEBUG FXGLApplication      - Exiting FXGL
20:01:36.103 [JavaFX Application Thread] DEBUG Async                - Shutting down background threads
20:01:36.103 [JavaFX Application Thread] DEBUG PrimaryStageWindow   - Closing main window
20:01:36.107 [JavaFX Application Thread] DEBUG Logger               - Closing Logger
