14:50:22.193 [main                     ] DEBUG Logger               - Configured Logger
14:50:22.233 [main                     ] DEBUG GameApplication      - Logging settings
Title: SpaceX Invader
Version: 0.0
Width: 450
Height: 600
Fullscreen: false
Intro: false
Profiling: false
Single step:false
App Mode: DEVELOPER
Menu Key: ESCAPE
Stage Style: DECORATED
Scene Factory: class com.ood.spacexinvader.GameStart$1

14:50:22.773 [JavaFX Application Thread] DEBUG FXGLApplication      - Initializing FXGL
14:50:22.781 [JavaFX Application Thread] INFO  Engine               - FXGL-17.2 (20.08.2022 16.50) on MAC (J:17.0.3 FX:17.0.2-ea)
14:50:22.781 [JavaFX Application Thread] DEBUG Engine               - JRE Vendor Name: Eclipse Adoptium
14:50:22.782 [JavaFX Application Thread] DEBUG Engine               - Running on OS: Mac OS X version 13.1
14:50:22.782 [JavaFX Application Thread] DEBUG Engine               - Architecture: x86_64
14:50:22.782 [JavaFX Application Thread] INFO  Engine               - Source code and latest versions at: https://github.com/AlmasB/FXGL
14:50:22.782 [JavaFX Application Thread] INFO  Engine               -       Ask questions and discuss at: https://github.com/AlmasB/FXGL/discussions
14:50:22.783 [JavaFX Application Thread] INFO  Engine               -              Join the FXGL chat at: https://gitter.im/AlmasB/FXGL
14:50:22.898 [JavaFX Application Thread] DEBUG PrimaryStageWindow   - Creating a JavaFX scene
14:50:22.958 [JavaFX Application Thread] DEBUG PrimaryStageWindow   - Target settings size: 450.0 x 600.0
14:50:22.959 [JavaFX Application Thread] DEBUG PrimaryStageWindow   - Scaled scene size:    450.0 x 600.0
14:50:22.959 [JavaFX Application Thread] DEBUG PrimaryStageWindow   - Scaled ratio: (1.0, 1.0)
14:50:22.961 [JavaFX Application Thread] DEBUG PrimaryStageWindow   - Set initial scene to FXGLStartupScene
14:50:22.969 [JavaFX Application Thread] DEBUG PrimaryStageWindow   - Opening main window
14:50:23.069 [JavaFX Application Thread] DEBUG PrimaryStageWindow   - Window border size: (0.0, 28.0)
14:50:23.070 [JavaFX Application Thread] DEBUG PrimaryStageWindow   - Scaled size: 450.0 x 600.0
14:50:23.070 [JavaFX Application Thread] DEBUG PrimaryStageWindow   - Scaled ratio: (1.0, 1.0)
14:50:23.070 [JavaFX Application Thread] DEBUG PrimaryStageWindow   - Scene size: 450.0 x 600.0
14:50:23.071 [JavaFX Application Thread] DEBUG PrimaryStageWindow   - Stage size: 450.0 x 628.0
14:50:23.078 [FXGL Background Thread 1 ] DEBUG Engine               - Initializing environment variables
14:50:23.131 [FXGL Background Thread 1 ] DEBUG FXGLAssetLoaderServi - User app class for loading assets: class com.ood.spacexinvader.GameStart
14:50:23.132 [FXGL Background Thread 1 ] DEBUG GameApplicationServi - Applying CSS: fxgl_dark.css
14:50:23.133 [FXGL Background Thread 1 ] DEBUG FXGLAssetLoaderServi - Loading from file system: jar:file:///Users/leowong/.gradle/caches/modules-2/files-2.1/com.github.almasb/fxgl/17.2/35db6ae960eec2dcfd19262d3b7f9c42f0e95bc3/fxgl-17.2.jar!/fxglassets/ui/css/fxgl_dark.css
14:50:23.208 [FXGL Background Thread 1 ] DEBUG GameApplicationServi - Initializing application scenes
14:50:23.559 [FXGL Background Thread 1 ] DEBUG GameWorld            - Game world initialized
14:50:23.637 [FXGL Background Thread 1 ] DEBUG PhysicsWorld         - Physics world initialized: appHeight=600, physics.ppm=50.0
14:50:23.638 [FXGL Background Thread 1 ] DEBUG PhysicsWorld         - Using strategy: BRUTE_FORCE
14:50:23.645 [FXGL Background Thread 1 ] DEBUG GameScene            - Game scene initialized: 450x600
14:50:23.668 [FXGL Background Thread 1 ] WARN  FXGL.DefaultMenu     - FXGLDefaultMenu is not designed for resolutions < 800x600
14:50:23.669 [FXGL Background Thread 1 ] DEBUG FXGL.DefaultMenu     - createMenuBodyGameMenu()
14:50:23.682 [FXGL Background Thread 1 ] DEBUG FXGL.DefaultMenu     - createOptionsMenu()
14:50:23.697 [FXGL Background Thread 1 ] DEBUG FXGLAssetLoaderServi - Loading from file system: jar:file:///Users/leowong/.gradle/caches/modules-2/files-2.1/com.github.almasb/fxgl/17.2/35db6ae960eec2dcfd19262d3b7f9c42f0e95bc3/fxgl-17.2.jar!/fxglassets/textures/particles/smoke.png
14:50:23.828 [FXGL Background Thread 1 ] DEBUG FXGLAssetLoaderServi - Loading from file system: jar:file:///Users/leowong/.gradle/caches/modules-2/files-2.1/com.github.almasb/fxgl/17.2/35db6ae960eec2dcfd19262d3b7f9c42f0e95bc3/fxgl-17.2.jar!/fxglassets/textures/particles/trace_horizontal.png
14:50:23.858 [FXGL Background Thread 1 ] DEBUG GameApplicationServi - Application scenes initialized
14:50:23.876 [FXGL Background Thread 1 ] DEBUG SystemBundleService  - Loading FXGL system data
14:50:23.882 [FXGL Background Thread 1 ] DEBUG FileSystemAccess     - Reading from: /Users/leowong/IdeaProjects/SpaceX-Invader/system/fxgl.bundle
14:50:23.892 [FXGL Background Thread 1 ] DEBUG SystemBundleService  - Bundle FXGL: {}
14:50:23.892 [FXGL Background Thread 1 ] DEBUG UpdaterService       - Checking for updates
14:50:23.901 [FXGL Background Thread 4 ] DEBUG FXGLApplication      - Loading fonts
14:50:23.901 [FXGL Background Thread 4 ] DEBUG FXGLAssetLoaderServi - Loading from file system: jar:file:///Users/leowong/.gradle/caches/modules-2/files-2.1/com.github.almasb/fxgl/17.2/35db6ae960eec2dcfd19262d3b7f9c42f0e95bc3/fxgl-17.2.jar!/fxglassets/ui/fonts/VarelaRound-Regular.ttf
14:50:23.902 [FXGL Background Thread 1 ] DEBUG FXGLApplication      - Loading default localization
14:50:23.903 [FXGL Background Thread 1 ] DEBUG FXGLAssetLoaderServi - Loading from file system: jar:file:///Users/leowong/.gradle/caches/modules-2/files-2.1/com.github.almasb/fxgl/17.2/35db6ae960eec2dcfd19262d3b7f9c42f0e95bc3/fxgl-17.2.jar!/fxglassets/languages/english.lang
14:50:23.919 [FXGL Background Thread 4 ] DEBUG FXGLAssetLoaderServi - Loading from file system: jar:file:///Users/leowong/.gradle/caches/modules-2/files-2.1/com.github.almasb/fxgl/17.2/35db6ae960eec2dcfd19262d3b7f9c42f0e95bc3/fxgl-17.2.jar!/fxglassets/ui/fonts/Abel-Regular.ttf
14:50:23.925 [FXGL Background Thread 4 ] DEBUG FXGLAssetLoaderServi - Loading from file system: jar:file:///Users/leowong/.gradle/caches/modules-2/files-2.1/com.github.almasb/fxgl/17.2/35db6ae960eec2dcfd19262d3b7f9c42f0e95bc3/fxgl-17.2.jar!/fxglassets/ui/fonts/TerminalLandMono-Regular.otf
14:50:23.929 [FXGL Background Thread 1 ] INFO  FXGLApplication      - FXGL initialization took: 0.851 sec
14:50:23.931 [FXGL Background Thread 4 ] DEBUG FXGLAssetLoaderServi - Loading from file system: jar:file:///Users/leowong/.gradle/caches/modules-2/files-2.1/com.github.almasb/fxgl/17.2/35db6ae960eec2dcfd19262d3b7f9c42f0e95bc3/fxgl-17.2.jar!/fxglassets/ui/fonts/Courier-Prime.ttf
14:50:23.950 [JavaFX Application Thread] DEBUG Input                - Registered new binding: Left - A
14:50:23.951 [JavaFX Application Thread] DEBUG Input                - Registered new binding: Right - D
14:50:23.951 [JavaFX Application Thread] DEBUG Input                - Registered new binding: Shoot - J
14:50:23.952 [JavaFX Application Thread] DEBUG FXGLAssetLoaderServi - Loading from file system: jar:file:///Users/leowong/IdeaProjects/SpaceX-Invader/build/libs/SpaceX-Invader-1.0-SNAPSHOT.jar!/assets/textures/icon/spacex-invader-favicon-black.png
14:50:23.969 [JavaFX Application Thread] DEBUG FXGLAssetLoaderServi - Loading from file system: jar:file:///Users/leowong/.gradle/caches/modules-2/files-2.1/com.github.almasb/fxgl/17.2/35db6ae960eec2dcfd19262d3b7f9c42f0e95bc3/fxgl-17.2.jar!/fxglassets/textures/fxgl_default_cursor.png
14:50:23.972 [JavaFX Application Thread] DEBUG Input                - Registered new binding: Screenshot - CTRL+8
14:50:23.972 [JavaFX Application Thread] DEBUG Input                - Registered new binding: System info dump - CTRL+9
14:50:23.973 [JavaFX Application Thread] DEBUG Input                - Registered new binding: Restart - CTRL+R
14:50:23.973 [JavaFX Application Thread] DEBUG Input                - Registered new binding: Toggle Debug Camera - CTRL+7
14:50:23.975 [JavaFX Application Thread] DEBUG LoopRunner           - Starting loop
14:50:23.976 [JavaFX Application Thread] DEBUG LoopRunner           - Initializing JavaFX AnimationTimerLoop
14:50:23.979 [JavaFX Application Thread] DEBUG Input                - Clearing active input actions
14:50:23.987 [JavaFX Application Thread] DEBUG GameApplicationServi - Removing overlay from FXGLStartupScene and adding to FXGLMainMenuDummyScene
14:50:23.988 [JavaFX Application Thread] DEBUG PrimaryStageWindow   - FXGLStartupScene -> FXGLMainMenuDummyScene
14:50:23.988 [JavaFX Application Thread] DEBUG PrimaryStageWindow   - Push state: MainMenu
14:50:23.988 [JavaFX Application Thread] DEBUG Input                - Clearing active input actions
14:50:23.992 [JavaFX Application Thread] DEBUG GameApplicationServi - Removing overlay from FXGLMainMenuDummyScene and adding to MainMenu
14:50:23.993 [JavaFX Application Thread] DEBUG PrimaryStageWindow   - FXGLMainMenuDummyScene -> MainMenu
14:50:24.050 [JavaFX Application Thread] DEBUG FXGLApplication      - Registering font factories with UI factory
14:50:25.760 [JavaFX Application Thread] DEBUG GameApplicationServi - Starting new game
14:50:25.761 [JavaFX Application Thread] DEBUG PrimaryStageWindow   - Pop state: MainMenu
14:50:25.761 [JavaFX Application Thread] DEBUG Input                - Clearing active input actions
14:50:25.762 [JavaFX Application Thread] DEBUG GameApplicationServi - Removing overlay from MainMenu and adding to FXGLMainMenuDummyScene
14:50:25.763 [JavaFX Application Thread] DEBUG PrimaryStageWindow   - FXGLMainMenuDummyScene <- MainMenu
14:50:25.763 [JavaFX Application Thread] DEBUG Input                - Clearing active input actions
14:50:25.771 [JavaFX Application Thread] DEBUG GameApplicationServi - Removing overlay from FXGLMainMenuDummyScene and adding to FXGLLoadingScene
14:50:25.772 [JavaFX Application Thread] DEBUG PrimaryStageWindow   - FXGLMainMenuDummyScene -> FXGLLoadingScene
14:50:25.772 [JavaFX Application Thread] DEBUG GameApplicationServi - Clearing previous game
14:50:25.772 [JavaFX Application Thread] DEBUG GameScene            - Clearing game scene
14:50:25.772 [JavaFX Application Thread] DEBUG GameWorld            - Clearing game world
14:50:25.772 [JavaFX Application Thread] DEBUG PhysicsWorld         - Clearing physics world
14:50:25.775 [FXGL Background Thread 4 ] DEBUG FXGLApplication      - Initializing game
14:50:25.778 [FXGL Background Thread 4 ] DEBUG FXGLAssetLoaderServi - Loading from file system: jar:file:///Users/leowong/IdeaProjects/SpaceX-Invader/build/libs/SpaceX-Invader-1.0-SNAPSHOT.jar!/assets/textures/player/SpaceX.png
14:50:25.797 [FXGL Background Thread 4 ] INFO  FXGLApplication      - Game initialization took: 0.022 sec
14:50:25.797 [JavaFX Application Thread] DEBUG Input                - Clearing active input actions
14:50:25.804 [JavaFX Application Thread] DEBUG GameApplicationServi - Removing overlay from FXGLLoadingScene and adding to GameScene
14:50:25.804 [JavaFX Application Thread] DEBUG PrimaryStageWindow   - FXGLLoadingScene -> GameScene
14:50:26.901 [FXGL Background Thread 3 ] DEBUG Engine               - Logging environment variables
14:50:26.902 [FXGL Background Thread 3 ] DEBUG Engine               - achievements: []
14:50:26.902 [FXGL Background Thread 3 ] DEBUG Engine               - actualHeight: 600.0
14:50:26.903 [FXGL Background Thread 3 ] DEBUG Engine               - actualHeightProperty: ReadOnlyDoubleProperty [value: 600.0]
14:50:26.903 [FXGL Background Thread 3 ] DEBUG Engine               - actualWidth: 450.0
14:50:26.903 [FXGL Background Thread 3 ] DEBUG Engine               - actualWidthProperty: ReadOnlyDoubleProperty [value: 450.0]
14:50:26.904 [FXGL Background Thread 3 ] DEBUG Engine               - appIcon: icon/spacex-invader-favicon-black.png
14:50:26.904 [FXGL Background Thread 3 ] DEBUG Engine               - applicationMode: DEVELOPER
14:50:26.904 [FXGL Background Thread 3 ] DEBUG Engine               - cSSList: [fxgl_dark.css]
14:50:26.904 [FXGL Background Thread 3 ] DEBUG Engine               - collisionDetectionStrategy: BRUTE_FORCE
14:50:26.904 [FXGL Background Thread 3 ] DEBUG Engine               - configClass: Optional.empty
14:50:26.904 [FXGL Background Thread 3 ] DEBUG Engine               - credits: []
14:50:26.905 [FXGL Background Thread 3 ] DEBUG Engine               - defaultCursor: CursorInfo(imageName=fxgl_default_cursor.png, hotspotX=7.0, hotspotY=6.0)
14:50:26.906 [FXGL Background Thread 3 ] DEBUG Engine               - devBBoxColorProperty: ObjectProperty [value: 0xff0000ff]
14:50:26.906 [FXGL Background Thread 3 ] DEBUG Engine               - devEnableDebugCameraProperty: BooleanProperty [value: false]
14:50:26.906 [FXGL Background Thread 3 ] DEBUG Engine               - devSensorColorProperty: ObjectProperty [value: 0xffff00ff]
14:50:26.906 [FXGL Background Thread 3 ] DEBUG Engine               - devShowBBoxProperty: BooleanProperty [value: false]
14:50:26.906 [FXGL Background Thread 3 ] DEBUG Engine               - devShowPositionProperty: BooleanProperty [value: false]
14:50:26.907 [FXGL Background Thread 3 ] DEBUG Engine               - enabledMenuItems: []
14:50:26.907 [FXGL Background Thread 3 ] DEBUG Engine               - engineServices: [class com.almasb.fxgl.app.services.FXGLAssetLoaderService, class com.almasb.fxgl.app.FXGLApplication$GameApplicationService, class com.almasb.fxgl.app.services.FXGLDialogService, class com.almasb.fxgl.app.services.IOTaskExecutorService, class com.almasb.fxgl.io.FileSystemService, class com.almasb.fxgl.localization.LocalizationService, class com.almasb.fxgl.app.services.SystemBundleService, class com.almasb.fxgl.profile.SaveLoadService, class com.almasb.fxgl.ui.FXGLUIFactoryServiceProvider, class com.almasb.fxgl.ui.FXGLDialogFactoryServiceProvider, class com.almasb.fxgl.audio.AudioPlayer, class com.almasb.fxgl.notification.impl.NotificationServiceProvider, class com.almasb.fxgl.achievement.AchievementService, class com.almasb.fxgl.cutscene.CutsceneService, class com.almasb.fxgl.minigames.MiniGameService, class com.almasb.fxgl.net.NetService, class com.almasb.fxgl.app.services.UpdaterService, class com.almasb.fxgl.dev.DevService]
14:50:26.907 [FXGL Background Thread 3 ] DEBUG Engine               - fontGame: Abel-Regular.ttf
14:50:26.907 [FXGL Background Thread 3 ] DEBUG Engine               - fontMono: TerminalLandMono-Regular.otf
14:50:26.907 [FXGL Background Thread 3 ] DEBUG Engine               - fontText: Courier-Prime.ttf
14:50:26.907 [FXGL Background Thread 3 ] DEBUG Engine               - fontUI: VarelaRound-Regular.ttf
14:50:26.908 [FXGL Background Thread 3 ] DEBUG Engine               - fullScreen: BooleanProperty [value: false]
14:50:26.908 [FXGL Background Thread 3 ] DEBUG Engine               - gameDifficulty: MEDIUM
14:50:26.908 [FXGL Background Thread 3 ] DEBUG Engine               - gameDifficultyProperty: ObjectProperty [value: MEDIUM]
14:50:26.908 [FXGL Background Thread 3 ] DEBUG Engine               - globalMusicVolume: 0.5
14:50:26.908 [FXGL Background Thread 3 ] DEBUG Engine               - globalMusicVolumeProperty: DoubleProperty [value: 0.5]
14:50:26.909 [FXGL Background Thread 3 ] DEBUG Engine               - globalSoundVolume: 0.5
14:50:26.909 [FXGL Background Thread 3 ] DEBUG Engine               - globalSoundVolumeProperty: DoubleProperty [value: 0.5]
14:50:26.909 [FXGL Background Thread 3 ] DEBUG Engine               - height: 600
14:50:26.909 [FXGL Background Thread 3 ] DEBUG Engine               - is3D: false
14:50:26.909 [FXGL Background Thread 3 ] DEBUG Engine               - isAndroid: false
14:50:26.910 [FXGL Background Thread 3 ] DEBUG Engine               - isBrowser: false
14:50:26.910 [FXGL Background Thread 3 ] DEBUG Engine               - isClickFeedbackEnabled: false
14:50:26.910 [FXGL Background Thread 3 ] DEBUG Engine               - isCloseConfirmation: false
14:50:26.910 [FXGL Background Thread 3 ] DEBUG Engine               - isDesktop: true
14:50:26.910 [FXGL Background Thread 3 ] DEBUG Engine               - isDeveloperMenuEnabled: false
14:50:26.910 [FXGL Background Thread 3 ] DEBUG Engine               - isEmbedded: false
14:50:26.911 [FXGL Background Thread 3 ] DEBUG Engine               - isEntityPreloadEnabled: true
14:50:26.911 [FXGL Background Thread 3 ] DEBUG Engine               - isExperimentalTiledLargeMap: false
14:50:26.911 [FXGL Background Thread 3 ] DEBUG Engine               - isFileSystemWriteAllowed: true
14:50:26.911 [FXGL Background Thread 3 ] DEBUG Engine               - isFullScreenAllowed: false
14:50:26.911 [FXGL Background Thread 3 ] DEBUG Engine               - isFullScreenFromStart: false
14:50:26.911 [FXGL Background Thread 3 ] DEBUG Engine               - isGameMenuEnabled: true
14:50:26.911 [FXGL Background Thread 3 ] DEBUG Engine               - isIOS: false
14:50:26.912 [FXGL Background Thread 3 ] DEBUG Engine               - isIntroEnabled: false
14:50:26.912 [FXGL Background Thread 3 ] DEBUG Engine               - isLinux: false
14:50:26.912 [FXGL Background Thread 3 ] DEBUG Engine               - isMac: true
14:50:26.912 [FXGL Background Thread 3 ] DEBUG Engine               - isMainMenuEnabled: true
14:50:26.912 [FXGL Background Thread 3 ] DEBUG Engine               - isManualResizeEnabled: false
14:50:26.912 [FXGL Background Thread 3 ] DEBUG Engine               - isMobile: false
14:50:26.912 [FXGL Background Thread 3 ] DEBUG Engine               - isNative: false
14:50:26.912 [FXGL Background Thread 3 ] DEBUG Engine               - isPauseMusicWhenMinimized: true
14:50:26.912 [FXGL Background Thread 3 ] DEBUG Engine               - isPreserveResizeRatio: false
14:50:26.913 [FXGL Background Thread 3 ] DEBUG Engine               - isProfilingEnabled: false
14:50:26.913 [FXGL Background Thread 3 ] DEBUG Engine               - isScaleAffectedOnResize: true
14:50:26.913 [FXGL Background Thread 3 ] DEBUG Engine               - isSingleStep: false
14:50:26.913 [FXGL Background Thread 3 ] DEBUG Engine               - isUserProfileEnabled: false
14:50:26.913 [FXGL Background Thread 3 ] DEBUG Engine               - isWindows: false
14:50:26.913 [FXGL Background Thread 3 ] DEBUG Engine               - language: ObjectProperty [value: ENGLISH]
14:50:26.913 [FXGL Background Thread 3 ] DEBUG Engine               - menuKey: ESCAPE
14:50:26.914 [FXGL Background Thread 3 ] DEBUG Engine               - mouseSensitivity: 0.2
14:50:26.914 [FXGL Background Thread 3 ] DEBUG Engine               - notificationViewClass: class com.almasb.fxgl.notification.view.XboxNotificationView
14:50:26.914 [FXGL Background Thread 3 ] DEBUG Engine               - pixelsPerMeter: 50.0
14:50:26.914 [FXGL Background Thread 3 ] DEBUG Engine               - platform: MAC
14:50:26.914 [FXGL Background Thread 3 ] DEBUG Engine               - prefHeightProperty: ReadOnlyDoubleProperty [value: 600.0]
14:50:26.914 [FXGL Background Thread 3 ] DEBUG Engine               - prefWidthProperty: ReadOnlyDoubleProperty [value: 450.0]
14:50:26.914 [FXGL Background Thread 3 ] DEBUG Engine               - profileDir: profiles/
14:50:26.914 [FXGL Background Thread 3 ] DEBUG Engine               - profileName: StringProperty [value: DEFAULT]
14:50:26.915 [FXGL Background Thread 3 ] DEBUG Engine               - randomSeed: -1
14:50:26.915 [FXGL Background Thread 3 ] DEBUG Engine               - runtimeInfo: RuntimeInfo(platform=MAC, version=17.2, build=20.08.2022 16.50)
14:50:26.915 [FXGL Background Thread 3 ] DEBUG Engine               - saveFileExt: sav
14:50:26.915 [FXGL Background Thread 3 ] DEBUG Engine               - scaledHeightProp$fxgl: DoubleProperty [bound, value: 600.0]
14:50:26.915 [FXGL Background Thread 3 ] DEBUG Engine               - scaledWidthProp$fxgl: DoubleProperty [bound, value: 450.0]
14:50:26.915 [FXGL Background Thread 3 ] DEBUG Engine               - sceneFactory: com.ood.spacexinvader.GameStart$1@3acd50c7
14:50:26.916 [FXGL Background Thread 3 ] DEBUG Engine               - secondsIn24h: 60
14:50:26.916 [FXGL Background Thread 3 ] DEBUG Engine               - soundMenuBack: menu/back.wav
14:50:26.916 [FXGL Background Thread 3 ] DEBUG Engine               - soundMenuPress: menu/press.wav
14:50:26.916 [FXGL Background Thread 3 ] DEBUG Engine               - soundMenuSelect: menu/select.wav
14:50:26.916 [FXGL Background Thread 3 ] DEBUG Engine               - soundNotification: core/notification.wav
14:50:26.916 [FXGL Background Thread 3 ] DEBUG Engine               - stageStyle: DECORATED
14:50:26.916 [FXGL Background Thread 3 ] DEBUG Engine               - supportedLanguages: [ENGLISH, FRENCH, GERMAN, HUNGARIAN, RUSSIAN]
14:50:26.916 [FXGL Background Thread 3 ] DEBUG Engine               - ticksPerSecond: -1
14:50:26.916 [FXGL Background Thread 3 ] DEBUG Engine               - title: SpaceX Invader
14:50:26.917 [FXGL Background Thread 3 ] DEBUG Engine               - urlGithub: https://github.com/AlmasB/FXGL
14:50:26.917 [FXGL Background Thread 3 ] DEBUG Engine               - urlLeaderboard: http://fxgl-top.herokuapp.com/
14:50:26.917 [FXGL Background Thread 3 ] DEBUG Engine               - urlPOM: https://raw.githubusercontent.com/AlmasB/FXGL/release/README.md
14:50:26.917 [FXGL Background Thread 3 ] DEBUG Engine               - userAppClass: class com.ood.spacexinvader.GameStart
14:50:26.917 [FXGL Background Thread 3 ] DEBUG Engine               - version: 0.0
14:50:26.917 [FXGL Background Thread 3 ] DEBUG Engine               - versionCheckDays: 7
14:50:26.917 [FXGL Background Thread 3 ] DEBUG Engine               - width: 450
14:50:26.917 [FXGL Background Thread 3 ] DEBUG Engine               - Logging services
14:50:26.918 [FXGL Background Thread 3 ] DEBUG Engine               - class com.almasb.fxgl.app.services.FXGLAssetLoaderService
14:50:26.918 [FXGL Background Thread 3 ] DEBUG Engine               - class com.almasb.fxgl.app.FXGLApplication$GameApplicationService
14:50:26.918 [FXGL Background Thread 3 ] DEBUG Engine               - class com.almasb.fxgl.app.services.FXGLDialogService
14:50:26.918 [FXGL Background Thread 3 ] DEBUG Engine               - class com.almasb.fxgl.app.services.IOTaskExecutorService
14:50:26.918 [FXGL Background Thread 3 ] DEBUG Engine               - class com.almasb.fxgl.io.FileSystemService
14:50:26.919 [FXGL Background Thread 3 ] DEBUG Engine               - class com.almasb.fxgl.localization.LocalizationService
14:50:26.919 [FXGL Background Thread 3 ] DEBUG Engine               - class com.almasb.fxgl.app.services.SystemBundleService
14:50:26.919 [FXGL Background Thread 3 ] DEBUG Engine               - class com.almasb.fxgl.profile.SaveLoadService
14:50:26.919 [FXGL Background Thread 3 ] DEBUG Engine               - class com.almasb.fxgl.ui.FXGLUIFactoryServiceProvider
14:50:26.919 [FXGL Background Thread 3 ] DEBUG Engine               - class com.almasb.fxgl.ui.FXGLDialogFactoryServiceProvider
14:50:26.919 [FXGL Background Thread 3 ] DEBUG Engine               - class com.almasb.fxgl.audio.AudioPlayer
14:50:26.919 [FXGL Background Thread 3 ] DEBUG Engine               - class com.almasb.fxgl.notification.impl.NotificationServiceProvider
14:50:26.919 [FXGL Background Thread 3 ] DEBUG Engine               - class com.almasb.fxgl.achievement.AchievementService
14:50:26.919 [FXGL Background Thread 3 ] DEBUG Engine               - class com.almasb.fxgl.cutscene.CutsceneService
14:50:26.919 [FXGL Background Thread 3 ] DEBUG Engine               - class com.almasb.fxgl.minigames.MiniGameService
14:50:26.919 [FXGL Background Thread 3 ] DEBUG Engine               - class com.almasb.fxgl.net.NetService
14:50:26.920 [FXGL Background Thread 3 ] DEBUG Engine               - class com.almasb.fxgl.app.services.UpdaterService
14:50:26.920 [FXGL Background Thread 3 ] DEBUG Engine               - class com.almasb.fxgl.dev.DevService
14:50:36.329 [FXGL Background Thread 2 ] WARN  UpdaterService       - Failed to find updates: javax.net.ssl.SSLHandshakeException: Remote host terminated the handshake
14:50:52.698 [JavaFX Application Thread] DEBUG FXGLApplication      - Exiting FXGL
14:50:52.698 [JavaFX Application Thread] DEBUG LoopRunner           - Stopping loop
14:50:52.698 [JavaFX Application Thread] DEBUG SystemBundleService  - Saving FXGL system data
14:50:52.701 [JavaFX Application Thread] DEBUG FileSystemAccess     - Writing to: /Users/leowong/IdeaProjects/SpaceX-Invader/system/fxgl.bundle
14:50:52.704 [JavaFX Application Thread] DEBUG Async                - Shutting down background threads
14:50:52.704 [JavaFX Application Thread] DEBUG PrimaryStageWindow   - Closing main window
14:50:52.714 [JavaFX Application Thread] DEBUG Logger               - Closing Logger
