17:45:21.909 [main                     ] DEBUG Logger               - Configured Logger
17:45:21.984 [main                     ] DEBUG GameApplication      - Logging settings
Title: SpaceX Invader
Version: 0.0
Width: 450
Height: 600
Fullscreen: false
Intro: false
Profiling: false
Single step:false
App Mode: DEVELOPER
Menu Key: ESCAPE
Stage Style: DECORATED
Scene Factory: class com.almasb.fxgl.app.scene.SceneFactory

17:45:22.992 [JavaFX Application Thread] DEBUG FXGLApplication      - Initializing FXGL
17:45:23.004 [JavaFX Application Thread] INFO  Engine               - FXGL-17.2 (20.08.2022 16.50) on MAC (J:17.0.3 FX:17.0.2-ea)
17:45:23.007 [JavaFX Application Thread] DEBUG Engine               - JRE Vendor Name: Eclipse Adoptium
17:45:23.009 [JavaFX Application Thread] DEBUG Engine               - Running on OS: Mac OS X version 13.1
17:45:23.015 [JavaFX Application Thread] DEBUG Engine               - Architecture: x86_64
17:45:23.016 [JavaFX Application Thread] INFO  Engine               - Source code and latest versions at: https://github.com/AlmasB/FXGL
17:45:23.018 [JavaFX Application Thread] INFO  Engine               -       Ask questions and discuss at: https://github.com/AlmasB/FXGL/discussions
17:45:23.018 [JavaFX Application Thread] INFO  Engine               -              Join the FXGL chat at: https://gitter.im/AlmasB/FXGL
17:45:23.245 [JavaFX Application Thread] DEBUG PrimaryStageWindow   - Creating a JavaFX scene
17:45:23.341 [JavaFX Application Thread] DEBUG PrimaryStageWindow   - Target settings size: 450.0 x 600.0
17:45:23.342 [JavaFX Application Thread] DEBUG PrimaryStageWindow   - Scaled scene size:    450.0 x 600.0
17:45:23.343 [JavaFX Application Thread] DEBUG PrimaryStageWindow   - Scaled ratio: (1.0, 1.0)
17:45:23.344 [JavaFX Application Thread] DEBUG PrimaryStageWindow   - Set initial scene to FXGLStartupScene
17:45:23.359 [JavaFX Application Thread] DEBUG PrimaryStageWindow   - Opening main window
17:45:23.499 [JavaFX Application Thread] DEBUG PrimaryStageWindow   - Window border size: (0.0, 28.0)
17:45:23.500 [JavaFX Application Thread] DEBUG PrimaryStageWindow   - Scaled size: 450.0 x 600.0
17:45:23.501 [JavaFX Application Thread] DEBUG PrimaryStageWindow   - Scaled ratio: (1.0, 1.0)
17:45:23.502 [JavaFX Application Thread] DEBUG PrimaryStageWindow   - Scene size: 450.0 x 600.0
17:45:23.503 [JavaFX Application Thread] DEBUG PrimaryStageWindow   - Stage size: 450.0 x 628.0
17:45:23.517 [FXGL Background Thread 1 ] DEBUG Engine               - Initializing environment variables
17:45:23.603 [FXGL Background Thread 1 ] DEBUG FXGLAssetLoaderServi - User app class for loading assets: class com.ood.spacexinvader.GameStart
17:45:23.604 [FXGL Background Thread 1 ] DEBUG GameApplicationServi - Applying CSS: fxgl_dark.css
17:45:23.611 [FXGL Background Thread 1 ] DEBUG FXGLAssetLoaderServi - Loading from file system: jar:file:///Users/leowong/.gradle/caches/modules-2/files-2.1/com.github.almasb/fxgl/17.2/35db6ae960eec2dcfd19262d3b7f9c42f0e95bc3/fxgl-17.2.jar!/fxglassets/ui/css/fxgl_dark.css
17:45:23.743 [FXGL Background Thread 1 ] DEBUG GameApplicationServi - Initializing application scenes
17:45:24.294 [FXGL Background Thread 1 ] DEBUG GameWorld            - Game world initialized
17:45:24.424 [FXGL Background Thread 1 ] DEBUG PhysicsWorld         - Physics world initialized: appHeight=600, physics.ppm=50.0
17:45:24.425 [FXGL Background Thread 1 ] DEBUG PhysicsWorld         - Using strategy: BRUTE_FORCE
17:45:24.435 [FXGL Background Thread 1 ] DEBUG GameScene            - Game scene initialized: 450x600
17:45:24.463 [FXGL Background Thread 1 ] WARN  FXGL.DefaultMenu     - FXGLDefaultMenu is not designed for resolutions < 800x600
17:45:24.464 [FXGL Background Thread 1 ] DEBUG FXGL.DefaultMenu     - createMenuBodyGameMenu()
17:45:24.508 [FXGL Background Thread 1 ] DEBUG FXGL.DefaultMenu     - createOptionsMenu()
17:45:24.532 [FXGL Background Thread 1 ] DEBUG FXGLAssetLoaderServi - Loading from file system: jar:file:///Users/leowong/.gradle/caches/modules-2/files-2.1/com.github.almasb/fxgl/17.2/35db6ae960eec2dcfd19262d3b7f9c42f0e95bc3/fxgl-17.2.jar!/fxglassets/textures/particles/smoke.png
17:45:24.760 [FXGL Background Thread 1 ] DEBUG FXGLAssetLoaderServi - Loading from file system: jar:file:///Users/leowong/.gradle/caches/modules-2/files-2.1/com.github.almasb/fxgl/17.2/35db6ae960eec2dcfd19262d3b7f9c42f0e95bc3/fxgl-17.2.jar!/fxglassets/textures/particles/trace_horizontal.png
17:45:24.821 [FXGL Background Thread 1 ] DEBUG GameApplicationServi - Application scenes initialized
17:45:24.848 [FXGL Background Thread 1 ] DEBUG SystemBundleService  - Loading FXGL system data
17:45:24.857 [FXGL Background Thread 1 ] DEBUG FileSystemAccess     - Reading from: /Users/leowong/IdeaProjects/SpaceX-Invader/system/fxgl.bundle
17:45:24.875 [FXGL Background Thread 1 ] DEBUG SystemBundleService  - Bundle FXGL: {}
17:45:24.876 [FXGL Background Thread 1 ] DEBUG UpdaterService       - Checking for updates
17:45:24.893 [FXGL Background Thread 4 ] DEBUG FXGLApplication      - Loading fonts
17:45:24.893 [FXGL Background Thread 4 ] DEBUG FXGLAssetLoaderServi - Loading from file system: jar:file:///Users/leowong/.gradle/caches/modules-2/files-2.1/com.github.almasb/fxgl/17.2/35db6ae960eec2dcfd19262d3b7f9c42f0e95bc3/fxgl-17.2.jar!/fxglassets/ui/fonts/VarelaRound-Regular.ttf
17:45:24.894 [FXGL Background Thread 1 ] DEBUG FXGLApplication      - Loading default localization
17:45:24.895 [FXGL Background Thread 1 ] DEBUG FXGLAssetLoaderServi - Loading from file system: jar:file:///Users/leowong/.gradle/caches/modules-2/files-2.1/com.github.almasb/fxgl/17.2/35db6ae960eec2dcfd19262d3b7f9c42f0e95bc3/fxgl-17.2.jar!/fxglassets/languages/english.lang
17:45:24.912 [FXGL Background Thread 4 ] DEBUG FXGLAssetLoaderServi - Loading from file system: jar:file:///Users/leowong/.gradle/caches/modules-2/files-2.1/com.github.almasb/fxgl/17.2/35db6ae960eec2dcfd19262d3b7f9c42f0e95bc3/fxgl-17.2.jar!/fxglassets/ui/fonts/Abel-Regular.ttf
17:45:24.918 [FXGL Background Thread 4 ] DEBUG FXGLAssetLoaderServi - Loading from file system: jar:file:///Users/leowong/.gradle/caches/modules-2/files-2.1/com.github.almasb/fxgl/17.2/35db6ae960eec2dcfd19262d3b7f9c42f0e95bc3/fxgl-17.2.jar!/fxglassets/ui/fonts/TerminalLandMono-Regular.otf
17:45:24.929 [FXGL Background Thread 4 ] DEBUG FXGLAssetLoaderServi - Loading from file system: jar:file:///Users/leowong/.gradle/caches/modules-2/files-2.1/com.github.almasb/fxgl/17.2/35db6ae960eec2dcfd19262d3b7f9c42f0e95bc3/fxgl-17.2.jar!/fxglassets/ui/fonts/Courier-Prime.ttf
17:45:24.938 [JavaFX Application Thread] DEBUG FXGLApplication      - Registering font factories with UI factory
17:45:24.940 [FXGL Background Thread 1 ] INFO  FXGLApplication      - FXGL initialization took: 1.422 sec
17:45:24.941 [JavaFX Application Thread] DEBUG FXGLAssetLoaderServi - Loading from file system: jar:file:///Users/leowong/IdeaProjects/SpaceX-Invader/build/libs/SpaceX-Invader-1.0-SNAPSHOT.jar!/assets/textures/spacex-invader-favicon-black.png
17:45:25.075 [JavaFX Application Thread] DEBUG FXGLAssetLoaderServi - Loading from file system: jar:file:///Users/leowong/.gradle/caches/modules-2/files-2.1/com.github.almasb/fxgl/17.2/35db6ae960eec2dcfd19262d3b7f9c42f0e95bc3/fxgl-17.2.jar!/fxglassets/textures/fxgl_default_cursor.png
17:45:25.093 [JavaFX Application Thread] DEBUG Input                - Registered new binding: Screenshot - CTRL+8
17:45:25.094 [JavaFX Application Thread] DEBUG Input                - Registered new binding: System info dump - CTRL+9
17:45:25.095 [JavaFX Application Thread] DEBUG Input                - Registered new binding: Restart - CTRL+R
17:45:25.096 [JavaFX Application Thread] DEBUG Input                - Registered new binding: Toggle Debug Camera - CTRL+7
17:45:25.099 [JavaFX Application Thread] DEBUG LoopRunner           - Starting loop
17:45:25.110 [JavaFX Application Thread] DEBUG LoopRunner           - Initializing JavaFX AnimationTimerLoop
17:45:25.113 [JavaFX Application Thread] DEBUG GameApplicationServi - Starting new game
17:45:25.113 [JavaFX Application Thread] DEBUG Input                - Clearing active input actions
17:45:25.130 [JavaFX Application Thread] DEBUG GameApplicationServi - Removing overlay from FXGLStartupScene and adding to FXGLLoadingScene
17:45:25.131 [JavaFX Application Thread] DEBUG PrimaryStageWindow   - FXGLStartupScene -> FXGLLoadingScene
17:45:25.131 [JavaFX Application Thread] DEBUG GameApplicationServi - Clearing previous game
17:45:25.132 [JavaFX Application Thread] DEBUG GameScene            - Clearing game scene
17:45:25.132 [JavaFX Application Thread] DEBUG GameWorld            - Clearing game world
17:45:25.132 [JavaFX Application Thread] DEBUG PhysicsWorld         - Clearing physics world
17:45:25.135 [FXGL Background Thread 1 ] DEBUG FXGLApplication      - Initializing game
17:45:25.138 [FXGL Background Thread 1 ] INFO  FXGLApplication      - Game initialization took: 0.002 sec
17:45:25.294 [JavaFX Application Thread] DEBUG Input                - Clearing active input actions
17:45:25.305 [JavaFX Application Thread] DEBUG GameApplicationServi - Removing overlay from FXGLLoadingScene and adding to GameScene
17:45:25.305 [JavaFX Application Thread] DEBUG PrimaryStageWindow   - FXGLLoadingScene -> GameScene
17:45:27.894 [FXGL Background Thread 3 ] DEBUG Engine               - Logging environment variables
17:45:27.895 [FXGL Background Thread 3 ] DEBUG Engine               - achievements: []
17:45:27.896 [FXGL Background Thread 3 ] DEBUG Engine               - actualHeight: 600.0
17:45:27.896 [FXGL Background Thread 3 ] DEBUG Engine               - actualHeightProperty: ReadOnlyDoubleProperty [value: 600.0]
17:45:27.896 [FXGL Background Thread 3 ] DEBUG Engine               - actualWidth: 450.0
17:45:27.896 [FXGL Background Thread 3 ] DEBUG Engine               - actualWidthProperty: ReadOnlyDoubleProperty [value: 450.0]
17:45:27.897 [FXGL Background Thread 3 ] DEBUG Engine               - appIcon: spacex-invader-favicon-black.png
17:45:27.897 [FXGL Background Thread 3 ] DEBUG Engine               - applicationMode: DEVELOPER
17:45:27.897 [FXGL Background Thread 3 ] DEBUG Engine               - cSSList: [fxgl_dark.css]
17:45:27.897 [FXGL Background Thread 3 ] DEBUG Engine               - collisionDetectionStrategy: BRUTE_FORCE
17:45:27.898 [FXGL Background Thread 3 ] DEBUG Engine               - configClass: Optional.empty
17:45:27.898 [FXGL Background Thread 3 ] DEBUG Engine               - credits: []
17:45:27.899 [FXGL Background Thread 3 ] DEBUG Engine               - defaultCursor: CursorInfo(imageName=fxgl_default_cursor.png, hotspotX=7.0, hotspotY=6.0)
17:45:27.899 [FXGL Background Thread 3 ] DEBUG Engine               - devBBoxColorProperty: ObjectProperty [value: 0xff0000ff]
17:45:27.900 [FXGL Background Thread 3 ] DEBUG Engine               - devEnableDebugCameraProperty: BooleanProperty [value: false]
17:45:27.900 [FXGL Background Thread 3 ] DEBUG Engine               - devSensorColorProperty: ObjectProperty [value: 0xffff00ff]
17:45:27.900 [FXGL Background Thread 3 ] DEBUG Engine               - devShowBBoxProperty: BooleanProperty [value: false]
17:45:27.901 [FXGL Background Thread 3 ] DEBUG Engine               - devShowPositionProperty: BooleanProperty [value: false]
17:45:27.901 [FXGL Background Thread 3 ] DEBUG Engine               - enabledMenuItems: []
17:45:27.901 [FXGL Background Thread 3 ] DEBUG Engine               - engineServices: [class com.almasb.fxgl.app.services.FXGLAssetLoaderService, class com.almasb.fxgl.app.FXGLApplication$GameApplicationService, class com.almasb.fxgl.app.services.FXGLDialogService, class com.almasb.fxgl.app.services.IOTaskExecutorService, class com.almasb.fxgl.io.FileSystemService, class com.almasb.fxgl.localization.LocalizationService, class com.almasb.fxgl.app.services.SystemBundleService, class com.almasb.fxgl.profile.SaveLoadService, class com.almasb.fxgl.ui.FXGLUIFactoryServiceProvider, class com.almasb.fxgl.ui.FXGLDialogFactoryServiceProvider, class com.almasb.fxgl.audio.AudioPlayer, class com.almasb.fxgl.notification.impl.NotificationServiceProvider, class com.almasb.fxgl.achievement.AchievementService, class com.almasb.fxgl.cutscene.CutsceneService, class com.almasb.fxgl.minigames.MiniGameService, class com.almasb.fxgl.net.NetService, class com.almasb.fxgl.app.services.UpdaterService, class com.almasb.fxgl.dev.DevService]
17:45:27.901 [FXGL Background Thread 3 ] DEBUG Engine               - fontGame: Abel-Regular.ttf
17:45:27.901 [FXGL Background Thread 3 ] DEBUG Engine               - fontMono: TerminalLandMono-Regular.otf
17:45:27.902 [FXGL Background Thread 3 ] DEBUG Engine               - fontText: Courier-Prime.ttf
17:45:27.902 [FXGL Background Thread 3 ] DEBUG Engine               - fontUI: VarelaRound-Regular.ttf
17:45:27.902 [FXGL Background Thread 3 ] DEBUG Engine               - fullScreen: BooleanProperty [value: false]
17:45:27.903 [FXGL Background Thread 3 ] DEBUG Engine               - gameDifficulty: MEDIUM
17:45:27.903 [FXGL Background Thread 3 ] DEBUG Engine               - gameDifficultyProperty: ObjectProperty [value: MEDIUM]
17:45:27.903 [FXGL Background Thread 3 ] DEBUG Engine               - globalMusicVolume: 0.5
17:45:27.903 [FXGL Background Thread 3 ] DEBUG Engine               - globalMusicVolumeProperty: DoubleProperty [value: 0.5]
17:45:27.903 [FXGL Background Thread 3 ] DEBUG Engine               - globalSoundVolume: 0.5
17:45:27.904 [FXGL Background Thread 3 ] DEBUG Engine               - globalSoundVolumeProperty: DoubleProperty [value: 0.5]
17:45:27.904 [FXGL Background Thread 3 ] DEBUG Engine               - height: 600
17:45:27.904 [FXGL Background Thread 3 ] DEBUG Engine               - is3D: false
17:45:27.904 [FXGL Background Thread 3 ] DEBUG Engine               - isAndroid: false
17:45:27.905 [FXGL Background Thread 3 ] DEBUG Engine               - isBrowser: false
17:45:27.905 [FXGL Background Thread 3 ] DEBUG Engine               - isClickFeedbackEnabled: false
17:45:27.905 [FXGL Background Thread 3 ] DEBUG Engine               - isCloseConfirmation: false
17:45:27.905 [FXGL Background Thread 3 ] DEBUG Engine               - isDesktop: true
17:45:27.905 [FXGL Background Thread 3 ] DEBUG Engine               - isDeveloperMenuEnabled: false
17:45:27.905 [FXGL Background Thread 3 ] DEBUG Engine               - isEmbedded: false
17:45:27.906 [FXGL Background Thread 3 ] DEBUG Engine               - isEntityPreloadEnabled: true
17:45:27.906 [FXGL Background Thread 3 ] DEBUG Engine               - isExperimentalTiledLargeMap: false
17:45:27.906 [FXGL Background Thread 3 ] DEBUG Engine               - isFileSystemWriteAllowed: true
17:45:27.906 [FXGL Background Thread 3 ] DEBUG Engine               - isFullScreenAllowed: false
17:45:27.906 [FXGL Background Thread 3 ] DEBUG Engine               - isFullScreenFromStart: false
17:45:27.906 [FXGL Background Thread 3 ] DEBUG Engine               - isGameMenuEnabled: true
17:45:27.907 [FXGL Background Thread 3 ] DEBUG Engine               - isIOS: false
17:45:27.907 [FXGL Background Thread 3 ] DEBUG Engine               - isIntroEnabled: false
17:45:27.907 [FXGL Background Thread 3 ] DEBUG Engine               - isLinux: false
17:45:27.907 [FXGL Background Thread 3 ] DEBUG Engine               - isMac: true
17:45:27.908 [FXGL Background Thread 3 ] DEBUG Engine               - isMainMenuEnabled: false
17:45:27.908 [FXGL Background Thread 3 ] DEBUG Engine               - isManualResizeEnabled: false
17:45:27.908 [FXGL Background Thread 3 ] DEBUG Engine               - isMobile: false
17:45:27.908 [FXGL Background Thread 3 ] DEBUG Engine               - isNative: false
17:45:27.908 [FXGL Background Thread 3 ] DEBUG Engine               - isPauseMusicWhenMinimized: true
17:45:27.909 [FXGL Background Thread 3 ] DEBUG Engine               - isPreserveResizeRatio: false
17:45:27.909 [FXGL Background Thread 3 ] DEBUG Engine               - isProfilingEnabled: false
17:45:27.909 [FXGL Background Thread 3 ] DEBUG Engine               - isScaleAffectedOnResize: true
17:45:27.909 [FXGL Background Thread 3 ] DEBUG Engine               - isSingleStep: false
17:45:27.910 [FXGL Background Thread 3 ] DEBUG Engine               - isUserProfileEnabled: false
17:45:27.910 [FXGL Background Thread 3 ] DEBUG Engine               - isWindows: false
17:45:27.910 [FXGL Background Thread 3 ] DEBUG Engine               - language: ObjectProperty [value: ENGLISH]
17:45:27.910 [FXGL Background Thread 3 ] DEBUG Engine               - menuKey: ESCAPE
17:45:27.910 [FXGL Background Thread 3 ] DEBUG Engine               - mouseSensitivity: 0.2
17:45:27.911 [FXGL Background Thread 3 ] DEBUG Engine               - notificationViewClass: class com.almasb.fxgl.notification.view.XboxNotificationView
17:45:27.911 [FXGL Background Thread 3 ] DEBUG Engine               - pixelsPerMeter: 50.0
17:45:27.911 [FXGL Background Thread 3 ] DEBUG Engine               - platform: MAC
17:45:27.911 [FXGL Background Thread 3 ] DEBUG Engine               - prefHeightProperty: ReadOnlyDoubleProperty [value: 600.0]
17:45:27.911 [FXGL Background Thread 3 ] DEBUG Engine               - prefWidthProperty: ReadOnlyDoubleProperty [value: 450.0]
17:45:27.911 [FXGL Background Thread 3 ] DEBUG Engine               - profileDir: profiles/
17:45:27.912 [FXGL Background Thread 3 ] DEBUG Engine               - profileName: StringProperty [value: DEFAULT]
17:45:27.912 [FXGL Background Thread 3 ] DEBUG Engine               - randomSeed: -1
17:45:27.913 [FXGL Background Thread 3 ] DEBUG Engine               - runtimeInfo: RuntimeInfo(platform=MAC, version=17.2, build=20.08.2022 16.50)
17:45:27.913 [FXGL Background Thread 3 ] DEBUG Engine               - saveFileExt: sav
17:45:27.913 [FXGL Background Thread 3 ] DEBUG Engine               - scaledHeightProp$fxgl: DoubleProperty [bound, value: 600.0]
17:45:27.913 [FXGL Background Thread 3 ] DEBUG Engine               - scaledWidthProp$fxgl: DoubleProperty [bound, value: 450.0]
17:45:27.914 [FXGL Background Thread 3 ] DEBUG Engine               - sceneFactory: com.almasb.fxgl.app.scene.SceneFactory@399f064
17:45:27.914 [FXGL Background Thread 3 ] DEBUG Engine               - secondsIn24h: 60
17:45:27.914 [FXGL Background Thread 3 ] DEBUG Engine               - soundMenuBack: menu/back.wav
17:45:27.914 [FXGL Background Thread 3 ] DEBUG Engine               - soundMenuPress: menu/press.wav
17:45:27.914 [FXGL Background Thread 3 ] DEBUG Engine               - soundMenuSelect: menu/select.wav
17:45:27.915 [FXGL Background Thread 3 ] DEBUG Engine               - soundNotification: core/notification.wav
17:45:27.915 [FXGL Background Thread 3 ] DEBUG Engine               - stageStyle: DECORATED
17:45:27.915 [FXGL Background Thread 3 ] DEBUG Engine               - supportedLanguages: [ENGLISH, FRENCH, GERMAN, HUNGARIAN, RUSSIAN]
17:45:27.915 [FXGL Background Thread 3 ] DEBUG Engine               - ticksPerSecond: -1
17:45:27.915 [FXGL Background Thread 3 ] DEBUG Engine               - title: SpaceX Invader
17:45:27.916 [FXGL Background Thread 3 ] DEBUG Engine               - urlGithub: https://github.com/AlmasB/FXGL
17:45:27.916 [FXGL Background Thread 3 ] DEBUG Engine               - urlLeaderboard: http://fxgl-top.herokuapp.com/
17:45:27.916 [FXGL Background Thread 3 ] DEBUG Engine               - urlPOM: https://raw.githubusercontent.com/AlmasB/FXGL/release/README.md
17:45:27.916 [FXGL Background Thread 3 ] DEBUG Engine               - userAppClass: class com.ood.spacexinvader.GameStart
17:45:27.916 [FXGL Background Thread 3 ] DEBUG Engine               - version: 0.0
17:45:27.916 [FXGL Background Thread 3 ] DEBUG Engine               - versionCheckDays: 7
17:45:27.916 [FXGL Background Thread 3 ] DEBUG Engine               - width: 450
17:45:27.917 [FXGL Background Thread 3 ] DEBUG Engine               - Logging services
17:45:27.917 [FXGL Background Thread 3 ] DEBUG Engine               - class com.almasb.fxgl.app.services.FXGLAssetLoaderService
17:45:27.917 [FXGL Background Thread 3 ] DEBUG Engine               - class com.almasb.fxgl.app.FXGLApplication$GameApplicationService
17:45:27.917 [FXGL Background Thread 3 ] DEBUG Engine               - class com.almasb.fxgl.app.services.FXGLDialogService
17:45:27.917 [FXGL Background Thread 3 ] DEBUG Engine               - class com.almasb.fxgl.app.services.IOTaskExecutorService
17:45:27.917 [FXGL Background Thread 3 ] DEBUG Engine               - class com.almasb.fxgl.io.FileSystemService
17:45:27.917 [FXGL Background Thread 3 ] DEBUG Engine               - class com.almasb.fxgl.localization.LocalizationService
17:45:27.918 [FXGL Background Thread 3 ] DEBUG Engine               - class com.almasb.fxgl.app.services.SystemBundleService
17:45:27.918 [FXGL Background Thread 3 ] DEBUG Engine               - class com.almasb.fxgl.profile.SaveLoadService
17:45:27.918 [FXGL Background Thread 3 ] DEBUG Engine               - class com.almasb.fxgl.ui.FXGLUIFactoryServiceProvider
17:45:27.918 [FXGL Background Thread 3 ] DEBUG Engine               - class com.almasb.fxgl.ui.FXGLDialogFactoryServiceProvider
17:45:27.918 [FXGL Background Thread 3 ] DEBUG Engine               - class com.almasb.fxgl.audio.AudioPlayer
17:45:27.918 [FXGL Background Thread 3 ] DEBUG Engine               - class com.almasb.fxgl.notification.impl.NotificationServiceProvider
17:45:27.919 [FXGL Background Thread 3 ] DEBUG Engine               - class com.almasb.fxgl.achievement.AchievementService
17:45:27.919 [FXGL Background Thread 3 ] DEBUG Engine               - class com.almasb.fxgl.cutscene.CutsceneService
17:45:27.919 [FXGL Background Thread 3 ] DEBUG Engine               - class com.almasb.fxgl.minigames.MiniGameService
17:45:27.919 [FXGL Background Thread 3 ] DEBUG Engine               - class com.almasb.fxgl.net.NetService
17:45:27.919 [FXGL Background Thread 3 ] DEBUG Engine               - class com.almasb.fxgl.app.services.UpdaterService
17:45:27.919 [FXGL Background Thread 3 ] DEBUG Engine               - class com.almasb.fxgl.dev.DevService
17:47:20.045 [JavaFX Application Thread] DEBUG FXGLApplication      - Exiting FXGL
17:47:20.046 [JavaFX Application Thread] DEBUG LoopRunner           - Stopping loop
17:47:20.046 [JavaFX Application Thread] DEBUG SystemBundleService  - Saving FXGL system data
17:47:20.052 [JavaFX Application Thread] DEBUG FileSystemAccess     - Writing to: /Users/leowong/IdeaProjects/SpaceX-Invader/system/fxgl.bundle
17:47:20.055 [JavaFX Application Thread] DEBUG Async                - Shutting down background threads
17:47:20.056 [JavaFX Application Thread] DEBUG PrimaryStageWindow   - Closing main window
17:47:20.073 [JavaFX Application Thread] DEBUG Logger               - Closing Logger
